Failed to find a lemma for: (= ((_ extract 5 4) INV!slice!1_39_n)
   (bvmul #b11 ((_ extract 1 0) INV!slice!1_33_n)))
Available lemmas are: 18: (or (= INV!slice!1_26_n #b1)
    (not (= INV!slice!1_48_n #b1))
    (= ((_ extract 1 1) INV!slice!1_49_n) #b1))
19: (or (= INV!slice!1_32_n #b1)
    (= INV!slice!1_26_n #b1)
    (= INV!slice!1_49_n #b011))
20: (or (not ((_ bit2bool 0) INV!slice!1_49_n))
    (not ((_ bit2bool 13) INV!slice!1_10_n))
    ((_ bit2bool 40) INV!slice!1_10_n)
    ((_ bit2bool 26) INV!slice!1_10_n)
    (= ((_ extract 1 1) INV!slice!1_49_n) #b1))
21: (or (not ((_ bit2bool 0) INV!slice!1_49_n))
    ((_ bit2bool 30) INV!slice!1_10_n)
    (= ((_ extract 1 1) INV!slice!1_49_n) #b1)
    (not (= ((_ extract 2 2) INV!slice!1_5_n) #b1)))
22: (= ((_ extract 3 0) INV!slice!1_39_n) #x0)
23: (= (bvmul #b11 ((_ extract 1 0) INV!slice!1_33_n))
   ((_ extract 5 4) INV!slice!1_39_n))
24: (or (not ((_ bit2bool 0) INV!slice!1_49_n))
    (not ((_ bit2bool 29) INV!slice!1_10_n))
    ((_ bit2bool 15) INV!slice!1_10_n)
    ((_ bit2bool 14) INV!slice!1_10_n)
    ((_ bit2bool 1) INV!slice!1_10_n)
    (= ((_ extract 1 1) INV!slice!1_49_n) #b1))
25: (or (not ((_ bit2bool 2) INV!slice!1_10_n))
    (not ((_ bit2bool 33) INV!slice!1_20_n))
    (not (= ((_ extract 49 34) INV!slice!1_20_n) #x0000))
    (= ((_ extract 1 1) INV!slice!1_49_n) #b1)
    (= ((_ extract 15 15) INV!slice!1_20_n) #b1))
26: (or (not ((_ bit2bool 16) INV!slice!1_10_n))
    (not ((_ bit2bool 30) INV!slice!1_10_n))
    (not ((_ bit2bool 2) INV!slice!1_10_n))
    ((_ bit2bool 15) INV!slice!1_10_n)
    ((_ bit2bool 14) INV!slice!1_10_n)
    (= ((_ extract 1 1) INV!slice!1_49_n) #b1))
27: (and (= ((_ extract 3 0) INV!slice!1_39_n) #x0)
     (= ((_ extract 5 4) INV!slice!1_39_n)
        (bvmul #b11 ((_ extract 1 0) INV!slice!1_33_n))))
28: (or (not ((_ bit2bool 2) INV!slice!1_10_n))
    ((_ bit2bool 30) INV!slice!1_10_n)
    ((_ bit2bool 16) INV!slice!1_10_n)
    ((_ bit2bool 15) INV!slice!1_10_n)
    ((_ bit2bool 14) INV!slice!1_10_n)
    (= ((_ extract 1 1) INV!slice!1_49_n) #b1))
29: (or (not ((_ bit2bool 2) INV!slice!1_10_n))
    ((_ bit2bool 16) INV!slice!1_10_n)
    ((_ bit2bool 15) INV!slice!1_10_n)
    ((_ bit2bool 14) INV!slice!1_10_n)
    (= ((_ extract 1 1) INV!slice!1_49_n) #b1)
    ((_ bit2bool 2) INV!slice!1_5_n))
Simplified goal is:
0: (or (= INV!slice!1_26_n #b1)
    (not (= INV!slice!1_48_n #b1))
    (= ((_ extract 1 1) INV!slice!1_49_n) #b1))
1: (or (= INV!slice!1_32_n #b1)
    (= INV!slice!1_26_n #b1)
    (= INV!slice!1_49_n #b011))
2: (or (not ((_ bit2bool 0) INV!slice!1_49_n))
    (not ((_ bit2bool 13) INV!slice!1_10_n))
    ((_ bit2bool 40) INV!slice!1_10_n)
    ((_ bit2bool 26) INV!slice!1_10_n)
    (= ((_ extract 1 1) INV!slice!1_49_n) #b1))
3: (or (not ((_ bit2bool 0) INV!slice!1_49_n))
    ((_ bit2bool 30) INV!slice!1_10_n)
    (= ((_ extract 1 1) INV!slice!1_49_n) #b1)
    (not (= ((_ extract 2 2) INV!slice!1_5_n) #b1)))
4: (or (not ((_ bit2bool 0) INV!slice!1_49_n))
    (not ((_ bit2bool 29) INV!slice!1_10_n))
    ((_ bit2bool 15) INV!slice!1_10_n)
    ((_ bit2bool 14) INV!slice!1_10_n)
    ((_ bit2bool 1) INV!slice!1_10_n)
    (= ((_ extract 1 1) INV!slice!1_49_n) #b1))
5: (or (not ((_ bit2bool 2) INV!slice!1_10_n))
    (not ((_ bit2bool 33) INV!slice!1_20_n))
    (not (= ((_ extract 49 34) INV!slice!1_20_n) #x0000))
    (= ((_ extract 1 1) INV!slice!1_49_n) #b1)
    (= ((_ extract 15 15) INV!slice!1_20_n) #b1))
6: (or (not ((_ bit2bool 16) INV!slice!1_10_n))
    (not ((_ bit2bool 30) INV!slice!1_10_n))
    (not ((_ bit2bool 2) INV!slice!1_10_n))
    ((_ bit2bool 15) INV!slice!1_10_n)
    ((_ bit2bool 14) INV!slice!1_10_n)
    (= ((_ extract 1 1) INV!slice!1_49_n) #b1))
7: (= ((_ extract 3 0) INV!slice!1_39_n) #x0)
8: (= ((_ extract 5 4) INV!slice!1_39_n)
   (bvmul #b11 ((_ extract 1 0) INV!slice!1_33_n)))
9: (or (not ((_ bit2bool 2) INV!slice!1_10_n))
    ((_ bit2bool 30) INV!slice!1_10_n)
    ((_ bit2bool 16) INV!slice!1_10_n)
    ((_ bit2bool 15) INV!slice!1_10_n)
    ((_ bit2bool 14) INV!slice!1_10_n)
    (= ((_ extract 1 1) INV!slice!1_49_n) #b1))
10: (or (not ((_ bit2bool 2) INV!slice!1_10_n))
    ((_ bit2bool 16) INV!slice!1_10_n)
    ((_ bit2bool 15) INV!slice!1_10_n)
    ((_ bit2bool 14) INV!slice!1_10_n)
    (= ((_ extract 1 1) INV!slice!1_49_n) #b1)
    ((_ bit2bool 2) INV!slice!1_5_n))
Failed to verify: found
