Failed to find a lemma for: (= ((_ extract 7 6) INV!slice!1_22_n)
   (bvmul #b11 ((_ extract 1 0) INV!slice!1_4_n)))
Available lemmas are: 14: (let ((a!1 (and (= ((_ extract 5 0) INV!slice!1_22_n) #b000000)
                (= ((_ extract 7 6) INV!slice!1_22_n)
                   (bvmul #b11 ((_ extract 1 0) INV!slice!1_4_n))))))
  (or (not (= INV!slice!1_36_n #b0))
      (= ((_ extract 0 0) INV!slice!1_6_n) #b1)
      a!1))
15: (= ((_ extract 5 0) INV!slice!1_22_n) #b000000)
16: (and (= ((_ extract 5 0) INV!slice!1_22_n) #b000000)
     (= ((_ extract 7 6) INV!slice!1_22_n)
        (bvmul #b11 ((_ extract 1 0) INV!slice!1_4_n))))
17: (let ((a!1 (bvadd ((_ extract 30 2)
                    (bvadd ((_ extract 38 8) INV!slice!1_34_n)
                           (concat #x00 INV!slice!1_11_n)))
                  (concat #b0000000 INV!slice!1_44_n #b0))))
  (or ((_ bit2bool 17) INV!slice!1_44_n)
      ((_ bit2bool 8) INV!slice!1_44_n)
      ((_ bit2bool 14) INV!slice!1_44_n)
      ((_ bit2bool 19) INV!slice!1_44_n)
      ((_ bit2bool 18) INV!slice!1_44_n)
      ((_ bit2bool 6) INV!slice!1_44_n)
      ((_ bit2bool 3) INV!slice!1_44_n)
      ((_ bit2bool 2) INV!slice!1_44_n)
      ((_ bit2bool 11) INV!slice!1_44_n)
      ((_ bit2bool 9) INV!slice!1_44_n)
      ((_ bit2bool 12) INV!slice!1_44_n)
      ((_ bit2bool 16) INV!slice!1_44_n)
      ((_ bit2bool 7) INV!slice!1_44_n)
      ((_ bit2bool 1) INV!slice!1_44_n)
      ((_ bit2bool 5) INV!slice!1_44_n)
      ((_ bit2bool 4) INV!slice!1_44_n)
      ((_ bit2bool 13) INV!slice!1_44_n)
      ((_ bit2bool 15) INV!slice!1_44_n)
      ((_ bit2bool 10) INV!slice!1_44_n)
      (= ((_ extract 28 2) a!1) #b000000000000000000000000000)))
18: (= ((_ extract 5 4)
     (bvadd ((_ extract 38 6) INV!slice!1_22_n)
            (concat #b0000000000 INV!slice!1_4_n)))
   (bvmul #b11 ((_ extract 1 0) INV!slice!1_15_n)))
Simplified goal is:
0: (= ((_ extract 5 0) INV!slice!1_22_n) #b000000)
1: (= ((_ extract 7 6) INV!slice!1_22_n)
   (bvmul #b11 ((_ extract 1 0) INV!slice!1_4_n)))
2: (let ((a!1 (bvadd ((_ extract 30 2)
                    (bvadd ((_ extract 38 8) INV!slice!1_34_n)
                           (concat #x00 INV!slice!1_11_n)))
                  (concat #b0000000 INV!slice!1_44_n #b0))))
  (or ((_ bit2bool 17) INV!slice!1_44_n)
      ((_ bit2bool 8) INV!slice!1_44_n)
      ((_ bit2bool 14) INV!slice!1_44_n)
      ((_ bit2bool 19) INV!slice!1_44_n)
      ((_ bit2bool 18) INV!slice!1_44_n)
      ((_ bit2bool 6) INV!slice!1_44_n)
      ((_ bit2bool 3) INV!slice!1_44_n)
      ((_ bit2bool 2) INV!slice!1_44_n)
      ((_ bit2bool 11) INV!slice!1_44_n)
      ((_ bit2bool 9) INV!slice!1_44_n)
      ((_ bit2bool 12) INV!slice!1_44_n)
      ((_ bit2bool 16) INV!slice!1_44_n)
      ((_ bit2bool 7) INV!slice!1_44_n)
      ((_ bit2bool 1) INV!slice!1_44_n)
      ((_ bit2bool 5) INV!slice!1_44_n)
      ((_ bit2bool 4) INV!slice!1_44_n)
      ((_ bit2bool 13) INV!slice!1_44_n)
      ((_ bit2bool 15) INV!slice!1_44_n)
      ((_ bit2bool 10) INV!slice!1_44_n)
      (= ((_ extract 28 2) a!1) #b000000000000000000000000000)))
3: (= ((_ extract 5 4)
     (bvadd ((_ extract 38 6) INV!slice!1_22_n)
            (concat #b0000000000 INV!slice!1_4_n)))
   (bvmul #b11 ((_ extract 1 0) INV!slice!1_15_n)))
Failed to verify: found
