Failed to find a lemma for: (= ((_ extract 5 4) INV!slice!1_42_n)
   (bvmul #b11 ((_ extract 1 0) INV!slice!1_6_n)))
Available lemmas are: 7: (= INV!slice!1_26_n #b0)
8: (not ((_ bit2bool 0) INV!slice!1_26_n))
9: (not (= ((_ extract 0 0) INV!slice!1_45_n) #b1))
10: (not ((_ bit2bool 2) INV!slice!1_45_n))
11: (not ((_ bit2bool 20) INV!slice!1_45_n))
12: (or (= INV!slice!1_43_n #b0)
    ((_ bit2bool 0) INV!slice!1_39_n)
    (not ((_ bit2bool 0) INV!slice!1_18_n)))
13: (or (= INV!slice!1_39_n #b1) (= ((_ extract 0 0) INV!slice!1_7_n) #b1))
14: (or (= INV!slice!1_39_n #b1) (= INV!slice!1_7_n #b011))
15: (not ((_ bit2bool 3) INV!slice!1_3_n))
16: (not (= ((_ extract 9 9) INV!slice!1_45_n) #b1))
17: (not (= ((_ extract 6 6) INV!slice!1_45_n) #b1))
18: (not (= ((_ extract 3 3) INV!slice!1_45_n) #b1))
19: (not (= ((_ extract 4 4) INV!slice!1_45_n) #b1))
20: (not (= ((_ extract 5 5) INV!slice!1_45_n) #b1))
21: (not (= ((_ extract 10 10) INV!slice!1_45_n) #b1))
22: (not (= ((_ extract 7 7) INV!slice!1_45_n) #b1))
23: (not (= ((_ extract 8 8) INV!slice!1_45_n) #b1))
24: (not (= ((_ extract 16 16) INV!slice!1_45_n) #b1))
25: (not (= ((_ extract 13 13) INV!slice!1_45_n) #b1))
26: (not (= ((_ extract 12 12) INV!slice!1_45_n) #b1))
27: (not (= ((_ extract 14 14) INV!slice!1_45_n) #b1))
28: (not (= ((_ extract 15 15) INV!slice!1_45_n) #b1))
29: (not (= ((_ extract 17 17) INV!slice!1_45_n) #b1))
30: (not (= ((_ extract 19 19) INV!slice!1_45_n) #b1))
31: (not (= ((_ extract 18 18) INV!slice!1_45_n) #b1))
32: (or (= INV!slice!1_39_n #b1) (not ((_ bit2bool 3) INV!slice!1_3_n)))
33: (let ((a!1 (bvadd ((_ extract 34 6)
                    (bvadd (concat #x000 INV!slice!1_6_n)
                           ((_ extract 38 4) INV!slice!1_42_n)))
                  (concat #b0000000 INV!slice!1_45_n #b0))))
  (= ((_ extract 3 2) a!1) #b00))
34: (= (bvmul #b11 ((_ extract 1 0) INV!slice!1_6_n))
   ((_ extract 5 4) INV!slice!1_42_n))
35: (= ((_ extract 3 0) INV!slice!1_42_n) #x0)
36: (or (= INV!slice!1_39_n #b1) (not ((_ bit2bool 5) INV!slice!1_4_n)))
37: (= ((_ extract 34 10)
     (bvadd (concat #x000 INV!slice!1_6_n) ((_ extract 38 4) INV!slice!1_42_n)))
   (bvmul #b1111111111111111111111111 (concat #b000 INV!slice!1_45_n #b0)))
38: (and (= ((_ extract 3 0) INV!slice!1_42_n) #x0)
     (= ((_ extract 5 4) INV!slice!1_42_n)
        (bvmul #b11 ((_ extract 1 0) INV!slice!1_6_n))))
Simplified goal is:
0: (not ((_ bit2bool 0) INV!slice!1_26_n))
1: (not (= ((_ extract 0 0) INV!slice!1_45_n) #b1))
2: (not ((_ bit2bool 2) INV!slice!1_45_n))
3: (not ((_ bit2bool 20) INV!slice!1_45_n))
4: (or (= INV!slice!1_43_n #b0)
    ((_ bit2bool 0) INV!slice!1_39_n)
    (not ((_ bit2bool 0) INV!slice!1_18_n)))
5: (or (= INV!slice!1_39_n #b1) (= INV!slice!1_7_n #b011))
6: (not ((_ bit2bool 3) INV!slice!1_3_n))
7: (not (= ((_ extract 9 9) INV!slice!1_45_n) #b1))
8: (not (= ((_ extract 6 6) INV!slice!1_45_n) #b1))
9: (not (= ((_ extract 3 3) INV!slice!1_45_n) #b1))
10: (not (= ((_ extract 4 4) INV!slice!1_45_n) #b1))
11: (not (= ((_ extract 5 5) INV!slice!1_45_n) #b1))
12: (not (= ((_ extract 10 10) INV!slice!1_45_n) #b1))
13: (not (= ((_ extract 7 7) INV!slice!1_45_n) #b1))
14: (not (= ((_ extract 8 8) INV!slice!1_45_n) #b1))
15: (not (= ((_ extract 16 16) INV!slice!1_45_n) #b1))
16: (not (= ((_ extract 13 13) INV!slice!1_45_n) #b1))
17: (not (= ((_ extract 12 12) INV!slice!1_45_n) #b1))
18: (not (= ((_ extract 14 14) INV!slice!1_45_n) #b1))
19: (not (= ((_ extract 15 15) INV!slice!1_45_n) #b1))
20: (not (= ((_ extract 17 17) INV!slice!1_45_n) #b1))
21: (not (= ((_ extract 19 19) INV!slice!1_45_n) #b1))
22: (not (= ((_ extract 18 18) INV!slice!1_45_n) #b1))
23: (let ((a!1 (bvadd ((_ extract 34 6)
                    (bvadd (concat #x000 INV!slice!1_6_n)
                           ((_ extract 38 4) INV!slice!1_42_n)))
                  (concat #b0000000 INV!slice!1_45_n #b0))))
  (= ((_ extract 3 2) a!1) #b00))
24: (or (= INV!slice!1_39_n #b1) (not ((_ bit2bool 5) INV!slice!1_4_n)))
25: (= ((_ extract 34 10)
     (bvadd (concat #x000 INV!slice!1_6_n) ((_ extract 38 4) INV!slice!1_42_n)))
   (bvmul #b1111111111111111111111111 (concat #b000 INV!slice!1_45_n #b0)))
26: (= ((_ extract 3 0) INV!slice!1_42_n) #x0)
27: (= ((_ extract 5 4) INV!slice!1_42_n)
   (bvmul #b11 ((_ extract 1 0) INV!slice!1_6_n)))
Failed to verify: found
