Failed to find a lemma for: (= ((_ extract 7 6) INV!slice!1_43_n)
   (bvmul #b11 ((_ extract 1 0) INV!slice!1_55_n)))
Available lemmas are: 17: (or ((_ bit2bool 1) INV!slice!1_62_n)
    ((_ bit2bool 1) INV!slice!1_46_n)
    (not (= ((_ extract 22 20) INV!slice!1_62_n) #b010))
    (= ((_ extract 5 0) INV!slice!1_43_n) #b000000))
18: (= ((_ extract 5 0) INV!slice!1_43_n) #b000000)
19: (or (not ((_ bit2bool 0) INV!slice!1_60_n))
    ((_ bit2bool 13) INV!slice!1_8_n)
    ((_ bit2bool 0) INV!slice!1_8_n)
    (= ((_ extract 5 0) INV!slice!1_43_n) #b000000))
20: (and (= ((_ extract 5 0) INV!slice!1_43_n) #b000000)
     (= ((_ extract 7 6) INV!slice!1_43_n)
        (bvmul #b11 ((_ extract 1 0) INV!slice!1_55_n))))
21: (let ((a!1 (and (= ((_ extract 5 0) INV!slice!1_43_n) #b000000)
                (= ((_ extract 7 6) INV!slice!1_43_n)
                   (bvmul #b11 ((_ extract 1 0) INV!slice!1_55_n))))))
  (or (= ((_ extract 0 0) INV!slice!1_17_n) #b1)
      ((_ bit2bool 1) INV!slice!1_17_n)
      a!1))
22: (let ((a!1 (and (= ((_ extract 5 0) INV!slice!1_43_n) #b000000)
                (= ((_ extract 7 6) INV!slice!1_43_n)
                   (bvmul #b11 ((_ extract 1 0) INV!slice!1_55_n))))))
  (or (not (= ((_ extract 0 0) INV!slice!1_17_n) #b0)) a!1))
23: (or ((_ bit2bool 2) INV!slice!1_62_n)
    ((_ bit2bool 1) INV!slice!1_62_n)
    ((_ bit2bool 0) INV!slice!1_62_n)
    ((_ bit2bool 2) INV!slice!1_46_n)
    (= ((_ extract 5 0) INV!slice!1_43_n) #b000000)
    (not (= ((_ extract 22 22) INV!slice!1_62_n) #b1)))
24: (or (not (= INV!slice!1_36_n #b1))
    (= ((_ extract 5 0) INV!slice!1_43_n) #b000000))
25: (or (not ((_ bit2bool 20) INV!slice!1_62_n))
    ((_ bit2bool 0) INV!slice!1_62_n)
    ((_ bit2bool 0) INV!slice!1_46_n)
    (= ((_ extract 5 0) INV!slice!1_43_n) #b000000))
26: (or (= INV!slice!1_31_n #b1) (= ((_ extract 5 0) INV!slice!1_43_n) #b000000))
27: (let ((a!1 (and (= ((_ extract 5 0) INV!slice!1_43_n) #b000000)
                (= ((_ extract 7 6) INV!slice!1_43_n)
                   (bvmul #b11 ((_ extract 1 0) INV!slice!1_55_n))))))
  (or (not (= INV!slice!1_47_n #b1))
      (not ((_ bit2bool 14) INV!slice!1_8_n))
      a!1))
28: (let ((a!1 (and (= ((_ extract 5 0) INV!slice!1_43_n) #b000000)
                (= ((_ extract 7 6) INV!slice!1_43_n)
                   (bvmul #b11 ((_ extract 1 0) INV!slice!1_55_n))))))
  (or (not (= INV!slice!1_47_n #b1)) a!1))
29: (or (not (= INV!slice!1_36_n #b1))
    (not ((_ bit2bool 1) INV!slice!1_8_n))
    (= ((_ extract 3 0) INV!slice!1_21_n) #x0))
30: (or (not (= INV!slice!1_36_n #b1))
    (not ((_ bit2bool 1) INV!slice!1_8_n))
    (= ((_ extract 5 4) INV!slice!1_21_n)
       (bvmul #b11 ((_ extract 1 0) INV!slice!1_53_n))))
31: (or (not (= INV!slice!1_47_n #b0))
    ((_ bit2bool 1) INV!slice!1_62_n)
    ((_ bit2bool 1) INV!slice!1_46_n)
    (not (= ((_ extract 22 20) INV!slice!1_62_n) #b010))
    (= ((_ extract 5 4) INV!slice!1_21_n)
       (bvmul #b11 ((_ extract 1 0) INV!slice!1_53_n))))
32: (or (not (= INV!slice!1_47_n #b0))
    ((_ bit2bool 1) INV!slice!1_62_n)
    ((_ bit2bool 1) INV!slice!1_46_n)
    (not (= ((_ extract 22 20) INV!slice!1_62_n) #b010))
    (= ((_ extract 3 0) INV!slice!1_21_n) #x0))
33: (or (not (= INV!slice!1_47_n #b0))
    ((_ bit2bool 1) INV!slice!1_62_n)
    (not (= ((_ extract 39 20) INV!slice!1_62_n) #xffffe))
    ((_ bit2bool 1) INV!slice!1_46_n)
    (= ((_ extract 5 4) INV!slice!1_21_n)
       (bvmul #b11 ((_ extract 1 0) INV!slice!1_53_n))))
34: (or (not (= INV!slice!1_47_n #b0))
    (not ((_ bit2bool 22) INV!slice!1_62_n))
    ((_ bit2bool 2) INV!slice!1_62_n)
    ((_ bit2bool 1) INV!slice!1_62_n)
    ((_ bit2bool 0) INV!slice!1_62_n)
    ((_ bit2bool 2) INV!slice!1_46_n)
    (= ((_ extract 5 4) INV!slice!1_21_n)
       (bvmul #b11 ((_ extract 1 0) INV!slice!1_53_n))))
35: (or (not (= INV!slice!1_47_n #b0))
    (not ((_ bit2bool 20) INV!slice!1_62_n))
    ((_ bit2bool 0) INV!slice!1_62_n)
    ((_ bit2bool 0) INV!slice!1_46_n)
    (= ((_ extract 3 0) INV!slice!1_21_n) #x0))
36: (or (not (= INV!slice!1_31_n #b0))
    (not ((_ bit2bool 1) INV!slice!1_8_n))
    (= ((_ extract 5 4) INV!slice!1_21_n)
       (bvmul #b11 ((_ extract 1 0) INV!slice!1_53_n))))
37: (or (not (= INV!slice!1_75_n #b1))
    (not (= INV!slice!1_31_n #b0))
    (= ((_ extract 3 0) INV!slice!1_21_n) #x0))
38: (or (not (= INV!slice!1_31_n #b0))
    (not ((_ bit2bool 0) INV!slice!1_8_n))
    (= ((_ extract 5 4) INV!slice!1_21_n)
       (bvmul #b11 ((_ extract 1 0) INV!slice!1_53_n))))
39: (or (= INV!slice!1_31_n #b1)
    (not ((_ bit2bool 3) INV!slice!1_8_n))
    (= ((_ extract 5 4) INV!slice!1_21_n)
       (bvmul #b11 ((_ extract 1 0) INV!slice!1_53_n))))
40: (or (not (= INV!slice!1_47_n #b0))
    (not (= INV!slice!1_31_n #b0))
    (= ((_ extract 5 4) INV!slice!1_21_n)
       (bvmul #b11 ((_ extract 1 0) INV!slice!1_53_n))))
41: (or (not (= INV!slice!1_47_n #b0))
    ((_ bit2bool 0) INV!slice!1_8_n)
    (= ((_ extract 0 0) INV!slice!1_60_n) #b1)
    (not (= ((_ extract 13 13) INV!slice!1_8_n) #b1))
    (= ((_ extract 3 0) INV!slice!1_21_n) #x0))
42: (or (not (= INV!slice!1_47_n #b0))
    ((_ bit2bool 0) INV!slice!1_8_n)
    (= ((_ extract 0 0) INV!slice!1_60_n) #b1)
    (not (= ((_ extract 13 13) INV!slice!1_8_n) #b1))
    (= ((_ extract 5 4) INV!slice!1_21_n)
       (bvmul #b11 ((_ extract 1 0) INV!slice!1_53_n))))
43: (or (not (= INV!slice!1_47_n #b0))
    (not ((_ bit2bool 15) INV!slice!1_8_n))
    ((_ bit2bool 14) INV!slice!1_8_n)
    ((_ bit2bool 13) INV!slice!1_8_n)
    ((_ bit2bool 2) INV!slice!1_8_n)
    ((_ bit2bool 2) INV!slice!1_60_n)
    (= ((_ extract 3 0) INV!slice!1_21_n) #x0))
44: (or (not (= INV!slice!1_47_n #b0))
    (not ((_ bit2bool 15) INV!slice!1_8_n))
    ((_ bit2bool 14) INV!slice!1_8_n)
    ((_ bit2bool 13) INV!slice!1_8_n)
    ((_ bit2bool 2) INV!slice!1_8_n)
    ((_ bit2bool 2) INV!slice!1_60_n)
    (= ((_ extract 5 4) INV!slice!1_21_n)
       (bvmul #b11 ((_ extract 1 0) INV!slice!1_53_n))))
45: (or (not (= INV!slice!1_36_n #b1))
    (not ((_ bit2bool 2) INV!slice!1_8_n))
    (= ((_ extract 3 0) INV!slice!1_21_n) #x0))
46: (or (not (= INV!slice!1_47_n #b0))
    (not ((_ bit2bool 22) INV!slice!1_62_n))
    ((_ bit2bool 2) INV!slice!1_62_n)
    ((_ bit2bool 1) INV!slice!1_62_n)
    ((_ bit2bool 0) INV!slice!1_62_n)
    ((_ bit2bool 2) INV!slice!1_46_n)
    (= ((_ extract 3 0) INV!slice!1_21_n) #x0))
47: (or (not (= INV!slice!1_47_n #b0))
    (not ((_ bit2bool 21) INV!slice!1_62_n))
    ((_ bit2bool 1) INV!slice!1_62_n)
    ((_ bit2bool 0) INV!slice!1_62_n)
    (= ((_ extract 1 1) INV!slice!1_46_n) #b1)
    (= ((_ extract 3 0) INV!slice!1_21_n) #x0))
Simplified goal is:
0: (= ((_ extract 5 0) INV!slice!1_43_n) #b000000)
1: (= ((_ extract 7 6) INV!slice!1_43_n)
   (bvmul #b11 ((_ extract 1 0) INV!slice!1_55_n)))
2: (or (not (= INV!slice!1_36_n #b1))
    (not ((_ bit2bool 1) INV!slice!1_8_n))
    (= ((_ extract 3 0) INV!slice!1_21_n) #x0))
3: (or (not (= INV!slice!1_36_n #b1))
    (not ((_ bit2bool 1) INV!slice!1_8_n))
    (= ((_ extract 5 4) INV!slice!1_21_n)
       (bvmul #b11 ((_ extract 1 0) INV!slice!1_53_n))))
4: (or (not (= INV!slice!1_47_n #b0))
    ((_ bit2bool 1) INV!slice!1_62_n)
    ((_ bit2bool 1) INV!slice!1_46_n)
    (not (= ((_ extract 22 20) INV!slice!1_62_n) #b010))
    (= ((_ extract 5 4) INV!slice!1_21_n)
       (bvmul #b11 ((_ extract 1 0) INV!slice!1_53_n))))
5: (or (not (= INV!slice!1_47_n #b0))
    ((_ bit2bool 1) INV!slice!1_62_n)
    ((_ bit2bool 1) INV!slice!1_46_n)
    (not (= ((_ extract 22 20) INV!slice!1_62_n) #b010))
    (= ((_ extract 3 0) INV!slice!1_21_n) #x0))
6: (or (not (= INV!slice!1_47_n #b0))
    ((_ bit2bool 1) INV!slice!1_62_n)
    (not (= ((_ extract 39 20) INV!slice!1_62_n) #xffffe))
    ((_ bit2bool 1) INV!slice!1_46_n)
    (= ((_ extract 5 4) INV!slice!1_21_n)
       (bvmul #b11 ((_ extract 1 0) INV!slice!1_53_n))))
7: (or (not (= INV!slice!1_47_n #b0))
    (not ((_ bit2bool 22) INV!slice!1_62_n))
    ((_ bit2bool 2) INV!slice!1_62_n)
    ((_ bit2bool 1) INV!slice!1_62_n)
    ((_ bit2bool 0) INV!slice!1_62_n)
    ((_ bit2bool 2) INV!slice!1_46_n)
    (= ((_ extract 5 4) INV!slice!1_21_n)
       (bvmul #b11 ((_ extract 1 0) INV!slice!1_53_n))))
8: (or (not (= INV!slice!1_47_n #b0))
    (not ((_ bit2bool 20) INV!slice!1_62_n))
    ((_ bit2bool 0) INV!slice!1_62_n)
    ((_ bit2bool 0) INV!slice!1_46_n)
    (= ((_ extract 3 0) INV!slice!1_21_n) #x0))
9: (or (not (= INV!slice!1_31_n #b0))
    (not ((_ bit2bool 1) INV!slice!1_8_n))
    (= ((_ extract 5 4) INV!slice!1_21_n)
       (bvmul #b11 ((_ extract 1 0) INV!slice!1_53_n))))
10: (or (not (= INV!slice!1_75_n #b1))
    (not (= INV!slice!1_31_n #b0))
    (= ((_ extract 3 0) INV!slice!1_21_n) #x0))
11: (or (not (= INV!slice!1_31_n #b0))
    (not ((_ bit2bool 0) INV!slice!1_8_n))
    (= ((_ extract 5 4) INV!slice!1_21_n)
       (bvmul #b11 ((_ extract 1 0) INV!slice!1_53_n))))
12: (or (= INV!slice!1_31_n #b1)
    (not ((_ bit2bool 3) INV!slice!1_8_n))
    (= ((_ extract 5 4) INV!slice!1_21_n)
       (bvmul #b11 ((_ extract 1 0) INV!slice!1_53_n))))
13: (or (not (= INV!slice!1_47_n #b0))
    (not (= INV!slice!1_31_n #b0))
    (= ((_ extract 5 4) INV!slice!1_21_n)
       (bvmul #b11 ((_ extract 1 0) INV!slice!1_53_n))))
14: (or (not (= INV!slice!1_47_n #b0))
    ((_ bit2bool 0) INV!slice!1_8_n)
    (= ((_ extract 0 0) INV!slice!1_60_n) #b1)
    (not (= ((_ extract 13 13) INV!slice!1_8_n) #b1))
    (= ((_ extract 3 0) INV!slice!1_21_n) #x0))
15: (or (not (= INV!slice!1_47_n #b0))
    ((_ bit2bool 0) INV!slice!1_8_n)
    (= ((_ extract 0 0) INV!slice!1_60_n) #b1)
    (not (= ((_ extract 13 13) INV!slice!1_8_n) #b1))
    (= ((_ extract 5 4) INV!slice!1_21_n)
       (bvmul #b11 ((_ extract 1 0) INV!slice!1_53_n))))
16: (or (not (= INV!slice!1_47_n #b0))
    (not ((_ bit2bool 15) INV!slice!1_8_n))
    ((_ bit2bool 14) INV!slice!1_8_n)
    ((_ bit2bool 13) INV!slice!1_8_n)
    ((_ bit2bool 2) INV!slice!1_8_n)
    ((_ bit2bool 2) INV!slice!1_60_n)
    (= ((_ extract 3 0) INV!slice!1_21_n) #x0))
17: (or (not (= INV!slice!1_47_n #b0))
    (not ((_ bit2bool 15) INV!slice!1_8_n))
    ((_ bit2bool 14) INV!slice!1_8_n)
    ((_ bit2bool 13) INV!slice!1_8_n)
    ((_ bit2bool 2) INV!slice!1_8_n)
    ((_ bit2bool 2) INV!slice!1_60_n)
    (= ((_ extract 5 4) INV!slice!1_21_n)
       (bvmul #b11 ((_ extract 1 0) INV!slice!1_53_n))))
18: (or (not (= INV!slice!1_36_n #b1))
    (not ((_ bit2bool 2) INV!slice!1_8_n))
    (= ((_ extract 3 0) INV!slice!1_21_n) #x0))
19: (or (not (= INV!slice!1_47_n #b0))
    (not ((_ bit2bool 22) INV!slice!1_62_n))
    ((_ bit2bool 2) INV!slice!1_62_n)
    ((_ bit2bool 1) INV!slice!1_62_n)
    ((_ bit2bool 0) INV!slice!1_62_n)
    ((_ bit2bool 2) INV!slice!1_46_n)
    (= ((_ extract 3 0) INV!slice!1_21_n) #x0))
20: (or (not (= INV!slice!1_47_n #b0))
    (not ((_ bit2bool 21) INV!slice!1_62_n))
    ((_ bit2bool 1) INV!slice!1_62_n)
    ((_ bit2bool 0) INV!slice!1_62_n)
    (= ((_ extract 1 1) INV!slice!1_46_n) #b1)
    (= ((_ extract 3 0) INV!slice!1_21_n) #x0))
Failed to verify: found
