unsat
(forall ((A (_ BitVec 20))
         (B (_ BitVec 20))
         (C (_ BitVec 20))
         (D (_ BitVec 20))
         (E (_ BitVec 20))
         (F (_ BitVec 20))
         (G (_ BitVec 20))
         (H (_ BitVec 20))
         (I (_ BitVec 20))
         (J (_ BitVec 20))
         (K (_ BitVec 20))
         (L (_ BitVec 20))
         (M (_ BitVec 1))
         (N (_ BitVec 18))
         (O (_ BitVec 20))
         (P (_ BitVec 20))
         (Q (_ BitVec 20))
         (R (_ BitVec 1))
         (S (_ BitVec 20))
         (T (_ BitVec 20))
         (U (_ BitVec 20))
         (V (_ BitVec 20))
         (W (_ BitVec 20))
         (X (_ BitVec 18))
         (Y (_ BitVec 20))
         (Z (_ BitVec 20))
         (A1 (_ BitVec 20))
         (B1 (_ BitVec 20))
         (C1 (_ BitVec 20))
         (D1 (_ BitVec 1))
         (E1 (_ BitVec 20))
         (F1 (_ BitVec 20))
         (G1 (_ BitVec 20))
         (H1 (_ BitVec 22))
         (I1 (_ BitVec 20))
         (J1 (_ BitVec 1))
         (K1 (_ BitVec 20))
         (L1 (_ BitVec 20))
         (M1 (_ BitVec 1))
         (N1 (_ BitVec 38))
         (O1 (_ BitVec 20))
         (P1 (_ BitVec 20))
         (Q1 (_ BitVec 1))
         (R1 (_ BitVec 1))
         (S1 (_ BitVec 20))
         (T1 (_ BitVec 20))
         (U1 (_ BitVec 20))
         (V1 (_ BitVec 20))
         (W1 (_ BitVec 18))
         (X1 (_ BitVec 20))
         (Y1 (_ BitVec 20))
         (Z1 (_ BitVec 22))
         (A2 (_ BitVec 20))
         (B2 (_ BitVec 20))
         (C2 (_ BitVec 20))
         (D2 (_ BitVec 20))
         (E2 (_ BitVec 20))
         (F2 (_ BitVec 38))
         (G2 (_ BitVec 1))
         (H2 (_ BitVec 14))
         (I2 (_ BitVec 1))
         (J2 (_ BitVec 38))
         (K2 (_ BitVec 20))
         (L2 (_ BitVec 16))
         (M2 (_ BitVec 14))
         (N2 (_ BitVec 22))
         (O2 (_ BitVec 38))
         (P2 (_ BitVec 30))
         (Q2 (_ BitVec 30))
         (R2 (_ BitVec 20))
         (S2 (_ BitVec 1))
         (T2 (_ BitVec 20))
         (U2 (_ BitVec 20))
         (V2 (_ BitVec 20))
         (W2 (_ BitVec 20))
         (X2 (_ BitVec 20))
         (Y2 (_ BitVec 16))
         (Z2 (_ BitVec 30))
         (A3 (_ BitVec 1))
         (B3 (_ BitVec 38))
         (C3 (_ BitVec 30)))
  (! (let ((a!1 ((_ extract 22 2)
                  (bvadd (concat #b000 ((_ extract 21 2) Z1)) (concat #b0 H1))))
           (a!2 (or (not (= G1 #x00000))
                    (= ((_ extract 37 4) N1)
                       (bvmul #b1111111111111111111111111111111111
                              (concat #x000 N2)))))
           (a!3 (or (not (= C1 #x00000))
                    (= ((_ extract 3 2) Z1) (bvmul #b11 ((_ extract 1 0) H1))))))
     (let ((a!4 (and (or (= F2 #b00000000000000000000000000000000000000)
                         (not (= L #x00000)))
                     (or ((_ bit2bool 0) X)
                         ((_ bit2bool 0) N)
                         (not ((_ bit2bool 0) W1)))
                     (not ((_ bit2bool 0) M2))
                     (not ((_ bit2bool 1) M2))
                     (or (not ((_ bit2bool 0) M)) (not (= S2 #b0)))
                     (not (= ((_ extract 17 17) X) #b1))
                     (not (= ((_ extract 17 17) W1) #b1))
                     (not (= ((_ extract 17 17) N) #b1))
                     (or ((_ bit2bool 0) V)
                         ((_ bit2bool 0) P)
                         (not ((_ bit2bool 0) V1)))
                     (or (not (= C1 #x00000)) (= a!1 #b000000000000000000000))
                     a!2
                     (or (not (= C1 #x00000)) (= ((_ extract 1 0) Z1) #b00))
                     a!3
                     (or (not (= G1 #x00000)) (= ((_ extract 3 0) N1) #x0)))))
       (= (INV!slice!1 A
                       B
                       C
                       D
                       E
                       F
                       G
                       H
                       I
                       J
                       K
                       L
                       M
                       N
                       O
                       P
                       Q
                       R
                       S
                       T
                       U
                       V
                       W
                       X
                       Y
                       Z
                       A1
                       B1
                       C1
                       D1
                       E1
                       F1
                       G1
                       H1
                       I1
                       J1
                       K1
                       L1
                       M1
                       N1
                       O1
                       P1
                       Q1
                       R1
                       S1
                       T1
                       U1
                       V1
                       W1
                       X1
                       Y1
                       Z1
                       A2
                       B2
                       C2
                       D2
                       E2
                       F2
                       G2
                       H2
                       I2
                       J2
                       K2
                       L2
                       M2
                       N2
                       O2
                       P2
                       Q2
                       R2
                       S2
                       T2
                       U2
                       V2
                       W2
                       X2
                       Y2
                       Z2
                       A3
                       B3
                       C3)
          a!4)))
     :weight 0))
