Failed to find a lemma for: (= ((_ extract 3 0) INV!slice!1_43_n) #x0)
Available lemmas are: 9: (and (= ((_ extract 3 0) INV!slice!1_43_n) #x0)
     (= ((_ extract 34 4) INV!slice!1_43_n)
        (bvmul #b1111111111111111111111111111111 (concat #x00 INV!slice!1_52_n))))
10: (or (not (= INV!slice!1_44_n #b0))
    (not ((_ bit2bool 13) INV!slice!1_29_n))
    ((_ bit2bool 0) INV!slice!1_50_n)
    ((_ bit2bool 0) INV!slice!1_29_n)
    (= ((_ extract 1 0) INV!slice!1_54_n) #b00))
11: (or (not (= INV!slice!1_44_n #b0))
    (not ((_ bit2bool 13) INV!slice!1_29_n))
    ((_ bit2bool 0) INV!slice!1_50_n)
    (= (bvmul #b11 ((_ extract 1 0) INV!slice!1_54_n))
       ((_ extract 3 2) INV!slice!1_53_n))
    ((_ bit2bool 0) INV!slice!1_29_n))
12: (let ((a!1 ((_ extract 23 2)
             (bvadd (concat #b0 INV!slice!1_54_n)
                    (concat #b000 ((_ extract 22 2) INV!slice!1_53_n))))))
  (or (not (= INV!slice!1_44_n #b0))
      (not ((_ bit2bool 14) INV!slice!1_29_n))
      (= a!1 #b0000000000000000000000)
      ((_ bit2bool 0) INV!slice!1_29_n)
      ((_ bit2bool 1) INV!slice!1_29_n)
      (= ((_ extract 1 1) INV!slice!1_50_n) #b1)))
Simplified goal is:
0: (= ((_ extract 3 0) INV!slice!1_43_n) #x0)
1: (= ((_ extract 34 4) INV!slice!1_43_n)
   (bvmul #b1111111111111111111111111111111 (concat #x00 INV!slice!1_52_n)))
2: (or (not (= INV!slice!1_44_n #b0))
    (not ((_ bit2bool 13) INV!slice!1_29_n))
    ((_ bit2bool 0) INV!slice!1_50_n)
    ((_ bit2bool 0) INV!slice!1_29_n)
    (= ((_ extract 1 0) INV!slice!1_54_n) #b00))
3: (or (not (= INV!slice!1_44_n #b0))
    (not ((_ bit2bool 13) INV!slice!1_29_n))
    ((_ bit2bool 0) INV!slice!1_50_n)
    (= (bvmul #b11 ((_ extract 1 0) INV!slice!1_54_n))
       ((_ extract 3 2) INV!slice!1_53_n))
    ((_ bit2bool 0) INV!slice!1_29_n))
4: (let ((a!1 ((_ extract 23 2)
             (bvadd (concat #b0 INV!slice!1_54_n)
                    (concat #b000 ((_ extract 22 2) INV!slice!1_53_n))))))
  (or (not (= INV!slice!1_44_n #b0))
      (not ((_ bit2bool 14) INV!slice!1_29_n))
      (= a!1 #b0000000000000000000000)
      ((_ bit2bool 0) INV!slice!1_29_n)
      ((_ bit2bool 1) INV!slice!1_29_n)
      (= ((_ extract 1 1) INV!slice!1_50_n) #b1)))
Failed to verify: found
