unsat
(forall ((A (_ BitVec 21))
         (B (_ BitVec 21))
         (C (_ BitVec 21))
         (D (_ BitVec 21))
         (E (_ BitVec 21))
         (F (_ BitVec 1))
         (G (_ BitVec 1))
         (H (_ BitVec 1))
         (I (_ BitVec 21))
         (J (_ BitVec 14))
         (K (_ BitVec 1))
         (L (_ BitVec 21))
         (M (_ BitVec 26))
         (N (_ BitVec 21))
         (O (_ BitVec 21))
         (P (_ BitVec 21))
         (Q (_ BitVec 21))
         (R (_ BitVec 21))
         (S (_ BitVec 35))
         (T (_ BitVec 35))
         (U (_ BitVec 14))
         (V (_ BitVec 14))
         (W (_ BitVec 14))
         (X (_ BitVec 1))
         (Y (_ BitVec 35))
         (Z (_ BitVec 1))
         (A1 (_ BitVec 1))
         (B1 (_ BitVec 21))
         (C1 (_ BitVec 1))
         (D1 (_ BitVec 21))
         (E1 (_ BitVec 9))
         (F1 (_ BitVec 23))
         (G1 (_ BitVec 1))
         (H1 (_ BitVec 40))
         (I1 (_ BitVec 1))
         (J1 (_ BitVec 23))
         (K1 (_ BitVec 21))
         (L1 (_ BitVec 1))
         (M1 (_ BitVec 10))
         (N1 (_ BitVec 1))
         (O1 (_ BitVec 10))
         (P1 (_ BitVec 21))
         (Q1 (_ BitVec 1))
         (R1 (_ BitVec 21))
         (S1 (_ BitVec 14))
         (T1 (_ BitVec 14))
         (U1 (_ BitVec 21))
         (V1 (_ BitVec 1))
         (W1 (_ BitVec 21))
         (X1 (_ BitVec 21))
         (Y1 (_ BitVec 14))
         (Z1 (_ BitVec 21))
         (A2 (_ BitVec 21))
         (B2 (_ BitVec 21))
         (C2 (_ BitVec 21))
         (D2 (_ BitVec 35))
         (E2 (_ BitVec 35))
         (F2 (_ BitVec 21))
         (G2 (_ BitVec 21))
         (H2 (_ BitVec 1))
         (I2 (_ BitVec 1))
         (J2 (_ BitVec 40))
         (K2 (_ BitVec 21))
         (L2 (_ BitVec 21))
         (M2 (_ BitVec 21))
         (N2 (_ BitVec 23))
         (O2 (_ BitVec 10))
         (P2 (_ BitVec 23))
         (Q2 (_ BitVec 10))
         (R2 (_ BitVec 23))
         (S2 (_ BitVec 23))
         (T2 (_ BitVec 10))
         (U2 (_ BitVec 21))
         (V2 (_ BitVec 23))
         (W2 (_ BitVec 21))
         (X2 (_ BitVec 35))
         (Y2 (_ BitVec 14))
         (Z2 (_ BitVec 21))
         (A3 (_ BitVec 7))
         (B3 (_ BitVec 21))
         (C3 (_ BitVec 1))
         (D3 (_ BitVec 40))
         (E3 (_ BitVec 14))
         (F3 (_ BitVec 1))
         (G3 (_ BitVec 14))
         (H3 (_ BitVec 21))
         (I3 (_ BitVec 13))
         (J3 (_ BitVec 13))
         (K3 (_ BitVec 24))
         (L3 (_ BitVec 24))
         (M3 (_ BitVec 14))
         (N3 (_ BitVec 14))
         (O3 (_ BitVec 35))
         (P3 (_ BitVec 24))
         (Q3 (_ BitVec 1))
         (R3 (_ BitVec 40))
         (S3 (_ BitVec 24))
         (T3 (_ BitVec 1)))
  (! (let ((a!1 (bvadd ((_ extract 8 0) Q)
                       ((_ extract 14 6)
                         (bvadd (concat #b000000 P2) ((_ extract 34 6) E2)))))
           (a!3 (or (not (= K #b1))
                    (= ((_ extract 0 0) B3) #b1)
                    (not (= ((_ extract 0 0) G2) #b1))))
           (a!4 (ite (= ((_ extract 20 20) G2) #b1)
                     (= ((_ extract 2 2) (bvmul #b111111111111111111111 G2))
                        #b1)
                     (= ((_ extract 2 2) G2) #b1)))
           (a!5 (ite (= ((_ extract 13 13) Y2) #b1)
                     (= ((_ extract 2 2) (bvmul #b11111111111111 Y2)) #b1)
                     (= ((_ extract 2 2) Y2) #b1)))
           (a!7 (or (= N3 #b00000000000000)
                    ((_ bit2bool 16) M)
                    ((_ bit2bool 3) M)
                    (not ((_ bit2bool 2) M))
                    (not (= ((_ extract 15 15) M) #b1))
                    (= ((_ extract 3 3) Y2) #b1)))
           (a!8 (= ((_ extract 3 2)
                     (bvadd (concat #b000000 P2) ((_ extract 34 6) E2)))
                   #b00))
           (a!9 (= ((_ extract 5 4)
                     (bvadd (concat #x00 N2) ((_ extract 34 4) D2)))
                   #b00))
           (a!10 (or (= T1 #b00000000000000)
                     ((_ bit2bool 2) Y2)
                     ((_ bit2bool 2) M)
                     (not ((_ bit2bool 1) M))
                     (not (= ((_ extract 15 13) M) #b010))))
           (a!11 (= ((_ extract 5 4)
                      (bvadd (concat #b000000 P2) ((_ extract 34 6) E2)))
                    #b00))
           (a!12 (= ((_ extract 7 6)
                      (bvadd (concat #x00 N2) ((_ extract 34 4) D2)))
                    #b00))
           (a!13 (bvadd (concat #b00 Q)
                        ((_ extract 28 6)
                          (bvadd (concat #b000000 P2) ((_ extract 34 6) E2)))))
           (a!14 (bvadd ((_ extract 24 2)
                          (bvadd (concat #b00 S2) ((_ extract 34 10) O3)))
                        (concat #b00 P)))
           (a!16 (bvnot (bvor (bvnot ((_ extract 19 0) U1))
                              (bvnot ((_ extract 20 1) U1)))))
           (a!21 (bvnot (bvor (bvnot ((_ extract 19 0) Q))
                              (bvnot ((_ extract 20 1) Q)))))
           (a!26 (bvadd ((_ extract 28 4)
                          (bvadd (concat #b000000 P2) ((_ extract 34 6) E2)))
                        (concat #x0 Q)))
           (a!29 (bvadd ((_ extract 26 2)
                          (bvadd (concat #x0 R2) ((_ extract 34 8) X2)))
                        (concat #b000 X1 #b0)))
           (a!30 (bvnot (bvor (bvnot ((_ extract 19 0) X1))
                              (bvnot ((_ extract 20 1) X1)))))
           (a!43 (bvadd ((_ extract 30 6)
                          (bvadd (concat #x00 N2) ((_ extract 34 4) D2)))
                        (concat #x0 U1)))
           (a!44 (bvadd ((_ extract 28 4)
                          (bvadd (concat #b000000 P2) ((_ extract 34 6) E2)))
                        (concat #b000 Q #b0)))
           (a!47 (bvadd ((_ extract 26 2)
                          (bvadd (concat #x0 R2) ((_ extract 34 8) X2)))
                        (concat #x0 X1)))
           (a!50 (or (= U #b00000000000000)
                     (not ((_ bit2bool 27) S))
                     (not ((_ bit2bool 28) S))
                     (not ((_ bit2bool 29) S))
                     (not ((_ bit2bool 30) S))
                     (not ((_ bit2bool 31) S))
                     (not ((_ bit2bool 32) S))
                     (not ((_ bit2bool 34) S))
                     (not (= ((_ extract 33 33) S) #b1))))
           (a!51 (= ((_ extract 19 19) (bvadd V2 ((_ extract 34 12) T))) #b1))
           (a!52 (= ((_ extract 20 20) (bvadd V2 ((_ extract 34 12) T))) #b1))
           (a!53 (= ((_ extract 18 18) (bvadd V2 ((_ extract 34 12) T))) #b1))
           (a!54 (= ((_ extract 16 16) (bvadd V2 ((_ extract 34 12) T))) #b1))
           (a!55 (= ((_ extract 17 17) (bvadd V2 ((_ extract 34 12) T))) #b1))
           (a!56 (= ((_ extract 21 21) (bvadd V2 ((_ extract 34 12) T))) #b1))
           (a!57 (= ((_ extract 15 15) (bvadd V2 ((_ extract 34 12) T))) #b1))
           (a!58 (= ((_ extract 22 22) (bvadd V2 ((_ extract 34 12) T))) #b1))
           (a!59 (bvnot (bvor (bvnot ((_ extract 19 0) P))
                              (bvnot ((_ extract 20 1) P)))))
           (a!63 (= ((_ extract 20 20)
                      (bvadd (concat #x0 R2) ((_ extract 34 8) X2)))
                    #b1))
           (a!65 (or (= G3 #b00000000000000)
                     ((_ bit2bool 1) G2)
                     (not ((_ bit2bool 1) D3))
                     (not (= ((_ extract 22 20) D3) #b000))))
           (a!66 (bvadd ((_ extract 24 2)
                          (bvadd (concat #b00 S2) ((_ extract 34 10) O3)))
                        (concat #b0 P #b0)))
           (a!68 (or (= G3 #b00000000000000)
                     ((_ bit2bool 2) G2)
                     (not ((_ bit2bool 2) D3))
                     (not (= ((_ extract 22 20) D3) #b000))))
           (a!69 (= ((_ extract 17 17)
                      (bvadd (concat #b00 S2) ((_ extract 34 10) O3)))
                    #b1))
           (a!70 (= ((_ extract 22 22)
                      (bvadd (concat #b00 S2) ((_ extract 34 10) O3)))
                    #b1))
           (a!71 (= ((_ extract 19 19)
                      (bvadd (concat #b00 S2) ((_ extract 34 10) O3)))
                    #b1))
           (a!72 (= ((_ extract 18 18)
                      (bvadd (concat #b00 S2) ((_ extract 34 10) O3)))
                    #b1))
           (a!73 (= ((_ extract 20 20)
                      (bvadd (concat #b00 S2) ((_ extract 34 10) O3)))
                    #b1))
           (a!74 (bvadd ((_ extract 30 6)
                          (bvadd (concat #x00 N2) ((_ extract 34 4) D2)))
                        (concat #b000 U1 #b0)))
           (a!77 (bvadd ((_ extract 1 0) Q)
                        ((_ extract 5 4)
                          (bvadd (concat #b000000 P2) ((_ extract 34 6) E2)))))
           (a!79 ((_ extract 5 4)
                   (bvadd (concat #b000 ((_ extract 22 2) J1)) (concat #b0 F1))))
           (a!80 (= ((_ extract 3 2)
                      (bvadd (concat #x00 N2) ((_ extract 34 4) D2)))
                    #b00))
           (a!81 ((_ extract 23 8)
                   (bvadd (concat #b000 ((_ extract 22 2) J1)) (concat #b0 F1))))
           (a!83 ((_ extract 9 8)
                   (bvadd (concat #b000 ((_ extract 22 2) J1)) (concat #b0 F1))))
           (a!84 ((_ extract 7 2)
                   (bvadd (concat #b000 ((_ extract 22 2) J1)) (concat #b0 F1))))
           (a!88 (bvnot (bvor (bvnot ((_ extract 6 0) R))
                              (bvnot ((_ extract 7 1) R)))))
           (a!92 (= ((_ extract 30 8)
                      (bvadd (concat #x00 N2) ((_ extract 34 4) D2)))
                    #b00000000000000000000000))
           (a!93 ((_ extract 23 10)
                   (bvadd (concat #b000 ((_ extract 22 2) J1)) (concat #b0 F1))))
           (a!94 (= ((_ extract 28 6)
                      (bvadd (concat #b000000 P2) ((_ extract 34 6) E2)))
                    #b00000000000000000000000))
           (a!95 (bvadd ((_ extract 7 6)
                          (bvadd (concat #x00 N2) ((_ extract 34 4) D2)))
                        (concat ((_ extract 0 0) U1) #b0)))
           (a!97 (bvadd ((_ extract 5 4)
                          (bvadd (concat #b000000 P2) ((_ extract 34 6) E2)))
                        (concat ((_ extract 0 0) Q) #b0)))
           (a!99 ((_ extract 9 2)
                   (bvadd (concat #b000 ((_ extract 22 2) J1)) (concat #b0 F1))))
           (a!101 (bvadd ((_ extract 1 0) U1)
                         ((_ extract 7 6)
                           (bvadd (concat #x00 N2) ((_ extract 34 4) D2)))))
           (a!103 (bvadd ((_ extract 3 2)
                           (bvadd (concat #x0 R2) ((_ extract 34 8) X2)))
                         (concat ((_ extract 0 0) X1) #b0)))
           (a!105 (= ((_ extract 26 4)
                       (bvadd (concat #x0 R2) ((_ extract 34 8) X2)))
                     #b00000000000000000000000))
           (a!106 (bvadd ((_ extract 3 2)
                           (bvadd (concat #x0 R2) ((_ extract 34 8) X2)))
                         ((_ extract 1 0) X1)))
           (a!108 (or ((_ bit2bool 22) M)
                      ((_ bit2bool 23) M)
                      (= W #b00000000000000)
                      (not ((_ bit2bool 2) M))
                      (not ((_ bit2bool 10) Y2))
                      (not (= ((_ extract 11 3) M) #b000000000))))
           (a!109 (concat ((_ extract 10 2)
                            (bvadd ((_ extract 34 10) X2) (concat #x0 X1)))
                          (bvadd ((_ extract 11 10) X2) ((_ extract 1 0) X1))
                          ((_ extract 9 0) X2)))
           (a!110 (= ((_ extract 24 2)
                       (bvadd ((_ extract 34 10) X2) (concat #x0 X1)))
                     #b00000000000000000000000))
           (a!111 (or (= U2 #b000000000000000000000)
                      (= U2 #b000000000000000000001)
                      (not (= ((_ extract 19 1) U1) #b0000000000000000000))))
           (a!112 (or (= W #b00000000000000)
                      (not ((_ bit2bool 22) D3))
                      (not ((_ bit2bool 2) D3))
                      (not ((_ bit2bool 1) D3))
                      (not (= ((_ extract 2 0) G2) #b000))))
           (a!113 (or (= Y1 #b00000000000000)
                      ((_ bit2bool 2) G2)
                      (not ((_ bit2bool 2) D3))
                      (not (= ((_ extract 22 20) D3) #b000))))
           (a!128 (bvnot (bvor (bvnot ((_ extract 6 0) U1))
                               (bvnot ((_ extract 7 1) U1)))))
           (a!131 (= (concat (bvadd ((_ extract 20 12) T) ((_ extract 8 0) V2))
                             ((_ extract 11 0) T))
                     Z2))
           (a!132 (concat ((_ extract 14 2)
                            (bvadd (concat #b000000 P2) ((_ extract 34 6) E2)))
                          (bvadd ((_ extract 1 0) P2) ((_ extract 7 6) E2))
                          ((_ extract 5 0) E2)))
           (a!133 (or (= J #b00000000000000)
                      (= F2 #b000000000000000000000)
                      (= J #b00000000000001)
                      (not (= ((_ extract 29 29) Y) #b1))
                      (not ((_ bit2bool 32) Y))
                      (not ((_ bit2bool 31) Y))
                      (not ((_ bit2bool 27) Y))
                      (not ((_ bit2bool 33) Y))
                      (not ((_ bit2bool 34) Y))
                      (not ((_ bit2bool 30) Y))
                      (not ((_ bit2bool 28) Y))
                      (not (= ((_ extract 20 0) Y)
                              (bvmul #b111111111111111111111 F2)))))
           (a!134 (ite (= ((_ extract 6 6) A3) #b1)
                       (= ((_ extract 27 27)
                            (bvmul #b11111111111111111111111111111111111 S))
                          #b1)
                       (= ((_ extract 27 27) S) #b1)))
           (a!135 (ite (= ((_ extract 6 6) A3) #b1)
                       (= ((_ extract 34 34)
                            (bvmul #b11111111111111111111111111111111111 S))
                          #b1)
                       (= ((_ extract 34 34) S) #b1)))
           (a!136 (ite (= ((_ extract 6 6) A3) #b1)
                       (= ((_ extract 31 31)
                            (bvmul #b11111111111111111111111111111111111 S))
                          #b1)
                       (= ((_ extract 31 31) S) #b1)))
           (a!137 (ite (= ((_ extract 6 6) A3) #b1)
                       (= ((_ extract 28 28)
                            (bvmul #b11111111111111111111111111111111111 S))
                          #b1)
                       (= ((_ extract 28 28) S) #b1)))
           (a!138 (= (ite (= ((_ extract 6 6) A3) #b1)
                          (bvmul #b111111111111111111111 ((_ extract 20 0) S))
                          ((_ extract 20 0) S))
                     (bvmul #b111111111111111111111 W2)))
           (a!139 (ite (= ((_ extract 6 6) A3) #b1)
                       (= ((_ extract 30 30)
                            (bvmul #b11111111111111111111111111111111111 S))
                          #b1)
                       (= ((_ extract 30 30) S) #b1)))
           (a!140 (ite (= ((_ extract 6 6) A3) #b1)
                       (= ((_ extract 32 32)
                            (bvmul #b11111111111111111111111111111111111 S))
                          #b1)
                       (= ((_ extract 32 32) S) #b1)))
           (a!141 (ite (= ((_ extract 6 6) A3) #b1)
                       (= ((_ extract 29 29)
                            (bvmul #b11111111111111111111111111111111111 S))
                          #b1)
                       (= ((_ extract 29 29) S) #b1)))
           (a!142 (ite (= ((_ extract 6 6) A3) #b1)
                       (= ((_ extract 33 33)
                            (bvmul #b11111111111111111111111111111111111 S))
                          #b1)
                       (= ((_ extract 33 33) S) #b1)))
           (a!143 ((_ extract 7 6)
                    (bvadd (concat #b000 ((_ extract 22 2) J1)) (concat #b0 F1))))
           (a!144 (or (not (= ((_ extract 20 0) J1) P1))
                      (= ((_ extract 5 4) J1) #b00)))
           (a!145 ((_ extract 18 2)
                    (bvadd (concat #b000 ((_ extract 22 2) J1)) (concat #b0 F1))))
           (a!148 (concat ((_ extract 16 2)
                            (bvadd (concat #x00 N2) ((_ extract 34 4) D2)))
                          (bvadd ((_ extract 5 4) D2) ((_ extract 1 0) N2))
                          ((_ extract 3 0) D2)))
           (a!149 (= ((_ extract 3 2)
                       (bvadd (concat #x0 R2) ((_ extract 34 8) X2)))
                     #b00))
           (a!150 (or (= I #b000000000000000000000)
                      (= T1 #b00000000000001)
                      (not (= I ((_ extract 20 0) X2)))))
           (a!151 (bvadd ((_ extract 8 0) X1)
                         ((_ extract 12 4)
                           (bvadd (concat #x0 R2) ((_ extract 34 8) X2)))))
           (a!153 (bvadd ((_ extract 10 2)
                           (bvadd (concat #b00 S2) ((_ extract 34 10) O3)))
                         ((_ extract 8 0) P)))
           (a!155 (concat ((_ extract 12 2)
                            (bvadd (concat #x0 R2) ((_ extract 34 8) X2)))
                          (bvadd ((_ extract 1 0) R2) ((_ extract 9 8) X2))
                          ((_ extract 7 0) X2)))
           (a!156 (concat ((_ extract 10 2)
                            (bvadd (concat #b00 S2) ((_ extract 34 10) O3)))
                          (bvadd ((_ extract 11 10) O3) ((_ extract 1 0) S2))
                          ((_ extract 9 0) O3)))
           (a!162 (bvnot (bvor (bvnot ((_ extract 6 0) Q))
                               (bvnot ((_ extract 7 1) Q)))))
           (a!172 (bvnot (bvor (bvnot ((_ extract 6 0) X1))
                               (bvnot ((_ extract 7 1) X1)))))
           (a!176 (or (= W #b00000000000000)
                      (not ((_ bit2bool 0) M))
                      (not (= ((_ extract 0 0) Y2) #b1))
                      (not (= ((_ extract 13 13) M) #b1))))
           (a!177 (or (= W #b00000000000000)
                      (not ((_ bit2bool 20) D3))
                      (not ((_ bit2bool 21) D3))
                      (not ((_ bit2bool 1) D3))
                      (not (= ((_ extract 2 0) G2) #b000))))
           (a!178 (or ((_ bit2bool 1) M)
                      ((_ bit2bool 16) M)
                      (= W #b00000000000000)
                      (not ((_ bit2bool 3) M))
                      (= ((_ extract 3 3) Y2) #b1)
                      (not (= ((_ extract 15 13) M) #b010))))
           (a!179 (or ((_ bit2bool 2) Y2)
                      (= W #b00000000000000)
                      (not ((_ bit2bool 2) M))
                      (not (= ((_ extract 15 13) M) #b000))))
           (a!180 (or ((_ bit2bool 1) M)
                      ((_ bit2bool 2) Y2)
                      (= W #b00000000000000)
                      (not ((_ bit2bool 2) M))
                      (not (= ((_ extract 15 13) M) #b010))))
           (a!181 (or ((_ bit2bool 16) M)
                      (= W #b00000000000000)
                      (not ((_ bit2bool 3) M))
                      (not (= ((_ extract 15 15) M) #b1))
                      (not (= Y2 #b11111111111001))))
           (a!182 ((_ extract 18 10)
                    (bvadd (concat #b000 ((_ extract 22 2) J1)) (concat #b0 F1))))
           (a!254 (or (= Y1 #b00000000000000)
                      (not ((_ bit2bool 0) M))
                      (not ((_ bit2bool 0) Y2))
                      (not (= ((_ extract 13 13) M) #b1))))
           (a!256 (bvadd ((_ extract 16 8)
                           (bvadd (concat #x00 N2) ((_ extract 34 4) D2)))
                         ((_ extract 8 0) U1))))
     (let ((a!2 (concat a!1
                        ((_ extract 5 2)
                          (bvadd (concat #b000000 P2) ((_ extract 34 6) E2)))
                        (bvadd ((_ extract 1 0) P2) ((_ extract 7 6) E2))
                        ((_ extract 5 0) E2)))
           (a!6 (or (not (= ((_ extract 2 2) S1) #b1)) (= K #b0) a!5))
           (a!15 (or (not (= ((_ extract 22 22) a!14) #b1))
                     (not (= ((_ extract 19 19) a!14) #b1))
                     (not (= ((_ extract 20 20) a!14) #b1))))
           (a!17 (bvadd (concat #b0 a!16)
                        (concat #b0
                                ((_ extract 20 20) U1)
                                (bvxor ((_ extract 19 1) U1)
                                       ((_ extract 20 2) U1)))))
           (a!22 (bvadd (concat #b0
                                ((_ extract 20 20) Q)
                                (bvxor ((_ extract 19 1) Q)
                                       ((_ extract 20 2) Q)))
                        (concat #b0 a!21)))
           (a!31 (bvadd (concat #b0
                                ((_ extract 20 20) X1)
                                (bvxor ((_ extract 19 1) X1)
                                       ((_ extract 20 2) X1)))
                        (concat #b0 a!30)))
           (a!60 (bvadd (concat #b0
                                ((_ extract 20 20) P)
                                (bvxor ((_ extract 19 1) P)
                                       ((_ extract 20 2) P)))
                        (concat #b0 a!59)))
           (a!67 (or (not (= ((_ extract 19 19) a!66) #b1))
                     (not (= ((_ extract 22 22) a!66) #b1))
                     (not (= ((_ extract 20 20) a!66) #b1))
                     (not (= ((_ extract 21 21) a!66) #b1))))
           (a!78 (concat ((_ extract 10 2) a!26)
                         a!77
                         ((_ extract 3 2)
                           (bvadd (concat #b000000 P2) ((_ extract 34 6) E2)))
                         (bvadd ((_ extract 1 0) P2) ((_ extract 7 6) E2))
                         ((_ extract 5 0) E2)))
           (a!82 (= ((_ extract 24 2)
                      (bvadd (concat #b000 R #b0) (concat #b000000000 a!81)))
                    #b00000000000000000000000))
           (a!85 (concat ((_ extract 10 2)
                           (bvadd (concat #b000 R #b0)
                                  (concat #b000000000 a!81)))
                         (bvadd a!83 (concat ((_ extract 0 0) R) #b0))
                         a!84
                         (bvadd ((_ extract 3 2) J1) ((_ extract 1 0) F1))
                         ((_ extract 1 0) J1)))
           (a!86 (concat ((_ extract 10 2)
                           (bvadd (concat #b000000000 a!81) (concat #x0 R)))
                         (bvadd ((_ extract 1 0) R) a!83)
                         a!84
                         (bvadd ((_ extract 3 2) J1) ((_ extract 1 0) F1))
                         ((_ extract 1 0) J1)))
           (a!87 (= ((_ extract 24 2)
                      (bvadd (concat #b000000000 a!81) (concat #x0 R)))
                    #b00000000000000000000000))
           (a!89 (concat (bvadd a!88
                                (bvxor ((_ extract 7 1) R) ((_ extract 8 2) R)))
                         (bvxor ((_ extract 0 0) R) ((_ extract 1 1) R))
                         ((_ extract 0 0) R)))
           (a!96 (concat ((_ extract 10 2) a!74)
                         a!95
                         ((_ extract 5 2)
                           (bvadd (concat #x00 N2) ((_ extract 34 4) D2)))
                         (bvadd ((_ extract 5 4) D2) ((_ extract 1 0) N2))
                         ((_ extract 3 0) D2)))
           (a!98 (concat ((_ extract 10 2) a!44)
                         a!97
                         ((_ extract 3 2)
                           (bvadd (concat #b000000 P2) ((_ extract 34 6) E2)))
                         (bvadd ((_ extract 1 0) P2) ((_ extract 7 6) E2))
                         ((_ extract 5 0) E2)))
           (a!100 (concat ((_ extract 10 2)
                            (bvadd (concat #b000000000 a!81) (concat #x0 R)))
                          a!99
                          (bvadd ((_ extract 3 2) J1) ((_ extract 1 0) F1))
                          ((_ extract 1 0) J1)))
           (a!102 (concat ((_ extract 10 2) a!43)
                          a!101
                          ((_ extract 5 2)
                            (bvadd (concat #x00 N2) ((_ extract 34 4) D2)))
                          (bvadd ((_ extract 5 4) D2) ((_ extract 1 0) N2))
                          ((_ extract 3 0) D2)))
           (a!104 (= I
                     (concat ((_ extract 10 2) a!29)
                             a!103
                             (bvadd ((_ extract 1 0) R2) ((_ extract 9 8) X2))
                             ((_ extract 7 0) X2))))
           (a!107 (= I
                     (concat ((_ extract 10 2) a!47)
                             a!106
                             (bvadd ((_ extract 1 0) R2) ((_ extract 9 8) X2))
                             ((_ extract 7 0) X2))))
           (a!114 (bvadd (concat #b0 a!16)
                         (concat #b00
                                 (bvxor ((_ extract 19 1) U1)
                                        ((_ extract 20 2) U1)))))
           (a!129 (concat (bvadd (bvxor ((_ extract 7 1) U1)
                                        ((_ extract 8 2) U1))
                                 a!128)
                          (bvxor ((_ extract 0 0) U1) ((_ extract 1 1) U1))
                          ((_ extract 0 0) U1)))
           (a!146 (= P1
                     (concat a!145
                             (bvadd ((_ extract 3 2) J1) ((_ extract 1 0) F1))
                             ((_ extract 1 0) J1))))
           (a!152 (concat a!151
                          ((_ extract 3 2)
                            (bvadd (concat #x0 R2) ((_ extract 34 8) X2)))
                          (bvadd ((_ extract 1 0) R2) ((_ extract 9 8) X2))
                          ((_ extract 7 0) X2)))
           (a!154 (= K1
                     (concat a!153
                             (bvadd ((_ extract 11 10) O3) ((_ extract 1 0) S2))
                             ((_ extract 9 0) O3))))
           (a!163 (concat (bvadd (bvxor ((_ extract 7 1) Q) ((_ extract 8 2) Q))
                                 a!162)
                          (bvxor ((_ extract 0 0) Q) ((_ extract 1 1) Q))
                          ((_ extract 0 0) Q)))
           (a!173 (concat (bvadd (bvxor ((_ extract 7 1) X1)
                                        ((_ extract 8 2) X1))
                                 a!172)
                          (bvxor ((_ extract 0 0) X1) ((_ extract 1 1) X1))
                          ((_ extract 0 0) X1)))
           (a!255 (= (concat (bvadd a!182 ((_ extract 8 0) R))
                             a!99
                             (bvadd ((_ extract 3 2) J1) ((_ extract 1 0) F1))
                             ((_ extract 1 0) J1))
                     P1))
           (a!257 (concat a!256
                          ((_ extract 7 2)
                            (bvadd (concat #x00 N2) ((_ extract 34 4) D2)))
                          (bvadd ((_ extract 5 4) D2) ((_ extract 1 0) N2))
                          ((_ extract 3 0) D2))))
     (let ((a!18 (bvadd ((_ extract 30 6)
                          (bvadd (concat #x00 N2) ((_ extract 34 4) D2)))
                        (concat #b00
                                a!17
                                (bvxor ((_ extract 0 0) U1)
                                       ((_ extract 1 1) U1))
                                ((_ extract 0 0) U1))))
           (a!23 (bvadd ((_ extract 28 4)
                          (bvadd (concat #b000000 P2) ((_ extract 34 6) E2)))
                        (concat #b00
                                a!22
                                (bvxor ((_ extract 0 0) Q) ((_ extract 1 1) Q))
                                ((_ extract 0 0) Q))))
           (a!27 (bvadd (concat a!22
                                (bvxor ((_ extract 0 0) Q) ((_ extract 1 1) Q))
                                ((_ extract 0 0) Q))
                        ((_ extract 24 2) a!26)))
           (a!32 (bvadd ((_ extract 24 2) a!29)
                        (concat a!31
                                (bvxor ((_ extract 0 0) X1)
                                       ((_ extract 1 1) X1))
                                ((_ extract 0 0) X1))))
           (a!34 (bvadd ((_ extract 26 2)
                          (bvadd (concat #x0 R2) ((_ extract 34 8) X2)))
                        (concat #b00
                                a!31
                                (bvxor ((_ extract 0 0) X1)
                                       ((_ extract 1 1) X1))
                                ((_ extract 0 0) X1))))
           (a!37 (bvadd ((_ extract 26 4)
                          (bvadd (concat #x0 R2) ((_ extract 34 8) X2)))
                        (concat a!31
                                (bvxor ((_ extract 0 0) X1)
                                       ((_ extract 1 1) X1))
                                ((_ extract 0 0) X1))))
           (a!39 (bvadd (concat a!22
                                (bvxor ((_ extract 0 0) Q) ((_ extract 1 1) Q))
                                ((_ extract 0 0) Q))
                        ((_ extract 28 6)
                          (bvadd (concat #b000000 P2) ((_ extract 34 6) E2)))))
           (a!41 (bvadd (concat a!17
                                (bvxor ((_ extract 0 0) U1)
                                       ((_ extract 1 1) U1))
                                ((_ extract 0 0) U1))
                        ((_ extract 30 8)
                          (bvadd (concat #x00 N2) ((_ extract 34 4) D2)))))
           (a!45 (bvadd (concat a!22
                                (bvxor ((_ extract 0 0) Q) ((_ extract 1 1) Q))
                                ((_ extract 0 0) Q))
                        ((_ extract 24 2) a!44)))
           (a!48 (bvadd ((_ extract 24 2) a!47)
                        (concat a!31
                                (bvxor ((_ extract 0 0) X1)
                                       ((_ extract 1 1) X1))
                                ((_ extract 0 0) X1))))
           (a!61 (bvadd ((_ extract 24 2)
                          (bvadd (concat #b00 S2) ((_ extract 34 10) O3)))
                        (concat a!60
                                (bvxor ((_ extract 0 0) P) ((_ extract 1 1) P))
                                ((_ extract 0 0) P))))
           (a!75 (bvadd (concat a!17
                                (bvxor ((_ extract 0 0) U1)
                                       ((_ extract 1 1) U1))
                                ((_ extract 0 0) U1))
                        ((_ extract 24 2) a!74)))
           (a!90 (bvadd ((_ extract 10 2)
                          (bvadd (concat #b000 R #b0) (concat #b000000000 a!81)))
                        a!89))
           (a!115 (bvadd (concat a!114
                                 (bvxor ((_ extract 0 0) U1)
                                        ((_ extract 1 1) U1))
                                 ((_ extract 0 0) U1))
                         ((_ extract 24 2) a!74)))
           (a!130 (concat (bvadd a!129 ((_ extract 10 2) a!74))
                          a!95
                          ((_ extract 5 2)
                            (bvadd (concat #x00 N2) ((_ extract 34 4) D2)))
                          (bvadd ((_ extract 5 4) D2) ((_ extract 1 0) N2))
                          ((_ extract 3 0) D2)))
           (a!147 (or (= Y1 #b00000000000001)
                      (not a!146)
                      (= ((_ extract 3 2) J1) (bvmul #b11 ((_ extract 1 0) F1)))))
           (a!164 (concat (bvadd ((_ extract 10 2) a!44) a!163)
                          a!97
                          ((_ extract 3 2)
                            (bvadd (concat #b000000 P2) ((_ extract 34 6) E2)))
                          (bvadd ((_ extract 1 0) P2) ((_ extract 7 6) E2))
                          ((_ extract 5 0) E2)))
           (a!174 (= I
                     (concat (bvadd ((_ extract 10 2) a!29) a!173)
                             a!103
                             (bvadd ((_ extract 1 0) R2) ((_ extract 9 8) X2))
                             ((_ extract 7 0) X2))))
           (a!183 (= (concat (bvadd a!182 a!89)
                             a!99
                             (bvadd ((_ extract 3 2) J1) ((_ extract 1 0) F1))
                             ((_ extract 1 0) J1))
                     P1))
           (a!186 (bvadd ((_ extract 16 8)
                           (bvadd (concat #x00 N2) ((_ extract 34 4) D2)))
                         a!129))
           (a!198 (bvadd (concat a!22
                                 (bvxor ((_ extract 0 0) Q) ((_ extract 1 1) Q))
                                 ((_ extract 0 0) Q))
                         ((_ extract 34 12) E2)))
           (a!202 (= C2
                     (concat (bvadd ((_ extract 20 12) E2) a!163)
                             ((_ extract 11 0) E2))))
           (a!222 (bvadd ((_ extract 14 6)
                           (bvadd (concat #b000000 P2) ((_ extract 34 6) E2)))
                         a!163))
           (a!225 (bvadd ((_ extract 34 12) X2)
                         (concat a!31
                                 (bvxor ((_ extract 0 0) X1)
                                        ((_ extract 1 1) X1))
                                 ((_ extract 0 0) X1))))
           (a!235 (= (concat (bvadd ((_ extract 20 12) X2) a!173)
                             ((_ extract 11 0) X2))
                     I))
           (a!245 (bvadd ((_ extract 12 4)
                           (bvadd (concat #x0 R2) ((_ extract 34 8) X2)))
                         a!173)))
     (let ((a!19 (bvadd (concat a!17
                                (bvxor ((_ extract 0 0) U1)
                                       ((_ extract 1 1) U1))
                                ((_ extract 0 0) U1))
                        ((_ extract 24 2) a!18)))
           (a!24 (bvadd (concat a!22
                                (bvxor ((_ extract 0 0) Q) ((_ extract 1 1) Q))
                                ((_ extract 0 0) Q))
                        ((_ extract 24 2) a!23)))
           (a!28 (or (not (= ((_ extract 19 19) a!27) #b1))
                     (not (= ((_ extract 20 20) a!27) #b1))
                     (not (= ((_ extract 22 22) a!27) #b1))
                     (not (= ((_ extract 21 21) a!27) #b1))))
           (a!33 (or (not (= ((_ extract 21 21) a!32) #b1))
                     (not (= ((_ extract 22 22) a!32) #b1))
                     (not (= ((_ extract 20 20) a!32) #b1))
                     (not (= ((_ extract 19 19) a!32) #b1))))
           (a!35 (bvadd ((_ extract 24 2) a!34)
                        (concat a!31
                                (bvxor ((_ extract 0 0) X1)
                                       ((_ extract 1 1) X1))
                                ((_ extract 0 0) X1))))
           (a!38 (or (not (= ((_ extract 19 19) a!37) #b1))
                     (not (= ((_ extract 22 22) a!37) #b1))
                     (not (= ((_ extract 21 21) a!37) #b1))
                     (not (= ((_ extract 18 18) a!37) #b1))))
           (a!40 (or (not (= ((_ extract 18 18) a!39) #b1))
                     (not (= ((_ extract 22 22) a!39) #b1))
                     (not (= ((_ extract 21 21) a!39) #b1))
                     (not (= ((_ extract 19 19) a!39) #b1))))
           (a!42 (or (not (= ((_ extract 22 22) a!41) #b1))
                     (not (= ((_ extract 21 21) a!41) #b1))
                     (not (= ((_ extract 20 20) a!41) #b1))))
           (a!46 (or (not (= ((_ extract 21 21) a!45) #b1))
                     (not (= ((_ extract 22 22) a!45) #b1))
                     (not (= ((_ extract 19 19) a!45) #b1))
                     (not (= ((_ extract 20 20) a!45) #b1))))
           (a!49 (or (not (= ((_ extract 20 20) a!48) #b1))
                     (not (= ((_ extract 22 22) a!48) #b1))
                     (not (= ((_ extract 17 17) a!48) #b1))
                     (not (= ((_ extract 21 21) a!48) #b1))))
           (a!62 (or (= V #b00000000000000)
                     (not (= ((_ extract 20 20) a!61) #b1))
                     (not (= ((_ extract 18 18) a!61) #b1))
                     (not (= ((_ extract 21 21) a!61) #b1))
                     (not (= ((_ extract 17 17) a!61) #b1))
                     (not (= ((_ extract 19 19) a!61) #b1))
                     (not (= ((_ extract 22 22) a!61) #b1))))
           (a!64 (or (not (= ((_ extract 21 21) a!23) #b1))
                     (not (= ((_ extract 18 18) a!23) #b1))
                     (not (= ((_ extract 22 22) a!23) #b1))
                     (not (= ((_ extract 23 23) a!23) #b1))
                     (not (= ((_ extract 19 19) a!23) #b1))))
           (a!76 (or (not (= ((_ extract 19 19) a!75) #b1))
                     (not (= ((_ extract 21 21) a!75) #b1))
                     (not (= ((_ extract 20 20) a!75) #b1))
                     (not (= ((_ extract 22 22) a!75) #b1))))
           (a!91 (concat a!90
                         (bvadd a!83 (concat ((_ extract 0 0) R) #b0))
                         a!84
                         (bvadd ((_ extract 3 2) J1) ((_ extract 1 0) F1))
                         ((_ extract 1 0) J1)))
           (a!116 (concat a!115
                          a!95
                          ((_ extract 5 2)
                            (bvadd (concat #x00 N2) ((_ extract 34 4) D2)))
                          (bvadd ((_ extract 5 4) D2) ((_ extract 1 0) N2))
                          ((_ extract 3 0) D2)))
           (a!157 (concat a!45
                          a!97
                          ((_ extract 3 2)
                            (bvadd (concat #b000000 P2) ((_ extract 34 6) E2)))
                          (bvadd ((_ extract 1 0) P2) ((_ extract 7 6) E2))
                          ((_ extract 5 0) E2)))
           (a!171 (bvmul #b11111111111111111111111111111111111
                         (concat a!32
                                 a!103
                                 (bvadd ((_ extract 1 0) R2)
                                        ((_ extract 9 8) X2))
                                 ((_ extract 7 0) X2))))
           (a!184 (concat a!41
                          ((_ extract 7 2)
                            (bvadd (concat #x00 N2) ((_ extract 34 4) D2)))
                          (bvadd ((_ extract 5 4) D2) ((_ extract 1 0) N2))
                          ((_ extract 3 0) D2)))
           (a!187 (concat a!186
                          ((_ extract 7 2)
                            (bvadd (concat #x00 N2) ((_ extract 34 4) D2)))
                          (bvadd ((_ extract 5 4) D2) ((_ extract 1 0) N2))
                          ((_ extract 3 0) D2)))
           (a!199 ((_ extract 29 29)
                    (bvmul #b11111111111111111111111111111111111
                           (concat a!198 ((_ extract 11 0) E2)))))
           (a!200 ((_ extract 31 31)
                    (bvmul #b11111111111111111111111111111111111
                           (concat a!198 ((_ extract 11 0) E2)))))
           (a!201 ((_ extract 27 27)
                    (bvmul #b11111111111111111111111111111111111
                           (concat a!198 ((_ extract 11 0) E2)))))
           (a!203 ((_ extract 28 28)
                    (bvmul #b11111111111111111111111111111111111
                           (concat a!198 ((_ extract 11 0) E2)))))
           (a!204 ((_ extract 26 26)
                    (bvmul #b11111111111111111111111111111111111
                           (concat a!198 ((_ extract 11 0) E2)))))
           (a!205 ((_ extract 33 33)
                    (bvmul #b11111111111111111111111111111111111
                           (concat a!198 ((_ extract 11 0) E2)))))
           (a!206 ((_ extract 22 22)
                    (bvmul #b11111111111111111111111111111111111
                           (concat a!198 ((_ extract 11 0) E2)))))
           (a!207 ((_ extract 24 24)
                    (bvmul #b11111111111111111111111111111111111
                           (concat a!198 ((_ extract 11 0) E2)))))
           (a!208 ((_ extract 25 25)
                    (bvmul #b11111111111111111111111111111111111
                           (concat a!198 ((_ extract 11 0) E2)))))
           (a!209 ((_ extract 30 30)
                    (bvmul #b11111111111111111111111111111111111
                           (concat a!198 ((_ extract 11 0) E2)))))
           (a!210 ((_ extract 32 32)
                    (bvmul #b11111111111111111111111111111111111
                           (concat a!198 ((_ extract 11 0) E2)))))
           (a!211 (concat a!39
                          ((_ extract 5 2)
                            (bvadd (concat #b000000 P2) ((_ extract 34 6) E2)))
                          (bvadd ((_ extract 1 0) P2) ((_ extract 7 6) E2))
                          ((_ extract 5 0) E2)))
           (a!223 (concat a!222
                          ((_ extract 5 2)
                            (bvadd (concat #b000000 P2) ((_ extract 34 6) E2)))
                          (bvadd ((_ extract 1 0) P2) ((_ extract 7 6) E2))
                          ((_ extract 5 0) E2)))
           (a!226 ((_ extract 22 22)
                    (bvmul #b11111111111111111111111111111111111
                           (concat a!225 ((_ extract 11 0) X2)))))
           (a!227 ((_ extract 24 24)
                    (bvmul #b11111111111111111111111111111111111
                           (concat a!225 ((_ extract 11 0) X2)))))
           (a!228 ((_ extract 26 26)
                    (bvmul #b11111111111111111111111111111111111
                           (concat a!225 ((_ extract 11 0) X2)))))
           (a!229 ((_ extract 32 32)
                    (bvmul #b11111111111111111111111111111111111
                           (concat a!225 ((_ extract 11 0) X2)))))
           (a!230 ((_ extract 30 30)
                    (bvmul #b11111111111111111111111111111111111
                           (concat a!225 ((_ extract 11 0) X2)))))
           (a!231 ((_ extract 25 25)
                    (bvmul #b11111111111111111111111111111111111
                           (concat a!225 ((_ extract 11 0) X2)))))
           (a!232 ((_ extract 28 28)
                    (bvmul #b11111111111111111111111111111111111
                           (concat a!225 ((_ extract 11 0) X2)))))
           (a!233 ((_ extract 31 31)
                    (bvmul #b11111111111111111111111111111111111
                           (concat a!225 ((_ extract 11 0) X2)))))
           (a!234 ((_ extract 29 29)
                    (bvmul #b11111111111111111111111111111111111
                           (concat a!225 ((_ extract 11 0) X2)))))
           (a!236 ((_ extract 34 34)
                    (bvmul #b11111111111111111111111111111111111
                           (concat a!225 ((_ extract 11 0) X2)))))
           (a!237 ((_ extract 33 33)
                    (bvmul #b11111111111111111111111111111111111
                           (concat a!225 ((_ extract 11 0) X2)))))
           (a!238 ((_ extract 27 27)
                    (bvmul #b11111111111111111111111111111111111
                           (concat a!225 ((_ extract 11 0) X2)))))
           (a!239 (concat a!37
                          ((_ extract 3 2)
                            (bvadd (concat #x0 R2) ((_ extract 34 8) X2)))
                          (bvadd ((_ extract 1 0) R2) ((_ extract 9 8) X2))
                          ((_ extract 7 0) X2)))
           (a!246 (concat a!245
                          ((_ extract 3 2)
                            (bvadd (concat #x0 R2) ((_ extract 34 8) X2)))
                          (bvadd ((_ extract 1 0) R2) ((_ extract 9 8) X2))
                          ((_ extract 7 0) X2))))
     (let ((a!20 (or (not (= ((_ extract 22 22) a!19) #b1))
                     (not (= ((_ extract 20 20) a!19) #b1))
                     (not (= ((_ extract 21 21) a!19) #b1))
                     (not (= ((_ extract 19 19) a!19) #b1))
                     (not (= ((_ extract 18 18) a!19) #b1))))
           (a!25 (or (not (= ((_ extract 21 21) a!24) #b1))
                     (not (= ((_ extract 22 22) a!24) #b1))
                     (not (= ((_ extract 19 19) a!24) #b1))
                     (not (= ((_ extract 20 20) a!24) #b1))
                     (not (= ((_ extract 18 18) a!24) #b1))))
           (a!36 (or (= T1 #b00000000000000)
                     (not (= ((_ extract 20 20) a!35) #b1))
                     (not (= ((_ extract 21 21) a!35) #b1))
                     (not (= ((_ extract 18 18) a!35) #b1))
                     (not (= ((_ extract 19 19) a!35) #b1))
                     (not (= ((_ extract 22 22) a!35) #b1))))
           (a!117 (not (= ((_ extract 21 21)
                            (bvmul #b11111111111111111111111111111111111 a!116))
                          #b1)))
           (a!118 (not (= ((_ extract 31 31)
                            (bvmul #b11111111111111111111111111111111111 a!116))
                          #b1)))
           (a!119 (not (= ((_ extract 24 24)
                            (bvmul #b11111111111111111111111111111111111 a!116))
                          #b1)))
           (a!120 (not (= ((_ extract 30 30)
                            (bvmul #b11111111111111111111111111111111111 a!116))
                          #b1)))
           (a!121 (not (= ((_ extract 22 22)
                            (bvmul #b11111111111111111111111111111111111 a!116))
                          #b1)))
           (a!122 (not (= ((_ extract 26 26)
                            (bvmul #b11111111111111111111111111111111111 a!116))
                          #b1)))
           (a!123 (not (= ((_ extract 23 23)
                            (bvmul #b11111111111111111111111111111111111 a!116))
                          #b1)))
           (a!124 (not (= ((_ extract 33 33)
                            (bvmul #b11111111111111111111111111111111111 a!116))
                          #b1)))
           (a!125 (not (= ((_ extract 29 29)
                            (bvmul #b11111111111111111111111111111111111 a!116))
                          #b1)))
           (a!126 (not (= ((_ extract 34 34)
                            (bvmul #b11111111111111111111111111111111111 a!116))
                          #b1)))
           (a!127 (not (= ((_ extract 27 27)
                            (bvmul #b11111111111111111111111111111111111 a!116))
                          #b1)))
           (a!158 (not (= ((_ extract 22 22)
                            (bvmul #b11111111111111111111111111111111111 a!157))
                          #b1)))
           (a!159 (not (= ((_ extract 27 27)
                            (bvmul #b11111111111111111111111111111111111 a!157))
                          #b1)))
           (a!160 (not (= ((_ extract 29 29)
                            (bvmul #b11111111111111111111111111111111111 a!157))
                          #b1)))
           (a!161 (not (= ((_ extract 30 30)
                            (bvmul #b11111111111111111111111111111111111 a!157))
                          #b1)))
           (a!165 (not (= ((_ extract 21 21)
                            (bvmul #b11111111111111111111111111111111111 a!157))
                          #b1)))
           (a!166 (not (= ((_ extract 33 33)
                            (bvmul #b11111111111111111111111111111111111 a!157))
                          #b1)))
           (a!167 (not (= ((_ extract 24 24)
                            (bvmul #b11111111111111111111111111111111111 a!157))
                          #b1)))
           (a!168 (not (= ((_ extract 26 26)
                            (bvmul #b11111111111111111111111111111111111 a!157))
                          #b1)))
           (a!169 (not (= ((_ extract 23 23)
                            (bvmul #b11111111111111111111111111111111111 a!157))
                          #b1)))
           (a!170 (not (= ((_ extract 31 31)
                            (bvmul #b11111111111111111111111111111111111 a!157))
                          #b1)))
           (a!175 (or (not (= H2 #b1))
                      (not (= ((_ extract 34 34) a!171) #b1))
                      (not (= ((_ extract 24 24) a!171) #b1))
                      (not (= ((_ extract 21 21) a!171) #b1))
                      (not (= ((_ extract 30 30) a!171) #b1))
                      (not (= ((_ extract 31 31) a!171) #b1))
                      (not a!174)
                      (not (= ((_ extract 33 33) a!171) #b1))
                      (not (= ((_ extract 23 23) a!171) #b1))
                      (not (= ((_ extract 29 29) a!171) #b1))
                      (not (= ((_ extract 26 26) a!171) #b1))
                      (not (= ((_ extract 22 22) a!171) #b1))
                      (not (= ((_ extract 27 27) a!171) #b1))))
           (a!185 (not (= ((_ extract 28 28)
                            (bvmul #b11111111111111111111111111111111111 a!184))
                          #b1)))
           (a!188 (not (= ((_ extract 30 30)
                            (bvmul #b11111111111111111111111111111111111 a!184))
                          #b1)))
           (a!189 (not (= ((_ extract 32 32)
                            (bvmul #b11111111111111111111111111111111111 a!184))
                          #b1)))
           (a!190 (not (= ((_ extract 24 24)
                            (bvmul #b11111111111111111111111111111111111 a!184))
                          #b1)))
           (a!191 (not (= ((_ extract 33 33)
                            (bvmul #b11111111111111111111111111111111111 a!184))
                          #b1)))
           (a!192 (not (= ((_ extract 26 26)
                            (bvmul #b11111111111111111111111111111111111 a!184))
                          #b1)))
           (a!193 (not (= ((_ extract 27 27)
                            (bvmul #b11111111111111111111111111111111111 a!184))
                          #b1)))
           (a!194 (not (= ((_ extract 31 31)
                            (bvmul #b11111111111111111111111111111111111 a!184))
                          #b1)))
           (a!195 (not (= ((_ extract 25 25)
                            (bvmul #b11111111111111111111111111111111111 a!184))
                          #b1)))
           (a!196 (not (= ((_ extract 22 22)
                            (bvmul #b11111111111111111111111111111111111 a!184))
                          #b1)))
           (a!197 (not (= ((_ extract 29 29)
                            (bvmul #b11111111111111111111111111111111111 a!184))
                          #b1)))
           (a!212 (not (= ((_ extract 24 24)
                            (bvmul #b11111111111111111111111111111111111 a!211))
                          #b1)))
           (a!213 (not (= ((_ extract 29 29)
                            (bvmul #b11111111111111111111111111111111111 a!211))
                          #b1)))
           (a!214 (not (= ((_ extract 26 26)
                            (bvmul #b11111111111111111111111111111111111 a!211))
                          #b1)))
           (a!215 (not (= ((_ extract 30 30)
                            (bvmul #b11111111111111111111111111111111111 a!211))
                          #b1)))
           (a!216 (not (= ((_ extract 33 33)
                            (bvmul #b11111111111111111111111111111111111 a!211))
                          #b1)))
           (a!217 (not (= ((_ extract 27 27)
                            (bvmul #b11111111111111111111111111111111111 a!211))
                          #b1)))
           (a!218 (not (= ((_ extract 31 31)
                            (bvmul #b11111111111111111111111111111111111 a!211))
                          #b1)))
           (a!219 (not (= ((_ extract 32 32)
                            (bvmul #b11111111111111111111111111111111111 a!211))
                          #b1)))
           (a!220 (not (= ((_ extract 28 28)
                            (bvmul #b11111111111111111111111111111111111 a!211))
                          #b1)))
           (a!221 (not (= ((_ extract 22 22)
                            (bvmul #b11111111111111111111111111111111111 a!211))
                          #b1)))
           (a!224 (not (= ((_ extract 25 25)
                            (bvmul #b11111111111111111111111111111111111 a!211))
                          #b1)))
           (a!240 (not (= ((_ extract 31 31)
                            (bvmul #b11111111111111111111111111111111111 a!239))
                          #b1)))
           (a!241 (not (= ((_ extract 34 34)
                            (bvmul #b11111111111111111111111111111111111 a!239))
                          #b1)))
           (a!242 (not (= ((_ extract 32 32)
                            (bvmul #b11111111111111111111111111111111111 a!239))
                          #b1)))
           (a!243 (not (= ((_ extract 28 28)
                            (bvmul #b11111111111111111111111111111111111 a!239))
                          #b1)))
           (a!244 (not (= ((_ extract 24 24)
                            (bvmul #b11111111111111111111111111111111111 a!239))
                          #b1)))
           (a!247 (not (= ((_ extract 22 22)
                            (bvmul #b11111111111111111111111111111111111 a!239))
                          #b1)))
           (a!248 (not (= ((_ extract 25 25)
                            (bvmul #b11111111111111111111111111111111111 a!239))
                          #b1)))
           (a!249 (not (= ((_ extract 30 30)
                            (bvmul #b11111111111111111111111111111111111 a!239))
                          #b1)))
           (a!250 (not (= ((_ extract 33 33)
                            (bvmul #b11111111111111111111111111111111111 a!239))
                          #b1)))
           (a!251 (not (= ((_ extract 29 29)
                            (bvmul #b11111111111111111111111111111111111 a!239))
                          #b1)))
           (a!252 (not (= ((_ extract 27 27)
                            (bvmul #b11111111111111111111111111111111111 a!239))
                          #b1)))
           (a!253 (not (= ((_ extract 26 26)
                            (bvmul #b11111111111111111111111111111111111 a!239))
                          #b1))))
     (let ((a!258 (and (or (not (= C2 a!2)) (= C2 #b000000000000000000000))
                       (not ((_ bit2bool 1) Q2))
                       (not ((_ bit2bool 0) Q2))
                       (not ((_ bit2bool 3) O2))
                       (not ((_ bit2bool 2) O2))
                       (not ((_ bit2bool 1) O2))
                       (not ((_ bit2bool 0) O2))
                       (or (= F2 #b000000000000000000000)
                           (not (= Q1 #b1))
                           (= H2 #b0))
                       (not ((_ bit2bool 3) O1))
                       (not ((_ bit2bool 9) O1))
                       (not ((_ bit2bool 7) O1))
                       (not ((_ bit2bool 6) O1))
                       (not ((_ bit2bool 5) O1))
                       (not ((_ bit2bool 4) O1))
                       (not ((_ bit2bool 2) O1))
                       (not ((_ bit2bool 1) O1))
                       (not ((_ bit2bool 0) O1))
                       (or (not (= H2 #b0)) (= K #b0))
                       (or (not (= Q1 #b1)) (= K #b0))
                       (or (not ((_ bit2bool 1) Y2))
                           (not (= S1 #b00000000000000))
                           (= K #b0))
                       (or ((_ bit2bool 1) Y2)
                           (not (= H2 #b1))
                           ((_ bit2bool 13) Y2)
                           (not ((_ bit2bool 1) S1)))
                       a!3
                       (or (not (= K #b1)) ((_ bit2bool 2) B3) (not a!4))
                       (or (= K #b0)
                           (not ((_ bit2bool 0) S1))
                           (= ((_ extract 0 0) Y2) #b1))
                       a!6
                       (or (= N3 #b00000000000000)
                           ((_ bit2bool 1) M)
                           ((_ bit2bool 2) Y2)
                           ((_ bit2bool 0) M)
                           (not ((_ bit2bool 2) M))
                           (= ((_ extract 15 15) M) #b1))
                       a!7
                       (or (= F2 #b000000000000000000000)
                           ((_ bit2bool 0) S1)
                           (not (= H2 #b1))
                           (not ((_ bit2bool 0) Y2)))
                       (or (= Y #b00000000000000000000000000000000000)
                           (not (= H2 #b1))
                           ((_ bit2bool 2) S1)
                           ((_ bit2bool 13) Y2)
                           (not ((_ bit2bool 2) Y2)))
                       (or (= V #b00000000000000)
                           (not ((_ bit2bool 39) D3))
                           ((_ bit2bool 20) G2)
                           (not ((_ bit2bool 19) D3)))
                       (or ((_ bit2bool 0) Y2)
                           ((_ bit2bool 13) M)
                           (= V #b00000000000000)
                           (not ((_ bit2bool 0) M)))
                       (or (= V #b00000000000000)
                           ((_ bit2bool 13) Y2)
                           (not ((_ bit2bool 25) M))
                           (not ((_ bit2bool 12) M)))
                       (or ((_ bit2bool 1) Y2)
                           ((_ bit2bool 15) M)
                           (= V #b00000000000000)
                           (not ((_ bit2bool 2) M))
                           (not ((_ bit2bool 1) M))
                           (not ((_ bit2bool 2) Y2)))
                       (or (= V #b00000000000000)
                           ((_ bit2bool 1) D3)
                           ((_ bit2bool 0) D3)
                           ((_ bit2bool 2) G2)
                           (not ((_ bit2bool 2) D3))
                           (= ((_ extract 22 22) D3) #b1))
                       (or ((_ bit2bool 1) Y2)
                           (= V #b00000000000000)
                           (not ((_ bit2bool 13) M))
                           (not ((_ bit2bool 14) M))
                           (not ((_ bit2bool 1) M))
                           (not ((_ bit2bool 0) M)))
                       (or ((_ bit2bool 1) D3)
                           (= U #b00000000000000)
                           ((_ bit2bool 21) D3)
                           (not ((_ bit2bool 20) D3))
                           ((_ bit2bool 1) G2)
                           (not ((_ bit2bool 0) D3)))
                       (or (= U #b00000000000000)
                           (not ((_ bit2bool 0) D3))
                           (= ((_ extract 0 0) G2) #b1)
                           (= ((_ extract 20 20) D3) #b1))
                       (or ((_ bit2bool 22) D3)
                           (= U #b00000000000000)
                           ((_ bit2bool 2) D3)
                           (not ((_ bit2bool 20) D3))
                           (not ((_ bit2bool 21) D3))
                           ((_ bit2bool 2) G2)
                           (not ((_ bit2bool 0) D3)))
                       (or (= V #b00000000000000)
                           ((_ bit2bool 20) D3)
                           ((_ bit2bool 0) G2)
                           (not ((_ bit2bool 0) D3)))
                       (or (= V #b00000000000000)
                           (not ((_ bit2bool 20) D3))
                           (not ((_ bit2bool 21) D3))
                           ((_ bit2bool 1) G2)
                           (not ((_ bit2bool 1) D3))
                           (not ((_ bit2bool 0) D3)))
                       (or (= Z2 #b000000000000000000000)
                           ((_ bit2bool 1) M)
                           ((_ bit2bool 1) Y2)
                           ((_ bit2bool 14) M)
                           (not ((_ bit2bool 13) M))
                           (not ((_ bit2bool 0) M)))
                       (or (= Z2 #b000000000000000000000)
                           ((_ bit2bool 13) M)
                           (not ((_ bit2bool 0) M))
                           (= ((_ extract 0 0) Y2) #b1))
                       (or (= I #b000000000000000000000)
                           (not ((_ bit2bool 39) D3))
                           ((_ bit2bool 20) G2)
                           (not ((_ bit2bool 19) D3)))
                       (or (= I #b000000000000000000000)
                           ((_ bit2bool 1) D3)
                           ((_ bit2bool 0) D3)
                           ((_ bit2bool 2) G2)
                           (not ((_ bit2bool 2) D3))
                           (= ((_ extract 22 22) D3) #b1))
                       (or (= I #b000000000000000000000)
                           ((_ bit2bool 13) M)
                           (not ((_ bit2bool 0) M))
                           (= ((_ extract 0 0) Y2) #b1))
                       a!8
                       (= ((_ extract 7 6) E2)
                          (bvmul #b11 ((_ extract 1 0) P2)))
                       a!9
                       (or (= N3 #b00000000000000)
                           ((_ bit2bool 1) D3)
                           ((_ bit2bool 21) D3)
                           (not ((_ bit2bool 20) D3))
                           ((_ bit2bool 1) G2)
                           (not ((_ bit2bool 0) D3)))
                       (or (not ((_ bit2bool 2) M))
                           (not (= H2 #b1))
                           (= K1 #b000000000000000000000))
                       (or (= T1 #b00000000000000)
                           ((_ bit2bool 1) Y2)
                           ((_ bit2bool 2) Y2)
                           ((_ bit2bool 2) M)
                           (not ((_ bit2bool 1) M))
                           (= ((_ extract 15 15) M) #b1))
                       a!10
                       (or (= T1 #b00000000000000)
                           ((_ bit2bool 1) Y2)
                           ((_ bit2bool 0) M)
                           ((_ bit2bool 14) M)
                           (not ((_ bit2bool 1) M)))
                       a!11
                       (or (= T1 #b00000000000000)
                           ((_ bit2bool 16) M)
                           ((_ bit2bool 1) Y2)
                           ((_ bit2bool 2) Y2)
                           (not ((_ bit2bool 1) M))
                           (= ((_ extract 3 3) Y2) #b1)
                           (= ((_ extract 3 3) M) #b1))
                       a!12
                       (or (= G3 #b00000000000000)
                           ((_ bit2bool 13) Y2)
                           (not ((_ bit2bool 25) M))
                           (not ((_ bit2bool 12) M)))
                       (or ((_ bit2bool 1) Y2)
                           ((_ bit2bool 0) M)
                           ((_ bit2bool 14) M)
                           (= G3 #b00000000000000)
                           (not ((_ bit2bool 1) M)))
                       (or ((_ bit2bool 0) S1)
                           (not (= H2 #b1))
                           (= W #b00000000000000)
                           (not ((_ bit2bool 0) Y2)))
                       (not (= ((_ extract 22 22) a!13) #b1))
                       a!15
                       a!20
                       (not ((_ bit2bool 5) O2))
                       a!25
                       a!28
                       a!33
                       a!36
                       a!38
                       (or (not ((_ bit2bool 1) D3))
                           (not (= H2 #b1))
                           (= V #b00000000000000))
                       (or (= N3 #b00000000000000)
                           ((_ bit2bool 0) D3)
                           (not ((_ bit2bool 21) D3))
                           (not ((_ bit2bool 1) D3))
                           (not ((_ bit2bool 1) G2)))
                       a!40
                       a!42
                       (not (= ((_ extract 22 22) a!26) #b1))
                       (not (= ((_ extract 22 22) a!43) #b1))
                       (or (= T1 #b00000000000000)
                           ((_ bit2bool 13) Y2)
                           (not ((_ bit2bool 25) M))
                           (not ((_ bit2bool 12) M)))
                       (or (= N3 #b00000000000000)
                           ((_ bit2bool 1) Y2)
                           ((_ bit2bool 2) Y2)
                           ((_ bit2bool 2) M)
                           (not ((_ bit2bool 1) M))
                           (= ((_ extract 15 15) M) #b1))
                       a!46
                       a!49
                       (or (= T1 #b00000000000000)
                           ((_ bit2bool 20) D3)
                           ((_ bit2bool 0) G2)
                           (not ((_ bit2bool 0) D3)))
                       a!50
                       (or (= N3 #b00000000000000)
                           (not a!51)
                           (not a!52)
                           (not a!53)
                           (not a!54)
                           (not a!55)
                           (not a!56)
                           (not a!57)
                           (not a!58))
                       a!62
                       (or (= T1 #b00000000000000)
                           ((_ bit2bool 21) D3)
                           ((_ bit2bool 1) G2)
                           (not ((_ bit2bool 1) D3))
                           (= ((_ extract 20 20) D3) #b1))
                       (or (= T1 #b00000000000000)
                           ((_ bit2bool 22) D3)
                           ((_ bit2bool 2) D3)
                           (not ((_ bit2bool 21) D3))
                           ((_ bit2bool 2) G2)
                           (not ((_ bit2bool 1) D3)))
                       (or (not (= H2 #b1))
                           (= C2 #b000000000000000000000)
                           (not ((_ bit2bool 1) M)))
                       (not ((_ bit2bool 3) M1))
                       (not ((_ bit2bool 5) Q2))
                       (not (= ((_ extract 22 22) a!47) #b1))
                       (or (not ((_ bit2bool 1) D3))
                           (not (= H2 #b1))
                           (= W #b00000000000000))
                       (not a!63)
                       (or (= G3 #b00000000000000)
                           (not ((_ bit2bool 39) D3))
                           ((_ bit2bool 20) G2)
                           (not ((_ bit2bool 19) D3)))
                       a!64
                       a!65
                       (not (= ((_ extract 24 24) a!18) #b1))
                       a!67
                       a!68
                       (or (not ((_ bit2bool 34) O3))
                           (not a!69)
                           (not a!70)
                           (not a!71)
                           (not a!72)
                           (not a!73))
                       (or ((_ bit2bool 13) M)
                           (= G3 #b00000000000000)
                           (not ((_ bit2bool 0) M))
                           (= ((_ extract 0 0) Y2) #b1))
                       (or ((_ bit2bool 1) M)
                           ((_ bit2bool 1) Y2)
                           ((_ bit2bool 14) M)
                           (= G3 #b00000000000000)
                           (not ((_ bit2bool 13) M))
                           (not ((_ bit2bool 0) M)))
                       a!76
                       (not ((_ bit2bool 3) Q2))
                       (or ((_ bit2bool 1) Y2)
                           ((_ bit2bool 0) M)
                           ((_ bit2bool 14) M)
                           (= W #b00000000000000)
                           (not ((_ bit2bool 1) M)))
                       (or (= ((_ extract 24 2) a!26) #b00000000000000000000000)
                           (not (= C2 a!78)))
                       (or (= W #b00000000000000)
                           ((_ bit2bool 20) D3)
                           ((_ bit2bool 21) D3)
                           ((_ bit2bool 1) G2)
                           (not ((_ bit2bool 1) D3)))
                       (= a!79 #b00)
                       (or (= W #b00000000000000)
                           ((_ bit2bool 22) D3)
                           ((_ bit2bool 2) D3)
                           ((_ bit2bool 1) G2)
                           ((_ bit2bool 2) G2)
                           (not ((_ bit2bool 1) D3)))
                       a!80
                       (or a!82 (not (= a!85 P1)))
                       (or ((_ bit2bool 1) Y2)
                           ((_ bit2bool 0) M)
                           (= Y1 #b00000000000000)
                           ((_ bit2bool 14) M)
                           (not ((_ bit2bool 1) M)))
                       (or (not (= a!86 P1)) a!87)
                       (or (not (= a!91 P1)) (= P1 #b000000000000000000000))
                       (or (not ((_ bit2bool 1) D3))
                           (not (= H2 #b1))
                           (= G3 #b00000000000000))
                       a!92
                       (or (= P1 #b000000000000000000000)
                           (not (= R #b000000000000000000000)))
                       (= a!93 #b00000000000000)
                       (or ((_ bit2bool 1) M)
                           ((_ bit2bool 0) M)
                           (= W #b00000000000000)
                           (not ((_ bit2bool 15) M))
                           (not ((_ bit2bool 2) M))
                           (not ((_ bit2bool 2) Y2)))
                       a!94
                       (or (= U2 #b000000000000000000000)
                           (not (= U1 #b000000000000000000000)))
                       (or (not ((_ bit2bool 0) D3))
                           (not (= H2 #b1))
                           (= I #b000000000000000000000))
                       (or (not (= Q #b000000000000000000000))
                           (= C2 #b000000000000000000000))
                       (not ((_ bit2bool 4) O2))
                       (or ((_ bit2bool 1) R)
                           (= P1 #b000000000000000000000)
                           ((_ bit2bool 2) R)
                           (= P1 #b000000000000000000001))
                       (or (= W #b00000000000000)
                           ((_ bit2bool 13) Y2)
                           (not ((_ bit2bool 25) M))
                           (not ((_ bit2bool 12) M)))
                       (= ((_ extract 34 12) X2) #b00000000000000000000000)
                       (or (= Y1 #b00000000000000)
                           ((_ bit2bool 22) D3)
                           ((_ bit2bool 2) D3)
                           ((_ bit2bool 1) G2)
                           ((_ bit2bool 2) G2)
                           (not ((_ bit2bool 1) D3)))
                       (or (= Y1 #b00000000000000)
                           ((_ bit2bool 20) D3)
                           ((_ bit2bool 0) G2)
                           (not ((_ bit2bool 0) D3)))
                       (or (not (= a!96 U2))
                           (= ((_ extract 24 2) a!74) #b00000000000000000000000))
                       (or (not (= C2 a!98))
                           (= ((_ extract 24 2) a!44) #b00000000000000000000000))
                       (or (not (= a!100 P1))
                           (= P1 #b000000000000000000000)
                           (= P1 #b000000000000000000001)
                           (= ((_ extract 1 1) R) #b1))
                       (or (not (= U2 a!102))
                           (= ((_ extract 24 2) a!43) #b00000000000000000000000))
                       (or (not (= H2 #b1))
                           (= ((_ extract 24 2) a!29) #b00000000000000000000000)
                           (not a!104))
                       (or (not (= H2 #b1)) a!105)
                       (or (not (= H2 #b1))
                           (= ((_ extract 24 2) a!47) #b00000000000000000000000)
                           (not a!107))
                       a!108
                       (or (not (= I a!109)) a!110)
                       (not ((_ bit2bool 1) T2))
                       (not ((_ bit2bool 2) Q2))
                       (not ((_ bit2bool 0) M1))
                       a!111
                       a!112
                       (or (= W #b00000000000000)
                           ((_ bit2bool 20) D3)
                           (not ((_ bit2bool 0) D3))
                           (= ((_ extract 0 0) G2) #b1))
                       a!113
                       (or (= Y1 #b00000000000000)
                           (not ((_ bit2bool 39) D3))
                           ((_ bit2bool 20) G2)
                           (not ((_ bit2bool 19) D3)))
                       (or a!117
                           a!118
                           a!119
                           a!120
                           a!121
                           a!122
                           a!123
                           a!124
                           a!125
                           a!126
                           a!127
                           (not (= U2 a!130)))
                       (or (= Z2 #b000000000000000000000)
                           (= N3 #b00000000000001)
                           (not a!131))
                       (or (= W #b00000000000000)
                           (not ((_ bit2bool 39) D3))
                           ((_ bit2bool 20) G2)
                           (not ((_ bit2bool 19) D3)))
                       (= a!83 #b00)
                       (or ((_ bit2bool 0) X) (not ((_ bit2bool 0) Z)))
                       (or (= C2 #b000000000000000000000)
                           (= W #b00000000000001)
                           (not (= a!132 C2)))
                       a!133
                       (or (= W2 #b000000000000000000000)
                           (= U #b00000000000000)
                           (= U #b00000000000001)
                           (not a!134)
                           (not a!135)
                           (not a!136)
                           (not a!137)
                           (not a!138)
                           (not a!139)
                           (not a!140)
                           (not a!141)
                           (not a!142))
                       (= a!143 #b00)
                       (= ((_ extract 11 10) J1) #b00)
                       a!144
                       a!147
                       (or (= P1 #b000000000000000000000)
                           (= Y1 #b00000000000001)
                           (not a!146))
                       (or (= U2 #b000000000000000000000)
                           (= G3 #b00000000000001)
                           (not (= U2 a!148)))
                       (or (= N3 #b00000000000000)
                           ((_ bit2bool 23) D3)
                           (not ((_ bit2bool 20) D3))
                           (not ((_ bit2bool 2) D3))
                           (not ((_ bit2bool 3) D3))
                           (not (= G2 #b111111111111111111100)))
                       (or (= T1 #b00000000000000)
                           (not ((_ bit2bool 20) D3))
                           (not ((_ bit2bool 21) D3))
                           (not ((_ bit2bool 1) D3))
                           (not (= G2 #b111111111111111111100)))
                       (= ((_ extract 11 10) D2) #b00)
                       (or (not (= H2 #b1)) a!149)
                       a!150
                       (or (not (= I a!152)) (= I #b000000000000000000000))
                       (or (not a!154) (= K1 #b000000000000000000000))
                       (or (= T1 #b00000000000000)
                           ((_ bit2bool 1) M)
                           ((_ bit2bool 2) Y2)
                           ((_ bit2bool 0) M)
                           (not ((_ bit2bool 2) M))
                           (= ((_ extract 15 15) M) #b1))
                       (or (= I #b000000000000000000000)
                           (= T1 #b00000000000001)
                           (not (= I a!155)))
                       (or (= K1 #b000000000000000000000)
                           (= V #b00000000000001)
                           (not (= K1 a!156)))
                       (or ((_ bit2bool 20) Q)
                           a!158
                           a!159
                           a!160
                           a!161
                           (not (= C2 a!164))
                           a!165
                           a!166
                           a!167
                           a!168
                           a!169
                           a!170)
                       a!175
                       (or ((_ bit2bool 1) Y2)
                           (not (= H2 #b1))
                           ((_ bit2bool 1) S1)
                           (not ((_ bit2bool 0) S1))
                           (not ((_ bit2bool 3) Y2)))
                       (or (not (= H2 #b1))
                           (= I #b000000000000000000000)
                           ((_ bit2bool 2) S1)
                           ((_ bit2bool 13) Y2)
                           (not ((_ bit2bool 2) Y2)))
                       (or (= T1 #b00000000000000)
                           ((_ bit2bool 0) S1)
                           (not (= H2 #b1))
                           (not ((_ bit2bool 0) Y2)))
                       (not ((_ bit2bool 1) M1))
                       (or (= W #b00000000000000)
                           ((_ bit2bool 2) H1)
                           (not ((_ bit2bool 2) D3)))
                       a!176
                       a!177
                       (or ((_ bit2bool 1) M)
                           ((_ bit2bool 13) M)
                           (= W #b00000000000000)
                           (not ((_ bit2bool 15) M))
                           (not ((_ bit2bool 2) M))
                           (not ((_ bit2bool 2) Y2)))
                       a!178
                       a!179
                       a!180
                       a!181
                       (or (not a!183) (= P1 #b000000000000000000000))
                       (or ((_ bit2bool 20) U1)
                           a!185
                           (not (= U2 a!187))
                           a!188
                           a!189
                           a!190
                           a!191
                           a!192
                           a!193
                           a!194
                           a!195
                           a!196
                           a!197)
                       (or ((_ bit2bool 20) Q)
                           (not (= a!199 #b1))
                           (not (= a!200 #b1))
                           (not (= a!201 #b1))
                           (not a!202)
                           (not (= a!203 #b1))
                           (not (= a!204 #b1))
                           (not (= a!205 #b1))
                           (not (= a!206 #b1))
                           (not (= a!207 #b1))
                           (not (= a!208 #b1))
                           (not (= a!209 #b1))
                           (not (= a!210 #b1)))
                       (or ((_ bit2bool 20) Q)
                           a!212
                           a!213
                           a!214
                           a!215
                           a!216
                           a!217
                           a!218
                           a!219
                           a!220
                           a!221
                           (not (= C2 a!223))
                           a!224)
                       (or (not (= a!226 #b1))
                           (not (= a!227 #b1))
                           (not (= a!228 #b1))
                           (not (= a!229 #b1))
                           (not (= a!230 #b1))
                           (not (= a!231 #b1))
                           (not (= a!232 #b1))
                           (not (= a!233 #b1))
                           (not (= a!234 #b1))
                           (not a!235)
                           (not (= a!236 #b1))
                           (not (= a!237 #b1))
                           (not (= a!238 #b1)))
                       (or ((_ bit2bool 1) Y2)
                           ((_ bit2bool 2) Y2)
                           (not (= H2 #b1))
                           ((_ bit2bool 2) S1)
                           (not ((_ bit2bool 1) S1)))
                       (or (not (= H2 #b1))
                           a!240
                           a!241
                           a!242
                           a!243
                           a!244
                           (not (= I a!246))
                           a!247
                           a!248
                           a!249
                           a!250
                           a!251
                           a!252
                           a!253)
                       (not ((_ bit2bool 7) O2))
                       a!254
                       (or (not a!255) (= P1 #b000000000000000000000))
                       (or (not (= U2 a!257)) (= U2 #b000000000000000000000)))))
       (= (INV!slice!1 A
                       B
                       C
                       D
                       E
                       F
                       G
                       H
                       I
                       J
                       K
                       L
                       M
                       N
                       O
                       P
                       Q
                       R
                       S
                       T
                       U
                       V
                       W
                       X
                       Y
                       Z
                       A1
                       B1
                       C1
                       D1
                       E1
                       F1
                       G1
                       H1
                       I1
                       J1
                       K1
                       L1
                       M1
                       N1
                       O1
                       P1
                       Q1
                       R1
                       S1
                       T1
                       U1
                       V1
                       W1
                       X1
                       Y1
                       Z1
                       A2
                       B2
                       C2
                       D2
                       E2
                       F2
                       G2
                       H2
                       I2
                       J2
                       K2
                       L2
                       M2
                       N2
                       O2
                       P2
                       Q2
                       R2
                       S2
                       T2
                       U2
                       V2
                       W2
                       X2
                       Y2
                       Z2
                       A3
                       B3
                       C3
                       D3
                       E3
                       F3
                       G3
                       H3
                       I3
                       J3
                       K3
                       L3
                       M3
                       N3
                       O3
                       P3
                       Q3
                       R3
                       S3
                       T3)
          a!258)))))))
     :weight 0))
