unsat
(forall ((A (_ BitVec 20))
         (B (_ BitVec 20))
         (C (_ BitVec 20))
         (D (_ BitVec 20))
         (E (_ BitVec 20))
         (F (_ BitVec 20))
         (G (_ BitVec 20))
         (H (_ BitVec 20))
         (I (_ BitVec 20))
         (J (_ BitVec 20))
         (K (_ BitVec 20))
         (L (_ BitVec 20))
         (M (_ BitVec 20))
         (N (_ BitVec 14))
         (O (_ BitVec 14))
         (P (_ BitVec 20))
         (Q (_ BitVec 20))
         (R (_ BitVec 20))
         (S (_ BitVec 20))
         (T (_ BitVec 20))
         (U (_ BitVec 20))
         (V (_ BitVec 20))
         (W (_ BitVec 20))
         (X (_ BitVec 38))
         (Y (_ BitVec 38))
         (Z (_ BitVec 20))
         (A1 (_ BitVec 20))
         (B1 (_ BitVec 20))
         (C1 (_ BitVec 18))
         (D1 (_ BitVec 20))
         (E1 (_ BitVec 22))
         (F1 (_ BitVec 20))
         (G1 (_ BitVec 1))
         (H1 (_ BitVec 1))
         (I1 (_ BitVec 20))
         (J1 (_ BitVec 22))
         (K1 (_ BitVec 1))
         (L1 (_ BitVec 20))
         (M1 (_ BitVec 20))
         (N1 (_ BitVec 20))
         (O1 (_ BitVec 20))
         (P1 (_ BitVec 1))
         (Q1 (_ BitVec 20))
         (R1 (_ BitVec 20))
         (S1 (_ BitVec 38))
         (T1 (_ BitVec 20))
         (U1 (_ BitVec 1))
         (V1 (_ BitVec 1))
         (W1 (_ BitVec 20))
         (X1 (_ BitVec 20))
         (Y1 (_ BitVec 20))
         (Z1 (_ BitVec 18))
         (A2 (_ BitVec 22))
         (B2 (_ BitVec 20))
         (C2 (_ BitVec 20))
         (D2 (_ BitVec 20))
         (E2 (_ BitVec 20))
         (F2 (_ BitVec 20))
         (G2 (_ BitVec 20))
         (H2 (_ BitVec 20))
         (I2 (_ BitVec 18))
         (J2 (_ BitVec 20))
         (K2 (_ BitVec 22))
         (L2 (_ BitVec 1))
         (M2 (_ BitVec 14))
         (N2 (_ BitVec 38))
         (O2 (_ BitVec 20))
         (P2 (_ BitVec 16))
         (Q2 (_ BitVec 38))
         (R2 (_ BitVec 30))
         (S2 (_ BitVec 30))
         (T2 (_ BitVec 1))
         (U2 (_ BitVec 1))
         (V2 (_ BitVec 20))
         (W2 (_ BitVec 1))
         (X2 (_ BitVec 20))
         (Y2 (_ BitVec 20))
         (Z2 (_ BitVec 20))
         (A3 (_ BitVec 20))
         (B3 (_ BitVec 16))
         (C3 (_ BitVec 20))
         (D3 (_ BitVec 30))
         (E3 (_ BitVec 1))
         (F3 (_ BitVec 38))
         (G3 (_ BitVec 30)))
  (! (let ((a!1 (or ((_ bit2bool 1) Z1)
                    ((_ bit2bool 2) Z1)
                    ((_ bit2bool 2) C1)
                    ((_ bit2bool 0) Z1)
                    (not (= ((_ extract 2 2) I2) #b1))))
           (a!2 (= ((_ extract 31 2)
                     (bvadd ((_ extract 37 6) S1) (concat #b0000000000 J1)))
                   #b000000000000000000000000000000))
           (a!3 (or ((_ bit2bool 0) Q1)
                    ((_ bit2bool 1) Q1)
                    ((_ bit2bool 2) Q1)
                    ((_ bit2bool 1) J)
                    (not (= ((_ extract 1 1) P) #b1))))
           (a!4 (= ((_ extract 33 4)
                     (bvadd ((_ extract 37 4) Y) (concat #x000 A2)))
                   #b000000000000000000000000000000))
           (a!5 ((_ extract 22 6)
                  (bvadd (concat #b000 ((_ extract 21 2) K2)) (concat #b0 E1))))
           (a!6 (or (not (= ((_ extract 0 0) J2) #b1))
                    (= ((_ extract 0 0) W) #b1)))
           (a!7 (or (not (= ((_ extract 0 0) B1) #b1))
                    (= ((_ extract 0 0) V) #b1))))
     (let ((a!8 (and (or (not ((_ bit2bool 0) H1)) (not (= G1 #b0)))
                     (not ((_ bit2bool 3) O))
                     (not ((_ bit2bool 2) O))
                     (not ((_ bit2bool 1) O))
                     (not ((_ bit2bool 0) O))
                     (not ((_ bit2bool 1) N))
                     (not ((_ bit2bool 0) N))
                     (= ((_ extract 37 8) X) #b000000000000000000000000000000)
                     (not (= ((_ extract 17 17) I2) #b1))
                     (or ((_ bit2bool 0) C1)
                         ((_ bit2bool 0) Z1)
                         (not ((_ bit2bool 0) I2)))
                     (or ((_ bit2bool 0) Q1)
                         ((_ bit2bool 0) P)
                         (not ((_ bit2bool 0) J)))
                     (not (= ((_ extract 17 17) Z1) #b1))
                     (or ((_ bit2bool 0) C1)
                         ((_ bit2bool 1) Z1)
                         ((_ bit2bool 2) C1)
                         ((_ bit2bool 1) I2)
                         (not ((_ bit2bool 1) C1))
                         (not ((_ bit2bool 2) I2)))
                     (not (= ((_ extract 17 17) C1) #b1))
                     (or ((_ bit2bool 2) Z1)
                         (not (= I2 #b000000000000000000))
                         (not ((_ bit2bool 2) C1)))
                     a!1
                     a!2
                     a!3
                     a!4
                     (= a!5 #b00000000000000000)
                     a!6
                     a!7)))
       (= (INV!slice!1 A
                       B
                       C
                       D
                       E
                       F
                       G
                       H
                       I
                       J
                       K
                       L
                       M
                       N
                       O
                       P
                       Q
                       R
                       S
                       T
                       U
                       V
                       W
                       X
                       Y
                       Z
                       A1
                       B1
                       C1
                       D1
                       E1
                       F1
                       G1
                       H1
                       I1
                       J1
                       K1
                       L1
                       M1
                       N1
                       O1
                       P1
                       Q1
                       R1
                       S1
                       T1
                       U1
                       V1
                       W1
                       X1
                       Y1
                       Z1
                       A2
                       B2
                       C2
                       D2
                       E2
                       F2
                       G2
                       H2
                       I2
                       J2
                       K2
                       L2
                       M2
                       N2
                       O2
                       P2
                       Q2
                       R2
                       S2
                       T2
                       U2
                       V2
                       W2
                       X2
                       Y2
                       Z2
                       A3
                       B3
                       C3
                       D3
                       E3
                       F3
                       G3)
          a!8)))
     :weight 0))
