unsat
(forall ((A (_ BitVec 20))
         (B (_ BitVec 20))
         (C (_ BitVec 1))
         (D (_ BitVec 1))
         (E (_ BitVec 1))
         (F (_ BitVec 20))
         (G (_ BitVec 20))
         (H (_ BitVec 20))
         (I (_ BitVec 20))
         (J (_ BitVec 20))
         (K (_ BitVec 20))
         (L (_ BitVec 20))
         (M (_ BitVec 38))
         (N (_ BitVec 38))
         (O (_ BitVec 20))
         (P (_ BitVec 20))
         (Q (_ BitVec 20))
         (R (_ BitVec 20))
         (S (_ BitVec 20))
         (T (_ BitVec 17))
         (U (_ BitVec 17))
         (V (_ BitVec 17))
         (W (_ BitVec 17))
         (X (_ BitVec 17))
         (Y (_ BitVec 17))
         (Z (_ BitVec 1))
         (A1 (_ BitVec 1))
         (B1 (_ BitVec 17))
         (C1 (_ BitVec 20))
         (D1 (_ BitVec 1))
         (E1 (_ BitVec 18))
         (F1 (_ BitVec 38))
         (G1 (_ BitVec 20))
         (H1 (_ BitVec 20))
         (I1 (_ BitVec 20))
         (J1 (_ BitVec 1))
         (K1 (_ BitVec 20))
         (L1 (_ BitVec 20))
         (M1 (_ BitVec 20))
         (N1 (_ BitVec 20))
         (O1 (_ BitVec 20))
         (P1 (_ BitVec 18))
         (Q1 (_ BitVec 20))
         (R1 (_ BitVec 20))
         (S1 (_ BitVec 38))
         (T1 (_ BitVec 20))
         (U1 (_ BitVec 20))
         (V1 (_ BitVec 20))
         (W1 (_ BitVec 20))
         (X1 (_ BitVec 38))
         (Y1 (_ BitVec 20))
         (Z1 (_ BitVec 17))
         (A2 (_ BitVec 17))
         (B2 (_ BitVec 1))
         (C2 (_ BitVec 20))
         (D2 (_ BitVec 20))
         (E2 (_ BitVec 20))
         (F2 (_ BitVec 1))
         (G2 (_ BitVec 22))
         (H2 (_ BitVec 20))
         (I2 (_ BitVec 38))
         (J2 (_ BitVec 20))
         (K2 (_ BitVec 20))
         (L2 (_ BitVec 1))
         (M2 (_ BitVec 38))
         (N2 (_ BitVec 20))
         (O2 (_ BitVec 17))
         (P2 (_ BitVec 20))
         (Q2 (_ BitVec 1))
         (R2 (_ BitVec 1))
         (S2 (_ BitVec 20))
         (T2 (_ BitVec 20))
         (U2 (_ BitVec 20))
         (V2 (_ BitVec 20))
         (W2 (_ BitVec 18))
         (X2 (_ BitVec 20))
         (Y2 (_ BitVec 20))
         (Z2 (_ BitVec 22))
         (A3 (_ BitVec 20))
         (B3 (_ BitVec 1))
         (C3 (_ BitVec 20))
         (D3 (_ BitVec 20))
         (E3 (_ BitVec 20))
         (F3 (_ BitVec 38))
         (G3 (_ BitVec 22))
         (H3 (_ BitVec 20))
         (I3 (_ BitVec 1))
         (J3 (_ BitVec 14))
         (K3 (_ BitVec 37))
         (L3 (_ BitVec 9))
         (M3 (_ BitVec 38))
         (N3 (_ BitVec 20))
         (O3 (_ BitVec 16))
         (P3 (_ BitVec 14))
         (Q3 (_ BitVec 22))
         (R3 (_ BitVec 14))
         (S3 (_ BitVec 22))
         (T3 (_ BitVec 14))
         (U3 (_ BitVec 14))
         (V3 (_ BitVec 22))
         (W3 (_ BitVec 14))
         (X3 (_ BitVec 22))
         (Y3 (_ BitVec 22))
         (Z3 (_ BitVec 14))
         (A4 (_ BitVec 22))
         (B4 (_ BitVec 38))
         (C4 (_ BitVec 30))
         (D4 (_ BitVec 30))
         (E4 (_ BitVec 20))
         (F4 (_ BitVec 20))
         (G4 (_ BitVec 20))
         (H4 (_ BitVec 20))
         (I4 (_ BitVec 20))
         (J4 (_ BitVec 20))
         (K4 (_ BitVec 20))
         (L4 (_ BitVec 20))
         (M4 (_ BitVec 16))
         (N4 (_ BitVec 14))
         (O4 (_ BitVec 30))
         (P4 (_ BitVec 1))
         (Q4 (_ BitVec 38))
         (R4 (_ BitVec 30)))
  (! (let ((a!1 (= ((_ extract 3 2)
                     (bvadd ((_ extract 37 8) X1) (concat #x00 G3)))
                   #b00))
           (a!2 (= ((_ extract 5 4)
                     (bvadd ((_ extract 37 6) F3) (concat #b0000000000 S3)))
                   #b00))
           (a!3 (bvadd ((_ extract 33 2)
                         (bvadd ((_ extract 37 4) M2) (concat #x000 Q3)))
                       (concat #x000 R1)))
           (a!5 (= ((_ extract 17 17)
                     (bvadd ((_ extract 37 10) N) (concat #b000000 V3)))
                   #b1))
           (a!6 (= ((_ extract 19 19)
                     (bvadd ((_ extract 37 8) X1) (concat #x00 G3)))
                   #b1))
           (a!7 (= ((_ extract 15 15)
                     (bvadd ((_ extract 37 12) I2) (concat #x0 X3)))
                   #b1))
           (a!8 (= ((_ extract 13 13)
                     (bvadd ((_ extract 37 14) S1) (concat #b00 Y3)))
                   #b1))
           (a!9 (= ((_ extract 18 18)
                     (bvadd ((_ extract 37 8) X1) (concat #x00 G3)))
                   #b1))
           (a!10 (= ((_ extract 17 17)
                      (bvadd ((_ extract 37 8) X1) (concat #x00 G3)))
                    #b1))
           (a!11 (bvadd ((_ extract 31 4)
                          (bvadd ((_ extract 37 6) F3) (concat #b0000000000 S3)))
                        (concat #x00 N2)))
           (a!12 (bvadd (concat #b0000000 R1 #b0)
                        ((_ extract 33 6)
                          (bvadd ((_ extract 37 4) M2) (concat #x000 Q3)))))
           (a!13 (bvadd ((_ extract 29 2)
                          (bvadd ((_ extract 37 8) X1) (concat #x00 G3)))
                        (concat #b0000000 G4 #b0)))
           (a!17 (bvadd ((_ extract 29 2)
                          (bvadd ((_ extract 37 8) X1) (concat #x00 G3)))
                        (concat #x00 G4)))
           (a!18 (bvnot (bvor (bvnot ((_ extract 18 0) N2))
                              (bvnot ((_ extract 19 1) N2)))))
           (a!23 (= ((_ extract 15 15)
                      (bvadd ((_ extract 37 10) N) (concat #b000000 V3)))
                    #b1))
           (a!24 (= ((_ extract 16 16)
                      (bvadd ((_ extract 37 10) N) (concat #b000000 V3)))
                    #b1))
           (a!25 (= ((_ extract 22 22)
                      (bvadd ((_ extract 37 10) N) (concat #b000000 V3)))
                    #b1))
           (a!26 (= ((_ extract 21 21)
                      (bvadd ((_ extract 37 10) N) (concat #b000000 V3)))
                    #b1))
           (a!27 (bvadd (concat #b0000000 N2 #b0)
                        ((_ extract 31 4)
                          (bvadd ((_ extract 37 6) F3) (concat #b0000000000 S3)))))
           (a!36 (bvnot (bvor (bvnot ((_ extract 18 0) G4))
                              (bvnot ((_ extract 19 1) G4)))))
           (a!41 (bvadd ((_ extract 27 2)
                          (bvadd ((_ extract 37 10) N) (concat #b000000 V3)))
                        (concat #b00000 X2 #b0)))
           (a!43 (bvnot (bvor (bvnot ((_ extract 18 0) R1))
                              (bvnot ((_ extract 19 1) R1)))))
           (a!59 (bvadd ((_ extract 27 2)
                          (bvadd ((_ extract 37 10) N) (concat #b000000 V3)))
                        (concat #b000000 X2)))
           (a!61 (bvnot (bvor (bvnot ((_ extract 18 0) X2))
                              (bvnot ((_ extract 19 1) X2)))))
           (a!65 (= ((_ extract 14 14)
                      (bvadd ((_ extract 37 12) I2) (concat #x0 X3)))
                    #b1))
           (a!66 (= ((_ extract 23 23)
                      (bvadd ((_ extract 37 12) I2) (concat #x0 X3)))
                    #b1))
           (a!67 (= ((_ extract 20 20)
                      (bvadd ((_ extract 37 12) I2) (concat #x0 X3)))
                    #b1))
           (a!68 (= ((_ extract 12 12)
                      (bvadd ((_ extract 37 12) I2) (concat #x0 X3)))
                    #b1))
           (a!69 (= ((_ extract 21 21)
                      (bvadd ((_ extract 37 12) I2) (concat #x0 X3)))
                    #b1))
           (a!70 (= ((_ extract 18 18)
                      (bvadd ((_ extract 37 12) I2) (concat #x0 X3)))
                    #b1))
           (a!71 (= ((_ extract 13 13)
                      (bvadd ((_ extract 37 12) I2) (concat #x0 X3)))
                    #b1))
           (a!72 (= ((_ extract 11 11)
                      (bvadd ((_ extract 37 12) I2) (concat #x0 X3)))
                    #b1))
           (a!73 (= ((_ extract 19 19)
                      (bvadd ((_ extract 37 12) I2) (concat #x0 X3)))
                    #b1))
           (a!74 (= ((_ extract 16 16)
                      (bvadd ((_ extract 37 12) I2) (concat #x0 X3)))
                    #b1))
           (a!75 (= ((_ extract 9 9)
                      (bvadd ((_ extract 37 12) I2) (concat #x0 X3)))
                    #b1))
           (a!79 (= ((_ extract 14 14)
                      (bvadd ((_ extract 37 10) N) (concat #b000000 V3)))
                    #b1))
           (a!86 (bvadd ((_ extract 33 2)
                          (bvadd ((_ extract 37 4) M2) (concat #x000 Q3)))
                        (concat #b00000000000 R1 #b0)))
           (a!89 (bvadd (concat #b00000 G4 #b0)
                        ((_ extract 29 4)
                          (bvadd ((_ extract 37 8) X1) (concat #x00 G3)))))
           (a!90 (= ((_ extract 21 21)
                      (bvadd ((_ extract 37 8) X1) (concat #x00 G3)))
                    #b1))
           (a!91 (= ((_ extract 24 24)
                      (bvadd ((_ extract 37 8) X1) (concat #x00 G3)))
                    #b1))
           (a!92 (= ((_ extract 19 19)
                      (bvadd ((_ extract 37 10) N) (concat #b000000 V3)))
                    #b1))
           (a!96 (= ((_ extract 17 17)
                      (bvadd ((_ extract 37 12) I2) (concat #x0 X3)))
                    #b1))
           (a!97 (= ((_ extract 17 17)
                      (bvadd ((_ extract 37 14) S1) (concat #b00 Y3)))
                    #b1))
           (a!98 (= ((_ extract 19 19)
                      (bvadd ((_ extract 37 14) S1) (concat #b00 Y3)))
                    #b1))
           (a!99 (= ((_ extract 21 21)
                      (bvadd ((_ extract 37 14) S1) (concat #b00 Y3)))
                    #b1))
           (a!100 (= ((_ extract 15 15)
                       (bvadd ((_ extract 37 14) S1) (concat #b00 Y3)))
                     #b1))
           (a!101 (= ((_ extract 15 15) (bvadd A4 ((_ extract 37 16) M))) #b1))
           (a!102 (= ((_ extract 19 19) (bvadd A4 ((_ extract 37 16) M))) #b1))
           (a!103 (= ((_ extract 13 13) (bvadd A4 ((_ extract 37 16) M))) #b1))
           (a!104 (= ((_ extract 17 17) (bvadd A4 ((_ extract 37 16) M))) #b1))
           (a!105 ((_ extract 22 14)
                    (bvadd (concat #b000 ((_ extract 21 2) Z2)) (concat #b0 G2))))
           (a!106 (= ((_ extract 32 12)
                       (bvadd ((_ extract 37 4) M2) (concat #x000 Q3)))
                     #b000000000000000000000))
           (a!107 (= ((_ extract 7 6)
                       (bvadd ((_ extract 37 4) M2) (concat #x000 Q3)))
                     #b00))
           (a!108 ((_ extract 9 8)
                    (bvadd (concat #b000 ((_ extract 21 2) Z2)) (concat #b0 G2))))
           (a!109 ((_ extract 22 2)
                    (bvadd (concat #b000 ((_ extract 21 2) Z2)) (concat #b0 G2))))
           (a!111 (bvnot (bvor (bvnot ((_ extract 18 0) L))
                               (bvnot ((_ extract 19 1) L)))))
           (a!114 (= ((_ extract 30 10)
                       (bvadd ((_ extract 37 6) F3) (concat #b0000000000 S3)))
                     #b000000000000000000000))
           (a!115 (= ((_ extract 28 8)
                       (bvadd ((_ extract 37 8) X1) (concat #x00 G3)))
                     #b000000000000000000000))
           (a!116 ((_ extract 17 2)
                    (bvadd (concat #b000 ((_ extract 21 2) Z2)) (concat #b0 G2))))
           (a!119 (concat ((_ extract 15 2)
                            (bvadd ((_ extract 37 4) M2) (concat #x000 Q3)))
                          (bvadd ((_ extract 1 0) Q3) ((_ extract 5 4) M2))
                          ((_ extract 3 0) M2)))
           (a!120 (concat ((_ extract 13 2)
                            (bvadd ((_ extract 37 6) F3)
                                   (concat #b0000000000 S3)))
                          (bvadd ((_ extract 1 0) S3) ((_ extract 7 6) F3))
                          ((_ extract 5 0) F3)))
           (a!121 (concat ((_ extract 9 2)
                            (bvadd ((_ extract 37 10) N) (concat #b000000 V3)))
                          (bvadd ((_ extract 11 10) N) ((_ extract 1 0) V3))
                          ((_ extract 9 0) N)))
           (a!122 (concat ((_ extract 11 2)
                            (bvadd ((_ extract 37 8) X1) (concat #x00 G3)))
                          (bvadd ((_ extract 1 0) G3) ((_ extract 9 8) X1))
                          ((_ extract 7 0) X1)))
           (a!123 (or (= H3 #x00000)
                      (= O2 #b00000000000000001)
                      (not (= H3 ((_ extract 19 0) I2)))))
           (a!124 (concat ((_ extract 7 2)
                            (bvadd ((_ extract 37 12) I2) (concat #x0 X3)))
                          (bvadd ((_ extract 13 12) I2) ((_ extract 1 0) X3))
                          ((_ extract 11 0) I2)))
           (a!125 (or (= V1 #x00000)
                      (= U #b00000000000000001)
                      (not (= V1 ((_ extract 19 0) S1)))))
           (a!126 (concat ((_ extract 5 2)
                            (bvadd ((_ extract 37 14) S1) (concat #b00 Y3)))
                          (bvadd ((_ extract 1 0) Y3) ((_ extract 15 14) S1))
                          ((_ extract 13 0) S1)))
           (a!127 (= (concat (bvadd ((_ extract 3 0) A4) ((_ extract 19 16) M))
                             ((_ extract 15 0) M))
                     P))
           (a!128 (or (= U1 #x00000)
                      (= T #b00000000000000001)
                      (not (= U1 ((_ extract 19 0) F1)))))
           (a!129 (or (= C1 #x00000)
                      (= B1 #b00000000000000001)
                      (not (= ((_ extract 35 35) K3) #b1))
                      (not (= (bvmul #xfffff C1) ((_ extract 19 0) K3)))
                      (not ((_ bit2bool 31) K3))
                      (not ((_ bit2bool 29) K3))
                      (not ((_ bit2bool 33) K3)))))
     (let ((a!4 (or ((_ bit2bool 17) R1) (not (= ((_ extract 21 21) a!3) #b1))))
           (a!14 (or (not (= ((_ extract 21 21) a!13) #b1))
                     (not (= ((_ extract 22 22) a!13) #b1))))
           (a!15 (= ((_ extract 20 20)
                      (bvadd (concat #b00000 N2 #b0) ((_ extract 27 2) a!11)))
                    #b1))
           (a!16 (= ((_ extract 19 19)
                      (bvadd (concat #b00000 N2 #b0) ((_ extract 27 2) a!11)))
                    #b1))
           (a!19 (bvadd (concat #b0
                                ((_ extract 19 19) N2)
                                (bvxor ((_ extract 18 1) N2)
                                       ((_ extract 19 2) N2)))
                        (concat #b0 a!18)))
           (a!28 (= ((_ extract 20 20)
                      (bvadd ((_ extract 27 2) a!27) (concat #b00000 N2 #b0)))
                    #b1))
           (a!29 (= ((_ extract 19 19)
                      (bvadd ((_ extract 27 2) a!27) (concat #b00000 N2 #b0)))
                    #b1))
           (a!30 (= ((_ extract 18 18)
                      (bvadd ((_ extract 27 2) a!27) (concat #b00000 N2 #b0)))
                    #b1))
           (a!31 (= ((_ extract 19 19)
                      (bvadd (concat #b00000 G4 #b0) ((_ extract 27 2) a!13)))
                    #b1))
           (a!32 (= ((_ extract 18 18)
                      (bvadd (concat #b00000 G4 #b0) ((_ extract 27 2) a!13)))
                    #b1))
           (a!33 (= ((_ extract 20 20)
                      (bvadd (concat #b00000 G4 #b0) ((_ extract 27 2) a!13)))
                    #b1))
           (a!34 (= ((_ extract 20 20)
                      (bvadd (concat #b00000 G4 #b0) ((_ extract 27 2) a!17)))
                    #b1))
           (a!35 (= ((_ extract 19 19)
                      (bvadd (concat #b00000 G4 #b0) ((_ extract 27 2) a!17)))
                    #b1))
           (a!37 (bvadd (concat #b0 a!36)
                        (concat #b0
                                ((_ extract 19 19) G4)
                                (bvxor ((_ extract 18 1) G4)
                                       ((_ extract 19 2) G4)))))
           (a!42 (or ((_ bit2bool 19) X2)
                     (not (= B2 #b1))
                     (not (= ((_ extract 18 18) a!41) #b1))
                     (not (= ((_ extract 19 19) a!41) #b1))
                     (not (= ((_ extract 20 20) a!41) #b1))))
           (a!44 (bvadd (concat #b0 a!43)
                        (concat #b0
                                ((_ extract 19 19) R1)
                                (bvxor ((_ extract 18 1) R1)
                                       ((_ extract 19 2) R1)))))
           (a!60 (or ((_ bit2bool 19) X2)
                     (not (= ((_ extract 19 19) a!59) #b1))
                     (not (= ((_ extract 20 20) a!59) #b1))))
           (a!62 (bvadd (concat #b0
                                ((_ extract 19 19) X2)
                                (bvxor ((_ extract 18 1) X2)
                                       ((_ extract 19 2) X2)))
                        (concat #b0 a!61)))
           (a!78 (or (not (= B2 #b1))
                     (not (= ((_ extract 20 20) a!41) #b1))
                     (not (= ((_ extract 23 23) a!41) #b1))))
           (a!93 (= ((_ extract 22 22)
                      (bvadd ((_ extract 31 6) a!3) (concat #b00000 R1 #b0)))
                    #b1))
           (a!94 (= ((_ extract 23 23)
                      (bvadd ((_ extract 27 2) a!13) (concat #b000000 G4)))
                    #b1))
           (a!95 (= ((_ extract 22 22)
                      (bvadd ((_ extract 27 2) a!17) (concat #b000000 G4)))
                    #b1))
           (a!110 (= ((_ extract 7 6)
                       (bvadd (concat #b0000000000000 a!109)
                              (concat #b00000000000000 L)))
                     #b00))
           (a!112 (bvadd (concat #b0 a!111)
                         (concat #b0
                                 ((_ extract 19 19) L)
                                 (bvxor ((_ extract 18 1) L)
                                        ((_ extract 19 2) L)))))
           (a!117 (= Y1
                     (concat a!116
                             (bvadd ((_ extract 3 2) Z2) ((_ extract 1 0) G2))
                             ((_ extract 1 0) Z2)))))
     (let ((a!20 (bvadd ((_ extract 31 4)
                          (bvadd ((_ extract 37 6) F3) (concat #b0000000000 S3)))
                        (concat #b000000 a!19 ((_ extract 1 1) N2) #b0)))
           (a!38 (bvadd (concat #b000000 a!37 ((_ extract 1 1) G4) #b0)
                        ((_ extract 29 2)
                          (bvadd ((_ extract 37 8) X1) (concat #x00 G3)))))
           (a!45 (bvadd ((_ extract 33 2)
                          (bvadd ((_ extract 37 4) M2) (concat #x000 Q3)))
                        (concat #b0000000000
                                a!44
                                (bvxor ((_ extract 0 0) R1)
                                       ((_ extract 1 1) R1))
                                ((_ extract 0 0) R1))))
           (a!47 (concat #x0
                         a!37
                         (bvxor ((_ extract 0 0) G4) ((_ extract 1 1) G4))
                         ((_ extract 0 0) G4)))
           (a!63 (bvadd ((_ extract 27 2)
                          (bvadd ((_ extract 37 10) N) (concat #b000000 V3)))
                        (concat #x0
                                a!62
                                (bvxor ((_ extract 0 0) X2)
                                       ((_ extract 1 1) X2))
                                ((_ extract 0 0) X2))))
           (a!76 (concat #b000000
                         a!44
                         (bvxor ((_ extract 0 0) R1) ((_ extract 1 1) R1))
                         ((_ extract 0 0) R1)))
           (a!80 (bvadd ((_ extract 27 2)
                          (bvadd ((_ extract 37 10) N) (concat #b000000 V3)))
                        (concat #x0 a!62 ((_ extract 1 1) X2) #b0)))
           (a!82 (bvadd (concat #b000000
                                a!37
                                (bvxor ((_ extract 0 0) G4)
                                       ((_ extract 1 1) G4))
                                ((_ extract 0 0) G4))
                        ((_ extract 29 2)
                          (bvadd ((_ extract 37 8) X1) (concat #x00 G3)))))
           (a!113 (bvadd (concat #b0000000000000 a!109)
                         (concat #x000
                                 a!112
                                 (bvxor ((_ extract 0 0) L) ((_ extract 1 1) L))
                                 ((_ extract 0 0) L))))
           (a!118 (or ((_ bit2bool 2) L)
                      (not a!117)
                      (= ((_ extract 3 2) Z2) (bvmul #b11 ((_ extract 1 0) G2))))))
     (let ((a!21 ((_ extract 21 21)
                   (bvadd ((_ extract 27 2) a!20)
                          (concat #x0 a!19 ((_ extract 1 1) N2) #b0))))
           (a!22 ((_ extract 23 23)
                   (bvadd ((_ extract 27 2) a!20)
                          (concat #x0 a!19 ((_ extract 1 1) N2) #b0))))
           (a!39 ((_ extract 21 21)
                   (bvadd ((_ extract 27 2) a!38)
                          (concat #x0 a!37 ((_ extract 1 1) G4) #b0))))
           (a!40 ((_ extract 23 23)
                   (bvadd ((_ extract 27 2) a!38)
                          (concat #x0 a!37 ((_ extract 1 1) G4) #b0))))
           (a!46 (bvadd (concat #x0
                                a!44
                                (bvxor ((_ extract 0 0) R1)
                                       ((_ extract 1 1) R1))
                                ((_ extract 0 0) R1))
                        ((_ extract 27 2)
                          (bvadd (concat #b0000000 R1 #b0)
                                 ((_ extract 31 4) a!45)))))
           (a!48 (= ((_ extract 15 15) (bvadd a!47 ((_ extract 27 2) a!17)))
                    #b1))
           (a!49 (= ((_ extract 18 18) (bvadd a!47 ((_ extract 27 2) a!17)))
                    #b1))
           (a!50 (= ((_ extract 23 23) (bvadd a!47 ((_ extract 27 2) a!17)))
                    #b1))
           (a!51 (= ((_ extract 19 19) (bvadd a!47 ((_ extract 27 2) a!17)))
                    #b1))
           (a!52 (= ((_ extract 14 14) (bvadd a!47 ((_ extract 27 2) a!17)))
                    #b1))
           (a!53 (= ((_ extract 16 16) (bvadd a!47 ((_ extract 27 2) a!17)))
                    #b1))
           (a!54 (= ((_ extract 13 13) (bvadd a!47 ((_ extract 27 2) a!17)))
                    #b1))
           (a!55 (= ((_ extract 20 20) (bvadd a!47 ((_ extract 27 2) a!17)))
                    #b1))
           (a!56 (= ((_ extract 17 17) (bvadd a!47 ((_ extract 27 2) a!17)))
                    #b1))
           (a!57 (= ((_ extract 11 11) (bvadd a!47 ((_ extract 27 2) a!17)))
                    #b1))
           (a!58 (= ((_ extract 23 23) (bvadd a!47 ((_ extract 27 2) a!13)))
                    #b1))
           (a!64 (or ((_ bit2bool 19) X2)
                     (= ((_ extract 0 0) X2) #b1)
                     (not (= ((_ extract 12 12) a!63) #b1))
                     (not (= ((_ extract 13 13) a!63) #b1))
                     (not (= ((_ extract 15 15) a!63) #b1))
                     (not (= ((_ extract 9 9) a!63) #b1))
                     (not (= ((_ extract 23 23) a!63) #b1))
                     (not (= ((_ extract 11 11) a!63) #b1))
                     (not (= ((_ extract 16 16) a!63) #b1))
                     (not (= ((_ extract 14 14) a!63) #b1))
                     (not (= ((_ extract 21 21) a!63) #b1))))
           (a!77 (bvadd (concat #b000000 R1)
                        ((_ extract 27 2) (bvadd a!76 ((_ extract 31 4) a!45)))))
           (a!81 (or (not (= ((_ extract 0 0) X2) #b0))
                     (not (= ((_ extract 23 23) a!80) #b1))
                     (not (= ((_ extract 21 21) a!80) #b1))))
           (a!83 (= ((_ extract 23 23)
                      (bvadd ((_ extract 27 2) a!82) (concat #b000000 G4)))
                    #b1))
           (a!84 (bvadd a!47
                        ((_ extract 29 4)
                          (bvadd ((_ extract 37 8) X1) (concat #x00 G3)))))
           (a!87 (bvadd (concat #b000000 R1)
                        ((_ extract 27 2) (bvadd ((_ extract 31 4) a!86) a!76))))
           (a!88 (= ((_ extract 23 23)
                      (bvadd ((_ extract 27 2) a!82) (concat #b00000 G4 #b0)))
                    #b1)))
     (let ((a!85 (or (not (= ((_ extract 23 23) a!84) #b1))
                     (= ((_ extract 0 0) G4) #b1))))
     (let ((a!130 (and (or ((_ bit2bool 0) Z) (= A1 #b0))
                       (not ((_ bit2bool 3) N4))
                       (not ((_ bit2bool 2) N4))
                       (not ((_ bit2bool 1) N4))
                       (not ((_ bit2bool 0) N4))
                       (not ((_ bit2bool 11) R3))
                       (not ((_ bit2bool 10) R3))
                       (not ((_ bit2bool 9) R3))
                       (not ((_ bit2bool 8) R3))
                       (not ((_ bit2bool 3) R3))
                       (not ((_ bit2bool 2) R3))
                       (not ((_ bit2bool 7) U3))
                       (not ((_ bit2bool 6) U3))
                       (not ((_ bit2bool 5) U3))
                       (not ((_ bit2bool 4) U3))
                       (not ((_ bit2bool 5) W3))
                       (not ((_ bit2bool 4) W3))
                       (not ((_ bit2bool 3) W3))
                       (not ((_ bit2bool 2) W3))
                       (not ((_ bit2bool 13) P3))
                       (not ((_ bit2bool 12) P3))
                       (not ((_ bit2bool 11) P3))
                       (not ((_ bit2bool 10) P3))
                       (not ((_ bit2bool 5) P3))
                       (not ((_ bit2bool 4) P3))
                       (not ((_ bit2bool 1) Z3))
                       (not ((_ bit2bool 0) Z3))
                       (not (= ((_ extract 0 0) W3) #b1))
                       (not ((_ bit2bool 9) T3))
                       (not ((_ bit2bool 8) T3))
                       (not ((_ bit2bool 7) T3))
                       (not ((_ bit2bool 6) T3))
                       (not ((_ bit2bool 1) T3))
                       (not ((_ bit2bool 0) T3))
                       (not (= ((_ extract 17 17) E1) #b1))
                       (not (= ((_ extract 17 17) W2) #b1))
                       (or (not (= N1 #x00000))
                           ((_ bit2bool 1) V2)
                           (not ((_ bit2bool 1) H1)))
                       (or ((_ bit2bool 0) E1)
                           ((_ bit2bool 0) P1)
                           (not ((_ bit2bool 0) W2)))
                       (or ((_ bit2bool 1) W2)
                           ((_ bit2bool 0) P1)
                           ((_ bit2bool 1) P1)
                           ((_ bit2bool 0) W2)
                           (not ((_ bit2bool 1) E1)))
                       (or (not ((_ bit2bool 0) H1))
                           (= ((_ extract 0 0) N1) #b1)
                           (= ((_ extract 0 0) V2) #b1))
                       (or ((_ bit2bool 1) P1)
                           (not ((_ bit2bool 2) P1))
                           (not ((_ bit2bool 1) W2))
                           (not (= E1 #b000000000000000100)))
                       (not (= ((_ extract 17 17) P1) #b1))
                       (or ((_ bit2bool 0) N1)
                           (not ((_ bit2bool 0) V2))
                           (= ((_ extract 0 0) H1) #b1))
                       a!1
                       a!2
                       a!4
                       (or (not (= X2 #x00000)) (not a!5))
                       (or ((_ bit2bool 14) G4)
                           ((_ bit2bool 17) G4)
                           ((_ bit2bool 18) G4)
                           ((_ bit2bool 19) G4)
                           ((_ bit2bool 0) G4)
                           ((_ bit2bool 1) G4)
                           ((_ bit2bool 2) G4)
                           ((_ bit2bool 9) G4)
                           ((_ bit2bool 15) G4)
                           ((_ bit2bool 16) G4)
                           ((_ bit2bool 3) G4)
                           ((_ bit2bool 4) G4)
                           ((_ bit2bool 5) G4)
                           ((_ bit2bool 6) G4)
                           ((_ bit2bool 8) G4)
                           ((_ bit2bool 7) G4)
                           ((_ bit2bool 10) G4)
                           ((_ bit2bool 11) G4)
                           ((_ bit2bool 12) G4)
                           ((_ bit2bool 13) G4)
                           (not a!6))
                       (or (not (= D2 #x00000)) (not a!7))
                       (or (not (= Y2 #x00000)) (not a!8))
                       (or ((_ bit2bool 19) G4) (not a!6) (not a!9) (not a!10))
                       (not ((_ bit2bool 6) R3))
                       (not (= ((_ extract 22 22) a!11) #b1))
                       (not (= ((_ extract 22 22) a!12) #b1))
                       a!14
                       (or ((_ bit2bool 19) N2) (not a!15) (not a!16))
                       (not (= ((_ extract 22 22) a!17) #b1))
                       (or ((_ bit2bool 0) N2)
                           (not (= a!21 #b1))
                           (not (= a!22 #b1)))
                       (or ((_ bit2bool 19) X2)
                           (not a!5)
                           (not a!23)
                           (not a!24)
                           (not a!25)
                           (not a!26))
                       (or ((_ bit2bool 19) N2)
                           (not a!28)
                           (not a!29)
                           (not a!30))
                       (or ((_ bit2bool 19) G4)
                           (not a!31)
                           (not a!32)
                           (not a!33))
                       (or ((_ bit2bool 19) G4) (not a!34) (not a!35))
                       (or (= ((_ extract 0 0) G4) #b1)
                           (not (= a!39 #b1))
                           (not (= a!40 #b1)))
                       a!42
                       (not (= ((_ extract 23 23) a!46) #b1))
                       (or ((_ bit2bool 19) G4)
                           (not a!48)
                           (not a!49)
                           (not a!50)
                           (not a!51)
                           (not a!52)
                           (not a!53)
                           (not a!54)
                           (not a!55)
                           (not a!56)
                           (not a!57))
                       (or (not a!58) (= ((_ extract 0 0) G4) #b1))
                       a!60
                       a!64
                       (or (not (= J1 #b1))
                           ((_ bit2bool 0) D2)
                           ((_ bit2bool 19) D2)
                           (not a!7)
                           (not a!65)
                           (not a!66)
                           (not a!67)
                           (not a!68)
                           (not a!69)
                           (not a!70)
                           (not a!71)
                           (not a!72)
                           (not a!73)
                           (not a!74)
                           (not a!75))
                       (not (= ((_ extract 22 22) a!77) #b1))
                       a!78
                       (or ((_ bit2bool 17) G4)
                           ((_ bit2bool 18) G4)
                           (not a!6)
                           (not a!9)
                           (not a!10))
                       (or ((_ bit2bool 15) X2)
                           ((_ bit2bool 12) X2)
                           ((_ bit2bool 13) X2)
                           ((_ bit2bool 14) X2)
                           ((_ bit2bool 16) X2)
                           ((_ bit2bool 17) X2)
                           ((_ bit2bool 18) X2)
                           (not a!5)
                           (not a!23)
                           (not a!79)
                           (not a!24))
                       (or ((_ bit2bool 13) D2)
                           ((_ bit2bool 14) D2)
                           ((_ bit2bool 15) D2)
                           ((_ bit2bool 17) D2)
                           ((_ bit2bool 9) D2)
                           ((_ bit2bool 10) D2)
                           ((_ bit2bool 11) D2)
                           ((_ bit2bool 12) D2)
                           ((_ bit2bool 16) D2)
                           ((_ bit2bool 18) D2)
                           (not a!7)
                           (not a!65)
                           (not a!68)
                           (not a!71)
                           (not a!72))
                       (not (= ((_ extract 23 23) a!59) #b1))
                       (not ((_ bit2bool 0) R3))
                       (not ((_ bit2bool 1) R3))
                       a!81
                       (or (not a!50) (= ((_ extract 0 0) G4) #b1))
                       (not a!83)
                       a!85
                       (not ((_ bit2bool 3) T3))
                       (not (= ((_ extract 22 22) a!87) #b1))
                       (not (= ((_ extract 25 25) a!45) #b1))
                       (or (not a!88) (= ((_ extract 0 0) G4) #b1))
                       (not (= ((_ extract 23 23) a!89) #b1))
                       (not (= ((_ extract 24 24) a!86) #b1))
                       (or (not a!90) (not a!91))
                       (or (not a!25) (not a!26) (not a!92))
                       (not a!93)
                       (not ((_ bit2bool 5) T3))
                       (not ((_ bit2bool 4) T3))
                       (not ((_ bit2bool 2) T3))
                       (not ((_ bit2bool 3) U3))
                       (not ((_ bit2bool 2) U3))
                       (not ((_ bit2bool 1) U3))
                       (not ((_ bit2bool 0) U3))
                       (not a!94)
                       (not ((_ bit2bool 1) W3))
                       (not ((_ bit2bool 7) R3))
                       (not ((_ bit2bool 5) R3))
                       (not ((_ bit2bool 4) R3))
                       (not a!95)
                       (or (not a!66) (not a!69) (not a!73) (not a!96))
                       (or (not a!97) (not a!98) (not a!99) (not a!100))
                       (or (not a!101) (not a!102) (not a!103) (not a!104))
                       (or (not ((_ bit2bool 29) F1))
                           (not ((_ bit2bool 31) F1))
                           (not ((_ bit2bool 33) F1))
                           (not ((_ bit2bool 35) F1)))
                       (not ((_ bit2bool 9) P3))
                       (not ((_ bit2bool 8) P3))
                       (not ((_ bit2bool 7) P3))
                       (not ((_ bit2bool 6) P3))
                       (not ((_ bit2bool 3) P3))
                       (not ((_ bit2bool 2) P3))
                       (not ((_ bit2bool 1) P3))
                       (not ((_ bit2bool 0) P3))
                       (= a!105 #b000000000)
                       a!106
                       a!107
                       (= a!108 #b00)
                       a!110
                       (= ((_ extract 7 6) a!113) #b00)
                       a!114
                       (or (not (= B2 #b1)) a!115)
                       (or (not (= R1 #x00000)) (= E2 #x00000))
                       (or (not (= L #x00000)) (= Y1 #x00000))
                       (or (not (= N2 #x00000)) (= S #x00000))
                       (or (= F4 #x00000) (not (= G4 #x00000)))
                       (or (not (= X2 #x00000)) (= Q #x00000))
                       (or (= H3 #x00000) (not (= D2 #x00000)))
                       a!118
                       (or (= Y1 #x00000) (= Y #b00000000000000001) (not a!117))
                       (or (= E2 #x00000)
                           (= A2 #b00000000000000001)
                           (not (= E2 a!119)))
                       (or (= S #x00000)
                           (= X #b00000000000000001)
                           (not (= S a!120)))
                       (or (= Q #x00000)
                           (= V #b00000000000000001)
                           (not (= Q a!121)))
                       (or (= F4 #x00000)
                           (= W #b00000000000000001)
                           (not (= F4 a!122)))
                       a!123
                       (or (= H3 #x00000)
                           (= O2 #b00000000000000001)
                           (not (= H3 a!124)))
                       a!125
                       (or (= V1 #x00000)
                           (= U #b00000000000000001)
                           (not (= V1 a!126)))
                       (or (= P #x00000) (= Z1 #b00000000000000001) (not a!127))
                       a!128
                       a!129)))
       (= (INV!slice!1 A
                       B
                       C
                       D
                       E
                       F
                       G
                       H
                       I
                       J
                       K
                       L
                       M
                       N
                       O
                       P
                       Q
                       R
                       S
                       T
                       U
                       V
                       W
                       X
                       Y
                       Z
                       A1
                       B1
                       C1
                       D1
                       E1
                       F1
                       G1
                       H1
                       I1
                       J1
                       K1
                       L1
                       M1
                       N1
                       O1
                       P1
                       Q1
                       R1
                       S1
                       T1
                       U1
                       V1
                       W1
                       X1
                       Y1
                       Z1
                       A2
                       B2
                       C2
                       D2
                       E2
                       F2
                       G2
                       H2
                       I2
                       J2
                       K2
                       L2
                       M2
                       N2
                       O2
                       P2
                       Q2
                       R2
                       S2
                       T2
                       U2
                       V2
                       W2
                       X2
                       Y2
                       Z2
                       A3
                       B3
                       C3
                       D3
                       E3
                       F3
                       G3
                       H3
                       I3
                       J3
                       K3
                       L3
                       M3
                       N3
                       O3
                       P3
                       Q3
                       R3
                       S3
                       T3
                       U3
                       V3
                       W3
                       X3
                       Y3
                       Z3
                       A4
                       B4
                       C4
                       D4
                       E4
                       F4
                       G4
                       H4
                       I4
                       J4
                       K4
                       L4
                       M4
                       N4
                       O4
                       P4
                       Q4
                       R4)
          a!130)))))))
     :weight 0))
