unsat
(forall ((A (_ BitVec 21))
         (B (_ BitVec 21))
         (C (_ BitVec 1))
         (D (_ BitVec 1))
         (E (_ BitVec 1))
         (F (_ BitVec 21))
         (G (_ BitVec 21))
         (H (_ BitVec 21))
         (I (_ BitVec 14))
         (J (_ BitVec 1))
         (K (_ BitVec 40))
         (L (_ BitVec 1))
         (M (_ BitVec 21))
         (N (_ BitVec 1))
         (O (_ BitVec 1))
         (P (_ BitVec 1))
         (Q (_ BitVec 21))
         (R (_ BitVec 1))
         (S (_ BitVec 14))
         (T (_ BitVec 21))
         (U (_ BitVec 14))
         (V (_ BitVec 21))
         (W (_ BitVec 14))
         (X (_ BitVec 21))
         (Y (_ BitVec 14))
         (Z (_ BitVec 14))
         (A1 (_ BitVec 21))
         (B1 (_ BitVec 21))
         (C1 (_ BitVec 21))
         (D1 (_ BitVec 35))
         (E1 (_ BitVec 35))
         (F1 (_ BitVec 40))
         (G1 (_ BitVec 1))
         (H1 (_ BitVec 21))
         (I1 (_ BitVec 1))
         (J1 (_ BitVec 1))
         (K1 (_ BitVec 21))
         (L1 (_ BitVec 26))
         (M1 (_ BitVec 21))
         (N1 (_ BitVec 14))
         (O1 (_ BitVec 1))
         (P1 (_ BitVec 21))
         (Q1 (_ BitVec 14))
         (R1 (_ BitVec 9))
         (S1 (_ BitVec 21))
         (T1 (_ BitVec 1))
         (U1 (_ BitVec 21))
         (V1 (_ BitVec 21))
         (W1 (_ BitVec 21))
         (X1 (_ BitVec 14))
         (Y1 (_ BitVec 1))
         (Z1 (_ BitVec 1))
         (A2 (_ BitVec 21))
         (B2 (_ BitVec 14))
         (C2 (_ BitVec 21))
         (D2 (_ BitVec 21))
         (E2 (_ BitVec 21))
         (F2 (_ BitVec 21))
         (G2 (_ BitVec 21))
         (H2 (_ BitVec 21))
         (I2 (_ BitVec 21))
         (J2 (_ BitVec 35))
         (K2 (_ BitVec 1))
         (L2 (_ BitVec 35))
         (M2 (_ BitVec 1))
         (N2 (_ BitVec 35))
         (O2 (_ BitVec 40))
         (P2 (_ BitVec 35))
         (Q2 (_ BitVec 21))
         (R2 (_ BitVec 21))
         (S2 (_ BitVec 21))
         (T2 (_ BitVec 1))
         (U2 (_ BitVec 1))
         (V2 (_ BitVec 14))
         (W2 (_ BitVec 10))
         (X2 (_ BitVec 23))
         (Y2 (_ BitVec 10))
         (Z2 (_ BitVec 23))
         (A3 (_ BitVec 10))
         (B3 (_ BitVec 23))
         (C3 (_ BitVec 23))
         (D3 (_ BitVec 10))
         (E3 (_ BitVec 23))
         (F3 (_ BitVec 1))
         (G3 (_ BitVec 1))
         (H3 (_ BitVec 1))
         (I3 (_ BitVec 1))
         (J3 (_ BitVec 1))
         (K3 (_ BitVec 1))
         (L3 (_ BitVec 1))
         (M3 (_ BitVec 1))
         (N3 (_ BitVec 23))
         (O3 (_ BitVec 23))
         (P3 (_ BitVec 35))
         (Q3 (_ BitVec 7))
         (R3 (_ BitVec 1))
         (S3 (_ BitVec 1))
         (T3 (_ BitVec 1))
         (U3 (_ BitVec 1))
         (V3 (_ BitVec 1))
         (W3 (_ BitVec 21))
         (X3 (_ BitVec 13))
         (Y3 (_ BitVec 13))
         (Z3 (_ BitVec 24))
         (A4 (_ BitVec 21))
         (B4 (_ BitVec 24))
         (C4 (_ BitVec 14))
         (D4 (_ BitVec 10))
         (E4 (_ BitVec 1))
         (F4 (_ BitVec 1))
         (G4 (_ BitVec 24))
         (H4 (_ BitVec 1))
         (I4 (_ BitVec 40))
         (J4 (_ BitVec 24))
         (K4 (_ BitVec 1)))
  (! (let ((a!1 (not (= F1 (concat ((_ extract 19 0) K) #x00000))))
           (a!2 (or ((_ bit2bool 23) K)
                    (= M3 #b0)
                    ((_ bit2bool 3) K)
                    (not ((_ bit2bool 2) K))
                    (not (= ((_ extract 22 22) K) #b1))
                    (= ((_ extract 3 3) G2) #b1)))
           (a!3 (or (= M3 #b0)
                    ((_ bit2bool 0) K)
                    (not ((_ bit2bool 1) K))
                    (= ((_ extract 0 0) G2) #b1)
                    (not (= ((_ extract 20 20) K) #b1))))
           (a!4 (or (= H2 #b000000000000000000000)
                    ((_ bit2bool 2) K)
                    (not ((_ bit2bool 21) K))
                    (not ((_ bit2bool 22) K))
                    (not ((_ bit2bool 0) K))
                    (not ((_ bit2bool 2) G2))
                    (not (= ((_ extract 20 20) K) #b1))))
           (a!5 (or (= H2 #b000000000000000000000)
                    ((_ bit2bool 1) G2)
                    (not ((_ bit2bool 1) K))
                    (not ((_ bit2bool 0) K))
                    (not (= ((_ extract 39 20) K) #xfffff))))
           (a!6 (or (not (= J #b1))
                    ((_ bit2bool 0) R3)
                    ((_ bit2bool 2) V2)
                    (= A4 #b000000000000000000000)
                    (not (= W1 #b000000000000000000000))
                    (= ((_ extract 3 3) V2) #b1)
                    (= ((_ extract 16 16) L1) #b1)
                    (not (= ((_ extract 15 13) L1) #b100))))
           (a!7 (or (not (= J #b1))
                    (= A4 #b000000000000000000000)
                    (not (= W1 #b000000000000000000000))
                    ((_ bit2bool 2) G2)
                    (not (= ((_ extract 22 22) K) #b1))))
           (a!8 (or (not (= J #b1))
                    (= H2 #b000000000000000000000)
                    ((_ bit2bool 0) W1)
                    (= ((_ extract 0 0) G2) #b1)
                    (not (= ((_ extract 20 20) K) #b1))))
           (a!9 (or (= A4 #b000000000000000000000)
                    (not ((_ bit2bool 3) L1))
                    (not ((_ bit2bool 2) L1))
                    (= ((_ extract 3 3) V2) #b1)
                    (not (= ((_ extract 25 13) L1) #b1111111111100))))
           (a!10 (or (= A4 #b000000000000000000000)
                     ((_ bit2bool 23) K)
                     (not ((_ bit2bool 3) K))
                     (not ((_ bit2bool 2) K))
                     (not (= ((_ extract 22 22) K) #b1))
                     (not (= ((_ extract 3 3) G2) #b1))))
           (a!11 (or ((_ bit2bool 0) V2)
                     (= A4 #b000000000000000000000)
                     (not ((_ bit2bool 13) L1))
                     (not (= ((_ extract 2 0) L1) #b010))))
           (a!12 (or ((_ bit2bool 1) K)
                     (= A4 #b000000000000000000000)
                     ((_ bit2bool 0) K)
                     (not ((_ bit2bool 2) K))
                     (not ((_ bit2bool 2) G2))
                     (not (= ((_ extract 22 22) K) #b1))))
           (a!13 (not (= (bvxor ((_ extract 25 25) L1) ((_ extract 39 39) K))
                         R3)))
           (a!15 (or ((_ bit2bool 1) L1)
                     (= A4 #b000000000000000000000)
                     ((_ bit2bool 14) L1)
                     (not ((_ bit2bool 0) L1))
                     (not (= ((_ extract 2 0) V2) #b000))))
           (a!16 (or (= R3 #b0)
                     (= F2 #b000000000000000000000)
                     (not (= W1 #b000000000000000000000))
                     (not (= K2 #b1))
                     (not (= ((_ extract 25 25) L1) #b1))
                     (not (= ((_ extract 2 0) V2) #b000))))
           (a!17 (or (= A4 #b000000000000000000000)
                     (not ((_ bit2bool 2) V2))
                     (= ((_ extract 3 3) V2) #b1)
                     (= ((_ extract 16 16) L1) #b1)
                     (not (= ((_ extract 12 0) L1) #b1111111111001))))
           (a!18 (or (= H2 #b000000000000000000000)
                     (not (= K2 #b1))
                     (= ((_ extract 3 3) V2) #b1)
                     (not (= ((_ extract 2 2) V2) #b1))
                     (not (= ((_ extract 25 13) L1) #b1111111111001))))
           (a!19 (or (not (= J #b1))
                     ((_ bit2bool 20) K)
                     (= H2 #b000000000000000000000)
                     (not ((_ bit2bool 21) K))
                     ((_ bit2bool 1) G2)
                     (not (= ((_ extract 1 0) W1) #b00))))
           (a!20 (or (= A4 #b000000000000000000000)
                     (not ((_ bit2bool 1) L1))
                     (not (= ((_ extract 2 0) V2) #b100))
                     (not (= ((_ extract 15 13) L1) #b011))))
           (a!21 (or ((_ bit2bool 1) L1)
                     ((_ bit2bool 14) L1)
                     (= E2 #b000000000000000000000)
                     (not ((_ bit2bool 0) L1))
                     (not (= ((_ extract 2 0) V2) #b100))))
           (a!22 (or (not ((_ bit2bool 15) L1))
                     (= E2 #b000000000000000000000)
                     (not ((_ bit2bool 0) L1))
                     (not (= ((_ extract 2 0) V2) #b100))
                     (= ((_ extract 2 2) L1) #b1)))
           (a!23 (or (not (= J #b1))
                     (= F2 #b000000000000000000000)
                     (not ((_ bit2bool 2) V2))
                     (not (= ((_ extract 25 13) L1) #b1111111111100))
                     (not (= ((_ extract 3 3) V2) #b0))))
           (a!24 ((_ extract 23 2)
                   (bvadd (concat #b0 O3) (concat #b000 ((_ extract 22 2) N3)))))
           (a!27 (concat ((_ extract 30 2)
                           (bvadd ((_ extract 34 4) J2) (concat #x00 X2)))
                         (bvadd ((_ extract 1 0) X2) ((_ extract 5 4) J2))
                         ((_ extract 3 0) J2)))
           (a!29 (concat ((_ extract 28 2)
                           (bvadd (concat #b000000 Z2) ((_ extract 34 6) D1)))
                         (bvadd ((_ extract 1 0) Z2) ((_ extract 7 6) D1))
                         ((_ extract 5 0) D1)))
           (a!31 (concat ((_ extract 26 2)
                           (bvadd ((_ extract 34 8) L2) (concat #x0 B3)))
                         (bvadd ((_ extract 9 8) L2) ((_ extract 1 0) B3))
                         ((_ extract 7 0) L2)))
           (a!33 (concat ((_ extract 24 2)
                           (bvadd ((_ extract 34 10) E1) (concat #b00 C3)))
                         (bvadd ((_ extract 1 0) C3) ((_ extract 11 10) E1))
                         ((_ extract 9 0) E1)))
           (a!36 (bvmul #b11111111111111111111111111111111111
                        (concat (bvadd E3 ((_ extract 34 12) N2))
                                ((_ extract 11 0) N2))))
           (a!38 (= ((_ extract 34 21)
                      (bvmul #b11111111111111111111111111111111111 P2))
                    (concat ((_ extract 20 20)
                              (bvmul #b111111111111111111111 I2))
                            ((_ extract 20 20)
                              (bvmul #b111111111111111111111 I2))
                            ((_ extract 20 20)
                              (bvmul #b111111111111111111111 I2))
                            ((_ extract 20 20)
                              (bvmul #b111111111111111111111 I2))
                            ((_ extract 20 20)
                              (bvmul #b111111111111111111111 I2))
                            ((_ extract 20 20)
                              (bvmul #b111111111111111111111 I2))
                            ((_ extract 20 20)
                              (bvmul #b111111111111111111111 I2))
                            ((_ extract 20 20)
                              (bvmul #b111111111111111111111 I2))
                            ((_ extract 20 20)
                              (bvmul #b111111111111111111111 I2))
                            ((_ extract 20 20)
                              (bvmul #b111111111111111111111 I2))
                            ((_ extract 20 20)
                              (bvmul #b111111111111111111111 I2))
                            ((_ extract 20 20)
                              (bvmul #b111111111111111111111 I2))
                            ((_ extract 20 20)
                              (bvmul #b111111111111111111111 I2))
                            ((_ extract 20 20)
                              (bvmul #b111111111111111111111 I2)))))
           (a!39 (or ((_ bit2bool 2) V2)
                     ((_ bit2bool 2) L1)
                     (= H2 #b000000000000000000000)
                     (not ((_ bit2bool 1) L1))
                     (not (= ((_ extract 25 13) L1) #b1111111111010))))
           (a!40 (not (= (bvxor ((_ extract 12 12) Y3) ((_ extract 39 39) F1))
                         (bvxor ((_ extract 25 25) L1) ((_ extract 39 39) K)))))
           (a!41 (= ((_ extract 12 12) Y3)
                    (ite (= ((_ extract 39 39) F1) #b1) #b1 #b0)))
           (a!42 (or (= F2 #b000000000000000000000)
                     ((_ bit2bool 15) L1)
                     (not (= ((_ extract 2 0) V2) #b000))
                     (not (= ((_ extract 2 0) L1) #b001))))
           (a!43 (or ((_ bit2bool 1) V2)
                     ((_ bit2bool 2) V2)
                     (not (= W1 #b000000000000000000000))
                     (not ((_ bit2bool 15) L1))
                     (= E2 #b000000000000000000000)
                     (= ((_ extract 39 39) F1) #b1)
                     (= ((_ extract 16 16) L1) #b1)
                     (= ((_ extract 0 0) V2) #b1)
                     (not (= R3 ((_ extract 39 39) F1)))
                     (= ((_ extract 2 2) Y3) #b1)))
           (a!44 (or ((_ bit2bool 15) L1)
                     (= D2 #b000000000000000000000)
                     (not (= ((_ extract 2 0) V2) #b000))
                     (not (= ((_ extract 2 0) L1) #b001))))
           (a!45 (or (= I2 #b000000000000000000000)
                     (not ((_ bit2bool 15) L1))
                     (not (= ((_ extract 2 0) V2) #b100))
                     (not (= ((_ extract 12 0) L1) #b1111111111001))))
           (a!46 (or (= S1 #b000000000000000000000)
                     (not (= J #b1))
                     (= ((_ extract 3 3) V2) #b1)
                     (not (= ((_ extract 2 0) V2) #b100))
                     (not (= ((_ extract 25 13) L1) #b1111111111001))))
           (a!47 (or (= I2 #b000000000000000000000)
                     ((_ bit2bool 19) K)
                     ((_ bit2bool 39) K)
                     (not ((_ bit2bool 1) K))
                     (not (= ((_ extract 19 3) G2) #b00000000000000000))
                     (not (= ((_ extract 22 20) K) #b110))))
           (a!48 (or (= G3 #b0)
                     (not (= E4 #b0))
                     (not (= ((_ extract 0 0) Q3) #b0))))
           (a!49 (or ((_ bit2bool 1) Q3)
                     (not ((_ bit2bool 0) H3))
                     (not (= O (bvnot H3)))))
           (a!50 (or ((_ bit2bool 2) Q3) (not (= Y1 (bvnot I3)))))
           (a!51 (or ((_ bit2bool 3) Q3) (not (= (bvnot J3) N))))
           (a!52 (= Q3
                    (concat ((_ extract 5 0) Q3)
                            (bvxor ((_ extract 12 12) Y3)
                                   ((_ extract 39 39) F1)))))
           (a!54 (= ((_ extract 25 25) L1)
                    (ite (= ((_ extract 39 39) K) #b1) #b1 #b0)))
           (a!55 (not (= (concat ((_ extract 3 0) Q3) R3) ((_ extract 4 0) Q3))))
           (a!57 (not (= (bvxor ((_ extract 25 25) L1) ((_ extract 39 39) K))
                         (bvxor ((_ extract 12 12) Y3) ((_ extract 39 39) F1)))))
           (a!59 (or (= I2 #b000000000000000000000)
                     (not ((_ bit2bool 2) K))
                     (not ((_ bit2bool 1) K))
                     (= ((_ extract 2 2) G2) #b1)
                     (not (= ((_ extract 22 20) K) #b110))))
           (a!60 (or (not (= W1 #b000000000000000000000))
                     (= H2 #b000000000000000000000)
                     (not (= K2 #b1))
                     (not (= ((_ extract 22 22) K) #b1))
                     (= ((_ extract 2 2) G2) #b1)))
           (a!61 (or ((_ bit2bool 2) V2)
                     ((_ bit2bool 0) L1)
                     (= I2 #b000000000000000000000)
                     (not ((_ bit2bool 2) L1))
                     (not (= ((_ extract 15 13) L1) #b001))))
           (a!62 (= ((_ extract 34 21) P3)
                    (concat ((_ extract 20 20)
                              (bvmul #b111111111111111111111 S1))
                            ((_ extract 20 20)
                              (bvmul #b111111111111111111111 S1))
                            ((_ extract 20 20)
                              (bvmul #b111111111111111111111 S1))
                            ((_ extract 20 20)
                              (bvmul #b111111111111111111111 S1))
                            ((_ extract 20 20)
                              (bvmul #b111111111111111111111 S1))
                            ((_ extract 20 20)
                              (bvmul #b111111111111111111111 S1))
                            ((_ extract 20 20)
                              (bvmul #b111111111111111111111 S1))
                            ((_ extract 20 20)
                              (bvmul #b111111111111111111111 S1))
                            ((_ extract 20 20)
                              (bvmul #b111111111111111111111 S1))
                            ((_ extract 20 20)
                              (bvmul #b111111111111111111111 S1))
                            ((_ extract 20 20)
                              (bvmul #b111111111111111111111 S1))
                            ((_ extract 20 20)
                              (bvmul #b111111111111111111111 S1))
                            ((_ extract 20 20)
                              (bvmul #b111111111111111111111 S1))
                            ((_ extract 20 20)
                              (bvmul #b111111111111111111111 S1)))))
           (a!64 (or ((_ bit2bool 4) Q3) (not (= F4 (bvnot K3)))))
           (a!65 (or ((_ bit2bool 5) Q3) (not (= L (bvnot L3)))))
           (a!66 (or ((_ bit2bool 6) Q3) (not (= Z1 (bvnot M3))))))
     (let ((a!14 (or ((_ bit2bool 13) V2)
                     (not (= J #b1))
                     (= H2 #b000000000000000000000)
                     (not ((_ bit2bool 25) L1))
                     (not ((_ bit2bool 2) G2))
                     (= ((_ extract 3 3) G2) #b1)
                     (not (= ((_ extract 39 20) K) #xffffc))
                     a!13))
           (a!25 (bvmul #b11111111111111111111111111111111111
                        (concat #b000000000
                                a!24
                                (bvadd ((_ extract 3 2) N3)
                                       ((_ extract 1 0) O3))
                                ((_ extract 1 0) N3))))
           (a!28 (= ((_ extract 34 21)
                      (bvmul #b11111111111111111111111111111111111 a!27))
                    (concat ((_ extract 20 20)
                              (bvmul #b111111111111111111111 D2))
                            ((_ extract 20 20)
                              (bvmul #b111111111111111111111 D2))
                            ((_ extract 20 20)
                              (bvmul #b111111111111111111111 D2))
                            ((_ extract 20 20)
                              (bvmul #b111111111111111111111 D2))
                            ((_ extract 20 20)
                              (bvmul #b111111111111111111111 D2))
                            ((_ extract 20 20)
                              (bvmul #b111111111111111111111 D2))
                            ((_ extract 20 20)
                              (bvmul #b111111111111111111111 D2))
                            ((_ extract 20 20)
                              (bvmul #b111111111111111111111 D2))
                            ((_ extract 20 20)
                              (bvmul #b111111111111111111111 D2))
                            ((_ extract 20 20)
                              (bvmul #b111111111111111111111 D2))
                            ((_ extract 20 20)
                              (bvmul #b111111111111111111111 D2))
                            ((_ extract 20 20)
                              (bvmul #b111111111111111111111 D2))
                            ((_ extract 20 20)
                              (bvmul #b111111111111111111111 D2))
                            ((_ extract 20 20)
                              (bvmul #b111111111111111111111 D2)))))
           (a!30 (= ((_ extract 34 21)
                      (bvmul #b11111111111111111111111111111111111 a!29))
                    (concat ((_ extract 20 20)
                              (bvmul #b111111111111111111111 E2))
                            ((_ extract 20 20)
                              (bvmul #b111111111111111111111 E2))
                            ((_ extract 20 20)
                              (bvmul #b111111111111111111111 E2))
                            ((_ extract 20 20)
                              (bvmul #b111111111111111111111 E2))
                            ((_ extract 20 20)
                              (bvmul #b111111111111111111111 E2))
                            ((_ extract 20 20)
                              (bvmul #b111111111111111111111 E2))
                            ((_ extract 20 20)
                              (bvmul #b111111111111111111111 E2))
                            ((_ extract 20 20)
                              (bvmul #b111111111111111111111 E2))
                            ((_ extract 20 20)
                              (bvmul #b111111111111111111111 E2))
                            ((_ extract 20 20)
                              (bvmul #b111111111111111111111 E2))
                            ((_ extract 20 20)
                              (bvmul #b111111111111111111111 E2))
                            ((_ extract 20 20)
                              (bvmul #b111111111111111111111 E2))
                            ((_ extract 20 20)
                              (bvmul #b111111111111111111111 E2))
                            ((_ extract 20 20)
                              (bvmul #b111111111111111111111 E2)))))
           (a!32 (= ((_ extract 34 21)
                      (bvmul #b11111111111111111111111111111111111 a!31))
                    (concat ((_ extract 20 20)
                              (bvmul #b111111111111111111111 F2))
                            ((_ extract 20 20)
                              (bvmul #b111111111111111111111 F2))
                            ((_ extract 20 20)
                              (bvmul #b111111111111111111111 F2))
                            ((_ extract 20 20)
                              (bvmul #b111111111111111111111 F2))
                            ((_ extract 20 20)
                              (bvmul #b111111111111111111111 F2))
                            ((_ extract 20 20)
                              (bvmul #b111111111111111111111 F2))
                            ((_ extract 20 20)
                              (bvmul #b111111111111111111111 F2))
                            ((_ extract 20 20)
                              (bvmul #b111111111111111111111 F2))
                            ((_ extract 20 20)
                              (bvmul #b111111111111111111111 F2))
                            ((_ extract 20 20)
                              (bvmul #b111111111111111111111 F2))
                            ((_ extract 20 20)
                              (bvmul #b111111111111111111111 F2))
                            ((_ extract 20 20)
                              (bvmul #b111111111111111111111 F2))
                            ((_ extract 20 20)
                              (bvmul #b111111111111111111111 F2))
                            ((_ extract 20 20)
                              (bvmul #b111111111111111111111 F2)))))
           (a!34 (= ((_ extract 34 21)
                      (bvmul #b11111111111111111111111111111111111 a!33))
                    (concat ((_ extract 20 20)
                              (bvmul #b111111111111111111111 A4))
                            ((_ extract 20 20)
                              (bvmul #b111111111111111111111 A4))
                            ((_ extract 20 20)
                              (bvmul #b111111111111111111111 A4))
                            ((_ extract 20 20)
                              (bvmul #b111111111111111111111 A4))
                            ((_ extract 20 20)
                              (bvmul #b111111111111111111111 A4))
                            ((_ extract 20 20)
                              (bvmul #b111111111111111111111 A4))
                            ((_ extract 20 20)
                              (bvmul #b111111111111111111111 A4))
                            ((_ extract 20 20)
                              (bvmul #b111111111111111111111 A4))
                            ((_ extract 20 20)
                              (bvmul #b111111111111111111111 A4))
                            ((_ extract 20 20)
                              (bvmul #b111111111111111111111 A4))
                            ((_ extract 20 20)
                              (bvmul #b111111111111111111111 A4))
                            ((_ extract 20 20)
                              (bvmul #b111111111111111111111 A4))
                            ((_ extract 20 20)
                              (bvmul #b111111111111111111111 A4))
                            ((_ extract 20 20)
                              (bvmul #b111111111111111111111 A4)))))
           (a!37 (= ((_ extract 34 21) a!36)
                    (concat ((_ extract 20 20)
                              (bvmul #b111111111111111111111 H2))
                            ((_ extract 20 20)
                              (bvmul #b111111111111111111111 H2))
                            ((_ extract 20 20)
                              (bvmul #b111111111111111111111 H2))
                            ((_ extract 20 20)
                              (bvmul #b111111111111111111111 H2))
                            ((_ extract 20 20)
                              (bvmul #b111111111111111111111 H2))
                            ((_ extract 20 20)
                              (bvmul #b111111111111111111111 H2))
                            ((_ extract 20 20)
                              (bvmul #b111111111111111111111 H2))
                            ((_ extract 20 20)
                              (bvmul #b111111111111111111111 H2))
                            ((_ extract 20 20)
                              (bvmul #b111111111111111111111 H2))
                            ((_ extract 20 20)
                              (bvmul #b111111111111111111111 H2))
                            ((_ extract 20 20)
                              (bvmul #b111111111111111111111 H2))
                            ((_ extract 20 20)
                              (bvmul #b111111111111111111111 H2))
                            ((_ extract 20 20)
                              (bvmul #b111111111111111111111 H2))
                            ((_ extract 20 20)
                              (bvmul #b111111111111111111111 H2)))))
           (a!53 (or (not a!52) (not a!41) (not (= L (bvnot L3)))))
           (a!56 (or (not a!54) a!13 (not (= (bvnot K3) F4)) a!55))
           (a!58 (or a!13
                     (not a!41)
                     (not (= R3 ((_ extract 0 0) Q3)))
                     (not (= ((_ extract 5 1) Q3) ((_ extract 4 0) Q3)))
                     (not (= L (bvnot L3)))
                     a!57))
           (a!63 (or (= S1 #b000000000000000000000)
                     a!62
                     (not (= U2 (bvnot T2)))
                     (not ((_ bit2bool 0) I)))))
     (let ((a!26 (= ((_ extract 34 21) a!25)
                    (concat ((_ extract 20 20)
                              (bvmul #b111111111111111111111 K1))
                            ((_ extract 20 20)
                              (bvmul #b111111111111111111111 K1))
                            ((_ extract 20 20)
                              (bvmul #b111111111111111111111 K1))
                            ((_ extract 20 20)
                              (bvmul #b111111111111111111111 K1))
                            ((_ extract 20 20)
                              (bvmul #b111111111111111111111 K1))
                            ((_ extract 20 20)
                              (bvmul #b111111111111111111111 K1))
                            ((_ extract 20 20)
                              (bvmul #b111111111111111111111 K1))
                            ((_ extract 20 20)
                              (bvmul #b111111111111111111111 K1))
                            ((_ extract 20 20)
                              (bvmul #b111111111111111111111 K1))
                            ((_ extract 20 20)
                              (bvmul #b111111111111111111111 K1))
                            ((_ extract 20 20)
                              (bvmul #b111111111111111111111 K1))
                            ((_ extract 20 20)
                              (bvmul #b111111111111111111111 K1))
                            ((_ extract 20 20)
                              (bvmul #b111111111111111111111 K1))
                            ((_ extract 20 20)
                              (bvmul #b111111111111111111111 K1)))))
           (a!35 (or (not (= ((_ extract 0 0) U) #b1))
                     (= A4 #b000000000000000000000)
                     a!34)))
     (let ((a!67 (and (or (not (= V3 #b0)) (= U3 #b0))
                      (not ((_ bit2bool 9) W2))
                      (not ((_ bit2bool 8) W2))
                      (not ((_ bit2bool 7) W2))
                      (not ((_ bit2bool 6) W2))
                      (not ((_ bit2bool 5) W2))
                      (not ((_ bit2bool 4) W2))
                      (not ((_ bit2bool 3) W2))
                      (not ((_ bit2bool 2) W2))
                      (not ((_ bit2bool 1) W2))
                      (not ((_ bit2bool 0) W2))
                      (not ((_ bit2bool 5) A3))
                      (not ((_ bit2bool 4) A3))
                      (not ((_ bit2bool 3) A3))
                      (not ((_ bit2bool 2) A3))
                      (not ((_ bit2bool 1) A3))
                      (not ((_ bit2bool 0) A3))
                      (or (= K2 #b0)
                          (= S1 #b000000000000000000000)
                          (not (= O1 #b1)))
                      (or (not (= J #b1)) (not (= K2 #b0)))
                      (or (not (= J #b1)) (not (= O1 #b1)))
                      (not ((_ bit2bool 0) Y2))
                      (or ((_ bit2bool 20) K)
                          (= I2 #b000000000000000000000)
                          ((_ bit2bool 0) G2)
                          (not ((_ bit2bool 0) K)))
                      (or (= I2 #b000000000000000000000)
                          (not ((_ bit2bool 23) K))
                          (not ((_ bit2bool 24) K))
                          ((_ bit2bool 4) G2)
                          (not ((_ bit2bool 4) K))
                          (not ((_ bit2bool 3) K)))
                      (or ((_ bit2bool 1) K)
                          (not ((_ bit2bool 20) K))
                          (= I2 #b000000000000000000000)
                          ((_ bit2bool 21) K)
                          (not ((_ bit2bool 0) K))
                          (= ((_ extract 1 1) G2) #b1))
                      (or (not ((_ bit2bool 20) K))
                          (= I2 #b000000000000000000000)
                          ((_ bit2bool 2) K)
                          ((_ bit2bool 22) K)
                          (not ((_ bit2bool 21) K))
                          ((_ bit2bool 2) G2)
                          (not ((_ bit2bool 0) K)))
                      (or ((_ bit2bool 1) V2)
                          ((_ bit2bool 0) L1)
                          ((_ bit2bool 14) L1)
                          (= I2 #b000000000000000000000)
                          (not ((_ bit2bool 1) L1)))
                      (or (not (= J #b1)) (not ((_ bit2bool 1) L1)))
                      (not ((_ bit2bool 1) Y2))
                      (not ((_ bit2bool 2) Y2))
                      (or (= H2 #b000000000000000000000)
                          (not ((_ bit2bool 15) L1))
                          (not ((_ bit2bool 16) L1))
                          (not ((_ bit2bool 3) L1))
                          (not ((_ bit2bool 2) L1))
                          (= ((_ extract 3 3) V2) #b1))
                      (or (not ((_ bit2bool 0) K))
                          (not (= K2 #b1))
                          (= A4 #b000000000000000000000))
                      (or ((_ bit2bool 20) K)
                          (= M3 #b0)
                          (not ((_ bit2bool 21) K))
                          (not ((_ bit2bool 1) K))
                          (not ((_ bit2bool 1) G2)))
                      (or ((_ bit2bool 20) K)
                          (= M3 #b0)
                          ((_ bit2bool 21) K)
                          ((_ bit2bool 22) K)
                          ((_ bit2bool 2) G2)
                          (not ((_ bit2bool 2) K)))
                      (or (= M3 #b0) (not ((_ bit2bool 2) K)) a!1)
                      a!2
                      (or ((_ bit2bool 2) V2)
                          (not ((_ bit2bool 14) L1))
                          ((_ bit2bool 2) L1)
                          ((_ bit2bool 15) L1)
                          (= M3 #b0)
                          (not ((_ bit2bool 1) L1)))
                      a!3
                      (or (not ((_ bit2bool 1) K)) (not (= K2 #b1)) (= L3 #b0))
                      (not ((_ bit2bool 3) Y2))
                      (or ((_ bit2bool 20) K)
                          (= H2 #b000000000000000000000)
                          (not ((_ bit2bool 0) K))
                          (= ((_ extract 0 0) G2) #b1))
                      (not ((_ bit2bool 6) Y2))
                      (or (= H2 #b000000000000000000000)
                          (not ((_ bit2bool 13) L1))
                          (not ((_ bit2bool 0) L1))
                          (not ((_ bit2bool 0) V2)))
                      (or ((_ bit2bool 1) K)
                          (not ((_ bit2bool 20) K))
                          (= H2 #b000000000000000000000)
                          ((_ bit2bool 21) K)
                          ((_ bit2bool 1) G2)
                          (not ((_ bit2bool 0) K)))
                      (or ((_ bit2bool 23) K)
                          (= H2 #b000000000000000000000)
                          ((_ bit2bool 22) K)
                          (not ((_ bit2bool 3) K))
                          (not ((_ bit2bool 2) G2))
                          (= ((_ extract 3 3) G2) #b1))
                      a!4
                      a!5
                      (or (= H2 #b000000000000000000000)
                          (not ((_ bit2bool 35) K))
                          ((_ bit2bool 14) G2)
                          ((_ bit2bool 15) G2)
                          (not ((_ bit2bool 15) K))
                          (not ((_ bit2bool 14) K)))
                      (or ((_ bit2bool 1) L1)
                          ((_ bit2bool 2) V2)
                          (= F2 #b000000000000000000000)
                          ((_ bit2bool 0) L1)
                          ((_ bit2bool 15) L1)
                          (not ((_ bit2bool 2) L1)))
                      a!6
                      (or ((_ bit2bool 20) K)
                          (= F2 #b000000000000000000000)
                          ((_ bit2bool 21) K)
                          ((_ bit2bool 22) K)
                          ((_ bit2bool 2) G2)
                          (not ((_ bit2bool 2) K)))
                      a!7
                      (or ((_ bit2bool 2) V2)
                          (= A4 #b000000000000000000000)
                          (not ((_ bit2bool 14) L1))
                          ((_ bit2bool 2) L1)
                          ((_ bit2bool 15) L1)
                          (not ((_ bit2bool 1) L1)))
                      (or ((_ bit2bool 1) V2)
                          (= A4 #b000000000000000000000)
                          ((_ bit2bool 14) L1)
                          (not ((_ bit2bool 1) L1))
                          (not ((_ bit2bool 0) V2)))
                      (or (= A4 #b000000000000000000000)
                          ((_ bit2bool 20) K)
                          (not ((_ bit2bool 0) K))
                          (= ((_ extract 0 0) G2) #b1))
                      a!8
                      a!9
                      (or ((_ bit2bool 1) L1)
                          ((_ bit2bool 2) V2)
                          (= A4 #b000000000000000000000)
                          ((_ bit2bool 0) L1)
                          ((_ bit2bool 15) L1)
                          (not ((_ bit2bool 2) L1)))
                      (not ((_ bit2bool 4) Y2))
                      (not ((_ bit2bool 0) D4))
                      (or (= A4 #b000000000000000000000)
                          ((_ bit2bool 20) K)
                          ((_ bit2bool 21) K)
                          ((_ bit2bool 22) K)
                          ((_ bit2bool 2) G2)
                          (not ((_ bit2bool 2) K)))
                      a!10
                      (or ((_ bit2bool 13) V2)
                          (= A4 #b000000000000000000000)
                          (not ((_ bit2bool 25) L1))
                          (not ((_ bit2bool 12) L1)))
                      (not ((_ bit2bool 7) Y2))
                      (not ((_ bit2bool 3) D4))
                      (not ((_ bit2bool 1) D3))
                      (or (= A4 #b000000000000000000000)
                          ((_ bit2bool 15) L1)
                          (not ((_ bit2bool 3) L1))
                          (not ((_ bit2bool 2) V2))
                          (= ((_ extract 3 3) V2) #b1)
                          (= ((_ extract 16 16) L1) #b1))
                      (or ((_ bit2bool 1) V2)
                          (= A4 #b000000000000000000000)
                          ((_ bit2bool 0) L1)
                          ((_ bit2bool 14) L1)
                          (not ((_ bit2bool 1) L1)))
                      (or (not ((_ bit2bool 14) L1))
                          ((_ bit2bool 15) L1)
                          (= E2 #b000000000000000000000)
                          (not ((_ bit2bool 2) L1))
                          (not ((_ bit2bool 1) L1))
                          (not ((_ bit2bool 2) V2)))
                      (or ((_ bit2bool 1) V2)
                          ((_ bit2bool 0) L1)
                          ((_ bit2bool 14) L1)
                          (= E2 #b000000000000000000000)
                          (not ((_ bit2bool 1) L1)))
                      (or ((_ bit2bool 3) L1)
                          (not ((_ bit2bool 15) L1))
                          (= E2 #b000000000000000000000)
                          (not ((_ bit2bool 2) L1))
                          (= ((_ extract 3 3) V2) #b1)
                          (= ((_ extract 16 16) L1) #b1))
                      (or (not (= J #b1))
                          ((_ bit2bool 1) V2)
                          ((_ bit2bool 0) R3)
                          (not ((_ bit2bool 14) L1))
                          (= F2 #b000000000000000000000)
                          (not (= W1 #b000000000000000000000))
                          (not ((_ bit2bool 15) L1))
                          (not ((_ bit2bool 2) V2))
                          (= ((_ extract 3 3) V2) #b1)
                          (= ((_ extract 16 16) L1) #b1)
                          (= ((_ extract 13 13) L1) #b1))
                      (not ((_ bit2bool 5) Y2))
                      (not ((_ bit2bool 1) D4))
                      a!11
                      (not ((_ bit2bool 2) D4))
                      (not ((_ bit2bool 0) D3))
                      (or (= A4 #b000000000000000000000)
                          (not ((_ bit2bool 13) L1))
                          (not ((_ bit2bool 0) L1))
                          (not ((_ bit2bool 0) V2)))
                      a!12
                      (or (= A4 #b000000000000000000000)
                          ((_ bit2bool 23) K)
                          ((_ bit2bool 22) K)
                          (not ((_ bit2bool 3) K))
                          (not ((_ bit2bool 2) G2))
                          (= ((_ extract 3 3) G2) #b1))
                      a!14
                      (or (= A4 #b000000000000000000000)
                          (not ((_ bit2bool 35) K))
                          ((_ bit2bool 14) G2)
                          ((_ bit2bool 15) G2)
                          (not ((_ bit2bool 15) K))
                          (not ((_ bit2bool 14) K)))
                      (or (= A4 #b000000000000000000000)
                          ((_ bit2bool 23) K)
                          ((_ bit2bool 2) K)
                          ((_ bit2bool 22) K)
                          (not ((_ bit2bool 3) K))
                          (= ((_ extract 3 3) G2) #b1))
                      a!15
                      (or (= A4 #b000000000000000000000)
                          (not ((_ bit2bool 0) L1))
                          (= ((_ extract 0 0) V2) #b1)
                          (= ((_ extract 13 13) L1) #b1))
                      (or (not ((_ bit2bool 15) L1))
                          (not ((_ bit2bool 16) L1))
                          (= E2 #b000000000000000000000)
                          (not ((_ bit2bool 3) L1))
                          (not ((_ bit2bool 2) L1))
                          (= ((_ extract 3 3) V2) #b1))
                      a!16
                      (or ((_ bit2bool 13) V2)
                          (not ((_ bit2bool 25) L1))
                          (= E2 #b000000000000000000000)
                          (not ((_ bit2bool 12) L1)))
                      (or (= R3 #b0)
                          (not (= J #b1))
                          (= F2 #b000000000000000000000)
                          (not (= W1 #b000000000000000000000))
                          (not ((_ bit2bool 25) L1))
                          (= ((_ extract 3 3) V2) #b1))
                      (or ((_ bit2bool 2) X3)
                          (= E2 #b000000000000000000000)
                          (not ((_ bit2bool 2) L1)))
                      (or (= K1 #b000000000000000000000)
                          (not (= Q2 #b000000000000000000000)))
                      (or (not (= U1 #b000000000000000000000))
                          (= D2 #b000000000000000000000))
                      (or (not (= R2 #b000000000000000000000))
                          (= E2 #b000000000000000000000))
                      (or (= F2 #b000000000000000000000)
                          (not (= A1 #b000000000000000000000)))
                      (or (= A4 #b000000000000000000000)
                          (not (= S2 #b000000000000000000000)))
                      (or ((_ bit2bool 2) V2)
                          (not ((_ bit2bool 14) L1))
                          ((_ bit2bool 2) L1)
                          ((_ bit2bool 15) L1)
                          (= D2 #b000000000000000000000)
                          (not ((_ bit2bool 1) L1)))
                      (or (= A4 #b000000000000000000000)
                          ((_ bit2bool 0) L1)
                          (not ((_ bit2bool 13) L1))
                          (not ((_ bit2bool 2) L1))
                          (= ((_ extract 0 0) V2) #b1))
                      (or (= A4 #b000000000000000000000)
                          ((_ bit2bool 0) K)
                          (not ((_ bit2bool 1) K))
                          (= ((_ extract 1 1) G2) #b1)
                          (= ((_ extract 21 21) K) #b1))
                      a!17
                      a!18
                      a!19
                      a!20
                      a!21
                      (or (= E2 #b000000000000000000000)
                          (not ((_ bit2bool 0) L1))
                          (= ((_ extract 0 0) V2) #b1)
                          (= ((_ extract 13 13) L1) #b1))
                      a!22
                      (or (not ((_ bit2bool 0) L1))
                          (not (= K2 #b1))
                          (= D2 #b000000000000000000000))
                      (or (not (= G3 #b0))
                          (= ((_ extract 0 0) Q3) #b1)
                          (not (= E4 #b1)))
                      (or ((_ bit2bool 0) F3)
                          (not (= R3 #b0))
                          (not ((_ bit2bool 0) P)))
                      (or ((_ bit2bool 1) Q3) (not (= H3 #b0)) (not (= O #b1)))
                      (or (not ((_ bit2bool 1) K))
                          (not (= K2 #b1))
                          (= F2 #b000000000000000000000))
                      (or ((_ bit2bool 15) L1)
                          (= E2 #b000000000000000000000)
                          (not ((_ bit2bool 3) L1))
                          (not ((_ bit2bool 2) V2))
                          (= ((_ extract 3 3) V2) #b1)
                          (= ((_ extract 16 16) L1) #b1))
                      (or ((_ bit2bool 1) L1)
                          ((_ bit2bool 0) L1)
                          (not ((_ bit2bool 15) L1))
                          (= E2 #b000000000000000000000)
                          (not ((_ bit2bool 2) L1))
                          (not ((_ bit2bool 2) V2)))
                      a!23
                      (or (not ((_ bit2bool 0) Z)) a!26)
                      (or (not ((_ bit2bool 0) Q1)) a!28)
                      (or (= E2 #b000000000000000000000)
                          (not ((_ bit2bool 0) Y))
                          a!30)
                      (or (= F2 #b000000000000000000000)
                          (not ((_ bit2bool 0) W))
                          a!32)
                      a!35
                      (or (= H2 #b000000000000000000000)
                          (not ((_ bit2bool 0) B2))
                          a!37)
                      (or (= I2 #b000000000000000000000)
                          a!38
                          (not ((_ bit2bool 0) N1)))
                      a!39
                      (or (not ((_ bit2bool 14) L1))
                          (= F2 #b000000000000000000000)
                          ((_ bit2bool 2) L1)
                          ((_ bit2bool 15) L1)
                          (not ((_ bit2bool 1) L1))
                          (= ((_ extract 2 2) V2) #b1))
                      (or ((_ bit2bool 1) V2)
                          (= F2 #b000000000000000000000)
                          ((_ bit2bool 14) L1)
                          (not ((_ bit2bool 1) L1))
                          (not ((_ bit2bool 0) V2)))
                      (or ((_ bit2bool 2) V2)
                          (= F2 #b000000000000000000000)
                          ((_ bit2bool 3) L1)
                          (not ((_ bit2bool 2) L1))
                          (= ((_ extract 3 3) V2) #b1)
                          (= ((_ extract 16 16) L1) #b1))
                      (or ((_ bit2bool 1) V2)
                          (= F2 #b000000000000000000000)
                          ((_ bit2bool 0) L1)
                          ((_ bit2bool 14) L1)
                          (not ((_ bit2bool 1) L1)))
                      (or ((_ bit2bool 2) V2)
                          (= A4 #b000000000000000000000)
                          (not (= W1 #b000000000000000000000))
                          (not (= K2 #b1))
                          (not ((_ bit2bool 15) L1))
                          (= ((_ extract 3 3) V2) #b1)
                          (= ((_ extract 16 16) L1) #b1)
                          a!13
                          a!40
                          (not a!41))
                      (or (= F2 #b000000000000000000000)
                          (not ((_ bit2bool 0) L1))
                          (= ((_ extract 0 0) V2) #b1)
                          (= ((_ extract 13 13) L1) #b1))
                      a!42
                      (or ((_ bit2bool 1) V2)
                          ((_ bit2bool 14) L1)
                          (= H3 #b0)
                          (not ((_ bit2bool 1) L1))
                          (not ((_ bit2bool 0) V2)))
                      (or ((_ bit2bool 0) Y3)
                          (= D2 #b000000000000000000000)
                          (not ((_ bit2bool 0) L1))
                          (= ((_ extract 0 0) V2) #b1))
                      (or (= D2 #b000000000000000000000)
                          (not ((_ bit2bool 0) L1))
                          (= ((_ extract 0 0) V2) #b1)
                          (= ((_ extract 13 13) L1) #b1))
                      (or ((_ bit2bool 3) L1)
                          (= D2 #b000000000000000000000)
                          (not ((_ bit2bool 2) L1))
                          (= ((_ extract 3 3) V2) #b1)
                          (= ((_ extract 16 16) L1) #b1)
                          (= ((_ extract 2 2) V2) #b1))
                      a!43
                      (or ((_ bit2bool 1) V2)
                          ((_ bit2bool 1) L1)
                          ((_ bit2bool 14) L1)
                          (= D2 #b000000000000000000000)
                          (not ((_ bit2bool 0) L1))
                          (= ((_ extract 0 0) V2) #b1))
                      a!44
                      (or ((_ bit2bool 13) V2)
                          (= I2 #b000000000000000000000)
                          (not ((_ bit2bool 25) L1))
                          (not ((_ bit2bool 12) L1)))
                      (or ((_ bit2bool 1) V2)
                          ((_ bit2bool 1) L1)
                          ((_ bit2bool 14) L1)
                          (= I2 #b000000000000000000000)
                          (not ((_ bit2bool 0) L1))
                          (= ((_ extract 0 0) V2) #b1))
                      (or ((_ bit2bool 15) L1)
                          (= I2 #b000000000000000000000)
                          (not ((_ bit2bool 3) L1))
                          (not ((_ bit2bool 2) V2))
                          (= ((_ extract 3 3) V2) #b1)
                          (= ((_ extract 16 16) L1) #b1))
                      (or (= I2 #b000000000000000000000)
                          (not ((_ bit2bool 0) L1))
                          (= ((_ extract 0 0) V2) #b1)
                          (= ((_ extract 13 13) L1) #b1))
                      a!45
                      a!46
                      (or ((_ bit2bool 1) L1)
                          ((_ bit2bool 2) V2)
                          ((_ bit2bool 0) L1)
                          ((_ bit2bool 15) L1)
                          (= I2 #b000000000000000000000)
                          (not ((_ bit2bool 2) L1)))
                      a!47
                      (or (not ((_ bit2bool 2) L1))
                          (not (= K2 #b1))
                          (= H2 #b000000000000000000000))
                      (or ((_ bit2bool 0) R3) ((_ bit2bool 0) P) (= F3 #b0))
                      a!48
                      a!49
                      a!50
                      a!51
                      a!53
                      a!56
                      a!58
                      (or (= I2 #b000000000000000000000)
                          ((_ bit2bool 2) K)
                          ((_ bit2bool 22) K)
                          (not ((_ bit2bool 21) K))
                          (not ((_ bit2bool 1) K))
                          (= ((_ extract 2 2) G2) #b1))
                      (or (= I2 #b000000000000000000000)
                          ((_ bit2bool 0) K)
                          ((_ bit2bool 21) K)
                          (not ((_ bit2bool 1) K))
                          (= ((_ extract 1 1) G2) #b1))
                      a!59
                      (or (not ((_ bit2bool 14) L1))
                          ((_ bit2bool 0) L1)
                          (= I2 #b000000000000000000000)
                          (not ((_ bit2bool 1) L1))
                          (not ((_ bit2bool 1) V2)))
                      a!60
                      a!61
                      a!63
                      a!64
                      a!65
                      a!66)))
       (= (INV!slice!1 A
                       B
                       C
                       D
                       E
                       F
                       G
                       H
                       I
                       J
                       K
                       L
                       M
                       N
                       O
                       P
                       Q
                       R
                       S
                       T
                       U
                       V
                       W
                       X
                       Y
                       Z
                       A1
                       B1
                       C1
                       D1
                       E1
                       F1
                       G1
                       H1
                       I1
                       J1
                       K1
                       L1
                       M1
                       N1
                       O1
                       P1
                       Q1
                       R1
                       S1
                       T1
                       U1
                       V1
                       W1
                       X1
                       Y1
                       Z1
                       A2
                       B2
                       C2
                       D2
                       E2
                       F2
                       G2
                       H2
                       I2
                       J2
                       K2
                       L2
                       M2
                       N2
                       O2
                       P2
                       Q2
                       R2
                       S2
                       T2
                       U2
                       V2
                       W2
                       X2
                       Y2
                       Z2
                       A3
                       B3
                       C3
                       D3
                       E3
                       F3
                       G3
                       H3
                       I3
                       J3
                       K3
                       L3
                       M3
                       N3
                       O3
                       P3
                       Q3
                       R3
                       S3
                       T3
                       U3
                       V3
                       W3
                       X3
                       Y3
                       Z3
                       A4
                       B4
                       C4
                       D4
                       E4
                       F4
                       G4
                       H4
                       I4
                       J4
                       K4)
          a!67)))))
     :weight 0))
