unsat
(forall ((A (_ BitVec 1))
         (B (_ BitVec 1))
         (C (_ BitVec 7))
         (D (_ BitVec 1))
         (E (_ BitVec 7))
         (F (_ BitVec 4))
         (G (_ BitVec 1))
         (H (_ BitVec 1))
         (I (_ BitVec 1))
         (J (_ BitVec 1))
         (K (_ BitVec 30))
         (L (_ BitVec 4))
         (M (_ BitVec 1))
         (N (_ BitVec 1))
         (O (_ BitVec 1))
         (P (_ BitVec 1))
         (Q (_ BitVec 5))
         (R (_ BitVec 32))
         (S (_ BitVec 5))
         (T (_ BitVec 1))
         (U (_ BitVec 1))
         (V (_ BitVec 1))
         (W (_ BitVec 1))
         (X (_ BitVec 1))
         (Y (_ BitVec 5))
         (Z (_ BitVec 1))
         (A1 (_ BitVec 1))
         (B1 (_ BitVec 1))
         (C1 (_ BitVec 1))
         (D1 (_ BitVec 1))
         (E1 (_ BitVec 64))
         (F1 (_ BitVec 1))
         (G1 (_ BitVec 4))
         (H1 (_ BitVec 32))
         (I1 (_ BitVec 32))
         (J1 (_ BitVec 1))
         (K1 (_ BitVec 1))
         (L1 (_ BitVec 1))
         (M1 (_ BitVec 30))
         (N1 (_ BitVec 30))
         (O1 (_ BitVec 1))
         (P1 (_ BitVec 1))
         (Q1 (_ BitVec 32))
         (R1 (_ BitVec 1))
         (S1 (_ BitVec 32))
         (T1 (_ BitVec 32))
         (U1 (_ BitVec 1))
         (V1 (_ BitVec 1))
         (W1 (_ BitVec 1))
         (X1 (_ BitVec 32))
         (Y1 (_ BitVec 1))
         (Z1 (_ BitVec 7))
         (A2 (_ BitVec 1))
         (B2 (_ BitVec 1))
         (C2 (_ BitVec 32))
         (D2 (_ BitVec 32))
         (E2 (_ BitVec 32))
         (F2 (_ BitVec 1))
         (G2 (_ BitVec 1))
         (H2 (_ BitVec 1))
         (I2 (_ BitVec 1))
         (J2 (_ BitVec 1))
         (K2 (_ BitVec 1))
         (L2 (_ BitVec 1))
         (M2 (_ BitVec 5))
         (N2 (_ BitVec 1))
         (O2 (_ BitVec 1))
         (P2 (_ BitVec 4))
         (Q2 (_ BitVec 7))
         (R2 (_ BitVec 1))
         (S2 (_ BitVec 1))
         (T2 (_ BitVec 1))
         (U2 (_ BitVec 1))
         (V2 (_ BitVec 1))
         (W2 (_ BitVec 1))
         (X2 (_ BitVec 2))
         (Y2 (_ BitVec 32))
         (Z2 (_ BitVec 1))
         (A3 (_ BitVec 1))
         (B3 (_ BitVec 5))
         (C3 (_ BitVec 23))
         (D3 (_ BitVec 1))
         (E3 (_ BitVec 1))
         (F3 (_ BitVec 5))
         (G3 (_ BitVec 1))
         (H3 (_ BitVec 1))
         (I3 (_ BitVec 1))
         (J3 (_ BitVec 1))
         (K3 (_ BitVec 1))
         (L3 (_ BitVec 1))
         (M3 (_ BitVec 1))
         (N3 (_ BitVec 7))
         (O3 (_ BitVec 1))
         (P3 (_ BitVec 1))
         (Q3 (_ BitVec 32))
         (R3 (_ BitVec 1))
         (S3 (_ BitVec 1))
         (T3 (_ BitVec 1))
         (U3 (_ BitVec 1))
         (V3 (_ BitVec 1))
         (W3 (_ BitVec 4))
         (X3 (_ BitVec 32))
         (Y3 (_ BitVec 1))
         (Z3 (_ BitVec 1))
         (A4 (_ BitVec 1))
         (B4 (_ BitVec 1))
         (C4 (_ BitVec 1))
         (D4 (_ BitVec 4))
         (E4 (_ BitVec 1))
         (F4 (_ BitVec 1))
         (G4 (_ BitVec 1))
         (H4 (_ BitVec 1))
         (I4 (_ BitVec 6))
         (J4 (_ BitVec 32))
         (K4 (_ BitVec 1))
         (L4 (_ BitVec 1))
         (M4 (_ BitVec 1))
         (N4 (_ BitVec 1))
         (O4 (_ BitVec 1))
         (P4 (_ BitVec 1))
         (Q4 (_ BitVec 4))
         (R4 (_ BitVec 1))
         (S4 (_ BitVec 1))
         (T4 (_ BitVec 1))
         (U4 (_ BitVec 1))
         (V4 (_ BitVec 4))
         (W4 (_ BitVec 1))
         (X4 (_ BitVec 5))
         (Y4 (_ BitVec 1))
         (Z4 (_ BitVec 1))
         (A5 (_ BitVec 1))
         (B5 (_ BitVec 1))
         (C5 (_ BitVec 32))
         (D5 (_ BitVec 1))
         (E5 (_ BitVec 1))
         (F5 (_ BitVec 15))
         (G5 (_ BitVec 1))
         (H5 (_ BitVec 1))
         (I5 (_ BitVec 1))
         (J5 (_ BitVec 8))
         (K5 (_ BitVec 23))
         (L5 (_ BitVec 1))
         (M5 (_ BitVec 1))
         (N5 (_ BitVec 5))
         (O5 (_ BitVec 1))
         (P5 (_ BitVec 7))
         (Q5 (_ BitVec 1))
         (R5 (_ BitVec 1))
         (S5 (_ BitVec 4))
         (T5 (_ BitVec 1))
         (U5 (_ BitVec 1))
         (V5 (_ BitVec 32))
         (W5 (_ BitVec 32))
         (X5 (_ BitVec 1))
         (Y5 (_ BitVec 2))
         (Z5 (_ BitVec 1))
         (A6 (_ BitVec 1))
         (B6 (Array (_ BitVec 5) (_ BitVec 32)))
         (C6 (_ BitVec 32))
         (D6 (_ BitVec 1))
         (E6 (_ BitVec 1))
         (F6 (_ BitVec 1))
         (G6 (_ BitVec 1))
         (H6 (_ BitVec 32))
         (I6 (_ BitVec 1))
         (J6 (_ BitVec 32))
         (K6 (_ BitVec 1))
         (L6 (_ BitVec 1))
         (M6 (_ BitVec 1))
         (N6 (_ BitVec 32))
         (O6 (_ BitVec 1))
         (P6 (_ BitVec 1))
         (Q6 (_ BitVec 6))
         (R6 (_ BitVec 32))
         (S6 (_ BitVec 32))
         (T6 (_ BitVec 1))
         (U6 (_ BitVec 2))
         (V6 (_ BitVec 1))
         (W6 (_ BitVec 1))
         (X6 (_ BitVec 32))
         (Y6 (_ BitVec 4))
         (Z6 (_ BitVec 1))
         (A7 (_ BitVec 1))
         (B7 (_ BitVec 1))
         (C7 (_ BitVec 1))
         (D7 (_ BitVec 1))
         (E7 (_ BitVec 1))
         (F7 (_ BitVec 1))
         (G7 (_ BitVec 1))
         (H7 (_ BitVec 6))
         (I7 (_ BitVec 1))
         (J7 (_ BitVec 6))
         (K7 (Array (_ BitVec 4) (_ BitVec 8)))
         (L7 (_ BitVec 4))
         (M7 (_ BitVec 4))
         (N7 (_ BitVec 1))
         (O7 (_ BitVec 5))
         (P7 (_ BitVec 1))
         (Q7 (_ BitVec 8))
         (R7 (_ BitVec 1))
         (S7 (_ BitVec 1))
         (T7 (_ BitVec 1))
         (U7 (_ BitVec 30))
         (V7 (_ BitVec 1))
         (W7 (_ BitVec 1))
         (X7 (_ BitVec 8))
         (Y7 (_ BitVec 8))
         (Z7 (_ BitVec 2))
         (A8 (_ BitVec 2))
         (B8 (_ BitVec 1))
         (C8 (_ BitVec 1))
         (D8 (_ BitVec 1))
         (E8 (_ BitVec 1))
         (F8 (_ BitVec 1))
         (G8 (_ BitVec 3))
         (H8 (_ BitVec 1))
         (I8 (_ BitVec 1))
         (J8 (_ BitVec 5))
         (K8 (_ BitVec 32))
         (L8 (_ BitVec 1))
         (M8 (_ BitVec 1))
         (N8 (_ BitVec 1))
         (O8 (_ BitVec 1))
         (P8 (_ BitVec 32))
         (Q8 (_ BitVec 1))
         (R8 (_ BitVec 1)))
  (! (let ((a!1 (and (or (= M4 #b0) (not (= O2 #b1)))
                     (= J3 #b0)
                     (= N4 #b1)
                     (or (= G5 #b1) (not (= P1 #b1)))
                     (or (= M3 #b0) (not (= Z4 #b1)))
                     (or ((_ bit2bool 0) Y1)
                         (not (= R2 #b0))
                         (not ((_ bit2bool 0) V3)))
                     (or (not (= T2 #b0)) (= T5 #b0))
                     (or (not ((_ bit2bool 0) U3)) (not (= O2 #b1)) (= T5 #b0))
                     (or (not (= Z2 #b1)) (not (= K3 #b1)))
                     (or ((_ bit2bool 0) Y4) (not ((_ bit2bool 0) Z5)))
                     (or (= W1 #b0) (not (= S2 #b0)))
                     (or (= W1 #b0) (= Q6 #b000000))
                     (or (= M3 #b0)
                         ((_ bit2bool 0) K4)
                         (not ((_ bit2bool 0) O4)))
                     (or (= Q6 #b000000)
                         (not (= V2 #b1))
                         (not ((_ bit2bool 0) O1)))
                     (or (= S2 #b0)
                         ((_ bit2bool 0) W1)
                         (not ((_ bit2bool 0) O1)))
                     (or (= V2 #b0) (not (= P1 #b1)))
                     (or (= T5 #b0) (= N2 #b1))
                     (or (= S2 #b0) (not (= P1 #b1)))
                     (or (not (= G5 #b1)) (not (= T6 #b1)))
                     (or (not (= S4 #b1)) (not (= O2 #b1)))
                     (or (not (= T5 #b1)) (not ((_ bit2bool 0) G7)))
                     (or (= S4 #b0) (= G5 #b1))
                     (or (not ((_ bit2bool 0) R3))
                         (not (= O2 #b1))
                         (not (= T5 #b1)))
                     (or (not (= T6 #b1)) (= W1 #b0))
                     (or (= W1 #b0) ((_ bit2bool 0) O1) (not (= V2 #b1)))
                     (or (= H3 #b0)
                         (= O2 #b0)
                         (not (= B2 #b0))
                         (not ((_ bit2bool 0) O1))
                         (not (= J1 #b1)))
                     (not (= G4 #b1))
                     (or (not (= Z4 #b1)) (= F8 #b0))
                     (or (= S3 #b0) (not (= Z4 #b1)))
                     (or ((_ bit2bool 0) W2) (= S3 #b0))
                     (or (= ((_ extract 3 1) Z1) #b111)
                         (not ((_ bit2bool 6) Z1)))
                     (or (not (= H2 #b0)) (not (= S3 #b1)))
                     (or (not (= A6 #b1)) (not (= T6 #b1)))
                     (or (not (= T6 #b1)) (= Q6 #b000000))
                     (or (= O1 #b0)
                         (not (= B2 #b0))
                         (not (= J1 #b1))
                         (not (= S3 #b1)))
                     (or ((_ bit2bool 1) P5) (not ((_ bit2bool 1) Q2)))
                     (or ((_ bit2bool 0) A5) (not ((_ bit2bool 0) U3)))
                     (or ((_ bit2bool 0) Z1)
                         ((_ bit2bool 6) Z1)
                         (not ((_ bit2bool 3) Z1))
                         (not ((_ bit2bool 1) Z1))
                         (not ((_ bit2bool 2) Z1))
                         (not (= S3 #b1)))
                     (or (not (= M3 #b0)) (= U4 #b0) (not (= K3 #b1)))
                     (or ((_ bit2bool 0) M3) (not (= F8 #b1)) (not (= K3 #b1)))
                     (or (= R3 #b0) (not (= O3 #b1)))
                     (or (not ((_ bit2bool 5) Z1)) (not ((_ bit2bool 6) Z1)))
                     (or (= O1 #b0)
                         (not (= B2 #b0))
                         ((_ bit2bool 4) P5)
                         (not (= T6 #b0))
                         (= ((_ extract 4 0) Z1) #b01111)
                         (not ((_ bit2bool 3) Z1))
                         (not ((_ bit2bool 1) Z1))
                         (= ((_ extract 17 14) X1) #xe)
                         (not ((_ bit2bool 2) Z1))
                         (not (= V2 #b1))
                         (not (= S3 #b1)))
                     (or ((_ bit2bool 4) P5)
                         (not ((_ bit2bool 4) Z1))
                         (not (= S3 #b1)))
                     (or ((_ bit2bool 5) Z1)
                         (not ((_ bit2bool 0) Z1))
                         (not ((_ bit2bool 1) Z1))
                         (not ((_ bit2bool 2) Z1))
                         (not ((_ bit2bool 3) Z1))
                         (not (= S3 #b1)))
                     (or (= U3 #b0) (not (= K3 #b1)))
                     (or (= R4 #b0) (not (= M3 #b0)) (not (= K3 #b1)))
                     (or (= T5 #b0)
                         ((_ bit2bool 31) X1)
                         (not ((_ bit2bool 31) C6))
                         (not ((_ bit2bool 0) U3))
                         (not (= F1 #b1)))
                     (or ((_ bit2bool 4) Z1)
                         (not ((_ bit2bool 5) Z1))
                         (= ((_ extract 4 0) Z1) #b01111))
                     (or (= T5 #b0)
                         (not ((_ bit2bool 0) R3))
                         (not ((_ bit2bool 0) O1))
                         (not (= F1 #b1)))
                     (or (= S3 #b0) (= O1 #b0) (= ((_ extract 26 25) X1) #b10))
                     (or ((_ bit2bool 31) X1) (not (= T6 #b1)))
                     (or (= O1 #b0)
                         (not (= B2 #b0))
                         (not (= T6 #b0))
                         (= ((_ extract 31 31) X1) #b0)
                         (not (= V2 #b1)))
                     (or (= L2 #b0)
                         (= ((_ extract 31 31) X1) #b0)
                         (not (= V2 #b1)))
                     (or (not (= G5 #b1)) (not (= O2 #b1)) (not (= V2 #b1)))
                     (or (= O1 #b0)
                         ((_ bit2bool 0) Y4)
                         ((_ bit2bool 0) X5)
                         (= C1 #b0))
                     (or (not ((_ bit2bool 0) B1)) (not (= O3 #b1)))
                     (or (= O1 #b0)
                         ((_ bit2bool 0) Q4)
                         ((_ bit2bool 0) X5)
                         (= C1 #b0))
                     (or (= ((_ extract 3 1) Q2) #b111)
                         (not ((_ bit2bool 3) P5))
                         (not ((_ bit2bool 2) P5))
                         (not ((_ bit2bool 1) P5)))
                     (or ((_ bit2bool 0) P5) (not ((_ bit2bool 0) Q2)))
                     (or ((_ bit2bool 0) P5)
                         (= H3 #b0)
                         (= O1 #b0)
                         (not ((_ bit2bool 3) Q2))
                         (not ((_ bit2bool 1) Q2))
                         (not ((_ bit2bool 2) Q2))
                         (= ((_ extract 30 27) X1) #xe))
                     (or (not (= T6 #b1)) (not (= O2 #b1)) (not (= S2 #b1)))
                     (or ((_ bit2bool 2) Z1) (not ((_ bit2bool 5) Z1)))
                     (or ((_ bit2bool 31) C6) (not (= D6 #b1)) (not (= O2 #b1)))
                     (or (not ((_ bit2bool 3) Q2))
                         (not ((_ bit2bool 1) Q2))
                         (not ((_ bit2bool 2) Q2))
                         (= ((_ extract 3 1) P5) #b111))
                     (or (not (= O2 #b1)) (not (= X2 #b00)))
                     (or (= U2 #b0) (not (= M3 #b0)) (not (= K3 #b1)))
                     (or (not (= K3 #b1)) (not (= R3 #b1)))
                     (or ((_ bit2bool 6) Q2) (not ((_ bit2bool 6) P5)))
                     (or (= T5 #b0)
                         (not (= R2 #b0))
                         (not ((_ bit2bool 4) Z1))
                         (not (= S3 #b1)))
                     (or ((_ bit2bool 0) Y1)
                         (= T5 #b0)
                         (not (= V3 #b0))
                         (not ((_ bit2bool 4) Z1))
                         (not (= S3 #b1)))
                     (or (not ((_ bit2bool 0) U3)) (not (= O3 #b1)))
                     (or (not (= T5 #b1)) (not (= P3 #b1)))
                     (or (not (= T6 #b1)) (= H3 #b1))
                     (or (not (= T6 #b1)) (not (= V2 #b0)))
                     (or (not (= D6 #b1)) ((_ bit2bool 31) C6) (not (= T5 #b1)))
                     (or (not (= U4 #b1)) (not (= Z4 #b1)))
                     (or (not (= I7 #b1)) (= T5 #b0) (not ((_ bit2bool 13) C3)))
                     (or (= T5 #b0)
                         (= C1 #b0)
                         (not ((_ bit2bool 3) Z1))
                         (not ((_ bit2bool 1) Z1))
                         (not ((_ bit2bool 2) Z1))
                         (not ((_ bit2bool 0) S3)))
                     (or (= C1 #b0)
                         (not ((_ bit2bool 3) Q2))
                         (not ((_ bit2bool 1) Q2))
                         (not ((_ bit2bool 2) Q2)))
                     (or ((_ bit2bool 0) Y1)
                         (= H3 #b0)
                         (not (= V3 #b0))
                         (not (= O1 #b1))
                         (not ((_ bit2bool 3) Q2))
                         (= ((_ extract 4 0) Q2) #b01111)
                         (not ((_ bit2bool 1) Q2))
                         (not ((_ bit2bool 2) Q2))
                         (= ((_ extract 30 27) X1) #xe)
                         (= H2 #b0))
                     (or (not (= V2 #b0)) (= C1 #b0))
                     (or (not ((_ bit2bool 2) B3))
                         (not ((_ bit2bool 3) B3))
                         (not ((_ bit2bool 1) B3))
                         (not (= S3 #b1))))))
       (= (INV!slice!1 A
                       B
                       C
                       D
                       E
                       F
                       G
                       H
                       I
                       J
                       K
                       L
                       M
                       N
                       O
                       P
                       Q
                       R
                       S
                       T
                       U
                       V
                       W
                       X
                       Y
                       Z
                       A1
                       B1
                       C1
                       D1
                       E1
                       F1
                       G1
                       H1
                       I1
                       J1
                       K1
                       L1
                       M1
                       N1
                       O1
                       P1
                       Q1
                       R1
                       S1
                       T1
                       U1
                       V1
                       W1
                       X1
                       Y1
                       Z1
                       A2
                       B2
                       C2
                       D2
                       E2
                       F2
                       G2
                       H2
                       I2
                       J2
                       K2
                       L2
                       M2
                       N2
                       O2
                       P2
                       Q2
                       R2
                       S2
                       T2
                       U2
                       V2
                       W2
                       X2
                       Y2
                       Z2
                       A3
                       B3
                       C3
                       D3
                       E3
                       F3
                       G3
                       H3
                       I3
                       J3
                       K3
                       L3
                       M3
                       N3
                       O3
                       P3
                       Q3
                       R3
                       S3
                       T3
                       U3
                       V3
                       W3
                       X3
                       Y3
                       Z3
                       A4
                       B4
                       C4
                       D4
                       E4
                       F4
                       G4
                       H4
                       I4
                       J4
                       K4
                       L4
                       M4
                       N4
                       O4
                       P4
                       Q4
                       R4
                       S4
                       T4
                       U4
                       V4
                       W4
                       X4
                       Y4
                       Z4
                       A5
                       B5
                       C5
                       D5
                       E5
                       F5
                       G5
                       H5
                       I5
                       J5
                       K5
                       L5
                       M5
                       N5
                       O5
                       P5
                       Q5
                       R5
                       S5
                       T5
                       U5
                       V5
                       W5
                       X5
                       Y5
                       Z5
                       A6
                       B6
                       C6
                       D6
                       E6
                       F6
                       G6
                       H6
                       I6
                       J6
                       K6
                       L6
                       M6
                       N6
                       O6
                       P6
                       Q6
                       R6
                       S6
                       T6
                       U6
                       V6
                       W6
                       X6
                       Y6
                       Z6
                       A7
                       B7
                       C7
                       D7
                       E7
                       F7
                       G7
                       H7
                       I7
                       J7
                       K7
                       L7
                       M7
                       N7
                       O7
                       P7
                       Q7
                       R7
                       S7
                       T7
                       U7
                       V7
                       W7
                       X7
                       Y7
                       Z7
                       A8
                       B8
                       C8
                       D8
                       E8
                       F8
                       G8
                       H8
                       I8
                       J8
                       K8
                       L8
                       M8
                       N8
                       O8
                       P8
                       Q8
                       R8)
          a!1))
     :weight 0))
