unsat
(forall ((A (_ BitVec 23))
         (B (_ BitVec 1))
         (C (_ BitVec 1))
         (D (_ BitVec 4))
         (E (_ BitVec 30))
         (F (_ BitVec 4))
         (G (_ BitVec 1))
         (H (_ BitVec 1))
         (I (_ BitVec 1))
         (J (_ BitVec 1))
         (K (_ BitVec 32))
         (L (_ BitVec 1))
         (M (_ BitVec 1))
         (N (_ BitVec 32))
         (O (_ BitVec 1))
         (P (_ BitVec 1))
         (Q (_ BitVec 1))
         (R (_ BitVec 1))
         (S (_ BitVec 1))
         (T (_ BitVec 1))
         (U (_ BitVec 1))
         (V (_ BitVec 1))
         (W (_ BitVec 32))
         (X (_ BitVec 32))
         (Y (_ BitVec 1))
         (Z (_ BitVec 32))
         (A1 (_ BitVec 1))
         (B1 (_ BitVec 6))
         (C1 (_ BitVec 32))
         (D1 (_ BitVec 32))
         (E1 (_ BitVec 30))
         (F1 (_ BitVec 30))
         (G1 (_ BitVec 1))
         (H1 (_ BitVec 32))
         (I1 (_ BitVec 32))
         (J1 (_ BitVec 1))
         (K1 (_ BitVec 32))
         (L1 (_ BitVec 32))
         (M1 (_ BitVec 1))
         (N1 (_ BitVec 32))
         (O1 (_ BitVec 1))
         (P1 (_ BitVec 5))
         (Q1 (_ BitVec 1))
         (R1 (_ BitVec 1))
         (S1 (_ BitVec 1))
         (T1 (_ BitVec 15))
         (U1 (_ BitVec 8))
         (V1 (_ BitVec 1))
         (W1 (_ BitVec 7))
         (X1 (_ BitVec 1))
         (Y1 (_ BitVec 1))
         (Z1 (_ BitVec 1))
         (A2 (_ BitVec 1))
         (B2 (_ BitVec 32))
         (C2 (_ BitVec 5))
         (D2 (_ BitVec 32))
         (E2 (_ BitVec 1))
         (F2 (_ BitVec 1))
         (G2 (_ BitVec 1))
         (H2 (_ BitVec 8))
         (I2 (_ BitVec 1))
         (J2 (_ BitVec 1))
         (K2 (_ BitVec 1))
         (L2 (_ BitVec 1))
         (M2 (_ BitVec 1))
         (N2 (_ BitVec 5))
         (O2 (_ BitVec 1))
         (P2 (_ BitVec 1))
         (Q2 (_ BitVec 1))
         (R2 (_ BitVec 4))
         (S2 (_ BitVec 1))
         (T2 (_ BitVec 7))
         (U2 (_ BitVec 1))
         (V2 (_ BitVec 1))
         (W2 (_ BitVec 1))
         (X2 (_ BitVec 1))
         (Y2 (_ BitVec 1))
         (Z2 (_ BitVec 5))
         (A3 (_ BitVec 1))
         (B3 (_ BitVec 64))
         (C3 (_ BitVec 2))
         (D3 (_ BitVec 30))
         (E3 (_ BitVec 5))
         (F3 (_ BitVec 23))
         (G3 (_ BitVec 32))
         (H3 (_ BitVec 1))
         (I3 (_ BitVec 1))
         (J3 (_ BitVec 5))
         (K3 (_ BitVec 1))
         (L3 (_ BitVec 1))
         (M3 (_ BitVec 1))
         (N3 (_ BitVec 1))
         (O3 (_ BitVec 1))
         (P3 (_ BitVec 1))
         (Q3 (_ BitVec 7))
         (R3 (_ BitVec 1))
         (S3 (_ BitVec 1))
         (T3 (_ BitVec 1))
         (U3 (_ BitVec 1))
         (V3 (_ BitVec 1))
         (W3 (_ BitVec 1))
         (X3 (_ BitVec 1))
         (Y3 (_ BitVec 1))
         (Z3 (_ BitVec 7))
         (A4 (_ BitVec 1))
         (B4 (_ BitVec 1))
         (C4 (_ BitVec 1))
         (D4 (_ BitVec 4))
         (E4 (_ BitVec 32))
         (F4 (_ BitVec 1))
         (G4 (_ BitVec 1))
         (H4 (_ BitVec 1))
         (I4 (_ BitVec 1))
         (J4 (_ BitVec 8))
         (K4 (_ BitVec 4))
         (L4 (_ BitVec 1))
         (M4 (_ BitVec 1))
         (N4 (_ BitVec 1))
         (O4 (_ BitVec 6))
         (P4 (_ BitVec 1))
         (Q4 (_ BitVec 1))
         (R4 (_ BitVec 1))
         (S4 (_ BitVec 1))
         (T4 (_ BitVec 1))
         (U4 (_ BitVec 8))
         (V4 (_ BitVec 1))
         (W4 (_ BitVec 4))
         (X4 (_ BitVec 5))
         (Y4 (_ BitVec 1))
         (Z4 (_ BitVec 1))
         (A5 (_ BitVec 1))
         (B5 (_ BitVec 4))
         (C5 (_ BitVec 1))
         (D5 (_ BitVec 1))
         (E5 (_ BitVec 5))
         (F5 (_ BitVec 1))
         (G5 (_ BitVec 1))
         (H5 (_ BitVec 1))
         (I5 (_ BitVec 1))
         (J5 (_ BitVec 32))
         (K5 (_ BitVec 1))
         (L5 (_ BitVec 1))
         (M5 (_ BitVec 1))
         (N5 (_ BitVec 1))
         (O5 (_ BitVec 1))
         (P5 (_ BitVec 1))
         (Q5 (_ BitVec 1))
         (R5 (_ BitVec 1))
         (S5 (_ BitVec 32))
         (T5 (_ BitVec 1))
         (U5 (_ BitVec 32))
         (V5 (_ BitVec 4))
         (W5 (_ BitVec 1))
         (X5 (_ BitVec 7))
         (Y5 (_ BitVec 1))
         (Z5 (_ BitVec 1))
         (A6 (_ BitVec 4))
         (B6 (_ BitVec 32))
         (C6 (_ BitVec 1))
         (D6 (_ BitVec 1))
         (E6 (_ BitVec 1))
         (F6 (_ BitVec 1))
         (G6 (_ BitVec 1))
         (H6 (_ BitVec 1))
         (I6 (_ BitVec 1))
         (J6 (_ BitVec 1))
         (K6 (_ BitVec 1))
         (L6 (_ BitVec 32))
         (M6 (Array (_ BitVec 5) (_ BitVec 32)))
         (N6 (_ BitVec 1))
         (O6 (_ BitVec 1))
         (P6 (_ BitVec 1))
         (Q6 (_ BitVec 1))
         (R6 (_ BitVec 1))
         (S6 (_ BitVec 6))
         (T6 (_ BitVec 1))
         (U6 (_ BitVec 32))
         (V6 (_ BitVec 32))
         (W6 (_ BitVec 1))
         (X6 (_ BitVec 1))
         (Y6 (_ BitVec 1))
         (Z6 (_ BitVec 4))
         (A7 (_ BitVec 1))
         (B7 (_ BitVec 2))
         (C7 (_ BitVec 1))
         (D7 (_ BitVec 1))
         (E7 (_ BitVec 1))
         (F7 (_ BitVec 1))
         (G7 (_ BitVec 1))
         (H7 (_ BitVec 1))
         (I7 (_ BitVec 1))
         (J7 (_ BitVec 6))
         (K7 (Array (_ BitVec 4) (_ BitVec 8)))
         (L7 (_ BitVec 4))
         (M7 (_ BitVec 4))
         (N7 (_ BitVec 1))
         (O7 (_ BitVec 1))
         (P7 (_ BitVec 3))
         (Q7 (_ BitVec 5))
         (R7 (_ BitVec 1))
         (S7 (_ BitVec 1))
         (T7 (_ BitVec 1))
         (U7 (_ BitVec 2))
         (V7 (_ BitVec 2))
         (W7 (_ BitVec 1))
         (X7 (_ BitVec 1))
         (Y7 (_ BitVec 1))
         (Z7 (_ BitVec 1))
         (A8 (_ BitVec 1))
         (B8 (_ BitVec 2))
         (C8 (_ BitVec 1))
         (D8 (_ BitVec 32))
         (E8 (_ BitVec 1))
         (F8 (_ BitVec 7))
         (G8 (_ BitVec 1))
         (H8 (_ BitVec 1))
         (I8 (_ BitVec 5))
         (J8 (_ BitVec 32))
         (K8 (_ BitVec 1))
         (L8 (_ BitVec 1))
         (M8 (_ BitVec 1))
         (N8 (_ BitVec 32))
         (O8 (_ BitVec 1))
         (P8 (_ BitVec 1))
         (Q8 (_ BitVec 1)))
  (! (let ((a!1 (or (= L7 (bvadd #xf M7))
                    (bvule M7 #x9)
                    (= M7 #xa)
                    (not ((_ bit2bool 5) (select K7 #x9)))
                    (not ((_ bit2bool 7) (select K7 #x9)))
                    (not ((_ bit2bool 6) (select K7 #x9)))
                    (not (= P3 #b1))
                    (not (bvule M7 (bvadd #x1 L7)))))
           (a!2 (or (= M7 #x9)
                    (bvule (bvadd #x1 M7) #x9)
                    (not (= R3 #b1))
                    (not (bvule (bvadd #x1 L7) #x9))))
           (a!3 ((_ extract 4 3)
                  (bvlshr #xd18131210020100
                          (concat #b000000000000000000000000000000000000000000000000000000
                                  ((_ extract 10 8) T1)
                                  #b000))))
           (a!4 ((_ extract 4 1)
                  (bvlshr #xd18131210020100
                          (concat #b000000000000000000000000000000000000000000000000000000
                                  ((_ extract 10 8) T1)
                                  #b000))))
           (a!5 (or (not (bvule L7 #x9))
                    (bvule M7 #x9)
                    (= M7 #xa)
                    (not ((_ bit2bool 5) (select K7 #x9)))
                    (not ((_ bit2bool 7) (select K7 #x9)))
                    (not ((_ bit2bool 6) (select K7 #x9)))))
           (a!6 (or ((_ bit2bool 0) V1)
                    (= Y2 #b0)
                    (not (= ((_ extract 3 1) W1) #b111))
                    (= ((_ extract 31 31) G3) #b1)
                    (= ((_ extract 17 14) G3) #xe)
                    (not ((_ bit2bool 0) B4))
                    (= ((_ extract 4 0) W1) (concat B4 #xf))))
           (a!7 (or (= Y2 #b0)
                    ((_ bit2bool 0) W1)
                    (not (= ((_ extract 3 1) W1) #b111))
                    (= ((_ extract 31 31) G3) #b1)
                    (= ((_ extract 17 14) G3) #xe)))
           (a!8 (or (not (bvule L7 #x9))
                    (bvule M7 #x9)
                    (not (= T4 #b0))
                    (= A7 #b1)
                    (not ((_ bit2bool 5) (select K7 #x9)))
                    (not ((_ bit2bool 7) (select K7 #x9)))
                    (not ((_ bit2bool 6) (select K7 #x9)))))
           (a!9 (or (= M7 L7)
                    (bvule M7 #x9)
                    (not (= T4 #b0))
                    (not (bvule M7 L7))
                    (= A7 #b1)
                    (not ((_ bit2bool 5) (select K7 #x9)))
                    (not ((_ bit2bool 7) (select K7 #x9)))
                    (not ((_ bit2bool 6) (select K7 #x9)))))
           (a!10 (or (not (bvule L7 #x9))
                     (not ((_ bit2bool 5) (select K7 #x9)))
                     (= M7 #x9)
                     (not ((_ bit2bool 7) (select K7 #x9)))
                     (not ((_ bit2bool 6) (select K7 #x9)))
                     (bvule (bvadd #x1 M7) #x9)
                     (not (= Q2 #b1))))
           (a!11 (or (= M7 L7)
                     (bvule M7 #x9)
                     (= M7 #xa)
                     (not (bvule M7 L7))
                     (not ((_ bit2bool 5) (select K7 #x9)))
                     (not ((_ bit2bool 7) (select K7 #x9)))
                     (not ((_ bit2bool 6) (select K7 #x9)))))
           (a!12 (or (not (bvule L7 #x9))
                     (= M7 L7)
                     (not (bvule M7 L7))
                     (not ((_ bit2bool 5) (select K7 #x9)))
                     (not ((_ bit2bool 7) (select K7 #x9)))
                     (not ((_ bit2bool 6) (select K7 #x9)))))
           (a!13 (or (= E8 #b0)
                     ((_ bit2bool 0) B8)
                     (= Q2 #b0)
                     (not (= ((_ extract 31 31) B6) #b1))
                     (not (= ((_ extract 0 0) E1) #b1))
                     (= ((_ extract 31 31) G3) #b1)
                     (not (= P3 #b1))
                     (not (= ((_ extract 2 2) D1) #b1))))
           (a!14 (or (= E8 #b0)
                     (bvule M7 #x9)
                     (= M7 #xa)
                     (not ((_ bit2bool 5) (select K7 #x9)))
                     (not ((_ bit2bool 7) (select K7 #x9)))
                     (not ((_ bit2bool 6) (select K7 #x9)))
                     (not (bvule (bvadd #x1 L7) #x9))))
           (a!15 (or (bvule M7 #x9)
                     (= M7 #xa)
                     (= P3 #b0)
                     (not ((_ bit2bool 5) (select K7 #x9)))
                     (not ((_ bit2bool 7) (select K7 #x9)))
                     (not ((_ bit2bool 6) (select K7 #x9)))
                     (not (bvule (bvadd #x1 L7) #x9))))
           (a!16 (or (= L7 (bvadd #xf M7))
                     (not ((_ bit2bool 5) (select K7 #x9)))
                     (not ((_ bit2bool 7) (select K7 #x9)))
                     (not ((_ bit2bool 6) (select K7 #x9)))
                     (not (= P3 #b1))
                     (not (bvule (bvadd #x1 L7) #x9))
                     (not (bvule M7 (bvadd #x1 L7)))))
           (a!17 (or (not ((_ bit2bool 5) (select K7 #x9)))
                     (= M7 #x9)
                     (not ((_ bit2bool 7) (select K7 #x9)))
                     (not ((_ bit2bool 6) (select K7 #x9)))
                     (bvule (bvadd #x1 M7) #x9)
                     (not (= Q2 #b1))
                     (not (bvule (bvadd #x1 L7) #x9))))
           (a!18 (or (= C3 #b01)
                     (not ((_ bit2bool 5) (select K7 #x9)))
                     (not ((_ bit2bool 7) (select K7 #x9)))
                     (not ((_ bit2bool 6) (select K7 #x9)))
                     (bvule (bvadd #x1 M7) #x9)
                     (not (bvule (bvadd #x1 M7) L7))
                     (not (= X3 #b1))
                     (not (= Q2 #b1))))
           (a!19 (or (bvule M7 #x9)
                     (= P3 #b0)
                     (= D5 #b1)
                     (= M7 (bvadd #x1 L7))
                     (= Y6 #b1)
                     (not (bvule M7 (bvadd #x1 L7)))))
           (a!20 (or (not ((_ bit2bool 5) (select K7 #x9)))
                     (= M7 #x9)
                     (not ((_ bit2bool 7) (select K7 #x9)))
                     (not ((_ bit2bool 6) (select K7 #x9)))
                     (bvule (bvadd #x1 M7) #x9)
                     (not (bvule (bvadd #x1 M7) L7))
                     (not (= Q2 #b1))))
           (a!21 (or (= L7 (bvadd #xf M7))
                     (bvule M7 #x9)
                     (not (= T4 #b0))
                     (= A7 #b1)
                     (not ((_ bit2bool 5) (select K7 #x9)))
                     (not ((_ bit2bool 7) (select K7 #x9)))
                     (not ((_ bit2bool 6) (select K7 #x9)))
                     (not (= P3 #b1))
                     (not (bvule M7 (bvadd #x1 L7)))))
           (a!22 (or (= C3 #b01)
                     (= L7 (bvadd #xf M7))
                     (bvule M7 #x9)
                     (= P3 #b0)
                     (= A7 #b1)
                     (not (bvule M7 (bvadd #x1 L7)))))
           (a!23 (or (not ((_ bit2bool 5) (select K7 #x9)))
                     (not ((_ bit2bool 7) (select K7 #x9)))
                     (not ((_ bit2bool 6) (select K7 #x9)))
                     (= C6 #b0)
                     (bvule (bvadd #x1 M7) #x9)
                     (= M7 (bvadd #xf L7))
                     (not (= W6 #b1))
                     (not (bvule (bvadd #x1 M7) L7))
                     (not ((_ bit2bool 0) X3))
                     (not (= Q2 #b1))))
           (a!24 (or (= M7 L7)
                     (not ((_ bit2bool 5) (select K7 #x9)))
                     (= M7 #x9)
                     (not ((_ bit2bool 7) (select K7 #x9)))
                     (not ((_ bit2bool 6) (select K7 #x9)))
                     (bvule (bvadd #x1 M7) #x9)
                     (not (= A5 #b1))
                     (not (= Q2 #b1))
                     (= ((_ extract 0 0) V7) #b1)
                     (not (bvule (bvadd #x1 M7) (bvadd #x1 L7)))))
           (a!25 (or (= L7 (bvadd #xf M7))
                     (bvule #x3 (bvadd M7 (bvmul #xf L7)))
                     ((_ bit2bool 0) B8)
                     (not ((_ bit2bool 5) (select K7 #x9)))
                     (not ((_ bit2bool 7) (select K7 #x9)))
                     (not ((_ bit2bool 6) (select K7 #x9)))
                     (bvule (bvadd #x1 M7) #x9)
                     (not (= E8 #b1))
                     (not (= P3 #b1))
                     (not (= Q2 #b1))
                     (not (bvule (bvadd #x1 M7) (bvadd #x2 L7)))))
           (a!26 (or (= M7 L7)
                     (not ((_ bit2bool 5) (select K7 #x9)))
                     (= M7 #x9)
                     (not ((_ bit2bool 7) (select K7 #x9)))
                     (not ((_ bit2bool 6) (select K7 #x9)))
                     (bvule (bvadd #x1 M7) #x9)
                     (not (= E8 #b1))
                     (not (= Q2 #b1))
                     (not (bvule (bvadd #x1 M7) (bvadd #x1 L7)))))
           (a!27 (or (= Y2 #b0)
                     (= Q2 #b0)
                     (not (= ((_ extract 0 0) E1) #b1))
                     (not (= A5 #b1))
                     (not (= P3 #b1))
                     (not (= C6 #b0))
                     (not (= ((_ extract 2 2) D1) #b1))
                     (= ((_ extract 0 0) V7) #b1)))
           (a!28 (or (= L7 (bvadd #xf M7))
                     (not ((_ bit2bool 5) (select K7 #x9)))
                     (= M7 #x9)
                     (not ((_ bit2bool 7) (select K7 #x9)))
                     (not ((_ bit2bool 6) (select K7 #x9)))
                     (bvule (bvadd #x1 M7) #x9)
                     (not (= P3 #b1))
                     (not (= Q2 #b1))
                     (not (bvule (bvadd #x1 M7) (bvadd #x2 L7)))))
           (a!29 (or (= L7 (bvadd #xf M7))
                     (bvule M7 #x9)
                     (= M7 #xa)
                     (not ((_ bit2bool 5) (select K7 #x9)))
                     (not ((_ bit2bool 7) (select K7 #x9)))
                     (not ((_ bit2bool 6) (select K7 #x9)))
                     (not (= Y6 #b1))
                     (not (bvule M7 (bvadd #x1 L7))))))
     (let ((a!30 (and a!1
                      (= N3 #b0)
                      (or (= W2 #b0) (not (= W7 #b1)))
                      (or (= Y2 #b0) (not (= H7 #b1)))
                      (or (= Y4 #b0) (= C3 #b00))
                      (or (= W2 #b0) (not (= H7 #b1)))
                      (or (= S1 #b0) (= M1 #b0))
                      (or (= Y4 #b0) (= V1 #b1))
                      (or ((_ bit2bool 0) V1) (not ((_ bit2bool 0) L5)))
                      (or (= M1 #b0) (= S6 #b000000))
                      (or (not (= W6 #b1)) (not ((_ bit2bool 0) Z7)))
                      (or ((_ bit2bool 0) M1)
                          (not ((_ bit2bool 0) A2))
                          (not (= Z7 #b1)))
                      (or (= W2 #b0)
                          ((_ bit2bool 0) P4)
                          (not ((_ bit2bool 0) V)))
                      (or (= C3 #b00)
                          (not (= G1 #b1))
                          (= ((_ extract 0 0) S6) #b1))
                      (or ((_ bit2bool 0) V1)
                          (not (= V2 #b0))
                          (not ((_ bit2bool 0) B4)))
                      (or (= W2 #b0)
                          (not (= R1 #b0))
                          (not (= W6 #b1))
                          (not (= P3 #b1)))
                      (or (= Y2 #b0) (not (= G1 #b1)))
                      (or ((_ bit2bool 0) Y2) (not (= S1 #b1)) (not (= Z7 #b1)))
                      (or (= M1 #b0) ((_ bit2bool 0) A2) (not (= Y2 #b1)))
                      (or (not (= Y6 #b0)) (not (= E8 #b1)) (not (= P3 #b1)))
                      (or (= S6 #b000000)
                          (= W2 #b0)
                          (not (= W6 #b1))
                          (not (= P3 #b1)))
                      (or ((_ bit2bool 0) Y2)
                          (not ((_ bit2bool 0) Q5))
                          (not (= Z5 #b1)))
                      (not (= N4 #b1))
                      (or (= ((_ extract 31 31) G3) #b1) (not (= W6 #b1)))
                      (or (= W2 #b0)
                          ((_ bit2bool 0) I2)
                          (not (= P3 #b1))
                          (not ((_ bit2bool 0) X3)))
                      (or (not (= A5 #b1)) (not (= D5 #b0)))
                      (or (not (= T4 #b0))
                          (= A7 #b1)
                          (not ((_ bit2bool 0) V4))
                          (not (= P3 #b1)))
                      (or ((_ bit2bool 0) Y2) (not (= R1 #b0)) (not (= Z7 #b1)))
                      (or (= M1 #b0) (not (= R1 #b0)))
                      (or (not (= Z7 #b1)) (not (= G1 #b1)))
                      (or (= C3 #b11) (= C3 #b01) (= C3 #b10) (not (= P3 #b1)))
                      (or (= M1 #b0)
                          (not ((_ bit2bool 31) G3))
                          (not (= Y2 #b1)))
                      (or ((_ bit2bool 3) R2) (not (= W6 #b1)))
                      (or (= W2 #b0)
                          (not (= W6 #b1))
                          (not (= P3 #b1))
                          (not (= A1 #b1)))
                      (or (= ((_ extract 3 1) T2) #b111)
                          (not ((_ bit2bool 6) T2)))
                      (or (= Y2 #b0)
                          (= O2 #b1)
                          (not ((_ bit2bool 0) A2))
                          (not (= A1 #b1)))
                      (or (= Y2 #b0)
                          (= ((_ extract 3 1) W1) #b111)
                          (not ((_ bit2bool 6) W1)))
                      (or (not (= W6 #b1)) (not (= Y2 #b0)))
                      (or (not (= Y2 #b0))
                          (not (= O2 #b1))
                          (not (= P3 #b1))
                          (not (= Q5 #b1)))
                      (or ((_ bit2bool 0) A3) (not ((_ bit2bool 0) X3)))
                      (or ((_ bit2bool 31) B6) (not (= C6 #b1)) (= W2 #b0))
                      (or (= ((_ extract 3 1) T2) #b111)
                          (not ((_ bit2bool 3) F8))
                          (not ((_ bit2bool 2) F8))
                          (not ((_ bit2bool 1) F8)))
                      (or (= A7 #b1)
                          ((_ bit2bool 0) V3)
                          (not (= P3 #b1))
                          (not (= Q5 #b1))
                          (not ((_ bit2bool 0) Q2)))
                      (or (not (= W6 #b0))
                          (not ((_ bit2bool 31) G3))
                          (not (= A1 #b0))
                          (not (= Y2 #b1))
                          (not ((_ bit2bool 0) A2)))
                      (or ((_ bit2bool 4) F8)
                          (not ((_ bit2bool 0) F8))
                          (not ((_ bit2bool 1) T2))
                          (not ((_ bit2bool 2) T2))
                          (not ((_ bit2bool 3) T2))
                          (= ((_ extract 4 0) T2) #b01111))
                      (or ((_ bit2bool 4) W1)
                          (= ((_ extract 4 0) W1) #b01111)
                          (not ((_ bit2bool 5) W1)))
                      (or (= W6 #b0)
                          (= ((_ extract 26 25) G3) #b10)
                          (not ((_ bit2bool 0) X3)))
                      (or (= W2 #b0)
                          (not ((_ bit2bool 0) U3))
                          (not ((_ bit2bool 0) X3)))
                      (or (not (= I5 #b1))
                          (not (= P3 #b1))
                          (not (= Q5 #b1))
                          (not ((_ bit2bool 0) Q2)))
                      (or ((_ bit2bool 5) W1)
                          (not ((_ bit2bool 2) W1))
                          (not ((_ bit2bool 3) W1))
                          (not ((_ bit2bool 1) W1))
                          (not ((_ bit2bool 0) A3))
                          (not ((_ bit2bool 0) W1)))
                      (or (not (= Z7 #b0)) (= M1 #b0))
                      (or (not ((_ bit2bool 1) T2))
                          (not ((_ bit2bool 2) T2))
                          (not ((_ bit2bool 3) T2))
                          (= ((_ extract 3 1) F8) #b111))
                      (or ((_ bit2bool 5) W1)
                          ((_ bit2bool 6) W1)
                          (not ((_ bit2bool 2) W1))
                          (not ((_ bit2bool 3) W1))
                          (not ((_ bit2bool 1) W1))
                          (not ((_ bit2bool 0) A3)))
                      (or (= W2 #b0)
                          (= Y2 #b0)
                          (not ((_ bit2bool 0) Y5))
                          (= R1 #b1)
                          (not (= Z4 #b1)))
                      (or (= R1 #b0)
                          (not (= Y2 #b0))
                          (= A1 #b0)
                          (not (= Q5 #b1)))
                      (or (not (= Y2 #b0)) (not (= Z7 #b1)) (not (= Q5 #b1)))
                      (or (not (= Y2 #b0))
                          ((_ bit2bool 0) E1)
                          ((_ bit2bool 2) D1)
                          (= ((_ extract 31 31) G3) #b1)
                          (not (= Z7 #b1)))
                      (or (= S1 #b0) (= Y2 #b0) (= A1 #b0))
                      (or (= ((_ extract 31 31) G3) #b1)
                          (= ((_ extract 26 25) G3) #b10)
                          (not ((_ bit2bool 0) X3)))
                      (or (= C3 #b11)
                          (= C3 #b01)
                          (= C3 #b10)
                          (= M7 #x9)
                          (bvule (bvadd #x1 M7) #x9))
                      (or (= M1 #b0)
                          ((_ bit2bool 0) V1)
                          (not (= Y2 #b1))
                          (= ((_ extract 4 0) T2) (concat B4 #xf)))
                      (or (= S6 #b000000)
                          (not (= Y2 #b1))
                          (not ((_ bit2bool 0) A2)))
                      (or (= ((_ extract 26 25) B6) #b10)
                          ((_ bit2bool 31) B6)
                          (not (= P3 #b1))
                          (not (= Q2 #b1)))
                      (or (= R1 #b0)
                          (not (= Y2 #b0))
                          (= ((_ extract 0 0) S6) #b1)
                          (not (= Q5 #b1)))
                      (or (not (= Z4 #b1)) (not (= R3 #b1)))
                      (or (= S6 #b000000) (= Y2 #b0) (= A1 #b0))
                      (or (= M1 #b0) (= A3 #b0) (not (= Y2 #b1)))
                      (or (= W2 #b0)
                          (= Y2 #b0)
                          ((_ bit2bool 4) W1)
                          ((_ bit2bool 25) G3)
                          (not ((_ bit2bool 4) F8))
                          (= ((_ extract 31 31) G3) #b1))
                      (or (not (= B4 #b0))
                          ((_ bit2bool 0) V1)
                          (= X3 #b0)
                          (not ((_ bit2bool 4) F8)))
                      (or (not (= E8 #b0)) ((_ bit2bool 0) P3) (not (= Y6 #b1)))
                      (or (not (= B4 #b0))
                          (= S1 #b0)
                          ((_ bit2bool 0) V1)
                          (= ((_ extract 4 0) T2) #b01111)
                          (not (= Y2 #b1)))
                      (or (= M1 #b0) (= Y2 #b0) ((_ bit2bool 3) R2))
                      (or (= H5 #b1) (not ((_ bit2bool 0) A4)))
                      (or ((_ bit2bool 0) M2) (not (= Q5 #b1)) (not (= Q2 #b1)))
                      (or ((_ bit2bool 0) P3)
                          (not (bvule L7 #x9))
                          (= M7 #x9)
                          (bvule (bvadd #x1 M7) #x9))
                      (or (not (= Q5 #b1)) (not (= Z4 #b1)) (not (= Q2 #b1)))
                      (or (not (= Y6 #b1)) (not (= W7 #b1)))
                      (or (not (= P6 #b1)) (= V #b1))
                      (or (= ((_ extract 26 25) B6) #b10)
                          (= C6 #b0)
                          (not (= Q2 #b1)))
                      (or (not (= A4 #b1)) (not (= R3 #b1)))
                      (or (= X3 #b0) (not (= S1 #b1)))
                      (or ((_ bit2bool 0) W5)
                          ((_ bit2bool 0) W4)
                          (not ((_ bit2bool 0) X3)))
                      (or (= ((_ extract 4 4) T2) #b1)
                          ((_ bit2bool 6) T2)
                          (not ((_ bit2bool 3) F8))
                          (not ((_ bit2bool 2) F8))
                          (not ((_ bit2bool 1) F8))
                          (= ((_ extract 4 0) F8) #b01111))
                      a!2
                      (or (= M7 L7) (not (= P3 #b0)))
                      (or ((_ bit2bool 0) Z1) (not ((_ bit2bool 0) Y5)))
                      (or (= W6 #b0)
                          ((_ bit2bool 9) T1)
                          (not ((_ bit2bool 10) T1))
                          (= ((_ extract 10 9) G3) #b10))
                      (or (= C6 #b0)
                          (= ((_ extract 10 9) G3) #b10)
                          (not (= P3 #b1))
                          (not ((_ bit2bool 0) X3))
                          (not (= Q2 #b1)))
                      (or ((_ bit2bool 0) V1)
                          (not ((_ bit2bool 1) T2))
                          (not ((_ bit2bool 2) T2))
                          (not ((_ bit2bool 3) T2))
                          (= ((_ extract 31 31) G3) #b1)
                          (= ((_ extract 30 27) G3) #xe)
                          (not (= X3 #b1))
                          (= ((_ extract 4 0) T2) (concat B4 #xf)))
                      (or (not ((_ bit2bool 0) I5))
                          (= M7 #x9)
                          (bvule (bvadd #x1 M7) #x9)
                          (not (= Q5 #b1))
                          (not (= Q2 #b1)))
                      (or (not ((_ bit2bool 0) Y5)) (not (= W6 #b1)))
                      (or (= ((_ extract 3 1) W1) #b111)
                          (not ((_ bit2bool 5) W1)))
                      (or (not (= Y2 #b0)) (= U #b0))
                      (or ((_ bit2bool 9) G3)
                          (not (= W6 #b1))
                          (not ((_ bit2bool 10) G3))
                          (= a!3 #b10))
                      (or (not (= O7 #b1)) (= Y2 #b0))
                      (or ((_ bit2bool 9) G3)
                          (not (= W6 #b1))
                          (not (= a!4 #x8)))
                      (or (= X3 #b0)
                          ((_ bit2bool 0) B5)
                          (not ((_ bit2bool 0) W4)))
                      (or (= ((_ extract 3 1) T2) #b111)
                          (not ((_ bit2bool 6) F8)))
                      a!5
                      (or (= X3 #b0)
                          (not ((_ bit2bool 3) E3))
                          (not ((_ bit2bool 1) E3))
                          (not ((_ bit2bool 2) E3)))
                      (or (= U #b0)
                          (not ((_ bit2bool 1) T2))
                          (not ((_ bit2bool 2) T2))
                          (not ((_ bit2bool 3) T2)))
                      (or (not (= Y6 #b1)) (not (= D5 #b1)))
                      a!6
                      (or (not (= W2 #b0)) (= Q5 #b0))
                      a!7
                      a!8
                      (or (= Y2 #b0)
                          (not ((_ bit2bool 0) Y5))
                          ((_ bit2bool 25) G3))
                      (or ((_ bit2bool 25) G3) (not (= Y2 #b1)) (= L4 #b0))
                      (or (not ((_ bit2bool 6) T2))
                          (not ((_ bit2bool 0) T2))
                          (not (= P3 #b1))
                          (not (= Q2 #b1)))
                      (or (= A7 #b1)
                          (not (= P3 #b1))
                          (not (= Q5 #b1))
                          (not ((_ bit2bool 0) B5))
                          (not (= Q2 #b1)))
                      a!9
                      (or (not ((_ bit2bool 0) G7)) (= P3 #b0))
                      a!10
                      a!11
                      (or (= P3 #b0) (not (= A7 #b0)) (not (= Z4 #b1)))
                      (or (not (= Y2 #b0))
                          ((_ bit2bool 0) E1)
                          ((_ bit2bool 2) D1)
                          (not (= Z7 #b1))
                          (not (= C6 #b0)))
                      (or (= R1 #b0)
                          ((_ bit2bool 0) V1)
                          (not (= A2 #b1))
                          (not ((_ bit2bool 1) T2))
                          (not ((_ bit2bool 2) T2))
                          (not ((_ bit2bool 3) T2))
                          (= ((_ extract 30 27) G3) #xe)
                          (not ((_ bit2bool 0) B4))
                          (= ((_ extract 4 0) T2) (concat B4 #xf)))
                      (or (not (= P3 #b1)) (= F7 #b0))
                      (or (= O5 #b0) (= P3 #b0))
                      (or (not (= P3 #b1)) (= G5 #b0))
                      (or (not (= P3 #b1)) (not (= R3 #b1)))
                      (or (= Y3 #b0) (= K5 #b0) (= B4 #b1))
                      (or (not (= Q5 #b1)) (not (= Q2 #b1)) (not (= A4 #b1)))
                      (or (= Y2 #b0)
                          (not (= A2 #b1))
                          (not (= C6 U2))
                          (not (= X3 U2)))
                      (or (not (= Z7 #b0)) (= Y2 #b0) (not (= S1 #b1)))
                      (or (bvule M7 #x9)
                          (= X3 #b0)
                          (= ((_ extract 10 9) G3) #b10)
                          (= R1 #b1)
                          (not (= Q5 #b1)))
                      a!12
                      (or (not (= Z7 #b0))
                          (bvule M7 #x9)
                          (= M7 #xa)
                          (not (= Y2 #b0))
                          (= ((_ extract 10 9) B6) #b10)
                          (not ((_ bit2bool 0) O3))
                          (not (= A5 #b1))
                          (not (= Q2 #b1))
                          (= ((_ extract 0 0) V7) #b1))
                      (or ((_ bit2bool 0) B8)
                          ((_ bit2bool 0) E1)
                          ((_ bit2bool 2) D1)
                          (not (= Y2 #b1))
                          (not (= E8 #b1))
                          (not (= P3 #b1))
                          (not (= C6 #b0))
                          (not (= Q2 #b1)))
                      (or (= R1 #b0) (= Z5 #b0) (not (= Y2 #b0)))
                      (or (= C3 #b01)
                          (not (= V1 #b1))
                          (= Y2 #b0)
                          (not (= A7 #b0))
                          (not (= P3 #b1)))
                      (or (= Y3 #b0) (= S3 #b0) (= B4 #b1))
                      (or (= Y2 #b0) (not (= S1 #b1)) (= A3 #b0))
                      (or (= Y3 #b0) (= W2 #b0) (not (= V2 #b0)))
                      (or (= M1 #b0) (= Y2 #b0) (not ((_ bit2bool 6) T2)))
                      (or (= ((_ extract 3 1) T2) #b111)
                          (not (= C6 #b1))
                          ((_ bit2bool 31) H1)
                          ((_ bit2bool 31) B6)
                          ((_ bit2bool 0) V4)
                          (not (= A3 #b0))
                          (not ((_ bit2bool 31) G3))
                          (not ((_ bit2bool 0) O3))
                          (not (= Y2 #b1)))
                      (or (= L7 (bvadd #xf M7))
                          ((_ bit2bool 31) B6)
                          (= C6 #b0)
                          (not (= P3 #b1)))
                      (or ((_ bit2bool 0) V1)
                          ((_ bit2bool 4) W1)
                          (not (= A2 #b1))
                          (not ((_ bit2bool 0) B4)))
                      (or (not (= Z1 #b0))
                          (not (= W2 #b0))
                          (= Y2 #b0)
                          ((_ bit2bool 31) H1)
                          (not (= A3 #b0))
                          (not ((_ bit2bool 31) G3))
                          (not ((_ bit2bool 3) R2)))
                      a!13
                      (or (not (= W7 #b1)) (= P3 #b0))
                      a!14
                      a!15
                      a!16
                      (or (not (= W6 #b1)) (= Z5 #b0))
                      (or (= Y2 #b0)
                          (not ((_ bit2bool 0) O3))
                          (not (= A5 #b1))
                          (= R1 #b1)
                          (not (= Q2 #b1))
                          (= ((_ extract 0 0) V7) #b1))
                      a!17
                      (or (= C3 #b01)
                          (= E8 #b0)
                          ((_ bit2bool 0) B8)
                          (not ((_ bit2bool 0) O3)))
                      (or ((_ bit2bool 0) E1)
                          ((_ bit2bool 2) D1)
                          (not (= W6 #b1))
                          (not ((_ bit2bool 0) O3))
                          (not (= A5 #b1))
                          (not (= Q2 #b1))
                          (= ((_ extract 0 0) V7) #b1))
                      a!18
                      (or (= C3 #b00)
                          (not (= O7 #b1))
                          (= ((_ extract 0 0) S6) #b1))
                      (or (= C3 #b01)
                          (not ((_ bit2bool 0) P4))
                          (not ((_ bit2bool 0) O3)))
                      (or (= C3 #b01)
                          (= P3 #b0)
                          (not ((_ bit2bool 0) P4))
                          (not (= A7 #b0)))
                      (or ((_ bit2bool 4) W1)
                          (= P3 #b0)
                          (not (= A5 #b1))
                          (not ((_ bit2bool 0) B4))
                          (not (= Q2 #b1))
                          (= ((_ extract 0 0) V7) #b1))
                      (or (= E8 #b0)
                          ((_ bit2bool 0) B8)
                          (= Y2 #b0)
                          (= Q2 #b0)
                          (not (= P3 #b1))
                          (= R1 #b1)
                          (not (= C6 #b0)))
                      (or (not (= V1 #b1))
                          (= P3 #b0)
                          (not (= A5 #b1))
                          (= ((_ extract 0 0) V7) #b1))
                      a!19
                      a!20
                      (or (= L7 (bvadd #xf M7))
                          (bvule M7 #x9)
                          (= P3 #b0)
                          (= X3 #b0)
                          ((_ bit2bool 0) I2))
                      (or (= E8 #b0)
                          ((_ bit2bool 0) B8)
                          (= P3 #b0)
                          (= C6 #b0)
                          (= ((_ extract 31 31) G3) #b1)
                          (not (= Q5 #b1)))
                      a!21
                      (or (= ((_ extract 3 1) T2) #b111)
                          (not (= W2 #b0))
                          (not (= R1 #b0))
                          (not (= A3 #b0))
                          (not (= Y2 #b1))
                          (not ((_ bit2bool 3) R2)))
                      a!22
                      (or (= S6 #b000000)
                          (= Y2 #b0)
                          (= Q2 #b0)
                          (not (= A5 #b1))
                          (not (= P3 #b1))
                          (not (= C6 #b0))
                          (= ((_ extract 0 0) V7) #b1))
                      (or (= C6 #b1)
                          (not ((_ bit2bool 0) O3))
                          (not (= A5 #b1))
                          (not (= Y2 #b1))
                          (= R1 #b1)
                          (not (= Q2 #b1)))
                      a!23
                      (or (= E8 #b0)
                          (not (= Y2 #b0))
                          (= C6 #b0)
                          (not (= P3 #b1))
                          (= ((_ extract 0 0) S6) #b1)
                          (not (= Q5 #b1)))
                      (or (= E8 #b0)
                          ((_ bit2bool 0) B8)
                          (= Q2 #b0)
                          (not (= Z7 #b1))
                          (not (= P3 #b1))
                          (= R1 #b1))
                      (or (= E8 #b0)
                          ((_ bit2bool 0) B8)
                          (= W6 #b0)
                          (= Q2 #b0)
                          ((_ bit2bool 31) H1)
                          (not (= P3 #b1)))
                      (or (= E8 #b0)
                          ((_ bit2bool 0) B8)
                          ((_ bit2bool 10) H1)
                          (not (= O2 #b1))
                          (not (= P3 #b1))
                          (not (= Q5 #b1))
                          (not ((_ bit2bool 10) G3)))
                      (or (= E8 #b0)
                          ((_ bit2bool 0) B8)
                          ((_ bit2bool 31) H1)
                          ((_ bit2bool 31) B6)
                          (not ((_ bit2bool 31) G3))
                          (not (= P3 #b1))
                          (not (= Q2 #b1)))
                      (or (= X3 #b0)
                          (= A1 #b1)
                          (not (= O2 #b1))
                          (not ((_ bit2bool 0) A2)))
                      (or (= W2 #b0)
                          (= E8 #b0)
                          ((_ bit2bool 0) B8)
                          (= C6 #b0)
                          (not ((_ bit2bool 0) O3))
                          (= R1 #b1))
                      (or (= E8 #b0)
                          ((_ bit2bool 0) B8)
                          (= W6 #b0)
                          (= Q2 #b0)
                          (= C6 #b0)
                          (not (= P3 #b1)))
                      (or (not (= C6 #b1))
                          (not (= O2 #b1))
                          (not (= E8 #b1))
                          (not (= P3 #b1))
                          (not (= Q5 #b1)))
                      (or (= E8 #b0)
                          ((_ bit2bool 0) B8)
                          (= P3 #b0)
                          ((_ bit2bool 0) Y3)
                          (not ((_ bit2bool 0) S3)))
                      (or (= E8 #b0)
                          ((_ bit2bool 0) B8)
                          (= T3 #b0)
                          (not (= P3 #b1))
                          (not (= Q5 #b1)))
                      (or (= ((_ extract 3 1) T2) #b111)
                          (not (= V3 #b0))
                          (= X3 #b0)
                          (= ((_ extract 3 1) W1) #b111)
                          (not (= A5 #b1))
                          (not (= P3 #b1))
                          (= R1 #b1)
                          (not (= C6 #b0))
                          (not ((_ bit2bool 3) R2)))
                      (or (not (= P4 #b1))
                          (= E8 #b0)
                          ((_ bit2bool 0) B8)
                          (= P3 #b0))
                      (or (not (= O2 #b1)) (= W6 #b0))
                      a!24
                      (or (not (= C6 #b1))
                          ((_ bit2bool 3) R2)
                          (not (= E8 #b1))
                          (not (= P3 #b1))
                          (not (= Q5 #b1)))
                      (or (= E8 #b0)
                          ((_ bit2bool 0) B8)
                          (= Q2 #b0)
                          ((_ bit2bool 3) R2)
                          (= C6 #b0)
                          (not (= P3 #b1)))
                      (or (= W2 #b0)
                          (= E8 #b0)
                          ((_ bit2bool 0) B8)
                          (= W6 #b0)
                          (= C6 #b0)
                          (not (= P3 #b1)))
                      (or (= E8 #b0)
                          (= C6 #b0)
                          (not (= W6 #b1))
                          (not ((_ bit2bool 0) O3))
                          (not (= Q5 #b1)))
                      (or (not (= C6 #b1))
                          (= W2 #b0)
                          ((_ bit2bool 0) B8)
                          (not (= Y2 #b0))
                          (= P3 #b0)
                          (not (= E8 #b1)))
                      (or (= M3 #b0)
                          (= A2 #b1)
                          (not (= Y2 #b0))
                          (= ((_ extract 0 0) S6) #b1))
                      (or (= E8 #b0)
                          (= C6 #b0)
                          (not (= W6 #b1))
                          (not (= P3 #b1))
                          (not (= Q5 #b1)))
                      (or (= ((_ extract 3 1) T2) #b111)
                          (not (= I7 #b1))
                          (not (= R1 #b0))
                          (= ((_ extract 3 1) W1) #b111)
                          (not (= W6 #b1)))
                      (or (= E8 #b0)
                          (not (= S2 #b1))
                          (not (= P3 #b1))
                          (= R1 #b1)
                          (not (= Q5 #b1)))
                      a!25
                      a!26
                      (or (= Y2 #b0)
                          (= Q2 #b0)
                          (not (= A5 #b1))
                          (not (= P3 #b1))
                          (= R1 #b1)
                          (not (= C6 #b0)))
                      a!27
                      a!28
                      (or (= Y2 #b0)
                          (not (= W6 #b0))
                          (not ((_ bit2bool 31) G3))
                          (not (= A5 #b1))
                          (not (= P3 #b1))
                          (not (= C6 #b0))
                          (not (= Q2 #b1))
                          (not (= S2 #b0)))
                      a!29
                      (or (= W6 #b0)
                          (not ((_ bit2bool 0) I2))
                          (= ((_ extract 26 25) G3) #b10))
                      (or (= L7 (bvadd #xf M7))
                          (bvule M7 #x9)
                          (= M7 #xa)
                          (= T3 #b0)
                          (not (= P3 #b1))
                          (not (= Q5 #b1)))
                      (or (= Y1 #b1)
                          (= H5 #b1)
                          (not (= I7 #b1))
                          (not (= V4 #b0))
                          (not (= W6 #b1))
                          (not ((_ bit2bool 0) O3))
                          (not (= A1 #b1)))
                      (or (= W2 #b0)
                          ((_ bit2bool 3) R2)
                          (= C6 #b0)
                          (not (= A5 #b1))
                          (not (= P3 #b1))
                          (= ((_ extract 0 0) V7) #b1))
                      (or (= ((_ extract 3 1) T2) #b111)
                          (= L7 (bvadd #xf M7))
                          (= P3 #b0)
                          (= A7 #b1)
                          (not (= R1 #b0))
                          (not (= V4 #b0))
                          (not (= A3 #b0))
                          (not (= A5 #b1))
                          (not (= Y2 #b1))
                          (= ((_ extract 0 0) V7) #b1)))))
       (= (INV!slice!1 A
                       B
                       C
                       D
                       E
                       F
                       G
                       H
                       I
                       J
                       K
                       L
                       M
                       N
                       O
                       P
                       Q
                       R
                       S
                       T
                       U
                       V
                       W
                       X
                       Y
                       Z
                       A1
                       B1
                       C1
                       D1
                       E1
                       F1
                       G1
                       H1
                       I1
                       J1
                       K1
                       L1
                       M1
                       N1
                       O1
                       P1
                       Q1
                       R1
                       S1
                       T1
                       U1
                       V1
                       W1
                       X1
                       Y1
                       Z1
                       A2
                       B2
                       C2
                       D2
                       E2
                       F2
                       G2
                       H2
                       I2
                       J2
                       K2
                       L2
                       M2
                       N2
                       O2
                       P2
                       Q2
                       R2
                       S2
                       T2
                       U2
                       V2
                       W2
                       X2
                       Y2
                       Z2
                       A3
                       B3
                       C3
                       D3
                       E3
                       F3
                       G3
                       H3
                       I3
                       J3
                       K3
                       L3
                       M3
                       N3
                       O3
                       P3
                       Q3
                       R3
                       S3
                       T3
                       U3
                       V3
                       W3
                       X3
                       Y3
                       Z3
                       A4
                       B4
                       C4
                       D4
                       E4
                       F4
                       G4
                       H4
                       I4
                       J4
                       K4
                       L4
                       M4
                       N4
                       O4
                       P4
                       Q4
                       R4
                       S4
                       T4
                       U4
                       V4
                       W4
                       X4
                       Y4
                       Z4
                       A5
                       B5
                       C5
                       D5
                       E5
                       F5
                       G5
                       H5
                       I5
                       J5
                       K5
                       L5
                       M5
                       N5
                       O5
                       P5
                       Q5
                       R5
                       S5
                       T5
                       U5
                       V5
                       W5
                       X5
                       Y5
                       Z5
                       A6
                       B6
                       C6
                       D6
                       E6
                       F6
                       G6
                       H6
                       I6
                       J6
                       K6
                       L6
                       M6
                       N6
                       O6
                       P6
                       Q6
                       R6
                       S6
                       T6
                       U6
                       V6
                       W6
                       X6
                       Y6
                       Z6
                       A7
                       B7
                       C7
                       D7
                       E7
                       F7
                       G7
                       H7
                       I7
                       J7
                       K7
                       L7
                       M7
                       N7
                       O7
                       P7
                       Q7
                       R7
                       S7
                       T7
                       U7
                       V7
                       W7
                       X7
                       Y7
                       Z7
                       A8
                       B8
                       C8
                       D8
                       E8
                       F8
                       G8
                       H8
                       I8
                       J8
                       K8
                       L8
                       M8
                       N8
                       O8
                       P8
                       Q8)
          a!30)))
     :weight 0))
