unsat
(forall ((A (Array (_ BitVec 12) (_ BitVec 8)))
         (B (_ BitVec 1))
         (C (_ BitVec 7))
         (D (_ BitVec 7))
         (E (_ BitVec 1))
         (F (_ BitVec 1))
         (G (_ BitVec 4))
         (H (_ BitVec 1))
         (I (_ BitVec 1))
         (J (_ BitVec 1))
         (K (_ BitVec 1))
         (L (_ BitVec 1))
         (M (_ BitVec 1))
         (N (_ BitVec 1))
         (O (_ BitVec 1))
         (P (_ BitVec 1))
         (Q (_ BitVec 1))
         (R (_ BitVec 4))
         (S (_ BitVec 1))
         (T (_ BitVec 64))
         (U (_ BitVec 32))
         (V (_ BitVec 1))
         (W (_ BitVec 32))
         (X (_ BitVec 1))
         (Y (_ BitVec 1))
         (Z (_ BitVec 10))
         (A1 (_ BitVec 1))
         (B1 (_ BitVec 5))
         (C1 (_ BitVec 1))
         (D1 (_ BitVec 1))
         (E1 (_ BitVec 1))
         (F1 (_ BitVec 1))
         (G1 (_ BitVec 1))
         (H1 (_ BitVec 4))
         (I1 (_ BitVec 1))
         (J1 (_ BitVec 32))
         (K1 (_ BitVec 32))
         (L1 (_ BitVec 32))
         (M1 (_ BitVec 32))
         (N1 (_ BitVec 1))
         (O1 (_ BitVec 1))
         (P1 (_ BitVec 1))
         (Q1 (_ BitVec 3))
         (R1 (_ BitVec 32))
         (S1 (_ BitVec 32))
         (T1 (_ BitVec 1))
         (U1 (_ BitVec 32))
         (V1 (_ BitVec 5))
         (W1 (_ BitVec 1))
         (X1 (_ BitVec 15))
         (Y1 (_ BitVec 3))
         (Z1 (_ BitVec 1))
         (A2 (_ BitVec 1))
         (B2 (_ BitVec 1))
         (C2 (_ BitVec 1))
         (D2 (_ BitVec 1))
         (E2 (_ BitVec 2))
         (F2 (_ BitVec 8))
         (G2 (_ BitVec 8))
         (H2 (_ BitVec 1))
         (I2 (_ BitVec 1))
         (J2 (_ BitVec 1))
         (K2 (_ BitVec 2))
         (L2 (_ BitVec 1))
         (M2 (_ BitVec 8))
         (N2 (_ BitVec 8))
         (O2 (_ BitVec 1))
         (P2 (_ BitVec 1))
         (Q2 (_ BitVec 1))
         (R2 (_ BitVec 32))
         (S2 (_ BitVec 3))
         (T2 (_ BitVec 3))
         (U2 (_ BitVec 32))
         (V2 (_ BitVec 1))
         (W2 (_ BitVec 32))
         (X2 (_ BitVec 1))
         (Y2 (_ BitVec 1))
         (Z2 (_ BitVec 30))
         (A3 (_ BitVec 10))
         (B3 (_ BitVec 5))
         (C3 (_ BitVec 1))
         (D3 (_ BitVec 1))
         (E3 (_ BitVec 1))
         (F3 (_ BitVec 1))
         (G3 (_ BitVec 1))
         (H3 (_ BitVec 1))
         (I3 (_ BitVec 32))
         (J3 (_ BitVec 1))
         (K3 (_ BitVec 5))
         (L3 (_ BitVec 1))
         (M3 (_ BitVec 32))
         (N3 (_ BitVec 3))
         (O3 (_ BitVec 1))
         (P3 (_ BitVec 1))
         (Q3 (_ BitVec 7))
         (R3 (_ BitVec 1))
         (S3 (_ BitVec 1))
         (T3 (_ BitVec 32))
         (U3 (_ BitVec 1))
         (V3 (_ BitVec 1))
         (W3 (_ BitVec 5))
         (X3 (_ BitVec 27))
         (Y3 (_ BitVec 1))
         (Z3 (_ BitVec 32))
         (A4 (_ BitVec 23))
         (B4 (_ BitVec 1))
         (C4 (_ BitVec 1))
         (D4 (_ BitVec 1))
         (E4 (_ BitVec 1))
         (F4 (_ BitVec 1))
         (G4 (_ BitVec 1))
         (H4 (_ BitVec 5))
         (I4 (_ BitVec 30))
         (J4 (_ BitVec 1))
         (K4 (_ BitVec 5))
         (L4 (_ BitVec 1))
         (M4 (_ BitVec 32))
         (N4 (_ BitVec 1))
         (O4 (_ BitVec 1))
         (P4 (_ BitVec 1))
         (Q4 (_ BitVec 32))
         (R4 (_ BitVec 1))
         (S4 (_ BitVec 2))
         (T4 (_ BitVec 1))
         (U4 (_ BitVec 1))
         (V4 (_ BitVec 1))
         (W4 (_ BitVec 1))
         (X4 (_ BitVec 6))
         (Y4 (_ BitVec 1))
         (Z4 (_ BitVec 1))
         (A5 (_ BitVec 7))
         (B5 (_ BitVec 6))
         (C5 (_ BitVec 1))
         (D5 (_ BitVec 37))
         (E5 (_ BitVec 1))
         (F5 (_ BitVec 1))
         (G5 (_ BitVec 32))
         (H5 (_ BitVec 1))
         (I5 (_ BitVec 1))
         (J5 (_ BitVec 1))
         (K5 (_ BitVec 4))
         (L5 (_ BitVec 1))
         (M5 (_ BitVec 1))
         (N5 (_ BitVec 1))
         (O5 (_ BitVec 1))
         (P5 (_ BitVec 1))
         (Q5 (_ BitVec 1))
         (R5 (_ BitVec 1))
         (S5 (_ BitVec 5))
         (T5 (_ BitVec 1))
         (U5 (_ BitVec 1))
         (V5 (_ BitVec 1))
         (W5 (_ BitVec 4))
         (X5 (_ BitVec 1))
         (Y5 (_ BitVec 7))
         (Z5 (_ BitVec 1))
         (A6 (_ BitVec 1))
         (B6 (_ BitVec 1))
         (C6 (_ BitVec 1))
         (D6 (_ BitVec 30))
         (E6 (_ BitVec 1))
         (F6 (_ BitVec 1))
         (G6 (_ BitVec 1))
         (H6 (_ BitVec 1))
         (I6 (_ BitVec 1))
         (J6 (_ BitVec 1))
         (K6 (_ BitVec 4))
         (L6 (_ BitVec 1))
         (M6 (_ BitVec 1))
         (N6 (_ BitVec 1))
         (O6 (_ BitVec 32))
         (P6 (_ BitVec 1))
         (Q6 (_ BitVec 1))
         (R6 (_ BitVec 1))
         (S6 (_ BitVec 4))
         (T6 (_ BitVec 1))
         (U6 (_ BitVec 4))
         (V6 (_ BitVec 1))
         (W6 (_ BitVec 6))
         (X6 (_ BitVec 1))
         (Y6 (_ BitVec 1))
         (Z6 (_ BitVec 1))
         (A7 (_ BitVec 1))
         (B7 (_ BitVec 1))
         (C7 (_ BitVec 1))
         (D7 (_ BitVec 1))
         (E7 (_ BitVec 1))
         (F7 (_ BitVec 2))
         (G7 (_ BitVec 1))
         (H7 (_ BitVec 1))
         (I7 (_ BitVec 1))
         (J7 (_ BitVec 1))
         (K7 (_ BitVec 1))
         (L7 (Array (_ BitVec 7) (_ BitVec 27)))
         (M7 (_ BitVec 1))
         (N7 (_ BitVec 128))
         (O7 (_ BitVec 1))
         (P7 (_ BitVec 1))
         (Q7 (_ BitVec 4))
         (R7 (_ BitVec 1))
         (S7 (_ BitVec 1))
         (T7 (_ BitVec 1))
         (U7 (_ BitVec 1))
         (V7 (_ BitVec 2))
         (W7 (_ BitVec 1))
         (X7 (_ BitVec 1))
         (Y7 (_ BitVec 1))
         (Z7 (Array (_ BitVec 5) (_ BitVec 32)))
         (A8 (_ BitVec 32))
         (B8 (_ BitVec 1))
         (C8 (_ BitVec 1))
         (D8 (_ BitVec 1))
         (E8 (_ BitVec 32))
         (F8 (_ BitVec 1))
         (G8 (_ BitVec 1))
         (H8 (_ BitVec 1))
         (I8 (_ BitVec 23))
         (J8 (_ BitVec 1))
         (K8 (_ BitVec 1))
         (L8 (_ BitVec 32))
         (M8 (_ BitVec 32))
         (N8 (_ BitVec 4))
         (O8 (_ BitVec 32))
         (P8 (_ BitVec 1))
         (Q8 (_ BitVec 1))
         (R8 (_ BitVec 32))
         (S8 (_ BitVec 30))
         (T8 (_ BitVec 1))
         (U8 (_ BitVec 32))
         (V8 (_ BitVec 1))
         (W8 (_ BitVec 1))
         (X8 (_ BitVec 1))
         (Y8 (_ BitVec 1))
         (Z8 (_ BitVec 37))
         (A9 (_ BitVec 1))
         (B9 (_ BitVec 1))
         (C9 (_ BitVec 1))
         (D9 (_ BitVec 1))
         (E9 (_ BitVec 1))
         (F9 (_ BitVec 7))
         (G9 (_ BitVec 1))
         (H9 (_ BitVec 6))
         (I9 (_ BitVec 27))
         (J9 (_ BitVec 30))
         (K9 (_ BitVec 1))
         (L9 (_ BitVec 1))
         (M9 (_ BitVec 1))
         (N9 (_ BitVec 1))
         (O9 (_ BitVec 32))
         (P9 (_ BitVec 1))
         (Q9 (_ BitVec 1))
         (R9 (_ BitVec 2))
         (S9 (_ BitVec 5))
         (T9 (_ BitVec 1))
         (U9 (_ BitVec 1))
         (V9 (_ BitVec 5))
         (W9 (_ BitVec 32))
         (X9 (_ BitVec 1))
         (Y9 (_ BitVec 1))
         (Z9 (_ BitVec 1))
         (A10 (_ BitVec 1))
         (B10 (_ BitVec 32))
         (C10 (_ BitVec 1))
         (D10 (_ BitVec 1)))
  (! (= (INV!slice!1 A
                     B
                     C
                     D
                     E
                     F
                     G
                     H
                     I
                     J
                     K
                     L
                     M
                     N
                     O
                     P
                     Q
                     R
                     S
                     T
                     U
                     V
                     W
                     X
                     Y
                     Z
                     A1
                     B1
                     C1
                     D1
                     E1
                     F1
                     G1
                     H1
                     I1
                     J1
                     K1
                     L1
                     M1
                     N1
                     O1
                     P1
                     Q1
                     R1
                     S1
                     T1
                     U1
                     V1
                     W1
                     X1
                     Y1
                     Z1
                     A2
                     B2
                     C2
                     D2
                     E2
                     F2
                     G2
                     H2
                     I2
                     J2
                     K2
                     L2
                     M2
                     N2
                     O2
                     P2
                     Q2
                     R2
                     S2
                     T2
                     U2
                     V2
                     W2
                     X2
                     Y2
                     Z2
                     A3
                     B3
                     C3
                     D3
                     E3
                     F3
                     G3
                     H3
                     I3
                     J3
                     K3
                     L3
                     M3
                     N3
                     O3
                     P3
                     Q3
                     R3
                     S3
                     T3
                     U3
                     V3
                     W3
                     X3
                     Y3
                     Z3
                     A4
                     B4
                     C4
                     D4
                     E4
                     F4
                     G4
                     H4
                     I4
                     J4
                     K4
                     L4
                     M4
                     N4
                     O4
                     P4
                     Q4
                     R4
                     S4
                     T4
                     U4
                     V4
                     W4
                     X4
                     Y4
                     Z4
                     A5
                     B5
                     C5
                     D5
                     E5
                     F5
                     G5
                     H5
                     I5
                     J5
                     K5
                     L5
                     M5
                     N5
                     O5
                     P5
                     Q5
                     R5
                     S5
                     T5
                     U5
                     V5
                     W5
                     X5
                     Y5
                     Z5
                     A6
                     B6
                     C6
                     D6
                     E6
                     F6
                     G6
                     H6
                     I6
                     J6
                     K6
                     L6
                     M6
                     N6
                     O6
                     P6
                     Q6
                     R6
                     S6
                     T6
                     U6
                     V6
                     W6
                     X6
                     Y6
                     Z6
                     A7
                     B7
                     C7
                     D7
                     E7
                     F7
                     G7
                     H7
                     I7
                     J7
                     K7
                     L7
                     M7
                     N7
                     O7
                     P7
                     Q7
                     R7
                     S7
                     T7
                     U7
                     V7
                     W7
                     X7
                     Y7
                     Z7
                     A8
                     B8
                     C8
                     D8
                     E8
                     F8
                     G8
                     H8
                     I8
                     J8
                     K8
                     L8
                     M8
                     N8
                     O8
                     P8
                     Q8
                     R8
                     S8
                     T8
                     U8
                     V8
                     W8
                     X8
                     Y8
                     Z8
                     A9
                     B9
                     C9
                     D9
                     E9
                     F9
                     G9
                     H9
                     I9
                     J9
                     K9
                     L9
                     M9
                     N9
                     O9
                     P9
                     Q9
                     R9
                     S9
                     T9
                     U9
                     V9
                     W9
                     X9
                     Y9
                     Z9
                     A10
                     B10
                     C10
                     D10)
        (= O2 #b0))
     :weight 0))
