sat
b0 
@0
0 0 CLOCK@0
1 0 START@0
2 000000000 input2@0
3 000000000 input3@0
4 000000000 input4@0
5 000000000 input5@0
6 000000000 input6@0
7 000000000 input7@0
8 000000000 input8@0
9 000000000 input9@0
10 000000000 input10@0
11 000000000 input11@0
12 000000000 input12@0
13 000000000 input13@0
14 000000000 input14@0
15 000000000 input15@0
16 000000000 input16@0
17 000000000 input17@0
18 000000000 input18@0
19 000000000 input19@0
20 000000000 input20@0
21 000000000 input21@0
22 000000000 input22@0
23 000000000 input23@0
24 000000000 input24@0
25 000000000 input25@0
26 000000000 input26@0
27 000000000 input27@0
28 000000000 input28@0
29 000000000 input29@0
30 000000000 input30@0
31 000000000 input31@0
32 000000000 input32@0
33 000000000 input33@0
34 000000000 input34@0
35 000000000 input35@0
36 000000000 input36@0
37 000000000 input37@0
38 000000000 input38@0
39 000000000 input39@0
40 000000000 input40@0
41 000000000 input41@0
42 000000000 input42@0
43 000000000 input43@0
44 000000000 input44@0
45 000000000 input45@0
46 000000000 input46@0
47 000000000 input47@0
48 000000000 input48@0
49 000000000 input49@0
50 000000000 input50@0
51 000000000 input51@0
52 000000000 input52@0
53 000000000 input53@0
54 000000000 input54@0
55 000000000 input55@0
56 000000000 input56@0
57 000000000 input57@0
58 000000000 input58@0
59 000000000 input59@0
60 000000000 input60@0
61 000000000 input61@0
62 000000000 input62@0
63 000000000 input63@0
64 000000000 input64@0
65 000000000 input65@0
66 000000000 input66@0
67 000000000 input67@0
68 000000000 input68@0
69 000000000 input69@0
70 000000000 input70@0
71 000000000 input71@0
72 000000000 input72@0
73 000000000 input73@0
74 000000000 input74@0
75 000000000 input75@0
76 000000000 input76@0
77 000000000 input77@0
78 000000000 input78@0
79 000000000 input79@0
80 000000000 input80@0
81 000000000 input81@0
82 000000000 input82@0
83 000000000 input83@0
84 000000000 input84@0
85 000000000 input85@0
86 000000000 input86@0
87 000000000 input87@0
88 000000000 input88@0
89 000000000 input89@0
90 000000000 input90@0
91 000000000 input91@0
92 000000000 input92@0
93 000000000 input93@0
94 000000000 input94@0
95 000000000 input95@0
96 000000000 input96@0
97 000000000 input97@0
98 000000000 input98@0
99 000000000 input99@0
100 000000000 input100@0
101 000000000 input101@0
102 000000000 input102@0
103 000000000 input103@0
104 000000000 input104@0
105 000000000 input105@0
106 000000000 input106@0
107 000000000 input107@0
108 000000000 input108@0
109 000000000 input109@0
110 000000000 input110@0
111 000000000 input111@0
112 000000000 input112@0
113 000000000 input113@0
114 000000000 input114@0
115 000000000 input115@0
116 000000000 input116@0
117 000000000 input117@0
118 000000000 input118@0
119 000000000 input119@0
120 000000000 input120@0
121 000000000 input121@0
122 000000000 input122@0
123 000000000 input123@0
124 000000000 input124@0
125 000000000 input125@0
126 000000000 input126@0
127 000000000 input127@0
128 000000000 input128@0
129 000000000 input129@0
130 000000000 input130@0
131 000000000 input131@0
132 000000000 input132@0
133 000000000 input133@0
134 000000000 input134@0
135 000000000 input135@0
136 000000000 input136@0
137 000000000 input137@0
138 000000000 input138@0
139 000000000 input139@0
140 000000000 input140@0
141 000000000 input141@0
142 000000000 input142@0
143 000000000 input143@0
144 000000000 input144@0
145 000000000 input145@0
146 000000000 input146@0
147 000000000 input147@0
148 000000000 input148@0
149 000000000 input149@0
150 000000000 input150@0
151 000000000 input151@0
152 000000000 input152@0
153 000000000 input153@0
154 000000000 input154@0
155 000000000 input155@0
156 000000000 input156@0
157 000000000 input157@0
158 000000000 input158@0
159 000000000 input159@0
160 000000000 input160@0
161 000000000 input161@0
162 000000000 input162@0
163 000000000 input163@0
164 000000000 input164@0
165 000000000 input165@0
166 000000000 input166@0
167 000000000 input167@0
168 000000000 input168@0
169 000000000 input169@0
170 000000000 input170@0
171 000000000 input171@0
172 000000000 input172@0
173 000000000 input173@0
174 000000000 input174@0
175 000000000 input175@0
176 000000000 input176@0
177 000000000 input177@0
178 000000000 input178@0
179 000000000 input179@0
180 000000000 input180@0
181 000000000 input181@0
182 000000000 input182@0
183 000000000 input183@0
184 000000000 input184@0
185 000000000 input185@0
186 000000000 input186@0
187 000000000 input187@0
188 000000000 input188@0
189 000000000 input189@0
190 000000000 input190@0
191 000000000 input191@0
192 000000000 input192@0
193 000000000 input193@0
194 000000000 input194@0
195 000000000 input195@0
196 000000000 input196@0
197 000000000 input197@0
198 000000000 input198@0
199 000000000 input199@0
200 000000000 input200@0
201 000000000 input201@0
202 000000000 input202@0
203 000000000 input203@0
204 000000000 input204@0
205 000000000 input205@0
206 000000000 input206@0
207 000000000 input207@0
208 000000000 input208@0
209 000000000 input209@0
210 000000000 input210@0
211 000000000 input211@0
212 000000000 input212@0
213 000000000 input213@0
214 000000000 input214@0
215 000000000 input215@0
216 000000000 input216@0
217 000000000 input217@0
218 000000000 input218@0
219 000000000 input219@0
220 000000000 input220@0
221 000000000 input221@0
222 000000000 input222@0
223 000000000 input223@0
224 000000000 input224@0
225 000000000 input225@0
226 000000000 input226@0
227 000000000 input227@0
228 000000000 input228@0
229 000000000 input229@0
230 000000000 input230@0
231 000000000 input231@0
232 000000000 input232@0
233 000000000 input233@0
234 000000000 input234@0
235 000000000 input235@0
236 000000000 input236@0
237 000000000 input237@0
238 000000000 input238@0
239 000000000 input239@0
240 000000000 input240@0
241 000000000 input241@0
242 000000000 input242@0
243 000000000 input243@0
244 000000000 input244@0
245 000000000 input245@0
246 000000000 input246@0
247 000000000 input247@0
248 000000000 input248@0
249 000000000 input249@0
250 000000000 input250@0
251 000000000 input251@0
252 000000000 input252@0
253 000000000 input253@0
254 000000000 input254@0
255 000000000 input255@0
256 000000000 input256@0
257 000000000 input257@0
258 000000000 input258@0
259 000000000 input259@0
260 000000000 input260@0
261 000000000 input261@0
262 000000000 input262@0
263 000000000 input263@0
264 000000000 input264@0
265 000000000 input265@0
266 000000000 input266@0
267 000000000 input267@0
268 000000000 input268@0
269 000000000 input269@0
270 000000000 input270@0
271 000000000 input271@0
272 000000000 input272@0
273 000000000 input273@0
274 000000000 input274@0
275 000000000 input275@0
276 000000000 input276@0
277 000000000 input277@0
278 000000000 input278@0
279 000000000 input279@0
280 000000000 input280@0
281 000000000 input281@0
282 000000000 input282@0
283 000000000 input283@0
284 000000000 input284@0
285 000000000 input285@0
286 000000000 input286@0
287 000000000 input287@0
288 000000000 input288@0
289 000000000 input289@0
290 000000000 input290@0
291 000000000 input291@0
292 000000000 input292@0
293 000000000 input293@0
294 000000000 input294@0
295 000000000 input295@0
296 000000000 input296@0
297 000000000 input297@0
298 000000000 input298@0
299 000000000 input299@0
300 000000000 input300@0
301 000000000 input301@0
302 000000000 input302@0
303 000000000 input303@0
304 000000000 input304@0
305 000000000 input305@0
306 000000000 input306@0
307 000000000 input307@0
308 000000000 input308@0
309 000000000 input309@0
310 000000000 input310@0
311 000000000 input311@0
312 000000000 input312@0
313 000000000 input313@0
314 000000000 input314@0
315 000000000 input315@0
316 000000000 input316@0
317 000000000 input317@0
318 000000000 input318@0
319 000000000 input319@0
320 000000000 input320@0
321 000000000 input321@0
322 000000000 input322@0
323 000000000 input323@0
324 000000000 input324@0
325 000000000 input325@0
326 000000000 input326@0
327 000000000 input327@0
328 000000000 input328@0
329 000000000 input329@0
330 000000000 input330@0
331 000000000 input331@0
332 000000000 input332@0
333 000000000 input333@0
334 000000000 input334@0
335 000000000 input335@0
336 000000000 input336@0
337 000000000 input337@0
338 000000000 input338@0
339 000000000 input339@0
340 000000000 input340@0
341 000000000 input341@0
342 000000000 input342@0
343 000000000 input343@0
344 000000000 input344@0
345 000000000 input345@0
346 000000000 input346@0
347 000000000 input347@0
348 000000000 input348@0
349 000000000 input349@0
350 000000000 input350@0
351 000000000 input351@0
352 000000000 input352@0
353 000000000 input353@0
354 000000000 input354@0
355 000000000 input355@0
356 000000000 input356@0
357 000000000 input357@0
358 000000000 input358@0
359 000000000 input359@0
360 000000000 input360@0
361 000000000 input361@0
362 000000000 input362@0
363 000000000 input363@0
364 000000000 input364@0
365 000000000 input365@0
366 000000000 input366@0
367 000000000 input367@0
368 000000000 input368@0
369 000000000 input369@0
370 000000000 input370@0
371 000000000 input371@0
372 000000000 input372@0
373 000000000 input373@0
374 000000000 input374@0
375 000000000 input375@0
376 000000000 input376@0
377 000000000 input377@0
378 000000000 input378@0
379 000000000 input379@0
380 000000000 input380@0
381 000000000 input381@0
382 000000000 input382@0
383 000000000 input383@0
384 000000000 input384@0
385 000000000 input385@0
386 000000000 input386@0
387 000000000 input387@0
388 000000000 input388@0
389 000000000 input389@0
390 000000000 input390@0
391 000000000 input391@0
392 000000000 input392@0
393 000000000 input393@0
394 000000000 input394@0
395 000000000 input395@0
396 000000000 input396@0
397 000000000 input397@0
398 000000000 input398@0
399 000000000 input399@0
400 000000000 input400@0
401 000000000 input401@0
402 000000000 input402@0
403 000000000 input403@0
404 000000000 input404@0
405 000000000 input405@0
406 000000000 input406@0
407 000000000 input407@0
408 000000000 input408@0
409 000000000 input409@0
410 000000000 input410@0
411 000000000 input411@0
412 000000000 input412@0
413 000000000 input413@0
414 000000000 input414@0
415 000000000 input415@0
416 000000000 input416@0
417 000000000 input417@0
418 000000000 input418@0
419 000000000 input419@0
420 000000000 input420@0
421 000000000 input421@0
422 000000000 input422@0
423 000000000 input423@0
424 000000000 input424@0
425 000000000 input425@0
426 000000000 input426@0
427 000000000 input427@0
428 000000000 input428@0
429 000000000 input429@0
430 000000000 input430@0
431 000000000 input431@0
432 000000000 input432@0
433 000000000 input433@0
434 000000000 input434@0
435 000000000 input435@0
436 000000000 input436@0
437 000000000 input437@0
438 000000000 input438@0
439 000000000 input439@0
440 000000000 input440@0
441 000000000 input441@0
442 000000000 input442@0
443 000000000 input443@0
444 000000000 input444@0
445 000000000 input445@0
446 000000000 input446@0
447 000000000 input447@0
448 000000000 input448@0
449 000000000 input449@0
450 000000000 input450@0
451 000000000 input451@0
452 000000000 input452@0
453 000000000 input453@0
454 000000000 input454@0
455 000000000 input455@0
456 000000000 input456@0
457 000000000 input457@0
458 000000000 input458@0
459 000000000 input459@0
460 000000000 input460@0
461 000000000 input461@0
462 000000000 input462@0
463 000000000 input463@0
464 000000000 input464@0
465 000000000 input465@0
466 000000000 input466@0
467 0 input467@0
468 0 input468@0
469 00000 input469@0
470 000 input470@0
471 000 input471@0
472 000 input472@0
473 000 input473@0
474 0 input474@0
475 000000000 input475@0
476 000000000 input476@0
477 000000000 input477@0
478 000000000 input478@0
479 000000000 input479@0
480 000000000 input480@0
481 00000 input481@0
482 00000 input482@0
@1
0 0 CLOCK@1
1 1 START@1
2 000000000 input2@1
3 000000000 input3@1
4 000000000 input4@1
5 000000000 input5@1
6 000000000 input6@1
7 000000000 input7@1
8 000000000 input8@1
9 000000000 input9@1
10 000000000 input10@1
11 000000000 input11@1
12 000000000 input12@1
13 000000000 input13@1
14 000000000 input14@1
15 000000000 input15@1
16 000000000 input16@1
17 000000000 input17@1
18 000000000 input18@1
19 000000000 input19@1
20 000000000 input20@1
21 000000000 input21@1
22 000000000 input22@1
23 000000000 input23@1
24 000000000 input24@1
25 000000000 input25@1
26 000000000 input26@1
27 000000000 input27@1
28 000000000 input28@1
29 000000000 input29@1
30 000000000 input30@1
31 000000000 input31@1
32 000000000 input32@1
33 000000000 input33@1
34 000000000 input34@1
35 000000000 input35@1
36 000000000 input36@1
37 000000000 input37@1
38 000000000 input38@1
39 000000000 input39@1
40 000000000 input40@1
41 000000000 input41@1
42 000000000 input42@1
43 000000000 input43@1
44 000000000 input44@1
45 000000000 input45@1
46 000000000 input46@1
47 000000000 input47@1
48 000000000 input48@1
49 000000000 input49@1
50 000000000 input50@1
51 000000000 input51@1
52 000000000 input52@1
53 000000000 input53@1
54 000000000 input54@1
55 000000000 input55@1
56 000000000 input56@1
57 000000000 input57@1
58 000000000 input58@1
59 000000000 input59@1
60 000000000 input60@1
61 000000000 input61@1
62 000000000 input62@1
63 000000000 input63@1
64 000000000 input64@1
65 000000000 input65@1
66 000000000 input66@1
67 000000000 input67@1
68 000000000 input68@1
69 000000000 input69@1
70 000000000 input70@1
71 000000000 input71@1
72 000000000 input72@1
73 000000000 input73@1
74 000000000 input74@1
75 000000000 input75@1
76 000000000 input76@1
77 000000000 input77@1
78 000000000 input78@1
79 000000000 input79@1
80 000000000 input80@1
81 000000000 input81@1
82 000000000 input82@1
83 000000000 input83@1
84 000000000 input84@1
85 000000000 input85@1
86 000000000 input86@1
87 000000000 input87@1
88 000000000 input88@1
89 000000000 input89@1
90 000000000 input90@1
91 000000000 input91@1
92 000000000 input92@1
93 000000000 input93@1
94 000000000 input94@1
95 000000000 input95@1
96 000000000 input96@1
97 000000000 input97@1
98 000000000 input98@1
99 000000000 input99@1
100 000000000 input100@1
101 000000000 input101@1
102 000000000 input102@1
103 000000000 input103@1
104 000000000 input104@1
105 000000000 input105@1
106 000000000 input106@1
107 000000000 input107@1
108 000000000 input108@1
109 000000000 input109@1
110 000000000 input110@1
111 000000000 input111@1
112 000000000 input112@1
113 000000000 input113@1
114 000000000 input114@1
115 000000000 input115@1
116 000000000 input116@1
117 000000000 input117@1
118 000000000 input118@1
119 000000000 input119@1
120 000000000 input120@1
121 000000000 input121@1
122 000000000 input122@1
123 000000000 input123@1
124 000000000 input124@1
125 000000000 input125@1
126 000000000 input126@1
127 000000000 input127@1
128 000000000 input128@1
129 000000000 input129@1
130 000000000 input130@1
131 000000000 input131@1
132 000000000 input132@1
133 000000000 input133@1
134 000000000 input134@1
135 000000000 input135@1
136 000000000 input136@1
137 000000000 input137@1
138 000000000 input138@1
139 000000000 input139@1
140 000000000 input140@1
141 000000000 input141@1
142 000000000 input142@1
143 000000000 input143@1
144 000000000 input144@1
145 000000000 input145@1
146 000000000 input146@1
147 000000000 input147@1
148 000000000 input148@1
149 000000000 input149@1
150 000000000 input150@1
151 000000000 input151@1
152 000000000 input152@1
153 000000000 input153@1
154 000000000 input154@1
155 000000000 input155@1
156 000000000 input156@1
157 000000000 input157@1
158 000000000 input158@1
159 000000000 input159@1
160 000000000 input160@1
161 000000000 input161@1
162 000000000 input162@1
163 000000000 input163@1
164 000000000 input164@1
165 000000000 input165@1
166 000000000 input166@1
167 000000000 input167@1
168 000000000 input168@1
169 000000000 input169@1
170 000000000 input170@1
171 000000000 input171@1
172 000000000 input172@1
173 000000000 input173@1
174 000000000 input174@1
175 000000000 input175@1
176 000000000 input176@1
177 000000000 input177@1
178 000000000 input178@1
179 000000000 input179@1
180 000000000 input180@1
181 000000000 input181@1
182 000000000 input182@1
183 000000000 input183@1
184 000000000 input184@1
185 000000000 input185@1
186 000000000 input186@1
187 000000000 input187@1
188 000000000 input188@1
189 000000000 input189@1
190 000000000 input190@1
191 000000000 input191@1
192 000000000 input192@1
193 000000000 input193@1
194 000000000 input194@1
195 000000000 input195@1
196 000000000 input196@1
197 000000000 input197@1
198 000000000 input198@1
199 000000000 input199@1
200 000000000 input200@1
201 000000000 input201@1
202 000000000 input202@1
203 000000000 input203@1
204 000000000 input204@1
205 000000000 input205@1
206 000000000 input206@1
207 000000000 input207@1
208 000000000 input208@1
209 000000000 input209@1
210 000000000 input210@1
211 000000000 input211@1
212 000000000 input212@1
213 000000000 input213@1
214 000000000 input214@1
215 000000000 input215@1
216 000000000 input216@1
217 000000000 input217@1
218 000000000 input218@1
219 000000000 input219@1
220 000000000 input220@1
221 000000000 input221@1
222 000000000 input222@1
223 000000000 input223@1
224 000000000 input224@1
225 000000000 input225@1
226 000000000 input226@1
227 000000000 input227@1
228 000000000 input228@1
229 000000000 input229@1
230 000000000 input230@1
231 000000000 input231@1
232 000000000 input232@1
233 000000000 input233@1
234 000000000 input234@1
235 000000000 input235@1
236 000000000 input236@1
237 000000000 input237@1
238 000000000 input238@1
239 000000000 input239@1
240 000000000 input240@1
241 000000000 input241@1
242 000000000 input242@1
243 000000000 input243@1
244 000000000 input244@1
245 000000000 input245@1
246 000000000 input246@1
247 000000000 input247@1
248 000000000 input248@1
249 000000000 input249@1
250 000000000 input250@1
251 000000000 input251@1
252 000000000 input252@1
253 000000000 input253@1
254 000000000 input254@1
255 000000000 input255@1
256 000000000 input256@1
257 000000000 input257@1
258 000000000 input258@1
259 000000000 input259@1
260 000000000 input260@1
261 000000000 input261@1
262 000000000 input262@1
263 000000000 input263@1
264 000000000 input264@1
265 000000000 input265@1
266 000000000 input266@1
267 000000000 input267@1
268 000000000 input268@1
269 000000000 input269@1
270 000000000 input270@1
271 000000000 input271@1
272 000000000 input272@1
273 000000000 input273@1
274 000000000 input274@1
275 000000000 input275@1
276 000000000 input276@1
277 000000000 input277@1
278 000000000 input278@1
279 000000000 input279@1
280 000000000 input280@1
281 000000000 input281@1
282 000000000 input282@1
283 000000000 input283@1
284 000000000 input284@1
285 000000000 input285@1
286 000000000 input286@1
287 000000000 input287@1
288 000000000 input288@1
289 000000000 input289@1
290 000000000 input290@1
291 000000000 input291@1
292 000000000 input292@1
293 000000000 input293@1
294 000000000 input294@1
295 000000000 input295@1
296 000000000 input296@1
297 000000000 input297@1
298 000000000 input298@1
299 000000000 input299@1
300 000000000 input300@1
301 000000000 input301@1
302 000000000 input302@1
303 000000000 input303@1
304 000000000 input304@1
305 000000000 input305@1
306 000000000 input306@1
307 000000000 input307@1
308 000000000 input308@1
309 000000000 input309@1
310 000000000 input310@1
311 000000000 input311@1
312 000000000 input312@1
313 000000000 input313@1
314 000000000 input314@1
315 000000000 input315@1
316 000000000 input316@1
317 000000000 input317@1
318 000000000 input318@1
319 000000000 input319@1
320 000000000 input320@1
321 000000000 input321@1
322 000000000 input322@1
323 000000000 input323@1
324 000000000 input324@1
325 000000000 input325@1
326 000000000 input326@1
327 000000000 input327@1
328 000000000 input328@1
329 000000000 input329@1
330 000000000 input330@1
331 000000000 input331@1
332 000000000 input332@1
333 000000000 input333@1
334 000000000 input334@1
335 000000000 input335@1
336 000000000 input336@1
337 000000000 input337@1
338 000000000 input338@1
339 000000000 input339@1
340 000000000 input340@1
341 000000000 input341@1
342 000000000 input342@1
343 000000000 input343@1
344 000000000 input344@1
345 000000000 input345@1
346 000000000 input346@1
347 000000000 input347@1
348 000000000 input348@1
349 000000000 input349@1
350 000000000 input350@1
351 000000000 input351@1
352 000000000 input352@1
353 000000000 input353@1
354 000000000 input354@1
355 000000000 input355@1
356 000000000 input356@1
357 000000000 input357@1
358 000000000 input358@1
359 000000000 input359@1
360 000000000 input360@1
361 000000000 input361@1
362 000000000 input362@1
363 000000000 input363@1
364 000000000 input364@1
365 000000000 input365@1
366 000000000 input366@1
367 000000000 input367@1
368 000000000 input368@1
369 000000000 input369@1
370 000000000 input370@1
371 000000000 input371@1
372 000000000 input372@1
373 000000000 input373@1
374 000000000 input374@1
375 000000000 input375@1
376 000000000 input376@1
377 000000000 input377@1
378 000000000 input378@1
379 000000000 input379@1
380 000000000 input380@1
381 000000000 input381@1
382 000000000 input382@1
383 000000000 input383@1
384 000000000 input384@1
385 000000000 input385@1
386 000000000 input386@1
387 000000000 input387@1
388 000000000 input388@1
389 000000000 input389@1
390 000000000 input390@1
391 000000000 input391@1
392 000000000 input392@1
393 000000000 input393@1
394 000000000 input394@1
395 000000000 input395@1
396 000000000 input396@1
397 000000000 input397@1
398 000000000 input398@1
399 000000000 input399@1
400 000000000 input400@1
401 000000000 input401@1
402 000000000 input402@1
403 000000000 input403@1
404 000000000 input404@1
405 000000000 input405@1
406 000000000 input406@1
407 000000000 input407@1
408 000000000 input408@1
409 000000000 input409@1
410 000000000 input410@1
411 000000000 input411@1
412 000000000 input412@1
413 000000000 input413@1
414 000000000 input414@1
415 000000000 input415@1
416 000000000 input416@1
417 000000000 input417@1
418 000000000 input418@1
419 000000000 input419@1
420 000000000 input420@1
421 000000000 input421@1
422 000000000 input422@1
423 000000000 input423@1
424 000000000 input424@1
425 000000000 input425@1
426 000000000 input426@1
427 000000000 input427@1
428 000000000 input428@1
429 000000000 input429@1
430 000000000 input430@1
431 000000000 input431@1
432 000000000 input432@1
433 000000000 input433@1
434 000000000 input434@1
435 000000000 input435@1
436 000000000 input436@1
437 000000000 input437@1
438 000000000 input438@1
439 000000000 input439@1
440 000000000 input440@1
441 000000000 input441@1
442 000000000 input442@1
443 000000000 input443@1
444 000000000 input444@1
445 000000000 input445@1
446 000000000 input446@1
447 000000000 input447@1
448 000000000 input448@1
449 000000000 input449@1
450 000000000 input450@1
451 000000000 input451@1
452 000000000 input452@1
453 000000000 input453@1
454 000000000 input454@1
455 000000000 input455@1
456 000000000 input456@1
457 000000000 input457@1
458 000000000 input458@1
459 000000000 input459@1
460 000000000 input460@1
461 000000000 input461@1
462 000000000 input462@1
463 000000000 input463@1
464 000000000 input464@1
465 000000000 input465@1
466 000000000 input466@1
467 0 input467@1
468 0 input468@1
469 00000 input469@1
470 000 input470@1
471 000 input471@1
472 000 input472@1
473 000 input473@1
474 0 input474@1
475 000000000 input475@1
476 000000000 input476@1
477 000000000 input477@1
478 000000000 input478@1
479 000000000 input479@1
480 000000000 input480@1
481 00000 input481@1
482 00000 input482@1
@2
0 0 CLOCK@2
1 0 START@2
2 000000000 input2@2
3 000000000 input3@2
4 000000000 input4@2
5 000000000 input5@2
6 000000000 input6@2
7 000000000 input7@2
8 000000000 input8@2
9 000000000 input9@2
10 000000000 input10@2
11 000000000 input11@2
12 000000000 input12@2
13 000000000 input13@2
14 000000000 input14@2
15 000000000 input15@2
16 000000000 input16@2
17 000000000 input17@2
18 000000000 input18@2
19 000000000 input19@2
20 000000000 input20@2
21 000000000 input21@2
22 000000000 input22@2
23 000000000 input23@2
24 000000000 input24@2
25 000000000 input25@2
26 000000000 input26@2
27 000000000 input27@2
28 000000000 input28@2
29 000000000 input29@2
30 000000000 input30@2
31 000000000 input31@2
32 000000000 input32@2
33 000000000 input33@2
34 000000000 input34@2
35 000000000 input35@2
36 000000000 input36@2
37 000000000 input37@2
38 000000000 input38@2
39 000000000 input39@2
40 000000000 input40@2
41 000000000 input41@2
42 000000000 input42@2
43 000000000 input43@2
44 000000000 input44@2
45 000000000 input45@2
46 000000000 input46@2
47 000000000 input47@2
48 000000000 input48@2
49 000000000 input49@2
50 000000000 input50@2
51 000000000 input51@2
52 000000000 input52@2
53 000000000 input53@2
54 000000000 input54@2
55 000000000 input55@2
56 000000000 input56@2
57 000000000 input57@2
58 000000000 input58@2
59 000000000 input59@2
60 000000000 input60@2
61 000000000 input61@2
62 000000000 input62@2
63 000000000 input63@2
64 000000000 input64@2
65 000000000 input65@2
66 000000000 input66@2
67 000000000 input67@2
68 000000000 input68@2
69 000000000 input69@2
70 000000000 input70@2
71 000000000 input71@2
72 000000000 input72@2
73 000000000 input73@2
74 000000000 input74@2
75 000000000 input75@2
76 000000000 input76@2
77 000000000 input77@2
78 000000000 input78@2
79 000000000 input79@2
80 000000000 input80@2
81 000000000 input81@2
82 000000000 input82@2
83 000000000 input83@2
84 000000000 input84@2
85 000000000 input85@2
86 000000000 input86@2
87 000000000 input87@2
88 000000000 input88@2
89 000000000 input89@2
90 000000000 input90@2
91 000000000 input91@2
92 000000000 input92@2
93 000000000 input93@2
94 000000000 input94@2
95 000000000 input95@2
96 000000000 input96@2
97 000000000 input97@2
98 000000000 input98@2
99 000000000 input99@2
100 000000000 input100@2
101 000000000 input101@2
102 000000000 input102@2
103 000000000 input103@2
104 000000000 input104@2
105 000000000 input105@2
106 000000000 input106@2
107 000000000 input107@2
108 000000000 input108@2
109 000000000 input109@2
110 000000000 input110@2
111 000000000 input111@2
112 000000000 input112@2
113 000000000 input113@2
114 000000000 input114@2
115 000000000 input115@2
116 000000000 input116@2
117 000000000 input117@2
118 000000000 input118@2
119 000000000 input119@2
120 000000000 input120@2
121 000000000 input121@2
122 000000000 input122@2
123 000000000 input123@2
124 000000000 input124@2
125 000000000 input125@2
126 000000000 input126@2
127 000000000 input127@2
128 000000000 input128@2
129 000000000 input129@2
130 000000000 input130@2
131 000000000 input131@2
132 000000000 input132@2
133 000000000 input133@2
134 000000000 input134@2
135 000000000 input135@2
136 000000000 input136@2
137 000000000 input137@2
138 000000000 input138@2
139 000000000 input139@2
140 000000000 input140@2
141 000000000 input141@2
142 000000000 input142@2
143 000000000 input143@2
144 000000000 input144@2
145 000000000 input145@2
146 000000000 input146@2
147 000000000 input147@2
148 000000000 input148@2
149 000000000 input149@2
150 000000000 input150@2
151 000000000 input151@2
152 000000000 input152@2
153 000000000 input153@2
154 000000000 input154@2
155 000000000 input155@2
156 000000000 input156@2
157 000000000 input157@2
158 000000000 input158@2
159 000000000 input159@2
160 000000000 input160@2
161 000000000 input161@2
162 000000000 input162@2
163 000000000 input163@2
164 000000000 input164@2
165 000000000 input165@2
166 000000000 input166@2
167 000000000 input167@2
168 000000000 input168@2
169 000000000 input169@2
170 000000000 input170@2
171 000000000 input171@2
172 000000000 input172@2
173 000000000 input173@2
174 000000000 input174@2
175 000000000 input175@2
176 000000000 input176@2
177 000000000 input177@2
178 000000000 input178@2
179 000000000 input179@2
180 000000000 input180@2
181 000000000 input181@2
182 000000000 input182@2
183 000000000 input183@2
184 000000000 input184@2
185 000000000 input185@2
186 000000000 input186@2
187 000000000 input187@2
188 000000000 input188@2
189 000000000 input189@2
190 000000000 input190@2
191 000000000 input191@2
192 000000000 input192@2
193 000000000 input193@2
194 000000000 input194@2
195 000000000 input195@2
196 000000000 input196@2
197 000000000 input197@2
198 000000000 input198@2
199 000000000 input199@2
200 000000000 input200@2
201 000000000 input201@2
202 000000000 input202@2
203 000000000 input203@2
204 000000000 input204@2
205 000000000 input205@2
206 000000000 input206@2
207 000000000 input207@2
208 000000000 input208@2
209 000000000 input209@2
210 000000000 input210@2
211 000000000 input211@2
212 000000000 input212@2
213 000000000 input213@2
214 000000000 input214@2
215 000000000 input215@2
216 000000000 input216@2
217 000000000 input217@2
218 000000000 input218@2
219 000000000 input219@2
220 000000000 input220@2
221 000000000 input221@2
222 000000000 input222@2
223 000000000 input223@2
224 000000000 input224@2
225 000000000 input225@2
226 000000000 input226@2
227 000000000 input227@2
228 000000000 input228@2
229 000000000 input229@2
230 000000000 input230@2
231 000000000 input231@2
232 000000000 input232@2
233 000000000 input233@2
234 000000000 input234@2
235 000000000 input235@2
236 000000000 input236@2
237 000000000 input237@2
238 000000000 input238@2
239 000000000 input239@2
240 000000000 input240@2
241 000000000 input241@2
242 000000000 input242@2
243 000000000 input243@2
244 000000000 input244@2
245 000000000 input245@2
246 000000000 input246@2
247 000000000 input247@2
248 000000000 input248@2
249 000000000 input249@2
250 000000000 input250@2
251 000000000 input251@2
252 000000000 input252@2
253 000000000 input253@2
254 000000000 input254@2
255 000000000 input255@2
256 000000000 input256@2
257 000000000 input257@2
258 000000000 input258@2
259 000000000 input259@2
260 000000000 input260@2
261 000000000 input261@2
262 000000000 input262@2
263 000000000 input263@2
264 000000000 input264@2
265 000000000 input265@2
266 000000000 input266@2
267 000000000 input267@2
268 000000000 input268@2
269 000000000 input269@2
270 000000000 input270@2
271 000000000 input271@2
272 000000000 input272@2
273 000000000 input273@2
274 000000000 input274@2
275 000000000 input275@2
276 000000000 input276@2
277 000000000 input277@2
278 000000000 input278@2
279 000000000 input279@2
280 000000000 input280@2
281 000000000 input281@2
282 000000000 input282@2
283 000000000 input283@2
284 000000000 input284@2
285 000000000 input285@2
286 000000000 input286@2
287 000000000 input287@2
288 000000000 input288@2
289 000000000 input289@2
290 000000000 input290@2
291 000000000 input291@2
292 000000000 input292@2
293 000000000 input293@2
294 000000000 input294@2
295 000000000 input295@2
296 000000000 input296@2
297 000000000 input297@2
298 000000000 input298@2
299 000000000 input299@2
300 000000000 input300@2
301 000000000 input301@2
302 000000000 input302@2
303 000000000 input303@2
304 000000000 input304@2
305 000000000 input305@2
306 000000000 input306@2
307 000000000 input307@2
308 000000000 input308@2
309 000000000 input309@2
310 000000000 input310@2
311 000000000 input311@2
312 000000000 input312@2
313 000000000 input313@2
314 000000000 input314@2
315 000000000 input315@2
316 000000000 input316@2
317 000000000 input317@2
318 000000000 input318@2
319 000000000 input319@2
320 000000000 input320@2
321 000000000 input321@2
322 000000000 input322@2
323 000000000 input323@2
324 000000000 input324@2
325 000000000 input325@2
326 000000000 input326@2
327 000000000 input327@2
328 000000000 input328@2
329 000000000 input329@2
330 000000000 input330@2
331 000000000 input331@2
332 000000000 input332@2
333 000000000 input333@2
334 000000000 input334@2
335 000000000 input335@2
336 000000000 input336@2
337 000000000 input337@2
338 000000000 input338@2
339 000000000 input339@2
340 000000000 input340@2
341 000000000 input341@2
342 000000000 input342@2
343 000000000 input343@2
344 000000000 input344@2
345 000000000 input345@2
346 000000000 input346@2
347 000000000 input347@2
348 000000000 input348@2
349 000000000 input349@2
350 000000000 input350@2
351 000000000 input351@2
352 000000000 input352@2
353 000000000 input353@2
354 000000000 input354@2
355 000000000 input355@2
356 000000000 input356@2
357 000000000 input357@2
358 000000000 input358@2
359 000000000 input359@2
360 000000000 input360@2
361 000000000 input361@2
362 000000000 input362@2
363 000000000 input363@2
364 000000000 input364@2
365 000000000 input365@2
366 000000000 input366@2
367 000000000 input367@2
368 000000000 input368@2
369 000000000 input369@2
370 000000000 input370@2
371 000000000 input371@2
372 000000000 input372@2
373 000000000 input373@2
374 000000000 input374@2
375 000000000 input375@2
376 000000000 input376@2
377 000000000 input377@2
378 000000000 input378@2
379 000000000 input379@2
380 000000000 input380@2
381 000000000 input381@2
382 000000000 input382@2
383 000000000 input383@2
384 000000000 input384@2
385 000000000 input385@2
386 000000000 input386@2
387 000000000 input387@2
388 000000000 input388@2
389 000000000 input389@2
390 000000000 input390@2
391 000000000 input391@2
392 000000000 input392@2
393 000000000 input393@2
394 000000000 input394@2
395 000000000 input395@2
396 000000000 input396@2
397 000000000 input397@2
398 000000000 input398@2
399 000000000 input399@2
400 000000000 input400@2
401 000000000 input401@2
402 000000000 input402@2
403 000000000 input403@2
404 000000000 input404@2
405 000000000 input405@2
406 000000000 input406@2
407 000000000 input407@2
408 000000000 input408@2
409 000000000 input409@2
410 000000000 input410@2
411 000000000 input411@2
412 000000000 input412@2
413 000000000 input413@2
414 000000000 input414@2
415 000000000 input415@2
416 000000000 input416@2
417 000000000 input417@2
418 000000000 input418@2
419 000000000 input419@2
420 000000000 input420@2
421 000000000 input421@2
422 000000000 input422@2
423 000000000 input423@2
424 000000000 input424@2
425 000000000 input425@2
426 000000000 input426@2
427 000000000 input427@2
428 000000000 input428@2
429 000000000 input429@2
430 000000000 input430@2
431 000000000 input431@2
432 000000000 input432@2
433 000000000 input433@2
434 000000000 input434@2
435 000000000 input435@2
436 000000000 input436@2
437 000000000 input437@2
438 000000000 input438@2
439 000000000 input439@2
440 000000000 input440@2
441 000000000 input441@2
442 000000000 input442@2
443 000000000 input443@2
444 000000000 input444@2
445 000000000 input445@2
446 000000000 input446@2
447 000000000 input447@2
448 000000000 input448@2
449 000000000 input449@2
450 000000000 input450@2
451 000000000 input451@2
452 000000000 input452@2
453 000000000 input453@2
454 000000000 input454@2
455 000000000 input455@2
456 000000000 input456@2
457 000000000 input457@2
458 000000000 input458@2
459 000000000 input459@2
460 000000000 input460@2
461 000000000 input461@2
462 000000000 input462@2
463 000000000 input463@2
464 000000000 input464@2
465 000000000 input465@2
466 000000000 input466@2
467 0 input467@2
468 0 input468@2
469 00000 input469@2
470 000 input470@2
471 000 input471@2
472 000 input472@2
473 000 input473@2
474 0 input474@2
475 000000000 input475@2
476 000000000 input476@2
477 000000000 input477@2
478 000000000 input478@2
479 000000000 input479@2
480 000000000 input480@2
481 00000 input481@2
482 00000 input482@2
@3
0 0 CLOCK@3
1 0 START@3
2 000000000 input2@3
3 000000000 input3@3
4 000000000 input4@3
5 000000000 input5@3
6 000000000 input6@3
7 000000000 input7@3
8 000000000 input8@3
9 000000000 input9@3
10 000000000 input10@3
11 000000000 input11@3
12 000000000 input12@3
13 000000000 input13@3
14 000000000 input14@3
15 000000000 input15@3
16 000000000 input16@3
17 000000000 input17@3
18 000000000 input18@3
19 000000000 input19@3
20 000000000 input20@3
21 000000000 input21@3
22 000000000 input22@3
23 000000000 input23@3
24 000000000 input24@3
25 000000000 input25@3
26 000000000 input26@3
27 000000000 input27@3
28 000000000 input28@3
29 000000000 input29@3
30 000000000 input30@3
31 000000000 input31@3
32 000000000 input32@3
33 000000000 input33@3
34 000000000 input34@3
35 000000000 input35@3
36 000000000 input36@3
37 000000000 input37@3
38 000000000 input38@3
39 000000000 input39@3
40 000000000 input40@3
41 000000000 input41@3
42 000000000 input42@3
43 000000000 input43@3
44 000000000 input44@3
45 000000000 input45@3
46 000000000 input46@3
47 000000000 input47@3
48 000000000 input48@3
49 000000000 input49@3
50 000000000 input50@3
51 000000000 input51@3
52 000000000 input52@3
53 000000000 input53@3
54 000000000 input54@3
55 000000000 input55@3
56 000000000 input56@3
57 000000000 input57@3
58 000000000 input58@3
59 000000000 input59@3
60 000000000 input60@3
61 000000000 input61@3
62 000000000 input62@3
63 000000000 input63@3
64 000000000 input64@3
65 000000000 input65@3
66 000000000 input66@3
67 000000000 input67@3
68 000000000 input68@3
69 000000000 input69@3
70 000000000 input70@3
71 000000000 input71@3
72 000000000 input72@3
73 000000000 input73@3
74 000000000 input74@3
75 000000000 input75@3
76 000000000 input76@3
77 000000000 input77@3
78 000000000 input78@3
79 000000000 input79@3
80 000000000 input80@3
81 000000000 input81@3
82 000000000 input82@3
83 000000000 input83@3
84 000000000 input84@3
85 000000000 input85@3
86 000000000 input86@3
87 000000000 input87@3
88 000000000 input88@3
89 000000000 input89@3
90 000000000 input90@3
91 000000000 input91@3
92 000000000 input92@3
93 000000000 input93@3
94 000000000 input94@3
95 000000000 input95@3
96 000000000 input96@3
97 000000000 input97@3
98 000000000 input98@3
99 000000000 input99@3
100 000000000 input100@3
101 000000000 input101@3
102 000000000 input102@3
103 000000000 input103@3
104 000000000 input104@3
105 000000000 input105@3
106 000000000 input106@3
107 000000000 input107@3
108 000000000 input108@3
109 000000000 input109@3
110 000000000 input110@3
111 000000000 input111@3
112 000000000 input112@3
113 000000000 input113@3
114 000000000 input114@3
115 000000000 input115@3
116 000000000 input116@3
117 000000000 input117@3
118 000000000 input118@3
119 000000000 input119@3
120 000000000 input120@3
121 000000000 input121@3
122 000000000 input122@3
123 000000000 input123@3
124 000000000 input124@3
125 000000000 input125@3
126 000000000 input126@3
127 000000000 input127@3
128 000000000 input128@3
129 000000000 input129@3
130 000000000 input130@3
131 000000000 input131@3
132 000000000 input132@3
133 000000000 input133@3
134 000000000 input134@3
135 000000000 input135@3
136 000000000 input136@3
137 000000000 input137@3
138 000000000 input138@3
139 000000000 input139@3
140 000000000 input140@3
141 000000000 input141@3
142 000000000 input142@3
143 000000000 input143@3
144 000000000 input144@3
145 000000000 input145@3
146 000000000 input146@3
147 000000000 input147@3
148 000000000 input148@3
149 000000000 input149@3
150 000000000 input150@3
151 000000000 input151@3
152 000000000 input152@3
153 000000000 input153@3
154 000000000 input154@3
155 000000000 input155@3
156 000000000 input156@3
157 000000000 input157@3
158 000000000 input158@3
159 000000000 input159@3
160 000000000 input160@3
161 000000000 input161@3
162 000000000 input162@3
163 000000000 input163@3
164 000000000 input164@3
165 000000000 input165@3
166 000000000 input166@3
167 000000000 input167@3
168 000000000 input168@3
169 000000000 input169@3
170 000000000 input170@3
171 000000000 input171@3
172 000000000 input172@3
173 000000000 input173@3
174 000000000 input174@3
175 000000000 input175@3
176 000000000 input176@3
177 000000000 input177@3
178 000000000 input178@3
179 000000000 input179@3
180 000000000 input180@3
181 000000000 input181@3
182 000000000 input182@3
183 000000000 input183@3
184 000000000 input184@3
185 000000000 input185@3
186 000000000 input186@3
187 000000000 input187@3
188 000000000 input188@3
189 000000000 input189@3
190 000000000 input190@3
191 000000000 input191@3
192 000000000 input192@3
193 000000000 input193@3
194 000000000 input194@3
195 000000000 input195@3
196 000000000 input196@3
197 000000000 input197@3
198 000000000 input198@3
199 000000000 input199@3
200 000000000 input200@3
201 000000000 input201@3
202 000000000 input202@3
203 000000000 input203@3
204 000000000 input204@3
205 000000000 input205@3
206 000000000 input206@3
207 000000000 input207@3
208 000000000 input208@3
209 000000000 input209@3
210 000000000 input210@3
211 000000000 input211@3
212 000000000 input212@3
213 000000000 input213@3
214 000000000 input214@3
215 000000000 input215@3
216 000000000 input216@3
217 000000000 input217@3
218 000000000 input218@3
219 000000000 input219@3
220 000000000 input220@3
221 000000000 input221@3
222 000000000 input222@3
223 000000000 input223@3
224 000000000 input224@3
225 000000000 input225@3
226 000000000 input226@3
227 000000000 input227@3
228 000000000 input228@3
229 000000000 input229@3
230 000000000 input230@3
231 000000000 input231@3
232 000000000 input232@3
233 000000000 input233@3
234 000000000 input234@3
235 000000000 input235@3
236 000000000 input236@3
237 000000000 input237@3
238 000000000 input238@3
239 000000000 input239@3
240 000000000 input240@3
241 000000000 input241@3
242 000000000 input242@3
243 000000000 input243@3
244 000000000 input244@3
245 000000000 input245@3
246 000000000 input246@3
247 000000000 input247@3
248 000000000 input248@3
249 000000000 input249@3
250 000000000 input250@3
251 000000000 input251@3
252 000000000 input252@3
253 000000000 input253@3
254 000000000 input254@3
255 000000000 input255@3
256 000000000 input256@3
257 000000000 input257@3
258 000000000 input258@3
259 000000000 input259@3
260 000000000 input260@3
261 000000000 input261@3
262 000000000 input262@3
263 000000000 input263@3
264 000000000 input264@3
265 000000000 input265@3
266 000000000 input266@3
267 000000000 input267@3
268 000000000 input268@3
269 000000000 input269@3
270 000000000 input270@3
271 000000000 input271@3
272 000000000 input272@3
273 000000000 input273@3
274 000000000 input274@3
275 000000000 input275@3
276 000000000 input276@3
277 000000000 input277@3
278 000000000 input278@3
279 000000000 input279@3
280 000000000 input280@3
281 000000000 input281@3
282 000000000 input282@3
283 000000000 input283@3
284 000000000 input284@3
285 000000000 input285@3
286 000000000 input286@3
287 000000000 input287@3
288 000000000 input288@3
289 000000000 input289@3
290 000000000 input290@3
291 000000000 input291@3
292 000000000 input292@3
293 000000000 input293@3
294 000000000 input294@3
295 000000000 input295@3
296 000000000 input296@3
297 000000000 input297@3
298 000000000 input298@3
299 000000000 input299@3
300 000000000 input300@3
301 000000000 input301@3
302 000000000 input302@3
303 000000000 input303@3
304 000000000 input304@3
305 000000000 input305@3
306 000000000 input306@3
307 000000000 input307@3
308 000000000 input308@3
309 000000000 input309@3
310 000000000 input310@3
311 000000000 input311@3
312 000000000 input312@3
313 000000000 input313@3
314 000000000 input314@3
315 000000000 input315@3
316 000000000 input316@3
317 000000000 input317@3
318 000000000 input318@3
319 000000000 input319@3
320 000000000 input320@3
321 000000000 input321@3
322 000000000 input322@3
323 000000000 input323@3
324 000000000 input324@3
325 000000000 input325@3
326 000000000 input326@3
327 000000000 input327@3
328 000000000 input328@3
329 000000000 input329@3
330 000000000 input330@3
331 000000000 input331@3
332 000000000 input332@3
333 000000000 input333@3
334 000000000 input334@3
335 000000000 input335@3
336 000000000 input336@3
337 000000000 input337@3
338 000000000 input338@3
339 000000000 input339@3
340 000000000 input340@3
341 000000000 input341@3
342 000000000 input342@3
343 000000000 input343@3
344 000000000 input344@3
345 000000000 input345@3
346 000000000 input346@3
347 000000000 input347@3
348 000000000 input348@3
349 000000000 input349@3
350 000000000 input350@3
351 000000000 input351@3
352 000000000 input352@3
353 000000000 input353@3
354 000000000 input354@3
355 000000000 input355@3
356 000000000 input356@3
357 000000000 input357@3
358 000000000 input358@3
359 000000000 input359@3
360 000000000 input360@3
361 000000000 input361@3
362 000000000 input362@3
363 000000000 input363@3
364 000000000 input364@3
365 000000000 input365@3
366 000000000 input366@3
367 000000000 input367@3
368 000000000 input368@3
369 000000000 input369@3
370 000000000 input370@3
371 000000000 input371@3
372 000000000 input372@3
373 000000000 input373@3
374 000000000 input374@3
375 000000000 input375@3
376 000000000 input376@3
377 000000000 input377@3
378 000000000 input378@3
379 000000000 input379@3
380 000000000 input380@3
381 000000000 input381@3
382 000000000 input382@3
383 000000000 input383@3
384 000000000 input384@3
385 000000000 input385@3
386 000000000 input386@3
387 000000000 input387@3
388 000000000 input388@3
389 000000000 input389@3
390 000000000 input390@3
391 000000000 input391@3
392 000000000 input392@3
393 000000000 input393@3
394 000000000 input394@3
395 000000000 input395@3
396 000000000 input396@3
397 000000000 input397@3
398 000000000 input398@3
399 000000000 input399@3
400 000000000 input400@3
401 000000000 input401@3
402 000000000 input402@3
403 000000000 input403@3
404 000000000 input404@3
405 000000000 input405@3
406 000000000 input406@3
407 000000000 input407@3
408 000000000 input408@3
409 000000000 input409@3
410 000000000 input410@3
411 000000000 input411@3
412 000000000 input412@3
413 000000000 input413@3
414 000000000 input414@3
415 000000000 input415@3
416 000000000 input416@3
417 000000000 input417@3
418 000000000 input418@3
419 000000000 input419@3
420 000000000 input420@3
421 000000000 input421@3
422 000000000 input422@3
423 000000000 input423@3
424 000000000 input424@3
425 000000000 input425@3
426 000000000 input426@3
427 000000000 input427@3
428 000000000 input428@3
429 000000000 input429@3
430 000000000 input430@3
431 000000000 input431@3
432 000000000 input432@3
433 000000000 input433@3
434 000000000 input434@3
435 000000000 input435@3
436 000000000 input436@3
437 000000000 input437@3
438 000000000 input438@3
439 000000000 input439@3
440 000000000 input440@3
441 000000000 input441@3
442 000000000 input442@3
443 000000000 input443@3
444 000000000 input444@3
445 000000000 input445@3
446 000000000 input446@3
447 000000000 input447@3
448 000000000 input448@3
449 000000000 input449@3
450 000000000 input450@3
451 000000000 input451@3
452 000000000 input452@3
453 000000000 input453@3
454 000000000 input454@3
455 000000000 input455@3
456 000000000 input456@3
457 000000000 input457@3
458 000000000 input458@3
459 000000000 input459@3
460 000000000 input460@3
461 000000000 input461@3
462 000000000 input462@3
463 000000000 input463@3
464 000000000 input464@3
465 000000000 input465@3
466 000000000 input466@3
467 0 input467@3
468 0 input468@3
469 00000 input469@3
470 000 input470@3
471 000 input471@3
472 000 input472@3
473 000 input473@3
474 0 input474@3
475 000000000 input475@3
476 111111111 input476@3
477 111111111 input477@3
478 000000000 input478@3
479 111111111 input479@3
480 111111111 input480@3
481 00000 input481@3
482 00000 input482@3
@4
0 0 CLOCK@4
1 0 START@4
2 000000000 input2@4
3 000000000 input3@4
4 000000000 input4@4
5 000000000 input5@4
6 000000000 input6@4
7 000000000 input7@4
8 000000000 input8@4
9 000000000 input9@4
10 000000000 input10@4
11 000000000 input11@4
12 000000000 input12@4
13 000000000 input13@4
14 000000000 input14@4
15 000000000 input15@4
16 000000000 input16@4
17 000000000 input17@4
18 000000000 input18@4
19 000000000 input19@4
20 000000000 input20@4
21 000000000 input21@4
22 000000000 input22@4
23 000000000 input23@4
24 000000000 input24@4
25 000000000 input25@4
26 000000000 input26@4
27 000000000 input27@4
28 000000000 input28@4
29 000000000 input29@4
30 000000000 input30@4
31 000000000 input31@4
32 000000000 input32@4
33 000000000 input33@4
34 000000000 input34@4
35 000000000 input35@4
36 000000000 input36@4
37 000000000 input37@4
38 000000000 input38@4
39 000000000 input39@4
40 000000000 input40@4
41 000000000 input41@4
42 000000000 input42@4
43 000000000 input43@4
44 000000000 input44@4
45 000000000 input45@4
46 000000000 input46@4
47 000000000 input47@4
48 000000000 input48@4
49 000000000 input49@4
50 000000000 input50@4
51 000000000 input51@4
52 000000000 input52@4
53 000000000 input53@4
54 000000000 input54@4
55 000000000 input55@4
56 000000000 input56@4
57 000000000 input57@4
58 000000000 input58@4
59 000000000 input59@4
60 000000000 input60@4
61 000000000 input61@4
62 000000000 input62@4
63 000000000 input63@4
64 000000000 input64@4
65 000000000 input65@4
66 000000000 input66@4
67 000000000 input67@4
68 000000000 input68@4
69 000000000 input69@4
70 000000000 input70@4
71 000000000 input71@4
72 000000000 input72@4
73 000000000 input73@4
74 000000000 input74@4
75 000000000 input75@4
76 000000000 input76@4
77 000000000 input77@4
78 000000000 input78@4
79 000000000 input79@4
80 000000000 input80@4
81 000000000 input81@4
82 000000000 input82@4
83 000000000 input83@4
84 000000000 input84@4
85 000000000 input85@4
86 000000000 input86@4
87 000000000 input87@4
88 000000000 input88@4
89 000000000 input89@4
90 000000000 input90@4
91 000000000 input91@4
92 000000000 input92@4
93 000000000 input93@4
94 000000000 input94@4
95 000000000 input95@4
96 000000000 input96@4
97 000000000 input97@4
98 000000000 input98@4
99 000000000 input99@4
100 000000000 input100@4
101 000000000 input101@4
102 000000000 input102@4
103 000000000 input103@4
104 000000000 input104@4
105 000000000 input105@4
106 000000000 input106@4
107 000000000 input107@4
108 000000000 input108@4
109 000000000 input109@4
110 000000000 input110@4
111 000000000 input111@4
112 000000000 input112@4
113 000000000 input113@4
114 000000000 input114@4
115 000000000 input115@4
116 000000000 input116@4
117 000000000 input117@4
118 000000000 input118@4
119 000000000 input119@4
120 000000000 input120@4
121 000000000 input121@4
122 000000000 input122@4
123 000000000 input123@4
124 000000000 input124@4
125 000000000 input125@4
126 000000000 input126@4
127 000000000 input127@4
128 000000000 input128@4
129 000000000 input129@4
130 000000000 input130@4
131 000000000 input131@4
132 000000000 input132@4
133 000000000 input133@4
134 000000000 input134@4
135 000000000 input135@4
136 000000000 input136@4
137 000000000 input137@4
138 000000000 input138@4
139 000000000 input139@4
140 000000000 input140@4
141 000000000 input141@4
142 000000000 input142@4
143 000000000 input143@4
144 000000000 input144@4
145 000000000 input145@4
146 000000000 input146@4
147 000000000 input147@4
148 000000000 input148@4
149 000000000 input149@4
150 000000000 input150@4
151 000000000 input151@4
152 000000000 input152@4
153 000000000 input153@4
154 000000000 input154@4
155 000000000 input155@4
156 000000000 input156@4
157 000000000 input157@4
158 000000000 input158@4
159 000000000 input159@4
160 000000000 input160@4
161 000000000 input161@4
162 000000000 input162@4
163 000000000 input163@4
164 000000000 input164@4
165 000000000 input165@4
166 000000000 input166@4
167 000000000 input167@4
168 000000000 input168@4
169 000000000 input169@4
170 000000000 input170@4
171 000000000 input171@4
172 000000000 input172@4
173 000000000 input173@4
174 000000000 input174@4
175 000000000 input175@4
176 000000000 input176@4
177 000000000 input177@4
178 000000000 input178@4
179 000000000 input179@4
180 000000000 input180@4
181 000000000 input181@4
182 000000000 input182@4
183 000000000 input183@4
184 000000000 input184@4
185 000000000 input185@4
186 000000000 input186@4
187 000000000 input187@4
188 000000000 input188@4
189 000000000 input189@4
190 000000000 input190@4
191 000000000 input191@4
192 000000000 input192@4
193 000000000 input193@4
194 000000000 input194@4
195 000000000 input195@4
196 000000000 input196@4
197 000000000 input197@4
198 000000000 input198@4
199 000000000 input199@4
200 000000000 input200@4
201 000000000 input201@4
202 000000000 input202@4
203 000000000 input203@4
204 000000000 input204@4
205 000000000 input205@4
206 000000000 input206@4
207 000000000 input207@4
208 000000000 input208@4
209 000000000 input209@4
210 000000000 input210@4
211 000000000 input211@4
212 000000000 input212@4
213 000000000 input213@4
214 000000000 input214@4
215 000000000 input215@4
216 000000000 input216@4
217 000000000 input217@4
218 000000000 input218@4
219 000000000 input219@4
220 000000000 input220@4
221 000000000 input221@4
222 000000000 input222@4
223 000000000 input223@4
224 000000000 input224@4
225 000000000 input225@4
226 000000000 input226@4
227 000000000 input227@4
228 000000000 input228@4
229 000000000 input229@4
230 000000000 input230@4
231 000000000 input231@4
232 000000000 input232@4
233 000000000 input233@4
234 000000000 input234@4
235 000000000 input235@4
236 000000000 input236@4
237 000000000 input237@4
238 000000000 input238@4
239 000000000 input239@4
240 000000000 input240@4
241 000000000 input241@4
242 000000000 input242@4
243 000000000 input243@4
244 000000000 input244@4
245 000000000 input245@4
246 000000000 input246@4
247 000000000 input247@4
248 000000000 input248@4
249 000000000 input249@4
250 000000000 input250@4
251 000000000 input251@4
252 000000000 input252@4
253 000000000 input253@4
254 000000000 input254@4
255 000000000 input255@4
256 000000000 input256@4
257 000000000 input257@4
258 000000000 input258@4
259 000000000 input259@4
260 000000000 input260@4
261 000000000 input261@4
262 000000000 input262@4
263 000000000 input263@4
264 000000000 input264@4
265 000000000 input265@4
266 000000000 input266@4
267 000000000 input267@4
268 000000000 input268@4
269 000000000 input269@4
270 000000000 input270@4
271 000000000 input271@4
272 000000000 input272@4
273 000000000 input273@4
274 000000000 input274@4
275 000000000 input275@4
276 000000000 input276@4
277 000000000 input277@4
278 000000000 input278@4
279 000000000 input279@4
280 000000000 input280@4
281 000000000 input281@4
282 000000000 input282@4
283 000000000 input283@4
284 000000000 input284@4
285 000000000 input285@4
286 000000000 input286@4
287 000000000 input287@4
288 000000000 input288@4
289 000000000 input289@4
290 000000000 input290@4
291 000000000 input291@4
292 000000000 input292@4
293 000000000 input293@4
294 000000000 input294@4
295 000000000 input295@4
296 000000000 input296@4
297 000000000 input297@4
298 000000000 input298@4
299 000000000 input299@4
300 000000000 input300@4
301 000000000 input301@4
302 000000000 input302@4
303 000000000 input303@4
304 000000000 input304@4
305 000000000 input305@4
306 000000000 input306@4
307 000000000 input307@4
308 000000000 input308@4
309 000000000 input309@4
310 000000000 input310@4
311 000000000 input311@4
312 000000000 input312@4
313 000000000 input313@4
314 000000000 input314@4
315 000000000 input315@4
316 000000000 input316@4
317 000000000 input317@4
318 000000000 input318@4
319 000000000 input319@4
320 000000000 input320@4
321 000000000 input321@4
322 000000000 input322@4
323 000000000 input323@4
324 000000000 input324@4
325 000000000 input325@4
326 000000000 input326@4
327 000000000 input327@4
328 000000000 input328@4
329 000000000 input329@4
330 000000000 input330@4
331 000000000 input331@4
332 000000000 input332@4
333 000000000 input333@4
334 000000000 input334@4
335 000000000 input335@4
336 000000000 input336@4
337 000000000 input337@4
338 000000000 input338@4
339 000000000 input339@4
340 000000000 input340@4
341 000000000 input341@4
342 000000000 input342@4
343 000000000 input343@4
344 000000000 input344@4
345 000000000 input345@4
346 000000000 input346@4
347 000000000 input347@4
348 000000000 input348@4
349 000000000 input349@4
350 000000000 input350@4
351 000000000 input351@4
352 000000000 input352@4
353 000000000 input353@4
354 000000000 input354@4
355 000000000 input355@4
356 000000000 input356@4
357 000000000 input357@4
358 000000000 input358@4
359 000000000 input359@4
360 000000000 input360@4
361 000000000 input361@4
362 000000000 input362@4
363 000000000 input363@4
364 000000000 input364@4
365 000000000 input365@4
366 000000000 input366@4
367 000000000 input367@4
368 000000000 input368@4
369 000000000 input369@4
370 000000000 input370@4
371 000000000 input371@4
372 000000000 input372@4
373 000000000 input373@4
374 000000000 input374@4
375 000000000 input375@4
376 000000000 input376@4
377 000000000 input377@4
378 000000000 input378@4
379 000000000 input379@4
380 000000000 input380@4
381 000000000 input381@4
382 000000000 input382@4
383 000000000 input383@4
384 000000000 input384@4
385 000000000 input385@4
386 000000000 input386@4
387 000000000 input387@4
388 000000000 input388@4
389 000000000 input389@4
390 000000000 input390@4
391 000000000 input391@4
392 000000000 input392@4
393 000000000 input393@4
394 000000000 input394@4
395 000000000 input395@4
396 000000000 input396@4
397 000000000 input397@4
398 000000000 input398@4
399 000000000 input399@4
400 000000000 input400@4
401 000000000 input401@4
402 000000000 input402@4
403 000000000 input403@4
404 000000000 input404@4
405 000000000 input405@4
406 000000000 input406@4
407 000000000 input407@4
408 000000000 input408@4
409 000000000 input409@4
410 000000000 input410@4
411 000000000 input411@4
412 000000000 input412@4
413 000000000 input413@4
414 000000000 input414@4
415 000000000 input415@4
416 000000000 input416@4
417 000000000 input417@4
418 000000000 input418@4
419 000000000 input419@4
420 000000000 input420@4
421 000000000 input421@4
422 000000000 input422@4
423 000000000 input423@4
424 000000000 input424@4
425 000000000 input425@4
426 000000000 input426@4
427 000000000 input427@4
428 000000000 input428@4
429 000000000 input429@4
430 000000000 input430@4
431 000000000 input431@4
432 000000000 input432@4
433 000000000 input433@4
434 000000000 input434@4
435 000000000 input435@4
436 000000000 input436@4
437 000000000 input437@4
438 000000000 input438@4
439 000000000 input439@4
440 000000000 input440@4
441 000000000 input441@4
442 000000000 input442@4
443 000000000 input443@4
444 000000000 input444@4
445 000000000 input445@4
446 000000000 input446@4
447 000000000 input447@4
448 000000000 input448@4
449 000000000 input449@4
450 000000000 input450@4
451 000000000 input451@4
452 000000000 input452@4
453 000000000 input453@4
454 000000000 input454@4
455 000000000 input455@4
456 000000000 input456@4
457 000000000 input457@4
458 000000000 input458@4
459 000000000 input459@4
460 000000000 input460@4
461 000000000 input461@4
462 000000000 input462@4
463 000000000 input463@4
464 000000000 input464@4
465 000000000 input465@4
466 000000000 input466@4
467 0 input467@4
468 0 input468@4
469 00000 input469@4
470 000 input470@4
471 000 input471@4
472 000 input472@4
473 000 input473@4
474 0 input474@4
475 000000000 input475@4
476 000110010 input476@4
477 000000000 input477@4
478 000000000 input478@4
479 111111111 input479@4
480 111111111 input480@4
481 00000 input481@4
482 00000 input482@4
@5
0 0 CLOCK@5
1 1 START@5
2 000000000 input2@5
3 000000000 input3@5
4 000000000 input4@5
5 000000000 input5@5
6 000000000 input6@5
7 000000000 input7@5
8 000000000 input8@5
9 000000000 input9@5
10 000000000 input10@5
11 000000000 input11@5
12 000000000 input12@5
13 000000000 input13@5
14 000000000 input14@5
15 000000000 input15@5
16 000000000 input16@5
17 000000000 input17@5
18 000000000 input18@5
19 000000000 input19@5
20 000000000 input20@5
21 000000000 input21@5
22 000000000 input22@5
23 000000000 input23@5
24 000000000 input24@5
25 000000000 input25@5
26 000000000 input26@5
27 000000000 input27@5
28 000000000 input28@5
29 000000000 input29@5
30 000000000 input30@5
31 000000000 input31@5
32 000000000 input32@5
33 000000000 input33@5
34 000000000 input34@5
35 000000000 input35@5
36 000000000 input36@5
37 000000000 input37@5
38 000000000 input38@5
39 000000000 input39@5
40 000000000 input40@5
41 000000000 input41@5
42 000000000 input42@5
43 000000000 input43@5
44 000000000 input44@5
45 000000000 input45@5
46 000000000 input46@5
47 000000000 input47@5
48 000000000 input48@5
49 000000000 input49@5
50 000000000 input50@5
51 000000000 input51@5
52 000000000 input52@5
53 000000000 input53@5
54 000000000 input54@5
55 000000000 input55@5
56 000000000 input56@5
57 000000000 input57@5
58 000000000 input58@5
59 000000000 input59@5
60 000000000 input60@5
61 000000000 input61@5
62 000000000 input62@5
63 000000000 input63@5
64 000000000 input64@5
65 000000000 input65@5
66 000000000 input66@5
67 000000000 input67@5
68 000000000 input68@5
69 000000000 input69@5
70 000000000 input70@5
71 000000000 input71@5
72 000000000 input72@5
73 000000000 input73@5
74 000000000 input74@5
75 000000000 input75@5
76 000000000 input76@5
77 000000000 input77@5
78 000000000 input78@5
79 000000000 input79@5
80 000000000 input80@5
81 000000000 input81@5
82 000000000 input82@5
83 000000000 input83@5
84 000000000 input84@5
85 000000000 input85@5
86 000000000 input86@5
87 000000000 input87@5
88 000000000 input88@5
89 000000000 input89@5
90 000000000 input90@5
91 000000000 input91@5
92 000000000 input92@5
93 000000000 input93@5
94 000000000 input94@5
95 000000000 input95@5
96 000000000 input96@5
97 000000000 input97@5
98 000000000 input98@5
99 000000000 input99@5
100 000000000 input100@5
101 000000000 input101@5
102 000000000 input102@5
103 000000000 input103@5
104 000000000 input104@5
105 000000000 input105@5
106 000000000 input106@5
107 000000000 input107@5
108 000000000 input108@5
109 000000000 input109@5
110 000000000 input110@5
111 000000000 input111@5
112 000000000 input112@5
113 000000000 input113@5
114 000000000 input114@5
115 000000000 input115@5
116 000000000 input116@5
117 000000000 input117@5
118 000000000 input118@5
119 000000000 input119@5
120 000000000 input120@5
121 000000000 input121@5
122 000000000 input122@5
123 000000000 input123@5
124 000000000 input124@5
125 000000000 input125@5
126 000000000 input126@5
127 000000000 input127@5
128 000000000 input128@5
129 000000000 input129@5
130 000000000 input130@5
131 000000000 input131@5
132 000000000 input132@5
133 000000000 input133@5
134 000000000 input134@5
135 000000000 input135@5
136 000000000 input136@5
137 000000000 input137@5
138 000000000 input138@5
139 000000000 input139@5
140 000000000 input140@5
141 000000000 input141@5
142 000000000 input142@5
143 000000000 input143@5
144 000000000 input144@5
145 000000000 input145@5
146 000000000 input146@5
147 000000000 input147@5
148 000000000 input148@5
149 000000000 input149@5
150 000000000 input150@5
151 000000000 input151@5
152 000000000 input152@5
153 000000000 input153@5
154 000000000 input154@5
155 000000000 input155@5
156 000000000 input156@5
157 000000000 input157@5
158 000000000 input158@5
159 000000000 input159@5
160 000000000 input160@5
161 000000000 input161@5
162 000000000 input162@5
163 000000000 input163@5
164 000000000 input164@5
165 000000000 input165@5
166 000000000 input166@5
167 000000000 input167@5
168 000000000 input168@5
169 000000000 input169@5
170 000000000 input170@5
171 000000000 input171@5
172 000000000 input172@5
173 000000000 input173@5
174 000000000 input174@5
175 000000000 input175@5
176 000000000 input176@5
177 000000000 input177@5
178 000000000 input178@5
179 000000000 input179@5
180 000000000 input180@5
181 000000000 input181@5
182 000000000 input182@5
183 000000000 input183@5
184 000000000 input184@5
185 000000000 input185@5
186 000000000 input186@5
187 000000000 input187@5
188 000000000 input188@5
189 000000000 input189@5
190 000000000 input190@5
191 000000000 input191@5
192 000000000 input192@5
193 000000000 input193@5
194 000000000 input194@5
195 000000000 input195@5
196 000000000 input196@5
197 000000000 input197@5
198 000000000 input198@5
199 000000000 input199@5
200 000000000 input200@5
201 000000000 input201@5
202 000000000 input202@5
203 000000000 input203@5
204 000000000 input204@5
205 000000000 input205@5
206 000000000 input206@5
207 000000000 input207@5
208 000000000 input208@5
209 000000000 input209@5
210 000000000 input210@5
211 000000000 input211@5
212 000000000 input212@5
213 000000000 input213@5
214 000000000 input214@5
215 000000000 input215@5
216 000000000 input216@5
217 000000000 input217@5
218 000000000 input218@5
219 000000000 input219@5
220 000000000 input220@5
221 000000000 input221@5
222 000000000 input222@5
223 000000000 input223@5
224 000000000 input224@5
225 000000000 input225@5
226 000000000 input226@5
227 000000000 input227@5
228 000000000 input228@5
229 000000000 input229@5
230 000000000 input230@5
231 000000000 input231@5
232 000000000 input232@5
233 000000000 input233@5
234 000000000 input234@5
235 000000000 input235@5
236 000000000 input236@5
237 000000000 input237@5
238 000000000 input238@5
239 000000000 input239@5
240 000000000 input240@5
241 000000000 input241@5
242 000000000 input242@5
243 000000000 input243@5
244 000000000 input244@5
245 000000000 input245@5
246 000000000 input246@5
247 000000000 input247@5
248 000000000 input248@5
249 000000000 input249@5
250 000000000 input250@5
251 000000000 input251@5
252 000000000 input252@5
253 000000000 input253@5
254 000000000 input254@5
255 000000000 input255@5
256 000000000 input256@5
257 000000000 input257@5
258 000000000 input258@5
259 000000000 input259@5
260 000000000 input260@5
261 000000000 input261@5
262 000000000 input262@5
263 000000000 input263@5
264 000000000 input264@5
265 000000000 input265@5
266 000000000 input266@5
267 000000000 input267@5
268 000000000 input268@5
269 000000000 input269@5
270 000000000 input270@5
271 000000000 input271@5
272 000000000 input272@5
273 000000000 input273@5
274 000000000 input274@5
275 000000000 input275@5
276 000000000 input276@5
277 000000000 input277@5
278 000000000 input278@5
279 000000000 input279@5
280 000000000 input280@5
281 000000000 input281@5
282 000000000 input282@5
283 000000000 input283@5
284 000000000 input284@5
285 000000000 input285@5
286 000000000 input286@5
287 000000000 input287@5
288 000000000 input288@5
289 000000000 input289@5
290 000000000 input290@5
291 000000000 input291@5
292 000000000 input292@5
293 000000000 input293@5
294 000000000 input294@5
295 000000000 input295@5
296 000000000 input296@5
297 000000000 input297@5
298 000000000 input298@5
299 000000000 input299@5
300 000000000 input300@5
301 000000000 input301@5
302 000000000 input302@5
303 000000000 input303@5
304 000000000 input304@5
305 000000000 input305@5
306 000000000 input306@5
307 000000000 input307@5
308 000000000 input308@5
309 000000000 input309@5
310 000000000 input310@5
311 000000000 input311@5
312 000000000 input312@5
313 000000000 input313@5
314 000000000 input314@5
315 000000000 input315@5
316 000000000 input316@5
317 000000000 input317@5
318 000000000 input318@5
319 000000000 input319@5
320 000000000 input320@5
321 000000000 input321@5
322 000000000 input322@5
323 000000000 input323@5
324 000000000 input324@5
325 000000000 input325@5
326 000000000 input326@5
327 000000000 input327@5
328 000000000 input328@5
329 000000000 input329@5
330 000000000 input330@5
331 000000000 input331@5
332 000000000 input332@5
333 000000000 input333@5
334 000000000 input334@5
335 000000000 input335@5
336 000000000 input336@5
337 000000000 input337@5
338 000000000 input338@5
339 000000000 input339@5
340 000000000 input340@5
341 000000000 input341@5
342 000000000 input342@5
343 000000000 input343@5
344 000000000 input344@5
345 000000000 input345@5
346 000000000 input346@5
347 000000000 input347@5
348 000000000 input348@5
349 000000000 input349@5
350 000000000 input350@5
351 000000000 input351@5
352 000000000 input352@5
353 000000000 input353@5
354 000000000 input354@5
355 000000000 input355@5
356 000000000 input356@5
357 000000000 input357@5
358 000000000 input358@5
359 000000000 input359@5
360 000000000 input360@5
361 000000000 input361@5
362 000000000 input362@5
363 000000000 input363@5
364 000000000 input364@5
365 000000000 input365@5
366 000000000 input366@5
367 000000000 input367@5
368 000000000 input368@5
369 000000000 input369@5
370 000000000 input370@5
371 000000000 input371@5
372 000000000 input372@5
373 000000000 input373@5
374 000000000 input374@5
375 000000000 input375@5
376 000000000 input376@5
377 000000000 input377@5
378 000000000 input378@5
379 000000000 input379@5
380 000000000 input380@5
381 000000000 input381@5
382 000000000 input382@5
383 000000000 input383@5
384 000000000 input384@5
385 000000000 input385@5
386 000000000 input386@5
387 000000000 input387@5
388 000000000 input388@5
389 000000000 input389@5
390 000000000 input390@5
391 000000000 input391@5
392 000000000 input392@5
393 000000000 input393@5
394 000000000 input394@5
395 000000000 input395@5
396 000000000 input396@5
397 000000000 input397@5
398 000000000 input398@5
399 000000000 input399@5
400 000000000 input400@5
401 000000000 input401@5
402 000000000 input402@5
403 000000000 input403@5
404 000000000 input404@5
405 000000000 input405@5
406 000000000 input406@5
407 000000000 input407@5
408 000000000 input408@5
409 000000000 input409@5
410 000000000 input410@5
411 000000000 input411@5
412 000000000 input412@5
413 000000000 input413@5
414 000000000 input414@5
415 000000000 input415@5
416 000000000 input416@5
417 000000000 input417@5
418 000000000 input418@5
419 000000000 input419@5
420 000000000 input420@5
421 000000000 input421@5
422 000000000 input422@5
423 000000000 input423@5
424 000000000 input424@5
425 000000000 input425@5
426 000000000 input426@5
427 000000000 input427@5
428 000000000 input428@5
429 000000000 input429@5
430 000000000 input430@5
431 000000000 input431@5
432 000000000 input432@5
433 000000000 input433@5
434 000000000 input434@5
435 000000000 input435@5
436 000000000 input436@5
437 000000000 input437@5
438 000000000 input438@5
439 000000000 input439@5
440 000000000 input440@5
441 000000000 input441@5
442 000000000 input442@5
443 000000000 input443@5
444 000000000 input444@5
445 000000000 input445@5
446 000000000 input446@5
447 000000000 input447@5
448 000000000 input448@5
449 000000000 input449@5
450 000000000 input450@5
451 000000000 input451@5
452 000000000 input452@5
453 000000000 input453@5
454 000000000 input454@5
455 000000000 input455@5
456 000000000 input456@5
457 000000000 input457@5
458 000000000 input458@5
459 000000000 input459@5
460 000000000 input460@5
461 000000000 input461@5
462 000000000 input462@5
463 000000000 input463@5
464 000000000 input464@5
465 000000000 input465@5
466 000000000 input466@5
467 0 input467@5
468 0 input468@5
469 00000 input469@5
470 000 input470@5
471 000 input471@5
472 000 input472@5
473 000 input473@5
474 0 input474@5
475 000000000 input475@5
476 111111111 input476@5
477 111111111 input477@5
478 000000000 input478@5
479 000000000 input479@5
480 000110010 input480@5
481 00000 input481@5
482 00000 input482@5
@6
0 0 CLOCK@6
1 1 START@6
2 111111111 input2@6
3 111111111 input3@6
4 111111111 input4@6
5 111111111 input5@6
6 111111111 input6@6
7 111111111 input7@6
8 111111111 input8@6
9 111111111 input9@6
10 111111111 input10@6
11 111111111 input11@6
12 111111111 input12@6
13 111111111 input13@6
14 111111111 input14@6
15 111111111 input15@6
16 111111111 input16@6
17 111111111 input17@6
18 111111111 input18@6
19 111111111 input19@6
20 111111111 input20@6
21 111111111 input21@6
22 111111111 input22@6
23 111111111 input23@6
24 111111111 input24@6
25 111111111 input25@6
26 111111111 input26@6
27 111111111 input27@6
28 111111111 input28@6
29 111111111 input29@6
30 000110010 input30@6
31 111111111 input31@6
32 111111111 input32@6
33 111111111 input33@6
34 111111111 input34@6
35 111111111 input35@6
36 111111111 input36@6
37 111111111 input37@6
38 111111111 input38@6
39 111111111 input39@6
40 111111111 input40@6
41 111111111 input41@6
42 111111111 input42@6
43 111111111 input43@6
44 111111111 input44@6
45 111111111 input45@6
46 111111111 input46@6
47 111111111 input47@6
48 111111111 input48@6
49 111111111 input49@6
50 111111111 input50@6
51 111111111 input51@6
52 111111111 input52@6
53 111111111 input53@6
54 111111111 input54@6
55 111111111 input55@6
56 111111111 input56@6
57 111111111 input57@6
58 111111111 input58@6
59 000110010 input59@6
60 111111111 input60@6
61 111111111 input61@6
62 111111111 input62@6
63 111111111 input63@6
64 111111111 input64@6
65 111111111 input65@6
66 111111111 input66@6
67 111111111 input67@6
68 111111111 input68@6
69 111111111 input69@6
70 111111111 input70@6
71 111111111 input71@6
72 111111111 input72@6
73 111111111 input73@6
74 111111111 input74@6
75 111111111 input75@6
76 111111111 input76@6
77 111111111 input77@6
78 111111111 input78@6
79 111111111 input79@6
80 111111111 input80@6
81 111111111 input81@6
82 111111111 input82@6
83 111111111 input83@6
84 111111111 input84@6
85 111111111 input85@6
86 111111111 input86@6
87 000110010 input87@6
88 111111111 input88@6
89 111111111 input89@6
90 111111111 input90@6
91 111111111 input91@6
92 111111111 input92@6
93 111111111 input93@6
94 111111111 input94@6
95 111111111 input95@6
96 111111111 input96@6
97 111111111 input97@6
98 111111111 input98@6
99 111111111 input99@6
100 111111111 input100@6
101 111111111 input101@6
102 111111111 input102@6
103 111111111 input103@6
104 111111111 input104@6
105 111111111 input105@6
106 111111111 input106@6
107 111111111 input107@6
108 111111111 input108@6
109 111111111 input109@6
110 111111111 input110@6
111 111111111 input111@6
112 111111111 input112@6
113 111111111 input113@6
114 000110010 input114@6
115 111111111 input115@6
116 111111111 input116@6
117 111111111 input117@6
118 111111111 input118@6
119 111111111 input119@6
120 111111111 input120@6
121 111111111 input121@6
122 111111111 input122@6
123 111111111 input123@6
124 111111111 input124@6
125 111111111 input125@6
126 111111111 input126@6
127 111111111 input127@6
128 111111111 input128@6
129 111111111 input129@6
130 111111111 input130@6
131 111111111 input131@6
132 111111111 input132@6
133 111111111 input133@6
134 111111111 input134@6
135 111111111 input135@6
136 111111111 input136@6
137 111111111 input137@6
138 111111111 input138@6
139 111111111 input139@6
140 000110010 input140@6
141 111111111 input141@6
142 111111111 input142@6
143 111111111 input143@6
144 111111111 input144@6
145 111111111 input145@6
146 111111111 input146@6
147 111111111 input147@6
148 111111111 input148@6
149 111111111 input149@6
150 111111111 input150@6
151 111111111 input151@6
152 111111111 input152@6
153 111111111 input153@6
154 111111111 input154@6
155 111111111 input155@6
156 111111111 input156@6
157 111111111 input157@6
158 111111111 input158@6
159 111111111 input159@6
160 111111111 input160@6
161 111111111 input161@6
162 111111111 input162@6
163 111111111 input163@6
164 111111111 input164@6
165 000110010 input165@6
166 111111111 input166@6
167 111111111 input167@6
168 111111111 input168@6
169 111111111 input169@6
170 111111111 input170@6
171 111111111 input171@6
172 111111111 input172@6
173 111111111 input173@6
174 111111111 input174@6
175 111111111 input175@6
176 111111111 input176@6
177 111111111 input177@6
178 111111111 input178@6
179 111111111 input179@6
180 111111111 input180@6
181 111111111 input181@6
182 111111111 input182@6
183 111111111 input183@6
184 111111111 input184@6
185 111111111 input185@6
186 111111111 input186@6
187 111111111 input187@6
188 111111111 input188@6
189 000110010 input189@6
190 111111111 input190@6
191 111111111 input191@6
192 111111111 input192@6
193 111111111 input193@6
194 111111111 input194@6
195 111111111 input195@6
196 111111111 input196@6
197 111111111 input197@6
198 111111111 input198@6
199 111111111 input199@6
200 111111111 input200@6
201 111111111 input201@6
202 111111111 input202@6
203 111111111 input203@6
204 111111111 input204@6
205 111111111 input205@6
206 111111111 input206@6
207 111111111 input207@6
208 111111111 input208@6
209 111111111 input209@6
210 111111111 input210@6
211 111111111 input211@6
212 000110010 input212@6
213 111111111 input213@6
214 111111111 input214@6
215 111111111 input215@6
216 111111111 input216@6
217 111111111 input217@6
218 111111111 input218@6
219 111111111 input219@6
220 111111111 input220@6
221 111111111 input221@6
222 111111111 input222@6
223 111111111 input223@6
224 111111111 input224@6
225 111111111 input225@6
226 111111111 input226@6
227 111111111 input227@6
228 111111111 input228@6
229 111111111 input229@6
230 111111111 input230@6
231 111111111 input231@6
232 111111111 input232@6
233 111111111 input233@6
234 000110010 input234@6
235 111111111 input235@6
236 111111111 input236@6
237 111111111 input237@6
238 111111111 input238@6
239 111111111 input239@6
240 111111111 input240@6
241 111111111 input241@6
242 111111111 input242@6
243 111111111 input243@6
244 111111111 input244@6
245 111111111 input245@6
246 111111111 input246@6
247 111111111 input247@6
248 111111111 input248@6
249 111111111 input249@6
250 111111111 input250@6
251 111111111 input251@6
252 111111111 input252@6
253 111111111 input253@6
254 111111111 input254@6
255 000110010 input255@6
256 111111111 input256@6
257 111111111 input257@6
258 111111111 input258@6
259 111111111 input259@6
260 111111111 input260@6
261 111111111 input261@6
262 111111111 input262@6
263 111111111 input263@6
264 111111111 input264@6
265 111111111 input265@6
266 111111111 input266@6
267 111111111 input267@6
268 111111111 input268@6
269 111111111 input269@6
270 111111111 input270@6
271 111111111 input271@6
272 111111111 input272@6
273 111111111 input273@6
274 111111111 input274@6
275 000110010 input275@6
276 111111111 input276@6
277 111111111 input277@6
278 111111111 input278@6
279 111111111 input279@6
280 111111111 input280@6
281 111111111 input281@6
282 111111111 input282@6
283 111111111 input283@6
284 111111111 input284@6
285 111111111 input285@6
286 111111111 input286@6
287 111111111 input287@6
288 111111111 input288@6
289 111111111 input289@6
290 111111111 input290@6
291 111111111 input291@6
292 111111111 input292@6
293 111111111 input293@6
294 000110010 input294@6
295 111111111 input295@6
296 111111111 input296@6
297 111111111 input297@6
298 111111111 input298@6
299 111111111 input299@6
300 111111111 input300@6
301 111111111 input301@6
302 111111111 input302@6
303 111111111 input303@6
304 111111111 input304@6
305 111111111 input305@6
306 111111111 input306@6
307 111111111 input307@6
308 111111111 input308@6
309 111111111 input309@6
310 111111111 input310@6
311 111111111 input311@6
312 000110010 input312@6
313 111111111 input313@6
314 111111111 input314@6
315 111111111 input315@6
316 111111111 input316@6
317 111111111 input317@6
318 111111111 input318@6
319 111111111 input319@6
320 111111111 input320@6
321 111111111 input321@6
322 111111111 input322@6
323 111111111 input323@6
324 111111111 input324@6
325 111111111 input325@6
326 111111111 input326@6
327 111111111 input327@6
328 111111111 input328@6
329 000000101 input329@6
330 111111111 input330@6
331 111111111 input331@6
332 111111111 input332@6
333 111111111 input333@6
334 111111111 input334@6
335 111111111 input335@6
336 111111111 input336@6
337 111111111 input337@6
338 111111111 input338@6
339 111111111 input339@6
340 111111111 input340@6
341 111111111 input341@6
342 111111111 input342@6
343 111111111 input343@6
344 111111111 input344@6
345 000000101 input345@6
346 111111111 input346@6
347 111111111 input347@6
348 111111111 input348@6
349 111111111 input349@6
350 111111111 input350@6
351 111111111 input351@6
352 111111111 input352@6
353 111111111 input353@6
354 111111111 input354@6
355 111111111 input355@6
356 111111111 input356@6
357 111111111 input357@6
358 111111111 input358@6
359 111111111 input359@6
360 000000101 input360@6
361 111111111 input361@6
362 111111111 input362@6
363 111111111 input363@6
364 111111111 input364@6
365 111111111 input365@6
366 111111111 input366@6
367 111111111 input367@6
368 111111111 input368@6
369 111111111 input369@6
370 111111111 input370@6
371 111111111 input371@6
372 111111111 input372@6
373 111111111 input373@6
374 000000101 input374@6
375 111111111 input375@6
376 111111111 input376@6
377 111111111 input377@6
378 111111111 input378@6
379 111111111 input379@6
380 111111111 input380@6
381 111111111 input381@6
382 111111111 input382@6
383 111111111 input383@6
384 111111111 input384@6
385 111111111 input385@6
386 111111111 input386@6
387 000000101 input387@6
388 111111111 input388@6
389 111111111 input389@6
390 111111111 input390@6
391 111111111 input391@6
392 111111111 input392@6
393 111111111 input393@6
394 111111111 input394@6
395 111111111 input395@6
396 111111111 input396@6
397 111111111 input397@6
398 111111111 input398@6
399 000000101 input399@6
400 111111111 input400@6
401 111111111 input401@6
402 111111111 input402@6
403 111111111 input403@6
404 111111111 input404@6
405 111111111 input405@6
406 111111111 input406@6
407 111111111 input407@6
408 111111111 input408@6
409 111111111 input409@6
410 000000101 input410@6
411 111111111 input411@6
412 111111111 input412@6
413 111111111 input413@6
414 111111111 input414@6
415 111111111 input415@6
416 111111111 input416@6
417 111111111 input417@6
418 111111111 input418@6
419 111111111 input419@6
420 000000101 input420@6
421 111111111 input421@6
422 111111111 input422@6
423 111111111 input423@6
424 111111111 input424@6
425 111111111 input425@6
426 111111111 input426@6
427 111111111 input427@6
428 111111111 input428@6
429 000000101 input429@6
430 111111111 input430@6
431 111111111 input431@6
432 111111111 input432@6
433 111111111 input433@6
434 111111111 input434@6
435 111111111 input435@6
436 111111111 input436@6
437 000000101 input437@6
438 111111111 input438@6
439 111111111 input439@6
440 111111111 input440@6
441 111111111 input441@6
442 111111111 input442@6
443 111111111 input443@6
444 000000101 input444@6
445 111111111 input445@6
446 111111111 input446@6
447 111111111 input447@6
448 111111111 input448@6
449 111111111 input449@6
450 000000101 input450@6
451 111111111 input451@6
452 111111111 input452@6
453 111111111 input453@6
454 111111111 input454@6
455 000000101 input455@6
456 111111111 input456@6
457 111111111 input457@6
458 111111111 input458@6
459 000100101 input459@6
460 111111111 input460@6
461 111111111 input461@6
462 111100101 input462@6
463 111111111 input463@6
464 000100101 input464@6
465 111111111 input465@6
466 000000000 input466@6
467 0 input467@6
468 0 input468@6
469 00000 input469@6
470 000 input470@6
471 000 input471@6
472 111 input472@6
473 000 input473@6
474 1 input474@6
475 000000000 input475@6
476 000000000 input476@6
477 000000000 input477@6
478 000000000 input478@6
479 111111111 input479@6
480 111111111 input480@6
481 00000 input481@6
482 00000 input482@6
@7
0 0 CLOCK@7
1 0 START@7
2 000000000 input2@7
3 000000000 input3@7
4 000000000 input4@7
5 000000000 input5@7
6 000000000 input6@7
7 000000000 input7@7
8 000000000 input8@7
9 000000000 input9@7
10 000000000 input10@7
11 000000000 input11@7
12 000000000 input12@7
13 000000000 input13@7
14 000000000 input14@7
15 000000000 input15@7
16 000000000 input16@7
17 000000000 input17@7
18 000000000 input18@7
19 000000000 input19@7
20 000000000 input20@7
21 000000000 input21@7
22 000000000 input22@7
23 000000000 input23@7
24 000000000 input24@7
25 000000000 input25@7
26 000000000 input26@7
27 000000000 input27@7
28 000000000 input28@7
29 000000000 input29@7
30 000000000 input30@7
31 000000000 input31@7
32 000000000 input32@7
33 000000000 input33@7
34 000000000 input34@7
35 000000000 input35@7
36 000000000 input36@7
37 000000000 input37@7
38 000000000 input38@7
39 000000000 input39@7
40 000000000 input40@7
41 000000000 input41@7
42 000000000 input42@7
43 000000000 input43@7
44 000000000 input44@7
45 000000000 input45@7
46 000000000 input46@7
47 000000000 input47@7
48 000000000 input48@7
49 000000000 input49@7
50 000000000 input50@7
51 000000000 input51@7
52 000000000 input52@7
53 000000000 input53@7
54 000000000 input54@7
55 000000000 input55@7
56 000000000 input56@7
57 000000000 input57@7
58 000000000 input58@7
59 000000000 input59@7
60 000000000 input60@7
61 000000000 input61@7
62 000000000 input62@7
63 000000000 input63@7
64 000000000 input64@7
65 000000000 input65@7
66 000000000 input66@7
67 000000000 input67@7
68 000000000 input68@7
69 000000000 input69@7
70 000000000 input70@7
71 000000000 input71@7
72 000000000 input72@7
73 000000000 input73@7
74 000000000 input74@7
75 000000000 input75@7
76 000000000 input76@7
77 000000000 input77@7
78 000000000 input78@7
79 000000000 input79@7
80 000000000 input80@7
81 000000000 input81@7
82 000000000 input82@7
83 000000000 input83@7
84 000000000 input84@7
85 000000000 input85@7
86 000000000 input86@7
87 000000000 input87@7
88 000000000 input88@7
89 000000000 input89@7
90 000000000 input90@7
91 000000000 input91@7
92 000000000 input92@7
93 000000000 input93@7
94 000000000 input94@7
95 000000000 input95@7
96 000000000 input96@7
97 000000000 input97@7
98 000000000 input98@7
99 000000000 input99@7
100 000000000 input100@7
101 000000000 input101@7
102 000000000 input102@7
103 000000000 input103@7
104 000000000 input104@7
105 000000000 input105@7
106 000000000 input106@7
107 000000000 input107@7
108 000000000 input108@7
109 000000000 input109@7
110 000000000 input110@7
111 000000000 input111@7
112 000000000 input112@7
113 000000000 input113@7
114 000000000 input114@7
115 000000000 input115@7
116 000000000 input116@7
117 000000000 input117@7
118 000000000 input118@7
119 000000000 input119@7
120 000000000 input120@7
121 000000000 input121@7
122 000000000 input122@7
123 000000000 input123@7
124 000000000 input124@7
125 000000000 input125@7
126 000000000 input126@7
127 000000000 input127@7
128 000000000 input128@7
129 000000000 input129@7
130 000000000 input130@7
131 000000000 input131@7
132 000000000 input132@7
133 000000000 input133@7
134 000000000 input134@7
135 000000000 input135@7
136 000000000 input136@7
137 000000000 input137@7
138 000000000 input138@7
139 000000000 input139@7
140 000000000 input140@7
141 000000000 input141@7
142 000000000 input142@7
143 000000000 input143@7
144 000000000 input144@7
145 000000000 input145@7
146 000000000 input146@7
147 000000000 input147@7
148 000000000 input148@7
149 000000000 input149@7
150 000000000 input150@7
151 000000000 input151@7
152 000000000 input152@7
153 000000000 input153@7
154 000000000 input154@7
155 000000000 input155@7
156 000000000 input156@7
157 000000000 input157@7
158 000000000 input158@7
159 000000000 input159@7
160 000000000 input160@7
161 000000000 input161@7
162 000000000 input162@7
163 000000000 input163@7
164 000000000 input164@7
165 000000000 input165@7
166 000000000 input166@7
167 000000000 input167@7
168 000000000 input168@7
169 000000000 input169@7
170 000000000 input170@7
171 000000000 input171@7
172 000000000 input172@7
173 000000000 input173@7
174 000000000 input174@7
175 000000000 input175@7
176 000000000 input176@7
177 000000000 input177@7
178 000000000 input178@7
179 000000000 input179@7
180 000000000 input180@7
181 000000000 input181@7
182 000000000 input182@7
183 000000000 input183@7
184 000000000 input184@7
185 000000000 input185@7
186 000000000 input186@7
187 000000000 input187@7
188 000000000 input188@7
189 000000000 input189@7
190 000000000 input190@7
191 000000000 input191@7
192 000000000 input192@7
193 000000000 input193@7
194 000000000 input194@7
195 000000000 input195@7
196 000000000 input196@7
197 000000000 input197@7
198 000000000 input198@7
199 000000000 input199@7
200 000000000 input200@7
201 000000000 input201@7
202 000000000 input202@7
203 000000000 input203@7
204 000000000 input204@7
205 000000000 input205@7
206 000000000 input206@7
207 000000000 input207@7
208 000000000 input208@7
209 000000000 input209@7
210 000000000 input210@7
211 000000000 input211@7
212 000000000 input212@7
213 000000000 input213@7
214 000000000 input214@7
215 000000000 input215@7
216 000000000 input216@7
217 000000000 input217@7
218 000000000 input218@7
219 000000000 input219@7
220 000000000 input220@7
221 000000000 input221@7
222 000000000 input222@7
223 000000000 input223@7
224 000000000 input224@7
225 000000000 input225@7
226 000000000 input226@7
227 000000000 input227@7
228 000000000 input228@7
229 000000000 input229@7
230 000000000 input230@7
231 000000000 input231@7
232 000000000 input232@7
233 000000000 input233@7
234 000000000 input234@7
235 000000000 input235@7
236 000000000 input236@7
237 000000000 input237@7
238 000000000 input238@7
239 000000000 input239@7
240 000000000 input240@7
241 000000000 input241@7
242 000000000 input242@7
243 000000000 input243@7
244 000000000 input244@7
245 000000000 input245@7
246 000000000 input246@7
247 000000000 input247@7
248 000000000 input248@7
249 000000000 input249@7
250 000000000 input250@7
251 000000000 input251@7
252 000000000 input252@7
253 000000000 input253@7
254 000000000 input254@7
255 000000000 input255@7
256 000000000 input256@7
257 000000000 input257@7
258 000000000 input258@7
259 000000000 input259@7
260 000000000 input260@7
261 000000000 input261@7
262 000000000 input262@7
263 000000000 input263@7
264 000000000 input264@7
265 000000000 input265@7
266 000000000 input266@7
267 000000000 input267@7
268 000000000 input268@7
269 000000000 input269@7
270 000000000 input270@7
271 000000000 input271@7
272 000000000 input272@7
273 000000000 input273@7
274 000000000 input274@7
275 000000000 input275@7
276 000000000 input276@7
277 000000000 input277@7
278 000000000 input278@7
279 000000000 input279@7
280 000000000 input280@7
281 000000000 input281@7
282 000000000 input282@7
283 000000000 input283@7
284 000000000 input284@7
285 000000000 input285@7
286 000000000 input286@7
287 000000000 input287@7
288 000000000 input288@7
289 000000000 input289@7
290 000000000 input290@7
291 000000000 input291@7
292 000000000 input292@7
293 000000000 input293@7
294 000000000 input294@7
295 000000000 input295@7
296 000000000 input296@7
297 000000000 input297@7
298 000000000 input298@7
299 000000000 input299@7
300 000000000 input300@7
301 000000000 input301@7
302 000000000 input302@7
303 000000000 input303@7
304 000000000 input304@7
305 000000000 input305@7
306 000000000 input306@7
307 000000000 input307@7
308 000000000 input308@7
309 000000000 input309@7
310 000000000 input310@7
311 000000000 input311@7
312 000000000 input312@7
313 000000000 input313@7
314 000000000 input314@7
315 000000000 input315@7
316 000000000 input316@7
317 000000000 input317@7
318 000000000 input318@7
319 000000000 input319@7
320 000000000 input320@7
321 000000000 input321@7
322 000000000 input322@7
323 000000000 input323@7
324 000000000 input324@7
325 000000000 input325@7
326 000000000 input326@7
327 000000000 input327@7
328 000000000 input328@7
329 000000000 input329@7
330 000000000 input330@7
331 000000000 input331@7
332 000000000 input332@7
333 000000000 input333@7
334 000000000 input334@7
335 000000000 input335@7
336 000000000 input336@7
337 000000000 input337@7
338 000000000 input338@7
339 000000000 input339@7
340 000000000 input340@7
341 000000000 input341@7
342 000000000 input342@7
343 000000000 input343@7
344 000000000 input344@7
345 000000000 input345@7
346 000000000 input346@7
347 000000000 input347@7
348 000000000 input348@7
349 000000000 input349@7
350 000000000 input350@7
351 000000000 input351@7
352 000000000 input352@7
353 000000000 input353@7
354 000000000 input354@7
355 000000000 input355@7
356 000000000 input356@7
357 000000000 input357@7
358 000000000 input358@7
359 000000000 input359@7
360 000000000 input360@7
361 000000000 input361@7
362 000000000 input362@7
363 000000000 input363@7
364 000000000 input364@7
365 000000000 input365@7
366 000000000 input366@7
367 000000000 input367@7
368 000000000 input368@7
369 000000000 input369@7
370 000000000 input370@7
371 000000000 input371@7
372 000000000 input372@7
373 000000000 input373@7
374 000000000 input374@7
375 000000000 input375@7
376 000000000 input376@7
377 000000000 input377@7
378 000000000 input378@7
379 000000000 input379@7
380 000000000 input380@7
381 000000000 input381@7
382 000000000 input382@7
383 000000000 input383@7
384 000000000 input384@7
385 000000000 input385@7
386 000000000 input386@7
387 000000000 input387@7
388 000000000 input388@7
389 000000000 input389@7
390 000000000 input390@7
391 000000000 input391@7
392 000000000 input392@7
393 000000000 input393@7
394 000000000 input394@7
395 000000000 input395@7
396 000000000 input396@7
397 000000000 input397@7
398 000000000 input398@7
399 000000000 input399@7
400 000000000 input400@7
401 000000000 input401@7
402 000000000 input402@7
403 000000000 input403@7
404 000000000 input404@7
405 000000000 input405@7
406 000000000 input406@7
407 000000000 input407@7
408 000000000 input408@7
409 000000000 input409@7
410 000000000 input410@7
411 000000000 input411@7
412 000000000 input412@7
413 000000000 input413@7
414 000000000 input414@7
415 000000000 input415@7
416 000000000 input416@7
417 000000000 input417@7
418 000000000 input418@7
419 000000000 input419@7
420 000000000 input420@7
421 000000000 input421@7
422 000000000 input422@7
423 000000000 input423@7
424 000000000 input424@7
425 000000000 input425@7
426 000000000 input426@7
427 000000000 input427@7
428 000000000 input428@7
429 000000000 input429@7
430 000000000 input430@7
431 000000000 input431@7
432 000000000 input432@7
433 000000000 input433@7
434 000000000 input434@7
435 000000000 input435@7
436 000000000 input436@7
437 000000000 input437@7
438 000000000 input438@7
439 000000000 input439@7
440 000000000 input440@7
441 000000000 input441@7
442 000000000 input442@7
443 000000000 input443@7
444 000000000 input444@7
445 000000000 input445@7
446 000000000 input446@7
447 000000000 input447@7
448 000000000 input448@7
449 000000000 input449@7
450 000000000 input450@7
451 000000000 input451@7
452 000000000 input452@7
453 000000000 input453@7
454 000000000 input454@7
455 000000000 input455@7
456 000000000 input456@7
457 000000000 input457@7
458 000000000 input458@7
459 000000000 input459@7
460 000000000 input460@7
461 000000000 input461@7
462 000000000 input462@7
463 000000000 input463@7
464 000000000 input464@7
465 000000000 input465@7
466 000000000 input466@7
467 0 input467@7
468 0 input468@7
469 00000 input469@7
470 000 input470@7
471 000 input471@7
472 000 input472@7
473 000 input473@7
474 0 input474@7
475 000000000 input475@7
476 000000000 input476@7
477 000000000 input477@7
478 000000000 input478@7
479 000000000 input479@7
480 000000000 input480@7
481 00000 input481@7
482 00000 input482@7
.
