AVR -- Proof Race 
copyright (c) 2019  Aman Goel and Karem Sakallah, University of Michigan
@     0s  (starting avr proof race)
@     0s  (output dir: /scratch/network/hongcez/hwmcc/avr-log/btor2/bv/wolf/2018A/pr_zipcpu-busdelay-p24)
@     0s  (max 11 workers)
@     0s  (started worker 0 with pid 136857)
@     0s  (started worker 1 with pid 136858)
@     0s  (started worker 2 with pid 136859)
@     0s  (started worker 3 with pid 136860)
@     0s  (started worker 4 with pid 136861)
@     0s  (spawned 5 workers)
@     0s  (total 5 workers using 0 MB)
@     1s  (started worker 5 with pid 136979)
@     1s  (spawned 1 workers)
@     1s  (total 6 workers using 140 MB)
@     2s  (started worker 6 with pid 137019)
@     2s  (spawned 1 workers)
@     2s  (total 7 workers using 237 MB)
@     3s  (started worker 7 with pid 137063)
@     3s  (spawned 1 workers)
@     3s  (total 8 workers using 325 MB)
@     5s  (started worker 8 with pid 137111)
@     5s  (spawned 1 workers)
@     5s  (total 9 workers using 466 MB)
@     9s  (started worker 9 with pid 137168)
@     9s  (spawned 1 workers)
@     9s  (total 10 workers using 621 MB)
@    12s  (started worker 10 with pid 137220)
@    12s  (spawned 1 workers)
@    12s  (total 11 workers using 764 MB)
@    24s  (total 11 workers using 1189 MB)
@    41s  (total 11 workers using 1602 MB)
@    57s  (total 11 workers using 2035 MB)
@    71s  (total 11 workers using 2412 MB)
@    86s  (total 11 workers using 2752 MB)
@   101s  (total 11 workers using 3116 MB)
@   114s  (total 11 workers using 3432 MB)
@   129s  (total 11 workers using 3910 MB)
@   142s  (total 11 workers using 4073 MB)
@   157s  (total 11 workers using 4277 MB)
@   170s  (total 11 workers using 4697 MB)
@   185s  (total 11 workers using 5020 MB)
@   198s  (total 11 workers using 5355 MB)
@   212s  (total 11 workers using 5642 MB)
@   226s  (total 11 workers using 5984 MB)
@   240s  (total 11 workers using 6290 MB)
@   254s  (total 11 workers using 6465 MB)
@   268s  (total 11 workers using 6799 MB)
@   281s  (total 11 workers using 7032 MB)
@   295s  (total 11 workers using 7301 MB)
@   309s  (total 11 workers using 7523 MB)
@   323s  (total 11 workers using 7874 MB)
@   336s  (total 11 workers using 8224 MB)
@   351s  (total 11 workers using 8586 MB)
@   364s  (total 11 workers using 8983 MB)
@   379s  (total 11 workers using 9226 MB)
@   392s  (total 11 workers using 9378 MB)
@   406s  (total 11 workers using 9714 MB)
@   419s  (total 11 workers using 10130 MB)
@   434s  (total 11 workers using 10547 MB)
@   447s  (total 11 workers using 11034 MB)
@   462s  (total 11 workers using 11491 MB)
@   475s  (total 11 workers using 11846 MB)
@   490s  (total 11 workers using 12148 MB)
@   503s  (total 11 workers using 12515 MB)
@   515s  (total 11 workers using 12825 MB)
@   527s  (total 11 workers using 13156 MB)
@   539s  (total 11 workers using 13424 MB)
@   550s  (total 11 workers using 13690 MB)
@   562s  (total 11 workers using 13952 MB)
@   573s  (total 11 workers using 14189 MB)
@   585s  (total 11 workers using 14343 MB)
@   596s  (total 11 workers using 14518 MB)
@   608s  (total 11 workers using 14755 MB)
@   619s  (total 11 workers using 15006 MB)
@   631s  (total 11 workers using 15307 MB)
@   642s  (total 11 workers using 15512 MB)
@   654s  (total 11 workers using 15663 MB)
@   665s  (total 11 workers using 15893 MB)
@   677s  (total 11 workers using 16134 MB)
@   688s  (total 11 workers using 16432 MB)
@   700s  (total 11 workers using 16690 MB)
@   712s  (total 11 workers using 16951 MB)
@   723s  (total 11 workers using 17198 MB)
@   735s  (total 11 workers using 17394 MB)
@   746s  (total 11 workers using 17649 MB)
@   758s  (total 11 workers using 17772 MB)
@   769s  (total 11 workers using 17762 MB)
@   780s  (total 11 workers using 17851 MB)
@   792s  (total 11 workers using 17896 MB)
@   803s  (total 11 workers using 17966 MB)
@   814s  (total 11 workers using 18076 MB)
@   825s  (total 11 workers using 18164 MB)
@   837s  (total 11 workers using 18223 MB)
@   848s  (total 11 workers using 18319 MB)
@   859s  (total 11 workers using 18412 MB)
@   871s  (total 11 workers using 18495 MB)
@   882s  (total 11 workers using 18579 MB)
@   893s  (total 11 workers using 18684 MB)
@   905s  (total 11 workers using 18777 MB)
@   916s  (total 11 workers using 18850 MB)
@   927s  (total 11 workers using 18850 MB)
@   938s  (total 11 workers using 18872 MB)
@   950s  (total 11 workers using 18874 MB)
@   961s  (total 11 workers using 18913 MB)
@   972s  (total 11 workers using 18993 MB)
@   983s  (total 11 workers using 19119 MB)
@   995s  (total 11 workers using 19189 MB)
@  1006s  (total 11 workers using 19286 MB)
@  1017s  (total 11 workers using 19364 MB)
@  1029s  (total 11 workers using 19445 MB)
@  1040s  (total 11 workers using 19416 MB)
@  1051s  (total 11 workers using 19439 MB)
@  1063s  (total 11 workers using 19426 MB)
@  1074s  (total 11 workers using 19436 MB)
@  1085s  (total 11 workers using 19485 MB)
@  1096s  (total 11 workers using 19528 MB)
@  1108s  (total 11 workers using 19605 MB)
@  1119s  (total 11 workers using 19668 MB)
@  1130s  (total 11 workers using 19764 MB)
@  1141s  (total 11 workers using 19861 MB)
@  1153s  (total 11 workers using 19944 MB)
@  1164s  (total 11 workers using 20028 MB)
@  1176s  (total 11 workers using 20030 MB)
@  1187s  (total 11 workers using 20030 MB)
@  1198s  (total 11 workers using 20044 MB)
@  1209s  (total 11 workers using 20047 MB)
@  1221s  (total 11 workers using 20091 MB)
@  1232s  (total 11 workers using 20153 MB)
@  1243s  (total 11 workers using 20186 MB)
@  1254s  (total 11 workers using 20256 MB)
@  1266s  (total 11 workers using 20333 MB)
@  1277s  (total 11 workers using 20422 MB)
@  1288s  (total 11 workers using 20495 MB)
@  1300s  (total 11 workers using 20560 MB)
@  1311s  (total 11 workers using 20629 MB)
@  1322s  (total 11 workers using 20702 MB)
@  1334s  (total 11 workers using 20796 MB)
@  1345s  (total 11 workers using 20872 MB)
@  1356s  (total 11 workers using 20935 MB)
@  1367s  (total 11 workers using 21019 MB)
@  1379s  (total 11 workers using 21104 MB)
@  1390s  (total 11 workers using 21202 MB)
@  1401s  (total 11 workers using 21291 MB)
@  1412s  (total 11 workers using 21376 MB)
@  1424s  (total 11 workers using 21467 MB)
@  1435s  (total 11 workers using 21536 MB)
@  1447s  (total 11 workers using 21653 MB)
@  1458s  (total 11 workers using 21744 MB)
@  1469s  (total 11 workers using 21826 MB)
@  1480s  (total 11 workers using 21955 MB)
@  1492s  (total 11 workers using 22044 MB)
@  1503s  (total 11 workers using 22126 MB)
@  1514s  (total 11 workers using 22212 MB)
@  1525s  (total 11 workers using 22221 MB)
@  1537s  (total 11 workers using 22221 MB)
@  1548s  (total 11 workers using 22222 MB)
@  1559s  (total 11 workers using 22249 MB)
@  1571s  (total 11 workers using 22249 MB)
@  1582s  (total 11 workers using 22258 MB)
@  1593s  (total 11 workers using 22287 MB)
@  1605s  (total 11 workers using 22292 MB)
@  1616s  (total 11 workers using 22270 MB)
@  1627s  (total 11 workers using 22332 MB)
@  1638s  (total 11 workers using 22408 MB)
@  1650s  (total 11 workers using 22465 MB)
@  1661s  (total 11 workers using 22546 MB)
@  1672s  (total 11 workers using 22515 MB)
@  1683s  (total 11 workers using 22495 MB)
@  1695s  (total 11 workers using 22524 MB)
@  1706s  (total 11 workers using 22524 MB)
@  1718s  (total 11 workers using 22526 MB)
@  1729s  (total 11 workers using 22532 MB)
@  1740s  (total 11 workers using 22596 MB)
@  1751s  (total 11 workers using 22622 MB)
@  1763s  (total 11 workers using 22549 MB)
@  1774s  (total 11 workers using 22575 MB)
@  1785s  (total 11 workers using 22602 MB)
@  1796s  (total 11 workers using 22602 MB)
@  1808s  (total 11 workers using 22597 MB)
@  1819s  (total 11 workers using 22667 MB)
@  1830s  (total 11 workers using 22695 MB)
@  1842s  (total 11 workers using 22612 MB)
@  1853s  (total 11 workers using 22637 MB)
@  1864s  (total 11 workers using 22652 MB)
@  1876s  (total 11 workers using 22656 MB)
@  1887s  (total 11 workers using 22663 MB)
@  1898s  (total 11 workers using 22702 MB)
@  1909s  (total 11 workers using 22761 MB)
@  1921s  (total 11 workers using 22825 MB)
@  1932s  (total 11 workers using 22887 MB)
@  1943s  (total 11 workers using 22903 MB)
@  1955s  (total 11 workers using 22947 MB)
@  1966s  (total 11 workers using 22929 MB)
@  1977s  (total 11 workers using 22888 MB)
@  1989s  (total 11 workers using 22867 MB)
@  2000s  (total 11 workers using 22898 MB)
@  2011s  (total 11 workers using 22880 MB)
@  2022s  (total 11 workers using 22867 MB)
@  2034s  (total 11 workers using 22867 MB)
@  2045s  (total 11 workers using 22874 MB)
@  2056s  (total 11 workers using 22875 MB)
@  2067s  (total 11 workers using 22894 MB)
@  2079s  (total 11 workers using 22896 MB)
@  2090s  (total 11 workers using 22896 MB)
@  2101s  (total 11 workers using 22927 MB)
@  2113s  (total 11 workers using 22956 MB)
@  2124s  (total 11 workers using 22956 MB)
@  2135s  (total 11 workers using 22957 MB)
@  2147s  (total 11 workers using 22957 MB)
@  2158s  (total 11 workers using 22938 MB)
@  2169s  (total 11 workers using 22939 MB)
@  2180s  (total 11 workers using 22939 MB)
@  2192s  (total 11 workers using 22936 MB)
@  2203s  (total 11 workers using 22961 MB)
@  2214s  (total 11 workers using 22940 MB)
@  2226s  (total 11 workers using 22948 MB)
@  2237s  (total 11 workers using 22944 MB)
@  2248s  (total 11 workers using 22944 MB)
@  2260s  (total 11 workers using 22942 MB)
@  2271s  (total 11 workers using 22949 MB)
@  2282s  (total 11 workers using 22877 MB)
@  2293s  (total 11 workers using 22894 MB)
@  2305s  (total 11 workers using 22919 MB)
@  2316s  (total 11 workers using 22920 MB)
@  2327s  (total 11 workers using 22957 MB)
@  2338s  (total 11 workers using 22958 MB)
@  2350s  (total 11 workers using 23004 MB)
@  2361s  (total 11 workers using 23004 MB)
@  2372s  (total 11 workers using 23004 MB)
@  2384s  (total 11 workers using 23000 MB)
@  2395s  (total 11 workers using 23000 MB)
@  2406s  (total 11 workers using 23008 MB)
@  2418s  (total 11 workers using 22962 MB)
@  2429s  (total 11 workers using 22961 MB)
@  2440s  (total 11 workers using 22961 MB)
@  2451s  (total 11 workers using 22992 MB)
@  2463s  (total 11 workers using 22992 MB)
@  2474s  (total 11 workers using 22992 MB)
@  2485s  (total 11 workers using 22996 MB)
@  2497s  (total 11 workers using 22992 MB)
@  2508s  (total 11 workers using 23005 MB)
@  2519s  (total 11 workers using 23008 MB)
@  2531s  (total 11 workers using 23008 MB)
@  2542s  (total 11 workers using 23009 MB)
@  2553s  (total 11 workers using 23009 MB)
@  2564s  (total 11 workers using 23014 MB)
@  2576s  (total 11 workers using 23015 MB)
@  2587s  (total 11 workers using 23015 MB)
@  2598s  (total 11 workers using 23012 MB)
@  2609s  (total 11 workers using 23012 MB)
@  2621s  (total 11 workers using 23018 MB)
@  2632s  (total 11 workers using 23035 MB)
@  2643s  (total 11 workers using 23034 MB)
@  2655s  (total 11 workers using 23080 MB)
@  2666s  (total 11 workers using 23080 MB)
@  2677s  (total 11 workers using 23080 MB)
@  2689s  (total 11 workers using 23042 MB)
@  2700s  (total 11 workers using 23071 MB)
@  2711s  (total 11 workers using 23015 MB)
@  2722s  (total 11 workers using 23024 MB)
@  2734s  (total 11 workers using 23042 MB)
@  2745s  (total 11 workers using 23053 MB)
@  2756s  (total 11 workers using 23044 MB)
@  2767s  (total 11 workers using 23054 MB)
@  2779s  (total 11 workers using 23042 MB)
@  2790s  (total 11 workers using 23044 MB)
@  2802s  (total 11 workers using 23056 MB)
@  2813s  (total 11 workers using 23087 MB)
@  2824s  (total 11 workers using 23087 MB)
@  2835s  (total 11 workers using 23087 MB)
@  2847s  (total 11 workers using 23056 MB)
@  2858s  (total 11 workers using 23080 MB)
@  2869s  (total 11 workers using 23071 MB)
@  2880s  (total 11 workers using 23107 MB)
@  2892s  (total 11 workers using 23076 MB)
@  2903s  (total 11 workers using 23077 MB)
@  2914s  (total 11 workers using 23075 MB)
@  2926s  (total 11 workers using 23095 MB)
@  2937s  (total 11 workers using 23096 MB)
@  2948s  (total 11 workers using 23096 MB)
@  2960s  (total 11 workers using 23116 MB)
@  2971s  (total 11 workers using 23149 MB)
@  2982s  (total 11 workers using 23149 MB)
@  2993s  (total 11 workers using 23149 MB)
@  3005s  (total 11 workers using 23149 MB)
@  3016s  (total 11 workers using 23150 MB)
@  3027s  (total 11 workers using 23138 MB)
@  3038s  (total 11 workers using 23149 MB)
@  3050s  (total 11 workers using 23151 MB)
@  3061s  (total 11 workers using 23165 MB)
@  3072s  (total 11 workers using 23174 MB)
@  3084s  (total 11 workers using 23158 MB)
@  3095s  (total 11 workers using 23163 MB)
@  3106s  (total 11 workers using 23131 MB)
@  3118s  (total 11 workers using 23144 MB)
@  3129s  (total 11 workers using 23152 MB)
@  3140s  (total 11 workers using 23207 MB)
@  3151s  (total 11 workers using 23207 MB)
@  3163s  (total 11 workers using 23207 MB)
@  3174s  (total 11 workers using 23207 MB)
@  3185s  (total 11 workers using 23210 MB)
@  3196s  (total 11 workers using 23210 MB)
@  3208s  (total 11 workers using 23210 MB)
@  3219s  (total 11 workers using 23176 MB)
@  3230s  (total 11 workers using 23169 MB)
@  3242s  (total 11 workers using 23169 MB)
@  3253s  (total 11 workers using 23204 MB)
@  3264s  (total 11 workers using 23204 MB)
@  3276s  (total 11 workers using 23229 MB)
@  3287s  (total 11 workers using 23195 MB)
@  3298s  (total 11 workers using 23220 MB)
@  3309s  (total 11 workers using 23232 MB)
@  3321s  (total 11 workers using 23232 MB)
@  3332s  (total 11 workers using 23232 MB)
@  3343s  (total 11 workers using 23267 MB)
@  3354s  (total 11 workers using 23261 MB)
@  3366s  (total 11 workers using 23261 MB)
@  3377s  (total 11 workers using 23267 MB)
@  3389s  (total 11 workers using 23267 MB)
@  3400s  (total 11 workers using 23290 MB)
@  3411s  (total 11 workers using 23243 MB)
@  3422s  (total 11 workers using 23243 MB)
@  3434s  (total 11 workers using 23243 MB)
@  3445s  (total 11 workers using 23243 MB)
@  3456s  (total 11 workers using 23242 MB)
@  3467s  (total 11 workers using 23254 MB)
@  3479s  (total 11 workers using 23250 MB)
@  3490s  (total 11 workers using 23251 MB)
@  3501s  (total 11 workers using 23254 MB)
@  3513s  (total 11 workers using 23281 MB)
@  3524s  (total 11 workers using 23268 MB)
@  3535s  (total 11 workers using 23285 MB)
@  3547s  (total 11 workers using 23285 MB)
@  3557s  (worker 1 finished with result unknown) python3 avr.py -b bin_bt_cadical -s --bmc
@  3558s  (total 10 workers using 22357 MB)
@  3569s  (total 10 workers using 22357 MB)
@  3573s  (stopping all workers)
@  3573s  (worker 0 finished with result unknown) python3 avr.py -a sa
@  3573s  (worker 3 finished with result unknown) python3 avr.py -b bin_y2 -s
@  3573s  (worker 5 finished with result unknown) python3 avr.py -b bin_bt_cadical -g 3 -l 0 -a sa32
@  3573s  (worker 7 finished with result unknown) python3 avr.py -s -l 0
@  3573s  (worker 9 finished with result unknown) python3 avr.py -b bin_y2 -s -a sa4 --interpol 1 -f 1
@  3573s  (worker 2 finished with result unknown) python3 avr.py
@  3573s  (worker 6 finished with result unknown) python3 avr.py -a sa --interpol 1 -f 1
@  3573s  (worker 10 finished with result unknown) python3 avr.py --bmc
@  3574s  (worker 4 finished with result unknown) python3 avr.py -b bin_y2 --bmc
@  3574s  (worker 8 finished with result unknown) python3 avr.py -l 5 -g 3 -a sa8 --interpol 1 -f 1
@  3574s  (copied results from worker 0 in /scratch/network/hongcez/hwmcc/avr-log/btor2/bv/wolf/2018A/pr_zipcpu-busdelay-p24)
@  3574s  [0;30;47m(proof race finished with answer unknown in 3573.78 seconds)[m
