sat
b0
#0
0 111 b[0]@0
1 110 b[1]@0
2 101 b[2]@0
3 100 b[3]@0
4 011 b[4]@0
5 010 b[5]@0
6 001 b[6]@0
7 000 b[7]@0
8 000 freg@0
9 000 treg@0
@0
0 0 clock@0
1 110 from@0
2 111 to@0
3 000 input164@0
4 000 input175@0
5 000 input189@0
6 000 input192@0
@1
0 0 clock@1
1 101 from@1
2 110 to@1
3 000 input164@1
4 000 input175@1
5 000 input189@1
6 000 input192@1
@2
0 0 clock@2
1 100 from@2
2 101 to@2
3 000 input164@2
4 000 input175@2
5 000 input189@2
6 000 input192@2
@3
0 0 clock@3
1 000 from@3
2 100 to@3
3 000 input164@3
4 000 input175@3
5 000 input189@3
6 000 input192@3
@4
0 0 clock@4
1 001 from@4
2 000 to@4
3 000 input164@4
4 000 input175@4
5 000 input189@4
6 000 input192@4
@5
0 0 clock@5
1 010 from@5
2 001 to@5
3 000 input164@5
4 000 input175@5
5 000 input189@5
6 000 input192@5
@6
0 0 clock@6
1 011 from@6
2 010 to@6
3 000 input164@6
4 000 input175@6
5 000 input189@6
6 000 input192@6
@7
0 0 clock@7
1 111 from@7
2 011 to@7
3 000 input164@7
4 000 input175@7
5 000 input189@7
6 000 input192@7
@8
0 0 clock@8
1 110 from@8
2 111 to@8
3 000 input164@8
4 000 input175@8
5 000 input189@8
6 000 input192@8
@9
0 0 clock@9
1 101 from@9
2 110 to@9
3 000 input164@9
4 000 input175@9
5 000 input189@9
6 000 input192@9
@10
0 0 clock@10
1 100 from@10
2 101 to@10
3 000 input164@10
4 000 input175@10
5 000 input189@10
6 000 input192@10
@11
0 0 clock@11
1 000 from@11
2 100 to@11
3 000 input164@11
4 000 input175@11
5 000 input189@11
6 000 input192@11
@12
0 0 clock@12
1 001 from@12
2 000 to@12
3 000 input164@12
4 000 input175@12
5 000 input189@12
6 000 input192@12
@13
0 0 clock@13
1 010 from@13
2 001 to@13
3 000 input164@13
4 000 input175@13
5 000 input189@13
6 000 input192@13
@14
0 0 clock@14
1 011 from@14
2 010 to@14
3 000 input164@14
4 000 input175@14
5 000 input189@14
6 000 input192@14
@15
0 0 clock@15
1 111 from@15
2 011 to@15
3 000 input164@15
4 000 input175@15
5 000 input189@15
6 000 input192@15
@16
0 0 clock@16
1 110 from@16
2 111 to@16
3 000 input164@16
4 000 input175@16
5 000 input189@16
6 000 input192@16
@17
0 0 clock@17
1 101 from@17
2 110 to@17
3 000 input164@17
4 000 input175@17
5 000 input189@17
6 000 input192@17
@18
0 0 clock@18
1 100 from@18
2 101 to@18
3 000 input164@18
4 000 input175@18
5 000 input189@18
6 000 input192@18
@19
0 0 clock@19
1 000 from@19
2 100 to@19
3 000 input164@19
4 000 input175@19
5 000 input189@19
6 000 input192@19
@20
0 0 clock@20
1 001 from@20
2 000 to@20
3 000 input164@20
4 000 input175@20
5 000 input189@20
6 000 input192@20
@21
0 0 clock@21
1 010 from@21
2 001 to@21
3 000 input164@21
4 000 input175@21
5 000 input189@21
6 000 input192@21
@22
0 0 clock@22
1 011 from@22
2 010 to@22
3 000 input164@22
4 000 input175@22
5 000 input189@22
6 000 input192@22
@23
0 0 clock@23
1 111 from@23
2 011 to@23
3 000 input164@23
4 000 input175@23
5 000 input189@23
6 000 input192@23
@24
0 0 clock@24
1 110 from@24
2 111 to@24
3 000 input164@24
4 000 input175@24
5 000 input189@24
6 000 input192@24
@25
0 0 clock@25
1 101 from@25
2 110 to@25
3 000 input164@25
4 000 input175@25
5 000 input189@25
6 000 input192@25
@26
0 0 clock@26
1 100 from@26
2 101 to@26
3 000 input164@26
4 000 input175@26
5 000 input189@26
6 000 input192@26
@27
0 0 clock@27
1 000 from@27
2 100 to@27
3 000 input164@27
4 000 input175@27
5 000 input189@27
6 000 input192@27
@28
0 0 clock@28
1 000 from@28
2 000 to@28
3 111 input164@28
4 111 input175@28
5 000 input189@28
6 111 input192@28
@29
0 0 clock@29
1 000 from@29
2 000 to@29
3 000 input164@29
4 000 input175@29
5 000 input189@29
6 000 input192@29
.

