	(output dir: /scratch/network/hongcez/hwmcc/avr-log/btor2/bv/goel/opensource/usb_phy/pr_usb_phy/work_w1)
	(frontend: btor2)
	(property: all (1 assertions))
	(76 / 76 flops initialized)
	(abstraction: sa+uf)
	(bmc: safe till step 0)
	(bmc: safe till step 10)
	(bmc: safe till step 20)
	(bmc: safe till step 30)
	(bmc: found cex at step 36)
   0	: 0	: 0 s: 0    1s                  

AVR -- Proof Race 
copyright (c) 2019  Aman Goel and Karem Sakallah, University of Michigan
@     0s  (starting avr proof race)
@     0s  (output dir: /scratch/network/hongcez/hwmcc/avr-log/btor2/bv/goel/opensource/usb_phy/pr_usb_phy)
@     0s  (max 11 workers)
@     0s  (started worker 0 with pid 231822)
@     0s  (started worker 1 with pid 231823)
@     0s  (started worker 2 with pid 231824)
@     0s  (started worker 3 with pid 231825)
@     0s  (started worker 4 with pid 231826)
@     0s  (spawned 5 workers)
@     0s  (total 5 workers using 0 MB)
@     1s  (started worker 5 with pid 231949)
@     1s  (spawned 1 workers)
@     1s  (total 6 workers using 195 MB)
@     2s  (started worker 6 with pid 232007)
@     2s  (spawned 1 workers)
@     2s  (total 7 workers using 120 MB)
@     2s  (worker 1 finished with result unsafe) python3 avr.py -b bin_bt_cadical -s --bmc
@     2s  (worker 1 output)
@     2s  (stopping all workers)
@     2s  (copied results from worker 1 in /scratch/network/hongcez/hwmcc/avr-log/btor2/bv/goel/opensource/usb_phy/pr_usb_phy)
@     2s  [0;30;47m(proof race finished with answer unsafe in 1.96 seconds)[m
