unsat
(forall ((A (_ BitVec 23))
         (B (_ BitVec 18))
         (C (_ BitVec 9))
         (D (_ BitVec 18))
         (E (_ BitVec 9))
         (F (_ BitVec 18))
         (G (_ BitVec 9))
         (H (_ BitVec 9))
         (I (_ BitVec 18))
         (J (_ BitVec 9))
         (K (_ BitVec 18))
         (L (_ BitVec 9))
         (M (_ BitVec 18))
         (N (_ BitVec 1))
         (O (_ BitVec 1))
         (P (_ BitVec 1))
         (Q (_ BitVec 1))
         (R (_ BitVec 1))
         (S (_ BitVec 1))
         (T (_ BitVec 1))
         (U (_ BitVec 1))
         (V (_ BitVec 1))
         (W (_ BitVec 1))
         (X (_ BitVec 9))
         (Y (_ BitVec 18))
         (Z (_ BitVec 1))
         (A1 (_ BitVec 23))
         (B1 (_ BitVec 1))
         (C1 (_ BitVec 1))
         (D1 (_ BitVec 9))
         (E1 (_ BitVec 1))
         (F1 (_ BitVec 1))
         (G1 (_ BitVec 1))
         (H1 (_ BitVec 1))
         (I1 (_ BitVec 1))
         (J1 (_ BitVec 1))
         (K1 (_ BitVec 9))
         (L1 (_ BitVec 1))
         (M1 (_ BitVec 1))
         (N1 (_ BitVec 9))
         (O1 (_ BitVec 1))
         (P1 (_ BitVec 1))
         (Q1 (_ BitVec 1))
         (R1 (_ BitVec 1))
         (S1 (_ BitVec 1))
         (T1 (_ BitVec 1))
         (U1 (_ BitVec 1))
         (V1 (_ BitVec 9))
         (W1 (_ BitVec 1))
         (X1 (_ BitVec 1))
         (Y1 (_ BitVec 1))
         (Z1 (_ BitVec 1))
         (A2 (_ BitVec 9))
         (B2 (_ BitVec 1))
         (C2 (_ BitVec 1))
         (D2 (_ BitVec 10))
         (E2 (_ BitVec 1))
         (F2 (_ BitVec 1))
         (G2 (_ BitVec 1))
         (H2 (_ BitVec 1))
         (I2 (_ BitVec 1))
         (J2 (_ BitVec 1))
         (K2 (_ BitVec 9))
         (L2 (_ BitVec 1))
         (M2 (_ BitVec 1))
         (N2 (_ BitVec 1))
         (O2 (_ BitVec 1))
         (P2 (_ BitVec 1))
         (Q2 (_ BitVec 1))
         (R2 (_ BitVec 1))
         (S2 (_ BitVec 1))
         (T2 (_ BitVec 1))
         (U2 (_ BitVec 1))
         (V2 (_ BitVec 1))
         (W2 (_ BitVec 1))
         (X2 (_ BitVec 1))
         (Y2 (_ BitVec 1))
         (Z2 (_ BitVec 23))
         (A3 (_ BitVec 1))
         (B3 (_ BitVec 1))
         (C3 (_ BitVec 9))
         (D3 (_ BitVec 1))
         (E3 (_ BitVec 1))
         (F3 (_ BitVec 1))
         (G3 (_ BitVec 1))
         (H3 (_ BitVec 1))
         (I3 (_ BitVec 23))
         (J3 (_ BitVec 1))
         (K3 (_ BitVec 1))
         (L3 (_ BitVec 18))
         (M3 (_ BitVec 1))
         (N3 (_ BitVec 1))
         (O3 (_ BitVec 1))
         (P3 (_ BitVec 1))
         (Q3 (_ BitVec 1))
         (R3 (_ BitVec 1))
         (S3 (_ BitVec 1))
         (T3 (_ BitVec 1))
         (U3 (_ BitVec 1))
         (V3 (_ BitVec 1))
         (W3 (_ BitVec 23))
         (X3 (_ BitVec 1))
         (Y3 (_ BitVec 9))
         (Z3 (_ BitVec 1))
         (A4 (_ BitVec 18))
         (B4 (_ BitVec 1))
         (C4 (_ BitVec 1))
         (D4 (_ BitVec 9))
         (E4 (_ BitVec 1))
         (F4 (_ BitVec 18))
         (G4 (_ BitVec 9))
         (H4 (_ BitVec 1))
         (I4 (_ BitVec 1))
         (J4 (_ BitVec 1))
         (K4 (_ BitVec 1))
         (L4 (_ BitVec 1))
         (M4 (_ BitVec 1))
         (N4 (_ BitVec 1))
         (O4 (_ BitVec 1))
         (P4 (_ BitVec 9))
         (Q4 (_ BitVec 1))
         (R4 (_ BitVec 1))
         (S4 (_ BitVec 23))
         (T4 (_ BitVec 1))
         (U4 (_ BitVec 18))
         (V4 (_ BitVec 1))
         (W4 (_ BitVec 1))
         (X4 (_ BitVec 23))
         (Y4 (_ BitVec 1))
         (Z4 (_ BitVec 1))
         (A5 (_ BitVec 1))
         (B5 (_ BitVec 1))
         (C5 (_ BitVec 1))
         (D5 (_ BitVec 1))
         (E5 (_ BitVec 1))
         (F5 (_ BitVec 9))
         (G5 (_ BitVec 9))
         (H5 (_ BitVec 1))
         (I5 (_ BitVec 23))
         (J5 (_ BitVec 1))
         (K5 (_ BitVec 23))
         (L5 (_ BitVec 1))
         (M5 (_ BitVec 1))
         (N5 (_ BitVec 9))
         (O5 (_ BitVec 1))
         (P5 (_ BitVec 9))
         (Q5 (_ BitVec 9))
         (R5 (_ BitVec 1))
         (S5 (_ BitVec 1))
         (T5 (_ BitVec 23))
         (U5 (_ BitVec 1))
         (V5 (_ BitVec 9))
         (W5 (_ BitVec 9))
         (X5 (_ BitVec 1))
         (Y5 (_ BitVec 18))
         (Z5 (_ BitVec 1))
         (A6 (_ BitVec 9))
         (B6 (_ BitVec 1))
         (C6 (_ BitVec 1))
         (D6 (_ BitVec 1))
         (E6 (_ BitVec 10))
         (F6 (_ BitVec 1))
         (G6 (_ BitVec 1))
         (H6 (_ BitVec 18))
         (I6 (_ BitVec 1))
         (J6 (_ BitVec 9))
         (K6 (_ BitVec 18))
         (L6 (_ BitVec 1))
         (M6 (_ BitVec 1))
         (N6 (_ BitVec 18))
         (O6 (_ BitVec 1))
         (P6 (_ BitVec 1))
         (Q6 (_ BitVec 1))
         (R6 (_ BitVec 9))
         (S6 (_ BitVec 1))
         (T6 (_ BitVec 1))
         (U6 (_ BitVec 1))
         (V6 (_ BitVec 1))
         (W6 (_ BitVec 9))
         (X6 (_ BitVec 1))
         (Y6 (_ BitVec 1))
         (Z6 (_ BitVec 1))
         (A7 (_ BitVec 9))
         (B7 (_ BitVec 18))
         (C7 (_ BitVec 9))
         (D7 (_ BitVec 23))
         (E7 (_ BitVec 1))
         (F7 (_ BitVec 1))
         (G7 (_ BitVec 9))
         (H7 (_ BitVec 18))
         (I7 (_ BitVec 1))
         (J7 (_ BitVec 9))
         (K7 (_ BitVec 1))
         (L7 (_ BitVec 23))
         (M7 (_ BitVec 18))
         (N7 (_ BitVec 1))
         (O7 (_ BitVec 9))
         (P7 (_ BitVec 23))
         (Q7 (_ BitVec 1))
         (R7 (_ BitVec 1))
         (S7 (_ BitVec 18))
         (T7 (_ BitVec 1))
         (U7 (_ BitVec 1))
         (V7 (_ BitVec 1))
         (W7 (_ BitVec 1))
         (X7 (_ BitVec 1))
         (Y7 (_ BitVec 9))
         (Z7 (_ BitVec 1))
         (A8 (_ BitVec 1))
         (B8 (_ BitVec 1))
         (C8 (_ BitVec 1))
         (D8 (_ BitVec 1))
         (E8 (_ BitVec 9))
         (F8 (_ BitVec 1))
         (G8 (_ BitVec 1))
         (H8 (_ BitVec 1))
         (I8 (_ BitVec 1))
         (J8 (_ BitVec 1))
         (K8 (_ BitVec 1))
         (L8 (_ BitVec 1))
         (M8 (_ BitVec 1))
         (N8 (_ BitVec 1))
         (O8 (_ BitVec 1))
         (P8 (_ BitVec 1))
         (Q8 (_ BitVec 23))
         (R8 (_ BitVec 1))
         (S8 (_ BitVec 18))
         (T8 (_ BitVec 18))
         (U8 (_ BitVec 9))
         (V8 (_ BitVec 1))
         (W8 (_ BitVec 1))
         (X8 (_ BitVec 1))
         (Y8 (_ BitVec 1))
         (Z8 (_ BitVec 18))
         (A9 (_ BitVec 1))
         (B9 (_ BitVec 1))
         (C9 (_ BitVec 1))
         (D9 (_ BitVec 23))
         (E9 (_ BitVec 1))
         (F9 (_ BitVec 1))
         (G9 (_ BitVec 1))
         (H9 (_ BitVec 1))
         (I9 (_ BitVec 1))
         (J9 (_ BitVec 1))
         (K9 (_ BitVec 1))
         (L9 (_ BitVec 1))
         (M9 (_ BitVec 1))
         (N9 (_ BitVec 1))
         (O9 (_ BitVec 1))
         (P9 (_ BitVec 1))
         (Q9 (_ BitVec 1))
         (R9 (_ BitVec 1))
         (S9 (_ BitVec 1))
         (T9 (_ BitVec 9))
         (U9 (_ BitVec 1))
         (V9 (_ BitVec 1))
         (W9 (_ BitVec 1))
         (X9 (_ BitVec 1))
         (Y9 (_ BitVec 9))
         (Z9 (_ BitVec 1))
         (A10 (_ BitVec 1))
         (B10 (_ BitVec 1))
         (C10 (_ BitVec 1))
         (D10 (_ BitVec 1))
         (E10 (_ BitVec 1))
         (F10 (_ BitVec 18))
         (G10 (_ BitVec 1))
         (H10 (_ BitVec 1))
         (I10 (_ BitVec 1))
         (J10 (_ BitVec 1))
         (K10 (_ BitVec 1))
         (L10 (_ BitVec 1))
         (M10 (_ BitVec 1))
         (N10 (_ BitVec 1))
         (O10 (_ BitVec 1))
         (P10 (_ BitVec 1))
         (Q10 (_ BitVec 1))
         (R10 (_ BitVec 1))
         (S10 (_ BitVec 1))
         (T10 (_ BitVec 1))
         (U10 (_ BitVec 1))
         (V10 (_ BitVec 18))
         (W10 (_ BitVec 1))
         (X10 (_ BitVec 1))
         (Y10 (_ BitVec 1))
         (Z10 (_ BitVec 1))
         (A11 (_ BitVec 1))
         (B11 (_ BitVec 1))
         (C11 (_ BitVec 1))
         (D11 (_ BitVec 1))
         (E11 (_ BitVec 1))
         (F11 (_ BitVec 1))
         (G11 (_ BitVec 18))
         (H11 (_ BitVec 1))
         (I11 (_ BitVec 1))
         (J11 (_ BitVec 1))
         (K11 (_ BitVec 1))
         (L11 (_ BitVec 1))
         (M11 (_ BitVec 1))
         (N11 (_ BitVec 1))
         (O11 (_ BitVec 1))
         (P11 (_ BitVec 1))
         (Q11 (_ BitVec 1))
         (R11 (_ BitVec 1))
         (S11 (_ BitVec 1))
         (T11 (_ BitVec 1))
         (U11 (_ BitVec 18))
         (V11 (_ BitVec 1))
         (W11 (_ BitVec 1))
         (X11 (_ BitVec 1))
         (Y11 (_ BitVec 1))
         (Z11 (_ BitVec 1))
         (A12 (_ BitVec 1))
         (B12 (_ BitVec 1))
         (C12 (_ BitVec 1))
         (D12 (_ BitVec 9))
         (E12 (_ BitVec 23))
         (F12 (_ BitVec 1))
         (G12 (_ BitVec 1))
         (H12 (_ BitVec 1))
         (I12 (_ BitVec 1))
         (J12 (_ BitVec 1))
         (K12 (_ BitVec 1))
         (L12 (_ BitVec 1))
         (M12 (_ BitVec 1))
         (N12 (_ BitVec 1))
         (O12 (_ BitVec 18))
         (P12 (_ BitVec 1))
         (Q12 (_ BitVec 1))
         (R12 (_ BitVec 1))
         (S12 (_ BitVec 1))
         (T12 (_ BitVec 1))
         (U12 (_ BitVec 1))
         (V12 (_ BitVec 1))
         (W12 (_ BitVec 1))
         (X12 (_ BitVec 1))
         (Y12 (_ BitVec 1))
         (Z12 (_ BitVec 1))
         (A13 (_ BitVec 1))
         (B13 (_ BitVec 1))
         (C13 (_ BitVec 1))
         (D13 (_ BitVec 1))
         (E13 (_ BitVec 1))
         (F13 (_ BitVec 1))
         (G13 (_ BitVec 18))
         (H13 (_ BitVec 1))
         (I13 (_ BitVec 1))
         (J13 (_ BitVec 1))
         (K13 (_ BitVec 1))
         (L13 (_ BitVec 1))
         (M13 (_ BitVec 1))
         (N13 (_ BitVec 1))
         (O13 (_ BitVec 1))
         (P13 (_ BitVec 1))
         (Q13 (_ BitVec 1))
         (R13 (_ BitVec 18))
         (S13 (_ BitVec 1))
         (T13 (_ BitVec 1))
         (U13 (_ BitVec 1))
         (V13 (_ BitVec 1))
         (W13 (_ BitVec 1))
         (X13 (_ BitVec 1))
         (Y13 (_ BitVec 1))
         (Z13 (_ BitVec 1))
         (A14 (_ BitVec 1))
         (B14 (_ BitVec 1))
         (C14 (_ BitVec 1))
         (D14 (_ BitVec 1))
         (E14 (_ BitVec 1))
         (F14 (_ BitVec 1))
         (G14 (_ BitVec 1))
         (H14 (_ BitVec 1))
         (I14 (_ BitVec 1))
         (J14 (_ BitVec 1))
         (K14 (_ BitVec 1))
         (L14 (_ BitVec 1))
         (M14 (_ BitVec 1))
         (N14 (_ BitVec 1))
         (O14 (_ BitVec 1))
         (P14 (_ BitVec 1))
         (Q14 (_ BitVec 1))
         (R14 (_ BitVec 1))
         (S14 (_ BitVec 1))
         (T14 (_ BitVec 1))
         (U14 (_ BitVec 1))
         (V14 (_ BitVec 1))
         (W14 (_ BitVec 23))
         (X14 (_ BitVec 18))
         (Y14 (_ BitVec 1))
         (Z14 (_ BitVec 1))
         (A15 (_ BitVec 1))
         (B15 (_ BitVec 1))
         (C15 (_ BitVec 1))
         (D15 (_ BitVec 1))
         (E15 (_ BitVec 1))
         (F15 (_ BitVec 1))
         (G15 (_ BitVec 1))
         (H15 (_ BitVec 1))
         (I15 (_ BitVec 1))
         (J15 (_ BitVec 1))
         (K15 (_ BitVec 1))
         (L15 (_ BitVec 1))
         (M15 (_ BitVec 1))
         (N15 (_ BitVec 1))
         (O15 (_ BitVec 1))
         (P15 (_ BitVec 1))
         (Q15 (_ BitVec 1))
         (R15 (_ BitVec 1))
         (S15 (_ BitVec 1))
         (T15 (_ BitVec 1))
         (U15 (_ BitVec 1))
         (V15 (_ BitVec 1))
         (W15 (_ BitVec 1))
         (X15 (_ BitVec 1))
         (Y15 (_ BitVec 1))
         (Z15 (_ BitVec 1))
         (A16 (_ BitVec 1))
         (B16 (_ BitVec 1))
         (C16 (_ BitVec 1))
         (D16 (_ BitVec 18))
         (E16 (_ BitVec 1))
         (F16 (_ BitVec 1))
         (G16 (_ BitVec 1))
         (H16 (_ BitVec 1))
         (I16 (_ BitVec 1))
         (J16 (_ BitVec 1))
         (K16 (_ BitVec 1))
         (L16 (_ BitVec 1))
         (M16 (_ BitVec 1))
         (N16 (_ BitVec 1))
         (O16 (_ BitVec 1))
         (P16 (_ BitVec 1))
         (Q16 (_ BitVec 1))
         (R16 (_ BitVec 1))
         (S16 (_ BitVec 1))
         (T16 (_ BitVec 1))
         (U16 (_ BitVec 1))
         (V16 (_ BitVec 1))
         (W16 (_ BitVec 1))
         (X16 (_ BitVec 1))
         (Y16 (_ BitVec 9))
         (Z16 (_ BitVec 1))
         (A17 (_ BitVec 1))
         (B17 (_ BitVec 1))
         (C17 (_ BitVec 1))
         (D17 (_ BitVec 1))
         (E17 (_ BitVec 1))
         (F17 (_ BitVec 1))
         (G17 (_ BitVec 1))
         (H17 (_ BitVec 1))
         (I17 (_ BitVec 1))
         (J17 (_ BitVec 1))
         (K17 (_ BitVec 1))
         (L17 (_ BitVec 1))
         (M17 (_ BitVec 1))
         (N17 (_ BitVec 1))
         (O17 (_ BitVec 1))
         (P17 (_ BitVec 1))
         (Q17 (_ BitVec 1))
         (R17 (_ BitVec 1))
         (S17 (_ BitVec 1))
         (T17 (_ BitVec 1))
         (U17 (_ BitVec 1))
         (V17 (_ BitVec 1))
         (W17 (_ BitVec 1))
         (X17 (_ BitVec 1))
         (Y17 (_ BitVec 1))
         (Z17 (_ BitVec 1))
         (A18 (_ BitVec 1))
         (B18 (_ BitVec 1))
         (C18 (_ BitVec 1))
         (D18 (_ BitVec 1))
         (E18 (_ BitVec 9))
         (F18 (_ BitVec 1))
         (G18 (_ BitVec 1))
         (H18 (_ BitVec 1))
         (I18 (_ BitVec 1))
         (J18 (_ BitVec 1))
         (K18 (_ BitVec 1))
         (L18 (_ BitVec 1))
         (M18 (_ BitVec 1))
         (N18 (_ BitVec 1))
         (O18 (_ BitVec 1))
         (P18 (_ BitVec 1))
         (Q18 (_ BitVec 1))
         (R18 (_ BitVec 1))
         (S18 (_ BitVec 1))
         (T18 (_ BitVec 1))
         (U18 (_ BitVec 1))
         (V18 (_ BitVec 9))
         (W18 (_ BitVec 18))
         (X18 (_ BitVec 9))
         (Y18 (_ BitVec 9))
         (Z18 (_ BitVec 18))
         (A19 (_ BitVec 9))
         (B19 (_ BitVec 18))
         (C19 (_ BitVec 18))
         (D19 (_ BitVec 9))
         (E19 (_ BitVec 18))
         (F19 (_ BitVec 1))
         (G19 (_ BitVec 9))
         (H19 (_ BitVec 9))
         (I19 (_ BitVec 1))
         (J19 (_ BitVec 1)))
  (! (let ((a!1 (= I5
                   (concat #b00000
                           ((_ extract 8 8) A6)
                           ((_ extract 8 8) A6)
                           ((_ extract 8 8) A6)
                           ((_ extract 8 8) A6)
                           ((_ extract 8 8) A6)
                           ((_ extract 8 8) A6)
                           ((_ extract 8 8) A6)
                           ((_ extract 8 8) A6)
                           ((_ extract 8 8) A6)
                           A6)))
           (a!2 (= I5
                   (concat #b00000
                           ((_ extract 8 8) A6)
                           ((_ extract 8 8) A6)
                           ((_ extract 8 8) A6)
                           ((_ extract 8 8) A6)
                           A6
                           #b00000)))
           (a!3 (= I5
                   (concat #b00000
                           ((_ extract 8 8) A6)
                           ((_ extract 8 8) A6)
                           A6
                           #b0000000)))
           (a!4 (= I5
                   (concat #b00000
                           ((_ extract 8 8) A6)
                           ((_ extract 8 8) A6)
                           ((_ extract 8 8) A6)
                           A6
                           #b000000)))
           (a!5 (= I5
                   (concat #b00000
                           ((_ extract 8 8) A6)
                           ((_ extract 8 8) A6)
                           ((_ extract 8 8) A6)
                           ((_ extract 8 8) A6)
                           ((_ extract 8 8) A6)
                           ((_ extract 8 8) A6)
                           A6
                           #b000)))
           (a!6 (= I5
                   (concat #b00000
                           ((_ extract 8 8) A6)
                           ((_ extract 8 8) A6)
                           ((_ extract 8 8) A6)
                           ((_ extract 8 8) A6)
                           ((_ extract 8 8) A6)
                           ((_ extract 8 8) A6)
                           ((_ extract 8 8) A6)
                           A6
                           #b00)))
           (a!7 (= I5
                   (concat #b00000
                           ((_ extract 8 8) A6)
                           ((_ extract 8 8) A6)
                           ((_ extract 8 8) A6)
                           ((_ extract 8 8) A6)
                           ((_ extract 8 8) A6)
                           A6
                           #x0)))
           (a!8 (= I5
                   (concat #b00000
                           ((_ extract 8 8) A6)
                           ((_ extract 8 8) A6)
                           ((_ extract 8 8) A6)
                           ((_ extract 8 8) A6)
                           ((_ extract 8 8) A6)
                           ((_ extract 8 8) A6)
                           ((_ extract 8 8) A6)
                           ((_ extract 8 8) A6)
                           A6
                           #b0)))
           (a!10 (concat ((_ extract 17 17) C19)
                         ((_ extract 17 17) C19)
                         ((_ extract 17 17) C19)
                         ((_ extract 17 17) C19)
                         ((_ extract 17 17) C19)
                         C19))
           (a!12 ((_ extract 21 21)
                   (bvadd P7
                          (concat ((_ extract 17 17) Z18)
                                  ((_ extract 17 17) Z18)
                                  ((_ extract 17 17) Z18)
                                  ((_ extract 17 17) Z18)
                                  ((_ extract 17 17) Z18)
                                  Z18))))
           (a!14 (concat ((_ extract 17 17) A4)
                         ((_ extract 17 17) A4)
                         ((_ extract 17 17) A4)
                         ((_ extract 17 17) A4)
                         ((_ extract 17 17) A4)
                         A4))
           (a!16 (or (= E6 #b0000000000)
                     ((_ bit2bool 17) W18)
                     (not (= ((_ extract 3 3) P5) #b1))
                     (= ((_ extract 13 13) W18) #b0)))
           (a!17 (or (= E6 #b0000000000)
                     (= ((_ extract 17 17) W18) #b1)
                     (not (= ((_ extract 2 2) P5) #b1))
                     (= ((_ extract 12 12) W18) #b0)))
           (a!18 (concat ((_ extract 17 17) L3)
                         ((_ extract 17 17) L3)
                         ((_ extract 17 17) L3)
                         ((_ extract 17 17) L3)
                         ((_ extract 17 17) L3)
                         L3))
           (a!20 ((_ extract 21 21)
                   (bvadd X4
                          (concat ((_ extract 17 17) I)
                                  ((_ extract 17 17) I)
                                  ((_ extract 17 17) I)
                                  ((_ extract 17 17) I)
                                  ((_ extract 17 17) I)
                                  I))))
           (a!22 (or (= E6 #b0000000000)
                     ((_ bit2bool 17) W18)
                     (not (= ((_ extract 3 3) P5) #b1))
                     (= ((_ extract 15 15) W18) #b0)))
           (a!23 (concat ((_ extract 17 17) M7)
                         ((_ extract 17 17) M7)
                         ((_ extract 17 17) M7)
                         ((_ extract 17 17) M7)
                         ((_ extract 17 17) M7)
                         M7))
           (a!25 (or (= E6 #b0000000000)
                     (= ((_ extract 17 17) W18) #b1)
                     (not (= ((_ extract 1 1) P5) #b1))
                     (= ((_ extract 9 9) W18) #b0)))
           (a!26 (or (= ((_ extract 8 8) P5) #b1)
                     (= E6 #b0000000000)
                     ((_ bit2bool 7) A6)
                     (not (= ((_ extract 8 8) A6) #b0))
                     (= ((_ extract 14 14) W18) #b0)))
           (a!27 (or (= E6 #b0000000000)
                     ((_ bit2bool 17) W18)
                     (= ((_ extract 15 15) W18) #b0)
                     (not (= ((_ extract 6 6) P5) #b1))))
           (a!28 (or (= E6 #b0000000000)
                     ((_ bit2bool 17) W18)
                     (= ((_ extract 16 16) W18) #b0)
                     (not (= ((_ extract 6 6) P5) #b1))))
           (a!29 (or (= E6 #b0000000000)
                     ((_ bit2bool 8) P5)
                     (not ((_ bit2bool 17) U4))
                     (not (= ((_ extract 8 8) Q5) #b0))))
           (a!31 (or (= E6 #b0000000000)
                     (not ((_ bit2bool 17) D))
                     ((_ bit2bool 8) P5)
                     (not (= ((_ extract 8 8) D4) #b0))))
           (a!32 (= W3
                    (bvmul #b11111111111111111111111
                           (concat ((_ extract 17 17) D)
                                   ((_ extract 17 17) D)
                                   ((_ extract 17 17) D)
                                   ((_ extract 17 17) D)
                                   ((_ extract 17 17) D)
                                   D))))
           (a!34 (not (= (bvmul #b11111111111 (concat #b0 E6))
                         (bvadd #b11111101111 (concat #b0 D2)))))
           (a!37 (or (= E6 #b0000000000)
                     (= ((_ extract 17 17) W18) #b1)
                     (not (= ((_ extract 2 2) P5) #b1))
                     (= ((_ extract 15 15) W18) #b0)))
           (a!39 ((_ extract 21 21)
                   (bvadd Z2
                          (concat ((_ extract 17 17) B19)
                                  ((_ extract 17 17) B19)
                                  ((_ extract 17 17) B19)
                                  ((_ extract 17 17) B19)
                                  ((_ extract 17 17) B19)
                                  B19))))
           (a!42 (or (= E6 #b0000000000)
                     ((_ bit2bool 17) W18)
                     (not (= ((_ extract 2 2) P5) #b1))
                     (= ((_ extract 13 13) W18) #b0)))
           (a!43 (= S4
                    (bvmul #b11111111111111111111111
                           (concat ((_ extract 17 17) K)
                                   ((_ extract 17 17) K)
                                   ((_ extract 17 17) K)
                                   ((_ extract 17 17) K)
                                   ((_ extract 17 17) K)
                                   K))))
           (a!45 (not (= ((_ extract 9 1) (bvadd #b0000000001 E6)) #b000000001)))
           (a!47 (or (not (= ((_ extract 0 0) E6) #b1))
                     (not (= V18 #b000000000))
                     (not (= ((_ extract 4 4) D2) #b1))))
           (a!48 (or (not (= G5 #b000000000))
                     (not (= ((_ extract 0 0) E6) #b1))
                     (not (= ((_ extract 4 4) D2) #b1))))
           (a!49 (or (not (= C #b000000000))
                     (not (= ((_ extract 0 0) E6) #b1))
                     (not (= ((_ extract 4 4) D2) #b1))))
           (a!50 (or ((_ bit2bool 17) W18)
                     (not (= ((_ extract 0 0) E6) #b1))
                     (not (= ((_ extract 1 1) P5) #b1))
                     (= ((_ extract 12 12) W18) #b0)))
           (a!51 (or (= Q5 #b000000000)
                     (not (= U4 #b000000000000000000))
                     (not (= ((_ extract 0 0) E6) #b1))
                     (not (= ((_ extract 4 4) D2) #b1))))
           (a!54 (or (not (= U8 #b000000000))
                     (not (= ((_ extract 0 0) E6) #b1))
                     (not (= ((_ extract 4 4) D2) #b1))))
           (a!55 (concat ((_ extract 17 17) E19)
                         ((_ extract 17 17) E19)
                         ((_ extract 17 17) E19)
                         ((_ extract 17 17) E19)
                         ((_ extract 17 17) E19)
                         E19))
           (a!57 (or (not (= J #b000000000))
                     (not (= ((_ extract 0 0) E6) #b1))
                     (not (= ((_ extract 4 4) D2) #b1))))
           (a!59 (or (not (= D12 #b000000000))
                     (not (= ((_ extract 0 0) E6) #b1))
                     (not (= ((_ extract 4 4) D2) #b1))))
           (a!61 (or (not (= L #b000000000))
                     (not (= ((_ extract 0 0) E6) #b1))
                     (not (= ((_ extract 4 4) D2) #b1))))
           (a!62 (or (not (= G #b000000000))
                     (not (= ((_ extract 0 0) E6) #b1))
                     (not (= ((_ extract 4 4) D2) #b1))))
           (a!64 (or (= E8 #b000000000)
                     (not (= H7 #b000000000000000000))
                     (not (= ((_ extract 0 0) E6) #b1))
                     (not (= ((_ extract 4 4) D2) #b1))))
           (a!65 (or (= E6 #b0000000000)
                     (not (= M #b000000000000000000))
                     (not ((_ bit2bool 17) E19))
                     (not (= ((_ extract 8 8) Y7) #b0))))
           (a!69 (or (= ((_ extract 9 3) D2) #b0000000)
                     ((_ bit2bool 3) D2)
                     (not (= ((_ extract 0 0) E6) #b1))
                     (not (= W5 #b000000000))))
           (a!70 (or (not (= E #b000000000))
                     (not (= ((_ extract 0 0) E6) #b1))
                     (not (= ((_ extract 4 4) D2) #b1))))
           (a!74 (or (= E6 #b0000000000)
                     (not (= P5 #b000000100))
                     (= A6 ((_ extract 10 2) W18))
                     (not (= ((_ extract 4 4) D2) #b1))))
           (a!76 (or (= E6 #b0000000000)
                     ((_ bit2bool 17) W18)
                     ((_ bit2bool 7) A6)
                     (= ((_ extract 12 12) W18) #b0)
                     (not (= ((_ extract 5 5) P5) #b1))))
           (a!82 (or (= E6 #b0000000000)
                     (not (= ((_ extract 7 0) A6) #x80))
                     (= ((_ extract 6 0) W18) #b0000000)))
           (a!85 (or (not (= H #b000000000))
                     (not (= ((_ extract 0 0) E6) #b1))
                     (not (= ((_ extract 4 4) D2) #b1))))
           (a!88 (or (= E6 #b0000000000)
                     ((_ bit2bool 17) W18)
                     (not (= ((_ extract 3 3) P5) #b1))
                     (= ((_ extract 12 12) W18) #b0)))
           (a!90 (or (= E6 #b0000000000)
                     ((_ bit2bool 17) W18)
                     (not (= ((_ extract 8 8) A6) #b0))
                     (= ((_ extract 14 14) W18) #b0)
                     (not ((_ bit2bool 0) P5))))
           (a!92 (or (= E6 #b0000000000)
                     (= J6 #b000000000)
                     (not (= Z18 #b000000000000000000))
                     (not (= ((_ extract 4 4) D2) #b1))))
           (a!95 (or (= E6 #b0000000000)
                     ((_ bit2bool 8) P5)
                     (not (= ((_ extract 8 8) A6) #b0))
                     (= ((_ extract 15 15) W18) #b0)))
           (a!96 (or (= E6 #b0000000000)
                     ((_ bit2bool 17) W18)
                     (not (= ((_ extract 8 8) A6) #b0))
                     (= ((_ extract 12 12) W18) #b0)
                     (not ((_ bit2bool 0) P5))))
           (a!97 (or (= E6 #b0000000000)
                     ((_ bit2bool 17) W18)
                     (not (= ((_ extract 8 8) A6) #b0))
                     (= ((_ extract 10 10) W18) #b0)
                     (not ((_ bit2bool 0) P5))))
           (a!103 (or (= E6 #b0000000000)
                      (not (= P5 #b000001000))
                      (= A6 ((_ extract 11 3) W18))
                      (not (= ((_ extract 4 4) D2) #b1))))
           (a!104 (or ((_ bit2bool 17) W18)
                      (not (= ((_ extract 0 0) E6) #b1))
                      (not (= P5 #b000000010))
                      (and (= ((_ extract 0 0) W18) #b0)
                           (= ((_ extract 9 1) W18) A6)
                           (= ((_ extract 10 10) W18) #b0)
                           (= ((_ extract 11 11) W18) #b0)
                           (= ((_ extract 12 12) W18) #b0)
                           (= ((_ extract 13 13) W18) #b0)
                           (= ((_ extract 14 14) W18) #b0)
                           (= ((_ extract 15 15) W18) #b0)
                           (= ((_ extract 16 16) W18) #b0))
                      (not (= ((_ extract 4 4) D2) #b1))))
           (a!105 (or (not (= P5 #b000100000))
                      ((_ bit2bool 17) W18)
                      (not (= ((_ extract 0 0) E6) #b1))
                      (and (= ((_ extract 4 0) W18) #b00000)
                           (= ((_ extract 13 5) W18) A6)
                           (= ((_ extract 14 14) W18) #b0)
                           (= ((_ extract 15 15) W18) #b0)
                           (= ((_ extract 16 16) W18) #b0))
                      (not (= ((_ extract 4 4) D2) #b1))))
           (a!106 (or (= E18 #b000000000)
                      (not (= M #b000000000000000000))
                      (not (= ((_ extract 0 0) E6) #b1))
                      (not (= ((_ extract 4 4) D2) #b1))))
           (a!107 (or ((_ bit2bool 17) W18)
                      (not (= ((_ extract 0 0) E6) #b1))
                      (not (= P5 #b001000000))
                      (and (= ((_ extract 5 0) W18) #b000000)
                           (= ((_ extract 14 6) W18) A6)
                           (= ((_ extract 15 15) W18) #b0)
                           (= ((_ extract 16 16) W18) #b0))
                      (not (= ((_ extract 4 4) D2) #b1))))
           (a!108 (or (not (= P5 #b000000001))
                      ((_ bit2bool 17) W18)
                      (not (= ((_ extract 0 0) E6) #b1))
                      (and (= ((_ extract 8 0) W18) A6)
                           (= ((_ extract 9 9) W18) #b0)
                           (= ((_ extract 10 10) W18) #b0)
                           (= ((_ extract 11 11) W18) #b0)
                           (= ((_ extract 12 12) W18) #b0)
                           (= ((_ extract 13 13) W18) #b0)
                           (= ((_ extract 14 14) W18) #b0)
                           (= ((_ extract 15 15) W18) #b0)
                           (= ((_ extract 16 16) W18) #b0))
                      (not (= ((_ extract 4 4) D2) #b1))))
           (a!120 (or (= E6 #b0000000000)
                      (= A6 #b000000000)
                      (not (= W18 #b000000000000000000))
                      (not (= ((_ extract 4 4) D2) #b1)))))
     (let ((a!9 (or (not (= ((_ extract 0 0) E6) #b0))
                    a!1
                    a!2
                    a!3
                    a!4
                    a!5
                    a!6
                    a!7
                    a!8
                    ((_ bit2bool 8) P5)
                    (not (= ((_ extract 4 1) E6) #x1))))
           (a!11 (or (not (= Y3 #b000000000))
                     (not ((_ bit2bool 21) I3))
                     (not (= I3 (bvmul #b11111111111111111111111 a!10)))))
           (a!13 (or (= E6 #b0000000000)
                     ((_ bit2bool 21) P7)
                     ((_ bit2bool 8) P5)
                     (not (= ((_ extract 8 8) J6) #b0))
                     (not (= a!12 #b1))))
           (a!15 (not (= ((_ extract 21 21) (bvadd L7 a!14)) #b1)))
           (a!19 (not (= ((_ extract 21 21) (bvadd W14 a!18)) #b1)))
           (a!21 (or (= E6 #b0000000000)
                     ((_ bit2bool 8) P5)
                     ((_ bit2bool 21) X4)
                     (not (= ((_ extract 8 8) Y9) #b0))
                     (not (= a!20 #b1))))
           (a!24 (not (= ((_ extract 21 21) (bvadd K5 a!23)) #b1)))
           (a!30 (not (= ((_ extract 21 21) (bvadd I3 a!10)) #b1)))
           (a!33 (or (not (= D4 #b000000000))
                     (not a!32)
                     (not (= ((_ extract 21 21) W3) #b1))))
           (a!35 (or (= ((_ extract 8 8) P5) #b1)
                     (not (= ((_ extract 8 8) A6) #b0))
                     (= ((_ extract 16 16) W18) #b0)
                     a!34))
           (a!36 (or (not (= P5 #b000001000))
                     (not (= ((_ extract 8 8) A6) #b0))
                     (= ((_ extract 14 14) W18) #b0)
                     a!34))
           (a!38 (or (not (= R6 #b000000000))
                     (not ((_ bit2bool 21) L7))
                     (= ((_ extract 21 21) (bvadd L7 a!14)) #b1)))
           (a!40 (or (= E6 #b0000000000)
                     ((_ bit2bool 8) P5)
                     ((_ bit2bool 21) Z2)
                     (not (= ((_ extract 8 8) C7) #b0))
                     (not (= a!39 #b1))))
           (a!41 (or (not (= Y3 #b000000000))
                     (= ((_ extract 21 21) (bvadd I3 a!10)) #b1)
                     (not (= ((_ extract 21 21) I3) #b1))))
           (a!44 (or (= ((_ extract 17 17) W18) #b1)
                     (not (= ((_ extract 2 2) P5) #b1))
                     (= ((_ extract 11 11) W18) #b0)
                     a!34))
           (a!46 (or ((_ bit2bool 0) D2)
                     (= ((_ extract 6 6) A19) #b1)
                     (not (= ((_ extract 6 6) P5) #b1))
                     a!45))
           (a!52 (or (not (= M #b000000000000000000))
                     ((_ bit2bool 0) D2)
                     (not ((_ bit2bool 5) Y16))
                     (not (= ((_ extract 0 0) P5) #b1))
                     a!34
                     (not (= ((_ extract 4 4) D2) #b1))
                     (= ((_ extract 5 5) L3) #b1)))
           (a!53 (or (= Y7 #b000000000)
                     ((_ bit2bool 0) D2)
                     (not (= E19 #b000000000000000000))
                     a!34
                     (not (= ((_ extract 4 4) D2) #b1))))
           (a!56 (or (= I5 #b00000000000000000000000)
                     (not (= Y7 #b000000000))
                     (not (= I5 (bvmul #b11111111111111111111111 a!55)))))
           (a!58 (or (not (= P5 #b010000000))
                     (not (= ((_ extract 8 8) A6) #b0))
                     (= ((_ extract 15 15) W18) #b0)
                     a!34))
           (a!60 (or (= E6 #b0000000000)
                     (= R6 #b000000000)
                     (= W18 #b000000000000000000)
                     ((_ bit2bool 8) P5)
                     ((_ bit2bool 8) R6)
                     ((_ bit2bool 21) L7)
                     (not (= L7 (bvmul #b11111111111111111111111 a!14)))))
           (a!63 (or (= Y16 #b000000000)
                     (= E6 #b0000000000)
                     ((_ bit2bool 8) Y16)
                     ((_ bit2bool 21) W14)
                     (= W18 #b000000000000000000)
                     ((_ bit2bool 8) P5)
                     (not (= W14 (bvmul #b11111111111111111111111 a!18)))))
           (a!66 (or ((_ bit2bool 0) D2)
                     (not (= D19 #b000000000))
                     a!34
                     (not (= ((_ extract 4 4) D2) #b1))))
           (a!67 (or ((_ bit2bool 17) W18)
                     (not (= ((_ extract 4 4) P5) #b1))
                     (= ((_ extract 15 15) W18) #b0)
                     a!34))
           (a!68 (or ((_ bit2bool 17) W18)
                     (not (= ((_ extract 4 4) P5) #b1))
                     (= ((_ extract 13 13) W18) #b0)
                     a!34))
           (a!71 (not (= ((_ extract 21 21) (bvadd I5 a!55)) #b1)))
           (a!72 (or ((_ bit2bool 17) W18)
                     (not ((_ bit2bool 0) W18))
                     (not (= ((_ extract 8 8) A6) #b0))
                     a!34
                     (= A6 ((_ extract 8 0) W18))))
           (a!73 (or ((_ bit2bool 17) W18)
                     (not (= ((_ extract 8 8) A6) #b0))
                     (= ((_ extract 13 13) W18) #b0)
                     (not ((_ bit2bool 0) P5))
                     a!34))
           (a!75 (or ((_ bit2bool 17) W18)
                     (not ((_ bit2bool 0) W18))
                     (not (= ((_ extract 8 8) A6) #b0))
                     (= ((_ extract 9 9) W18) #b0)
                     a!34))
           (a!77 (or (= A2 #b000000000)
                     (not (= F #b000000000000000000))
                     ((_ bit2bool 0) D2)
                     a!34
                     (not (= ((_ extract 4 4) D2) #b1))))
           (a!78 (or ((_ bit2bool 17) W18)
                     (not (= ((_ extract 1 1) P5) #b1))
                     (= ((_ extract 10 10) W18) #b0)
                     a!34))
           (a!79 (or ((_ bit2bool 17) W18)
                     (not (= ((_ extract 1 1) P5) #b1))
                     (= ((_ extract 13 13) W18) #b0)
                     a!34))
           (a!80 (or ((_ bit2bool 17) W18)
                     (not (= ((_ extract 4 4) P5) #b1))
                     (= ((_ extract 14 14) W18) #b0)
                     a!34))
           (a!81 (or (not (= M #b000000000000000000))
                     ((_ bit2bool 0) D2)
                     (not (= ((_ extract 4 1) E6) #x0))
                     (= ((_ extract 13 5) W18) A6)
                     (not (= ((_ extract 5 5) P5) #b1))
                     a!34))
           (a!83 (or ((_ bit2bool 17) W18)
                     (= ((_ extract 11 11) W18) #b0)
                     (not (= ((_ extract 5 5) P5) #b1))
                     a!34
                     (not (= ((_ extract 6 6) A6) #b0))))
           (a!84 (or ((_ bit2bool 17) W18)
                     (not (= ((_ extract 1 1) P5) #b1))
                     (= ((_ extract 14 14) W18) #b0)
                     a!34))
           (a!86 (or (not (= O7 #b000000000))
                     (not (= F7 #b1))
                     (not (= K5 (bvmul #b11111111111111111111111 a!23)))
                     (not (= ((_ extract 21 21) K5) #b1))))
           (a!87 (or ((_ bit2bool 17) W18)
                     (= ((_ extract 15 15) W18) #b0)
                     (not (= ((_ extract 5 5) P5) #b1))
                     a!34))
           (a!89 (or ((_ bit2bool 17) W18)
                     (not (= ((_ extract 8 8) A6) #b0))
                     (= ((_ extract 11 11) W18) #b0)
                     (not ((_ bit2bool 0) P5))
                     a!34))
           (a!91 (or ((_ bit2bool 17) W18)
                     (not (= ((_ extract 1 1) P5) #b1))
                     (= ((_ extract 15 15) W18) #b0)
                     a!34))
           (a!93 (or ((_ bit2bool 17) W18)
                     (not ((_ bit2bool 0) W18))
                     (not (= ((_ extract 8 8) A6) #b0))
                     (= ((_ extract 10 10) W18) #b0)
                     a!34))
           (a!94 (or ((_ bit2bool 17) W18)
                     (not (= ((_ extract 1 1) P5) #b1))
                     (= ((_ extract 11 11) W18) #b0)
                     a!34))
           (a!98 (or (= P5 #b000000100)
                     (= I5 #b00000000000000000000000)
                     a!1
                     a!2
                     a!3
                     a!4
                     a!5
                     a!7
                     a!8
                     (not (= ((_ extract 8 8) P5) #b0))
                     (not (= ((_ extract 1 1) E6) #b1))))
           (a!99 (or (= I5 #b00000000000000000000000)
                     a!4
                     (not (= P5 #b001000000))
                     (not (= ((_ extract 1 1) E6) #b1))))
           (a!100 (or (= P5 #b000001000)
                      (= I5 #b00000000000000000000000)
                      a!1
                      a!2
                      a!3
                      a!4
                      a!6
                      a!7
                      a!8
                      (not (= ((_ extract 8 8) P5) #b0))
                      (not (= ((_ extract 1 1) E6) #b1))))
           (a!101 (or (not (= ((_ extract 0 0) E6) #b0))
                      a!6
                      (not (= ((_ extract 4 1) E6) #x1))
                      (not (= P5 #b000000100))))
           (a!102 (or (not (= ((_ extract 0 0) E6) #b0))
                      a!2
                      ((_ bit2bool 2) E6)
                      ((_ bit2bool 3) E6)
                      (not (= P5 #b000100000))
                      (not (= ((_ extract 1 1) E6) #b1))))
           (a!109 (or (= P5 #b001000000)
                      (= I5 #b00000000000000000000000)
                      a!1
                      a!2
                      a!3
                      a!5
                      a!6
                      a!7
                      a!8
                      ((_ bit2bool 8) P5)
                      (not (= ((_ extract 1 1) E6) #b1))))
           (a!110 (or (= P5 #b010000000)
                      (= I5 #b00000000000000000000000)
                      a!1
                      a!2
                      a!4
                      a!5
                      a!6
                      a!7
                      a!8
                      ((_ bit2bool 8) P5)
                      (not (= ((_ extract 1 1) E6) #b1))))
           (a!111 (or (= P5 #b000100000)
                      (= I5 #b00000000000000000000000)
                      a!1
                      a!3
                      a!4
                      a!5
                      a!6
                      a!7
                      a!8
                      ((_ bit2bool 8) P5)
                      (not (= ((_ extract 1 1) E6) #b1))))
           (a!112 (or (= P5 #b000010000)
                      (= I5 #b00000000000000000000000)
                      a!1
                      a!2
                      a!3
                      a!4
                      a!5
                      a!6
                      a!8
                      ((_ bit2bool 8) P5)
                      (not (= ((_ extract 1 1) E6) #b1))))
           (a!113 (or (not (= ((_ extract 0 0) E6) #b0))
                      a!8
                      (not (= ((_ extract 4 1) E6) #x1))
                      (not (= P5 #b000000010))))
           (a!114 (or (not (= ((_ extract 0 0) E6) #b0))
                      a!4
                      (not (= ((_ extract 4 1) E6) #x1))
                      (not (= P5 #b001000000))))
           (a!115 (or (= I5 #b00000000000000000000000)
                      a!7
                      (not (= P5 #b000010000))
                      (not (= ((_ extract 1 1) E6) #b1))))
           (a!116 (or (not (= ((_ extract 0 0) E6) #b0))
                      a!5
                      (not (= P5 #b000001000))
                      (not (= ((_ extract 4 1) E6) #x1))))
           (a!117 (or (= I5 #b00000000000000000000000)
                      a!2
                      (not (= P5 #b000100000))
                      (not (= ((_ extract 1 1) E6) #b1))))
           (a!118 (or (= I5 #b00000000000000000000000)
                      a!3
                      (not (= P5 #b010000000))
                      (not (= ((_ extract 1 1) E6) #b1))))
           (a!119 (or (= P5 #b000000010)
                      (= I5 #b00000000000000000000000)
                      a!1
                      a!2
                      a!3
                      a!4
                      a!5
                      a!6
                      a!7
                      ((_ bit2bool 8) P5)
                      (not (= ((_ extract 1 1) E6) #b1)))))
     (let ((a!121 (and a!9
                       (or (= E6 #b0000000000)
                           ((_ bit2bool 8) E8)
                           ((_ bit2bool 8) P5)
                           (not ((_ bit2bool 17) H7)))
                       (or (= E6 #b0000000000)
                           ((_ bit2bool 8) P5)
                           ((_ bit2bool 8) A6)
                           (not ((_ bit2bool 17) W18)))
                       (or (= E6 #b0000000000)
                           ((_ bit2bool 8) P5)
                           ((_ bit2bool 8) V5)
                           (not ((_ bit2bool 17) B)))
                       (or (not (= A6 #b000000000))
                           (= W18 #b000000000000000000)
                           (not (= F7 #b1)))
                       a!11
                       (or (= E6 #b0000000000)
                           ((_ bit2bool 8) W6)
                           ((_ bit2bool 8) P5)
                           (not ((_ bit2bool 17) K)))
                       a!13
                       (or (not (= R6 #b000000000))
                           ((_ bit2bool 21) L7)
                           (not (= F7 #b1))
                           a!15)
                       (or (= E6 #b0000000000)
                           ((_ bit2bool 8) A2)
                           (not ((_ bit2bool 17) F))
                           ((_ bit2bool 8) P5))
                       a!16
                       (or (= E6 #b0000000000)
                           (not ((_ bit2bool 0) W18))
                           (= ((_ extract 0 0) P5) #b1))
                       a!17
                       (or (= E6 #b0000000000)
                           ((_ bit2bool 8) P5)
                           ((_ bit2bool 8) R6)
                           ((_ bit2bool 21) L7)
                           a!15)
                       (or (= E6 #b0000000000)
                           ((_ bit2bool 8) Y16)
                           ((_ bit2bool 21) W14)
                           ((_ bit2bool 8) P5)
                           a!19)
                       a!21
                       a!22
                       (or (= E6 #b0000000000)
                           (not (= P5 #b000000100))
                           (= ((_ extract 1 0) W18) #b00))
                       (or (= E6 #b0000000000)
                           ((_ bit2bool 8) O7)
                           ((_ bit2bool 8) P5)
                           ((_ bit2bool 22) K5)
                           a!24)
                       a!25
                       (or (= E6 #b0000000000)
                           (not (= P5 #b000010000))
                           (= ((_ extract 1 0) W18) #b00))
                       (or (= E6 #b0000000000)
                           (not (= P5 #b001000000))
                           (= ((_ extract 1 0) W18) #b00))
                       a!26
                       a!27
                       a!28
                       (or (= E6 #b0000000000)
                           ((_ bit2bool 8) E18)
                           ((_ bit2bool 8) P5)
                           (not ((_ bit2bool 17) M)))
                       a!29
                       (or (= E6 #b0000000000)
                           ((_ bit2bool 8) Y3)
                           ((_ bit2bool 21) I3)
                           ((_ bit2bool 8) P5)
                           a!30)
                       a!31
                       a!33
                       (or (= E6 #b0000000000)
                           (not (= P5 #b000001000))
                           (= ((_ extract 1 0) W18) #b00))
                       a!35
                       (or (not (= P5 #b000001000))
                           (= ((_ extract 2 0) W18) #b000)
                           a!34)
                       a!36
                       a!37
                       (or ((_ bit2bool 0) A6)
                           (not (= P5 #b000000100))
                           (= ((_ extract 2 0) W18) #b000)
                           a!34)
                       a!38
                       a!40
                       a!41
                       (or ((_ bit2bool 0) A6)
                           ((_ bit2bool 1) A6)
                           ((_ bit2bool 2) A6)
                           ((_ bit2bool 3) A6)
                           (= ((_ extract 3 0) W18) #x0)
                           a!34)
                       a!42
                       (or (not (= W6 #b000000000))
                           (not ((_ bit2bool 21) S4))
                           (not a!43))
                       a!44
                       a!46
                       (or (= E6 #b0000000000)
                           (not (= A6 #b000000000))
                           (= W18 #b000000000000000000))
                       (or (not (= P5 #b000100000))
                           ((_ bit2bool 17) W18)
                           (= ((_ extract 14 14) W18) #b0)
                           a!34)
                       (or (= E6 #b0000000000)
                           (not (= P5 #b000100000))
                           (= ((_ extract 4 0) W18) #b00000))
                       a!47
                       (or ((_ bit2bool 0) D2) (not (= A19 #b000000000)) a!45)
                       (or (= E6 #b0000000000)
                           (= R6 #b000000000)
                           (not (= A4 #b000000000000000000))
                           (= W18 #b000000000000000000))
                       a!48
                       a!49
                       (or (= E6 #b0000000000)
                           (not (= P5 #b000010000))
                           (= W18 #b000000000000000000)
                           (= ((_ extract 12 4) W18) A6))
                       a!50
                       (or (not (= X18 #b000000000)) ((_ bit2bool 0) D2) a!45)
                       (or ((_ bit2bool 0) D2) (not (= Y18 #b000000000)) a!45)
                       (or (= E6 #b0000000000)
                           (not (= M #b000000000000000000))
                           ((_ bit2bool 17) W18)
                           ((_ bit2bool 4) A6)
                           ((_ bit2bool 7) A6)
                           ((_ bit2bool 5) A6)
                           ((_ bit2bool 6) A6)
                           (= ((_ extract 11 11) W18) ((_ extract 8 8) E18)))
                       a!51
                       a!52
                       a!53
                       (or (= Y16 #b000000000)
                           (= E6 #b0000000000)
                           (not (= L3 #b000000000000000000))
                           (= W18 #b000000000000000000)
                           (not (= F7 #b1)))
                       a!54
                       a!56
                       a!57
                       a!58
                       a!59
                       a!60
                       a!61
                       a!62
                       a!63
                       a!64
                       a!65
                       (or (= E6 #b0000000000)
                           ((_ bit2bool 8) A6)
                           (not (= P5 #b000000100))
                           (= ((_ extract 14 14) W18) #b0))
                       a!66
                       a!67
                       a!68
                       a!69
                       (or (not (= P5 #b001000000))
                           (= ((_ extract 5 0) W18) #b000000)
                           a!34)
                       a!70
                       (or (= Y16 #b000000000)
                           (not (= L3 #b000000000000000000))
                           (= W18 #b000000000000000000)
                           a!34)
                       (or (not (= Y7 #b000000000))
                           ((_ bit2bool 21) I5)
                           (not (= F7 #b1))
                           a!71)
                       a!72
                       a!73
                       a!74
                       (or (= E6 #b0000000000)
                           (not (= P5 #b010000000))
                           (= ((_ extract 6 0) W18) #b0000000))
                       a!75
                       a!76
                       a!77
                       (or (= E6 #b0000000000)
                           ((_ bit2bool 4) A6)
                           ((_ bit2bool 0) A6)
                           ((_ bit2bool 1) A6)
                           ((_ bit2bool 2) A6)
                           ((_ bit2bool 3) A6)
                           (= ((_ extract 5 0) W18) #b000000)
                           (= ((_ extract 5 5) A6) #b1))
                       a!78
                       a!79
                       (or (= E6 #b0000000000)
                           (= W6 #b000000000)
                           (not (= K #b000000000000000000))
                           (= W18 #b000000000000000000))
                       (or (not (= P5 #b000010000))
                           (= ((_ extract 3 0) W18) #x0)
                           a!34)
                       a!80
                       a!81
                       a!82
                       a!83
                       a!84
                       a!85
                       a!86
                       a!87
                       a!88
                       a!89
                       a!90
                       a!91
                       a!92
                       a!93
                       a!94
                       a!95
                       (or (not (= P5 #b000000001))
                           ((_ bit2bool 8) A6)
                           (= ((_ extract 9 9) W18) #b0)
                           a!34)
                       a!96
                       a!97
                       a!98
                       a!99
                       a!100
                       a!101
                       a!102
                       (or (= E6 #b0000000000)
                           (not (= P5 #b010000000))
                           (= W18 #b000000000000000000)
                           (= A6 ((_ extract 15 7) W18)))
                       a!103
                       a!104
                       a!105
                       a!106
                       a!107
                       a!108
                       a!109
                       a!110
                       a!111
                       a!112
                       a!113
                       a!114
                       a!115
                       a!116
                       a!117
                       a!118
                       a!119
                       a!120)))
       (= (INV!slice!1 A
                       B
                       C
                       D
                       E
                       F
                       G
                       H
                       I
                       J
                       K
                       L
                       M
                       N
                       O
                       P
                       Q
                       R
                       S
                       T
                       U
                       V
                       W
                       X
                       Y
                       Z
                       A1
                       B1
                       C1
                       D1
                       E1
                       F1
                       G1
                       H1
                       I1
                       J1
                       K1
                       L1
                       M1
                       N1
                       O1
                       P1
                       Q1
                       R1
                       S1
                       T1
                       U1
                       V1
                       W1
                       X1
                       Y1
                       Z1
                       A2
                       B2
                       C2
                       D2
                       E2
                       F2
                       G2
                       H2
                       I2
                       J2
                       K2
                       L2
                       M2
                       N2
                       O2
                       P2
                       Q2
                       R2
                       S2
                       T2
                       U2
                       V2
                       W2
                       X2
                       Y2
                       Z2
                       A3
                       B3
                       C3
                       D3
                       E3
                       F3
                       G3
                       H3
                       I3
                       J3
                       K3
                       L3
                       M3
                       N3
                       O3
                       P3
                       Q3
                       R3
                       S3
                       T3
                       U3
                       V3
                       W3
                       X3
                       Y3
                       Z3
                       A4
                       B4
                       C4
                       D4
                       E4
                       F4
                       G4
                       H4
                       I4
                       J4
                       K4
                       L4
                       M4
                       N4
                       O4
                       P4
                       Q4
                       R4
                       S4
                       T4
                       U4
                       V4
                       W4
                       X4
                       Y4
                       Z4
                       A5
                       B5
                       C5
                       D5
                       E5
                       F5
                       G5
                       H5
                       I5
                       J5
                       K5
                       L5
                       M5
                       N5
                       O5
                       P5
                       Q5
                       R5
                       S5
                       T5
                       U5
                       V5
                       W5
                       X5
                       Y5
                       Z5
                       A6
                       B6
                       C6
                       D6
                       E6
                       F6
                       G6
                       H6
                       I6
                       J6
                       K6
                       L6
                       M6
                       N6
                       O6
                       P6
                       Q6
                       R6
                       S6
                       T6
                       U6
                       V6
                       W6
                       X6
                       Y6
                       Z6
                       A7
                       B7
                       C7
                       D7
                       E7
                       F7
                       G7
                       H7
                       I7
                       J7
                       K7
                       L7
                       M7
                       N7
                       O7
                       P7
                       Q7
                       R7
                       S7
                       T7
                       U7
                       V7
                       W7
                       X7
                       Y7
                       Z7
                       A8
                       B8
                       C8
                       D8
                       E8
                       F8
                       G8
                       H8
                       I8
                       J8
                       K8
                       L8
                       M8
                       N8
                       O8
                       P8
                       Q8
                       R8
                       S8
                       T8
                       U8
                       V8
                       W8
                       X8
                       Y8
                       Z8
                       A9
                       B9
                       C9
                       D9
                       E9
                       F9
                       G9
                       H9
                       I9
                       J9
                       K9
                       L9
                       M9
                       N9
                       O9
                       P9
                       Q9
                       R9
                       S9
                       T9
                       U9
                       V9
                       W9
                       X9
                       Y9
                       Z9
                       A10
                       B10
                       C10
                       D10
                       E10
                       F10
                       G10
                       H10
                       I10
                       J10
                       K10
                       L10
                       M10
                       N10
                       O10
                       P10
                       Q10
                       R10
                       S10
                       T10
                       U10
                       V10
                       W10
                       X10
                       Y10
                       Z10
                       A11
                       B11
                       C11
                       D11
                       E11
                       F11
                       G11
                       H11
                       I11
                       J11
                       K11
                       L11
                       M11
                       N11
                       O11
                       P11
                       Q11
                       R11
                       S11
                       T11
                       U11
                       V11
                       W11
                       X11
                       Y11
                       Z11
                       A12
                       B12
                       C12
                       D12
                       E12
                       F12
                       G12
                       H12
                       I12
                       J12
                       K12
                       L12
                       M12
                       N12
                       O12
                       P12
                       Q12
                       R12
                       S12
                       T12
                       U12
                       V12
                       W12
                       X12
                       Y12
                       Z12
                       A13
                       B13
                       C13
                       D13
                       E13
                       F13
                       G13
                       H13
                       I13
                       J13
                       K13
                       L13
                       M13
                       N13
                       O13
                       P13
                       Q13
                       R13
                       S13
                       T13
                       U13
                       V13
                       W13
                       X13
                       Y13
                       Z13
                       A14
                       B14
                       C14
                       D14
                       E14
                       F14
                       G14
                       H14
                       I14
                       J14
                       K14
                       L14
                       M14
                       N14
                       O14
                       P14
                       Q14
                       R14
                       S14
                       T14
                       U14
                       V14
                       W14
                       X14
                       Y14
                       Z14
                       A15
                       B15
                       C15
                       D15
                       E15
                       F15
                       G15
                       H15
                       I15
                       J15
                       K15
                       L15
                       M15
                       N15
                       O15
                       P15
                       Q15
                       R15
                       S15
                       T15
                       U15
                       V15
                       W15
                       X15
                       Y15
                       Z15
                       A16
                       B16
                       C16
                       D16
                       E16
                       F16
                       G16
                       H16
                       I16
                       J16
                       K16
                       L16
                       M16
                       N16
                       O16
                       P16
                       Q16
                       R16
                       S16
                       T16
                       U16
                       V16
                       W16
                       X16
                       Y16
                       Z16
                       A17
                       B17
                       C17
                       D17
                       E17
                       F17
                       G17
                       H17
                       I17
                       J17
                       K17
                       L17
                       M17
                       N17
                       O17
                       P17
                       Q17
                       R17
                       S17
                       T17
                       U17
                       V17
                       W17
                       X17
                       Y17
                       Z17
                       A18
                       B18
                       C18
                       D18
                       E18
                       F18
                       G18
                       H18
                       I18
                       J18
                       K18
                       L18
                       M18
                       N18
                       O18
                       P18
                       Q18
                       R18
                       S18
                       T18
                       U18
                       V18
                       W18
                       X18
                       Y18
                       Z18
                       A19
                       B19
                       C19
                       D19
                       E19
                       F19
                       G19
                       H19
                       I19
                       J19)
          a!121))))
     :weight 0))
