unsat
(forall ((A (_ BitVec 1))
         (B (_ BitVec 1))
         (C (_ BitVec 1))
         (D (_ BitVec 1))
         (E (_ BitVec 1))
         (F (_ BitVec 32))
         (G (_ BitVec 1))
         (H (_ BitVec 1))
         (I (_ BitVec 32))
         (J (_ BitVec 1))
         (K (_ BitVec 1))
         (L (_ BitVec 22))
         (M (_ BitVec 1))
         (N (_ BitVec 2))
         (O (_ BitVec 1))
         (P (_ BitVec 6))
         (Q (_ BitVec 6))
         (R (_ BitVec 1))
         (S (_ BitVec 1))
         (T (_ BitVec 1))
         (U (_ BitVec 1))
         (V (_ BitVec 34))
         (W (_ BitVec 1))
         (X (_ BitVec 1))
         (Y (_ BitVec 1))
         (Z (_ BitVec 2))
         (A1 (_ BitVec 6))
         (B1 (_ BitVec 1))
         (C1 (_ BitVec 1))
         (D1 (_ BitVec 2))
         (E1 (_ BitVec 1))
         (F1 (_ BitVec 1))
         (G1 (_ BitVec 1))
         (H1 (_ BitVec 1))
         (I1 (_ BitVec 1))
         (J1 (_ BitVec 1))
         (K1 (_ BitVec 1))
         (L1 (_ BitVec 22))
         (M1 (_ BitVec 10))
         (N1 (_ BitVec 3))
         (O1 (_ BitVec 1))
         (P1 (_ BitVec 1))
         (Q1 (_ BitVec 1))
         (R1 (_ BitVec 1))
         (S1 (_ BitVec 1))
         (T1 (_ BitVec 32))
         (U1 (_ BitVec 1))
         (V1 (_ BitVec 1))
         (W1 (_ BitVec 1))
         (X1 (_ BitVec 1))
         (Y1 (_ BitVec 32))
         (Z1 (_ BitVec 1))
         (A2 (_ BitVec 2))
         (B2 (_ BitVec 1))
         (C2 (_ BitVec 22))
         (D2 (_ BitVec 1)))
  (! (let ((a!1 (or (= O #b0)
                    (not (bvule ((_ extract 4 0) A1) #b10001))
                    (not (= ((_ extract 5 5) A1) #b0))))
           (a!2 (or (not (= A1 #b000010)) (= H1 #b0) (= G #b0)))
           (a!4 (or (not (= A1 #b000001)) (= H1 #b0) (= G #b0)))
           (a!6 (or (not (= K1 #b1)) (not (= ((_ extract 1 1) N1) #b1))))
           (a!7 (ite (= O #b1)
                     (= ((_ extract 31 31) V) #b1)
                     (= ((_ extract 33 33) V) #b1)))
           (a!8 (or (not (= N1 #b001))
                    (not ((_ bit2bool 0) Q1))
                    (and (not (= A1 #b000000)) (not (= O #b1)))))
           (a!9 (and (not (= A1 #b000000)) (not (= H1 #b0)) (not (= S1 #b0))))
           (a!11 (or (not (= ((_ extract 5 1) A1) #b00000)) (= F1 #b0)))
           (a!13 (or (= T #b1)
                     (= Z #b00)
                     (not (= F1 #b1))
                     (not (= ((_ extract 33 33) V) #b1))))
           (a!14 (or (= O #b0)
                     (not (= T #b1))
                     (= G1 #b1)
                     (not ((_ bit2bool 2) M1))
                     ((_ bit2bool 0) E1)
                     (not (= F1 #b1))
                     (= ((_ extract 0 0) Z) #b1)
                     (not (= ((_ extract 0 0) A1) #b1))))
           (a!15 (or (not (= ((_ extract 1 1) Z) #b1))
                     (not (= Q1 #b1))
                     (not ((_ bit2bool 0) X))))
           (a!16 (ite (= O #b1)
                      (= ((_ extract 1 1) M1) #b0)
                      (= ((_ extract 2 2) M1) #b0)))
           (a!17 (or (not (= ((_ extract 5 5) A1) #b0))
                     (not (= ((_ extract 0 0) A1) #b0))
                     (not (= ((_ extract 3 3) A1) #b0))
                     (not (= ((_ extract 2 2) A1) #b0))
                     (not (= ((_ extract 1 1) A1) #b0))
                     (not (= ((_ extract 4 4) A1) #b0))))
           (a!20 (not (ite (or (= O #b1) (= A1 #b000000))
                           (= ((_ extract 5 1) A1) #b00000)
                           (= Q1 #b0))))
           (a!22 (or (= ((_ extract 1 1) Z) #b1)
                     (not (= G #b1))
                     (= ((_ extract 0 0) N1) #b1)
                     (not (= L (bvadd #b0000000000000000000001 L1)))))
           (a!23 (or (not (= W #b0))
                     (not (= ((_ extract 1 1) N1) #b1))
                     ((_ bit2bool 0) S1)
                     (not ((_ bit2bool 0) Y))))
           (a!25 (or (not (= ((_ extract 0 0) A1) #b0))
                     (not (= ((_ extract 3 3) A1) #b0))
                     (not (= ((_ extract 2 2) A1) #b0))
                     (not (= ((_ extract 1 1) A1) #b0))
                     (not (= ((_ extract 4 4) A1) #b0))))
           (a!29 (or (not (= E1 #b1)) (not (= ((_ extract 0 0) N1) #b1))))
           (a!30 (or (not (= ((_ extract 1 1) N1) #b1)) (= H1 #b0)))
           (a!31 (or (= O #b0)
                     (and (= ((_ extract 4 4) A1) #b0)
                          (= ((_ extract 3 3) A1) #b0)
                          (= ((_ extract 2 2) A1) #b0)
                          (= ((_ extract 1 1) A1) #b0)
                          (= ((_ extract 0 0) A1) #b0)
                          (= ((_ extract 5 5) A1) #b0))))
           (a!33 (ite (= O #b1)
                      (= ((_ extract 0 0) M1) #b0)
                      (= ((_ extract 1 1) M1) #b0)))
           (a!36 (ite (= O #b1)
                      (= ((_ extract 26 26) V) #b1)
                      (= ((_ extract 28 28) V) #b1)))
           (a!37 (not (= (ite (= O #b1)
                              ((_ extract 31 31) V)
                              ((_ extract 33 33) V))
                         ((_ extract 0 0) T1))))
           (a!38 (not (= (ite (= O #b1)
                              ((_ extract 30 30) V)
                              ((_ extract 32 32) V))
                         (ite (= O #b1)
                              ((_ extract 31 31) V)
                              ((_ extract 33 33) V)))))
           (a!39 (not (= (ite (= O #b1)
                              ((_ extract 29 29) V)
                              ((_ extract 31 31) V))
                         (ite (= O #b1)
                              ((_ extract 27 27) V)
                              ((_ extract 29 29) V)))))
           (a!40 (not (= (ite (= O #b1)
                              ((_ extract 27 27) V)
                              ((_ extract 29 29) V))
                         (ite (= O #b1)
                              ((_ extract 30 30) V)
                              ((_ extract 32 32) V)))))
           (a!41 (not (= (ite (= O #b1)
                              ((_ extract 26 26) V)
                              ((_ extract 28 28) V))
                         (ite (= O #b1)
                              ((_ extract 29 29) V)
                              ((_ extract 31 31) V)))))
           (a!42 (not (= (ite (= O #b1)
                              ((_ extract 29 29) V)
                              ((_ extract 31 31) V))
                         (ite (= O #b1)
                              ((_ extract 28 28) V)
                              ((_ extract 30 30) V)))))
           (a!45 (= (concat ((_ extract 2 0) T1)
                            (ite (= O #b1)
                                 ((_ extract 31 30) V)
                                 ((_ extract 33 32) V)))
                    ((_ extract 4 0) T1)))
           (a!50 (not (= ((_ extract 1 0) T1)
                         (ite (= O #b1)
                              ((_ extract 31 30) V)
                              ((_ extract 33 32) V)))))
           (a!51 (not (= (ite (= O #b1)
                              ((_ extract 29 28) V)
                              ((_ extract 31 30) V))
                         ((_ extract 1 0) T1))))
           (a!55 (not (= T1
                         (concat ((_ extract 31 17) T1)
                                 ((_ extract 14 6) T1)
                                 ((_ extract 6 0) T1)
                                 #b0))))
           (a!56 (or (= ((_ extract 2 2) M1) #b0)
                     (not (= ((_ extract 5 5) A1) #b0))
                     ((_ bit2bool 13) T1)
                     ((_ bit2bool 14) T1)
                     (= ((_ extract 0 0) Z) #b1)
                     (not (= ((_ extract 1 1) N1) #b1))
                     ((_ bit2bool 4) A1)
                     (not (= ((_ extract 16 2) T1) ((_ extract 14 0) T1)))))
           (a!57 (or (not (= W #b0))
                     (not ((_ bit2bool 2) M1))
                     (= Q P)
                     (= ((_ extract 0 0) Z) #b1)
                     (not (= ((_ extract 0 0) N1) #b1))
                     (not (= ((_ extract 16 8) T1) ((_ extract 15 7) T1)))))
           (a!58 (or (not (= W #b0))
                     ((_ bit2bool 13) T1)
                     ((_ bit2bool 14) T1)
                     (not (= N1 #b100))
                     (not ((_ bit2bool 2) M1))
                     (= Q P)
                     (= ((_ extract 0 0) Z) #b1)
                     (not (= ((_ extract 16 8) T1) ((_ extract 14 6) T1)))))
           (a!59 (ite (= O #b1)
                      (= ((_ extract 2 2) M1) #b0)
                      (= ((_ extract 3 3) M1) #b0)))
           (a!60 (ite (= O #b1)
                      (= ((_ extract 30 30) V) #b1)
                      (= ((_ extract 32 32) V) #b1)))
           (a!61 (not (= (ite (= O #b1)
                              ((_ extract 31 30) V)
                              ((_ extract 33 32) V))
                         ((_ extract 1 0) T1))))
           (a!64 (not (= T1 (concat ((_ extract 29 0) T1) A2))))
           (a!65 (not (= (concat ((_ extract 31 17) T1)
                                 ((_ extract 14 6) T1)
                                 ((_ extract 6 0) T1)
                                 #b0)
                         T1)))
           (a!66 (not (= T1
                         (concat ((_ extract 31 17) T1)
                                 ((_ extract 15 0) T1)
                                 ((_ extract 1 1) A2)))))
           (a!69 (= T1
                    (concat ((_ extract 31 17) T1)
                            ((_ extract 14 0) T1)
                            (ite (= O #b1)
                                 ((_ extract 31 30) V)
                                 ((_ extract 33 32) V)))))
           (a!71 (concat ((_ extract 31 17) T1)
                         ((_ extract 15 7) T1)
                         ((_ extract 5 0) T1)
                         (ite (= O #b1)
                              ((_ extract 31 30) V)
                              ((_ extract 33 32) V))))
           (a!73 (not (= ((_ extract 0 0) T1)
                         (ite (= O #b1)
                              ((_ extract 31 31) V)
                              ((_ extract 33 33) V)))))
           (a!74 (= (ite (= Q1 #b1)
                         (ite (= O #b1)
                              ((_ extract 30 30) V)
                              ((_ extract 32 32) V))
                         #b0)
                    (ite (= ((_ extract 0 0) A2) #b1) #b1 #b0)))
           (a!75 (not (= (concat ((_ extract 31 17) T1)
                                 ((_ extract 14 6) T1)
                                 ((_ extract 6 0) T1)
                                 ((_ extract 1 1) A2))
                         T1)))
           (a!76 (not (= (concat ((_ extract 29 6) T1) ((_ extract 7 0) T1)) T1)))
           (a!80 (not (ite (= O #b1)
                           (= ((_ extract 31 31) V) #b0)
                           (= ((_ extract 33 33) V) #b0))))
           (a!82 (not (= (concat ((_ extract 31 17) T1)
                                 ((_ extract 15 7) T1)
                                 ((_ extract 5 0) T1)
                                 A2)
                         T1)))
           (a!84 (or (not (= W #b0))
                     (not (= V1 #b1))
                     (not (= N1 #b001))
                     (not ((_ bit2bool 2) M1))
                     (= Q P)
                     (not (= ((_ extract 16 2) T1) ((_ extract 14 0) T1)))))
           (a!85 (or (= ((_ extract 2 2) M1) #b0)
                     (not (= W #b0))
                     ((_ bit2bool 19) T1)
                     ((_ bit2bool 22) T1)
                     ((_ bit2bool 26) T1)
                     ((_ bit2bool 29) T1)
                     (not (= K #b0))
                     ((_ bit2bool 21) T1)
                     ((_ bit2bool 23) T1)
                     ((_ bit2bool 24) T1)
                     ((_ bit2bool 25) T1)
                     ((_ bit2bool 27) T1)
                     ((_ bit2bool 17) T1)
                     ((_ bit2bool 18) T1)
                     ((_ bit2bool 20) T1)
                     ((_ bit2bool 28) T1)
                     ((_ bit2bool 30) T1)
                     (not (= O #b1))
                     (= Q P)
                     (= ((_ extract 0 0) T1) #b1)
                     (not (= ((_ extract 16 1) T1) ((_ extract 15 0) T1)))))
           (a!95 (or (= O #b0)
                     (not (bvule ((_ extract 4 0) A1) #b10001))
                     (not (= ((_ extract 5 5) A1) #b0))
                     (not (or (= S #b0) (= F1 #b0)))))
           (a!97 (or (not (= ((_ extract 1 1) Z) #b1))
                     (not ((_ bit2bool 0) M1))))
           (a!105 (not (or (= G #b0) (not (= A1 #b000010)))))
           (a!106 (not (or (= G #b0) (not (= A1 #b000001))))))
     (let ((a!3 (and a!2 (not (= ((_ extract 5 1) A1) #b00000))))
           (a!10 (or (not (= N1 #b001))
                     (and (not (= F1 #b0)) (not (= T #b1)))
                     (= ((_ extract 0 0) Z) #b1)
                     (not ((_ bit2bool 0) Q1))
                     a!9))
           (a!12 (ite (or (= O #b0) (= S1 #b0))
                      (= S1 #b1)
                      (or (= ((_ extract 5 1) A1) #b00000) (not a!11))))
           (a!18 (ite (or (= O #b0) (not a!17)) A1 (bvadd #b111111 A1)))
           (a!19 (= (ite (or (= O #b0) (not a!17))
                         ((_ extract 5 1) A1)
                         ((_ extract 5 1) (bvadd #b111111 A1)))
                    #b00000))
           (a!21 (or (not (= ((_ extract 0 0) N1) #b1)) a!16 a!20))
           (a!24 (or a!16
                     (ite (= O #b1)
                          (= ((_ extract 3 3) M1) #b0)
                          (= ((_ extract 4 4) M1) #b0))))
           (a!26 (= (ite a!25
                         ((_ extract 5 1) (bvadd #b111111 A1))
                         ((_ extract 5 1) A1))
                    #b00000))
           (a!32 (ite a!31
                      (= ((_ extract 1 1) A1) #b0)
                      (= ((_ extract 1 1) (bvadd #b111111 A1)) #b0)))
           (a!43 (or (not (= W #b0))
                     ((_ bit2bool 0) E1)
                     a!33
                     (not (= (ite a!1 Z #b11) #b10))
                     a!36
                     (not (= ((_ extract 4 4) T1) V1))
                     a!37
                     a!38
                     a!39
                     a!40
                     (not (= ((_ extract 3 0) T1) ((_ extract 4 1) T1)))
                     a!41
                     a!42))
           (a!44 (ite a!31
                      (= ((_ extract 5 5) A1) #b0)
                      (= ((_ extract 5 5) (bvadd #b111111 A1)) #b0)))
           (a!47 (bvule (ite (or (= O #b0) (not a!17))
                             ((_ extract 4 0) A1)
                             (bvadd #b11111 ((_ extract 4 0) A1)))
                        #b10001))
           (a!49 (ite a!31
                      (= ((_ extract 2 2) A1) #b0)
                      (= ((_ extract 2 2) (bvadd #b111111 A1)) #b0)))
           (a!53 (or ((_ bit2bool 0) Q1)
                     (not (= ((_ extract 0 0) N1) #b1))
                     a!33))
           (a!54 (or (not (= W #b0))
                     (not (= V1 #b1))
                     (= Q P)
                     (not (= ((_ extract 1 1) N1) #b1))
                     a!16
                     (not (= ((_ extract 14 9) T1) #b000010))))
           (a!62 (or (not (= W #b0))
                     (= Q P)
                     (= ((_ extract 0 0) Z) #b1)
                     a!59
                     a!60
                     a!61
                     (not (= ((_ extract 15 0) T1) ((_ extract 16 1) T1)))))
           (a!63 (or (not (= W #b0))
                     (not (= V1 #b1))
                     (= Q P)
                     (not (= ((_ extract 1 1) N1) #b1))
                     a!16
                     (not (= ((_ extract 16 2) T1) ((_ extract 14 0) T1)))))
           (a!67 (or (not (= ((_ extract 5 5) A1) #b0))
                     ((_ bit2bool 13) T1)
                     (not ((_ bit2bool 1) M1))
                     (not (= N1 #b001))
                     (= ((_ extract 0 0) Z) #b1)
                     a!66))
           (a!68 (or (not (= W #b0))
                     ((_ bit2bool 8) T1)
                     ((_ bit2bool 9) T1)
                     ((_ bit2bool 7) T1)
                     ((_ bit2bool 10) T1)
                     ((_ bit2bool 13) T1)
                     ((_ bit2bool 16) T1)
                     ((_ bit2bool 14) T1)
                     ((_ bit2bool 15) T1)
                     ((_ bit2bool 4) T1)
                     ((_ bit2bool 5) T1)
                     ((_ bit2bool 6) T1)
                     ((_ bit2bool 0) T1)
                     ((_ bit2bool 1) T1)
                     ((_ bit2bool 2) T1)
                     ((_ bit2bool 3) T1)
                     ((_ bit2bool 11) T1)
                     ((_ bit2bool 12) T1)
                     (= Q P)
                     (not (= ((_ extract 1 1) A2) #b0))
                     (= ((_ extract 0 0) Z) #b1)
                     a!16))
           (a!70 (or (not (= W #b0))
                     (not (= K #b0))
                     (= S1 #b1)
                     (= Q P)
                     a!16
                     a!60
                     (not (= ((_ extract 16 1) T1) ((_ extract 15 0) T1)))
                     a!64
                     (not a!69)))
           (a!72 (or (not (= W #b0))
                     (not (= K #b0))
                     (= Q P)
                     (not (= ((_ extract 1 1) N1) #b1))
                     a!16
                     a!60
                     a!64
                     (not (= T1 a!71))))
           (a!77 (or (not (= W #b0))
                     (not (= K #b0))
                     (= Q P)
                     (not (= ((_ extract 0 0) N1) #b1))
                     a!16
                     a!60
                     (not (= ((_ extract 16 2) T1) ((_ extract 14 0) T1)))
                     (not (= T1 a!71))
                     (not (= ((_ extract 29 15) T1) ((_ extract 30 16) T1)))))
           (a!78 (or (not (= W #b0))
                     (not (= K #b0))
                     (= Q P)
                     (not (= ((_ extract 1 1) N1) #b1))
                     a!16
                     a!60
                     (not (= ((_ extract 16 8) T1) ((_ extract 14 6) T1)))
                     (not (= T1 a!71))
                     (not (= ((_ extract 29 15) T1) ((_ extract 30 16) T1)))))
           (a!79 (or (not (= W #b0))
                     (not (= K #b0))
                     (not (= N1 #b100))
                     (= Q P)
                     a!16
                     a!60
                     (not (= ((_ extract 16 8) T1) ((_ extract 14 6) T1)))
                     (not (= T1 a!71))
                     (not (= ((_ extract 29 15) T1) ((_ extract 30 16) T1)))))
           (a!81 (or (not (= W #b0))
                     (not (= K #b0))
                     (not (= N1 #b010))
                     (= Q P)
                     a!16
                     (not (= ((_ extract 16 1) T1) ((_ extract 15 0) T1)))
                     (not (= T1 a!71))
                     a!80
                     (not (= ((_ extract 29 15) T1) ((_ extract 30 16) T1)))))
           (a!83 (or (not (= W #b0))
                     (not (= K #b0))
                     (not (= N1 #b001))
                     (= Q P)
                     a!16
                     a!60
                     a!73
                     (not a!74)
                     a!75
                     (not (= ((_ extract 29 15) T1) ((_ extract 30 16) T1)))
                     a!82))
           (a!86 (ite (or (= O #b0) (not a!17))
                      (= ((_ extract 5 5) A1) #b0)
                      (= ((_ extract 5 5) (bvadd #b111111 A1)) #b0)))
           (a!88 (ite (or (= O #b0) (not a!17))
                      (= ((_ extract 4 4) A1) #b0)
                      (= ((_ extract 4 4) (bvadd #b111111 A1)) #b0)))
           (a!89 (ite (or (= O #b0) (not a!17))
                      (= ((_ extract 3 3) A1) #b0)
                      (= ((_ extract 3 3) (bvadd #b111111 A1)) #b0)))
           (a!90 (ite (or (= O #b0) (not a!17))
                      (= ((_ extract 2 2) A1) #b0)
                      (= ((_ extract 2 2) (bvadd #b111111 A1)) #b0)))
           (a!91 (ite (or (= O #b0) (not a!17))
                      (= ((_ extract 1 1) A1) #b0)
                      (= ((_ extract 1 1) (bvadd #b111111 A1)) #b0)))
           (a!92 (not (ite (or (= O #b0) (not a!17))
                           (= ((_ extract 0 0) A1) #b0)
                           (= ((_ extract 0 0) A1) #b1))))
           (a!96 (= (ite (or (= F1 #b0) (= T #b1)) (ite a!95 Z #b11) #b00) #b10))
           (a!101 (ite a!31
                       (= ((_ extract 3 3) A1) #b0)
                       (= ((_ extract 3 3) (bvadd #b111111 A1)) #b0)))
           (a!103 (ite (or (= O #b1) (= A1 #b000000))
                       (or (not a!2) (= ((_ extract 5 1) A1) #b00000))
                       (not a!4)))
           (a!104 (or (not (= ((_ extract 0 0) N1) #b1))
                      a!16
                      (not (= T1 #x00000000))))
           (a!107 (ite (= O #b1)
                       (or a!105 (= ((_ extract 5 1) A1) #b00000))
                       a!106))
           (a!108 (or (not (= W #b0))
                      (not (= F1 #b0))
                      (not (= K #b0))
                      (not (= ((_ extract 1 1) N1) #b1))
                      a!16
                      (not a!7)))
           (a!109 (ite a!31
                       (= ((_ extract 4 4) A1) #b0)
                       (= ((_ extract 4 4) (bvadd #b111111 A1)) #b0))))
     (let ((a!5 (not (ite (or (= O #b1) (= A1 #b000000)) a!3 a!4)))
           (a!27 (or (not (= ((_ extract 0 0) N1) #b1)) a!16 (not a!19)))
           (a!28 (or (not (= ((_ extract 1 1) N1) #b1)) a!16 (not a!19)))
           (a!34 (or (= Q P)
                     (not (= ((_ extract 1 1) N1) #b1))
                     a!32
                     a!33
                     (= ((_ extract 1 1) (bvadd #b111111 a!18)) #b0)))
           (a!35 (or (not (= B1 #b0))
                     (= ((_ extract 0 0) Z) #b1)
                     a!32
                     (and (not (= O #b0))
                          (bvule ((_ extract 4 0) A1) #b10001)
                          (= ((_ extract 5 5) A1) #b0)
                          (or (= S #b0) (= F1 #b0)))))
           (a!46 (or (not (= W #b0))
                     (not (= N1 #b100))
                     a!44
                     a!33
                     a!36
                     (not (= ((_ extract 4 4) T1) V1))
                     (not a!45)
                     a!39
                     a!40
                     (not (= ((_ extract 3 0) T1) ((_ extract 4 1) T1)))
                     a!41
                     a!42))
           (a!48 (or (not (= B1 #b0))
                     a!44
                     (ite (or (= O #b0) (= S1 #b0))
                          (= S1 #b1)
                          (= ((_ extract 5 1) A1) #b00000))
                     (= ((_ extract 2 2) (bvadd #b111111 a!18)) #b0)))
           (a!52 (or (not (= W #b0))
                     (not (= K #b0))
                     (not (= N1 #b100))
                     (= Q P)
                     a!49
                     a!16
                     (ite (= O #b1)
                          (= ((_ extract 28 28) V) #b1)
                          (= ((_ extract 30 30) V) #b1))
                     (not (= (ite a!1 Z #b11) #b10))
                     (not (= ((_ extract 6 6) T1) V1))
                     (not (= ((_ extract 14 9) T1) #b000010))
                     (not (= ((_ extract 6 0) T1) ((_ extract 7 1) T1)))
                     a!50
                     a!51
                     (= ((_ extract 2 2) (bvadd #b111111 a!18)) #b0)))
           (a!87 (or (= P1 #b0)
                     (not (= J #b0))
                     (not (= ((_ extract 1 1) N1) #b1))
                     a!16
                     (and a!47 a!86)))
           (a!93 (ite (or (not a!86)
                          (not a!88)
                          (not a!89)
                          (not a!90)
                          (not a!91)
                          a!92)
                      (bvadd #b111111 a!18)
                      a!18))
           (a!98 (or (not (= K #b0))
                     a!33
                     (= ((_ extract 3 3) (bvadd #b111111 a!18)) #b0)))
           (a!99 (or (not (= K #b0))
                     (not (= V1 #b1))
                     (not (= N1 #b100))
                     a!33
                     (= ((_ extract 3 3) (bvadd #b111110 a!18)) #b0)))
           (a!100 (or (not (= K #b0))
                      (not (= V1 #b1))
                      (not (= ((_ extract 1 1) N1) #b1))
                      a!33
                      (= ((_ extract 3 3) (bvadd #b111110 a!18)) #b0)))
           (a!102 (or (not (= ((_ extract 0 0) N1) #b1)) a!49 a!33))
           (a!110 (or (not (= ((_ extract 1 1) N1) #b1)) a!109 a!16)))
     (let ((a!94 (or (not (= ((_ extract 1 1) N1) #b1))
                     a!33
                     (not (= (ite a!1 Z #b11) #b10))
                     (not ((_ bit2bool 2) a!93))))
           (a!111 (or (not ((_ bit2bool 0) M1))
                      (not (= ((_ extract 0 0) N1) #b1))
                      (not ((_ bit2bool 1) a!93)))))
     (let ((a!112 (and (or (= A1 #b000111) (= ((_ extract 2 2) M1) #b0))
                       (not (= C1 #b1))
                       (or (= N1 #b000) (not (= O #b1)))
                       (or (not ((_ bit2bool 32) V)) (= B1 #b1))
                       (or (= Y #b0)
                           (not (= W #b0))
                           ((_ bit2bool 0) Q1)
                           ((_ bit2bool 0) S1))
                       (or (= Y #b0)
                           (not (= K #b0))
                           ((_ bit2bool 0) S1)
                           (not ((_ bit2bool 0) X)))
                       (or (not (= J #b0)) (= G #b0))
                       (or ((_ bit2bool 0) B1) (not (= Q1 #b0)) (= G #b0))
                       (or (not ((_ bit2bool 0) E1)) (not (= A1 #b000000)))
                       (or (not (= N1 #b001)) (not (= H1 #b0)))
                       (or (not (= F1 #b0))
                           (not (= K #b0))
                           ((_ bit2bool 0) E1)
                           (= ((_ extract 0 0) Z) #b1)
                           (= (ite a!1 #b00 #b11) #b00)
                           a!5)
                       (or ((_ bit2bool 1) Z) (= Z #b00))
                       (or (not (= U #b1)) (= ((_ extract 1 1) N1) #b1))
                       (or (not (= V1 #b1)) (not ((_ bit2bool 0) X)))
                       (or (= G1 #b1)
                           (not (= F1 #b0))
                           ((_ bit2bool 0) E1)
                           (= ((_ extract 0 0) Z) #b1)
                           (= (ite a!1 #b00 #b11) #b00)
                           a!5)
                       (or ((_ bit2bool 0) W) (not (= G #b1)))
                       (or (= ((_ extract 1 1) Z) #b1)
                           (= G1 #b1)
                           (not (= B1 #b0))
                           (not (= Q1 #b1))
                           (= ((_ extract 0 0) N1) #b1))
                       (or (not (= V1 #b1)) (not (= K1 #b1)))
                       a!6
                       (or (not (= K1 #b1)) (= ((_ extract 2 2) N1) #b1))
                       (or (not (= A1 #b000000))
                           (not (= Q1 #b1))
                           (= ((_ extract 0 0) N1) #b1))
                       (or (= O #b0) ((_ bit2bool 0) J) (not (= R #b1)))
                       (or ((_ bit2bool 0) Q1) (= ((_ extract 5 1) A1) #b00000))
                       (or (not (= G1 #b1))
                           (not (= F1 #b0))
                           (not (= B1 #b0))
                           (not (= Z1 #b1))
                           (not ((_ bit2bool 0) Q1)))
                       (or (= Z #b00) (not (= K1 #b1)))
                       (or (= N1 #b000) (not (= B1 #b0)) (not a!7))
                       a!8
                       (or (= F1 #b0) (= G #b0))
                       (or (= ((_ extract 1 1) Z) #b1)
                           (not ((_ bit2bool 2) A1))
                           (not (= B1 #b0)))
                       a!10
                       (or (not (= N1 #b010)) ((_ bit2bool 0) Z) a!12)
                       (or (not (= W #b0))
                           (not (= F1 #b0))
                           (not (= R #b1))
                           (not (= K #b0))
                           (= ((_ extract 0 0) Z) #b1))
                       a!13
                       (or (= O #b0) (not (= A1 #b000001)) (not (= E1 #b0)))
                       (or (= ((_ extract 1 1) Z) #b1)
                           (= O #b0)
                           (not (= B1 #b0))
                           (not (= Q1 #b1))
                           ((_ bit2bool 3) A1))
                       (or (not (= G1 #b1))
                           (not (= F1 #b0))
                           (= Q P)
                           (not (= Q1 #b1)))
                       (or (not (= B1 #b0))
                           (not (= V #b0000000000000000000000000000100000)))
                       (or (= Z #b00)
                           (not (= B1 #b0))
                           (not ((_ bit2bool 2) L))
                           (not ((_ bit2bool 0) L))
                           ((_ bit2bool 12) V))
                       (or (= Z #b00)
                           ((_ bit2bool 23) V)
                           (not (= B1 #b0))
                           (not ((_ bit2bool 13) L))
                           (not ((_ bit2bool 0) L)))
                       (or (not ((_ bit2bool 0) M1)) (not (= V1 #b0)))
                       a!14
                       a!15
                       (or (= G1 #b1)
                           (not (= B1 #b0))
                           (not (= F1 #b1))
                           (not (= Q1 #b1)))
                       (or (= Z #b00)
                           (not (= B1 #b0))
                           (not (= F1 #b1))
                           (not (= Q1 #b1))
                           (= ((_ extract 2 2) A1) #b1))
                       (or (not (= W #b0))
                           ((_ bit2bool 0) E1)
                           a!16
                           (= a!18 #b000000)
                           (not a!19))
                       (or (not (= G1 #b1))
                           ((_ bit2bool 0) S1)
                           (not ((_ bit2bool 0) Y))
                           (not (= U #b1)))
                       (or (not (= G1 #b1))
                           (= ((_ extract 0 0) N1) #b1)
                           ((_ bit2bool 0) S1)
                           (not ((_ bit2bool 0) Y)))
                       a!21
                       (or (not ((_ bit2bool 0) X)) (not ((_ bit2bool 3) M1)))
                       a!22
                       (or (not ((_ bit2bool 5) A1)) (not ((_ bit2bool 4) A1)))
                       (or (= ((_ extract 1 1) Z) #b1)
                           (= O #b0)
                           ((_ bit2bool 0) S1)
                           (not ((_ bit2bool 0) Y)))
                       (or (= ((_ extract 1 1) Z) #b1)
                           (not (= F1 #b0))
                           (not (= V1 #b1))
                           (not (= Q1 #b1)))
                       a!23
                       (or (not (= W #b0))
                           (= ((_ extract 0 0) N1) #b1)
                           ((_ bit2bool 0) S1)
                           (not ((_ bit2bool 0) Y)))
                       (or (= T #b1) (= G1 #b1) (= Z #b00) (not (= F1 #b1)))
                       (or (not (= Z #b10)) (not (= O #b1)) ((_ bit2bool 0) S1))
                       a!24
                       (or (= Z #b00) (= Z #b10) (not ((_ bit2bool 5) A1)))
                       (or (not (= N1 #b010))
                           (not (= S1 #b0))
                           (= ((_ extract 4 4) A1) #b1))
                       (or (not (= N1 #b001))
                           (not (= S1 #b0))
                           (= ((_ extract 4 4) A1) #b1))
                       (or (not (= Q1 #b1)) a!16 (not a!26))
                       a!27
                       (or (not (= N1 #b100)) (not a!19) a!16)
                       a!28
                       (or (= O #b0)
                           (not ((_ bit2bool 2) M1))
                           ((_ bit2bool 0) E1)
                           (not ((_ bit2bool 0) S1)))
                       (or (= T #b1)
                           (= Z #b00)
                           (not (= K #b0))
                           (not (= F1 #b1)))
                       (or (not (= U #b0)) (not (= N1 #b011)))
                       (or (not (= W #b0))
                           (not (= N1 #b010))
                           ((_ bit2bool 0) S1))
                       (or (= O #b0)
                           (not (= W #b0))
                           (not ((_ bit2bool 2) M1))
                           ((_ bit2bool 0) E1))
                       (or (= ((_ extract 0 0) N1) #b1) (not (= H1 #b1)))
                       a!29
                       a!30
                       (or (not ((_ bit2bool 1) N1)) (not (= E1 #b1)))
                       a!34
                       (or (= G1 #b1) (= Q P) (not (= F1 #b1)) (not (= Q1 #b1)))
                       a!35
                       (or a!33 a!16)
                       a!43
                       a!46
                       (or (not (= B1 #b0)) a!47)
                       (or (not (= W #b0)) (not (= N1 #b100)) (= Q P) a!44 a!33)
                       a!48
                       (or (= G1 #b1)
                           (= Z #b00)
                           (not (= B1 #b0))
                           (not (= Q1 #b1))
                           (not ((_ bit2bool 14) L))
                           ((_ bit2bool 24) V)
                           (= ((_ extract 22 22) V) #b1))
                       a!52
                       a!53
                       (or (not (= N1 #b010)) ((_ bit2bool 0) Q1) a!33)
                       a!54
                       (or (= Z #b00) (not (= I1 #b0)))
                       (or (= ((_ extract 2 2) M1) #b0)
                           (not (= N1 #b100))
                           ((_ bit2bool 5) A1)
                           (= ((_ extract 0 0) Z) #b1)
                           ((_ bit2bool 4) A1)
                           a!55)
                       a!56
                       a!57
                       a!58
                       a!62
                       a!63
                       (or (not (= W #b0))
                           (not (= V1 #b1))
                           (not (= N1 #b010))
                           (= Q P)
                           a!16
                           a!64)
                       (or (not ((_ bit2bool 1) M1))
                           (not (= N1 #b010))
                           ((_ bit2bool 5) A1)
                           (= ((_ extract 0 0) Z) #b1)
                           a!65)
                       a!67
                       a!68
                       a!70
                       (or (not (= W #b0))
                           (not (= K #b0))
                           (not (= N1 #b100))
                           (= Q P)
                           a!16
                           a!60
                           a!7
                           a!61
                           a!64)
                       a!72
                       (or (not (= W #b0))
                           (not (= K #b0))
                           (not (= N1 #b001))
                           (= Q P)
                           a!16
                           a!60
                           a!7
                           a!73
                           (not a!74)
                           a!75
                           a!76)
                       (or (= A1 #b000000)
                           (not (= W #b0))
                           (not (= R #b1))
                           (not (= K #b0)))
                       (or (not (= W #b0))
                           (not (= V1 #b1))
                           (not (= N1 #b001))
                           (not ((_ bit2bool 2) M1))
                           (= Q P)
                           a!64)
                       (or (not (= W #b0))
                           (not (= V1 #b1))
                           (not (= N1 #b010))
                           (= Q P)
                           a!16
                           a!60
                           a!7
                           (not (= a!71 T1)))
                       a!77
                       a!78
                       a!79
                       a!81
                       a!83
                       a!84
                       a!85
                       a!87
                       a!94
                       (or a!49 a!16 (not a!96))
                       a!97
                       (or (not a!96) a!33)
                       (or (= ((_ extract 1 1) Z) #b1)
                           (not (= T #b1))
                           (not (= S #b0))
                           (not (= V1 #b1)))
                       (or (= Z #b00) a!16)
                       (or (= Z #b00) a!59)
                       (or (= A1 #b000000) (not (= K1 #b1)))
                       a!98
                       a!99
                       a!100
                       (or (not (= K #b0)) a!101 a!16)
                       (or (not (= F1 #b1)) (not (= I1 #b0)))
                       (or (not ((_ bit2bool 1) M1)) (not (= V1 #b0)))
                       (or a!16 a!44)
                       a!102
                       (or (not (= N1 #b100)) a!49 a!33)
                       (or (not (= N1 #b010)) a!33 (= a!18 #b001000))
                       (or (= a!18 #b000111) a!16)
                       (or (not ((_ bit2bool 3) M1)) (= A1 #b000110))
                       (or a!59 (= a!18 #b000110))
                       (or (= ((_ extract 4 4) A1) #b0) (not (= F1 #b1)))
                       (or (= Z #b00)
                           (not (= T #b0))
                           (not (= F1 #b1))
                           (not (= Q1 #b1)))
                       (or (= ((_ extract 1 1) M1) #b0)
                           (not (= O #b1))
                           (not (= E1 #b0)))
                       (or (not ((_ bit2bool 1) M1)) (not (= B1 #b0)))
                       (or (not ((_ bit2bool 5) A1)) (not (= F1 #b1)))
                       (or a!33 (not (= a!18 #b000001)))
                       (or (not a!103) a!59)
                       (or (= ((_ extract 1 1) Z) #b1)
                           (not (= N1 #b001))
                           (not ((_ bit2bool 2) M1))
                           ((_ bit2bool 4) A1)
                           a!55)
                       (or (not (= F1 #b0))
                           (not ((_ bit2bool 3) A1))
                           ((_ bit2bool 5) A1)
                           (= ((_ extract 0 0) Z) #b1)
                           ((_ bit2bool 4) A1))
                       (or (= ((_ extract 1 1) A1) #b0) (not (= R #b1)))
                       (or (= ((_ extract 1 1) Z) #b1)
                           (not (= F1 #b0))
                           ((_ bit2bool 5) A1)
                           (not ((_ bit2bool 1) A1))
                           ((_ bit2bool 4) A1))
                       (or (not (= K #b0)) a!16 (= a!93 #b000110))
                       (or ((_ bit2bool 5) V) (not (= B1 #b0)) (= Z #b00))
                       (or (not (= K #b0))
                           (not ((_ bit2bool 2) M1))
                           (= ((_ extract 0 0) N1) #b1)
                           ((_ bit2bool 0) S1)
                           (= a!18 #b000111))
                       (or ((_ bit2bool 7) V) (not (= B1 #b0)) (= Z #b00))
                       (or (= ((_ extract 1 1) M1) #b0) (= Z #b00))
                       (or (not ((_ bit2bool 3) M1)) (= Z #b00))
                       (or (= A1 #b000000) (not (= R #b1)) (not (= J #b0)))
                       (or (= Z #b00)
                           (not (= T #b0))
                           (not (= F1 #b1))
                           (= ((_ extract 10 10) I) #b0))
                       (or (= A1 #b000000)
                           (not ((_ bit2bool 2) M1))
                           (not (= V1 #b0))
                           (= F1 #b0))
                       (or (= T #b1)
                           (= Z #b00)
                           (not (= J #b0))
                           (not (= F1 #b1)))
                       a!104
                       (or (not (= R #b1)) (not (= N1 #b100)) (not (= J #b0)))
                       (or (= ((_ extract 2 2) M1) #b0)
                           (= ((_ extract 0 0) N1) #b1)
                           (= ((_ extract 3 3) A1) #b1)
                           ((_ bit2bool 0) a!18)
                           ((_ bit2bool 1) a!18)
                           ((_ bit2bool 2) a!18))
                       (or (= N1 #b000) (not ((_ bit2bool 0) G1)) (not a!107))
                       (or (= ((_ extract 3 3) M1) #b0)
                           (= ((_ extract 0 0) N1) #b1)
                           (not a!96))
                       (or (not (= W #b0)) (not (= N1 #b001)) a!16 a!9)
                       a!108
                       a!110
                       (or (= ((_ extract 5 1) A1) #b00000)
                           (not (= F1 #b0))
                           (not ((_ bit2bool 2) M1)))
                       (or (= G1 #b1) (not (= W #b0)) (= Q P) a!59)
                       (or (not ((_ bit2bool 2) M1)) (not (= B1 #b0)))
                       a!111
                       (or ((_ bit2bool 0) E1) ((_ bit2bool 0) N1) a!49 a!33)
                       (or (= ((_ extract 1 1) M1) #b0) (not (= R #b1)))
                       (or (not ((_ bit2bool 0) M1)) (= A1 #b001001))
                       (or (= A1 #b001000) (= ((_ extract 1 1) M1) #b0)))))
       (= (INV!slice!1 A
                       B
                       C
                       D
                       E
                       F
                       G
                       H
                       I
                       J
                       K
                       L
                       M
                       N
                       O
                       P
                       Q
                       R
                       S
                       T
                       U
                       V
                       W
                       X
                       Y
                       Z
                       A1
                       B1
                       C1
                       D1
                       E1
                       F1
                       G1
                       H1
                       I1
                       J1
                       K1
                       L1
                       M1
                       N1
                       O1
                       P1
                       Q1
                       R1
                       S1
                       T1
                       U1
                       V1
                       W1
                       X1
                       Y1
                       Z1
                       A2
                       B2
                       C2
                       D2)
          a!112))))))
     :weight 0))
