unsat
(forall ((A (_ BitVec 1))
         (B (_ BitVec 1))
         (C (_ BitVec 1))
         (D (_ BitVec 1))
         (E (_ BitVec 1))
         (F (_ BitVec 1))
         (G (_ BitVec 32))
         (H (_ BitVec 32))
         (I (_ BitVec 1))
         (J (_ BitVec 1))
         (K (_ BitVec 32))
         (L (_ BitVec 1))
         (M (_ BitVec 1))
         (N (_ BitVec 1))
         (O (_ BitVec 36))
         (P (_ BitVec 1))
         (Q (_ BitVec 4))
         (R (_ BitVec 1))
         (S (_ BitVec 1))
         (T (_ BitVec 1))
         (U (_ BitVec 1))
         (V (_ BitVec 1))
         (W (_ BitVec 2))
         (X (_ BitVec 1))
         (Y (_ BitVec 1))
         (Z (_ BitVec 1))
         (A1 (_ BitVec 1))
         (B1 (_ BitVec 2))
         (C1 (_ BitVec 1))
         (D1 (_ BitVec 1))
         (E1 (_ BitVec 4))
         (F1 (_ BitVec 22))
         (G1 (_ BitVec 5))
         (H1 (_ BitVec 22))
         (I1 (_ BitVec 1))
         (J1 (_ BitVec 1))
         (K1 (_ BitVec 1))
         (L1 (_ BitVec 1))
         (M1 (_ BitVec 3))
         (N1 (_ BitVec 2))
         (O1 (_ BitVec 1))
         (P1 (_ BitVec 1))
         (Q1 (_ BitVec 1))
         (R1 (_ BitVec 1))
         (S1 (_ BitVec 22))
         (T1 (_ BitVec 1))
         (U1 (_ BitVec 1))
         (V1 (_ BitVec 1))
         (W1 (_ BitVec 32))
         (X1 (_ BitVec 1))
         (Y1 (_ BitVec 4))
         (Z1 (_ BitVec 1))
         (A2 (_ BitVec 22))
         (B2 (_ BitVec 1)))
  (! (let ((a!1 (not (= O (concat ((_ extract 31 0) O) #x0))))
           (a!2 (not (= (ite (= R #b1)
                             ((_ extract 19 4) H1)
                             ((_ extract 20 5) H1))
                        #x0041)))
           (a!4 (or (not (= ((_ extract 1 1) M1) #b1)) (not (= X #b1))))
           (a!5 (or (not ((_ bit2bool 0) J))
                    (= K1 #b1)
                    (not (= ((_ extract 0 0) M1) #b1))))
           (a!6 (or (not ((_ bit2bool 0) C1))
                    (not (= ((_ extract 0 0) M1) #b1))))
           (a!7 (or (not (= I #b1)) (not (= ((_ extract 1 1) M1) #b1))))
           (a!8 (or (not (= ((_ extract 1 1) M1) #b1))
                    (not ((_ bit2bool 0) C1))))
           (a!9 (not (= ((_ extract 4 4) (bvadd #b11111 G1)) #b0)))
           (a!10 (or ((_ bit2bool 2) G1) (not (= ((_ extract 0 0) H1) #b1))))
           (a!11 (or (= G1 #b00000)
                     (= K1 #b1)
                     (not (= ((_ extract 0 0) M1) #b1))))
           (a!12 (or (not ((_ bit2bool 0) P))
                     (not (= ((_ extract 1 1) M1) #b1))
                     ((_ bit2bool 3) G1)
                     (= D1 #b1)))
           (a!13 (or (not ((_ bit2bool 0) G1))
                     (not ((_ bit2bool 0) P))
                     (not (= ((_ extract 1 1) M1) #b1))
                     ((_ bit2bool 0) D1)))
           (a!14 (or (not (= L1 #b0))
                     (not (= N1 #b10))
                     (not (= ((_ extract 4 1) G1) #x0))
                     (not (= R1 #b1))))
           (a!15 (or (not ((_ bit2bool 5) O))
                     (not ((_ bit2bool 0) P))
                     ((_ bit2bool 0) D1)
                     (not (= ((_ extract 0 0) G1) #b1))))
           (a!16 (or (not (= ((_ extract 4 4) G1) #b0))
                     (not (= ((_ extract 0 0) G1) #b0))
                     (not (= ((_ extract 2 2) G1) #b0))
                     (not (= ((_ extract 3 3) G1) #b0))
                     (not (= ((_ extract 1 1) G1) #b0))))
           (a!18 (or (not (= M #b0))
                     (not (= K1 #b1))
                     (= ((_ extract 0 0) M1) #b1)
                     (bvule (bvadd #xf ((_ extract 3 0) G1)) #x9)))
           (a!19 (or (= P #b0)
                     (not (= ((_ extract 1 1) M1) #b1))
                     (not (= A1 #b0))
                     (= D1 #b1)))
           (a!20 (or (not (= L1 #b0))
                     (= ((_ extract 1 1) N1) #b1)
                     (= Z #b0)
                     (not (= ((_ extract 0 0) M1) #b1))
                     (not (= ((_ extract 5 5) H1) #b1))))
           (a!21 (or (not (= L1 #b0))
                     (= ((_ extract 1 1) N1) #b1)
                     (not (= M1 #b100))
                     (= Z #b0)
                     (not (= ((_ extract 5 5) H1) #b1))))
           (a!22 (or (not (= L1 #b0))
                     (= ((_ extract 1 1) N1) #b1)
                     (not (= ((_ extract 1 1) M1) #b1))
                     (= Z #b0)
                     (not (= ((_ extract 5 5) H1) #b1))))
           (a!23 (or (= ((_ extract 1 1) N1) #b1)
                     (not (= ((_ extract 1 1) M1) #b1))
                     (not (= D1 #b1))
                     (not ((_ bit2bool 5) H1))))
           (a!24 (or (= M1 #b000)
                     (not (= T1 #b1))
                     (not (= ((_ extract 5 5) H1) #b1))))
           (a!25 (or (not ((_ bit2bool 5) O))
                     (= V #b0)
                     (not ((_ bit2bool 0) G1))
                     (not (= I1 #b0))
                     (not (= S #b0))
                     (not (= ((_ extract 0 0) N1) #b1))))
           (a!26 (or (= V #b0)
                     (not ((_ bit2bool 0) G1))
                     (not (= I1 #b0))
                     (not (= ((_ extract 0 0) N1) #b1))
                     (not (= O (concat #x0 S1 #b0010100000)))))
           (a!27 (or (= R #b0)
                     (and (= ((_ extract 2 2) G1) #b0)
                          (= ((_ extract 1 1) G1) #b0)
                          (= ((_ extract 0 0) G1) #b0)
                          (= ((_ extract 3 3) G1) #b0)
                          (= ((_ extract 4 4) G1) #b0))))
           (a!29 (or (not (= M #b0))
                     (= O1 #b1)
                     (not (= ((_ extract 31 4) O) ((_ extract 27 0) O)))))
           (a!30 (or (not ((_ bit2bool 0) N1))
                     (not (= I1 #b0))
                     (not (= ((_ extract 1 1) M1) #b1))
                     (not (= J1 #b0))
                     (not ((_ bit2bool 5) H1))))
           (a!31 (not (= H (concat ((_ extract 27 0) H) #x0))))
           (a!33 (or (not (= T1 #b1))
                     (not (= ((_ extract 0 0) M1) #b1))
                     (not ((_ bit2bool 4) H1))))
           (a!34 (or (not (= M #b0))
                     (not (= I1 #b1))
                     (not (= K1 #b1))
                     (= ((_ extract 2 2) (bvadd #b11111 G1)) #b0)))
           (a!35 (or (= ((_ extract 4 1) G1) #x0)
                     (not ((_ bit2bool 5) O))
                     (not (= J1 #b0))
                     (not (= A1 #b0))
                     (not (= ((_ extract 4 4) H1) #b1))))
           (a!36 (or (bvule ((_ extract 3 0) G1) #x9)
                     (= P #b0)
                     (not (= ((_ extract 1 1) M1) #b1))
                     (= D1 #b1)))
           (a!38 (or (= L1 #b0)
                     (= N1 #b10)
                     (not (= I1 #b1))
                     (not (= ((_ extract 0 0) G1) #b1))
                     (not (= ((_ extract 2 2) Q) #b0))))
           (a!39 (or (= L1 #b0)
                     (not (= I1 #b1))
                     (not (= ((_ extract 0 0) G1) #b1))
                     (not (= ((_ extract 0 0) N1) #b1))))
           (a!40 (not (= (ite (= R #b1)
                              ((_ extract 3 0) H1)
                              ((_ extract 4 1) H1))
                         #xa)))
           (a!41 (or (not (= ((_ extract 1 1) H1) #b1))
                     (not (= ((_ extract 4 4) G1) #b0))))
           (a!42 (or (not (= I1 #b1)) (not (= ((_ extract 3 3) H1) #b1))))
           (a!43 (or (not (= I1 #b1)) (not (= ((_ extract 4 4) H1) #b1))))
           (a!44 (or (= J #b0) (= F1 S1) (not (= ((_ extract 3 3) H1) #b1))))
           (a!45 (or ((_ bit2bool 4) G1)
                     (not ((_ bit2bool 3) H1))
                     (not (bvule ((_ extract 3 0) G1) #x9))))
           (a!46 (or (not (= ((_ extract 4 4) H1) #b1)) (= N1 #b10)))
           (a!47 (or (not (= ((_ extract 3 3) H1) #b1))
                     (bvule ((_ extract 3 0) G1) #x9)))
           (a!64 (or (not ((_ bit2bool 2) H1))
                     (= ((_ extract 2 2) (bvadd #b11110 G1)) #b0)))
           (a!65 (or (not (= ((_ extract 0 0) H1) #b1))
                     (= ((_ extract 2 2) (bvadd #b11110 G1)) #b0)))
           (a!66 (or (not ((_ bit2bool 1) H1))
                     (= ((_ extract 2 2) (bvadd #b11111 G1)) #b0)))
           (a!70 (or (not ((_ bit2bool 2) G1))
                     (not (= ((_ extract 2 2) H1) #b1))))
           (a!71 (or (not (= ((_ extract 2 2) H1) #b1))
                     (= ((_ extract 3 3) G1) #b0)))
           (a!72 (or (not (= ((_ extract 0 0) H1) #b1))
                     (not (= ((_ extract 1 1) H1) #b1))))
           (a!73 (or (not ((_ bit2bool 1) H1))
                     (not (= ((_ extract 2 2) H1) #b1))))
           (a!74 ((_ extract 4 4)
                   (bvadd #b11101 (ite (= R #b0) G1 (bvadd #b11111 G1)))))
           (a!75 (not (= ((_ extract 1 1) (bvadd #b11111 G1)) #b0)))
           (a!76 (not (= ((_ extract 2 2) (bvadd #b11111 G1)) #b0)))
           (a!77 (not (= ((_ extract 3 3) (bvadd #b11111 G1)) #b0)))
           (a!93 (or (not ((_ bit2bool 3) H1))
                     (= ((_ extract 4 4) (bvadd #b11101 G1)) #b0)))
           (a!100 (or (not (= J1 #b0))
                      (not (= A1 #b0))
                      (not ((_ bit2bool 3) G1))
                      ((_ bit2bool 1) G1)
                      (not (= ((_ extract 4 4) H1) #b1))))
           (a!101 (or (not (bvule ((_ extract 3 0) G1) #x9))
                      (not (= J1 #b0))
                      (not (= A1 #b0))
                      ((_ bit2bool 4) G1)
                      (not (= ((_ extract 4 4) H1) #b1))))
           (a!102 (not (bvule (bvadd #xf ((_ extract 3 0) G1)) #x9)))
           (a!103 (or ((_ bit2bool 4) G1)
                      (not ((_ bit2bool 5) H1))
                      (not (bvule ((_ extract 3 0) G1) #x9))))
           (a!104 (or (not (= M1 #b000))
                      ((_ bit2bool 0) C1)
                      (not (= ((_ extract 4 4) H1) #b1))))
           (a!105 (or (not ((_ bit2bool 1) H1))
                      (not (= ((_ extract 31 4) O) ((_ extract 27 0) O)))))
           (a!106 (not (ite (= R #b1)
                            (= ((_ extract 1 1) H1) #b1)
                            (= ((_ extract 2 2) H1) #b1))))
           (a!107 (or (not ((_ bit2bool 5) O))
                      (not (= ((_ extract 5 5) H1) #b1))))
           (a!108 (or (not ((_ bit2bool 8) H1))
                      (not (= ((_ extract 3 3) H1) #b1))))
           (a!109 (not (ite (or (= R #b0) (= D1 #b0))
                            (= D1 #b1)
                            (= ((_ extract 4 1) G1) #x0)))))
     (let ((a!3 (or (not (= ((_ extract 0 0) M1) #b1))
                    a!1
                    (not (= ((_ extract 6 0) H) ((_ extract 7 1) H)))
                    (not (= ((_ extract 35 33) O) ((_ extract 2 0) H)))
                    a!2))
           (a!17 ((_ bit2bool 3)
                   (ite a!16
                        (bvadd #xf ((_ extract 3 0) G1))
                        ((_ extract 3 0) G1))))
           (a!28 (ite a!27
                      (= ((_ extract 4 4) G1) #b0)
                      (= ((_ extract 4 4) (bvadd #b11111 G1)) #b0)))
           (a!32 (or (not (= N1 #b10)) (not (= ((_ extract 4 1) G1) #x0)) a!31))
           (a!37 (ite a!27
                      (= ((_ extract 1 1) G1) #b0)
                      (= ((_ extract 1 1) (bvadd #b11111 G1)) #b0)))
           (a!48 (ite a!16
                      (= ((_ extract 4 4) (bvadd #b11111 G1)) #b0)
                      (= ((_ extract 4 4) G1) #b0)))
           (a!49 (ite a!16
                      (= ((_ extract 1 1) (bvadd #b11111 G1)) #b0)
                      (= ((_ extract 1 1) G1) #b0)))
           (a!50 (ite a!16
                      (= ((_ extract 0 0) G1) #b1)
                      (= ((_ extract 0 0) G1) #b0)))
           (a!51 (ite a!16
                      (= ((_ extract 3 3) (bvadd #b11111 G1)) #b0)
                      (= ((_ extract 3 3) G1) #b0)))
           (a!52 (ite a!16
                      (= ((_ extract 2 2) (bvadd #b11111 G1)) #b0)
                      (= ((_ extract 2 2) G1) #b0)))
           (a!54 ((_ extract 3 3)
                   (bvadd #b11111 (ite a!16 (bvadd #b11111 G1) G1))))
           (a!55 ((_ extract 2 2)
                   (bvadd #b11111 (ite a!16 (bvadd #b11111 G1) G1))))
           (a!56 ((_ extract 1 1)
                   (bvadd #b11111 (ite a!16 (bvadd #b11111 G1) G1))))
           (a!57 ((_ extract 4 4)
                   (bvadd #b11111 (ite a!16 (bvadd #b11111 G1) G1))))
           (a!60 (bvadd #xf
                        (ite a!16
                             (bvadd #xf ((_ extract 3 0) G1))
                             ((_ extract 3 0) G1))))
           (a!67 (ite (or (= R #b0) (not a!16)) G1 (bvadd #b11111 G1)))
           (a!78 (or a!9 (not (= ((_ extract 0 0) G1) #b1)) a!75 a!76 a!77))
           (a!80 (ite (or (= R #b0) (not a!16))
                      (= ((_ extract 4 4) G1) #b0)
                      (= ((_ extract 4 4) (bvadd #b11111 G1)) #b0)))
           (a!81 (ite (or (= R #b0) (not a!16))
                      (= ((_ extract 1 1) G1) #b0)
                      (= ((_ extract 1 1) (bvadd #b11111 G1)) #b0)))
           (a!82 (ite (or (= R #b0) (not a!16))
                      (= ((_ extract 2 2) G1) #b0)
                      (= ((_ extract 2 2) (bvadd #b11111 G1)) #b0)))
           (a!83 (ite (or (= R #b0) (not a!16))
                      (= ((_ extract 0 0) G1) #b0)
                      (= ((_ extract 0 0) G1) #b1)))
           (a!84 (ite (or (= R #b0) (not a!16))
                      (= ((_ extract 3 3) G1) #b0)
                      (= ((_ extract 3 3) (bvadd #b11111 G1)) #b0)))
           (a!110 (or a!2
                      (and (not (= O1 #b1)) (or (= T #b0) (= D1 #b1)) a!109))))
     (let ((a!53 (or (not a!48) (not a!49) (not a!50) (not a!51) (not a!52)))
           (a!68 (or (not (= M1 #b010))
                     (not ((_ bit2bool 1) H1))
                     (= ((_ extract 2 2) (bvadd #b11111 a!67)) #b0)))
           (a!69 (or (not (= M1 #b001))
                     (not ((_ bit2bool 1) H1))
                     (= ((_ extract 2 2) (bvadd #b11111 a!67)) #b0)))
           (a!79 ((_ extract 4 4)
                   (bvadd #b11111
                          (ite a!78 (bvadd #b11110 G1) (bvadd #b11111 G1)))))
           (a!85 (or (not a!80) (not a!81) (not a!82) (not a!83) (not a!84)))
           (a!98 (or (not (= M1 #b000))
                     (not (= ((_ extract 4 4) H1) #b1))
                     (= a!57 #b0)))
           (a!99 (or (not ((_ bit2bool 5) H1))
                     (= ((_ extract 4 4) (bvadd #b11111 a!67)) #b0))))
     (let ((a!58 (ite a!53
                      (ite a!16
                           (= ((_ extract 0 0) G1) #b0)
                           (= ((_ extract 0 0) G1) #b1))
                      a!50))
           (a!61 (ite a!53
                      a!60
                      (ite a!16
                           (bvadd #xf ((_ extract 3 0) G1))
                           ((_ extract 3 0) G1))))
           (a!86 (ite a!85 (= ((_ extract 1 1) (bvadd #b11111 a!67)) #b0) a!81))
           (a!87 (ite a!85
                      (ite (or (= R #b0) (not a!16))
                           (= ((_ extract 0 0) G1) #b1)
                           (= ((_ extract 0 0) G1) #b0))
                      a!83))
           (a!88 (ite a!85 (= ((_ extract 2 2) (bvadd #b11111 a!67)) #b0) a!82))
           (a!89 (ite a!85 (= ((_ extract 3 3) (bvadd #b11111 a!67)) #b0) a!84))
           (a!94 (ite a!53
                      (bvadd #b11111 (ite a!16 (bvadd #b11111 G1) G1))
                      (ite a!16 (bvadd #b11111 G1) G1)))
           (a!96 ((_ extract 4 4)
                   (bvadd #b11111 (ite a!85 (bvadd #b11111 a!67) a!67)))))
     (let ((a!59 (or (not (ite a!53 (= a!54 #b0) a!51))
                     (not (ite a!53 (= a!55 #b0) a!52))
                     (not (ite a!53 (= a!56 #b0) a!49))
                     (not (ite a!53 (= a!57 #b0) a!48))
                     (not a!58)))
           (a!90 (or (not a!86)
                     (not a!87)
                     (not a!88)
                     (not a!89)
                     (not (and (not a!85) a!80))))
           (a!95 (or (not (= ((_ extract 3 3) H1) #b1))
                     (= ((_ extract 4 4) (bvadd #b11111 a!94)) #b0)))
           (a!97 (or (not (= ((_ extract 4 4) H1) #b1)) (= a!96 #b0))))
     (let ((a!62 (not ((_ bit2bool 3) (ite a!59 (bvadd #xf a!61) a!61))))
           (a!91 (ite a!90
                      (bvadd #b11111 (ite a!85 (bvadd #b11111 a!67) a!67))
                      (ite a!85 (bvadd #b11111 a!67) a!67))))
     (let ((a!63 (or (not (= ((_ extract 1 1) H1) #b1)) a!62))
           (a!92 (or (not ((_ bit2bool 3) H1))
                     (= ((_ extract 4 4) (bvadd #b11111 a!91)) #b0))))
     (let ((a!111 (and a!3
                       (or (not ((_ bit2bool 0) J))
                           (= K1 #b1)
                           ((_ bit2bool 0) M))
                       (or (= M1 #b000) (not (= R #b1)))
                       (not ((_ bit2bool 20) H1))
                       (not ((_ bit2bool 19) H1))
                       (not ((_ bit2bool 17) H1))
                       (not ((_ bit2bool 9) H1))
                       (or (= J #b0) ((_ bit2bool 0) A1))
                       (or (= J #b0) (not (= S #b0)))
                       (or (not ((_ bit2bool 0) C1)) (not (= M #b0)))
                       (or ((_ bit2bool 0) X)
                           (not ((_ bit2bool 0) O1))
                           (not ((_ bit2bool 0) J)))
                       (or (= N1 #b00)
                           (not (= J1 #b0))
                           (not (= I1 #b1))
                           (not (= Z #b0)))
                       (or (= K1 #b1) (= ((_ extract 4 1) G1) #x0))
                       (or (= N1 #b00) (not (= X #b1)))
                       (or (not ((_ bit2bool 0) C1)) (not (= G1 #b00000)))
                       (or (not (= X #b1)) (= ((_ extract 0 0) M1) #b1))
                       (or (not (= M1 #b001)) (not (= I #b0)))
                       (or (not (= R #b1))
                           (not (= J1 #b0))
                           (not ((_ bit2bool 3) G1))
                           ((_ bit2bool 0) C1))
                       (or (not (= R #b1))
                           (not ((_ bit2bool 4) G1))
                           (not (= A1 #b0))
                           ((_ bit2bool 0) C1))
                       (or (not (= I1 #b0))
                           (= M #b1)
                           (= L #b0)
                           (= ((_ extract 0 0) M1) #b1)
                           (not ((_ bit2bool 0) K1)))
                       (or (not ((_ bit2bool 0) L)) (= J #b0))
                       (or (not (= I1 #b1)) (not (= J #b1)))
                       a!4
                       (or (= G1 #b00000) (not ((_ bit2bool 0) O1)))
                       (not (= N1 #b01))
                       (or (= ((_ extract 2 2) M1) #b1) (not (= X #b1)))
                       (or (not (= I1 #b0)) (not (= R1 #b1)))
                       (or (= J #b0) (not (= X #b0)) (not (= V #b0)))
                       (or (not (= G1 #b00001)) (not (= M #b0)))
                       (or (= N1 #b00)
                           (not (= I1 #b1))
                           (not (= Z #b0))
                           (not (= S #b0)))
                       (or (= G1 #b00000) (not (= T1 #b1)) (not (= S #b0)))
                       (or (= ((_ extract 2 2) M1) #b1)
                           (not (= G1 #b00000))
                           (not ((_ bit2bool 0) K1)))
                       (or (not (= R #b1))
                           (not ((_ bit2bool 34) O))
                           (not (= I1 #b1))
                           (= K1 #b1))
                       (or (not (= T #b1)) (= ((_ extract 1 1) M1) #b1))
                       a!5
                       (or (not (= I #b1)) (= ((_ extract 0 0) M1) #b1))
                       (or (not (= T #b0)) (not (= M1 #b011)))
                       (or (not (= M1 #b010)) (= D1 #b1))
                       (or (= P #b0) (= K1 #b1) (= D1 #b1))
                       a!6
                       (or (not ((_ bit2bool 0) K1))
                           (not (= G1 #b00000))
                           (= N1 #b00))
                       a!7
                       a!8
                       (or (not (= R #b1))
                           (= N1 #b00)
                           (not (= T1 #b0))
                           (not (= I1 #b1))
                           (not (= Z #b0)))
                       (or (= G1 #b00000) (not (= L #b1)) (= K1 #b1))
                       (or (not (= I1 #b1)) (not (= K1 #b0)) a!9)
                       (or (= L #b1)
                           (= ((_ extract 1 1) N1) #b1)
                           (not (= T1 #b1))
                           (not (= I1 #b0))
                           (not (= J1 #b0)))
                       a!10
                       (or (= G1 #b00000) (not (= A1 #b0)) (= K1 #b1))
                       (or (= G1 #b00000) (= K1 #b1) (not (= S #b0)))
                       a!11
                       (or (= G1 #b00000) (not (= M1 #b010)) (= K1 #b1))
                       (or (not (= T1 #b1))
                           (not (= I1 #b0))
                           (not (= A1 #b0))
                           (not ((_ bit2bool 0) L))
                           (= ((_ extract 12 12) K) #b0)
                           (= ((_ extract 0 0) N1) #b1))
                       (or (not (= R #b1)) (not (= T1 #b1)) (not (= K1 #b1)))
                       (or (not (= M1 #b001)) (= J #b0) (= F1 S1))
                       (or (not ((_ bit2bool 0) P))
                           ((_ bit2bool 0) D1)
                           (not ((_ bit2bool 0) O1)))
                       a!12
                       (or (not (= T1 #b1))
                           (not (= I1 #b0))
                           (not (= K1 #b1))
                           ((_ bit2bool 4) G1)
                           ((_ bit2bool 3) G1))
                       (or (= P #b0) (= ((_ extract 0 0) M1) #b1) (= D1 #b1))
                       a!13
                       (or (not (= L1 #b0))
                           (not (= N1 #b10))
                           (not ((_ bit2bool 0) G1))
                           ((_ bit2bool 3) G1)
                           (= ((_ extract 4 4) G1) #b1))
                       a!14
                       (or (not ((_ bit2bool 33) O)) (not (= M #b0)))
                       (or (not ((_ bit2bool 5) H1)) (not ((_ bit2bool 4) H1)))
                       (or (= ((_ extract 2 2) M1) #b1)
                           (= K1 #b1)
                           ((_ bit2bool 0) C1)
                           (not (= J #b1)))
                       (or (not (= M1 #b001)) (not (= D1 #b0)))
                       (or (not (= M1 #b000))
                           (not (= J1 #b0))
                           (not (= K1 #b1))
                           ((_ bit2bool 0) C1)
                           ((_ bit2bool 4) G1))
                       a!15
                       (not (= ((_ extract 1 1) O) #b1))
                       (or (not (= G1 #b00001)) (not ((_ bit2bool 5) O)))
                       (or (bvule ((_ extract 3 0) G1) #x9) (not (= M #b0)))
                       (or (not (= M1 #b000)) (= D1 #b1))
                       (or (not (= M #b0))
                           (not ((_ bit2bool 2) G1))
                           ((_ bit2bool 4) G1))
                       (or (= ((_ extract 4 1) G1) #x0)
                           (= L #b1)
                           (not (= M #b0))
                           ((_ bit2bool 4) G1)
                           (= ((_ extract 0 0) M1) #b1))
                       (or (not (= I1 #b0))
                           (not (= M #b0))
                           (not (= K1 #b1))
                           (= ((_ extract 0 0) M1) #b1)
                           (not ((_ bit2bool 1) Y1)))
                       (or (not (= T1 #b1))
                           (not (= I1 #b0))
                           (not (= J1 #b0))
                           (not (= A1 #b0))
                           ((_ bit2bool 0) N1))
                       (or (= G1 #b00000)
                           (not (= I1 #b0))
                           ((_ bit2bool 4) G1)
                           ((_ bit2bool 3) G1)
                           (= ((_ extract 0 0) N1) #b1))
                       (or (not ((_ bit2bool 0) H1)) (not a!17))
                       (or ((_ bit2bool 0) C1)
                           (not (= I1 #b0))
                           (not (= K1 #b1))
                           (not (= M1 #b000))
                           (= ((_ extract 1 1) N1) #b1))
                       (or (= ((_ extract 1 1) N1) #b1)
                           (not (= I1 #b0))
                           (not (= M #b0))
                           (not (= K1 #b1))
                           (= O1 #b1))
                       (or (= G1 #b00000) (not (= X #b1)))
                       (or (= ((_ extract 4 1) G1) #x0)
                           (not (= M #b0))
                           (not (= S #b0)))
                       (or (not (= I1 #b0))
                           (not (= M #b0))
                           (not (= K1 #b1))
                           (= ((_ extract 0 0) M1) #b1)
                           (not ((_ bit2bool 3) Y1)))
                       (or (bvule ((_ extract 3 0) G1) #x9)
                           (not (= M1 #b000))
                           ((_ bit2bool 0) C1))
                       a!18
                       a!19
                       a!20
                       a!21
                       a!22
                       (or (not (= L1 #b0))
                           (= ((_ extract 1 1) N1) #b1)
                           (= ((_ extract 2 2) M1) #b1)
                           (= Z #b0)
                           (not ((_ bit2bool 5) H1))
                           (not ((_ bit2bool 0) C1)))
                       a!23
                       (or (= ((_ extract 1 1) N1) #b1)
                           (not (= I1 #b0))
                           (not (= J1 #b0))
                           (not (= L #b1))
                           (not ((_ bit2bool 5) H1)))
                       (or (= ((_ extract 1 1) N1) #b1)
                           (not (= M1 #b100))
                           (not (= I1 #b0))
                           (not (= J1 #b0))
                           (not ((_ bit2bool 5) H1))
                           (not (= U1 #b1)))
                       (or (= ((_ extract 1 1) N1) #b1)
                           (not (= I1 #b0))
                           (not ((_ bit2bool 5) H1))
                           (not (= S #b0)))
                       (or (= L #b1)
                           (not (= M #b0))
                           (not (= I1 #b1))
                           (not (= K1 #b1)))
                       (or (= ((_ extract 4 1) G1) #x0)
                           (= L1 #b0)
                           (not ((_ bit2bool 0) N1))
                           (not (= I1 #b1)))
                       (or (= L #b1)
                           (= N1 #b00)
                           (not (= I1 #b1))
                           (not (= Z #b0)))
                       (or (not ((_ bit2bool 32) O)) (not (= M #b0)))
                       a!24
                       (or (not (= M1 #b000))
                           (not (= J1 #b0))
                           (not (= L #b1))
                           (not (= K1 #b1))
                           ((_ bit2bool 0) C1))
                       (or (= ((_ extract 2 2) M1) #b1)
                           (not (= J #b0))
                           (not ((_ bit2bool 0) C1))
                           (not (= K1 #b0)))
                       (or (= ((_ extract 4 1) G1) #x0)
                           (= V #b0)
                           (not (= W B1))
                           (not (= I1 #b0))
                           ((_ bit2bool 4) G1)
                           ((_ bit2bool 3) G1)
                           (not (= S #b0)))
                       (or (not ((_ bit2bool 0) N1))
                           (not ((_ bit2bool 0) G1))
                           (not (= T1 #b1)))
                       (or (not ((_ bit2bool 0) G1))
                           (not ((_ bit2bool 0) N1))
                           (not (= I1 #b0))
                           (not (= M #b0)))
                       a!25
                       a!26
                       (or (bvule ((_ extract 3 0) G1) #x9) (not (= T1 #b1)))
                       (or (= N1 #b00) (not (= M #b0)) a!1)
                       (or (not (= M #b0)) (not (= L #b1)) a!28)
                       (or (= R #b0) (not (= M #b0)) a!1)
                       a!29
                       (or (= ((_ extract 1 1) N1) #b1)
                           (not (= J1 #b0))
                           (not ((_ bit2bool 5) H1))
                           a!1)
                       a!30
                       (or (= J #b0)
                           (not (= M1 #b000))
                           (not ((_ bit2bool 0) N1))
                           (not ((_ bit2bool 5) H1))
                           (= ((_ extract 11 11) H) #b1))
                       (or (= ((_ extract 4 1) G1) #x0)
                           (= L #b1)
                           (not (= M1 #b000))
                           ((_ bit2bool 0) C1)
                           (not ((_ bit2bool 1) Y1)))
                       (or (not (= T1 #b1))
                           (= ((_ extract 2 2) M1) #b1)
                           (not (= J1 #b0))
                           (= A1 #b1))
                       (not (= ((_ extract 20 5) H1) #x0009))
                       (or (not ((_ bit2bool 0) C1)) (= D1 #b1))
                       (not (= ((_ extract 20 4) H1) #b00000000000001001))
                       (or ((_ bit2bool 7) O) (= ((_ extract 0 0) H1) #b0))
                       (or (not ((_ bit2bool 0) H1)) (not ((_ bit2bool 4) H1)))
                       (or (= N1 #b00)
                           (not (= I1 #b1))
                           (= O1 #b1)
                           (not (= Z #b0)))
                       a!32
                       (or (not (= N1 #b10))
                           (= K1 #b1)
                           (= ((_ extract 11 11) H) #b1))
                       (or (= N1 #b00)
                           (not (= I1 #b1))
                           (not (= Z #b0))
                           (= ((_ extract 8 8) K) #b1))
                       a!33
                       a!34
                       (or (= ((_ extract 4 1) G1) #x0)
                           (not (= T1 #b1))
                           (not (= L #b1)))
                       (or (= L #b1) ((_ bit2bool 12) H) (not (= I1 #b1)))
                       (or (not ((_ bit2bool 5) O))
                           (not (= J1 #b0))
                           (not ((_ bit2bool 3) G1))
                           (not ((_ bit2bool 4) H1)))
                       (or (= N1 #b00)
                           (not (= M #b0))
                           (not (= I1 #b1))
                           (not ((_ bit2bool 3) G1)))
                       (or (= ((_ extract 4 1) G1) #x0)
                           (not (= Z #b1))
                           (= ((_ extract 1 1) N1) #b1)
                           (not (= M #b0)))
                       (or (not (= I1 #b1)) a!28)
                       a!35
                       a!36
                       (or (not (= M1 #b000))
                           ((_ bit2bool 0) C1)
                           (not ((_ bit2bool 2) H1)))
                       (or (not ((_ bit2bool 3) H1)) (not ((_ bit2bool 4) H1)))
                       (or (not (= I1 #b0)) (not (= M #b0)) a!37)
                       (or (= ((_ extract 4 4) G1) #b0) (= N1 #b10))
                       (or (= ((_ extract 4 1) G1) #x0)
                           (= N1 #b10)
                           (not (= M1 #b000))
                           (= I1 #b1)
                           ((_ bit2bool 0) C1))
                       (or ((_ bit2bool 0) C1)
                           (not (= M1 #b000))
                           (not (= G1 #b00001)))
                       (or (= G1 #b00000)
                           (= L1 #b0)
                           (= N1 #b00)
                           (= N1 #b10)
                           (not (= I1 #b1)))
                       (or (= G1 #b00000)
                           (= L1 #b0)
                           (= N1 #b10)
                           (not (= I1 #b1))
                           (= ((_ extract 2 2) Y1) #b1))
                       (or (= G1 #b00000)
                           (= L1 #b0)
                           (= N1 #b10)
                           (not (= I1 #b1))
                           (= ((_ extract 2 2) E1) #b1)
                           ((_ bit2bool 3) G1))
                       a!38
                       a!39
                       a!40
                       (or ((_ bit2bool 4) G1) (not ((_ bit2bool 0) H1)))
                       (or (not (= R1 #b0))
                           (= ((_ extract 4 1) G1) #x0)
                           (not (= M #b0))
                           (not (= I1 #b1)))
                       a!41
                       (or (not (= M1 #b000))
                           (not ((_ bit2bool 1) H1))
                           ((_ bit2bool 0) C1))
                       (or (= ((_ extract 3 3) G1) #b0)
                           (not ((_ bit2bool 1) H1)))
                       (not (= ((_ extract 18 18) H1) #b1))
                       (or ((_ bit2bool 0) C1) (not (= M1 #b000)) (= J #b0))
                       (or (= L #b1)
                           (not (= M1 #b000))
                           (not (= I1 #b1))
                           (not (= K1 #b1))
                           ((_ bit2bool 0) C1))
                       (or (not (= T1 #b1))
                           (not ((_ bit2bool 3) H1))
                           (= ((_ extract 0 0) M1) #b1))
                       (or (= ((_ extract 4 1) G1) #x0)
                           (not (= M1 #b000))
                           ((_ bit2bool 0) C1)
                           (not (= S #b0)))
                       (or (= L #b1)
                           (not (= M1 #b000))
                           (not (= A1 #b0))
                           (not (= K1 #b1))
                           ((_ bit2bool 0) C1))
                       (or ((_ bit2bool 4) G1) (not ((_ bit2bool 2) H1)))
                       (or (not ((_ bit2bool 1) H1)) (not (= M #b0)))
                       (or (not ((_ bit2bool 5) H1)) (not (= M #b0)))
                       (or (not (= M1 #b000))
                           (not ((_ bit2bool 5) H1))
                           ((_ bit2bool 0) C1))
                       (or (not ((_ bit2bool 4) H1)) (not (= M #b0)))
                       (or ((_ bit2bool 0) C1)
                           (not ((_ bit2bool 3) H1))
                           (not (= M1 #b000)))
                       (or (not (= M1 #b000))
                           (not ((_ bit2bool 1) H1))
                           (not ((_ bit2bool 5) H1)))
                       (or (bvule ((_ extract 3 0) G1) #x9) (= N1 #b10))
                       a!42
                       (or (not (= I1 #b1)) (not ((_ bit2bool 5) H1)))
                       a!43
                       (or (not (= T1 #b1))
                           (not (= M1 #b000))
                           (not ((_ bit2bool 5) H1)))
                       (or (not ((_ bit2bool 5) H1))
                           (not ((_ bit2bool 0) H1))
                           (not (= S1 F1)))
                       (or (not ((_ bit2bool 3) H1)) (not (= M #b0)))
                       (or (not ((_ bit2bool 1) H1)) (not ((_ bit2bool 4) H1)))
                       a!44
                       a!45
                       a!46
                       a!47
                       a!63
                       a!64
                       a!65
                       a!66
                       a!68
                       a!69
                       a!70
                       a!71
                       (or (not ((_ bit2bool 1) H1)) (not ((_ bit2bool 3) H1)))
                       (or (not ((_ bit2bool 5) H1)) (not ((_ bit2bool 3) H1)))
                       a!72
                       a!73
                       (or (not ((_ bit2bool 2) H1)) (not ((_ bit2bool 3) H1)))
                       (or (not ((_ bit2bool 6) H1))
                           (= ((_ extract 5 0) H1) #b000000))
                       (or (not ((_ bit2bool 3) H1)) (= a!74 #b0))
                       (or (not ((_ bit2bool 3) H1)) (= a!79 #b0))
                       a!92
                       a!93
                       a!95
                       a!97
                       a!98
                       a!99
                       a!100
                       a!101
                       (or (not ((_ bit2bool 0) Q))
                           (not (= A1 #b0))
                           (not ((_ bit2bool 5) H1))
                           (= ((_ extract 0 0) M1) #b1)
                           (= J1 #b1)
                           a!1)
                       (or (= T #b0)
                           (not ((_ bit2bool 5) H1))
                           (not ((_ bit2bool 0) E1))
                           (= A1 #b1)
                           (= J1 #b1)
                           a!1)
                       (or (not (= M1 #b010))
                           (not (= J1 #b0))
                           (not (= A1 #b0))
                           (not ((_ bit2bool 5) H1))
                           (not ((_ bit2bool 0) E1))
                           a!1)
                       (or (not (= M1 #b001))
                           (not (= J1 #b0))
                           (not (= A1 #b0))
                           (not ((_ bit2bool 5) H1))
                           (not ((_ bit2bool 0) E1))
                           a!1)
                       (or (not ((_ bit2bool 4) H1)) a!9 a!102)
                       a!103
                       a!104
                       (or (not (= M1 #b000))
                           ((_ bit2bool 2) H)
                           ((_ bit2bool 3) H)
                           ((_ bit2bool 1) H)
                           ((_ bit2bool 0) H)
                           (not ((_ bit2bool 2) H1))
                           (not (= O #x000000000)))
                       a!105
                       (or (not (= O #x000000000)) a!106)
                       (not (= ((_ extract 10 10) H1) #b1))
                       (not (= ((_ extract 11 11) H1) #b1))
                       (not (= ((_ extract 12 12) H1) #b1))
                       (not (= ((_ extract 13 13) H1) #b1))
                       (not (= ((_ extract 14 14) H1) #b1))
                       (not (= ((_ extract 15 15) H1) #b1))
                       (not (= ((_ extract 16 16) H1) #b1))
                       (or (not (= T1 #b1))
                           (not (= I1 #b0))
                           ((_ bit2bool 0) N1)
                           (not (= S #b0)))
                       (or (not ((_ bit2bool 6) H1)) (not (= G1 #b00000)))
                       (or (not ((_ bit2bool 6) H1))
                           (= ((_ extract 21 7) H1) #b000000000000000))
                       (or (not ((_ bit2bool 5) H1)) (not ((_ bit2bool 7) H1)))
                       (or (not ((_ bit2bool 3) H1)) (not ((_ bit2bool 7) H1)))
                       (or (not ((_ bit2bool 4) H1)) (not ((_ bit2bool 8) H1)))
                       a!107
                       (or (not ((_ bit2bool 2) H1)) (not ((_ bit2bool 7) H1)))
                       a!108
                       a!110)))
       (= (INV!slice!1 A
                       B
                       C
                       D
                       E
                       F
                       G
                       H
                       I
                       J
                       K
                       L
                       M
                       N
                       O
                       P
                       Q
                       R
                       S
                       T
                       U
                       V
                       W
                       X
                       Y
                       Z
                       A1
                       B1
                       C1
                       D1
                       E1
                       F1
                       G1
                       H1
                       I1
                       J1
                       K1
                       L1
                       M1
                       N1
                       O1
                       P1
                       Q1
                       R1
                       S1
                       T1
                       U1
                       V1
                       W1
                       X1
                       Y1
                       Z1
                       A2
                       B2)
          a!111)))))))))
     :weight 0))
