Failed to find a lemma for: (= ((_ extract 2 2) INV!slice!1_41_n) #b0)
Available lemmas are: 60: (and (= ((_ extract 1 1) INV!slice!1_41_n) #b0)
     (= ((_ extract 2 2) INV!slice!1_41_n) #b0))
61: (bvule ((_ extract 3 0) INV!slice!1_26_n) #x9)
62: (or (= INV!slice!1_22_n #b00) ((_ bit2bool 0) INV!slice!1_45_n))
63: (not ((_ bit2bool 32) INV!slice!1_39_n))
64: (or (not ((_ bit2bool 0) INV!slice!1_45_n)) (not (= INV!slice!1_47_n #b1)))
65: (not (= INV!slice!1_26_n #b00001))
66: (or (not (= INV!slice!1_23_n #b0))
    (= INV!slice!1_20_n #b0)
    (= INV!slice!1_31_n #b1))
67: (or (not (= INV!slice!1_9_n #b1))
    (= INV!slice!1_20_n #b0)
    (= INV!slice!1_31_n #b1))
68: (or (= INV!slice!1_22_n #b00) (not (= INV!slice!1_47_n #b1)))
69: (or (= INV!slice!1_20_n #b0)
    (= INV!slice!1_31_n #b1)
    (not (= INV!slice!1_47_n #b1)))
70: (not ((_ bit2bool 1) INV!slice!1_41_n))
71: (or (= INV!slice!1_49_n #b1)
    (= INV!slice!1_51_n #b1)
    (not (= INV!slice!1_9_n #b1))
    (= INV!slice!1_22_n #b10)
    (= INV!slice!1_22_n #b00)
    ((_ bit2bool 3) INV!slice!1_11_n)
    (= INV!slice!1_55_n #b0))
72: (or (not (= INV!slice!1_32_n #b0))
    (= INV!slice!1_49_n #b1)
    (= INV!slice!1_51_n #b1)
    (not (= INV!slice!1_9_n #b1))
    (= INV!slice!1_55_n #b0)
    (not ((_ bit2bool 1) INV!slice!1_22_n)))
73: (or (not (= INV!slice!1_26_n #b00000))
    (not (= INV!slice!1_44_n #b0))
    (not (= ((_ extract 1 1) INV!slice!1_22_n) #b1)))
74: (or (not (= INV!slice!1_26_n #b00000)) (not ((_ bit2bool 1) INV!slice!1_22_n)))
75: (let ((a!1 (and (or (= INV!slice!1_13_n #b1) (= INV!slice!1_26_n #b00000))
                (not (= ((_ extract 4 1) INV!slice!1_26_n) #x0)))))
  (or (not (= INV!slice!1_23_n #b0))
      (not ((_ bit2bool 1) INV!slice!1_22_n))
      (ite (= INV!slice!1_13_n #b1)
           (= ((_ extract 0 0) INV!slice!1_41_n) #b0)
           (= ((_ extract 1 1) INV!slice!1_41_n) #b0))
      a!1
      (ite (= INV!slice!1_48_n #b0)
           (= INV!slice!1_32_n #b1)
           (= ((_ extract 12 12) INV!slice!1_8_n) #b1))))
76: (or (not (= INV!slice!1_26_n #b00000))
    (not (= INV!slice!1_49_n #b0))
    (= INV!slice!1_51_n #b1)
    (not (= INV!slice!1_55_n #b1))
    (= INV!slice!1_22_n #b00))
77: (or (not (= INV!slice!1_44_n #b0))
    (not (= ((_ extract 1 1) INV!slice!1_22_n) #b1))
    (not (= INV!slice!1_45_n #b0)))
78: (or (not (= INV!slice!1_26_n #b00000))
    (not (= INV!slice!1_23_n #b0))
    (not ((_ bit2bool 1) INV!slice!1_22_n))
    ((_ bit2bool 2) INV!slice!1_40_n)
    ((_ bit2bool 0) INV!slice!1_40_n))
79: (or (not (= INV!slice!1_26_n #b00000))
    (not (= INV!slice!1_9_n #b1))
    (not ((_ bit2bool 1) INV!slice!1_22_n))
    ((_ bit2bool 2) INV!slice!1_40_n)
    ((_ bit2bool 0) INV!slice!1_40_n))
80: (or (not (= INV!slice!1_26_n #b00000))
    (not (= INV!slice!1_14_n #b0))
    (not ((_ bit2bool 1) INV!slice!1_22_n))
    ((_ bit2bool 2) INV!slice!1_40_n)
    ((_ bit2bool 0) INV!slice!1_40_n))
81: (or (not (= INV!slice!1_26_n #b00000)) (= INV!slice!1_22_n #b00))
82: (or (= INV!slice!1_22_n #b00) (not (= INV!slice!1_45_n #b0)))
83: (or (= ((_ extract 0 0) INV!slice!1_22_n) #b1)
    ((_ bit2bool 0) INV!slice!1_32_n)
    (not (= ((_ extract 4 4) INV!slice!1_26_n) #b0))
    ((_ bit2bool 0) INV!slice!1_29_n))
84: (or ((_ bit2bool 0) INV!slice!1_32_n)
    (not (= ((_ extract 4 4) INV!slice!1_26_n) #b0))
    (not (= INV!slice!1_28_n #b1)))
Simplified goal is:
0: (= ((_ extract 2 2) INV!slice!1_41_n) #b0)
1: (bvule ((_ extract 3 0) INV!slice!1_26_n) #x9)
2: (not ((_ bit2bool 32) INV!slice!1_39_n))
3: (or (not ((_ bit2bool 0) INV!slice!1_45_n)) (not (= INV!slice!1_47_n #b1)))
4: (not (= INV!slice!1_26_n #b00001))
5: (or (not (= INV!slice!1_23_n #b0))
    (= INV!slice!1_20_n #b0)
    (= INV!slice!1_31_n #b1))
6: (or (not (= INV!slice!1_9_n #b1))
    (= INV!slice!1_20_n #b0)
    (= INV!slice!1_31_n #b1))
7: (or (= INV!slice!1_20_n #b0)
    (= INV!slice!1_31_n #b1)
    (not (= INV!slice!1_47_n #b1)))
8: (not ((_ bit2bool 1) INV!slice!1_41_n))
9: (or (= INV!slice!1_49_n #b1)
    (= INV!slice!1_51_n #b1)
    (not (= INV!slice!1_9_n #b1))
    (= INV!slice!1_22_n #b10)
    (= INV!slice!1_22_n #b00)
    ((_ bit2bool 3) INV!slice!1_11_n)
    (= INV!slice!1_55_n #b0))
10: (or (not (= INV!slice!1_32_n #b0))
    (= INV!slice!1_49_n #b1)
    (= INV!slice!1_51_n #b1)
    (not (= INV!slice!1_9_n #b1))
    (= INV!slice!1_55_n #b0)
    (not ((_ bit2bool 1) INV!slice!1_22_n)))
11: (let ((a!1 (and (or (= INV!slice!1_13_n #b1) (= INV!slice!1_26_n #b00000))
                (not (= ((_ extract 4 1) INV!slice!1_26_n) #x0)))))
  (or (not (= INV!slice!1_23_n #b0))
      (not ((_ bit2bool 1) INV!slice!1_22_n))
      (ite (= INV!slice!1_13_n #b1)
           (= ((_ extract 0 0) INV!slice!1_41_n) #b0)
           (= ((_ extract 1 1) INV!slice!1_41_n) #b0))
      a!1
      (ite (= INV!slice!1_48_n #b0)
           (= INV!slice!1_32_n #b1)
           (= ((_ extract 12 12) INV!slice!1_8_n) #b1))))
12: (or (not (= INV!slice!1_26_n #b00000)) (= INV!slice!1_22_n #b00))
13: (or (= INV!slice!1_22_n #b00) (not (= INV!slice!1_45_n #b0)))
14: (or (= ((_ extract 0 0) INV!slice!1_22_n) #b1)
    ((_ bit2bool 0) INV!slice!1_32_n)
    (not (= ((_ extract 4 4) INV!slice!1_26_n) #b0))
    ((_ bit2bool 0) INV!slice!1_29_n))
15: (or ((_ bit2bool 0) INV!slice!1_32_n)
    (not (= ((_ extract 4 4) INV!slice!1_26_n) #b0))
    (not (= INV!slice!1_28_n #b1)))
Failed to verify: found
