AVR -- Proof Race 
copyright (c) 2019  Aman Goel and Karem Sakallah, University of Michigan
@     0s  (starting avr proof race)
@     0s  (output dir: /scratch/network/hongcez/hwmcc/avr-log/btor2/bv/mann/unknown/pr_ridecore)
@     0s  (max 11 workers)
@     0s  (started worker 0 with pid 261851)
@     0s  (started worker 1 with pid 261854)
@     0s  (started worker 2 with pid 261856)
@     0s  (started worker 3 with pid 261858)
@     0s  (started worker 4 with pid 261860)
@     0s  (spawned 5 workers)
@     0s  (total 5 workers using 0 MB)
@     1s  (started worker 5 with pid 262083)
@     1s  (spawned 1 workers)
@     1s  (total 6 workers using 459 MB)
@     2s  (started worker 6 with pid 327)
@     2s  (spawned 1 workers)
@     2s  (total 7 workers using 1405 MB)
@     4s  (started worker 7 with pid 417)
@     4s  (spawned 1 workers)
@     4s  (total 8 workers using 2226 MB)
@     6s  (started worker 8 with pid 552)
@     6s  (spawned 1 workers)
@     6s  (total 9 workers using 3177 MB)
@     9s  (started worker 9 with pid 684)
@     9s  (spawned 1 workers)
@     9s  (total 10 workers using 4252 MB)
@    12s  (started worker 10 with pid 779)
@    12s  (spawned 1 workers)
@    12s  (total 11 workers using 5122 MB)
@    24s  (total 11 workers using 7201 MB)
@    41s  (total 11 workers using 9364 MB)
@    57s  (total 11 workers using 9065 MB)
@    71s  (total 11 workers using 9455 MB)
@    85s  (total 11 workers using 9800 MB)
@   100s  (total 11 workers using 9851 MB)
@   114s  (total 11 workers using 10077 MB)
@   128s  (total 11 workers using 10174 MB)
@   141s  (total 11 workers using 10254 MB)
@   156s  (total 11 workers using 10256 MB)
@   169s  (total 11 workers using 10255 MB)
@   183s  (total 11 workers using 10308 MB)
@   197s  (total 11 workers using 10331 MB)
@   211s  (total 11 workers using 10359 MB)
@   224s  (total 11 workers using 10440 MB)
@   238s  (total 11 workers using 10693 MB)
@   252s  (total 11 workers using 10839 MB)
@   266s  (total 11 workers using 10861 MB)
@   279s  (total 11 workers using 10888 MB)
@   293s  (total 11 workers using 10942 MB)
@   307s  (total 11 workers using 10962 MB)
@   321s  (total 11 workers using 10981 MB)
@   334s  (total 11 workers using 11054 MB)
@   348s  (total 11 workers using 11068 MB)
@   361s  (total 11 workers using 11106 MB)
@   376s  (total 11 workers using 11117 MB)
@   389s  (total 11 workers using 11128 MB)
@   403s  (total 11 workers using 11134 MB)
@   416s  (total 11 workers using 11115 MB)
@   431s  (total 11 workers using 11188 MB)
@   444s  (total 11 workers using 11203 MB)
@   458s  (total 11 workers using 11217 MB)
@   471s  (total 11 workers using 11295 MB)
@   486s  (total 11 workers using 11663 MB)
@   499s  (total 11 workers using 11671 MB)
@   513s  (total 11 workers using 11684 MB)
@   526s  (total 11 workers using 11714 MB)
@   540s  (total 11 workers using 11707 MB)
@   553s  (total 11 workers using 11729 MB)
@   567s  (total 11 workers using 11757 MB)
@   581s  (total 11 workers using 11796 MB)
@   595s  (total 11 workers using 11827 MB)
@   608s  (total 11 workers using 11787 MB)
@   622s  (total 11 workers using 11822 MB)
@   635s  (total 11 workers using 11789 MB)
@   650s  (total 11 workers using 11857 MB)
@   663s  (total 11 workers using 11837 MB)
@   677s  (total 11 workers using 11836 MB)
@   690s  (total 11 workers using 11845 MB)
@   704s  (total 11 workers using 11864 MB)
@   718s  (total 11 workers using 11912 MB)
@   732s  (total 11 workers using 11903 MB)
@   745s  (total 11 workers using 11822 MB)
@   759s  (total 11 workers using 11789 MB)
@   772s  (total 11 workers using 11790 MB)
@   787s  (total 11 workers using 11804 MB)
@   800s  (total 11 workers using 11811 MB)
@   814s  (total 11 workers using 11827 MB)
@   827s  (total 11 workers using 11834 MB)
@   841s  (total 11 workers using 11842 MB)
@   855s  (total 11 workers using 11850 MB)
@   869s  (total 11 workers using 11879 MB)
@   882s  (total 11 workers using 11888 MB)
@   896s  (total 11 workers using 11847 MB)
@   909s  (total 11 workers using 11991 MB)
@   923s  (total 11 workers using 11981 MB)
@   937s  (total 11 workers using 11985 MB)
@   951s  (total 11 workers using 11989 MB)
@   964s  (total 11 workers using 11999 MB)
@   978s  (total 11 workers using 12050 MB)
@   991s  (total 11 workers using 12087 MB)
@  1006s  (total 11 workers using 12104 MB)
@  1019s  (total 11 workers using 12121 MB)
@  1033s  (total 11 workers using 12176 MB)
@  1046s  (total 11 workers using 12183 MB)
@  1060s  (total 11 workers using 12189 MB)
@  1074s  (total 11 workers using 12194 MB)
@  1088s  (total 11 workers using 12254 MB)
@  1101s  (total 11 workers using 12251 MB)
@  1115s  (total 11 workers using 12545 MB)
@  1128s  (total 11 workers using 12548 MB)
@  1142s  (total 11 workers using 12549 MB)
@  1155s  (total 11 workers using 12597 MB)
@  1170s  (total 11 workers using 12504 MB)
@  1183s  (total 11 workers using 12530 MB)
@  1197s  (total 11 workers using 12640 MB)
@  1210s  (total 11 workers using 12496 MB)
@  1224s  (total 11 workers using 12497 MB)
@  1238s  (total 11 workers using 12485 MB)
@  1252s  (total 11 workers using 12491 MB)
@  1265s  (total 11 workers using 12891 MB)
@  1279s  (total 11 workers using 12893 MB)
@  1292s  (total 11 workers using 12896 MB)
@  1306s  (total 11 workers using 12897 MB)
@  1319s  (total 11 workers using 12896 MB)
@  1334s  (total 11 workers using 12900 MB)
@  1347s  (total 11 workers using 12901 MB)
@  1361s  (total 11 workers using 12881 MB)
@  1374s  (total 11 workers using 12980 MB)
@  1388s  (total 11 workers using 12885 MB)
@  1402s  (total 11 workers using 12890 MB)
@  1416s  (total 11 workers using 12946 MB)
@  1429s  (total 11 workers using 12981 MB)
@  1443s  (total 11 workers using 12925 MB)
@  1456s  (total 11 workers using 12927 MB)
@  1470s  (total 11 workers using 12935 MB)
@  1484s  (total 11 workers using 12888 MB)
@  1498s  (total 11 workers using 12894 MB)
@  1511s  (total 11 workers using 12933 MB)
@  1525s  (total 11 workers using 12923 MB)
@  1538s  (total 11 workers using 12928 MB)
@  1552s  (total 11 workers using 12938 MB)
@  1565s  (total 11 workers using 12984 MB)
@  1579s  (total 11 workers using 13020 MB)
@  1592s  (total 11 workers using 13010 MB)
@  1607s  (total 11 workers using 13021 MB)
@  1620s  (total 11 workers using 13022 MB)
@  1634s  (total 11 workers using 13063 MB)
@  1647s  (total 11 workers using 13086 MB)
@  1662s  (total 11 workers using 13086 MB)
@  1675s  (total 11 workers using 13090 MB)
@  1689s  (total 11 workers using 13118 MB)
@  1702s  (total 11 workers using 13118 MB)
@  1716s  (total 11 workers using 13167 MB)
@  1730s  (total 11 workers using 13219 MB)
@  1744s  (total 11 workers using 13253 MB)
@  1757s  (total 11 workers using 13365 MB)
@  1771s  (total 11 workers using 13344 MB)
@  1784s  (total 11 workers using 13422 MB)
@  1798s  (total 11 workers using 13377 MB)
@  1811s  (total 11 workers using 13378 MB)
@  1826s  (total 11 workers using 13380 MB)
@  1839s  (total 11 workers using 13384 MB)
@  1853s  (total 11 workers using 13389 MB)
@  1866s  (total 11 workers using 13395 MB)
@  1880s  (total 11 workers using 13451 MB)
@  1893s  (total 11 workers using 13401 MB)
@  1907s  (total 11 workers using 13412 MB)
@  1920s  (total 11 workers using 13429 MB)
@  1935s  (total 11 workers using 13450 MB)
@  1948s  (total 11 workers using 13468 MB)
@  1962s  (total 11 workers using 13486 MB)
@  1975s  (total 11 workers using 13507 MB)
@  1989s  (total 11 workers using 13524 MB)
@  2002s  (total 11 workers using 13532 MB)
@  2016s  (total 11 workers using 13556 MB)
@  2029s  (total 11 workers using 13566 MB)
@  2043s  (total 11 workers using 13571 MB)
@  2056s  (total 11 workers using 13574 MB)
@  2070s  (total 11 workers using 13574 MB)
@  2083s  (total 11 workers using 13578 MB)
@  2097s  (total 11 workers using 13584 MB)
@  2110s  (total 11 workers using 13590 MB)
@  2125s  (total 11 workers using 13599 MB)
@  2138s  (total 11 workers using 13609 MB)
@  2152s  (total 11 workers using 13618 MB)
@  2164s  (total 11 workers using 13621 MB)
@  2179s  (total 11 workers using 13587 MB)
@  2192s  (total 11 workers using 13595 MB)
@  2206s  (total 11 workers using 13616 MB)
@  2219s  (total 11 workers using 13619 MB)
@  2233s  (total 11 workers using 13666 MB)
@  2246s  (total 11 workers using 13720 MB)
@  2260s  (total 11 workers using 13733 MB)
@  2273s  (total 11 workers using 13761 MB)
@  2287s  (total 11 workers using 13794 MB)
@  2301s  (total 11 workers using 13812 MB)
@  2314s  (total 11 workers using 13880 MB)
@  2328s  (total 11 workers using 13897 MB)
@  2342s  (total 11 workers using 13911 MB)
@  2355s  (total 11 workers using 13934 MB)
@  2369s  (total 11 workers using 13981 MB)
@  2382s  (total 11 workers using 14182 MB)
@  2396s  (total 11 workers using 14296 MB)
@  2409s  (total 11 workers using 14339 MB)
@  2423s  (total 11 workers using 14386 MB)
@  2436s  (total 11 workers using 14481 MB)
@  2450s  (total 11 workers using 14503 MB)
@  2463s  (total 11 workers using 14513 MB)
@  2477s  (total 11 workers using 14528 MB)
@  2490s  (total 11 workers using 14515 MB)
@  2504s  (total 11 workers using 14527 MB)
@  2517s  (total 11 workers using 14541 MB)
@  2531s  (total 11 workers using 14557 MB)
@  2544s  (total 11 workers using 14565 MB)
@  2558s  (total 11 workers using 14582 MB)
@  2571s  (total 11 workers using 14606 MB)
@  2585s  (total 11 workers using 14616 MB)
@  2598s  (total 11 workers using 14682 MB)
@  2612s  (total 11 workers using 14687 MB)
@  2625s  (total 11 workers using 14709 MB)
@  2639s  (total 11 workers using 14718 MB)
@  2652s  (total 11 workers using 14727 MB)
@  2666s  (total 11 workers using 14707 MB)
@  2679s  (total 11 workers using 14657 MB)
@  2694s  (total 11 workers using 14658 MB)
@  2707s  (total 11 workers using 14664 MB)
@  2721s  (total 11 workers using 14669 MB)
@  2734s  (total 11 workers using 14674 MB)
@  2748s  (total 11 workers using 14620 MB)
@  2761s  (total 11 workers using 14649 MB)
@  2775s  (total 11 workers using 14656 MB)
@  2788s  (total 11 workers using 14663 MB)
@  2802s  (total 11 workers using 14666 MB)
@  2815s  (total 11 workers using 14671 MB)
@  2829s  (total 11 workers using 14680 MB)
@  2842s  (total 11 workers using 14683 MB)
@  2856s  (total 11 workers using 14735 MB)
@  2870s  (total 11 workers using 14754 MB)
@  2884s  (total 11 workers using 14770 MB)
@  2897s  (total 11 workers using 14780 MB)
@  2911s  (total 11 workers using 14796 MB)
@  2924s  (total 11 workers using 14822 MB)
@  2938s  (total 11 workers using 14806 MB)
@  2951s  (total 11 workers using 14854 MB)
@  2965s  (total 11 workers using 14863 MB)
@  2979s  (total 11 workers using 14865 MB)
@  2993s  (total 11 workers using 14870 MB)
@  3006s  (total 11 workers using 14885 MB)
@  3020s  (total 11 workers using 14932 MB)
@  3033s  (total 11 workers using 14954 MB)
@  3047s  (total 11 workers using 14984 MB)
@  3060s  (total 11 workers using 14998 MB)
@  3074s  (total 11 workers using 15006 MB)
@  3087s  (total 11 workers using 15025 MB)
@  3101s  (total 11 workers using 15011 MB)
@  3114s  (total 11 workers using 15016 MB)
@  3129s  (total 11 workers using 15023 MB)
@  3142s  (total 11 workers using 14967 MB)
@  3156s  (total 11 workers using 14975 MB)
@  3169s  (total 11 workers using 14982 MB)
@  3183s  (total 11 workers using 15018 MB)
@  3196s  (total 11 workers using 15027 MB)
@  3210s  (total 11 workers using 15115 MB)
@  3223s  (total 11 workers using 15212 MB)
@  3237s  (total 11 workers using 15243 MB)
@  3250s  (total 11 workers using 15250 MB)
@  3264s  (total 11 workers using 15316 MB)
@  3278s  (total 11 workers using 15295 MB)
@  3292s  (total 11 workers using 15323 MB)
@  3305s  (total 11 workers using 15327 MB)
@  3319s  (total 11 workers using 15330 MB)
@  3332s  (total 11 workers using 15357 MB)
@  3346s  (total 11 workers using 15385 MB)
@  3359s  (total 11 workers using 15403 MB)
@  3373s  (total 11 workers using 15424 MB)
@  3387s  (total 11 workers using 15472 MB)
@  3401s  (total 11 workers using 15491 MB)
@  3414s  (total 11 workers using 15516 MB)
@  3428s  (total 11 workers using 15559 MB)
@  3441s  (total 11 workers using 15564 MB)
@  3455s  (total 11 workers using 15538 MB)
@  3468s  (total 11 workers using 15545 MB)
@  3482s  (total 11 workers using 15616 MB)
@  3495s  (total 11 workers using 15674 MB)
@  3509s  (total 11 workers using 15613 MB)
@  3522s  (total 11 workers using 15615 MB)
@  3536s  (total 11 workers using 15618 MB)
@  3549s  (total 11 workers using 15651 MB)
@  3563s  (total 11 workers using 15679 MB)
@  3574s  (stopping all workers)
@  3574s  (worker 0 finished with result unknown) python3 avr.py -a sa
@  3574s  (worker 2 finished with result unknown) python3 avr.py
@  3574s  (worker 4 finished with result unknown) python3 avr.py -b bin_y2 --bmc
@  3574s  (worker 7 finished with result unknown) python3 avr.py -s -l 0
@  3574s  (worker 9 finished with result unknown) python3 avr.py -b bin_y2 -s -a sa4 --interpol 1 -f 1
@  3574s  (worker 1 finished with result unknown) python3 avr.py -b bin_bt_cadical -s --bmc
@  3574s  (worker 5 finished with result unknown) python3 avr.py -b bin_bt_cadical -g 3 -l 0 -a sa32
@  3574s  (worker 8 finished with result unknown) python3 avr.py -l 5 -g 3 -a sa8 --interpol 1 -f 1
@  3574s  (worker 3 finished with result unknown) python3 avr.py -b bin_y2 -s
@  3574s  (worker 10 finished with result unknown) python3 avr.py --bmc
@  3574s  (worker 6 finished with result unknown) python3 avr.py -a sa --interpol 1 -f 1
@  3574s  (copied results from worker 0 in /scratch/network/hongcez/hwmcc/avr-log/btor2/bv/mann/unknown/pr_ridecore)
@  3574s  [0;30;47m(proof race finished with answer unknown in 3574.20 seconds)[m
