sat
b0 
#0
0 0 ref_uut.trap_gold#0
1 1 ref_uut.trap_gate#0
2 0 ref_uut.mem_valid_gold#0
3 1 ref_uut.mem_valid_gate#0
4 0 ref_uut.mem_instr_gold#0
5 0 ref_uut.mem_instr_gate#0
6 00000000000000000000000000000000 ref_uut.mem_addr_gold#0
7 00000000000000000000000000000000 ref_uut.mem_addr_gate#0
8 0000 ref_uut.mem_wstrb_gold#0
9 0010 ref_uut.mem_wstrb_gate#0
10 00000000000000000000000000000000 ref_uut.mem_wdata_gold#0
11 00000000000000000000000000000000 ref_uut.mem_wdata_gate#0
13 00100011111001011100101110011010 ref_uut.reg_next_pc_gold#0
14 00 ref_uut.irq_state_gold#0
15 10100000000000000000000000000000 ref_uut.reg_out_gold#0
16 00000000000000000000000000000000 ref_uut.alu_out_q_gold#0
17 0 ref_uut.latched_stalu_gold#0
18 0 ref_uut.latched_store_gold#0
19 0 ref_uut.latched_branch_gold#0
20 1 ref_uut.compressed_instr_gold#0
21 01100100010110111011101110111101 ref_uut.reg_next_pc_gate#0
22 10 ref_uut.irq_state_gate#0
23 00100011111001011100101111010000 ref_uut.reg_out_gate#0
24 00100011111001011100101110011100 ref_uut.alu_out_q_gate#0
25 1 ref_uut.latched_stalu_gate#0
26 1 ref_uut.latched_store_gate#0
27 1 ref_uut.latched_branch_gate#0
28 1 ref_uut.compressed_instr_gate#0
29 0 ref_uut.mem_do_prefetch_gold#0
30 0 ref_uut.mem_do_rinst_gold#0
31 1 ref_uut.mem_la_secondword_gold#0
32 1 ref_uut.prefetched_high_word_gold#0
33 1 ref_uut.clear_prefetched_high_word_q_gold#0
34 1 ref_uut.mem_la_firstword_reg_gold#0
35 1 ref_uut.last_mem_valid_gold#0
36 0 ref_uut.mem_do_prefetch_gate#0
37 1 ref_uut.mem_do_rinst_gate#0
38 0 ref_uut.mem_la_secondword_gate#0
39 1 ref_uut.prefetched_high_word_gate#0
40 0 ref_uut.clear_prefetched_high_word_q_gate#0
41 0 ref_uut.mem_la_firstword_reg_gate#0
42 1 ref_uut.last_mem_valid_gate#0
43 0011 state43#0
44 00000000000000000010010000000000 ref_uut.reg_op1_gold#0
45 00 ref_uut.mem_wordsize_gold#0
46 00 ref_uut.mem_state_gold#0
47 0 ref_uut.mem_do_wdata_gold#0
48 1100 state48#0
49 00000000000000000010010000000000 ref_uut.reg_op1_gate#0
50 00 ref_uut.mem_wordsize_gate#0
51 00 ref_uut.mem_state_gate#0
52 1 ref_uut.mem_do_wdata_gate#0
53 00001000000010011111010100001011 ref_uut.mem_rdata_q_gold#0
54 0110001011100011 ref_uut.mem_16bit_buffer_gold#0
55 00001010000010111111110110001011 ref_uut.mem_rdata_q_gate#0
56 0110001011100011 ref_uut.mem_16bit_buffer_gate#0
57 01000000 ref_uut.cpu_state_gold#0
58 00100000 ref_uut.cpu_state_gate#0
59 00000000000000000000000000000000 ref_uut.timer_gold#0
60 00101010000100100101001010101111 ref_uut.timer_gate#0
61 0 ref_uut.is_alu_reg_imm_gold#0
62 0 ref_uut.is_alu_reg_imm_gate#0
63 1 ref_uut.is_alu_reg_reg_gold#0
64 1 ref_uut.is_alu_reg_reg_gate#0
65 1 ref_uut.decoder_trigger_gold#0
66 1 ref_uut.do_waitirq_gold#0
67 1 ref_uut.decoder_trigger_gate#0
68 0 ref_uut.do_waitirq_gate#0
69 0 ref_uut.irq_active_gold#0
70 0 ref_uut.irq_delay_gold#0
71 1 ref_uut.irq_active_gate#0
72 0 ref_uut.irq_delay_gate#0
73 10010000101110001011100000100000 ref_uut.irq_pending_gold#0
74 01011110111111110011100000000000 ref_uut.irq_mask_gold#0
75 00000000000000000000000000000000 ref_uut.irq_pending_gate#0
76 01000100110100101101111110110011 ref_uut.irq_mask_gate#0
77 0 ref_uut.instr_jalr_gold#0
78 0 ref_uut.instr_retirq_gold#0
79 0 ref_uut.instr_jalr_gate#0
80 0 ref_uut.instr_retirq_gate#0
81 0 ref_uut.mem_do_rdata_gold#0
82 1 ref_uut.mem_do_rdata_gate#0
83 00000000000000000010010000001001 ref_uut.reg_op2_gold#0
84 00000000000000000010010000001001 ref_uut.reg_op2_gate#0
85 0 ref_uut.instr_timer_gold#0
86 1 ref_uut.instr_waitirq_gold#0
87 0 ref_uut.instr_maskirq_gold#0
88 0 ref_uut.instr_rdinstrh_gold#0
89 0 ref_uut.instr_rdinstr_gold#0
90 0 ref_uut.instr_rdcycleh_gold#0
91 0 ref_uut.instr_rdcycle_gold#0
92 1 ref_uut.instr_and_gold#0
93 0 ref_uut.instr_or_gold#0
94 0 ref_uut.instr_sra_gold#0
95 0 ref_uut.instr_srl_gold#0
96 1 ref_uut.instr_xor_gold#0
97 1 ref_uut.instr_sltu_gold#0
98 1 ref_uut.instr_slt_gold#0
99 1 ref_uut.instr_sll_gold#0
100 0 ref_uut.instr_sub_gold#0
101 0 ref_uut.instr_add_gold#0
102 0 ref_uut.instr_srai_gold#0
103 1 ref_uut.instr_srli_gold#0
104 0 ref_uut.instr_slli_gold#0
105 1 ref_uut.instr_andi_gold#0
106 0 ref_uut.instr_ori_gold#0
107 0 ref_uut.instr_xori_gold#0
108 1 ref_uut.instr_sltiu_gold#0
109 0 ref_uut.instr_slti_gold#0
110 0 ref_uut.instr_addi_gold#0
111 0 ref_uut.instr_sw_gold#0
112 0 ref_uut.instr_sh_gold#0
113 0 ref_uut.instr_sb_gold#0
114 0 ref_uut.instr_lhu_gold#0
115 0 ref_uut.instr_lbu_gold#0
116 0 ref_uut.instr_lw_gold#0
117 0 ref_uut.instr_lh_gold#0
118 0 ref_uut.instr_lb_gold#0
119 0 ref_uut.instr_bgeu_gold#0
120 1 ref_uut.instr_bltu_gold#0
121 0 ref_uut.instr_bge_gold#0
122 0 ref_uut.instr_blt_gold#0
123 0 ref_uut.instr_bne_gold#0
124 1 ref_uut.instr_beq_gold#0
125 0 ref_uut.instr_jal_gold#0
126 1 ref_uut.instr_auipc_gold#0
127 0 ref_uut.instr_lui_gold#0
128 0 ref_uut.instr_timer_gate#0
129 1 ref_uut.instr_waitirq_gate#0
130 0 ref_uut.instr_maskirq_gate#0
131 0 ref_uut.instr_rdinstrh_gate#0
132 0 ref_uut.instr_rdinstr_gate#0
133 0 ref_uut.instr_rdcycleh_gate#0
134 0 ref_uut.instr_rdcycle_gate#0
135 0 ref_uut.instr_and_gate#0
136 1 ref_uut.instr_or_gate#0
137 0 ref_uut.instr_sra_gate#0
138 0 ref_uut.instr_srl_gate#0
139 0 ref_uut.instr_xor_gate#0
140 1 ref_uut.instr_sltu_gate#0
141 0 ref_uut.instr_slt_gate#0
142 1 ref_uut.instr_sll_gate#0
143 1 ref_uut.instr_sub_gate#0
144 0 ref_uut.instr_add_gate#0
145 1 ref_uut.instr_srai_gate#0
146 0 ref_uut.instr_srli_gate#0
147 0 ref_uut.instr_slli_gate#0
148 0 ref_uut.instr_andi_gate#0
149 0 ref_uut.instr_ori_gate#0
150 1 ref_uut.instr_xori_gate#0
151 1 ref_uut.instr_sltiu_gate#0
152 0 ref_uut.instr_slti_gate#0
153 0 ref_uut.instr_addi_gate#0
154 0 ref_uut.instr_sw_gate#0
155 0 ref_uut.instr_sh_gate#0
156 1 ref_uut.instr_sb_gate#0
157 1 ref_uut.instr_lhu_gate#0
158 0 ref_uut.instr_lbu_gate#0
159 0 ref_uut.instr_lw_gate#0
160 1 ref_uut.instr_lh_gate#0
161 1 ref_uut.instr_lb_gate#0
162 0 ref_uut.instr_bgeu_gate#0
163 0 ref_uut.instr_bltu_gate#0
164 0 ref_uut.instr_bge_gate#0
165 0 ref_uut.instr_blt_gate#0
166 1 ref_uut.instr_bne_gate#0
167 0 ref_uut.instr_beq_gate#0
168 0 ref_uut.instr_jal_gate#0
169 0 ref_uut.instr_auipc_gate#0
170 0 ref_uut.instr_lui_gate#0
171 0 state171#0
172 0 state172#0
173 000000000000000000000000000000 state173#0
174 01111111111111111111111111111101 ref_uut.reg_pc_gold#0
175 0 state175#0
176 0 state176#0
177 000000000000000000000000000000 state177#0
178 01111111111111111111111111111101 ref_uut.reg_pc_gate#0
179 0 state179#0
180 0 ref_uut.is_sltiu_bltu_sltu_gold#0
181 0 ref_uut.is_slti_blt_slt_gold#0
182 1 ref_uut.is_beq_bne_blt_bge_bltu_bgeu_gold#0
183 1 state183#0
184 0 ref_uut.is_sltiu_bltu_sltu_gate#0
185 0 ref_uut.is_slti_blt_slt_gate#0
186 1 ref_uut.is_beq_bne_blt_bge_bltu_bgeu_gate#0
187 10100 ref_uut.reg_sh_gold#0
188 00100 ref_uut.reg_sh_gate#0
189 0 ref_uut.is_sb_sh_sw_gold#0
190 0 ref_uut.is_jalr_addi_slti_sltiu_xori_ori_andi_gold#0
191 1 ref_uut.is_lui_auipc_jal_gold#0
192 0 ref_uut.is_slli_srli_srai_gold#0
193 1 ref_uut.is_lb_lh_lw_lbu_lhu_gold#0
194 0 ref_uut.is_sb_sh_sw_gate#0
195 0 ref_uut.is_jalr_addi_slti_sltiu_xori_ori_andi_gate#0
196 1 ref_uut.is_lui_auipc_jal_gate#0
197 1 ref_uut.is_slli_srli_srai_gate#0
198 1 ref_uut.is_lb_lh_lw_lbu_lhu_gate#0
201 11011 ref_uut.decoded_rs1_gold#0
234 11011 ref_uut.decoded_rs1_gate#0
265 00101000000010011010001011101100 ref_uut.decoded_imm_j_gold#0
266 10101011000111010011100011100110 ref_uut.decoded_imm_j_gate#0
267 00000000000000000000000000001010 state267#0
268 0 ref_uut.is_compare_gate#0
269 1 ref_uut.is_lui_auipc_jal_jalr_addi_add_sub_gate#0
270 00000000000000000000100100000000 state270#0
271 1 ref_uut.is_compare_gold#0
272 0 ref_uut.is_lui_auipc_jal_jalr_addi_add_sub_gold#0
273 1101111011010001011010010010101011111111111111111111111111111110 ref_uut.count_cycle_gate#0
274 0001101001010010101000011100011101111111111111111111111111111111 ref_uut.count_cycle_gold#0
275 1111100000010100100110100100100000001010001010000111111101100010 ref_uut.count_instr_gate#0
276 0011000111110011110001011100000010100000001110111010100001000011 ref_uut.count_instr_gold#0
277 11100 ref_uut.decoded_rs2_gate#0
278 00000 ref_uut.decoded_rs2_gold#0
279 00000000000000000000000000000000 state279#0
280 0 ref_uut.latched_compr_gate#0
281 10001110100101000001000000010110 state281#0
282 0 ref_uut.latched_compr_gold#0
283 10000000111000011101110000000001 ref_uut.decoded_imm_gate#0
284 01111000100000011110000001100000 ref_uut.decoded_imm_gold#0
285 11011 ref_uut.decoded_rd_gate#0
286 01011 ref_uut.decoded_rd_gold#0
287 0 ref_uut.decoder_pseudo_trigger_gate#0
288 1 ref_uut.decoder_pseudo_trigger_gold#0
289 1 ref_uut.is_lbu_lhu_lw_gate#0
290 0 ref_uut.is_lbu_lhu_lw_gold#0
291 1 ref_uut.latched_is_lb_gate#0
292 0 ref_uut.latched_is_lb_gold#0
293 1 ref_uut.latched_is_lh_gate#0
294 1 ref_uut.latched_is_lh_gold#0
295 1 ref_uut.latched_is_lu_gate#0
296 0 ref_uut.latched_is_lu_gold#0
297 00000 ref_uut.latched_rd_gate#0
298 00100 ref_uut.latched_rd_gold#0
299 00000000000000000000000000000000 state299#0
300 00000000000000000000000000000000 state300#0
301 00000000000000000101010101011101 state301#0
302 11010101 state302#0
303 0000000000000000 state303#0
304 00000000000000001000000001111101 state304#0
305 11111111 state305#0
306 0000000000000000 state306#0
307 10100000000000000000000000000000 state307#0
308 11111111111111111111111111111111 state308#0
309 11111111111111111111111111111010 state309#0
310 11000000000000000000000000000000 state310#0
311 00000000000000000000000000000110 state311#0
312 00000000000000001111111111111111 state312#0
313 00000100011100011001010000111000 state313#0
314 00000000000000000000000000000000 state314#0
315 0 state315#0
316 0 state316#0
317 00000000000000000000000000000000 state317#0
318 0 state318#0
319 00000000000000000000000000000000 state319#0
320 0 state320#0
321 1 state321#0
322 0 state322#0
323 00000000000000000000000000000000 state323#0
324 00000000000000000000000000000000 state324#0
325 00000 state325#0
326 11001 state326#0
327 1 state327#0
328 1 state328#0
@0
0 0 clk@0
1 10100001011100010010001010000011 irq@0
2 00010101000111111110010100001011 mem_rdata@0
3 1 mem_ready@0
4 0 resetn@0
#1
43 0011 state43#1
48 1100 state48#1
171 0 state171#1
172 0 state172#1
173 000000000000000000000000000000 state173#1
175 0 state175#1
176 0 state176#1
177 000000000000000000000000000001 state177#1
179 1 state179#1
183 0 state183#1
267 00000000000000000000000000000000 state267#1
270 00000000000000000000100100000000 state270#1
279 00000110101111011010111101110000 state279#1
281 00011010101101100010011011100001 state281#1
299 00000000000000000000000000000000 state299#1
300 00000000000000000000000000000000 state300#1
301 00000000000000001101101101100011 state301#1
302 01011011 state302#1
303 0000000000000000 state303#1
304 00000000000000000001100011011111 state304#1
305 00000000 state305#1
306 0000000000000000 state306#1
307 10100000000000000000000000000000 state307#1
308 11111111111111111111111111111111 state308#1
309 00000000000000000000000000000001 state309#1
310 11111111111111111111111111111111 state310#1
311 00000000000000000000000000000110 state311#1
312 11111111111111111111111111110111 state312#1
313 11111111111111111111111111111111 state313#1
314 00000000000000000000000000000000 state314#1
315 1 state315#1
316 0 state316#1
317 00000000000000000000000000000000 state317#1
318 0 state318#1
319 00000000000000000000000000000000 state319#1
320 0 state320#1
321 0 state321#1
322 0 state322#1
323 00000000000000000000000000000000 state323#1
324 00000000000000000000000000000000 state324#1
325 00001 state325#1
326 00010 state326#1
327 0 state327#1
328 0 state328#1
@1
0 0 clk@1
1 00000000000000000000000000000000 irq@1
2 10101101001111010010110111001001 mem_rdata@1
3 1 mem_ready@1
4 1 resetn@1
#2
43 0011 state43#2
48 1100 state48#2
171 0 state171#2
172 0 state172#2
173 000000000000000000000000000000 state173#2
175 0 state175#2
176 0 state176#2
177 000000000000000000000000000001 state177#2
179 1 state179#2
183 1 state183#2
267 00000000000000000000000000000000 state267#2
270 00000000000000000000100100000000 state270#2
279 01110111101110010100111100011100 state279#2
281 01001001101010110011011011101001 state281#2
299 00000000000000000000000000000000 state299#2
300 00000000000000000000000000000000 state300#2
301 00000000000000000010111001101011 state301#2
302 00101110 state302#2
303 0000000000000000 state303#2
304 00000000000000001011111001111011 state304#2
305 00000000 state305#2
306 0000000000000000 state306#2
307 10100000000000000000000000000010 state307#2
308 11111111111111111111111111111111 state308#2
309 00000000000000000000000000000000 state309#2
310 11111111111111111111111111111111 state310#2
311 00000000000000000000000000000110 state311#2
312 00000000000000000000000000000000 state312#2
313 11111111111111111111111111111111 state313#2
314 00000000000000000000000000000000 state314#2
315 1 state315#2
316 0 state316#2
317 00000000000000000000000000000000 state317#2
318 0 state318#2
319 00000000000000000000000000000000 state319#2
320 0 state320#2
321 0 state321#2
322 0 state322#2
323 00000000000000000000000000000000 state323#2
324 00000000000000000000000000000000 state324#2
325 00000 state325#2
326 00000 state326#2
327 0 state327#2
328 0 state328#2
@2
0 0 clk@2
1 00000000000000000000000000000000 irq@2
2 01010001011010101000111000010110 mem_rdata@2
3 0 mem_ready@2
4 1 resetn@2
#3
43 0011 state43#3
48 1100 state48#3
171 0 state171#3
172 0 state172#3
173 000000000000000000000000000001 state173#3
175 0 state175#3
176 0 state176#3
177 000000000000000000000000000001 state177#3
179 1 state179#3
183 1 state183#3
267 00000000000000000000000000000000 state267#3
270 00000000000000000000100100000000 state270#3
279 00101100011001011101010011110100 state279#3
281 10111010100000010011000001011000 state281#3
299 00000000000000000000000000000000 state299#3
300 00000000000000000000000000000000 state300#3
301 00000000000000000010100011100011 state301#3
302 00101000 state302#3
303 0000000000000000 state303#3
304 00000000000000000100100000100001 state304#3
305 11000000 state305#3
306 0000000000000000 state306#3
307 00110110001110000101100101001000 state307#3
308 00001000100000111111111111111110 state308#3
309 00000000000000000000000000000001 state309#3
310 11111111111111111111111111111111 state310#3
311 10111111011001011011111010110010 state311#3
312 00000000000000000000000000000000 state312#3
313 11111111111111111111111111111111 state313#3
314 00000000000000000000000000000000 state314#3
315 0 state315#3
316 0 state316#3
317 00000000000000000000000000000000 state317#3
318 1 state318#3
319 00000000000000000000000000000000 state319#3
320 0 state320#3
321 0 state321#3
322 0 state322#3
323 00000000000000000000000000000000 state323#3
324 00000000000000000000000000000000 state324#3
325 00011 state325#3
326 10100 state326#3
327 0 state327#3
328 0 state328#3
@3
0 0 clk@3
1 00000000000000000000000000000000 irq@3
2 00000110000000000010110010001011 mem_rdata@3
3 1 mem_ready@3
4 1 resetn@3
#4
43 0011 state43#4
48 1100 state48#4
171 1 state171#4
172 0 state172#4
173 000000000000000000000000000000 state173#4
175 0 state175#4
176 0 state176#4
177 000000000000000000000000000001 state177#4
179 0 state179#4
183 0 state183#4
267 00000000000000000000000000000000 state267#4
270 01010000000000000000000000100010 state270#4
279 00001111110100110000000000100011 state279#4
281 10111101111101011100010001110101 state281#4
299 00000000000000000000000000000000 state299#4
300 00000000000000000000000000000000 state300#4
301 00000000000000000000100111000001 state301#4
302 00001001 state302#4
303 0000000000000000 state303#4
304 00000000000000000010011101000001 state304#4
305 00010110 state305#4
306 0000000000000000 state306#4
307 10100000000000000000000000000000 state307#4
308 00000000000000001110000010001110 state308#4
309 00000000000000000000000000000000 state309#4
310 11111111111111111111111111111111 state310#4
311 00000000000000000000000000000110 state311#4
312 00000000000000000000000000000000 state312#4
313 11111111111111111111111111111111 state313#4
314 00000000000000000000000000000000 state314#4
315 0 state315#4
316 0 state316#4
317 00000000000000000000000000000000 state317#4
318 0 state318#4
319 00000000000000000000000000000000 state319#4
320 0 state320#4
321 0 state321#4
322 0 state322#4
323 00000000000000000000000000000000 state323#4
324 00000000000000000000000000000000 state324#4
325 00010 state325#4
326 10000 state326#4
327 0 state327#4
328 0 state328#4
@4
0 0 clk@4
1 00000000000000000000000000000000 irq@4
2 00001000000000000010110000001011 mem_rdata@4
3 1 mem_ready@4
4 1 resetn@4
#5
43 0011 state43#5
48 1100 state48#5
171 0 state171#5
172 1 state172#5
173 000000000000000000100000000001 state173#5
175 0 state175#5
176 0 state176#5
177 111111111111111111111111111110 state177#5
179 1 state179#5
183 1 state183#5
267 00000000000000000000000000000000 state267#5
270 01010000000000000000000000100010 state270#5
279 00000000000000000000000000010000 state279#5
281 00000000000000000000000000000010 state281#5
299 00000000000000000000000000000000 state299#5
300 00000000000000000000000000000000 state300#5
301 00000000000000000000100000000011 state301#5
302 00001000 state302#5
303 0000000000000000 state303#5
304 00000000000000000011110010000001 state304#5
305 00001000 state305#5
306 0000000000000000 state306#5
307 10100000000000000000000000000000 state307#5
308 11111111111111111111111111111111 state308#5
309 01000000000000000000000000000001 state309#5
310 11111111111111111111111111111111 state310#5
311 00000000000000000000000000000110 state311#5
312 00000000000000000000000000000000 state312#5
313 11111111111111111111111111111111 state313#5
314 00000000000000000000000000000000 state314#5
315 0 state315#5
316 0 state316#5
317 00000000000000000000000000000000 state317#5
318 0 state318#5
319 00000000000000000000000000000000 state319#5
320 0 state320#5
321 0 state321#5
322 0 state322#5
323 00000000000000001011000000000000 state323#5
324 00000000010000000011000000000000 state324#5
325 00000 state325#5
326 00100 state326#5
327 0 state327#5
328 0 state328#5
@5
0 0 clk@5
1 00000000000000000000000000000000 irq@5
2 01000000000011010001011000010001 mem_rdata@5
3 0 mem_ready@5
4 1 resetn@5
#6
43 0011 state43#6
48 1100 state48#6
171 0 state171#6
172 1 state172#6
173 000000000000000000100000000001 state173#6
175 0 state175#6
176 0 state176#6
177 000000000000000000000000000001 state177#6
179 1 state179#6
183 0 state183#6
267 00000000000000000000000000000000 state267#6
270 01010000000000000000000000100010 state270#6
279 00000000000000000000000000000100 state279#6
281 00000000000000000000000000000000 state281#6
299 00000000000000000000000000000000 state299#6
300 00000000000000000000000000000000 state300#6
301 00000000000000000100100111001110 state301#6
302 11001001 state302#6
303 0000000000000000 state303#6
304 00000000000000000000100011100011 state304#6
305 00000000 state305#6
306 0000000000000000 state306#6
307 00100000000000000000000000000000 state307#6
308 11111111100000111111111111111111 state308#6
309 00000000000000000000000000000000 state309#6
310 00000000000000000000000000000000 state310#6
311 00000000000000000000000000000110 state311#6
312 00000000000000000000000000000000 state312#6
313 11111111111111111111111111111111 state313#6
314 00000000000000000000000000000000 state314#6
315 1 state315#6
316 0 state316#6
317 00000000000000000000000000000000 state317#6
318 0 state318#6
319 00000000000000000000000000000000 state319#6
320 0 state320#6
321 0 state321#6
322 1 state322#6
323 00000000000000000000000000000000 state323#6
324 00000000000000000000000000000000 state324#6
325 00000 state325#6
326 00100 state326#6
327 0 state327#6
328 0 state328#6
@6
0 0 clk@6
1 00000000000000000000000000000000 irq@6
2 00000001101111111001110011100101 mem_rdata@6
3 1 mem_ready@6
4 1 resetn@6
#7
43 0011 state43#7
48 1100 state48#7
171 0 state171#7
172 1 state172#7
173 000000000000000000100000000001 state173#7
175 0 state175#7
176 0 state176#7
177 000000000000000000000000000001 state177#7
179 0 state179#7
183 0 state183#7
267 00000000000000000000000000000000 state267#7
270 00000000000000000000000000000000 state270#7
279 00000000000000001011000000000000 state279#7
281 00000000000000001011000000000000 state281#7
299 00000000000000000000000000000000 state299#7
300 00000000000000000000000000000000 state300#7
301 00000000000000001011110010000001 state301#7
302 00111100 state302#7
303 0000000000000000 state303#7
304 00000000000000001011110010000011 state304#7
305 00000000 state305#7
306 0000000000000000 state306#7
307 00100000000000000000000000000000 state307#7
308 11111111111111111111111111111110 state308#7
309 11111111111111111111111111111110 state309#7
310 00000000000000000000000000000000 state310#7
311 00100000000000000000000000000110 state311#7
312 11111111111111111111111111111110 state312#7
313 11111111111111111111111111111110 state313#7
314 00000000000000000000000000000000 state314#7
315 0 state315#7
316 0 state316#7
317 00000000000000000000000000000000 state317#7
318 0 state318#7
319 00000000000000000000000000000000 state319#7
320 0 state320#7
321 0 state321#7
322 0 state322#7
323 00000000000000000000000000000000 state323#7
324 00000000000000000000000000000000 state324#7
325 00000 state325#7
326 10111 state326#7
327 0 state327#7
328 0 state328#7
@7
0 0 clk@7
1 00000000000000000000000000000000 irq@7
2 00000101100101111000000011100111 mem_rdata@7
3 1 mem_ready@7
4 1 resetn@7
#8
43 0001 state43#8
48 0000 state48#8
171 0 state171#8
172 0 state172#8
173 000000000000000000000000000001 state173#8
175 0 state175#8
176 0 state176#8
177 000000000000000000000000000001 state177#8
179 0 state179#8
183 0 state183#8
267 00000000000000000000000000000000 state267#8
270 11111111111111111111111111111111 state270#8
279 00000000000000010000100000000100 state279#8
281 00000000000000000000000000000100 state281#8
299 00000000000000000000000000000000 state299#8
300 00000000000000000000000000000000 state300#8
301 00000000000000000100000011000001 state301#8
302 01000000 state302#8
303 0000000000000000 state303#8
304 00000000000000000011100111000001 state304#8
305 11111111 state305#8
306 0000000000000000 state306#8
307 10100000000000000000000000000000 state307#8
308 11111111111111111111111111111111 state308#8
309 11111111111111111111111111111111 state309#8
310 11111111111111111111111111111111 state310#8
311 00000000000000000000000000000110 state311#8
312 11111111111111111111111111111111 state312#8
313 11111111111111111111111111111111 state313#8
314 11111111111111111111111111111111 state314#8
315 0 state315#8
316 0 state316#8
317 00000000000000000000000000000000 state317#8
318 0 state318#8
319 00000000000000000000000000000000 state319#8
320 1 state320#8
321 0 state321#8
322 0 state322#8
323 00000000000000000000000000000000 state323#8
324 00000000000000000000000000000000 state324#8
325 00000 state325#8
326 00100 state326#8
327 0 state327#8
328 0 state328#8
@8
0 0 clk@8
1 00000000000000000000000000000000 irq@8
2 00011100110001110110110110001111 mem_rdata@8
3 1 mem_ready@8
4 1 resetn@8
#9
43 0011 state43#9
48 1100 state48#9
171 1 state171#9
172 1 state172#9
173 111111111111111111011111111111 state173#9
175 1 state175#9
176 1 state176#9
177 111111111111111111111111111111 state177#9
179 0 state179#9
183 0 state183#9
267 00000000000000000000000000000000 state267#9
270 11111111111111111111111111111111 state270#9
279 00000000000000000000000000000110 state279#9
281 00000000000000000010000000000100 state281#9
299 00000000000000000000000000000000 state299#9
300 00000000000000000000000000000000 state300#9
301 00000000000000000000010000001111 state301#9
302 00000100 state302#9
303 0000000000000000 state303#9
304 00000000000000000000010010001111 state304#9
305 11111111 state305#9
306 0000000000000000 state306#9
307 10100000000000000000000000000000 state307#9
308 11111111111111111111111111111111 state308#9
309 00000000000000000010000000000000 state309#9
310 11111111111111111111111111111111 state310#9
311 00000000000000000000000000000110 state311#9
312 11111111111111111111111111111111 state312#9
313 00000000000000000000000000000000 state313#9
314 11111111111111111111111111111111 state314#9
315 0 state315#9
316 0 state316#9
317 11111111111111111111111111111111 state317#9
318 1 state318#9
319 11111111111111111111111111111111 state319#9
320 1 state320#9
321 0 state321#9
322 1 state322#9
323 00000000000000000000000000000000 state323#9
324 00000000000000000000000000000000 state324#9
325 00000 state325#9
326 00001 state326#9
327 0 state327#9
328 0 state328#9
@9
0 0 clk@9
1 00000000000000000000000000000001 irq@9
2 00001001001000111000000000001011 mem_rdata@9
3 0 mem_ready@9
4 1 resetn@9
#10
43 0011 state43#10
48 1100 state48#10
171 0 state171#10
172 0 state172#10
173 010011111101010010010010110100 state173#10
175 1 state175#10
176 0 state176#10
177 000000000000000000000000000000 state177#10
179 1 state179#10
183 0 state183#10
267 01110110011010001011010000110110 state267#10
270 11110111110110001010000001011001 state270#10
279 00000000000000000000000000001000 state279#10
281 00000000000000000000000000000000 state281#10
299 00000000000000000000000000000000 state299#10
300 00000000000000000000000000000000 state300#10
301 00000000000000000000000111100111 state301#10
302 00000000 state302#10
303 0000000000000000 state303#10
304 00000000000000000000000101100101 state304#10
305 11111111 state305#10
306 0000000000000000 state306#10
307 00000000000000000111111111111101 state307#10
308 11111111111111111111111111111111 state308#10
309 11111111111111111111111111111111 state309#10
310 00000000000000000000000000000011 state310#10
311 00000000000000000011111111111100 state311#10
312 11111111111111111111111111111111 state312#10
313 11111111111111111111111111111111 state313#10
314 00000000000000000000000000000011 state314#10
315 0 state315#10
316 0 state316#10
317 00000000000000000000000000000000 state317#10
318 0 state318#10
319 00000000000000000000000000000000 state319#10
320 0 state320#10
321 1 state321#10
322 0 state322#10
323 00000000000000000000000000010000 state323#10
324 00000000000000000000000000000000 state324#10
325 00000 state325#10
326 00000 state326#10
327 1 state327#10
328 1 state328#10
@10
0 0 clk@10
1 00000000000000000010000000000011 irq@10
2 00001111001001111000000001000111 mem_rdata@10
3 1 mem_ready@10
4 1 resetn@10
#11
43 0001 state43#11
48 0000 state48#11
171 1 state171#11
172 1 state172#11
173 101111011101111111101111001011 state173#11
175 1 state175#11
176 0 state176#11
177 000000000000000000100000000000 state177#11
179 1 state179#11
183 0 state183#11
267 00000000000000000001111111111111 state267#11
270 00000000000000000000000000000001 state270#11
279 00000000000000000000000000001000 state279#11
281 00000000000000000000000000001000 state281#11
299 00000000000000000000000000000000 state299#11
300 00000000000000000000000000000000 state300#11
301 00000000000000000111111101111111 state301#11
302 00000000 state302#11
303 0000000000000000 state303#11
304 00000000000000000111111101111111 state304#11
305 00000000 state305#11
306 0000000000000000 state306#11
307 11111111111111111111111111111111 state307#11
308 11111111111111111111111111111111 state308#11
309 11111111111111111111111111111111 state309#11
310 11111111111111111111111111111111 state310#11
311 00000000000000000000000000000001 state311#11
312 11111111111111111111111111111111 state312#11
313 11111111111111111111111111111111 state313#11
314 11111111111111111111111111111111 state314#11
315 0 state315#11
316 1 state316#11
317 11111111111111111111111111111111 state317#11
318 0 state318#11
319 11111111111111111111111111111111 state319#11
320 0 state320#11
321 0 state321#11
322 0 state322#11
323 11111111111111111111111111111111 state323#11
324 11111111111111111111111111111111 state324#11
325 00000 state325#11
326 00000 state326#11
327 0 state327#11
328 0 state328#11
@11
0 0 clk@11
1 00000000000000000010000000000011 irq@11
2 11001110000001101000000001000111 mem_rdata@11
3 1 mem_ready@11
4 1 resetn@11
#12
43 0001 state43#12
48 0001 state48#12
171 0 state171#12
172 0 state172#12
173 111111111111111111111111111110 state173#12
175 1 state175#12
176 1 state176#12
177 111111111111111111111111111111 state177#12
179 1 state179#12
183 1 state183#12
267 00000000000000000000000000000000 state267#12
270 00000000000000000000000000000000 state270#12
279 00000000000000000000000000000000 state279#12
281 00000000000000000000000000000000 state281#12
299 00000000000000000000000000000000 state299#12
300 00000000000000000000000000000000 state300#12
301 00000000000000000000000000000000 state301#12
302 00000000 state302#12
303 0000000000000000 state303#12
304 00000000000000000000000000000000 state304#12
305 00000000 state305#12
306 0000000000000000 state306#12
307 00000000000000000000000000000000 state307#12
308 00000000000000000000000000000000 state308#12
309 00000000000000000000000000000000 state309#12
310 00000000000000000000000000000000 state310#12
311 00000000000000000000000000000000 state311#12
312 00000000000000000000000000000000 state312#12
313 00000000000000000000000000000000 state313#12
314 00000000000000000000000000000000 state314#12
315 0 state315#12
316 0 state316#12
317 00000000000000000000000000000000 state317#12
318 0 state318#12
319 00000000000000000000000000000000 state319#12
320 0 state320#12
321 0 state321#12
322 0 state322#12
323 00000000000000000000000000000000 state323#12
324 00000000000000000000000000000000 state324#12
325 00000 state325#12
326 00000 state326#12
327 0 state327#12
328 0 state328#12
@12
0 0 clk@12
1 11111111111111111101111111111110 irq@12
2 00010011100011010010001110111010 mem_rdata@12
3 0 mem_ready@12
4 1 resetn@12
.
