sat
b0 
#0
0 0 ref.trap#0
1 0 uut.trap#0
2 0 ref.mem_valid#0
3 0 uut.mem_valid#0
4 0 ref.mem_instr#0
5 0 uut.mem_instr#0
6 00000000000000000000000000000000 ref.mem_addr#0
7 00000000000000000000000000000000 uut.mem_addr#0
8 0000 ref.mem_wstrb#0
9 0000 uut.mem_wstrb#0
10 00000000000000000000000000000000 ref.mem_wdata#0
11 00000000000000000000000000000000 uut.mem_wdata#0
13 10000000000000000000000000000000 ref.reg_op1#0
14 00000000000000000000000000000000 ref.reg_op2#0
15 0 ref.instr_sub#0
16 00001110000000001111101010110011 state16#0
17 0 ref.instr_sra#0
18 1 ref.instr_srai#0
19 0 ref.instr_srl#0
20 0 ref.instr_srli#0
21 0 ref.instr_sll#0
22 0 ref.instr_slli#0
23 0 ref.instr_andi#0
24 0 ref.instr_and#0
25 0 ref.instr_ori#0
26 0 ref.instr_or#0
27 0 ref.instr_xori#0
28 0 ref.instr_xor#0
29 1 state29#0
30 0 ref.is_sltiu_bltu_sltu#0
31 0 ref.is_slti_blt_slt#0
32 0 ref.instr_bgeu#0
33 0 ref.instr_bge#0
34 0 ref.instr_bne#0
35 1 ref.instr_beq#0
36 0 ref.is_compare#0
37 1 ref.is_lui_auipc_jal_jalr_addi_add_sub#0
38 00000011110010011111101100010001 ref.alu_out_q#0
39 1 ref.prefetched_high_word#0
40 0 ref.clear_prefetched_high_word_q#0
41 1 ref.latched_branch#0
42 00 ref.irq_state#0
43 0 ref.compressed_instr#0
44 1111111111111111111111111111111111111111111111111111111111111111 ref.count_cycle#0
45 0000000000000000000000000000000000000000000000000000000000000000 ref.count_instr#0
46 00010000 ref.cpu_state#0
79 00111 ref.decoded_rs1#0
80 00000 ref.decoded_rs2#0
81 01000100001110000010110100100001 state81#0
82 00000000000000000000000000000000 ref.irq_pending#0
83 11111111111111111111111111111011 ref.irq_mask#0
84 00000000000000000000000000000010 ref.reg_next_pc#0
85 0 ref.latched_compr#0
86 00111010010001100011001100111001 ref.reg_out#0
87 0 ref.latched_stalu#0
88 0 ref.latched_store#0
89 11111111111111111010000000000000 ref.reg_pc#0
90 00000000000000000110000000000000 ref.decoded_imm#0
91 00000000000000000110000000000000 ref.decoded_imm_j#0
92 00000 ref.decoded_rd#0
93 0 ref.decoder_pseudo_trigger#0
94 0 ref.decoder_trigger#0
95 1 ref.do_waitirq#0
96 1 ref.instr_add#0
97 0 ref.instr_addi#0
98 0 ref.instr_auipc#0
99 0 ref.instr_blt#0
100 0 ref.instr_bltu#0
101 0 ref.instr_jal#0
102 0 ref.instr_jalr#0
103 0 ref.instr_lb#0
104 0 ref.instr_lbu#0
105 0 ref.instr_lh#0
106 0 ref.instr_lhu#0
107 0 ref.instr_lui#0
108 0 ref.instr_lw#0
109 0 ref.instr_maskirq#0
110 0 ref.instr_rdcycle#0
111 0 ref.instr_rdcycleh#0
112 0 ref.instr_rdinstr#0
113 0 ref.instr_rdinstrh#0
114 0 ref.instr_retirq#0
115 0 ref.instr_sb#0
116 0 ref.instr_sh#0
117 0 ref.instr_slt#0
118 0 ref.instr_slti#0
119 0 ref.instr_sltiu#0
120 0 ref.instr_sltu#0
121 0 ref.instr_sw#0
122 0 ref.instr_timer#0
123 0 ref.instr_waitirq#0
124 0 ref.irq_active#0
125 0 ref.irq_delay#0
126 0 ref.is_alu_reg_imm#0
127 0 ref.is_alu_reg_reg#0
128 1 ref.is_beq_bne_blt_bge_bltu_bgeu#0
129 0 ref.is_jalr_addi_slti_sltiu_xori_ori_andi#0
130 0 ref.is_lb_lh_lw_lbu_lhu#0
131 0 ref.is_lbu_lhu_lw#0
132 1 ref.is_lui_auipc_jal#0
133 0 ref.is_sb_sh_sw#0
134 0 ref.is_slli_srli_srai#0
135 1 ref.last_mem_valid#0
136 0 ref.latched_is_lb#0
137 0 ref.latched_is_lh#0
138 0 ref.latched_is_lu#0
139 00000 ref.latched_rd#0
140 1010000100101001 ref.mem_16bit_buffer#0
141 0 ref.mem_do_prefetch#0
142 0 ref.mem_do_rdata#0
143 1 ref.mem_do_rinst#0
144 1 ref.mem_do_wdata#0
145 1 ref.mem_la_secondword#0
146 00 ref.mem_state#0
147 00000010000000000110000001101011 ref.mem_rdata_q#0
148 0 ref.mem_la_firstword_reg#0
149 00000000000000000000000000000000 state149#0
150 10 ref.mem_wordsize#0
151 0000 state151#0
152 00000000000000000011011010001110 state152#0
153 11000010 state153#0
154 0000000000000000 state154#0
155 00000 ref.reg_sh#0
156 00000000000001000000000000000001 ref.timer#0
157 00100000000000000000000000000001 uut.reg_op1#0
158 00000000000000000000000000000001 uut.reg_op2#0
159 0 uut.instr_sub#0
160 10000000000000000000000000000000 state160#0
161 0 uut.instr_sra#0
162 0 uut.instr_srai#0
163 0 uut.instr_srl#0
164 0 uut.instr_srli#0
165 0 uut.instr_sll#0
166 0 uut.instr_slli#0
167 0 uut.instr_andi#0
168 0 uut.instr_and#0
169 0 uut.instr_ori#0
170 0 uut.instr_or#0
171 0 uut.instr_xori#0
172 0 uut.instr_xor#0
173 1 state173#0
174 0 uut.is_sltiu_bltu_sltu#0
175 0 uut.is_slti_blt_slt#0
176 0 uut.instr_bgeu#0
177 0 uut.instr_bge#0
178 0 uut.instr_bne#0
179 0 uut.instr_beq#0
180 0 uut.is_compare#0
181 1 uut.is_lui_auipc_jal_jalr_addi_add_sub#0
182 00000000000000000000010111110110 uut.alu_out_q#0
183 1 uut.prefetched_high_word#0
184 0 uut.clear_prefetched_high_word_q#0
185 0 uut.latched_branch#0
186 10 uut.irq_state#0
187 0 uut.compressed_instr#0
188 1111111111111111111111111111111111111111111111111111111111111111 uut.count_cycle#0
189 0000000000000000000000000000000000000000000000000000000000000000 uut.count_instr#0
190 00010000 uut.cpu_state#0
223 00000 uut.decoded_rs1#0
224 11111 uut.decoded_rs2#0
225 10110110111001001110011101010001 state225#0
226 00000000000000000000000000000000 uut.irq_pending#0
227 11111111111111111111111111111011 uut.irq_mask#0
228 00000000000000000000000000010000 uut.reg_next_pc#0
229 0 uut.latched_compr#0
230 00000000000000000000000000000000 uut.reg_out#0
231 0 uut.latched_stalu#0
232 0 uut.latched_store#0
233 00100000000000000000000000000000 uut.reg_pc#0
234 00000000000000000110000000000000 uut.decoded_imm#0
235 00000000000000000110000000000000 uut.decoded_imm_j#0
236 00001 uut.decoded_rd#0
237 1 uut.decoder_pseudo_trigger#0
238 1 uut.decoder_trigger#0
239 0 uut.do_waitirq#0
240 0 uut.instr_add#0
241 0 uut.instr_addi#0
242 0 uut.instr_auipc#0
243 0 uut.instr_blt#0
244 1 uut.instr_bltu#0
245 0 uut.instr_jal#0
246 0 uut.instr_jalr#0
247 0 uut.instr_lb#0
248 0 uut.instr_lbu#0
249 0 uut.instr_lh#0
250 0 uut.instr_lhu#0
251 1 uut.instr_lui#0
252 0 uut.instr_lw#0
253 1 uut.instr_maskirq#0
254 0 uut.instr_rdcycle#0
255 0 uut.instr_rdcycleh#0
256 0 uut.instr_rdinstr#0
257 0 uut.instr_rdinstrh#0
258 0 uut.instr_retirq#0
259 0 uut.instr_sb#0
260 0 uut.instr_sh#0
261 0 uut.instr_slt#0
262 0 uut.instr_slti#0
263 0 uut.instr_sltiu#0
264 0 uut.instr_sltu#0
265 0 uut.instr_sw#0
266 0 uut.instr_timer#0
267 0 uut.instr_waitirq#0
268 0 uut.irq_active#0
269 0 uut.irq_delay#0
270 0 uut.is_alu_reg_imm#0
271 0 uut.is_alu_reg_reg#0
272 1 uut.is_beq_bne_blt_bge_bltu_bgeu#0
273 0 uut.is_jalr_addi_slti_sltiu_xori_ori_andi#0
274 0 uut.is_lb_lh_lw_lbu_lhu#0
275 1 uut.is_lbu_lhu_lw#0
276 1 uut.is_lui_auipc_jal#0
277 0 uut.is_sb_sh_sw#0
278 0 uut.is_slli_srli_srai#0
279 1 uut.last_mem_valid#0
280 0 uut.latched_is_lb#0
281 0 uut.latched_is_lh#0
282 0 uut.latched_is_lu#0
283 00000 uut.latched_rd#0
284 1001000100000011 uut.mem_16bit_buffer#0
285 0 uut.mem_do_prefetch#0
286 1 uut.mem_do_rdata#0
287 0 uut.mem_do_rinst#0
288 0 uut.mem_do_wdata#0
289 0 uut.mem_la_secondword#0
290 00 uut.mem_state#0
291 00000000000000000110011001101111 uut.mem_rdata_q#0
292 1 uut.mem_la_firstword_reg#0
293 00000000000000000000000000000000 state293#0
294 01 uut.mem_wordsize#0
295 0000 state295#0
296 00000000000000000000000011111111 state296#0
297 00001100 state297#0
298 0000000000000000 state298#0
299 00010 uut.reg_sh#0
300 00000000000000000000000000000000 uut.timer#0
301 00000000000000000000000000000000 state301#0
302 01111111111111111111111111110111 state302#0
303 0 state303#0
304 0 state304#0
305 000000000000000000000000000000 state305#0
306 11111111111110011110011011101001 state306#0
307 00000000000000000010100011111111 state307#0
308 11111111111111111111111111111101 state308#0
309 10000000000000000000000000000000 state309#0
310 1 state310#0
311 0 state311#0
312 0 state312#0
313 0 state313#0
314 00000 state314#0
315 00000000000000000000000000000000 state315#0
316 00000000000000000000000000000001 state316#0
317 0 state317#0
318 0 state318#0
319 000000000000000000000000000000 state319#0
320 00000000000000000000000000000000 state320#0
321 00000000000000000000000011111111 state321#0
322 11111111111111111111111111111111 state322#0
323 10000000000000000000000000000000 state323#0
324 1 state324#0
325 0 state325#0
326 0 state326#0
327 0 state327#0
328 10000 state328#0
@0
0 0 clk@0
1 00000000000000000000000000000000 irq@0
2 00000011011011000111101110011111 mem_rdata@0
3 0 mem_ready@0
4 0 resetn@0
#1
16 00000000000000000000000000010010 state16#1
29 1 state29#1
81 11010101011010101010110101000001 state81#1
149 00000000000000000000000000000000 state149#1
151 0000 state151#1
152 00000000000000001111111000100100 state152#1
153 10100001 state153#1
154 0000000000000000 state154#1
160 10000000000000000000000000000000 state160#1
173 0 state173#1
225 00000000000000000000000000000100 state225#1
293 00000000000000000000000000000000 state293#1
295 0000 state295#1
296 00000000000000000000000011100011 state296#1
297 00001001 state297#1
298 0000000000000000 state298#1
301 00000000000000000000000000000000 state301#1
302 01111111111111111111111111110111 state302#1
303 0 state303#1
304 0 state304#1
305 000000000000000000000000000000 state305#1
306 00000000000000000000000000000000 state306#1
307 00000000000000001100001111100011 state307#1
308 11111111111111111111111111111111 state308#1
309 00000000000000000000000000000000 state309#1
310 0 state310#1
311 0 state311#1
312 0 state312#1
313 0 state313#1
314 00000 state314#1
315 00000000000000000000000000000000 state315#1
316 00000000000000000000000000000001 state316#1
317 0 state317#1
318 0 state318#1
319 000000000000000000000000000001 state319#1
320 00100000000000000110000000000000 state320#1
321 00000000000000000000000011100011 state321#1
322 00000000000000000000000000000000 state322#1
323 00000000000000000000000000000000 state323#1
324 0 state324#1
325 0 state325#1
326 0 state326#1
327 0 state327#1
328 00000 state328#1
@1
0 0 clk@1
1 00000000000000000000000000000000 irq@1
2 00000000000000000110000001101111 mem_rdata@1
3 1 mem_ready@1
4 1 resetn@1
#2
16 00000000000000000000000000000110 state16#2
29 0 state29#2
81 11111111111111111010000000000100 state81#2
149 00000000000000000000000000000000 state149#2
151 0000 state151#2
152 00000000000000000000000001000011 state152#2
153 00101100 state153#2
154 0000000000000000 state154#2
160 10000000000000000000000000000000 state160#2
173 1 state173#2
225 00000000000000000000000000000100 state225#2
293 00000000000000000000000000000000 state293#2
295 0000 state295#2
296 00000000000000001001110101000011 state296#2
297 00000000 state297#2
298 0000000000000000 state298#2
301 00000000000000000000000000000000 state301#2
302 01111111111111111111111111110111 state302#2
303 1 state303#2
304 0 state304#2
305 010100000000000000000000000011 state305#2
306 01100010101001100110100011000111 state306#2
307 00000000000000000010110010001011 state307#2
308 11111111111111111111111111111111 state308#2
309 00000000000000000000000000000000 state309#2
310 0 state310#2
311 0 state311#2
312 0 state312#2
313 0 state313#2
314 10000 state314#2
315 00000000000000000000000000000000 state315#2
316 00000000000000000000000000000001 state316#2
317 0 state317#2
318 0 state318#2
319 000000000000000000000000000000 state319#2
320 00000000000000000000000000000000 state320#2
321 00000000000000000000000010001011 state321#2
322 11111111111111111111111111111111 state322#2
323 00000000000000000000000000000000 state323#2
324 0 state324#2
325 0 state325#2
326 0 state326#2
327 0 state327#2
328 00000 state328#2
@2
0 0 clk@2
1 00000000000000000000000000000000 irq@2
2 01110001010000011001110101000011 mem_rdata@2
3 1 mem_ready@2
4 1 resetn@2
#3
16 00000000000000000000000000000000 state16#3
29 0 state29#3
81 01111110000111110010000011000110 state81#3
149 00000000000000000000000000000000 state149#3
151 0000 state151#3
152 00000000000000001000110110010111 state152#3
153 00101000 state153#3
154 0000000000000000 state154#3
160 10000000000000000000000000000000 state160#3
173 1 state173#3
225 00000000000000000000000000000000 state225#3
293 00000000000000000000000000000000 state293#3
295 0000 state295#3
296 00000000000000001000110100010111 state296#3
297 11101101 state297#3
298 0000000000000000 state298#3
301 00000000000000000000000000000000 state301#3
302 01111111111111111111111111110111 state302#3
303 1 state303#3
304 0 state304#3
305 010100000000000000000000000011 state305#3
306 11000001001001101000000000000000 state306#3
307 00000000000000000010100001110011 state307#3
308 11111111111111111111111111111111 state308#3
309 00000000000000000000000000000000 state309#3
310 0 state310#3
311 0 state311#3
312 0 state312#3
313 0 state313#3
314 00000 state314#3
315 00000000000000000000000000000000 state315#3
316 00000000000000000000000000000001 state316#3
317 0 state317#3
318 0 state318#3
319 000000000000000000000000000001 state319#3
320 00001100000000110000000000000000 state320#3
321 00000000000000000000000001110011 state321#3
322 00000000000000000000000000000000 state322#3
323 00000000000000000000000000000000 state323#3
324 0 state324#3
325 0 state325#3
326 0 state326#3
327 1 state327#3
328 00000 state328#3
@3
0 0 clk@3
1 00000000000000000000000000000000 irq@3
2 00000111000000000000000000001011 mem_rdata@3
3 1 mem_ready@3
4 1 resetn@3
#4
16 10000000000000000000000000000000 state16#4
29 1 state29#4
81 11110001001111001101110000100010 state81#4
149 00000000000000000000000000000000 state149#4
151 0000 state151#4
152 00000000000000000001110110110000 state152#4
153 00000000 state153#4
154 0000000000000000 state154#4
160 10000000000000000000000000000010 state160#4
173 0 state173#4
225 01101101101100110100101001111010 state225#4
293 00000000000000000000000000000000 state293#4
295 0000 state295#4
296 00000000000000000001110110110000 state296#4
297 00000000 state297#4
298 0000000000000000 state298#4
301 00000000000000000000000000000010 state301#4
302 01111111111111111111111111110111 state302#4
303 1 state303#4
304 1 state304#4
305 111110101111111111111110111111 state305#4
306 01100000000000000000000000001000 state306#4
307 11111111111111110000000000000010 state307#4
308 00000000000000000000000000000010 state308#4
309 00000000000000000000000000000000 state309#4
310 0 state310#4
311 0 state311#4
312 0 state312#4
313 0 state313#4
314 10000 state314#4
315 00000000000000000000000000000000 state315#4
316 00000000000000000000000000000001 state316#4
317 0 state317#4
318 0 state318#4
319 000000000000000000000000000000 state319#4
320 00000000000000000000000000000000 state320#4
321 00000000000000000000000010100000 state321#4
322 11111111111111111111111111111101 state322#4
323 00000000000000000000000000000000 state323#4
324 0 state324#4
325 0 state325#4
326 1 state326#4
327 0 state327#4
328 00000 state328#4
@4
0 0 clk@4
1 00000000000000000000000000000000 irq@4
2 00000111010100000000000000001011 mem_rdata@4
3 1 mem_ready@4
4 1 resetn@4
#5
16 10000000000000000000000000000000 state16#5
29 1 state29#5
81 00000000000000000000000000000100 state81#5
149 00000000000000000000000000000000 state149#5
151 0000 state151#5
152 00000000000000000101001110100111 state152#5
153 00000010 state153#5
154 0000000000000000 state154#5
160 00000000000000000000000000000010 state160#5
173 1 state173#5
225 00000000000000000000000000000100 state225#5
293 00000000000000000000000000000000 state293#5
295 0000 state295#5
296 00000000000000000101001100100111 state296#5
297 00000000 state297#5
298 0000000000000000 state298#5
301 10010100000000000000000000011011 state301#5
302 11111111111111111111111111100001 state302#5
303 1 state303#5
304 1 state304#5
305 111110101111111111111110111111 state305#5
306 11111111111111111111111111111110 state306#5
307 11111111111111110000000000000000 state307#5
308 00000000000000000000000000000010 state308#5
309 00000000000000000000000000000000 state309#5
310 0 state310#5
311 0 state311#5
312 1 state312#5
313 0 state313#5
314 00100 state314#5
315 10010100000000000000000111111011 state315#5
316 11111111111111111111111000000001 state316#5
317 0 state317#5
318 0 state318#5
319 000000000000000000000000000001 state319#5
320 11111111111111111111111111111100 state320#5
321 00000000000000000000000010000011 state321#5
322 11111111111111111111111111111111 state322#5
323 00000000000000000000000000000000 state323#5
324 0 state324#5
325 0 state325#5
326 1 state326#5
327 0 state327#5
328 00100 state328#5
@5
0 0 clk@5
1 00000000000000000000000000000000 irq@5
2 00000111110110000101111100001011 mem_rdata@5
3 1 mem_ready@5
4 1 resetn@5
#6
16 00000000000000000000000000000000 state16#6
29 1 state29#6
81 10000000000000000000000010000000 state81#6
149 00000000000000000000000000000000 state149#6
151 0000 state151#6
152 00000000000000000001101101100011 state152#6
153 00000010 state153#6
154 0000000000000000 state154#6
160 10000000000000000000000000000000 state160#6
173 1 state173#6
225 10000000000010000000000010000001 state225#6
293 00000000000000000000000000000000 state293#6
295 0000 state295#6
296 00000000000000001001101111100011 state296#6
297 00000000 state297#6
298 0000000000000000 state298#6
301 00000000000000000000000000000000 state301#6
302 00000000000000000110000000000000 state302#6
303 1 state303#6
304 1 state304#6
305 111110101111111111111110111111 state305#6
306 00000000000001000000000000000010 state306#6
307 11111111111111110000000000000000 state307#6
308 00000000000000000000000000000010 state308#6
309 10110110011100110001101011101000 state309#6
310 0 state310#6
311 0 state311#6
312 1 state312#6
313 0 state313#6
314 00000 state314#6
315 00000000000000000000000000000000 state315#6
316 00000000000000000110000000000000 state316#6
317 0 state317#6
318 0 state318#6
319 000000000000000000000000000001 state319#6
320 00000000000001000000000000000010 state320#6
321 00000000000000000000000010000111 state321#6
322 00000000000000000000000000000000 state322#6
323 01010010010100111011000011000000 state323#6
324 0 state324#6
325 0 state325#6
326 1 state326#6
327 0 state327#6
328 00000 state328#6
@6
0 0 clk@6
1 00000000000000000000000000000000 irq@6
2 00000110000111000011000000001001 mem_rdata@6
3 0 mem_ready@6
4 1 resetn@6
#7
16 00000000000000000000000000000000 state16#7
29 1 state29#7
81 11111111111111111111111111111111 state81#7
149 00000000000000000000000000000000 state149#7
151 0000 state151#7
152 00000000000000000000110010010111 state152#7
153 00000010 state153#7
154 0000000000000000 state154#7
160 00000000000000000000000000000000 state160#7
173 1 state173#7
225 11111111111111111111111111111111 state225#7
293 00000000000000000000000000000000 state293#7
295 0000 state295#7
296 00000000000000000000110000010111 state296#7
297 00000000 state297#7
298 0000000000000000 state298#7
301 00000000000000000000000000000000 state301#7
302 00000000000000000110000000000000 state302#7
303 1 state303#7
304 1 state304#7
305 111110101111111111111110111111 state305#7
306 01111111110111010110111011111100 state306#7
307 00000000000000000000000000000000 state307#7
308 00000000000000000000000000000110 state308#7
309 00000000000000000000000000000001 state309#7
310 0 state310#7
311 0 state311#7
312 1 state312#7
313 0 state313#7
314 00000 state314#7
315 00000000000000000000000000000000 state315#7
316 00000000000000000110000000000000 state316#7
317 0 state317#7
318 0 state318#7
319 000000000000000000000000000001 state319#7
320 00000000000000000000000000000000 state320#7
321 00000000000000000000000000101011 state321#7
322 00000000000000000000000000000000 state322#7
323 00000000000000000000000000000000 state323#7
324 0 state324#7
325 0 state325#7
326 0 state326#7
327 1 state327#7
328 00000 state328#7
@7
0 0 clk@7
1 01000000000000000000000000000000 irq@7
2 00011000000000110100100000000001 mem_rdata@7
3 1 mem_ready@7
4 1 resetn@7
#8
16 01001010000000000000000000001111 state16#8
29 1 state29#8
81 11111111111111111111111111111111 state81#8
149 00000000000000000000000000000000 state149#8
151 0000 state151#8
152 00000000000000000000000001000010 state152#8
153 00000010 state153#8
154 0000000000000000 state154#8
160 01001010000000000000000011111101 state160#8
173 1 state173#8
225 11111111111111111111111111111111 state225#8
293 00000000000000000000000000000000 state293#8
295 0000 state295#8
296 00000000000000000000000001000010 state296#8
297 00000000 state297#8
298 0000000000000000 state298#8
301 10000000000000000000000000000010 state301#8
302 00000000000000000000000000000000 state302#8
303 0 state303#8
304 0 state304#8
305 000000000000000000000000000000 state305#8
306 00000000000000000000000000000010 state306#8
307 00000000000000000000000000000000 state307#8
308 00000000000000000000000000000101 state308#8
309 00000000000000000000000000000011 state309#8
310 0 state310#8
311 0 state311#8
312 1 state312#8
313 0 state313#8
314 00000 state314#8
315 00100000000000000000000000000000 state315#8
316 00000000000000000000000000000001 state316#8
317 0 state317#8
318 0 state318#8
319 000000000000000000000000000000 state319#8
320 00000000000000000000000000000010 state320#8
321 00000000000000000000000000000010 state321#8
322 01111111111111111111111111110110 state322#8
323 00000000000000000000000000000000 state323#8
324 0 state324#8
325 0 state325#8
326 1 state326#8
327 0 state327#8
328 00000 state328#8
@8
0 0 clk@8
1 00000000000000000000000000000000 irq@8
2 00011000000000110110100000000101 mem_rdata@8
3 1 mem_ready@8
4 1 resetn@8
#9
16 00000000000000000000000000000000 state16#9
29 0 state29#9
81 00000000000000000000000000000011 state81#9
149 00000000000000000000000000000000 state149#9
151 0000 state151#9
152 00000000000000000011100100001011 state152#9
153 11111111 state153#9
154 0000000000000000 state154#9
160 00000000000000000000000000000000 state160#9
173 1 state173#9
225 00000000000000000000000000000011 state225#9
293 00000000000000000000000000000000 state293#9
295 0000 state295#9
296 00000000000000000011100100001011 state296#9
297 11111101 state297#9
298 0000000000000000 state298#9
301 00000000000000000000000000000000 state301#9
302 00000000000000000000000000000000 state302#9
303 1 state303#9
304 1 state304#9
305 111110101111111111111110111111 state305#9
306 00000000000000000000000000000000 state306#9
307 00000000000000000000000000000010 state307#9
308 00000000000000000000000000000000 state308#9
309 00000000000000000000000000000000 state309#9
310 0 state310#9
311 0 state311#9
312 0 state312#9
313 0 state313#9
314 00001 state314#9
315 00000000000000000000000000000000 state315#9
316 00000000000000000000000000000011 state316#9
317 0 state317#9
318 0 state318#9
319 000000000000000000000000000001 state319#9
320 00000000000000000000000000000000 state320#9
321 00000000000000000000000000000000 state321#9
322 00000000000000000000000000000000 state322#9
323 00000000000000000000000000000000 state323#9
324 0 state324#9
325 1 state325#9
326 1 state326#9
327 1 state327#9
328 00001 state328#9
@9
0 0 clk@9
1 00000000000011000000000000000000 irq@9
2 00110111010001111011100111111101 mem_rdata@9
3 1 mem_ready@9
4 1 resetn@9
#10
16 00000000000000000000000000000000 state16#10
29 0 state29#10
81 00000000000000000000000000000001 state81#10
149 00000000000000000000000000000000 state149#10
151 0000 state151#10
152 00000000000000000000000000000010 state152#10
153 11111111 state153#10
154 0000000000000000 state154#10
160 00000000000000000000000000000000 state160#10
173 0 state173#10
225 00000000000000000000000000000000 state225#10
293 00000000000000000000000000000000 state293#10
295 0000 state295#10
296 00000000000000000000000000000010 state296#10
297 11111111 state297#10
298 0000000000000000 state298#10
301 11111111111111111111111111111111 state301#10
302 11111111111111111111111111111111 state302#10
303 0 state303#10
304 1 state304#10
305 111111111111111111111111111110 state305#10
306 00000000000000000000000000000000 state306#10
307 11111111111111110000000000000010 state307#10
308 00000000000000000000000000000000 state308#10
309 00000000000000000000000000000000 state309#10
310 1 state310#10
311 0 state311#10
312 0 state312#10
313 0 state313#10
314 00000 state314#10
315 11111111111111111111111111111111 state315#10
316 11111111111111111111111111111111 state316#10
317 0 state317#10
318 1 state318#10
319 111111111111111111111111111110 state319#10
320 00000000000000000000000000000000 state320#10
321 11111111111111110000000000000010 state321#10
322 11111111111111111111111111111101 state322#10
323 00000000000000000000000000000000 state323#10
324 1 state324#10
325 0 state325#10
326 0 state326#10
327 0 state327#10
328 00000 state328#10
@10
0 0 clk@10
1 00000000000000000000000010000000 irq@10
2 00000000000000000000000000000010 mem_rdata@10
3 1 mem_ready@10
4 1 resetn@10
#11
16 11111111111111111111111111111110 state16#11
29 1 state29#11
81 00000000000001000000000000000100 state81#11
149 00000000000000000000000000000000 state149#11
151 0000 state151#11
152 00000000000000000000000000000010 state152#11
153 11111111 state153#11
154 0000000000000000 state154#11
160 00000000000000000000000000000000 state160#11
173 1 state173#11
225 00000000000000000000000000000000 state225#11
293 00000000000000000000000000000000 state293#11
295 0000 state295#11
296 00000000000000000000000000000010 state296#11
297 11111111 state297#11
298 0000000000000000 state298#11
301 11111111111111111111111111111111 state301#11
302 11111111111111111111111111111111 state302#11
303 1 state303#11
304 1 state304#11
305 000000000000000000000000000001 state305#11
306 00000000000000000000000000000000 state306#11
307 11111111111111110000000000000000 state307#11
308 00000000000000000000000000000000 state308#11
309 00000000000000000000000000000000 state309#11
310 1 state310#11
311 0 state311#11
312 0 state312#11
313 0 state313#11
314 00000 state314#11
315 11111111111111111111111111111111 state315#11
316 11111111111111111111111111111111 state316#11
317 1 state317#11
318 1 state318#11
319 000000000000000000000000000001 state319#11
320 00000000000000000000000000000000 state320#11
321 11111111111111110000000000000000 state321#11
322 00000000000000000000000000000000 state322#11
323 00000000000000000000000000000000 state323#11
324 1 state324#11
325 0 state325#11
326 0 state326#11
327 0 state327#11
328 00000 state328#11
@11
0 0 clk@11
1 00000000000000000000000000000000 irq@11
2 00001000000000110110100000001011 mem_rdata@11
3 1 mem_ready@11
4 1 resetn@11
#12
16 00000000000000000000000000000000 state16#12
29 1 state29#12
81 00000000000000000000000000000000 state81#12
149 00000000000000000000000000000000 state149#12
151 0000 state151#12
152 11111111111111110000000000000000 state152#12
153 11111111 state153#12
154 0000000000000000 state154#12
160 00000000000000000000000000000000 state160#12
173 1 state173#12
225 00000000000000000000000000000000 state225#12
293 00000000000000000000000000000000 state293#12
295 0000 state295#12
296 11111111111111110000000000000000 state296#12
297 11111111 state297#12
298 0000000000000000 state298#12
301 00000000000000000000000000000000 state301#12
302 00000000000000000000000000000000 state302#12
303 0 state303#12
304 0 state304#12
305 000000000000000000000000000000 state305#12
306 00000000000000000000000000000000 state306#12
307 00000000000000000000000000000000 state307#12
308 00000000000000000000000000000100 state308#12
309 00000000000000000000000000000000 state309#12
310 0 state310#12
311 1 state311#12
312 1 state312#12
313 1 state313#12
314 00000 state314#12
315 00000000000000000000000000000000 state315#12
316 00000000000000000000000000000000 state316#12
317 0 state317#12
318 0 state318#12
319 000000000000000000000000000000 state319#12
320 00000000000000000000000000000000 state320#12
321 00000000000000000000000000000000 state321#12
322 00000000000000000000000000000100 state322#12
323 00000000000000000000000000000000 state323#12
324 0 state324#12
325 1 state325#12
326 0 state326#12
327 0 state327#12
328 00000 state328#12
@12
0 0 clk@12
1 00000000000000000000000000000000 irq@12
2 00000000000000111000000010000000 mem_rdata@12
3 1 mem_ready@12
4 1 resetn@12
#13
16 00000000000000000000000000000000 state16#13
29 0 state29#13
81 00000000000000000000000000000000 state81#13
149 00000000000000000000000000000000 state149#13
151 0000 state151#13
152 00000000000000000000000000000000 state152#13
153 00000000 state153#13
154 0000000000000000 state154#13
160 00000000000000000000000000000000 state160#13
173 0 state173#13
225 00000000000000000000000000000000 state225#13
293 00000000000000000000000000000000 state293#13
295 0000 state295#13
296 00000000000000000000000000000000 state296#13
297 00000000 state297#13
298 0000000000000000 state298#13
301 00000000000000000000000000000000 state301#13
302 00000000000000000000000000000000 state302#13
303 0 state303#13
304 0 state304#13
305 000000000000000000000000000000 state305#13
306 00000000000000000000000000000000 state306#13
307 00000000000000000000000000000000 state307#13
308 00000000000000000000000000000000 state308#13
309 00000000000000000000000000000000 state309#13
310 0 state310#13
311 0 state311#13
312 0 state312#13
313 0 state313#13
314 00000 state314#13
315 00000000000000000000000000000000 state315#13
316 00000000000000000000000000000000 state316#13
317 0 state317#13
318 0 state318#13
319 000000000000000000000000000000 state319#13
320 00000000000000000000000000000000 state320#13
321 00000000000000000000000000000000 state321#13
322 00000000000000000000000000000000 state322#13
323 00000000000000000000000000000000 state323#13
324 0 state324#13
325 0 state325#13
326 0 state326#13
327 0 state327#13
328 00000 state328#13
@13
0 0 clk@13
1 00000000000000000000000000000000 irq@13
2 11111111111111111111111111111111 mem_rdata@13
3 1 mem_ready@13
4 1 resetn@13
#14
16 00000000000000000000000000000000 state16#14
29 0 state29#14
81 00000000000000000000000000000000 state81#14
149 00000000000000000000000000000000 state149#14
151 0000 state151#14
152 00000000000000000000000000000000 state152#14
153 00000000 state153#14
154 0000000000000000 state154#14
160 00000000000000000000000000000000 state160#14
173 0 state173#14
225 00000000000000000000000000000000 state225#14
293 00000000000000000000000000000000 state293#14
295 0000 state295#14
296 00000000000000000000000000000000 state296#14
297 00000000 state297#14
298 0000000000000000 state298#14
301 00000000000000000000000000000000 state301#14
302 00000000000000000000000000000000 state302#14
303 0 state303#14
304 0 state304#14
305 000000000000000000000000000000 state305#14
306 00000000000000000000000000000000 state306#14
307 00000000000000000000000000000000 state307#14
308 00000000000000000000000000000000 state308#14
309 00000000000000000000000000000000 state309#14
310 0 state310#14
311 0 state311#14
312 0 state312#14
313 0 state313#14
314 00000 state314#14
315 00000000000000000000000000000000 state315#14
316 00000000000000000000000000000000 state316#14
317 0 state317#14
318 0 state318#14
319 000000000000000000000000000000 state319#14
320 00000000000000000000000000000000 state320#14
321 00000000000000000000000000000000 state321#14
322 00000000000000000000000000000000 state322#14
323 00000000000000000000000000000000 state323#14
324 0 state324#14
325 0 state325#14
326 0 state326#14
327 0 state327#14
328 00000 state328#14
@14
0 0 clk@14
1 00000000000000000000000000000000 irq@14
2 00000000000000000000000000000000 mem_rdata@14
3 0 mem_ready@14
4 1 resetn@14
.
