	(output dir: /scratch/network/hongcez/hwmcc/avr-log/btor2/bv/goel/industry/cal34/pr_cal34/work_w0)
	(frontend: btor2)
	(property: all (1 assertions))
	(244 / 244 flops initialized)
	(abstraction: sa)
   0	: 0	: 0 s: 0    0s                  
   0	: 1	: 0 0 s: 0    0s                     0	: 1	: 0 1 s: 1    0s                     0	: 1	: 0 1 s: 1    0s                  
   0	: 2	: 0 1 0 s: 1    0s                     0	: 2	: 0 1 1 s: 2    0s                     0	: 2	: 0 1 2 s: 3    0s                     0	: 2	: 0 1 2 s: 3    0s                  
   0	: 2	: 0 1 0 s: 1    0s                  

AVR -- Proof Race 
copyright (c) 2019  Aman Goel and Karem Sakallah, University of Michigan
@     0s  (starting avr proof race)
@     0s  (output dir: /scratch/network/hongcez/hwmcc/avr-log/btor2/bv/goel/industry/cal34/pr_cal34)
@     0s  (max 11 workers)
@     0s  (started worker 0 with pid 226113)
@     0s  (started worker 1 with pid 226114)
@     0s  (started worker 2 with pid 226115)
@     0s  (started worker 3 with pid 226116)
@     0s  (started worker 4 with pid 226117)
@     0s  (spawned 5 workers)
@     0s  (total 5 workers using 0 MB)
@     1s  (started worker 5 with pid 226241)
@     1s  (spawned 1 workers)
@     1s  (total 6 workers using 436 MB)
@     1s  (worker 0 finished with result safe) python3 avr.py -a sa
@     1s  (worker 0 output)
@     1s  (stopping all workers)
@     1s  (copied results from worker 0 in /scratch/network/hongcez/hwmcc/avr-log/btor2/bv/goel/industry/cal34/pr_cal34)
@     1s  [0;30;47m(proof race finished with answer safe in 0.76 seconds)[m
