sat
b0 
#0
0 0000000000000000 gen_fifos[1].f.entry_gen[15].ff_entry_inst.Q#0
1 00000 gen_fifos[1].f.ff_rdPtr.Q#0
2 0000000000000000 gen_fifos[1].f.entry_gen[14].ff_entry_inst.Q#0
3 0000000000000000 gen_fifos[1].f.entry_gen[13].ff_entry_inst.Q#0
4 0000000000000000 gen_fifos[1].f.entry_gen[12].ff_entry_inst.Q#0
5 0000000000000000 gen_fifos[1].f.entry_gen[11].ff_entry_inst.Q#0
6 0000000000000000 gen_fifos[1].f.entry_gen[10].ff_entry_inst.Q#0
7 0000000000000000 gen_fifos[1].f.entry_gen[9].ff_entry_inst.Q#0
8 0000000000000000 gen_fifos[1].f.entry_gen[8].ff_entry_inst.Q#0
9 0000000000000000 gen_fifos[1].f.entry_gen[7].ff_entry_inst.Q#0
10 0000000000000000 gen_fifos[1].f.entry_gen[6].ff_entry_inst.Q#0
11 0000000000000000 gen_fifos[1].f.entry_gen[5].ff_entry_inst.Q#0
12 0000000000000000 gen_fifos[1].f.entry_gen[4].ff_entry_inst.Q#0
13 0000000000000000 gen_fifos[1].f.entry_gen[3].ff_entry_inst.Q#0
14 0000000000000000 gen_fifos[1].f.entry_gen[2].ff_entry_inst.Q#0
15 0000000000000000 gen_fifos[1].f.entry_gen[1].ff_entry_inst.Q#0
16 0000000000000000 gen_fifos[1].f.entry_gen[0].ff_entry_inst.Q#0
17 0000000000000000 gen_fifos[0].f.entry_gen[15].ff_entry_inst.Q#0
18 00000 gen_fifos[0].f.ff_rdPtr.Q#0
19 0000000000000000 gen_fifos[0].f.entry_gen[14].ff_entry_inst.Q#0
20 0000000000000000 gen_fifos[0].f.entry_gen[13].ff_entry_inst.Q#0
21 0000000000000000 gen_fifos[0].f.entry_gen[12].ff_entry_inst.Q#0
22 0000000000000000 gen_fifos[0].f.entry_gen[11].ff_entry_inst.Q#0
23 0000000000000000 gen_fifos[0].f.entry_gen[10].ff_entry_inst.Q#0
24 0000000000000000 gen_fifos[0].f.entry_gen[9].ff_entry_inst.Q#0
25 0000000000000000 gen_fifos[0].f.entry_gen[8].ff_entry_inst.Q#0
26 0000000000000000 gen_fifos[0].f.entry_gen[7].ff_entry_inst.Q#0
27 0000000000000000 gen_fifos[0].f.entry_gen[6].ff_entry_inst.Q#0
28 0000000000000000 gen_fifos[0].f.entry_gen[5].ff_entry_inst.Q#0
29 0000000000000000 gen_fifos[0].f.entry_gen[4].ff_entry_inst.Q#0
30 0000000000000000 gen_fifos[0].f.entry_gen[3].ff_entry_inst.Q#0
31 0000000000000000 gen_fifos[0].f.entry_gen[2].ff_entry_inst.Q#0
32 0000000000000000 gen_fifos[0].f.entry_gen[1].ff_entry_inst.Q#0
33 0000000000000000 gen_fifos[0].f.entry_gen[0].ff_entry_inst.Q#0
34 0 sb.ff_en.Q#0
35 0 sb.ff_magic_packet_exited.Q#0
36 000000 sb.mpt.ff_cnt.Q#0
37 0000000000000000 sb.ff_magic_packet.Q#0
38 00000 gen_fifos[0].cc.credits#0
39 00000 gen_fifos[1].cc.credits#0
40 10000 gen_fifos[0].f.cnt#0
41 10000 gen_fifos[1].f.cnt#0
43 00000 gen_fifos[0].f.ff_wrPtr.Q#0
44 00000 gen_fifos[1].f.ff_wrPtr.Q#0
@0
0 0 all_ones@0
1 0 clk@0
2 00000000000000000000000000000000 flat_data_in@0
3 0 gnt_sel@0
4 00 push@0
5 0 req@0
6 1 rst@0
7 0 start@0
8 0000000000000000 input8@0
9 0000000000000000 input9@0
10 0 input10@0
@1
0 0 all_ones@1
1 0 clk@1
2 00000000000000000000000000000000 flat_data_in@1
3 0 gnt_sel@1
4 11 push@1
5 0 req@1
6 0 rst@1
7 1 start@1
8 0000000000000000 input8@1
9 0000000000000000 input9@1
10 0 input10@1
@2
0 0 all_ones@2
1 0 clk@2
2 00000000000000000000000000000000 flat_data_in@2
3 0 gnt_sel@2
4 11 push@2
5 0 req@2
6 0 rst@2
7 0 start@2
8 0000000000000000 input8@2
9 0000000000000000 input9@2
10 0 input10@2
@3
0 0 all_ones@3
1 0 clk@3
2 00000000000000000000000000000000 flat_data_in@3
3 0 gnt_sel@3
4 11 push@3
5 0 req@3
6 0 rst@3
7 0 start@3
8 0000000000000000 input8@3
9 0000000000000000 input9@3
10 0 input10@3
@4
0 0 all_ones@4
1 0 clk@4
2 00000000000000000000000000000000 flat_data_in@4
3 0 gnt_sel@4
4 01 push@4
5 0 req@4
6 0 rst@4
7 0 start@4
8 0000000000000001 input8@4
9 0000000000000001 input9@4
10 0 input10@4
@5
0 0 all_ones@5
1 0 clk@5
2 00000000000000000000000000000000 flat_data_in@5
3 0 gnt_sel@5
4 11 push@5
5 0 req@5
6 0 rst@5
7 0 start@5
8 0000000000000001 input8@5
9 0000000000000001 input9@5
10 0 input10@5
@6
0 1 all_ones@6
1 0 clk@6
2 00000000000000000000000000000001 flat_data_in@6
3 0 gnt_sel@6
4 01 push@6
5 0 req@6
6 0 rst@6
7 0 start@6
8 0000000000000001 input8@6
9 0000000000000001 input9@6
10 0 input10@6
@7
0 0 all_ones@7
1 0 clk@7
2 00000000000000000000000000000000 flat_data_in@7
3 0 gnt_sel@7
4 11 push@7
5 0 req@7
6 0 rst@7
7 0 start@7
8 0000000000000001 input8@7
9 0000000000000001 input9@7
10 0 input10@7
@8
0 0 all_ones@8
1 0 clk@8
2 00000000000000000000000000000000 flat_data_in@8
3 0 gnt_sel@8
4 01 push@8
5 0 req@8
6 0 rst@8
7 0 start@8
8 0000000000000001 input8@8
9 0000000000000001 input9@8
10 0 input10@8
@9
0 0 all_ones@9
1 0 clk@9
2 00000000000000000000000000000000 flat_data_in@9
3 1 gnt_sel@9
4 01 push@9
5 1 req@9
6 0 rst@9
7 0 start@9
8 0000000000000001 input8@9
9 0000000000000001 input9@9
10 0 input10@9
@10
0 1 all_ones@10
1 0 clk@10
2 00000000000000000000000000000001 flat_data_in@10
3 0 gnt_sel@10
4 01 push@10
5 0 req@10
6 0 rst@10
7 0 start@10
8 0000000000000001 input8@10
9 0000000000000001 input9@10
10 0 input10@10
@11
0 0 all_ones@11
1 0 clk@11
2 00000000000000000000000000000000 flat_data_in@11
3 0 gnt_sel@11
4 11 push@11
5 0 req@11
6 0 rst@11
7 0 start@11
8 0000000000000001 input8@11
9 0000000000000001 input9@11
10 0 input10@11
@12
0 0 all_ones@12
1 0 clk@12
2 00000000000000000000000000000000 flat_data_in@12
3 0 gnt_sel@12
4 11 push@12
5 0 req@12
6 0 rst@12
7 0 start@12
8 0000000000000001 input8@12
9 0000000000000001 input9@12
10 0 input10@12
@13
0 1 all_ones@13
1 0 clk@13
2 00000000000000010000000000000001 flat_data_in@13
3 1 gnt_sel@13
4 01 push@13
5 1 req@13
6 0 rst@13
7 0 start@13
8 0000000000000001 input8@13
9 0000000000000001 input9@13
10 0 input10@13
@14
0 1 all_ones@14
1 0 clk@14
2 00000000000000010000000000000001 flat_data_in@14
3 1 gnt_sel@14
4 01 push@14
5 1 req@14
6 0 rst@14
7 0 start@14
8 0000000000000000 input8@14
9 0000000000000001 input9@14
10 0 input10@14
@15
0 0 all_ones@15
1 0 clk@15
2 00000000000000000000000000000000 flat_data_in@15
3 0 gnt_sel@15
4 11 push@15
5 0 req@15
6 0 rst@15
7 0 start@15
8 0000000000000001 input8@15
9 0000000000000001 input9@15
10 0 input10@15
@16
0 1 all_ones@16
1 0 clk@16
2 00000000000000010000000000000001 flat_data_in@16
3 0 gnt_sel@16
4 11 push@16
5 0 req@16
6 0 rst@16
7 0 start@16
8 0000000000000000 input8@16
9 0000000000000001 input9@16
10 0 input10@16
@17
0 1 all_ones@17
1 0 clk@17
2 11111111111111101111111111111111 flat_data_in@17
3 1 gnt_sel@17
4 11 push@17
5 1 req@17
6 0 rst@17
7 0 start@17
8 0000000000000000 input8@17
9 0000000000000000 input9@17
10 0 input10@17
@18
0 0 all_ones@18
1 0 clk@18
2 00000000000000000000000000000000 flat_data_in@18
3 0 gnt_sel@18
4 10 push@18
5 1 req@18
6 0 rst@18
7 0 start@18
8 1111111111111110 input8@18
9 0000000000000001 input9@18
10 0 input10@18
.
