sat
b0
#0
0 000 STATO@0
1 0 RES_DISP@0
2 000000000 MAX@0
3 000000000 TEMP@0
4 00000 MAR@0
@0
0 0 CLOCK@0
1 0 START@0
2 000000000 input38@0
3 000000000 input47@0
4 000000000 input52@0
5 000000000 input57@0
6 000000000 input62@0
7 000000000 input67@0
8 000000000 input72@0
9 000000000 input77@0
10 000000000 input82@0
11 000000000 input87@0
12 000000000 input92@0
13 000000000 input97@0
14 000000000 input102@0
15 000000000 input107@0
16 000000000 input112@0
17 000000000 input117@0
18 000000000 input122@0
19 000000000 input127@0
20 000000000 input132@0
21 000000000 input137@0
22 000000000 input142@0
23 000000000 input147@0
24 000000000 input152@0
25 000000000 input157@0
26 000000000 input162@0
27 000000000 input167@0
28 000000000 input172@0
29 000000000 input177@0
30 000000000 input182@0
31 000000000 input186@0
32 000000000 input193@0
33 000000000 input195@0
34 000000000 input197@0
35 000000000 input199@0
36 000000000 input201@0
37 000000000 input203@0
38 000000000 input205@0
39 000000000 input207@0
40 000000000 input209@0
41 000000000 input211@0
42 000000000 input213@0
43 000000000 input215@0
44 000000000 input217@0
45 000000000 input219@0
46 000000000 input221@0
47 000000000 input223@0
48 000000000 input225@0
49 000000000 input227@0
50 000000000 input229@0
51 000000000 input231@0
52 000000000 input233@0
53 000000000 input235@0
54 000000000 input237@0
55 000000000 input239@0
56 000000000 input241@0
57 000000000 input243@0
58 000000000 input245@0
59 000000000 input247@0
60 000000000 input249@0
61 000000000 input252@0
62 000000000 input254@0
63 000000000 input256@0
64 000000000 input258@0
65 000000000 input260@0
66 000000000 input262@0
67 000000000 input264@0
68 000000000 input266@0
69 000000000 input268@0
70 000000000 input270@0
71 000000000 input272@0
72 000000000 input274@0
73 000000000 input276@0
74 000000000 input278@0
75 000000000 input280@0
76 000000000 input282@0
77 000000000 input284@0
78 000000000 input286@0
79 000000000 input288@0
80 000000000 input290@0
81 000000000 input292@0
82 000000000 input294@0
83 000000000 input296@0
84 000000000 input298@0
85 000000000 input300@0
86 000000000 input302@0
87 000000000 input304@0
88 000000000 input306@0
89 000000000 input310@0
90 000000000 input312@0
91 000000000 input314@0
92 000000000 input316@0
93 000000000 input318@0
94 000000000 input320@0
95 000000000 input322@0
96 000000000 input324@0
97 000000000 input326@0
98 000000000 input328@0
99 000000000 input330@0
100 000000000 input332@0
101 000000000 input334@0
102 000000000 input336@0
103 000000000 input338@0
104 000000000 input340@0
105 000000000 input342@0
106 000000000 input344@0
107 000000000 input346@0
108 000000000 input348@0
109 000000000 input350@0
110 000000000 input352@0
111 000000000 input354@0
112 000000000 input356@0
113 000000000 input358@0
114 000000000 input360@0
115 000000000 input362@0
116 000000000 input365@0
117 000000000 input367@0
118 000000000 input369@0
119 000000000 input371@0
120 000000000 input373@0
121 000000000 input375@0
122 000000000 input377@0
123 000000000 input379@0
124 000000000 input381@0
125 000000000 input383@0
126 000000000 input385@0
127 000000000 input387@0
128 000000000 input389@0
129 000000000 input391@0
130 000000000 input393@0
131 000000000 input395@0
132 000000000 input397@0
133 000000000 input399@0
134 000000000 input401@0
135 000000000 input403@0
136 000000000 input405@0
137 000000000 input407@0
138 000000000 input409@0
139 000000000 input411@0
140 000000000 input413@0
141 000000000 input415@0
142 000000000 input419@0
143 000000000 input421@0
144 000000000 input423@0
145 000000000 input425@0
146 000000000 input427@0
147 000000000 input429@0
148 000000000 input431@0
149 000000000 input433@0
150 000000000 input435@0
151 000000000 input437@0
152 000000000 input439@0
153 000000000 input441@0
154 000000000 input443@0
155 000000000 input445@0
156 000000000 input447@0
157 000000000 input449@0
158 000000000 input451@0
159 000000000 input453@0
160 000000000 input455@0
161 000000000 input457@0
162 000000000 input459@0
163 000000000 input461@0
164 000000000 input463@0
165 000000000 input465@0
166 000000000 input467@0
167 000000000 input471@0
168 000000000 input473@0
169 000000000 input475@0
170 000000000 input477@0
171 000000000 input479@0
172 000000000 input481@0
173 000000000 input483@0
174 000000000 input485@0
175 000000000 input487@0
176 000000000 input489@0
177 000000000 input491@0
178 000000000 input493@0
179 000000000 input495@0
180 000000000 input497@0
181 000000000 input499@0
182 000000000 input501@0
183 000000000 input503@0
184 000000000 input505@0
185 000000000 input507@0
186 000000000 input509@0
187 000000000 input511@0
188 000000000 input513@0
189 000000000 input515@0
190 000000000 input517@0
191 000000000 input521@0
192 000000000 input523@0
193 000000000 input525@0
194 000000000 input527@0
195 000000000 input529@0
196 000000000 input531@0
197 000000000 input533@0
198 000000000 input535@0
199 000000000 input537@0
200 000000000 input539@0
201 000000000 input541@0
202 000000000 input543@0
203 000000000 input545@0
204 000000000 input547@0
205 000000000 input549@0
206 000000000 input551@0
207 000000000 input553@0
208 000000000 input555@0
209 000000000 input557@0
210 000000000 input559@0
211 000000000 input561@0
212 000000000 input563@0
213 000000000 input565@0
214 000000000 input569@0
215 000000000 input571@0
216 000000000 input573@0
217 000000000 input575@0
218 000000000 input577@0
219 000000000 input579@0
220 000000000 input581@0
221 000000000 input583@0
222 000000000 input585@0
223 000000000 input587@0
224 000000000 input589@0
225 000000000 input591@0
226 000000000 input593@0
227 000000000 input595@0
228 000000000 input597@0
229 000000000 input599@0
230 000000000 input601@0
231 000000000 input603@0
232 000000000 input605@0
233 000000000 input607@0
234 000000000 input609@0
235 000000000 input611@0
236 000000000 input615@0
237 000000000 input617@0
238 000000000 input619@0
239 000000000 input621@0
240 000000000 input623@0
241 000000000 input625@0
242 000000000 input627@0
243 000000000 input629@0
244 000000000 input631@0
245 000000000 input633@0
246 000000000 input635@0
247 000000000 input637@0
248 000000000 input639@0
249 000000000 input641@0
250 000000000 input643@0
251 000000000 input645@0
252 000000000 input647@0
253 000000000 input649@0
254 000000000 input651@0
255 000000000 input653@0
256 000000000 input655@0
257 000000000 input659@0
258 000000000 input661@0
259 000000000 input663@0
260 000000000 input665@0
261 000000000 input667@0
262 000000000 input669@0
263 000000000 input671@0
264 000000000 input673@0
265 000000000 input675@0
266 000000000 input677@0
267 000000000 input679@0
268 000000000 input681@0
269 000000000 input683@0
270 000000000 input685@0
271 000000000 input687@0
272 000000000 input689@0
273 000000000 input691@0
274 000000000 input693@0
275 000000000 input695@0
276 000000000 input697@0
277 000000000 input701@0
278 000000000 input703@0
279 000000000 input705@0
280 000000000 input707@0
281 000000000 input709@0
282 000000000 input711@0
283 000000000 input713@0
284 000000000 input715@0
285 000000000 input717@0
286 000000000 input719@0
287 000000000 input721@0
288 000000000 input723@0
289 000000000 input725@0
290 000000000 input727@0
291 000000000 input729@0
292 000000000 input731@0
293 000000000 input733@0
294 000000000 input735@0
295 000000000 input737@0
296 000000000 input740@0
297 000000000 input742@0
298 000000000 input744@0
299 000000000 input746@0
300 000000000 input748@0
301 000000000 input750@0
302 000000000 input752@0
303 000000000 input754@0
304 000000000 input756@0
305 000000000 input758@0
306 000000000 input760@0
307 000000000 input762@0
308 000000000 input764@0
309 000000000 input766@0
310 000000000 input768@0
311 000000000 input770@0
312 000000000 input772@0
313 000000000 input774@0
314 000000000 input777@0
315 000000000 input779@0
316 000000000 input781@0
317 000000000 input783@0
318 000000000 input785@0
319 000000000 input787@0
320 000000000 input789@0
321 000000000 input791@0
322 000000000 input793@0
323 000000000 input795@0
324 000000000 input797@0
325 000000000 input799@0
326 000000000 input801@0
327 000000000 input803@0
328 000000000 input805@0
329 000000000 input807@0
330 000000000 input809@0
331 000000000 input813@0
332 000000000 input815@0
333 000000000 input817@0
334 000000000 input819@0
335 000000000 input821@0
336 000000000 input823@0
337 000000000 input825@0
338 000000000 input827@0
339 000000000 input829@0
340 000000000 input831@0
341 000000000 input833@0
342 000000000 input835@0
343 000000000 input837@0
344 000000000 input839@0
345 000000000 input841@0
346 000000000 input843@0
347 000000000 input847@0
348 000000000 input849@0
349 000000000 input851@0
350 000000000 input853@0
351 000000000 input855@0
352 000000000 input857@0
353 000000000 input859@0
354 000000000 input861@0
355 000000000 input863@0
356 000000000 input865@0
357 000000000 input867@0
358 000000000 input869@0
359 000000000 input871@0
360 000000000 input873@0
361 000000000 input875@0
362 000000000 input878@0
363 000000000 input880@0
364 000000000 input882@0
365 000000000 input884@0
366 000000000 input886@0
367 000000000 input888@0
368 000000000 input890@0
369 000000000 input892@0
370 000000000 input894@0
371 000000000 input896@0
372 000000000 input898@0
373 000000000 input900@0
374 000000000 input902@0
375 000000000 input904@0
376 000000000 input907@0
377 000000000 input909@0
378 000000000 input911@0
379 000000000 input913@0
380 000000000 input915@0
381 000000000 input917@0
382 000000000 input919@0
383 000000000 input921@0
384 000000000 input923@0
385 000000000 input925@0
386 000000000 input927@0
387 000000000 input929@0
388 000000000 input931@0
389 000000000 input934@0
390 000000000 input936@0
391 000000000 input938@0
392 000000000 input940@0
393 000000000 input942@0
394 000000000 input944@0
395 000000000 input946@0
396 000000000 input948@0
397 000000000 input950@0
398 000000000 input952@0
399 000000000 input954@0
400 000000000 input956@0
401 000000000 input960@0
402 000000000 input962@0
403 000000000 input964@0
404 000000000 input966@0
405 000000000 input968@0
406 000000000 input970@0
407 000000000 input972@0
408 000000000 input974@0
409 000000000 input976@0
410 000000000 input978@0
411 000000000 input980@0
412 000000000 input984@0
413 000000000 input986@0
414 000000000 input988@0
415 000000000 input990@0
416 000000000 input992@0
417 000000000 input994@0
418 000000000 input996@0
419 000000000 input998@0
420 000000000 input1000@0
421 000000000 input1002@0
422 000000000 input1005@0
423 000000000 input1007@0
424 000000000 input1009@0
425 000000000 input1011@0
426 000000000 input1013@0
427 000000000 input1015@0
428 000000000 input1017@0
429 000000000 input1019@0
430 000000000 input1021@0
431 000000000 input1024@0
432 000000000 input1026@0
433 000000000 input1028@0
434 000000000 input1030@0
435 000000000 input1032@0
436 000000000 input1034@0
437 000000000 input1036@0
438 000000000 input1038@0
439 000000000 input1042@0
440 000000000 input1044@0
441 000000000 input1046@0
442 000000000 input1048@0
443 000000000 input1050@0
444 000000000 input1052@0
445 000000000 input1054@0
446 000000000 input1057@0
447 000000000 input1059@0
448 000000000 input1061@0
449 000000000 input1063@0
450 000000000 input1065@0
451 000000000 input1067@0
452 000000000 input1070@0
453 000000000 input1072@0
454 000000000 input1074@0
455 000000000 input1076@0
456 000000000 input1078@0
457 000000000 input1082@0
458 000000000 input1084@0
459 000000000 input1086@0
460 000000000 input1088@0
461 000000000 input1091@0
462 000000000 input1093@0
463 000000000 input1095@0
464 000000000 input1098@0
465 000000000 input1100@0
466 000000000 input1103@0
467 0 input1110@0
468 0 input1112@0
469 00000 input1122@0
470 000 input1131@0
471 000 input1140@0
472 000 input1141@0
473 000 input1142@0
474 0 input1164@0
475 000000000 input1173@0
476 000000000 input1174@0
477 000000000 input1175@0
478 000000000 input1176@0
479 000000000 input1180@0
480 000000000 input1185@0
481 00000 input1200@0
482 00000 input1206@0
@1
0 0 CLOCK@1
1 1 START@1
2 000000000 input38@1
3 000000000 input47@1
4 000000000 input52@1
5 000000000 input57@1
6 000000000 input62@1
7 000000000 input67@1
8 000000000 input72@1
9 000000000 input77@1
10 000000000 input82@1
11 000000000 input87@1
12 000000000 input92@1
13 000000000 input97@1
14 000000000 input102@1
15 000000000 input107@1
16 000000000 input112@1
17 000000000 input117@1
18 000000000 input122@1
19 000000000 input127@1
20 000000000 input132@1
21 000000000 input137@1
22 000000000 input142@1
23 000000000 input147@1
24 000000000 input152@1
25 000000000 input157@1
26 000000000 input162@1
27 000000000 input167@1
28 000000000 input172@1
29 000000000 input177@1
30 000000000 input182@1
31 000000000 input186@1
32 000000000 input193@1
33 000000000 input195@1
34 000000000 input197@1
35 000000000 input199@1
36 000000000 input201@1
37 000000000 input203@1
38 000000000 input205@1
39 000000000 input207@1
40 000000000 input209@1
41 000000000 input211@1
42 000000000 input213@1
43 000000000 input215@1
44 000000000 input217@1
45 000000000 input219@1
46 000000000 input221@1
47 000000000 input223@1
48 000000000 input225@1
49 000000000 input227@1
50 000000000 input229@1
51 000000000 input231@1
52 000000000 input233@1
53 000000000 input235@1
54 000000000 input237@1
55 000000000 input239@1
56 000000000 input241@1
57 000000000 input243@1
58 000000000 input245@1
59 000000000 input247@1
60 000000000 input249@1
61 000000000 input252@1
62 000000000 input254@1
63 000000000 input256@1
64 000000000 input258@1
65 000000000 input260@1
66 000000000 input262@1
67 000000000 input264@1
68 000000000 input266@1
69 000000000 input268@1
70 000000000 input270@1
71 000000000 input272@1
72 000000000 input274@1
73 000000000 input276@1
74 000000000 input278@1
75 000000000 input280@1
76 000000000 input282@1
77 000000000 input284@1
78 000000000 input286@1
79 000000000 input288@1
80 000000000 input290@1
81 000000000 input292@1
82 000000000 input294@1
83 000000000 input296@1
84 000000000 input298@1
85 000000000 input300@1
86 000000000 input302@1
87 000000000 input304@1
88 000000000 input306@1
89 000000000 input310@1
90 000000000 input312@1
91 000000000 input314@1
92 000000000 input316@1
93 000000000 input318@1
94 000000000 input320@1
95 000000000 input322@1
96 000000000 input324@1
97 000000000 input326@1
98 000000000 input328@1
99 000000000 input330@1
100 000000000 input332@1
101 000000000 input334@1
102 000000000 input336@1
103 000000000 input338@1
104 000000000 input340@1
105 000000000 input342@1
106 000000000 input344@1
107 000000000 input346@1
108 000000000 input348@1
109 000000000 input350@1
110 000000000 input352@1
111 000000000 input354@1
112 000000000 input356@1
113 000000000 input358@1
114 000000000 input360@1
115 000000000 input362@1
116 000000000 input365@1
117 000000000 input367@1
118 000000000 input369@1
119 000000000 input371@1
120 000000000 input373@1
121 000000000 input375@1
122 000000000 input377@1
123 000000000 input379@1
124 000000000 input381@1
125 000000000 input383@1
126 000000000 input385@1
127 000000000 input387@1
128 000000000 input389@1
129 000000000 input391@1
130 000000000 input393@1
131 000000000 input395@1
132 000000000 input397@1
133 000000000 input399@1
134 000000000 input401@1
135 000000000 input403@1
136 000000000 input405@1
137 000000000 input407@1
138 000000000 input409@1
139 000000000 input411@1
140 000000000 input413@1
141 000000000 input415@1
142 000000000 input419@1
143 000000000 input421@1
144 000000000 input423@1
145 000000000 input425@1
146 000000000 input427@1
147 000000000 input429@1
148 000000000 input431@1
149 000000000 input433@1
150 000000000 input435@1
151 000000000 input437@1
152 000000000 input439@1
153 000000000 input441@1
154 000000000 input443@1
155 000000000 input445@1
156 000000000 input447@1
157 000000000 input449@1
158 000000000 input451@1
159 000000000 input453@1
160 000000000 input455@1
161 000000000 input457@1
162 000000000 input459@1
163 000000000 input461@1
164 000000000 input463@1
165 000000000 input465@1
166 000000000 input467@1
167 000000000 input471@1
168 000000000 input473@1
169 000000000 input475@1
170 000000000 input477@1
171 000000000 input479@1
172 000000000 input481@1
173 000000000 input483@1
174 000000000 input485@1
175 000000000 input487@1
176 000000000 input489@1
177 000000000 input491@1
178 000000000 input493@1
179 000000000 input495@1
180 000000000 input497@1
181 000000000 input499@1
182 000000000 input501@1
183 000000000 input503@1
184 000000000 input505@1
185 000000000 input507@1
186 000000000 input509@1
187 000000000 input511@1
188 000000000 input513@1
189 000000000 input515@1
190 000000000 input517@1
191 000000000 input521@1
192 000000000 input523@1
193 000000000 input525@1
194 000000000 input527@1
195 000000000 input529@1
196 000000000 input531@1
197 000000000 input533@1
198 000000000 input535@1
199 000000000 input537@1
200 000000000 input539@1
201 000000000 input541@1
202 000000000 input543@1
203 000000000 input545@1
204 000000000 input547@1
205 000000000 input549@1
206 000000000 input551@1
207 000000000 input553@1
208 000000000 input555@1
209 000000000 input557@1
210 000000000 input559@1
211 000000000 input561@1
212 000000000 input563@1
213 000000000 input565@1
214 000000000 input569@1
215 000000000 input571@1
216 000000000 input573@1
217 000000000 input575@1
218 000000000 input577@1
219 000000000 input579@1
220 000000000 input581@1
221 000000000 input583@1
222 000000000 input585@1
223 000000000 input587@1
224 000000000 input589@1
225 000000000 input591@1
226 000000000 input593@1
227 000000000 input595@1
228 000000000 input597@1
229 000000000 input599@1
230 000000000 input601@1
231 000000000 input603@1
232 000000000 input605@1
233 000000000 input607@1
234 000000000 input609@1
235 000000000 input611@1
236 000000000 input615@1
237 000000000 input617@1
238 000000000 input619@1
239 000000000 input621@1
240 000000000 input623@1
241 000000000 input625@1
242 000000000 input627@1
243 000000000 input629@1
244 000000000 input631@1
245 000000000 input633@1
246 000000000 input635@1
247 000000000 input637@1
248 000000000 input639@1
249 000000000 input641@1
250 000000000 input643@1
251 000000000 input645@1
252 000000000 input647@1
253 000000000 input649@1
254 000000000 input651@1
255 000000000 input653@1
256 000000000 input655@1
257 000000000 input659@1
258 000000000 input661@1
259 000000000 input663@1
260 000000000 input665@1
261 000000000 input667@1
262 000000000 input669@1
263 000000000 input671@1
264 000000000 input673@1
265 000000000 input675@1
266 000000000 input677@1
267 000000000 input679@1
268 000000000 input681@1
269 000000000 input683@1
270 000000000 input685@1
271 000000000 input687@1
272 000000000 input689@1
273 000000000 input691@1
274 000000000 input693@1
275 000000000 input695@1
276 000000000 input697@1
277 000000000 input701@1
278 000000000 input703@1
279 000000000 input705@1
280 000000000 input707@1
281 000000000 input709@1
282 000000000 input711@1
283 000000000 input713@1
284 000000000 input715@1
285 000000000 input717@1
286 000000000 input719@1
287 000000000 input721@1
288 000000000 input723@1
289 000000000 input725@1
290 000000000 input727@1
291 000000000 input729@1
292 000000000 input731@1
293 000000000 input733@1
294 000000000 input735@1
295 000000000 input737@1
296 000000000 input740@1
297 000000000 input742@1
298 000000000 input744@1
299 000000000 input746@1
300 000000000 input748@1
301 000000000 input750@1
302 000000000 input752@1
303 000000000 input754@1
304 000000000 input756@1
305 000000000 input758@1
306 000000000 input760@1
307 000000000 input762@1
308 000000000 input764@1
309 000000000 input766@1
310 000000000 input768@1
311 000000000 input770@1
312 000000000 input772@1
313 000000000 input774@1
314 000000000 input777@1
315 000000000 input779@1
316 000000000 input781@1
317 000000000 input783@1
318 000000000 input785@1
319 000000000 input787@1
320 000000000 input789@1
321 000000000 input791@1
322 000000000 input793@1
323 000000000 input795@1
324 000000000 input797@1
325 000000000 input799@1
326 000000000 input801@1
327 000000000 input803@1
328 000000000 input805@1
329 000000000 input807@1
330 000000000 input809@1
331 000000000 input813@1
332 000000000 input815@1
333 000000000 input817@1
334 000000000 input819@1
335 000000000 input821@1
336 000000000 input823@1
337 000000000 input825@1
338 000000000 input827@1
339 000000000 input829@1
340 000000000 input831@1
341 000000000 input833@1
342 000000000 input835@1
343 000000000 input837@1
344 000000000 input839@1
345 000000000 input841@1
346 000000000 input843@1
347 000000000 input847@1
348 000000000 input849@1
349 000000000 input851@1
350 000000000 input853@1
351 000000000 input855@1
352 000000000 input857@1
353 000000000 input859@1
354 000000000 input861@1
355 000000000 input863@1
356 000000000 input865@1
357 000000000 input867@1
358 000000000 input869@1
359 000000000 input871@1
360 000000000 input873@1
361 000000000 input875@1
362 000000000 input878@1
363 000000000 input880@1
364 000000000 input882@1
365 000000000 input884@1
366 000000000 input886@1
367 000000000 input888@1
368 000000000 input890@1
369 000000000 input892@1
370 000000000 input894@1
371 000000000 input896@1
372 000000000 input898@1
373 000000000 input900@1
374 000000000 input902@1
375 000000000 input904@1
376 000000000 input907@1
377 000000000 input909@1
378 000000000 input911@1
379 000000000 input913@1
380 000000000 input915@1
381 000000000 input917@1
382 000000000 input919@1
383 000000000 input921@1
384 000000000 input923@1
385 000000000 input925@1
386 000000000 input927@1
387 000000000 input929@1
388 000000000 input931@1
389 000000000 input934@1
390 000000000 input936@1
391 000000000 input938@1
392 000000000 input940@1
393 000000000 input942@1
394 000000000 input944@1
395 000000000 input946@1
396 000000000 input948@1
397 000000000 input950@1
398 000000000 input952@1
399 000000000 input954@1
400 000000000 input956@1
401 000000000 input960@1
402 000000000 input962@1
403 000000000 input964@1
404 000000000 input966@1
405 000000000 input968@1
406 000000000 input970@1
407 000000000 input972@1
408 000000000 input974@1
409 000000000 input976@1
410 000000000 input978@1
411 000000000 input980@1
412 000000000 input984@1
413 000000000 input986@1
414 000000000 input988@1
415 000000000 input990@1
416 000000000 input992@1
417 000000000 input994@1
418 000000000 input996@1
419 000000000 input998@1
420 000000000 input1000@1
421 000000000 input1002@1
422 000000000 input1005@1
423 000000000 input1007@1
424 000000000 input1009@1
425 000000000 input1011@1
426 000000000 input1013@1
427 000000000 input1015@1
428 000000000 input1017@1
429 000000000 input1019@1
430 000000000 input1021@1
431 000000000 input1024@1
432 000000000 input1026@1
433 000000000 input1028@1
434 000000000 input1030@1
435 000000000 input1032@1
436 000000000 input1034@1
437 000000000 input1036@1
438 000000000 input1038@1
439 000000000 input1042@1
440 000000000 input1044@1
441 000000000 input1046@1
442 000000000 input1048@1
443 000000000 input1050@1
444 000000000 input1052@1
445 000000000 input1054@1
446 000000000 input1057@1
447 000000000 input1059@1
448 000000000 input1061@1
449 000000000 input1063@1
450 000000000 input1065@1
451 000000000 input1067@1
452 000000000 input1070@1
453 000000000 input1072@1
454 000000000 input1074@1
455 000000000 input1076@1
456 000000000 input1078@1
457 000000000 input1082@1
458 000000000 input1084@1
459 000000000 input1086@1
460 000000000 input1088@1
461 000000000 input1091@1
462 000000000 input1093@1
463 000000000 input1095@1
464 000000000 input1098@1
465 000000000 input1100@1
466 000000000 input1103@1
467 0 input1110@1
468 0 input1112@1
469 00000 input1122@1
470 000 input1131@1
471 000 input1140@1
472 000 input1141@1
473 000 input1142@1
474 0 input1164@1
475 000000000 input1173@1
476 000000000 input1174@1
477 000000000 input1175@1
478 000000000 input1176@1
479 000000000 input1180@1
480 000000000 input1185@1
481 00000 input1200@1
482 00000 input1206@1
@2
0 0 CLOCK@2
1 0 START@2
2 000000000 input38@2
3 000000000 input47@2
4 000000000 input52@2
5 000000000 input57@2
6 000000000 input62@2
7 000000000 input67@2
8 000000000 input72@2
9 000000000 input77@2
10 000000000 input82@2
11 000000000 input87@2
12 000000000 input92@2
13 000000000 input97@2
14 000000000 input102@2
15 000000000 input107@2
16 000000000 input112@2
17 000000000 input117@2
18 000000000 input122@2
19 000000000 input127@2
20 000000000 input132@2
21 000000000 input137@2
22 000000000 input142@2
23 000000000 input147@2
24 000000000 input152@2
25 000000000 input157@2
26 000000000 input162@2
27 000000000 input167@2
28 000000000 input172@2
29 000000000 input177@2
30 000000000 input182@2
31 000000000 input186@2
32 000000000 input193@2
33 000000000 input195@2
34 000000000 input197@2
35 000000000 input199@2
36 000000000 input201@2
37 000000000 input203@2
38 000000000 input205@2
39 000000000 input207@2
40 000000000 input209@2
41 000000000 input211@2
42 000000000 input213@2
43 000000000 input215@2
44 000000000 input217@2
45 000000000 input219@2
46 000000000 input221@2
47 000000000 input223@2
48 000000000 input225@2
49 000000000 input227@2
50 000000000 input229@2
51 000000000 input231@2
52 000000000 input233@2
53 000000000 input235@2
54 000000000 input237@2
55 000000000 input239@2
56 000000000 input241@2
57 000000000 input243@2
58 000000000 input245@2
59 000000000 input247@2
60 000000000 input249@2
61 000000000 input252@2
62 000000000 input254@2
63 000000000 input256@2
64 000000000 input258@2
65 000000000 input260@2
66 000000000 input262@2
67 000000000 input264@2
68 000000000 input266@2
69 000000000 input268@2
70 000000000 input270@2
71 000000000 input272@2
72 000000000 input274@2
73 000000000 input276@2
74 000000000 input278@2
75 000000000 input280@2
76 000000000 input282@2
77 000000000 input284@2
78 000000000 input286@2
79 000000000 input288@2
80 000000000 input290@2
81 000000000 input292@2
82 000000000 input294@2
83 000000000 input296@2
84 000000000 input298@2
85 000000000 input300@2
86 000000000 input302@2
87 000000000 input304@2
88 000000000 input306@2
89 000000000 input310@2
90 000000000 input312@2
91 000000000 input314@2
92 000000000 input316@2
93 000000000 input318@2
94 000000000 input320@2
95 000000000 input322@2
96 000000000 input324@2
97 000000000 input326@2
98 000000000 input328@2
99 000000000 input330@2
100 000000000 input332@2
101 000000000 input334@2
102 000000000 input336@2
103 000000000 input338@2
104 000000000 input340@2
105 000000000 input342@2
106 000000000 input344@2
107 000000000 input346@2
108 000000000 input348@2
109 000000000 input350@2
110 000000000 input352@2
111 000000000 input354@2
112 000000000 input356@2
113 000000000 input358@2
114 000000000 input360@2
115 000000000 input362@2
116 000000000 input365@2
117 000000000 input367@2
118 000000000 input369@2
119 000000000 input371@2
120 000000000 input373@2
121 000000000 input375@2
122 000000000 input377@2
123 000000000 input379@2
124 000000000 input381@2
125 000000000 input383@2
126 000000000 input385@2
127 000000000 input387@2
128 000000000 input389@2
129 000000000 input391@2
130 000000000 input393@2
131 000000000 input395@2
132 000000000 input397@2
133 000000000 input399@2
134 000000000 input401@2
135 000000000 input403@2
136 000000000 input405@2
137 000000000 input407@2
138 000000000 input409@2
139 000000000 input411@2
140 000000000 input413@2
141 000000000 input415@2
142 000000000 input419@2
143 000000000 input421@2
144 000000000 input423@2
145 000000000 input425@2
146 000000000 input427@2
147 000000000 input429@2
148 000000000 input431@2
149 000000000 input433@2
150 000000000 input435@2
151 000000000 input437@2
152 000000000 input439@2
153 000000000 input441@2
154 000000000 input443@2
155 000000000 input445@2
156 000000000 input447@2
157 000000000 input449@2
158 000000000 input451@2
159 000000000 input453@2
160 000000000 input455@2
161 000000000 input457@2
162 000000000 input459@2
163 000000000 input461@2
164 000000000 input463@2
165 000000000 input465@2
166 000000000 input467@2
167 000000000 input471@2
168 000000000 input473@2
169 000000000 input475@2
170 000000000 input477@2
171 000000000 input479@2
172 000000000 input481@2
173 000000000 input483@2
174 000000000 input485@2
175 000000000 input487@2
176 000000000 input489@2
177 000000000 input491@2
178 000000000 input493@2
179 000000000 input495@2
180 000000000 input497@2
181 000000000 input499@2
182 000000000 input501@2
183 000000000 input503@2
184 000000000 input505@2
185 000000000 input507@2
186 000000000 input509@2
187 000000000 input511@2
188 000000000 input513@2
189 000000000 input515@2
190 000000000 input517@2
191 000000000 input521@2
192 000000000 input523@2
193 000000000 input525@2
194 000000000 input527@2
195 000000000 input529@2
196 000000000 input531@2
197 000000000 input533@2
198 000000000 input535@2
199 000000000 input537@2
200 000000000 input539@2
201 000000000 input541@2
202 000000000 input543@2
203 000000000 input545@2
204 000000000 input547@2
205 000000000 input549@2
206 000000000 input551@2
207 000000000 input553@2
208 000000000 input555@2
209 000000000 input557@2
210 000000000 input559@2
211 000000000 input561@2
212 000000000 input563@2
213 000000000 input565@2
214 000000000 input569@2
215 000000000 input571@2
216 000000000 input573@2
217 000000000 input575@2
218 000000000 input577@2
219 000000000 input579@2
220 000000000 input581@2
221 000000000 input583@2
222 000000000 input585@2
223 000000000 input587@2
224 000000000 input589@2
225 000000000 input591@2
226 000000000 input593@2
227 000000000 input595@2
228 000000000 input597@2
229 000000000 input599@2
230 000000000 input601@2
231 000000000 input603@2
232 000000000 input605@2
233 000000000 input607@2
234 000000000 input609@2
235 000000000 input611@2
236 000000000 input615@2
237 000000000 input617@2
238 000000000 input619@2
239 000000000 input621@2
240 000000000 input623@2
241 000000000 input625@2
242 000000000 input627@2
243 000000000 input629@2
244 000000000 input631@2
245 000000000 input633@2
246 000000000 input635@2
247 000000000 input637@2
248 000000000 input639@2
249 000000000 input641@2
250 000000000 input643@2
251 000000000 input645@2
252 000000000 input647@2
253 000000000 input649@2
254 000000000 input651@2
255 000000000 input653@2
256 000000000 input655@2
257 000000000 input659@2
258 000000000 input661@2
259 000000000 input663@2
260 000000000 input665@2
261 000000000 input667@2
262 000000000 input669@2
263 000000000 input671@2
264 000000000 input673@2
265 000000000 input675@2
266 000000000 input677@2
267 000000000 input679@2
268 000000000 input681@2
269 000000000 input683@2
270 000000000 input685@2
271 000000000 input687@2
272 000000000 input689@2
273 000000000 input691@2
274 000000000 input693@2
275 000000000 input695@2
276 000000000 input697@2
277 000000000 input701@2
278 000000000 input703@2
279 000000000 input705@2
280 000000000 input707@2
281 000000000 input709@2
282 000000000 input711@2
283 000000000 input713@2
284 000000000 input715@2
285 000000000 input717@2
286 000000000 input719@2
287 000000000 input721@2
288 000000000 input723@2
289 000000000 input725@2
290 000000000 input727@2
291 000000000 input729@2
292 000000000 input731@2
293 000000000 input733@2
294 000000000 input735@2
295 000000000 input737@2
296 000000000 input740@2
297 000000000 input742@2
298 000000000 input744@2
299 000000000 input746@2
300 000000000 input748@2
301 000000000 input750@2
302 000000000 input752@2
303 000000000 input754@2
304 000000000 input756@2
305 000000000 input758@2
306 000000000 input760@2
307 000000000 input762@2
308 000000000 input764@2
309 000000000 input766@2
310 000000000 input768@2
311 000000000 input770@2
312 000000000 input772@2
313 000000000 input774@2
314 000000000 input777@2
315 000000000 input779@2
316 000000000 input781@2
317 000000000 input783@2
318 000000000 input785@2
319 000000000 input787@2
320 000000000 input789@2
321 000000000 input791@2
322 000000000 input793@2
323 000000000 input795@2
324 000000000 input797@2
325 000000000 input799@2
326 000000000 input801@2
327 000000000 input803@2
328 000000000 input805@2
329 000000000 input807@2
330 000000000 input809@2
331 000000000 input813@2
332 000000000 input815@2
333 000000000 input817@2
334 000000000 input819@2
335 000000000 input821@2
336 000000000 input823@2
337 000000000 input825@2
338 000000000 input827@2
339 000000000 input829@2
340 000000000 input831@2
341 000000000 input833@2
342 000000000 input835@2
343 000000000 input837@2
344 000000000 input839@2
345 000000000 input841@2
346 000000000 input843@2
347 000000000 input847@2
348 000000000 input849@2
349 000000000 input851@2
350 000000000 input853@2
351 000000000 input855@2
352 000000000 input857@2
353 000000000 input859@2
354 000000000 input861@2
355 000000000 input863@2
356 000000000 input865@2
357 000000000 input867@2
358 000000000 input869@2
359 000000000 input871@2
360 000000000 input873@2
361 000000000 input875@2
362 000000000 input878@2
363 000000000 input880@2
364 000000000 input882@2
365 000000000 input884@2
366 000000000 input886@2
367 000000000 input888@2
368 000000000 input890@2
369 000000000 input892@2
370 000000000 input894@2
371 000000000 input896@2
372 000000000 input898@2
373 000000000 input900@2
374 000000000 input902@2
375 000000000 input904@2
376 000000000 input907@2
377 000000000 input909@2
378 000000000 input911@2
379 000000000 input913@2
380 000000000 input915@2
381 000000000 input917@2
382 000000000 input919@2
383 000000000 input921@2
384 000000000 input923@2
385 000000000 input925@2
386 000000000 input927@2
387 000000000 input929@2
388 000000000 input931@2
389 000000000 input934@2
390 000000000 input936@2
391 000000000 input938@2
392 000000000 input940@2
393 000000000 input942@2
394 000000000 input944@2
395 000000000 input946@2
396 000000000 input948@2
397 000000000 input950@2
398 000000000 input952@2
399 000000000 input954@2
400 000000000 input956@2
401 000000000 input960@2
402 000000000 input962@2
403 000000000 input964@2
404 000000000 input966@2
405 000000000 input968@2
406 000000000 input970@2
407 000000000 input972@2
408 000000000 input974@2
409 000000000 input976@2
410 000000000 input978@2
411 000000000 input980@2
412 000000000 input984@2
413 000000000 input986@2
414 000000000 input988@2
415 000000000 input990@2
416 000000000 input992@2
417 000000000 input994@2
418 000000000 input996@2
419 000000000 input998@2
420 000000000 input1000@2
421 000000000 input1002@2
422 000000000 input1005@2
423 000000000 input1007@2
424 000000000 input1009@2
425 000000000 input1011@2
426 000000000 input1013@2
427 000000000 input1015@2
428 000000000 input1017@2
429 000000000 input1019@2
430 000000000 input1021@2
431 000000000 input1024@2
432 000000000 input1026@2
433 000000000 input1028@2
434 000000000 input1030@2
435 000000000 input1032@2
436 000000000 input1034@2
437 000000000 input1036@2
438 000000000 input1038@2
439 000000000 input1042@2
440 000000000 input1044@2
441 000000000 input1046@2
442 000000000 input1048@2
443 000000000 input1050@2
444 000000000 input1052@2
445 000000000 input1054@2
446 000000000 input1057@2
447 000000000 input1059@2
448 000000000 input1061@2
449 000000000 input1063@2
450 000000000 input1065@2
451 000000000 input1067@2
452 000000000 input1070@2
453 000000000 input1072@2
454 000000000 input1074@2
455 000000000 input1076@2
456 000000000 input1078@2
457 000000000 input1082@2
458 000000000 input1084@2
459 000000000 input1086@2
460 000000000 input1088@2
461 000000000 input1091@2
462 000000000 input1093@2
463 000000000 input1095@2
464 000000000 input1098@2
465 000000000 input1100@2
466 000000000 input1103@2
467 0 input1110@2
468 0 input1112@2
469 00000 input1122@2
470 000 input1131@2
471 000 input1140@2
472 000 input1141@2
473 000 input1142@2
474 0 input1164@2
475 000000000 input1173@2
476 000000000 input1174@2
477 000000000 input1175@2
478 000000000 input1176@2
479 000000000 input1180@2
480 000000000 input1185@2
481 00000 input1200@2
482 00000 input1206@2
@3
0 0 CLOCK@3
1 0 START@3
2 000000000 input38@3
3 000000000 input47@3
4 000000000 input52@3
5 000000000 input57@3
6 000000000 input62@3
7 000000000 input67@3
8 000000000 input72@3
9 000000000 input77@3
10 000000000 input82@3
11 000000000 input87@3
12 000000000 input92@3
13 000000000 input97@3
14 000000000 input102@3
15 000000000 input107@3
16 000000000 input112@3
17 000000000 input117@3
18 000000000 input122@3
19 000000000 input127@3
20 000000000 input132@3
21 000000000 input137@3
22 000000000 input142@3
23 000000000 input147@3
24 000000000 input152@3
25 000000000 input157@3
26 000000000 input162@3
27 000000000 input167@3
28 000000000 input172@3
29 000000000 input177@3
30 000000000 input182@3
31 000000000 input186@3
32 000000000 input193@3
33 000000000 input195@3
34 000000000 input197@3
35 000000000 input199@3
36 000000000 input201@3
37 000000000 input203@3
38 000000000 input205@3
39 000000000 input207@3
40 000000000 input209@3
41 000000000 input211@3
42 000000000 input213@3
43 000000000 input215@3
44 000000000 input217@3
45 000000000 input219@3
46 000000000 input221@3
47 000000000 input223@3
48 000000000 input225@3
49 000000000 input227@3
50 000000000 input229@3
51 000000000 input231@3
52 000000000 input233@3
53 000000000 input235@3
54 000000000 input237@3
55 000000000 input239@3
56 000000000 input241@3
57 000000000 input243@3
58 000000000 input245@3
59 000000000 input247@3
60 000000000 input249@3
61 000000000 input252@3
62 000000000 input254@3
63 000000000 input256@3
64 000000000 input258@3
65 000000000 input260@3
66 000000000 input262@3
67 000000000 input264@3
68 000000000 input266@3
69 000000000 input268@3
70 000000000 input270@3
71 000000000 input272@3
72 000000000 input274@3
73 000000000 input276@3
74 000000000 input278@3
75 000000000 input280@3
76 000000000 input282@3
77 000000000 input284@3
78 000000000 input286@3
79 000000000 input288@3
80 000000000 input290@3
81 000000000 input292@3
82 000000000 input294@3
83 000000000 input296@3
84 000000000 input298@3
85 000000000 input300@3
86 000000000 input302@3
87 000000000 input304@3
88 000000000 input306@3
89 000000000 input310@3
90 000000000 input312@3
91 000000000 input314@3
92 000000000 input316@3
93 000000000 input318@3
94 000000000 input320@3
95 000000000 input322@3
96 000000000 input324@3
97 000000000 input326@3
98 000000000 input328@3
99 000000000 input330@3
100 000000000 input332@3
101 000000000 input334@3
102 000000000 input336@3
103 000000000 input338@3
104 000000000 input340@3
105 000000000 input342@3
106 000000000 input344@3
107 000000000 input346@3
108 000000000 input348@3
109 000000000 input350@3
110 000000000 input352@3
111 000000000 input354@3
112 000000000 input356@3
113 000000000 input358@3
114 000000000 input360@3
115 000000000 input362@3
116 000000000 input365@3
117 000000000 input367@3
118 000000000 input369@3
119 000000000 input371@3
120 000000000 input373@3
121 000000000 input375@3
122 000000000 input377@3
123 000000000 input379@3
124 000000000 input381@3
125 000000000 input383@3
126 000000000 input385@3
127 000000000 input387@3
128 000000000 input389@3
129 000000000 input391@3
130 000000000 input393@3
131 000000000 input395@3
132 000000000 input397@3
133 000000000 input399@3
134 000000000 input401@3
135 000000000 input403@3
136 000000000 input405@3
137 000000000 input407@3
138 000000000 input409@3
139 000000000 input411@3
140 000000000 input413@3
141 000000000 input415@3
142 000000000 input419@3
143 000000000 input421@3
144 000000000 input423@3
145 000000000 input425@3
146 000000000 input427@3
147 000000000 input429@3
148 000000000 input431@3
149 000000000 input433@3
150 000000000 input435@3
151 000000000 input437@3
152 000000000 input439@3
153 000000000 input441@3
154 000000000 input443@3
155 000000000 input445@3
156 000000000 input447@3
157 000000000 input449@3
158 000000000 input451@3
159 000000000 input453@3
160 000000000 input455@3
161 000000000 input457@3
162 000000000 input459@3
163 000000000 input461@3
164 000000000 input463@3
165 000000000 input465@3
166 000000000 input467@3
167 000000000 input471@3
168 000000000 input473@3
169 000000000 input475@3
170 000000000 input477@3
171 000000000 input479@3
172 000000000 input481@3
173 000000000 input483@3
174 000000000 input485@3
175 000000000 input487@3
176 000000000 input489@3
177 000000000 input491@3
178 000000000 input493@3
179 000000000 input495@3
180 000000000 input497@3
181 000000000 input499@3
182 000000000 input501@3
183 000000000 input503@3
184 000000000 input505@3
185 000000000 input507@3
186 000000000 input509@3
187 000000000 input511@3
188 000000000 input513@3
189 000000000 input515@3
190 000000000 input517@3
191 000000000 input521@3
192 000000000 input523@3
193 000000000 input525@3
194 000000000 input527@3
195 000000000 input529@3
196 000000000 input531@3
197 000000000 input533@3
198 000000000 input535@3
199 000000000 input537@3
200 000000000 input539@3
201 000000000 input541@3
202 000000000 input543@3
203 000000000 input545@3
204 000000000 input547@3
205 000000000 input549@3
206 000000000 input551@3
207 000000000 input553@3
208 000000000 input555@3
209 000000000 input557@3
210 000000000 input559@3
211 000000000 input561@3
212 000000000 input563@3
213 000000000 input565@3
214 000000000 input569@3
215 000000000 input571@3
216 000000000 input573@3
217 000000000 input575@3
218 000000000 input577@3
219 000000000 input579@3
220 000000000 input581@3
221 000000000 input583@3
222 000000000 input585@3
223 000000000 input587@3
224 000000000 input589@3
225 000000000 input591@3
226 000000000 input593@3
227 000000000 input595@3
228 000000000 input597@3
229 000000000 input599@3
230 000000000 input601@3
231 000000000 input603@3
232 000000000 input605@3
233 000000000 input607@3
234 000000000 input609@3
235 000000000 input611@3
236 000000000 input615@3
237 000000000 input617@3
238 000000000 input619@3
239 000000000 input621@3
240 000000000 input623@3
241 000000000 input625@3
242 000000000 input627@3
243 000000000 input629@3
244 000000000 input631@3
245 000000000 input633@3
246 000000000 input635@3
247 000000000 input637@3
248 000000000 input639@3
249 000000000 input641@3
250 000000000 input643@3
251 000000000 input645@3
252 000000000 input647@3
253 000000000 input649@3
254 000000000 input651@3
255 000000000 input653@3
256 000000000 input655@3
257 000000000 input659@3
258 000000000 input661@3
259 000000000 input663@3
260 000000000 input665@3
261 000000000 input667@3
262 000000000 input669@3
263 000000000 input671@3
264 000000000 input673@3
265 000000000 input675@3
266 000000000 input677@3
267 000000000 input679@3
268 000000000 input681@3
269 000000000 input683@3
270 000000000 input685@3
271 000000000 input687@3
272 000000000 input689@3
273 000000000 input691@3
274 000000000 input693@3
275 000000000 input695@3
276 000000000 input697@3
277 000000000 input701@3
278 000000000 input703@3
279 000000000 input705@3
280 000000000 input707@3
281 000000000 input709@3
282 000000000 input711@3
283 000000000 input713@3
284 000000000 input715@3
285 000000000 input717@3
286 000000000 input719@3
287 000000000 input721@3
288 000000000 input723@3
289 000000000 input725@3
290 000000000 input727@3
291 000000000 input729@3
292 000000000 input731@3
293 000000000 input733@3
294 000000000 input735@3
295 000000000 input737@3
296 000000000 input740@3
297 000000000 input742@3
298 000000000 input744@3
299 000000000 input746@3
300 000000000 input748@3
301 000000000 input750@3
302 000000000 input752@3
303 000000000 input754@3
304 000000000 input756@3
305 000000000 input758@3
306 000000000 input760@3
307 000000000 input762@3
308 000000000 input764@3
309 000000000 input766@3
310 000000000 input768@3
311 000000000 input770@3
312 000000000 input772@3
313 000000000 input774@3
314 000000000 input777@3
315 000000000 input779@3
316 000000000 input781@3
317 000000000 input783@3
318 000000000 input785@3
319 000000000 input787@3
320 000000000 input789@3
321 000000000 input791@3
322 000000000 input793@3
323 000000000 input795@3
324 000000000 input797@3
325 000000000 input799@3
326 000000000 input801@3
327 000000000 input803@3
328 000000000 input805@3
329 000000000 input807@3
330 000000000 input809@3
331 000000000 input813@3
332 000000000 input815@3
333 000000000 input817@3
334 000000000 input819@3
335 000000000 input821@3
336 000000000 input823@3
337 000000000 input825@3
338 000000000 input827@3
339 000000000 input829@3
340 000000000 input831@3
341 000000000 input833@3
342 000000000 input835@3
343 000000000 input837@3
344 000000000 input839@3
345 000000000 input841@3
346 000000000 input843@3
347 000000000 input847@3
348 000000000 input849@3
349 000000000 input851@3
350 000000000 input853@3
351 000000000 input855@3
352 000000000 input857@3
353 000000000 input859@3
354 000000000 input861@3
355 000000000 input863@3
356 000000000 input865@3
357 000000000 input867@3
358 000000000 input869@3
359 000000000 input871@3
360 000000000 input873@3
361 000000000 input875@3
362 000000000 input878@3
363 000000000 input880@3
364 000000000 input882@3
365 000000000 input884@3
366 000000000 input886@3
367 000000000 input888@3
368 000000000 input890@3
369 000000000 input892@3
370 000000000 input894@3
371 000000000 input896@3
372 000000000 input898@3
373 000000000 input900@3
374 000000000 input902@3
375 000000000 input904@3
376 000000000 input907@3
377 000000000 input909@3
378 000000000 input911@3
379 000000000 input913@3
380 000000000 input915@3
381 000000000 input917@3
382 000000000 input919@3
383 000000000 input921@3
384 000000000 input923@3
385 000000000 input925@3
386 000000000 input927@3
387 000000000 input929@3
388 000000000 input931@3
389 000000000 input934@3
390 000000000 input936@3
391 000000000 input938@3
392 000000000 input940@3
393 000000000 input942@3
394 000000000 input944@3
395 000000000 input946@3
396 000000000 input948@3
397 000000000 input950@3
398 000000000 input952@3
399 000000000 input954@3
400 000000000 input956@3
401 000000000 input960@3
402 000000000 input962@3
403 000000000 input964@3
404 000000000 input966@3
405 000000000 input968@3
406 000000000 input970@3
407 000000000 input972@3
408 000000000 input974@3
409 000000000 input976@3
410 000000000 input978@3
411 000000000 input980@3
412 000000000 input984@3
413 000000000 input986@3
414 000000000 input988@3
415 000000000 input990@3
416 000000000 input992@3
417 000000000 input994@3
418 000000000 input996@3
419 000000000 input998@3
420 000000000 input1000@3
421 000000000 input1002@3
422 000000000 input1005@3
423 000000000 input1007@3
424 000000000 input1009@3
425 000000000 input1011@3
426 000000000 input1013@3
427 000000000 input1015@3
428 000000000 input1017@3
429 000000000 input1019@3
430 000000000 input1021@3
431 000000000 input1024@3
432 000000000 input1026@3
433 000000000 input1028@3
434 000000000 input1030@3
435 000000000 input1032@3
436 000000000 input1034@3
437 000000000 input1036@3
438 000000000 input1038@3
439 000000000 input1042@3
440 000000000 input1044@3
441 000000000 input1046@3
442 000000000 input1048@3
443 000000000 input1050@3
444 000000000 input1052@3
445 000000000 input1054@3
446 000000000 input1057@3
447 000000000 input1059@3
448 000000000 input1061@3
449 000000000 input1063@3
450 000000000 input1065@3
451 000000000 input1067@3
452 000000000 input1070@3
453 000000000 input1072@3
454 000000000 input1074@3
455 000000000 input1076@3
456 000000000 input1078@3
457 000000000 input1082@3
458 000000000 input1084@3
459 000000000 input1086@3
460 000000000 input1088@3
461 000000000 input1091@3
462 000000000 input1093@3
463 000000000 input1095@3
464 000000000 input1098@3
465 000000000 input1100@3
466 000000000 input1103@3
467 0 input1110@3
468 0 input1112@3
469 00000 input1122@3
470 000 input1131@3
471 000 input1140@3
472 000 input1141@3
473 000 input1142@3
474 1 input1164@3
475 000000000 input1173@3
476 111111111 input1174@3
477 111111111 input1175@3
478 000000000 input1176@3
479 111111111 input1180@3
480 111111111 input1185@3
481 00000 input1200@3
482 00000 input1206@3
@4
0 0 CLOCK@4
1 1 START@4
2 000000000 input38@4
3 000000000 input47@4
4 000000000 input52@4
5 000000000 input57@4
6 000000000 input62@4
7 000000000 input67@4
8 000000000 input72@4
9 000000000 input77@4
10 000000000 input82@4
11 000000000 input87@4
12 000000000 input92@4
13 000000000 input97@4
14 000000000 input102@4
15 000000000 input107@4
16 000000000 input112@4
17 000000000 input117@4
18 000000000 input122@4
19 000000000 input127@4
20 000000000 input132@4
21 000000000 input137@4
22 000000000 input142@4
23 000000000 input147@4
24 000000000 input152@4
25 000000000 input157@4
26 000000000 input162@4
27 000000000 input167@4
28 000000000 input172@4
29 000000000 input177@4
30 000000000 input182@4
31 000000000 input186@4
32 000000000 input193@4
33 000000000 input195@4
34 000000000 input197@4
35 000000000 input199@4
36 000000000 input201@4
37 000000000 input203@4
38 000000000 input205@4
39 000000000 input207@4
40 000000000 input209@4
41 000000000 input211@4
42 000000000 input213@4
43 000000000 input215@4
44 000000000 input217@4
45 000000000 input219@4
46 000000000 input221@4
47 000000000 input223@4
48 000000000 input225@4
49 000000000 input227@4
50 000000000 input229@4
51 000000000 input231@4
52 000000000 input233@4
53 000000000 input235@4
54 000000000 input237@4
55 000000000 input239@4
56 000000000 input241@4
57 000000000 input243@4
58 000000000 input245@4
59 000000000 input247@4
60 000000000 input249@4
61 000000000 input252@4
62 000000000 input254@4
63 000000000 input256@4
64 000000000 input258@4
65 000000000 input260@4
66 000000000 input262@4
67 000000000 input264@4
68 000000000 input266@4
69 000000000 input268@4
70 000000000 input270@4
71 000000000 input272@4
72 000000000 input274@4
73 000000000 input276@4
74 000000000 input278@4
75 000000000 input280@4
76 000000000 input282@4
77 000000000 input284@4
78 000000000 input286@4
79 000000000 input288@4
80 000000000 input290@4
81 000000000 input292@4
82 000000000 input294@4
83 000000000 input296@4
84 000000000 input298@4
85 000000000 input300@4
86 000000000 input302@4
87 000000000 input304@4
88 000000000 input306@4
89 000000000 input310@4
90 000000000 input312@4
91 000000000 input314@4
92 000000000 input316@4
93 000000000 input318@4
94 000000000 input320@4
95 000000000 input322@4
96 000000000 input324@4
97 000000000 input326@4
98 000000000 input328@4
99 000000000 input330@4
100 000000000 input332@4
101 000000000 input334@4
102 000000000 input336@4
103 000000000 input338@4
104 000000000 input340@4
105 000000000 input342@4
106 000000000 input344@4
107 000000000 input346@4
108 000000000 input348@4
109 000000000 input350@4
110 000000000 input352@4
111 000000000 input354@4
112 000000000 input356@4
113 000000000 input358@4
114 000000000 input360@4
115 000000000 input362@4
116 000000000 input365@4
117 000000000 input367@4
118 000000000 input369@4
119 000000000 input371@4
120 000000000 input373@4
121 000000000 input375@4
122 000000000 input377@4
123 000000000 input379@4
124 000000000 input381@4
125 000000000 input383@4
126 000000000 input385@4
127 000000000 input387@4
128 000000000 input389@4
129 000000000 input391@4
130 000000000 input393@4
131 000000000 input395@4
132 000000000 input397@4
133 000000000 input399@4
134 000000000 input401@4
135 000000000 input403@4
136 000000000 input405@4
137 000000000 input407@4
138 000000000 input409@4
139 000000000 input411@4
140 000000000 input413@4
141 000000000 input415@4
142 000000000 input419@4
143 000000000 input421@4
144 000000000 input423@4
145 000000000 input425@4
146 000000000 input427@4
147 000000000 input429@4
148 000000000 input431@4
149 000000000 input433@4
150 000000000 input435@4
151 000000000 input437@4
152 000000000 input439@4
153 000000000 input441@4
154 000000000 input443@4
155 000000000 input445@4
156 000000000 input447@4
157 000000000 input449@4
158 000000000 input451@4
159 000000000 input453@4
160 000000000 input455@4
161 000000000 input457@4
162 000000000 input459@4
163 000000000 input461@4
164 000000000 input463@4
165 000000000 input465@4
166 000000000 input467@4
167 000000000 input471@4
168 000000000 input473@4
169 000000000 input475@4
170 000000000 input477@4
171 000000000 input479@4
172 000000000 input481@4
173 000000000 input483@4
174 000000000 input485@4
175 000000000 input487@4
176 000000000 input489@4
177 000000000 input491@4
178 000000000 input493@4
179 000000000 input495@4
180 000000000 input497@4
181 000000000 input499@4
182 000000000 input501@4
183 000000000 input503@4
184 000000000 input505@4
185 000000000 input507@4
186 000000000 input509@4
187 000000000 input511@4
188 000000000 input513@4
189 000000000 input515@4
190 000000000 input517@4
191 000000000 input521@4
192 000000000 input523@4
193 000000000 input525@4
194 000000000 input527@4
195 000000000 input529@4
196 000000000 input531@4
197 000000000 input533@4
198 000000000 input535@4
199 000000000 input537@4
200 000000000 input539@4
201 000000000 input541@4
202 000000000 input543@4
203 000000000 input545@4
204 000000000 input547@4
205 000000000 input549@4
206 000000000 input551@4
207 000000000 input553@4
208 000000000 input555@4
209 000000000 input557@4
210 000000000 input559@4
211 000000000 input561@4
212 000000000 input563@4
213 000000000 input565@4
214 000000000 input569@4
215 000000000 input571@4
216 000000000 input573@4
217 000000000 input575@4
218 000000000 input577@4
219 000000000 input579@4
220 000000000 input581@4
221 000000000 input583@4
222 000000000 input585@4
223 000000000 input587@4
224 000000000 input589@4
225 000000000 input591@4
226 000000000 input593@4
227 000000000 input595@4
228 000000000 input597@4
229 000000000 input599@4
230 000000000 input601@4
231 000000000 input603@4
232 000000000 input605@4
233 000000000 input607@4
234 000000000 input609@4
235 000000000 input611@4
236 000000000 input615@4
237 000000000 input617@4
238 000000000 input619@4
239 000000000 input621@4
240 000000000 input623@4
241 000000000 input625@4
242 000000000 input627@4
243 000000000 input629@4
244 000000000 input631@4
245 000000000 input633@4
246 000000000 input635@4
247 000000000 input637@4
248 000000000 input639@4
249 000000000 input641@4
250 000000000 input643@4
251 000000000 input645@4
252 000000000 input647@4
253 000000000 input649@4
254 000000000 input651@4
255 000000000 input653@4
256 000000000 input655@4
257 000000000 input659@4
258 000000000 input661@4
259 000000000 input663@4
260 000000000 input665@4
261 000000000 input667@4
262 000000000 input669@4
263 000000000 input671@4
264 000000000 input673@4
265 000000000 input675@4
266 000000000 input677@4
267 000000000 input679@4
268 000000000 input681@4
269 000000000 input683@4
270 000000000 input685@4
271 000000000 input687@4
272 000000000 input689@4
273 000000000 input691@4
274 000000000 input693@4
275 000000000 input695@4
276 000000000 input697@4
277 000000000 input701@4
278 000000000 input703@4
279 000000000 input705@4
280 000000000 input707@4
281 000000000 input709@4
282 000000000 input711@4
283 000000000 input713@4
284 000000000 input715@4
285 000000000 input717@4
286 000000000 input719@4
287 000000000 input721@4
288 000000000 input723@4
289 000000000 input725@4
290 000000000 input727@4
291 000000000 input729@4
292 000000000 input731@4
293 000000000 input733@4
294 000000000 input735@4
295 000000000 input737@4
296 000000000 input740@4
297 000000000 input742@4
298 000000000 input744@4
299 000000000 input746@4
300 000000000 input748@4
301 000000000 input750@4
302 000000000 input752@4
303 000000000 input754@4
304 000000000 input756@4
305 000000000 input758@4
306 000000000 input760@4
307 000000000 input762@4
308 000000000 input764@4
309 000000000 input766@4
310 000000000 input768@4
311 000000000 input770@4
312 000000000 input772@4
313 000000000 input774@4
314 000000000 input777@4
315 000000000 input779@4
316 000000000 input781@4
317 000000000 input783@4
318 000000000 input785@4
319 000000000 input787@4
320 000000000 input789@4
321 000000000 input791@4
322 000000000 input793@4
323 000000000 input795@4
324 000000000 input797@4
325 000000000 input799@4
326 000000000 input801@4
327 000000000 input803@4
328 000000000 input805@4
329 000000000 input807@4
330 000000000 input809@4
331 000000000 input813@4
332 000000000 input815@4
333 000000000 input817@4
334 000000000 input819@4
335 000000000 input821@4
336 000000000 input823@4
337 000000000 input825@4
338 000000000 input827@4
339 000000000 input829@4
340 000000000 input831@4
341 000000000 input833@4
342 000000000 input835@4
343 000000000 input837@4
344 000000000 input839@4
345 000000000 input841@4
346 000000000 input843@4
347 000000000 input847@4
348 000000000 input849@4
349 000000000 input851@4
350 000000000 input853@4
351 000000000 input855@4
352 000000000 input857@4
353 000000000 input859@4
354 000000000 input861@4
355 000000000 input863@4
356 000000000 input865@4
357 000000000 input867@4
358 000000000 input869@4
359 000000000 input871@4
360 000000000 input873@4
361 000000000 input875@4
362 000000000 input878@4
363 000000000 input880@4
364 000000000 input882@4
365 000000000 input884@4
366 000000000 input886@4
367 000000000 input888@4
368 000000000 input890@4
369 000000000 input892@4
370 000000000 input894@4
371 000000000 input896@4
372 000000000 input898@4
373 000000000 input900@4
374 000000000 input902@4
375 000000000 input904@4
376 000000000 input907@4
377 000000000 input909@4
378 000000000 input911@4
379 000000000 input913@4
380 000000000 input915@4
381 000000000 input917@4
382 000000000 input919@4
383 000000000 input921@4
384 000000000 input923@4
385 000000000 input925@4
386 000000000 input927@4
387 000000000 input929@4
388 000000000 input931@4
389 000000000 input934@4
390 000000000 input936@4
391 000000000 input938@4
392 000000000 input940@4
393 000000000 input942@4
394 000000000 input944@4
395 000000000 input946@4
396 000000000 input948@4
397 000000000 input950@4
398 000000000 input952@4
399 000000000 input954@4
400 000000000 input956@4
401 000000000 input960@4
402 000000000 input962@4
403 000000000 input964@4
404 000000000 input966@4
405 000000000 input968@4
406 000000000 input970@4
407 000000000 input972@4
408 000000000 input974@4
409 000000000 input976@4
410 000000000 input978@4
411 000000000 input980@4
412 000000000 input984@4
413 000000000 input986@4
414 000000000 input988@4
415 000000000 input990@4
416 000000000 input992@4
417 000000000 input994@4
418 000000000 input996@4
419 000000000 input998@4
420 000000000 input1000@4
421 000000000 input1002@4
422 000000000 input1005@4
423 000000000 input1007@4
424 000000000 input1009@4
425 000000000 input1011@4
426 000000000 input1013@4
427 000000000 input1015@4
428 000000000 input1017@4
429 000000000 input1019@4
430 000000000 input1021@4
431 000000000 input1024@4
432 000000000 input1026@4
433 000000000 input1028@4
434 000000000 input1030@4
435 000000000 input1032@4
436 000000000 input1034@4
437 000000000 input1036@4
438 000000000 input1038@4
439 000000000 input1042@4
440 000000000 input1044@4
441 000000000 input1046@4
442 000000000 input1048@4
443 000000000 input1050@4
444 000000000 input1052@4
445 000000000 input1054@4
446 000000000 input1057@4
447 000000000 input1059@4
448 000000000 input1061@4
449 000000000 input1063@4
450 000000000 input1065@4
451 000000000 input1067@4
452 000000000 input1070@4
453 000000000 input1072@4
454 000000000 input1074@4
455 000000000 input1076@4
456 000000000 input1078@4
457 000000000 input1082@4
458 000000000 input1084@4
459 000000000 input1086@4
460 000000000 input1088@4
461 000000000 input1091@4
462 000000000 input1093@4
463 000000000 input1095@4
464 000000000 input1098@4
465 000000000 input1100@4
466 000000000 input1103@4
467 0 input1110@4
468 0 input1112@4
469 00000 input1122@4
470 000 input1131@4
471 000 input1140@4
472 000 input1141@4
473 000 input1142@4
474 1 input1164@4
475 000000000 input1173@4
476 000110010 input1174@4
477 000000000 input1175@4
478 000000000 input1176@4
479 111111111 input1180@4
480 111111111 input1185@4
481 00000 input1200@4
482 00000 input1206@4
@5
0 0 CLOCK@5
1 1 START@5
2 000000000 input38@5
3 000000000 input47@5
4 000000000 input52@5
5 000000000 input57@5
6 000000000 input62@5
7 000000000 input67@5
8 000000000 input72@5
9 000000000 input77@5
10 000000000 input82@5
11 000000000 input87@5
12 000000000 input92@5
13 000000000 input97@5
14 000000000 input102@5
15 000000000 input107@5
16 000000000 input112@5
17 000000000 input117@5
18 000000000 input122@5
19 000000000 input127@5
20 000000000 input132@5
21 000000000 input137@5
22 000000000 input142@5
23 000000000 input147@5
24 000000000 input152@5
25 000000000 input157@5
26 000000000 input162@5
27 000000000 input167@5
28 000000000 input172@5
29 000000000 input177@5
30 000000000 input182@5
31 000000000 input186@5
32 000000000 input193@5
33 000000000 input195@5
34 000000000 input197@5
35 000000000 input199@5
36 000000000 input201@5
37 000000000 input203@5
38 000000000 input205@5
39 000000000 input207@5
40 000000000 input209@5
41 000000000 input211@5
42 000000000 input213@5
43 000000000 input215@5
44 000000000 input217@5
45 000000000 input219@5
46 000000000 input221@5
47 000000000 input223@5
48 000000000 input225@5
49 000000000 input227@5
50 000000000 input229@5
51 000000000 input231@5
52 000000000 input233@5
53 000000000 input235@5
54 000000000 input237@5
55 000000000 input239@5
56 000000000 input241@5
57 000000000 input243@5
58 000000000 input245@5
59 000000000 input247@5
60 000000000 input249@5
61 000000000 input252@5
62 000000000 input254@5
63 000000000 input256@5
64 000000000 input258@5
65 000000000 input260@5
66 000000000 input262@5
67 000000000 input264@5
68 000000000 input266@5
69 000000000 input268@5
70 000000000 input270@5
71 000000000 input272@5
72 000000000 input274@5
73 000000000 input276@5
74 000000000 input278@5
75 000000000 input280@5
76 000000000 input282@5
77 000000000 input284@5
78 000000000 input286@5
79 000000000 input288@5
80 000000000 input290@5
81 000000000 input292@5
82 000000000 input294@5
83 000000000 input296@5
84 000000000 input298@5
85 000000000 input300@5
86 000000000 input302@5
87 000000000 input304@5
88 000000000 input306@5
89 000000000 input310@5
90 000000000 input312@5
91 000000000 input314@5
92 000000000 input316@5
93 000000000 input318@5
94 000000000 input320@5
95 000000000 input322@5
96 000000000 input324@5
97 000000000 input326@5
98 000000000 input328@5
99 000000000 input330@5
100 000000000 input332@5
101 000000000 input334@5
102 000000000 input336@5
103 000000000 input338@5
104 000000000 input340@5
105 000000000 input342@5
106 000000000 input344@5
107 000000000 input346@5
108 000000000 input348@5
109 000000000 input350@5
110 000000000 input352@5
111 000000000 input354@5
112 000000000 input356@5
113 000000000 input358@5
114 000000000 input360@5
115 000000000 input362@5
116 000000000 input365@5
117 000000000 input367@5
118 000000000 input369@5
119 000000000 input371@5
120 000000000 input373@5
121 000000000 input375@5
122 000000000 input377@5
123 000000000 input379@5
124 000000000 input381@5
125 000000000 input383@5
126 000000000 input385@5
127 000000000 input387@5
128 000000000 input389@5
129 000000000 input391@5
130 000000000 input393@5
131 000000000 input395@5
132 000000000 input397@5
133 000000000 input399@5
134 000000000 input401@5
135 000000000 input403@5
136 000000000 input405@5
137 000000000 input407@5
138 000000000 input409@5
139 000000000 input411@5
140 000000000 input413@5
141 000000000 input415@5
142 000000000 input419@5
143 000000000 input421@5
144 000000000 input423@5
145 000000000 input425@5
146 000000000 input427@5
147 000000000 input429@5
148 000000000 input431@5
149 000000000 input433@5
150 000000000 input435@5
151 000000000 input437@5
152 000000000 input439@5
153 000000000 input441@5
154 000000000 input443@5
155 000000000 input445@5
156 000000000 input447@5
157 000000000 input449@5
158 000000000 input451@5
159 000000000 input453@5
160 000000000 input455@5
161 000000000 input457@5
162 000000000 input459@5
163 000000000 input461@5
164 000000000 input463@5
165 000000000 input465@5
166 000000000 input467@5
167 000000000 input471@5
168 000000000 input473@5
169 000000000 input475@5
170 000000000 input477@5
171 000000000 input479@5
172 000000000 input481@5
173 000000000 input483@5
174 000000000 input485@5
175 000000000 input487@5
176 000000000 input489@5
177 000000000 input491@5
178 000000000 input493@5
179 000000000 input495@5
180 000000000 input497@5
181 000000000 input499@5
182 000000000 input501@5
183 000000000 input503@5
184 000000000 input505@5
185 000000000 input507@5
186 000000000 input509@5
187 000000000 input511@5
188 000000000 input513@5
189 000000000 input515@5
190 000000000 input517@5
191 000000000 input521@5
192 000000000 input523@5
193 000000000 input525@5
194 000000000 input527@5
195 000000000 input529@5
196 000000000 input531@5
197 000000000 input533@5
198 000000000 input535@5
199 000000000 input537@5
200 000000000 input539@5
201 000000000 input541@5
202 000000000 input543@5
203 000000000 input545@5
204 000000000 input547@5
205 000000000 input549@5
206 000000000 input551@5
207 000000000 input553@5
208 000000000 input555@5
209 000000000 input557@5
210 000000000 input559@5
211 000000000 input561@5
212 000000000 input563@5
213 000000000 input565@5
214 000000000 input569@5
215 000000000 input571@5
216 000000000 input573@5
217 000000000 input575@5
218 000000000 input577@5
219 000000000 input579@5
220 000000000 input581@5
221 000000000 input583@5
222 000000000 input585@5
223 000000000 input587@5
224 000000000 input589@5
225 000000000 input591@5
226 000000000 input593@5
227 000000000 input595@5
228 000000000 input597@5
229 000000000 input599@5
230 000000000 input601@5
231 000000000 input603@5
232 000000000 input605@5
233 000000000 input607@5
234 000000000 input609@5
235 000000000 input611@5
236 000000000 input615@5
237 000000000 input617@5
238 000000000 input619@5
239 000000000 input621@5
240 000000000 input623@5
241 000000000 input625@5
242 000000000 input627@5
243 000000000 input629@5
244 000000000 input631@5
245 000000000 input633@5
246 000000000 input635@5
247 000000000 input637@5
248 000000000 input639@5
249 000000000 input641@5
250 000000000 input643@5
251 000000000 input645@5
252 000000000 input647@5
253 000000000 input649@5
254 000000000 input651@5
255 000000000 input653@5
256 000000000 input655@5
257 000000000 input659@5
258 000000000 input661@5
259 000000000 input663@5
260 000000000 input665@5
261 000000000 input667@5
262 000000000 input669@5
263 000000000 input671@5
264 000000000 input673@5
265 000000000 input675@5
266 000000000 input677@5
267 000000000 input679@5
268 000000000 input681@5
269 000000000 input683@5
270 000000000 input685@5
271 000000000 input687@5
272 000000000 input689@5
273 000000000 input691@5
274 000000000 input693@5
275 000000000 input695@5
276 000000000 input697@5
277 000000000 input701@5
278 000000000 input703@5
279 000000000 input705@5
280 000000000 input707@5
281 000000000 input709@5
282 000000000 input711@5
283 000000000 input713@5
284 000000000 input715@5
285 000000000 input717@5
286 000000000 input719@5
287 000000000 input721@5
288 000000000 input723@5
289 000000000 input725@5
290 000000000 input727@5
291 000000000 input729@5
292 000000000 input731@5
293 000000000 input733@5
294 000000000 input735@5
295 000000000 input737@5
296 000000000 input740@5
297 000000000 input742@5
298 000000000 input744@5
299 000000000 input746@5
300 000000000 input748@5
301 000000000 input750@5
302 000000000 input752@5
303 000000000 input754@5
304 000000000 input756@5
305 000000000 input758@5
306 000000000 input760@5
307 000000000 input762@5
308 000000000 input764@5
309 000000000 input766@5
310 000000000 input768@5
311 000000000 input770@5
312 000000000 input772@5
313 000000000 input774@5
314 000000000 input777@5
315 000000000 input779@5
316 000000000 input781@5
317 000000000 input783@5
318 000000000 input785@5
319 000000000 input787@5
320 000000000 input789@5
321 000000000 input791@5
322 000000000 input793@5
323 000000000 input795@5
324 000000000 input797@5
325 000000000 input799@5
326 000000000 input801@5
327 000000000 input803@5
328 000000000 input805@5
329 000000000 input807@5
330 000000000 input809@5
331 000000000 input813@5
332 000000000 input815@5
333 000000000 input817@5
334 000000000 input819@5
335 000000000 input821@5
336 000000000 input823@5
337 000000000 input825@5
338 000000000 input827@5
339 000000000 input829@5
340 000000000 input831@5
341 000000000 input833@5
342 000000000 input835@5
343 000000000 input837@5
344 000000000 input839@5
345 000000000 input841@5
346 000000000 input843@5
347 000000000 input847@5
348 000000000 input849@5
349 000000000 input851@5
350 000000000 input853@5
351 000000000 input855@5
352 000000000 input857@5
353 000000000 input859@5
354 000000000 input861@5
355 000000000 input863@5
356 000000000 input865@5
357 000000000 input867@5
358 000000000 input869@5
359 000000000 input871@5
360 000000000 input873@5
361 000000000 input875@5
362 000000000 input878@5
363 000000000 input880@5
364 000000000 input882@5
365 000000000 input884@5
366 000000000 input886@5
367 000000000 input888@5
368 000000000 input890@5
369 000000000 input892@5
370 000000000 input894@5
371 000000000 input896@5
372 000000000 input898@5
373 000000000 input900@5
374 000000000 input902@5
375 000000000 input904@5
376 000000000 input907@5
377 000000000 input909@5
378 000000000 input911@5
379 000000000 input913@5
380 000000000 input915@5
381 000000000 input917@5
382 000000000 input919@5
383 000000000 input921@5
384 000000000 input923@5
385 000000000 input925@5
386 000000000 input927@5
387 000000000 input929@5
388 000000000 input931@5
389 000000000 input934@5
390 000000000 input936@5
391 000000000 input938@5
392 000000000 input940@5
393 000000000 input942@5
394 000000000 input944@5
395 000000000 input946@5
396 000000000 input948@5
397 000000000 input950@5
398 000000000 input952@5
399 000000000 input954@5
400 000000000 input956@5
401 000000000 input960@5
402 000000000 input962@5
403 000000000 input964@5
404 000000000 input966@5
405 000000000 input968@5
406 000000000 input970@5
407 000000000 input972@5
408 000000000 input974@5
409 000000000 input976@5
410 000000000 input978@5
411 000000000 input980@5
412 000000000 input984@5
413 000000000 input986@5
414 000000000 input988@5
415 000000000 input990@5
416 000000000 input992@5
417 000000000 input994@5
418 000000000 input996@5
419 000000000 input998@5
420 000000000 input1000@5
421 000000000 input1002@5
422 000000000 input1005@5
423 000000000 input1007@5
424 000000000 input1009@5
425 000000000 input1011@5
426 000000000 input1013@5
427 000000000 input1015@5
428 000000000 input1017@5
429 000000000 input1019@5
430 000000000 input1021@5
431 000000000 input1024@5
432 000000000 input1026@5
433 000000000 input1028@5
434 000000000 input1030@5
435 000000000 input1032@5
436 000000000 input1034@5
437 000000000 input1036@5
438 000000000 input1038@5
439 000000000 input1042@5
440 000000000 input1044@5
441 000000000 input1046@5
442 000000000 input1048@5
443 000000000 input1050@5
444 000000000 input1052@5
445 000000000 input1054@5
446 000000000 input1057@5
447 000000000 input1059@5
448 000000000 input1061@5
449 000000000 input1063@5
450 000000000 input1065@5
451 000000000 input1067@5
452 000000000 input1070@5
453 000000000 input1072@5
454 000000000 input1074@5
455 000000000 input1076@5
456 000000000 input1078@5
457 000000000 input1082@5
458 000000000 input1084@5
459 000000000 input1086@5
460 000000000 input1088@5
461 000000000 input1091@5
462 000000000 input1093@5
463 000000000 input1095@5
464 000000000 input1098@5
465 000000000 input1100@5
466 000000000 input1103@5
467 0 input1110@5
468 0 input1112@5
469 00000 input1122@5
470 000 input1131@5
471 000 input1140@5
472 000 input1141@5
473 000 input1142@5
474 1 input1164@5
475 000000000 input1173@5
476 111111111 input1174@5
477 111111111 input1175@5
478 000111010 input1176@5
479 000111010 input1180@5
480 000111010 input1185@5
481 00000 input1200@5
482 00000 input1206@5
@6
0 0 CLOCK@6
1 1 START@6
2 111111111 input38@6
3 111111111 input47@6
4 111111111 input52@6
5 111111111 input57@6
6 111111111 input62@6
7 111111111 input67@6
8 111111111 input72@6
9 111111111 input77@6
10 111111111 input82@6
11 111111111 input87@6
12 111111111 input92@6
13 111111111 input97@6
14 111111111 input102@6
15 111111111 input107@6
16 111111111 input112@6
17 111111111 input117@6
18 111111111 input122@6
19 111111111 input127@6
20 111111111 input132@6
21 111111111 input137@6
22 111111111 input142@6
23 111111111 input147@6
24 111111111 input152@6
25 111111111 input157@6
26 111111111 input162@6
27 111111111 input167@6
28 111111111 input172@6
29 111111111 input177@6
30 000000000 input182@6
31 111111111 input186@6
32 111111111 input193@6
33 111111111 input195@6
34 111111111 input197@6
35 111111111 input199@6
36 111111111 input201@6
37 111111111 input203@6
38 111111111 input205@6
39 111111111 input207@6
40 111111111 input209@6
41 111111111 input211@6
42 111111111 input213@6
43 111111111 input215@6
44 111111111 input217@6
45 111111111 input219@6
46 111111111 input221@6
47 111111111 input223@6
48 111111111 input225@6
49 111111111 input227@6
50 111111111 input229@6
51 111111111 input231@6
52 111111111 input233@6
53 111111111 input235@6
54 111111111 input237@6
55 111111111 input239@6
56 111111111 input241@6
57 111111111 input243@6
58 111111111 input245@6
59 000000000 input247@6
60 111111111 input249@6
61 111111111 input252@6
62 111111111 input254@6
63 111111111 input256@6
64 111111111 input258@6
65 111111111 input260@6
66 111111111 input262@6
67 111111111 input264@6
68 111111111 input266@6
69 111111111 input268@6
70 111111111 input270@6
71 111111111 input272@6
72 111111111 input274@6
73 111111111 input276@6
74 111111111 input278@6
75 111111111 input280@6
76 111111111 input282@6
77 111111111 input284@6
78 111111111 input286@6
79 111111111 input288@6
80 111111111 input290@6
81 111111111 input292@6
82 111111111 input294@6
83 111111111 input296@6
84 111111111 input298@6
85 111111111 input300@6
86 111111111 input302@6
87 000000000 input304@6
88 111111111 input306@6
89 111111111 input310@6
90 111111111 input312@6
91 111111111 input314@6
92 111111111 input316@6
93 111111111 input318@6
94 111111111 input320@6
95 111111111 input322@6
96 111111111 input324@6
97 111111111 input326@6
98 111111111 input328@6
99 111111111 input330@6
100 111111111 input332@6
101 111111111 input334@6
102 111111111 input336@6
103 111111111 input338@6
104 111111111 input340@6
105 111111111 input342@6
106 111111111 input344@6
107 111111111 input346@6
108 111111111 input348@6
109 111111111 input350@6
110 111111111 input352@6
111 111111111 input354@6
112 111111111 input356@6
113 111111111 input358@6
114 000000000 input360@6
115 111111111 input362@6
116 111111111 input365@6
117 111111111 input367@6
118 111111111 input369@6
119 111111111 input371@6
120 111111111 input373@6
121 111111111 input375@6
122 111111111 input377@6
123 111111111 input379@6
124 111111111 input381@6
125 111111111 input383@6
126 111111111 input385@6
127 111111111 input387@6
128 111111111 input389@6
129 111111111 input391@6
130 111111111 input393@6
131 111111111 input395@6
132 111111111 input397@6
133 111111111 input399@6
134 111111111 input401@6
135 111111111 input403@6
136 111111111 input405@6
137 111111111 input407@6
138 111111111 input409@6
139 111111111 input411@6
140 000000000 input413@6
141 111111111 input415@6
142 111111111 input419@6
143 111111111 input421@6
144 111111111 input423@6
145 111111111 input425@6
146 111111111 input427@6
147 111111111 input429@6
148 111111111 input431@6
149 111111111 input433@6
150 111111111 input435@6
151 111111111 input437@6
152 111111111 input439@6
153 111111111 input441@6
154 111111111 input443@6
155 111111111 input445@6
156 111111111 input447@6
157 111111111 input449@6
158 111111111 input451@6
159 111111111 input453@6
160 111111111 input455@6
161 111111111 input457@6
162 111111111 input459@6
163 111111111 input461@6
164 111111111 input463@6
165 000000000 input465@6
166 111111111 input467@6
167 111111111 input471@6
168 111111111 input473@6
169 111111111 input475@6
170 111111111 input477@6
171 111111111 input479@6
172 111111111 input481@6
173 111111111 input483@6
174 111111111 input485@6
175 111111111 input487@6
176 111111111 input489@6
177 111111111 input491@6
178 111111111 input493@6
179 111111111 input495@6
180 111111111 input497@6
181 111111111 input499@6
182 111111111 input501@6
183 111111111 input503@6
184 111111111 input505@6
185 111111111 input507@6
186 111111111 input509@6
187 111111111 input511@6
188 111111111 input513@6
189 000000000 input515@6
190 111111111 input517@6
191 111111111 input521@6
192 111111111 input523@6
193 111111111 input525@6
194 111111111 input527@6
195 111111111 input529@6
196 111111111 input531@6
197 111111111 input533@6
198 111111111 input535@6
199 111111111 input537@6
200 111111111 input539@6
201 111111111 input541@6
202 111111111 input543@6
203 111111111 input545@6
204 111111111 input547@6
205 111111111 input549@6
206 111111111 input551@6
207 111111111 input553@6
208 111111111 input555@6
209 111111111 input557@6
210 111111111 input559@6
211 111111111 input561@6
212 000000000 input563@6
213 111111111 input565@6
214 111111111 input569@6
215 111111111 input571@6
216 111111111 input573@6
217 111111111 input575@6
218 111111111 input577@6
219 111111111 input579@6
220 111111111 input581@6
221 111111111 input583@6
222 111111111 input585@6
223 111111111 input587@6
224 111111111 input589@6
225 111111111 input591@6
226 111111111 input593@6
227 111111111 input595@6
228 111111111 input597@6
229 111111111 input599@6
230 111111111 input601@6
231 111111111 input603@6
232 111111111 input605@6
233 111111111 input607@6
234 000000000 input609@6
235 111111111 input611@6
236 111111111 input615@6
237 111111111 input617@6
238 111111111 input619@6
239 111111111 input621@6
240 111111111 input623@6
241 111111111 input625@6
242 111111111 input627@6
243 111111111 input629@6
244 111111111 input631@6
245 111111111 input633@6
246 111111111 input635@6
247 111111111 input637@6
248 111111111 input639@6
249 111111111 input641@6
250 111111111 input643@6
251 111111111 input645@6
252 111111111 input647@6
253 111111111 input649@6
254 111111111 input651@6
255 000000000 input653@6
256 111111111 input655@6
257 111111111 input659@6
258 111111111 input661@6
259 111111111 input663@6
260 111111111 input665@6
261 111111111 input667@6
262 111111111 input669@6
263 111111111 input671@6
264 111111111 input673@6
265 111111111 input675@6
266 111111111 input677@6
267 111111111 input679@6
268 111111111 input681@6
269 111111111 input683@6
270 111111111 input685@6
271 111111111 input687@6
272 111111111 input689@6
273 111111111 input691@6
274 111111111 input693@6
275 000000000 input695@6
276 111111111 input697@6
277 111111111 input701@6
278 111111111 input703@6
279 111111111 input705@6
280 111111111 input707@6
281 111111111 input709@6
282 111111111 input711@6
283 111111111 input713@6
284 111111111 input715@6
285 111111111 input717@6
286 111111111 input719@6
287 111111111 input721@6
288 111111111 input723@6
289 111111111 input725@6
290 111111111 input727@6
291 111111111 input729@6
292 111111111 input731@6
293 111111111 input733@6
294 000000000 input735@6
295 111111111 input737@6
296 111111111 input740@6
297 111111111 input742@6
298 111111111 input744@6
299 111111111 input746@6
300 111111111 input748@6
301 111111111 input750@6
302 111111111 input752@6
303 111111111 input754@6
304 111111111 input756@6
305 111111111 input758@6
306 111111111 input760@6
307 111111111 input762@6
308 111111111 input764@6
309 111111111 input766@6
310 111111111 input768@6
311 111111111 input770@6
312 000000000 input772@6
313 111111111 input774@6
314 111111111 input777@6
315 111111111 input779@6
316 111111111 input781@6
317 111111111 input783@6
318 111111111 input785@6
319 111111111 input787@6
320 111111111 input789@6
321 111111111 input791@6
322 111111111 input793@6
323 111111111 input795@6
324 111111111 input797@6
325 111111111 input799@6
326 111111111 input801@6
327 111111111 input803@6
328 111111111 input805@6
329 000000000 input807@6
330 111111111 input809@6
331 111111111 input813@6
332 111111111 input815@6
333 111111111 input817@6
334 111111111 input819@6
335 111111111 input821@6
336 111111111 input823@6
337 111111111 input825@6
338 111111111 input827@6
339 111111111 input829@6
340 111111111 input831@6
341 111111111 input833@6
342 111111111 input835@6
343 111111111 input837@6
344 111111111 input839@6
345 000000000 input841@6
346 111111111 input843@6
347 111111111 input847@6
348 111111111 input849@6
349 111111111 input851@6
350 111111111 input853@6
351 111111111 input855@6
352 111111111 input857@6
353 111111111 input859@6
354 111111111 input861@6
355 111111111 input863@6
356 111111111 input865@6
357 111111111 input867@6
358 111111111 input869@6
359 111111111 input871@6
360 000000000 input873@6
361 111111111 input875@6
362 111111111 input878@6
363 111111111 input880@6
364 111111111 input882@6
365 111111111 input884@6
366 111111111 input886@6
367 111111111 input888@6
368 111111111 input890@6
369 111111111 input892@6
370 111111111 input894@6
371 111111111 input896@6
372 111111111 input898@6
373 111111111 input900@6
374 000000000 input902@6
375 111111111 input904@6
376 111111111 input907@6
377 111111111 input909@6
378 111111111 input911@6
379 111111111 input913@6
380 111111111 input915@6
381 111111111 input917@6
382 111111111 input919@6
383 111111111 input921@6
384 111111111 input923@6
385 111111111 input925@6
386 111111111 input927@6
387 000000000 input929@6
388 111111111 input931@6
389 111111111 input934@6
390 111111111 input936@6
391 111111111 input938@6
392 111111111 input940@6
393 111111111 input942@6
394 111111111 input944@6
395 111111111 input946@6
396 111111111 input948@6
397 111111111 input950@6
398 111111111 input952@6
399 000000000 input954@6
400 111111111 input956@6
401 111111111 input960@6
402 111111111 input962@6
403 111111111 input964@6
404 111111111 input966@6
405 111111111 input968@6
406 111111111 input970@6
407 111111111 input972@6
408 111111111 input974@6
409 111111111 input976@6
410 000000000 input978@6
411 111111111 input980@6
412 111111111 input984@6
413 111111111 input986@6
414 111111111 input988@6
415 111111111 input990@6
416 111111111 input992@6
417 111111111 input994@6
418 111111111 input996@6
419 111111111 input998@6
420 000000000 input1000@6
421 111111111 input1002@6
422 111111111 input1005@6
423 111111111 input1007@6
424 111111111 input1009@6
425 111111111 input1011@6
426 111111111 input1013@6
427 111111111 input1015@6
428 111111111 input1017@6
429 000000000 input1019@6
430 111111111 input1021@6
431 111111111 input1024@6
432 111111111 input1026@6
433 111111111 input1028@6
434 111111111 input1030@6
435 111111111 input1032@6
436 111111111 input1034@6
437 000000000 input1036@6
438 111111111 input1038@6
439 111111111 input1042@6
440 111111111 input1044@6
441 111111111 input1046@6
442 111111111 input1048@6
443 111111111 input1050@6
444 000000000 input1052@6
445 111111111 input1054@6
446 111111111 input1057@6
447 111111111 input1059@6
448 111111111 input1061@6
449 111111111 input1063@6
450 000000000 input1065@6
451 111111111 input1067@6
452 111111111 input1070@6
453 111111111 input1072@6
454 111111111 input1074@6
455 000000000 input1076@6
456 111111111 input1078@6
457 111111111 input1082@6
458 111111111 input1084@6
459 000000000 input1086@6
460 111111111 input1088@6
461 111111111 input1091@6
462 111111111 input1093@6
463 111111111 input1095@6
464 000000000 input1098@6
465 111111111 input1100@6
466 000000000 input1103@6
467 0 input1110@6
468 0 input1112@6
469 00000 input1122@6
470 000 input1131@6
471 000 input1140@6
472 111 input1141@6
473 000 input1142@6
474 0 input1164@6
475 000000000 input1173@6
476 000000000 input1174@6
477 000000000 input1175@6
478 000000000 input1176@6
479 111111111 input1180@6
480 111111111 input1185@6
481 00000 input1200@6
482 00000 input1206@6
@7
0 0 CLOCK@7
1 0 START@7
2 000000000 input38@7
3 000000000 input47@7
4 000000000 input52@7
5 000000000 input57@7
6 000000000 input62@7
7 000000000 input67@7
8 000000000 input72@7
9 000000000 input77@7
10 000000000 input82@7
11 000000000 input87@7
12 000000000 input92@7
13 000000000 input97@7
14 000000000 input102@7
15 000000000 input107@7
16 000000000 input112@7
17 000000000 input117@7
18 000000000 input122@7
19 000000000 input127@7
20 000000000 input132@7
21 000000000 input137@7
22 000000000 input142@7
23 000000000 input147@7
24 000000000 input152@7
25 000000000 input157@7
26 000000000 input162@7
27 000000000 input167@7
28 000000000 input172@7
29 000000000 input177@7
30 000000000 input182@7
31 000000000 input186@7
32 000000000 input193@7
33 000000000 input195@7
34 000000000 input197@7
35 000000000 input199@7
36 000000000 input201@7
37 000000000 input203@7
38 000000000 input205@7
39 000000000 input207@7
40 000000000 input209@7
41 000000000 input211@7
42 000000000 input213@7
43 000000000 input215@7
44 000000000 input217@7
45 000000000 input219@7
46 000000000 input221@7
47 000000000 input223@7
48 000000000 input225@7
49 000000000 input227@7
50 000000000 input229@7
51 000000000 input231@7
52 000000000 input233@7
53 000000000 input235@7
54 000000000 input237@7
55 000000000 input239@7
56 000000000 input241@7
57 000000000 input243@7
58 000000000 input245@7
59 000000000 input247@7
60 000000000 input249@7
61 000000000 input252@7
62 000000000 input254@7
63 000000000 input256@7
64 000000000 input258@7
65 000000000 input260@7
66 000000000 input262@7
67 000000000 input264@7
68 000000000 input266@7
69 000000000 input268@7
70 000000000 input270@7
71 000000000 input272@7
72 000000000 input274@7
73 000000000 input276@7
74 000000000 input278@7
75 000000000 input280@7
76 000000000 input282@7
77 000000000 input284@7
78 000000000 input286@7
79 000000000 input288@7
80 000000000 input290@7
81 000000000 input292@7
82 000000000 input294@7
83 000000000 input296@7
84 000000000 input298@7
85 000000000 input300@7
86 000000000 input302@7
87 000000000 input304@7
88 000000000 input306@7
89 000000000 input310@7
90 000000000 input312@7
91 000000000 input314@7
92 000000000 input316@7
93 000000000 input318@7
94 000000000 input320@7
95 000000000 input322@7
96 000000000 input324@7
97 000000000 input326@7
98 000000000 input328@7
99 000000000 input330@7
100 000000000 input332@7
101 000000000 input334@7
102 000000000 input336@7
103 000000000 input338@7
104 000000000 input340@7
105 000000000 input342@7
106 000000000 input344@7
107 000000000 input346@7
108 000000000 input348@7
109 000000000 input350@7
110 000000000 input352@7
111 000000000 input354@7
112 000000000 input356@7
113 000000000 input358@7
114 000000000 input360@7
115 000000000 input362@7
116 000000000 input365@7
117 000000000 input367@7
118 000000000 input369@7
119 000000000 input371@7
120 000000000 input373@7
121 000000000 input375@7
122 000000000 input377@7
123 000000000 input379@7
124 000000000 input381@7
125 000000000 input383@7
126 000000000 input385@7
127 000000000 input387@7
128 000000000 input389@7
129 000000000 input391@7
130 000000000 input393@7
131 000000000 input395@7
132 000000000 input397@7
133 000000000 input399@7
134 000000000 input401@7
135 000000000 input403@7
136 000000000 input405@7
137 000000000 input407@7
138 000000000 input409@7
139 000000000 input411@7
140 000000000 input413@7
141 000000000 input415@7
142 000000000 input419@7
143 000000000 input421@7
144 000000000 input423@7
145 000000000 input425@7
146 000000000 input427@7
147 000000000 input429@7
148 000000000 input431@7
149 000000000 input433@7
150 000000000 input435@7
151 000000000 input437@7
152 000000000 input439@7
153 000000000 input441@7
154 000000000 input443@7
155 000000000 input445@7
156 000000000 input447@7
157 000000000 input449@7
158 000000000 input451@7
159 000000000 input453@7
160 000000000 input455@7
161 000000000 input457@7
162 000000000 input459@7
163 000000000 input461@7
164 000000000 input463@7
165 000000000 input465@7
166 000000000 input467@7
167 000000000 input471@7
168 000000000 input473@7
169 000000000 input475@7
170 000000000 input477@7
171 000000000 input479@7
172 000000000 input481@7
173 000000000 input483@7
174 000000000 input485@7
175 000000000 input487@7
176 000000000 input489@7
177 000000000 input491@7
178 000000000 input493@7
179 000000000 input495@7
180 000000000 input497@7
181 000000000 input499@7
182 000000000 input501@7
183 000000000 input503@7
184 000000000 input505@7
185 000000000 input507@7
186 000000000 input509@7
187 000000000 input511@7
188 000000000 input513@7
189 000000000 input515@7
190 000000000 input517@7
191 000000000 input521@7
192 000000000 input523@7
193 000000000 input525@7
194 000000000 input527@7
195 000000000 input529@7
196 000000000 input531@7
197 000000000 input533@7
198 000000000 input535@7
199 000000000 input537@7
200 000000000 input539@7
201 000000000 input541@7
202 000000000 input543@7
203 000000000 input545@7
204 000000000 input547@7
205 000000000 input549@7
206 000000000 input551@7
207 000000000 input553@7
208 000000000 input555@7
209 000000000 input557@7
210 000000000 input559@7
211 000000000 input561@7
212 000000000 input563@7
213 000000000 input565@7
214 000000000 input569@7
215 000000000 input571@7
216 000000000 input573@7
217 000000000 input575@7
218 000000000 input577@7
219 000000000 input579@7
220 000000000 input581@7
221 000000000 input583@7
222 000000000 input585@7
223 000000000 input587@7
224 000000000 input589@7
225 000000000 input591@7
226 000000000 input593@7
227 000000000 input595@7
228 000000000 input597@7
229 000000000 input599@7
230 000000000 input601@7
231 000000000 input603@7
232 000000000 input605@7
233 000000000 input607@7
234 000000000 input609@7
235 000000000 input611@7
236 000000000 input615@7
237 000000000 input617@7
238 000000000 input619@7
239 000000000 input621@7
240 000000000 input623@7
241 000000000 input625@7
242 000000000 input627@7
243 000000000 input629@7
244 000000000 input631@7
245 000000000 input633@7
246 000000000 input635@7
247 000000000 input637@7
248 000000000 input639@7
249 000000000 input641@7
250 000000000 input643@7
251 000000000 input645@7
252 000000000 input647@7
253 000000000 input649@7
254 000000000 input651@7
255 000000000 input653@7
256 000000000 input655@7
257 000000000 input659@7
258 000000000 input661@7
259 000000000 input663@7
260 000000000 input665@7
261 000000000 input667@7
262 000000000 input669@7
263 000000000 input671@7
264 000000000 input673@7
265 000000000 input675@7
266 000000000 input677@7
267 000000000 input679@7
268 000000000 input681@7
269 000000000 input683@7
270 000000000 input685@7
271 000000000 input687@7
272 000000000 input689@7
273 000000000 input691@7
274 000000000 input693@7
275 000000000 input695@7
276 000000000 input697@7
277 000000000 input701@7
278 000000000 input703@7
279 000000000 input705@7
280 000000000 input707@7
281 000000000 input709@7
282 000000000 input711@7
283 000000000 input713@7
284 000000000 input715@7
285 000000000 input717@7
286 000000000 input719@7
287 000000000 input721@7
288 000000000 input723@7
289 000000000 input725@7
290 000000000 input727@7
291 000000000 input729@7
292 000000000 input731@7
293 000000000 input733@7
294 000000000 input735@7
295 000000000 input737@7
296 000000000 input740@7
297 000000000 input742@7
298 000000000 input744@7
299 000000000 input746@7
300 000000000 input748@7
301 000000000 input750@7
302 000000000 input752@7
303 000000000 input754@7
304 000000000 input756@7
305 000000000 input758@7
306 000000000 input760@7
307 000000000 input762@7
308 000000000 input764@7
309 000000000 input766@7
310 000000000 input768@7
311 000000000 input770@7
312 000000000 input772@7
313 000000000 input774@7
314 000000000 input777@7
315 000000000 input779@7
316 000000000 input781@7
317 000000000 input783@7
318 000000000 input785@7
319 000000000 input787@7
320 000000000 input789@7
321 000000000 input791@7
322 000000000 input793@7
323 000000000 input795@7
324 000000000 input797@7
325 000000000 input799@7
326 000000000 input801@7
327 000000000 input803@7
328 000000000 input805@7
329 000000000 input807@7
330 000000000 input809@7
331 000000000 input813@7
332 000000000 input815@7
333 000000000 input817@7
334 000000000 input819@7
335 000000000 input821@7
336 000000000 input823@7
337 000000000 input825@7
338 000000000 input827@7
339 000000000 input829@7
340 000000000 input831@7
341 000000000 input833@7
342 000000000 input835@7
343 000000000 input837@7
344 000000000 input839@7
345 000000000 input841@7
346 000000000 input843@7
347 000000000 input847@7
348 000000000 input849@7
349 000000000 input851@7
350 000000000 input853@7
351 000000000 input855@7
352 000000000 input857@7
353 000000000 input859@7
354 000000000 input861@7
355 000000000 input863@7
356 000000000 input865@7
357 000000000 input867@7
358 000000000 input869@7
359 000000000 input871@7
360 000000000 input873@7
361 000000000 input875@7
362 000000000 input878@7
363 000000000 input880@7
364 000000000 input882@7
365 000000000 input884@7
366 000000000 input886@7
367 000000000 input888@7
368 000000000 input890@7
369 000000000 input892@7
370 000000000 input894@7
371 000000000 input896@7
372 000000000 input898@7
373 000000000 input900@7
374 000000000 input902@7
375 000000000 input904@7
376 000000000 input907@7
377 000000000 input909@7
378 000000000 input911@7
379 000000000 input913@7
380 000000000 input915@7
381 000000000 input917@7
382 000000000 input919@7
383 000000000 input921@7
384 000000000 input923@7
385 000000000 input925@7
386 000000000 input927@7
387 000000000 input929@7
388 000000000 input931@7
389 000000000 input934@7
390 000000000 input936@7
391 000000000 input938@7
392 000000000 input940@7
393 000000000 input942@7
394 000000000 input944@7
395 000000000 input946@7
396 000000000 input948@7
397 000000000 input950@7
398 000000000 input952@7
399 000000000 input954@7
400 000000000 input956@7
401 000000000 input960@7
402 000000000 input962@7
403 000000000 input964@7
404 000000000 input966@7
405 000000000 input968@7
406 000000000 input970@7
407 000000000 input972@7
408 000000000 input974@7
409 000000000 input976@7
410 000000000 input978@7
411 000000000 input980@7
412 000000000 input984@7
413 000000000 input986@7
414 000000000 input988@7
415 000000000 input990@7
416 000000000 input992@7
417 000000000 input994@7
418 000000000 input996@7
419 000000000 input998@7
420 000000000 input1000@7
421 000000000 input1002@7
422 000000000 input1005@7
423 000000000 input1007@7
424 000000000 input1009@7
425 000000000 input1011@7
426 000000000 input1013@7
427 000000000 input1015@7
428 000000000 input1017@7
429 000000000 input1019@7
430 000000000 input1021@7
431 000000000 input1024@7
432 000000000 input1026@7
433 000000000 input1028@7
434 000000000 input1030@7
435 000000000 input1032@7
436 000000000 input1034@7
437 000000000 input1036@7
438 000000000 input1038@7
439 000000000 input1042@7
440 000000000 input1044@7
441 000000000 input1046@7
442 000000000 input1048@7
443 000000000 input1050@7
444 000000000 input1052@7
445 000000000 input1054@7
446 000000000 input1057@7
447 000000000 input1059@7
448 000000000 input1061@7
449 000000000 input1063@7
450 000000000 input1065@7
451 000000000 input1067@7
452 000000000 input1070@7
453 000000000 input1072@7
454 000000000 input1074@7
455 000000000 input1076@7
456 000000000 input1078@7
457 000000000 input1082@7
458 000000000 input1084@7
459 000000000 input1086@7
460 000000000 input1088@7
461 000000000 input1091@7
462 000000000 input1093@7
463 000000000 input1095@7
464 000000000 input1098@7
465 000000000 input1100@7
466 000000000 input1103@7
467 0 input1110@7
468 0 input1112@7
469 00000 input1122@7
470 000 input1131@7
471 000 input1140@7
472 000 input1141@7
473 000 input1142@7
474 0 input1164@7
475 000000000 input1173@7
476 000000000 input1174@7
477 000000000 input1175@7
478 000000000 input1176@7
479 000000000 input1180@7
480 000000000 input1185@7
481 00000 input1200@7
482 00000 input1206@7
.

