sat
b0 
@0
0 0 f02@0
1 0 f01@0
2 1 f00@0
3 0 f15@0
4 0 f14@0
5 0 f13@0
6 0 f32@0
7 0 f31@0
8 0 f30@0
9 0 f29@0
10 0 f05@0
11 0 f24@0
12 0 f12@0
13 0 f09@0
14 0 f28@0
15 0 f26@0
16 0 f08@0
17 0 f21@0
18 0 f20@0
19 0 f23@0
20 0 f10@0
21 0 f19@0
22 0 f18@0
23 0 f17@0
24 0 f16@0
25 0 f35@0
26 0 f03@0
27 0 f04@0
28 0 f06@0
29 0 f07@0
30 0 f33@0
31 0 f34@0
32 0 f25@0
33 0 f27@0
34 0 f11@0
35 0 f22@0
@1
0 0 f02@1
1 0 f01@1
2 0 f00@1
3 0 f15@1
4 0 f14@1
5 0 f13@1
6 0 f32@1
7 0 f31@1
8 0 f30@1
9 0 f29@1
10 0 f05@1
11 0 f24@1
12 1 f12@1
13 0 f09@1
14 0 f28@1
15 0 f26@1
16 0 f08@1
17 0 f21@1
18 0 f20@1
19 0 f23@1
20 0 f10@1
21 0 f19@1
22 0 f18@1
23 0 f17@1
24 0 f16@1
25 0 f35@1
26 0 f03@1
27 0 f04@1
28 0 f06@1
29 0 f07@1
30 0 f33@1
31 0 f34@1
32 0 f25@1
33 0 f27@1
34 0 f11@1
35 0 f22@1
@2
0 0 f02@2
1 0 f01@2
2 0 f00@2
3 0 f15@2
4 0 f14@2
5 0 f13@2
6 0 f32@2
7 0 f31@2
8 0 f30@2
9 0 f29@2
10 0 f05@2
11 0 f24@2
12 0 f12@2
13 0 f09@2
14 0 f28@2
15 0 f26@2
16 1 f08@2
17 0 f21@2
18 0 f20@2
19 0 f23@2
20 0 f10@2
21 0 f19@2
22 0 f18@2
23 0 f17@2
24 0 f16@2
25 0 f35@2
26 0 f03@2
27 0 f04@2
28 0 f06@2
29 0 f07@2
30 0 f33@2
31 0 f34@2
32 0 f25@2
33 0 f27@2
34 0 f11@2
35 0 f22@2
@3
0 0 f02@3
1 0 f01@3
2 0 f00@3
3 0 f15@3
4 0 f14@3
5 0 f13@3
6 0 f32@3
7 0 f31@3
8 0 f30@3
9 0 f29@3
10 0 f05@3
11 0 f24@3
12 0 f12@3
13 0 f09@3
14 0 f28@3
15 0 f26@3
16 0 f08@3
17 0 f21@3
18 0 f20@3
19 0 f23@3
20 0 f10@3
21 0 f19@3
22 0 f18@3
23 0 f17@3
24 1 f16@3
25 0 f35@3
26 0 f03@3
27 0 f04@3
28 0 f06@3
29 0 f07@3
30 0 f33@3
31 0 f34@3
32 0 f25@3
33 0 f27@3
34 0 f11@3
35 0 f22@3
@4
0 0 f02@4
1 0 f01@4
2 0 f00@4
3 0 f15@4
4 0 f14@4
5 0 f13@4
6 0 f32@4
7 0 f31@4
8 0 f30@4
9 0 f29@4
10 0 f05@4
11 0 f24@4
12 0 f12@4
13 0 f09@4
14 0 f28@4
15 0 f26@4
16 0 f08@4
17 0 f21@4
18 1 f20@4
19 0 f23@4
20 0 f10@4
21 0 f19@4
22 0 f18@4
23 0 f17@4
24 0 f16@4
25 0 f35@4
26 0 f03@4
27 0 f04@4
28 0 f06@4
29 0 f07@4
30 0 f33@4
31 0 f34@4
32 0 f25@4
33 0 f27@4
34 0 f11@4
35 0 f22@4
@5
0 0 f02@5
1 0 f01@5
2 0 f00@5
3 0 f15@5
4 0 f14@5
5 0 f13@5
6 0 f32@5
7 0 f31@5
8 0 f30@5
9 0 f29@5
10 0 f05@5
11 0 f24@5
12 0 f12@5
13 0 f09@5
14 0 f28@5
15 0 f26@5
16 0 f08@5
17 0 f21@5
18 0 f20@5
19 0 f23@5
20 1 f10@5
21 0 f19@5
22 0 f18@5
23 0 f17@5
24 0 f16@5
25 0 f35@5
26 0 f03@5
27 0 f04@5
28 0 f06@5
29 0 f07@5
30 0 f33@5
31 0 f34@5
32 0 f25@5
33 0 f27@5
34 0 f11@5
35 0 f22@5
@6
0 0 f02@6
1 0 f01@6
2 0 f00@6
3 0 f15@6
4 0 f14@6
5 0 f13@6
6 0 f32@6
7 0 f31@6
8 0 f30@6
9 1 f29@6
10 0 f05@6
11 0 f24@6
12 0 f12@6
13 0 f09@6
14 0 f28@6
15 0 f26@6
16 0 f08@6
17 0 f21@6
18 0 f20@6
19 0 f23@6
20 0 f10@6
21 0 f19@6
22 0 f18@6
23 0 f17@6
24 0 f16@6
25 0 f35@6
26 0 f03@6
27 0 f04@6
28 0 f06@6
29 0 f07@6
30 0 f33@6
31 0 f34@6
32 0 f25@6
33 0 f27@6
34 0 f11@6
35 0 f22@6
@7
0 0 f02@7
1 0 f01@7
2 0 f00@7
3 0 f15@7
4 0 f14@7
5 0 f13@7
6 0 f32@7
7 0 f31@7
8 0 f30@7
9 0 f29@7
10 0 f05@7
11 0 f24@7
12 0 f12@7
13 0 f09@7
14 0 f28@7
15 0 f26@7
16 0 f08@7
17 0 f21@7
18 0 f20@7
19 1 f23@7
20 0 f10@7
21 0 f19@7
22 0 f18@7
23 0 f17@7
24 0 f16@7
25 0 f35@7
26 0 f03@7
27 0 f04@7
28 0 f06@7
29 0 f07@7
30 0 f33@7
31 0 f34@7
32 0 f25@7
33 0 f27@7
34 0 f11@7
35 0 f22@7
@8
0 0 f02@8
1 0 f01@8
2 0 f00@8
3 0 f15@8
4 0 f14@8
5 0 f13@8
6 0 f32@8
7 0 f31@8
8 0 f30@8
9 0 f29@8
10 0 f05@8
11 1 f24@8
12 0 f12@8
13 0 f09@8
14 0 f28@8
15 0 f26@8
16 0 f08@8
17 0 f21@8
18 0 f20@8
19 0 f23@8
20 0 f10@8
21 0 f19@8
22 0 f18@8
23 0 f17@8
24 0 f16@8
25 0 f35@8
26 0 f03@8
27 0 f04@8
28 0 f06@8
29 0 f07@8
30 0 f33@8
31 0 f34@8
32 0 f25@8
33 0 f27@8
34 0 f11@8
35 0 f22@8
@9
0 0 f02@9
1 0 f01@9
2 0 f00@9
3 0 f15@9
4 0 f14@9
5 0 f13@9
6 0 f32@9
7 0 f31@9
8 0 f30@9
9 0 f29@9
10 0 f05@9
11 0 f24@9
12 0 f12@9
13 0 f09@9
14 0 f28@9
15 0 f26@9
16 0 f08@9
17 0 f21@9
18 0 f20@9
19 0 f23@9
20 0 f10@9
21 0 f19@9
22 0 f18@9
23 0 f17@9
24 0 f16@9
25 0 f35@9
26 0 f03@9
27 0 f04@9
28 0 f06@9
29 0 f07@9
30 0 f33@9
31 0 f34@9
32 0 f25@9
33 0 f27@9
34 1 f11@9
35 0 f22@9
@10
0 0 f02@10
1 0 f01@10
2 0 f00@10
3 0 f15@10
4 0 f14@10
5 0 f13@10
6 0 f32@10
7 0 f31@10
8 0 f30@10
9 0 f29@10
10 0 f05@10
11 0 f24@10
12 0 f12@10
13 0 f09@10
14 0 f28@10
15 0 f26@10
16 0 f08@10
17 0 f21@10
18 0 f20@10
19 0 f23@10
20 0 f10@10
21 0 f19@10
22 0 f18@10
23 0 f17@10
24 0 f16@10
25 0 f35@10
26 0 f03@10
27 0 f04@10
28 1 f06@10
29 0 f07@10
30 0 f33@10
31 0 f34@10
32 0 f25@10
33 0 f27@10
34 0 f11@10
35 0 f22@10
@11
0 0 f02@11
1 0 f01@11
2 0 f00@11
3 0 f15@11
4 0 f14@11
5 1 f13@11
6 0 f32@11
7 0 f31@11
8 0 f30@11
9 0 f29@11
10 0 f05@11
11 0 f24@11
12 0 f12@11
13 0 f09@11
14 0 f28@11
15 0 f26@11
16 0 f08@11
17 0 f21@11
18 0 f20@11
19 0 f23@11
20 0 f10@11
21 0 f19@11
22 0 f18@11
23 0 f17@11
24 0 f16@11
25 0 f35@11
26 0 f03@11
27 0 f04@11
28 0 f06@11
29 0 f07@11
30 0 f33@11
31 0 f34@11
32 0 f25@11
33 0 f27@11
34 0 f11@11
35 0 f22@11
@12
0 0 f02@12
1 0 f01@12
2 0 f00@12
3 0 f15@12
4 0 f14@12
5 0 f13@12
6 0 f32@12
7 0 f31@12
8 0 f30@12
9 0 f29@12
10 0 f05@12
11 0 f24@12
12 0 f12@12
13 0 f09@12
14 0 f28@12
15 0 f26@12
16 0 f08@12
17 0 f21@12
18 0 f20@12
19 0 f23@12
20 0 f10@12
21 0 f19@12
22 0 f18@12
23 0 f17@12
24 0 f16@12
25 1 f35@12
26 0 f03@12
27 0 f04@12
28 0 f06@12
29 0 f07@12
30 0 f33@12
31 0 f34@12
32 0 f25@12
33 0 f27@12
34 0 f11@12
35 0 f22@12
@13
0 0 f02@13
1 0 f01@13
2 1 f00@13
3 0 f15@13
4 0 f14@13
5 0 f13@13
6 0 f32@13
7 0 f31@13
8 0 f30@13
9 0 f29@13
10 0 f05@13
11 0 f24@13
12 0 f12@13
13 0 f09@13
14 0 f28@13
15 0 f26@13
16 0 f08@13
17 0 f21@13
18 0 f20@13
19 0 f23@13
20 0 f10@13
21 0 f19@13
22 0 f18@13
23 0 f17@13
24 0 f16@13
25 0 f35@13
26 0 f03@13
27 0 f04@13
28 0 f06@13
29 0 f07@13
30 0 f33@13
31 0 f34@13
32 0 f25@13
33 0 f27@13
34 0 f11@13
35 0 f22@13
@14
0 0 f02@14
1 0 f01@14
2 0 f00@14
3 0 f15@14
4 0 f14@14
5 0 f13@14
6 0 f32@14
7 0 f31@14
8 0 f30@14
9 0 f29@14
10 0 f05@14
11 0 f24@14
12 0 f12@14
13 0 f09@14
14 0 f28@14
15 0 f26@14
16 0 f08@14
17 0 f21@14
18 0 f20@14
19 0 f23@14
20 0 f10@14
21 0 f19@14
22 0 f18@14
23 0 f17@14
24 0 f16@14
25 0 f35@14
26 0 f03@14
27 0 f04@14
28 0 f06@14
29 0 f07@14
30 1 f33@14
31 0 f34@14
32 0 f25@14
33 0 f27@14
34 0 f11@14
35 0 f22@14
@15
0 0 f02@15
1 0 f01@15
2 0 f00@15
3 0 f15@15
4 0 f14@15
5 0 f13@15
6 0 f32@15
7 0 f31@15
8 0 f30@15
9 0 f29@15
10 0 f05@15
11 0 f24@15
12 1 f12@15
13 0 f09@15
14 0 f28@15
15 0 f26@15
16 0 f08@15
17 0 f21@15
18 0 f20@15
19 0 f23@15
20 0 f10@15
21 0 f19@15
22 0 f18@15
23 0 f17@15
24 0 f16@15
25 0 f35@15
26 0 f03@15
27 0 f04@15
28 0 f06@15
29 0 f07@15
30 0 f33@15
31 0 f34@15
32 0 f25@15
33 0 f27@15
34 0 f11@15
35 0 f22@15
@16
0 0 f02@16
1 0 f01@16
2 0 f00@16
3 0 f15@16
4 0 f14@16
5 0 f13@16
6 0 f32@16
7 0 f31@16
8 0 f30@16
9 0 f29@16
10 0 f05@16
11 0 f24@16
12 0 f12@16
13 0 f09@16
14 0 f28@16
15 0 f26@16
16 1 f08@16
17 0 f21@16
18 0 f20@16
19 0 f23@16
20 0 f10@16
21 0 f19@16
22 0 f18@16
23 0 f17@16
24 0 f16@16
25 0 f35@16
26 0 f03@16
27 0 f04@16
28 0 f06@16
29 0 f07@16
30 0 f33@16
31 0 f34@16
32 0 f25@16
33 0 f27@16
34 0 f11@16
35 0 f22@16
@17
0 0 f02@17
1 0 f01@17
2 0 f00@17
3 0 f15@17
4 0 f14@17
5 0 f13@17
6 0 f32@17
7 0 f31@17
8 0 f30@17
9 0 f29@17
10 0 f05@17
11 0 f24@17
12 0 f12@17
13 0 f09@17
14 0 f28@17
15 0 f26@17
16 0 f08@17
17 0 f21@17
18 0 f20@17
19 0 f23@17
20 0 f10@17
21 0 f19@17
22 0 f18@17
23 0 f17@17
24 1 f16@17
25 0 f35@17
26 0 f03@17
27 0 f04@17
28 0 f06@17
29 0 f07@17
30 0 f33@17
31 0 f34@17
32 0 f25@17
33 0 f27@17
34 0 f11@17
35 0 f22@17
@18
0 0 f02@18
1 0 f01@18
2 0 f00@18
3 0 f15@18
4 0 f14@18
5 0 f13@18
6 0 f32@18
7 0 f31@18
8 0 f30@18
9 0 f29@18
10 0 f05@18
11 0 f24@18
12 0 f12@18
13 0 f09@18
14 0 f28@18
15 0 f26@18
16 0 f08@18
17 0 f21@18
18 1 f20@18
19 0 f23@18
20 0 f10@18
21 0 f19@18
22 0 f18@18
23 0 f17@18
24 0 f16@18
25 0 f35@18
26 0 f03@18
27 0 f04@18
28 0 f06@18
29 0 f07@18
30 0 f33@18
31 0 f34@18
32 0 f25@18
33 0 f27@18
34 0 f11@18
35 0 f22@18
@19
0 0 f02@19
1 0 f01@19
2 0 f00@19
3 0 f15@19
4 0 f14@19
5 0 f13@19
6 0 f32@19
7 0 f31@19
8 0 f30@19
9 0 f29@19
10 0 f05@19
11 0 f24@19
12 0 f12@19
13 0 f09@19
14 0 f28@19
15 0 f26@19
16 0 f08@19
17 0 f21@19
18 0 f20@19
19 0 f23@19
20 1 f10@19
21 0 f19@19
22 0 f18@19
23 0 f17@19
24 0 f16@19
25 0 f35@19
26 0 f03@19
27 0 f04@19
28 0 f06@19
29 0 f07@19
30 0 f33@19
31 0 f34@19
32 0 f25@19
33 0 f27@19
34 0 f11@19
35 0 f22@19
@20
0 0 f02@20
1 0 f01@20
2 0 f00@20
3 0 f15@20
4 0 f14@20
5 0 f13@20
6 0 f32@20
7 0 f31@20
8 0 f30@20
9 1 f29@20
10 0 f05@20
11 0 f24@20
12 0 f12@20
13 0 f09@20
14 0 f28@20
15 0 f26@20
16 0 f08@20
17 0 f21@20
18 0 f20@20
19 0 f23@20
20 0 f10@20
21 0 f19@20
22 0 f18@20
23 0 f17@20
24 0 f16@20
25 0 f35@20
26 0 f03@20
27 0 f04@20
28 0 f06@20
29 0 f07@20
30 0 f33@20
31 0 f34@20
32 0 f25@20
33 0 f27@20
34 0 f11@20
35 0 f22@20
@21
0 0 f02@21
1 0 f01@21
2 0 f00@21
3 0 f15@21
4 0 f14@21
5 0 f13@21
6 0 f32@21
7 0 f31@21
8 0 f30@21
9 0 f29@21
10 0 f05@21
11 0 f24@21
12 0 f12@21
13 0 f09@21
14 0 f28@21
15 0 f26@21
16 0 f08@21
17 0 f21@21
18 0 f20@21
19 0 f23@21
20 0 f10@21
21 0 f19@21
22 0 f18@21
23 0 f17@21
24 0 f16@21
25 0 f35@21
26 0 f03@21
27 0 f04@21
28 1 f06@21
29 0 f07@21
30 0 f33@21
31 0 f34@21
32 0 f25@21
33 0 f27@21
34 0 f11@21
35 0 f22@21
@22
0 0 f02@22
1 0 f01@22
2 0 f00@22
3 0 f15@22
4 0 f14@22
5 0 f13@22
6 0 f32@22
7 0 f31@22
8 0 f30@22
9 0 f29@22
10 0 f05@22
11 0 f24@22
12 0 f12@22
13 0 f09@22
14 0 f28@22
15 0 f26@22
16 0 f08@22
17 0 f21@22
18 0 f20@22
19 0 f23@22
20 0 f10@22
21 0 f19@22
22 0 f18@22
23 0 f17@22
24 0 f16@22
25 0 f35@22
26 0 f03@22
27 0 f04@22
28 0 f06@22
29 1 f07@22
30 0 f33@22
31 0 f34@22
32 0 f25@22
33 0 f27@22
34 0 f11@22
35 0 f22@22
@23
0 0 f02@23
1 0 f01@23
2 0 f00@23
3 0 f15@23
4 0 f14@23
5 0 f13@23
6 0 f32@23
7 0 f31@23
8 0 f30@23
9 0 f29@23
10 0 f05@23
11 0 f24@23
12 0 f12@23
13 0 f09@23
14 0 f28@23
15 0 f26@23
16 0 f08@23
17 0 f21@23
18 0 f20@23
19 0 f23@23
20 0 f10@23
21 0 f19@23
22 0 f18@23
23 0 f17@23
24 0 f16@23
25 0 f35@23
26 0 f03@23
27 0 f04@23
28 0 f06@23
29 0 f07@23
30 0 f33@23
31 0 f34@23
32 0 f25@23
33 0 f27@23
34 0 f11@23
35 0 f22@23
.
