sat
b0 
@0
0 0 f123@0
1 0 f115@0
2 0 f110@0
3 0 f091@0
4 0 f083@0
5 0 f078@0
6 0 f059@0
7 0 f051@0
8 0 f046@0
9 0 f031@0
10 0 f028@0
11 0 f027@0
12 0 f022@0
13 0 f021@0
14 0 f020@0
15 0 f019@0
16 0 f015@0
17 0 f014@0
18 0 f004@0
19 0 f000@0
20 0 f063@0
21 0 f060@0
22 0 f054@0
23 0 f053@0
24 0 f052@0
25 0 f047@0
26 0 f036@0
27 1 f032@0
28 0 f095@0
29 0 f092@0
30 0 f086@0
31 0 f085@0
32 0 f084@0
33 0 f079@0
34 0 f068@0
35 0 f064@0
36 0 f127@0
37 0 f124@0
38 0 f118@0
39 0 f117@0
40 0 f116@0
41 0 f111@0
42 0 f100@0
43 0 f096@0
44 0 f023@0
45 0 f009@0
46 0 f008@0
47 0 f007@0
48 0 f006@0
49 0 f005@0
50 0 f003@0
51 0 f001@0
52 0 f055@0
53 0 f041@0
54 0 f040@0
55 0 f039@0
56 0 f038@0
57 0 f037@0
58 0 f035@0
59 0 f033@0
60 0 f087@0
61 0 f073@0
62 0 f072@0
63 0 f071@0
64 0 f070@0
65 0 f069@0
66 0 f067@0
67 0 f065@0
68 0 f119@0
69 0 f105@0
70 0 f104@0
71 0 f103@0
72 0 f102@0
73 0 f101@0
74 0 f099@0
75 0 f097@0
76 0 f109@0
77 0 f077@0
78 0 f045@0
79 0 f013@0
80 0 f030@0
81 0 f029@0
82 0 f062@0
83 0 f061@0
84 0 f094@0
85 0 f093@0
86 0 f126@0
87 0 f125@0
88 0 f026@0
89 0 f010@0
90 0 f011@0
91 0 f012@0
92 0 f002@0
93 0 f024@0
94 0 f025@0
95 0 f016@0
96 0 f017@0
97 0 f018@0
98 0 f058@0
99 0 f042@0
100 0 f043@0
101 0 f044@0
102 0 f034@0
103 0 f056@0
104 0 f057@0
105 0 f048@0
106 0 f049@0
107 0 f050@0
108 0 f090@0
109 0 f074@0
110 0 f075@0
111 0 f076@0
112 0 f066@0
113 0 f088@0
114 0 f089@0
115 0 f080@0
116 0 f081@0
117 0 f082@0
118 0 f122@0
119 0 f106@0
120 0 f107@0
121 0 f108@0
122 0 f098@0
123 0 f120@0
124 0 f121@0
125 0 f112@0
126 0 f113@0
127 0 f114@0
@1
0 0 f123@1
1 0 f115@1
2 0 f110@1
3 0 f091@1
4 0 f083@1
5 0 f078@1
6 0 f059@1
7 0 f051@1
8 0 f046@1
9 0 f031@1
10 0 f028@1
11 0 f027@1
12 0 f022@1
13 0 f021@1
14 0 f020@1
15 0 f019@1
16 0 f015@1
17 0 f014@1
18 0 f004@1
19 0 f000@1
20 0 f063@1
21 0 f060@1
22 0 f054@1
23 0 f053@1
24 0 f052@1
25 0 f047@1
26 0 f036@1
27 0 f032@1
28 0 f095@1
29 0 f092@1
30 0 f086@1
31 0 f085@1
32 0 f084@1
33 0 f079@1
34 0 f068@1
35 1 f064@1
36 0 f127@1
37 0 f124@1
38 0 f118@1
39 0 f117@1
40 0 f116@1
41 0 f111@1
42 0 f100@1
43 0 f096@1
44 0 f023@1
45 0 f009@1
46 0 f008@1
47 0 f007@1
48 0 f006@1
49 0 f005@1
50 0 f003@1
51 0 f001@1
52 0 f055@1
53 0 f041@1
54 0 f040@1
55 0 f039@1
56 0 f038@1
57 0 f037@1
58 0 f035@1
59 0 f033@1
60 0 f087@1
61 0 f073@1
62 0 f072@1
63 0 f071@1
64 0 f070@1
65 0 f069@1
66 0 f067@1
67 0 f065@1
68 0 f119@1
69 0 f105@1
70 0 f104@1
71 0 f103@1
72 0 f102@1
73 0 f101@1
74 0 f099@1
75 0 f097@1
76 0 f109@1
77 0 f077@1
78 0 f045@1
79 0 f013@1
80 0 f030@1
81 0 f029@1
82 0 f062@1
83 0 f061@1
84 0 f094@1
85 0 f093@1
86 0 f126@1
87 0 f125@1
88 0 f026@1
89 0 f010@1
90 0 f011@1
91 0 f012@1
92 0 f002@1
93 0 f024@1
94 0 f025@1
95 0 f016@1
96 0 f017@1
97 0 f018@1
98 0 f058@1
99 0 f042@1
100 0 f043@1
101 0 f044@1
102 0 f034@1
103 0 f056@1
104 0 f057@1
105 0 f048@1
106 0 f049@1
107 0 f050@1
108 0 f090@1
109 0 f074@1
110 0 f075@1
111 0 f076@1
112 0 f066@1
113 0 f088@1
114 0 f089@1
115 0 f080@1
116 0 f081@1
117 0 f082@1
118 0 f122@1
119 0 f106@1
120 0 f107@1
121 0 f108@1
122 0 f098@1
123 0 f120@1
124 0 f121@1
125 0 f112@1
126 0 f113@1
127 0 f114@1
@2
0 0 f123@2
1 0 f115@2
2 0 f110@2
3 0 f091@2
4 0 f083@2
5 0 f078@2
6 0 f059@2
7 0 f051@2
8 0 f046@2
9 0 f031@2
10 0 f028@2
11 0 f027@2
12 0 f022@2
13 0 f021@2
14 0 f020@2
15 0 f019@2
16 0 f015@2
17 0 f014@2
18 0 f004@2
19 0 f000@2
20 0 f063@2
21 0 f060@2
22 0 f054@2
23 0 f053@2
24 0 f052@2
25 0 f047@2
26 0 f036@2
27 0 f032@2
28 0 f095@2
29 0 f092@2
30 0 f086@2
31 0 f085@2
32 0 f084@2
33 0 f079@2
34 0 f068@2
35 0 f064@2
36 0 f127@2
37 0 f124@2
38 0 f118@2
39 0 f117@2
40 0 f116@2
41 0 f111@2
42 0 f100@2
43 0 f096@2
44 0 f023@2
45 0 f009@2
46 0 f008@2
47 0 f007@2
48 0 f006@2
49 0 f005@2
50 0 f003@2
51 0 f001@2
52 0 f055@2
53 0 f041@2
54 0 f040@2
55 0 f039@2
56 0 f038@2
57 1 f037@2
58 0 f035@2
59 0 f033@2
60 0 f087@2
61 0 f073@2
62 0 f072@2
63 0 f071@2
64 0 f070@2
65 0 f069@2
66 0 f067@2
67 0 f065@2
68 0 f119@2
69 0 f105@2
70 0 f104@2
71 0 f103@2
72 0 f102@2
73 0 f101@2
74 0 f099@2
75 0 f097@2
76 0 f109@2
77 0 f077@2
78 0 f045@2
79 0 f013@2
80 0 f030@2
81 0 f029@2
82 0 f062@2
83 0 f061@2
84 0 f094@2
85 0 f093@2
86 0 f126@2
87 0 f125@2
88 0 f026@2
89 0 f010@2
90 0 f011@2
91 0 f012@2
92 0 f002@2
93 0 f024@2
94 0 f025@2
95 0 f016@2
96 0 f017@2
97 0 f018@2
98 0 f058@2
99 0 f042@2
100 0 f043@2
101 0 f044@2
102 0 f034@2
103 0 f056@2
104 0 f057@2
105 0 f048@2
106 0 f049@2
107 0 f050@2
108 0 f090@2
109 0 f074@2
110 0 f075@2
111 0 f076@2
112 0 f066@2
113 0 f088@2
114 0 f089@2
115 0 f080@2
116 0 f081@2
117 0 f082@2
118 0 f122@2
119 0 f106@2
120 0 f107@2
121 0 f108@2
122 0 f098@2
123 0 f120@2
124 0 f121@2
125 0 f112@2
126 0 f113@2
127 0 f114@2
@3
0 0 f123@3
1 0 f115@3
2 0 f110@3
3 0 f091@3
4 0 f083@3
5 0 f078@3
6 0 f059@3
7 0 f051@3
8 0 f046@3
9 0 f031@3
10 0 f028@3
11 0 f027@3
12 0 f022@3
13 0 f021@3
14 0 f020@3
15 0 f019@3
16 0 f015@3
17 0 f014@3
18 0 f004@3
19 0 f000@3
20 0 f063@3
21 0 f060@3
22 0 f054@3
23 0 f053@3
24 0 f052@3
25 0 f047@3
26 0 f036@3
27 0 f032@3
28 0 f095@3
29 0 f092@3
30 0 f086@3
31 0 f085@3
32 0 f084@3
33 0 f079@3
34 0 f068@3
35 0 f064@3
36 0 f127@3
37 0 f124@3
38 0 f118@3
39 0 f117@3
40 0 f116@3
41 0 f111@3
42 0 f100@3
43 0 f096@3
44 0 f023@3
45 0 f009@3
46 0 f008@3
47 0 f007@3
48 0 f006@3
49 0 f005@3
50 0 f003@3
51 0 f001@3
52 0 f055@3
53 0 f041@3
54 0 f040@3
55 0 f039@3
56 0 f038@3
57 0 f037@3
58 0 f035@3
59 0 f033@3
60 0 f087@3
61 0 f073@3
62 0 f072@3
63 0 f071@3
64 0 f070@3
65 1 f069@3
66 0 f067@3
67 0 f065@3
68 0 f119@3
69 0 f105@3
70 0 f104@3
71 0 f103@3
72 0 f102@3
73 0 f101@3
74 0 f099@3
75 0 f097@3
76 0 f109@3
77 0 f077@3
78 0 f045@3
79 0 f013@3
80 0 f030@3
81 0 f029@3
82 0 f062@3
83 0 f061@3
84 0 f094@3
85 0 f093@3
86 0 f126@3
87 0 f125@3
88 0 f026@3
89 0 f010@3
90 0 f011@3
91 0 f012@3
92 0 f002@3
93 0 f024@3
94 0 f025@3
95 0 f016@3
96 0 f017@3
97 0 f018@3
98 0 f058@3
99 0 f042@3
100 0 f043@3
101 0 f044@3
102 0 f034@3
103 0 f056@3
104 0 f057@3
105 0 f048@3
106 0 f049@3
107 0 f050@3
108 0 f090@3
109 0 f074@3
110 0 f075@3
111 0 f076@3
112 0 f066@3
113 0 f088@3
114 0 f089@3
115 0 f080@3
116 0 f081@3
117 0 f082@3
118 0 f122@3
119 0 f106@3
120 0 f107@3
121 0 f108@3
122 0 f098@3
123 0 f120@3
124 0 f121@3
125 0 f112@3
126 0 f113@3
127 0 f114@3
@4
0 0 f123@4
1 0 f115@4
2 0 f110@4
3 0 f091@4
4 0 f083@4
5 1 f078@4
6 0 f059@4
7 0 f051@4
8 0 f046@4
9 0 f031@4
10 0 f028@4
11 0 f027@4
12 0 f022@4
13 0 f021@4
14 0 f020@4
15 0 f019@4
16 0 f015@4
17 0 f014@4
18 0 f004@4
19 0 f000@4
20 0 f063@4
21 0 f060@4
22 0 f054@4
23 0 f053@4
24 0 f052@4
25 0 f047@4
26 0 f036@4
27 0 f032@4
28 0 f095@4
29 0 f092@4
30 0 f086@4
31 0 f085@4
32 0 f084@4
33 0 f079@4
34 0 f068@4
35 0 f064@4
36 0 f127@4
37 0 f124@4
38 0 f118@4
39 0 f117@4
40 0 f116@4
41 0 f111@4
42 0 f100@4
43 0 f096@4
44 0 f023@4
45 0 f009@4
46 0 f008@4
47 0 f007@4
48 0 f006@4
49 0 f005@4
50 0 f003@4
51 0 f001@4
52 0 f055@4
53 0 f041@4
54 0 f040@4
55 0 f039@4
56 0 f038@4
57 0 f037@4
58 0 f035@4
59 0 f033@4
60 0 f087@4
61 0 f073@4
62 0 f072@4
63 0 f071@4
64 0 f070@4
65 0 f069@4
66 0 f067@4
67 0 f065@4
68 0 f119@4
69 0 f105@4
70 0 f104@4
71 0 f103@4
72 0 f102@4
73 0 f101@4
74 0 f099@4
75 0 f097@4
76 0 f109@4
77 0 f077@4
78 0 f045@4
79 0 f013@4
80 0 f030@4
81 0 f029@4
82 0 f062@4
83 0 f061@4
84 0 f094@4
85 0 f093@4
86 0 f126@4
87 0 f125@4
88 0 f026@4
89 0 f010@4
90 0 f011@4
91 0 f012@4
92 0 f002@4
93 0 f024@4
94 0 f025@4
95 0 f016@4
96 0 f017@4
97 0 f018@4
98 0 f058@4
99 0 f042@4
100 0 f043@4
101 0 f044@4
102 0 f034@4
103 0 f056@4
104 0 f057@4
105 0 f048@4
106 0 f049@4
107 0 f050@4
108 0 f090@4
109 0 f074@4
110 0 f075@4
111 0 f076@4
112 0 f066@4
113 0 f088@4
114 0 f089@4
115 0 f080@4
116 0 f081@4
117 0 f082@4
118 0 f122@4
119 0 f106@4
120 0 f107@4
121 0 f108@4
122 0 f098@4
123 0 f120@4
124 0 f121@4
125 0 f112@4
126 0 f113@4
127 0 f114@4
@5
0 0 f123@5
1 0 f115@5
2 0 f110@5
3 0 f091@5
4 0 f083@5
5 0 f078@5
6 0 f059@5
7 0 f051@5
8 0 f046@5
9 0 f031@5
10 0 f028@5
11 0 f027@5
12 0 f022@5
13 0 f021@5
14 0 f020@5
15 0 f019@5
16 0 f015@5
17 0 f014@5
18 0 f004@5
19 0 f000@5
20 0 f063@5
21 0 f060@5
22 0 f054@5
23 0 f053@5
24 0 f052@5
25 0 f047@5
26 0 f036@5
27 0 f032@5
28 0 f095@5
29 0 f092@5
30 0 f086@5
31 0 f085@5
32 0 f084@5
33 0 f079@5
34 0 f068@5
35 0 f064@5
36 0 f127@5
37 0 f124@5
38 0 f118@5
39 0 f117@5
40 0 f116@5
41 0 f111@5
42 0 f100@5
43 1 f096@5
44 0 f023@5
45 0 f009@5
46 0 f008@5
47 0 f007@5
48 0 f006@5
49 0 f005@5
50 0 f003@5
51 0 f001@5
52 0 f055@5
53 0 f041@5
54 0 f040@5
55 0 f039@5
56 0 f038@5
57 0 f037@5
58 0 f035@5
59 0 f033@5
60 0 f087@5
61 0 f073@5
62 0 f072@5
63 0 f071@5
64 0 f070@5
65 0 f069@5
66 0 f067@5
67 0 f065@5
68 0 f119@5
69 0 f105@5
70 0 f104@5
71 0 f103@5
72 0 f102@5
73 0 f101@5
74 0 f099@5
75 0 f097@5
76 0 f109@5
77 0 f077@5
78 0 f045@5
79 0 f013@5
80 0 f030@5
81 0 f029@5
82 0 f062@5
83 0 f061@5
84 0 f094@5
85 0 f093@5
86 0 f126@5
87 0 f125@5
88 0 f026@5
89 0 f010@5
90 0 f011@5
91 0 f012@5
92 0 f002@5
93 0 f024@5
94 0 f025@5
95 0 f016@5
96 0 f017@5
97 0 f018@5
98 0 f058@5
99 0 f042@5
100 0 f043@5
101 0 f044@5
102 0 f034@5
103 0 f056@5
104 0 f057@5
105 0 f048@5
106 0 f049@5
107 0 f050@5
108 0 f090@5
109 0 f074@5
110 0 f075@5
111 0 f076@5
112 0 f066@5
113 0 f088@5
114 0 f089@5
115 0 f080@5
116 0 f081@5
117 0 f082@5
118 0 f122@5
119 0 f106@5
120 0 f107@5
121 0 f108@5
122 0 f098@5
123 0 f120@5
124 0 f121@5
125 0 f112@5
126 0 f113@5
127 0 f114@5
@6
0 0 f123@6
1 0 f115@6
2 0 f110@6
3 0 f091@6
4 0 f083@6
5 0 f078@6
6 0 f059@6
7 0 f051@6
8 0 f046@6
9 0 f031@6
10 0 f028@6
11 0 f027@6
12 0 f022@6
13 0 f021@6
14 0 f020@6
15 0 f019@6
16 0 f015@6
17 0 f014@6
18 0 f004@6
19 0 f000@6
20 0 f063@6
21 0 f060@6
22 0 f054@6
23 0 f053@6
24 0 f052@6
25 0 f047@6
26 0 f036@6
27 0 f032@6
28 0 f095@6
29 0 f092@6
30 0 f086@6
31 0 f085@6
32 0 f084@6
33 0 f079@6
34 0 f068@6
35 0 f064@6
36 0 f127@6
37 0 f124@6
38 0 f118@6
39 0 f117@6
40 0 f116@6
41 0 f111@6
42 0 f100@6
43 0 f096@6
44 0 f023@6
45 0 f009@6
46 0 f008@6
47 0 f007@6
48 0 f006@6
49 0 f005@6
50 0 f003@6
51 1 f001@6
52 0 f055@6
53 0 f041@6
54 0 f040@6
55 0 f039@6
56 0 f038@6
57 0 f037@6
58 0 f035@6
59 0 f033@6
60 0 f087@6
61 0 f073@6
62 0 f072@6
63 0 f071@6
64 0 f070@6
65 0 f069@6
66 0 f067@6
67 0 f065@6
68 0 f119@6
69 0 f105@6
70 0 f104@6
71 0 f103@6
72 0 f102@6
73 0 f101@6
74 0 f099@6
75 0 f097@6
76 0 f109@6
77 0 f077@6
78 0 f045@6
79 0 f013@6
80 0 f030@6
81 0 f029@6
82 0 f062@6
83 0 f061@6
84 0 f094@6
85 0 f093@6
86 0 f126@6
87 0 f125@6
88 0 f026@6
89 0 f010@6
90 0 f011@6
91 0 f012@6
92 0 f002@6
93 0 f024@6
94 0 f025@6
95 0 f016@6
96 0 f017@6
97 0 f018@6
98 0 f058@6
99 0 f042@6
100 0 f043@6
101 0 f044@6
102 0 f034@6
103 0 f056@6
104 0 f057@6
105 0 f048@6
106 0 f049@6
107 0 f050@6
108 0 f090@6
109 0 f074@6
110 0 f075@6
111 0 f076@6
112 0 f066@6
113 0 f088@6
114 0 f089@6
115 0 f080@6
116 0 f081@6
117 0 f082@6
118 0 f122@6
119 0 f106@6
120 0 f107@6
121 0 f108@6
122 0 f098@6
123 0 f120@6
124 0 f121@6
125 0 f112@6
126 0 f113@6
127 0 f114@6
@7
0 0 f123@7
1 0 f115@7
2 0 f110@7
3 0 f091@7
4 0 f083@7
5 0 f078@7
6 0 f059@7
7 0 f051@7
8 0 f046@7
9 0 f031@7
10 0 f028@7
11 0 f027@7
12 0 f022@7
13 0 f021@7
14 0 f020@7
15 0 f019@7
16 0 f015@7
17 0 f014@7
18 0 f004@7
19 0 f000@7
20 0 f063@7
21 0 f060@7
22 0 f054@7
23 0 f053@7
24 0 f052@7
25 0 f047@7
26 0 f036@7
27 0 f032@7
28 0 f095@7
29 0 f092@7
30 0 f086@7
31 0 f085@7
32 0 f084@7
33 0 f079@7
34 0 f068@7
35 0 f064@7
36 0 f127@7
37 0 f124@7
38 0 f118@7
39 0 f117@7
40 0 f116@7
41 0 f111@7
42 0 f100@7
43 0 f096@7
44 0 f023@7
45 0 f009@7
46 0 f008@7
47 0 f007@7
48 0 f006@7
49 0 f005@7
50 0 f003@7
51 0 f001@7
52 0 f055@7
53 0 f041@7
54 0 f040@7
55 0 f039@7
56 0 f038@7
57 0 f037@7
58 0 f035@7
59 0 f033@7
60 0 f087@7
61 0 f073@7
62 0 f072@7
63 0 f071@7
64 0 f070@7
65 0 f069@7
66 0 f067@7
67 0 f065@7
68 0 f119@7
69 0 f105@7
70 0 f104@7
71 0 f103@7
72 0 f102@7
73 0 f101@7
74 0 f099@7
75 0 f097@7
76 0 f109@7
77 0 f077@7
78 0 f045@7
79 0 f013@7
80 0 f030@7
81 0 f029@7
82 0 f062@7
83 0 f061@7
84 0 f094@7
85 0 f093@7
86 0 f126@7
87 0 f125@7
88 0 f026@7
89 0 f010@7
90 0 f011@7
91 0 f012@7
92 1 f002@7
93 0 f024@7
94 0 f025@7
95 0 f016@7
96 0 f017@7
97 0 f018@7
98 0 f058@7
99 0 f042@7
100 0 f043@7
101 0 f044@7
102 0 f034@7
103 0 f056@7
104 0 f057@7
105 0 f048@7
106 0 f049@7
107 0 f050@7
108 0 f090@7
109 0 f074@7
110 0 f075@7
111 0 f076@7
112 0 f066@7
113 0 f088@7
114 0 f089@7
115 0 f080@7
116 0 f081@7
117 0 f082@7
118 0 f122@7
119 0 f106@7
120 0 f107@7
121 0 f108@7
122 0 f098@7
123 0 f120@7
124 0 f121@7
125 0 f112@7
126 0 f113@7
127 0 f114@7
@8
0 0 f123@8
1 0 f115@8
2 0 f110@8
3 0 f091@8
4 0 f083@8
5 0 f078@8
6 0 f059@8
7 0 f051@8
8 0 f046@8
9 0 f031@8
10 0 f028@8
11 0 f027@8
12 0 f022@8
13 0 f021@8
14 0 f020@8
15 0 f019@8
16 0 f015@8
17 0 f014@8
18 0 f004@8
19 0 f000@8
20 0 f063@8
21 0 f060@8
22 0 f054@8
23 0 f053@8
24 0 f052@8
25 0 f047@8
26 0 f036@8
27 0 f032@8
28 0 f095@8
29 0 f092@8
30 0 f086@8
31 0 f085@8
32 0 f084@8
33 0 f079@8
34 0 f068@8
35 0 f064@8
36 0 f127@8
37 0 f124@8
38 0 f118@8
39 0 f117@8
40 0 f116@8
41 0 f111@8
42 0 f100@8
43 0 f096@8
44 0 f023@8
45 0 f009@8
46 0 f008@8
47 0 f007@8
48 0 f006@8
49 0 f005@8
50 0 f003@8
51 0 f001@8
52 0 f055@8
53 0 f041@8
54 0 f040@8
55 0 f039@8
56 0 f038@8
57 0 f037@8
58 0 f035@8
59 0 f033@8
60 0 f087@8
61 0 f073@8
62 0 f072@8
63 0 f071@8
64 0 f070@8
65 0 f069@8
66 0 f067@8
67 0 f065@8
68 0 f119@8
69 0 f105@8
70 0 f104@8
71 0 f103@8
72 0 f102@8
73 1 f101@8
74 0 f099@8
75 0 f097@8
76 0 f109@8
77 0 f077@8
78 0 f045@8
79 0 f013@8
80 0 f030@8
81 0 f029@8
82 0 f062@8
83 0 f061@8
84 0 f094@8
85 0 f093@8
86 0 f126@8
87 0 f125@8
88 0 f026@8
89 0 f010@8
90 0 f011@8
91 0 f012@8
92 0 f002@8
93 0 f024@8
94 0 f025@8
95 0 f016@8
96 0 f017@8
97 0 f018@8
98 0 f058@8
99 0 f042@8
100 0 f043@8
101 0 f044@8
102 0 f034@8
103 0 f056@8
104 0 f057@8
105 0 f048@8
106 0 f049@8
107 0 f050@8
108 0 f090@8
109 0 f074@8
110 0 f075@8
111 0 f076@8
112 0 f066@8
113 0 f088@8
114 0 f089@8
115 0 f080@8
116 0 f081@8
117 0 f082@8
118 0 f122@8
119 0 f106@8
120 0 f107@8
121 0 f108@8
122 0 f098@8
123 0 f120@8
124 0 f121@8
125 0 f112@8
126 0 f113@8
127 0 f114@8
@9
0 0 f123@9
1 0 f115@9
2 0 f110@9
3 0 f091@9
4 0 f083@9
5 0 f078@9
6 0 f059@9
7 0 f051@9
8 0 f046@9
9 0 f031@9
10 0 f028@9
11 0 f027@9
12 0 f022@9
13 0 f021@9
14 0 f020@9
15 0 f019@9
16 0 f015@9
17 0 f014@9
18 0 f004@9
19 0 f000@9
20 0 f063@9
21 0 f060@9
22 0 f054@9
23 0 f053@9
24 0 f052@9
25 0 f047@9
26 0 f036@9
27 0 f032@9
28 0 f095@9
29 0 f092@9
30 0 f086@9
31 0 f085@9
32 0 f084@9
33 0 f079@9
34 0 f068@9
35 0 f064@9
36 0 f127@9
37 0 f124@9
38 0 f118@9
39 0 f117@9
40 0 f116@9
41 0 f111@9
42 0 f100@9
43 0 f096@9
44 0 f023@9
45 0 f009@9
46 0 f008@9
47 0 f007@9
48 0 f006@9
49 0 f005@9
50 0 f003@9
51 0 f001@9
52 0 f055@9
53 0 f041@9
54 0 f040@9
55 0 f039@9
56 0 f038@9
57 0 f037@9
58 0 f035@9
59 0 f033@9
60 0 f087@9
61 0 f073@9
62 0 f072@9
63 0 f071@9
64 0 f070@9
65 0 f069@9
66 0 f067@9
67 0 f065@9
68 0 f119@9
69 0 f105@9
70 0 f104@9
71 0 f103@9
72 0 f102@9
73 0 f101@9
74 0 f099@9
75 0 f097@9
76 0 f109@9
77 0 f077@9
78 0 f045@9
79 0 f013@9
80 0 f030@9
81 0 f029@9
82 0 f062@9
83 0 f061@9
84 0 f094@9
85 0 f093@9
86 0 f126@9
87 0 f125@9
88 0 f026@9
89 0 f010@9
90 0 f011@9
91 0 f012@9
92 0 f002@9
93 0 f024@9
94 1 f025@9
95 0 f016@9
96 0 f017@9
97 0 f018@9
98 0 f058@9
99 0 f042@9
100 0 f043@9
101 0 f044@9
102 0 f034@9
103 0 f056@9
104 0 f057@9
105 0 f048@9
106 0 f049@9
107 0 f050@9
108 0 f090@9
109 0 f074@9
110 0 f075@9
111 0 f076@9
112 0 f066@9
113 0 f088@9
114 0 f089@9
115 0 f080@9
116 0 f081@9
117 0 f082@9
118 0 f122@9
119 0 f106@9
120 0 f107@9
121 0 f108@9
122 0 f098@9
123 0 f120@9
124 0 f121@9
125 0 f112@9
126 0 f113@9
127 0 f114@9
@10
0 0 f123@10
1 0 f115@10
2 0 f110@10
3 0 f091@10
4 0 f083@10
5 0 f078@10
6 0 f059@10
7 0 f051@10
8 0 f046@10
9 0 f031@10
10 0 f028@10
11 1 f027@10
12 0 f022@10
13 0 f021@10
14 0 f020@10
15 0 f019@10
16 0 f015@10
17 0 f014@10
18 0 f004@10
19 0 f000@10
20 0 f063@10
21 0 f060@10
22 0 f054@10
23 0 f053@10
24 0 f052@10
25 0 f047@10
26 0 f036@10
27 0 f032@10
28 0 f095@10
29 0 f092@10
30 0 f086@10
31 0 f085@10
32 0 f084@10
33 0 f079@10
34 0 f068@10
35 0 f064@10
36 0 f127@10
37 0 f124@10
38 0 f118@10
39 0 f117@10
40 0 f116@10
41 0 f111@10
42 0 f100@10
43 0 f096@10
44 0 f023@10
45 0 f009@10
46 0 f008@10
47 0 f007@10
48 0 f006@10
49 0 f005@10
50 0 f003@10
51 0 f001@10
52 0 f055@10
53 0 f041@10
54 0 f040@10
55 0 f039@10
56 0 f038@10
57 0 f037@10
58 0 f035@10
59 0 f033@10
60 0 f087@10
61 0 f073@10
62 0 f072@10
63 0 f071@10
64 0 f070@10
65 0 f069@10
66 0 f067@10
67 0 f065@10
68 0 f119@10
69 0 f105@10
70 0 f104@10
71 0 f103@10
72 0 f102@10
73 0 f101@10
74 0 f099@10
75 0 f097@10
76 0 f109@10
77 0 f077@10
78 0 f045@10
79 0 f013@10
80 0 f030@10
81 0 f029@10
82 0 f062@10
83 0 f061@10
84 0 f094@10
85 0 f093@10
86 0 f126@10
87 0 f125@10
88 0 f026@10
89 0 f010@10
90 0 f011@10
91 0 f012@10
92 0 f002@10
93 0 f024@10
94 0 f025@10
95 0 f016@10
96 0 f017@10
97 0 f018@10
98 0 f058@10
99 0 f042@10
100 0 f043@10
101 0 f044@10
102 0 f034@10
103 0 f056@10
104 0 f057@10
105 0 f048@10
106 0 f049@10
107 0 f050@10
108 0 f090@10
109 0 f074@10
110 0 f075@10
111 0 f076@10
112 0 f066@10
113 0 f088@10
114 0 f089@10
115 0 f080@10
116 0 f081@10
117 0 f082@10
118 0 f122@10
119 0 f106@10
120 0 f107@10
121 0 f108@10
122 0 f098@10
123 0 f120@10
124 0 f121@10
125 0 f112@10
126 0 f113@10
127 0 f114@10
@11
0 0 f123@11
1 0 f115@11
2 0 f110@11
3 0 f091@11
4 0 f083@11
5 0 f078@11
6 0 f059@11
7 0 f051@11
8 0 f046@11
9 0 f031@11
10 0 f028@11
11 0 f027@11
12 0 f022@11
13 0 f021@11
14 0 f020@11
15 0 f019@11
16 0 f015@11
17 0 f014@11
18 0 f004@11
19 0 f000@11
20 0 f063@11
21 0 f060@11
22 0 f054@11
23 0 f053@11
24 0 f052@11
25 0 f047@11
26 0 f036@11
27 0 f032@11
28 0 f095@11
29 0 f092@11
30 0 f086@11
31 0 f085@11
32 0 f084@11
33 0 f079@11
34 0 f068@11
35 0 f064@11
36 0 f127@11
37 0 f124@11
38 0 f118@11
39 0 f117@11
40 0 f116@11
41 0 f111@11
42 0 f100@11
43 0 f096@11
44 0 f023@11
45 0 f009@11
46 0 f008@11
47 0 f007@11
48 0 f006@11
49 0 f005@11
50 0 f003@11
51 0 f001@11
52 0 f055@11
53 0 f041@11
54 0 f040@11
55 0 f039@11
56 0 f038@11
57 0 f037@11
58 0 f035@11
59 0 f033@11
60 0 f087@11
61 0 f073@11
62 0 f072@11
63 0 f071@11
64 0 f070@11
65 0 f069@11
66 0 f067@11
67 0 f065@11
68 0 f119@11
69 0 f105@11
70 0 f104@11
71 0 f103@11
72 0 f102@11
73 0 f101@11
74 0 f099@11
75 0 f097@11
76 0 f109@11
77 0 f077@11
78 0 f045@11
79 0 f013@11
80 0 f030@11
81 0 f029@11
82 0 f062@11
83 0 f061@11
84 0 f094@11
85 0 f093@11
86 0 f126@11
87 0 f125@11
88 0 f026@11
89 0 f010@11
90 0 f011@11
91 0 f012@11
92 0 f002@11
93 0 f024@11
94 0 f025@11
95 0 f016@11
96 0 f017@11
97 0 f018@11
98 0 f058@11
99 0 f042@11
100 0 f043@11
101 0 f044@11
102 0 f034@11
103 0 f056@11
104 0 f057@11
105 0 f048@11
106 0 f049@11
107 0 f050@11
108 0 f090@11
109 0 f074@11
110 0 f075@11
111 0 f076@11
112 0 f066@11
113 0 f088@11
114 0 f089@11
115 0 f080@11
116 1 f081@11
117 0 f082@11
118 0 f122@11
119 0 f106@11
120 0 f107@11
121 0 f108@11
122 0 f098@11
123 0 f120@11
124 0 f121@11
125 0 f112@11
126 0 f113@11
127 0 f114@11
@12
0 0 f123@12
1 0 f115@12
2 0 f110@12
3 0 f091@12
4 1 f083@12
5 0 f078@12
6 0 f059@12
7 0 f051@12
8 0 f046@12
9 0 f031@12
10 0 f028@12
11 0 f027@12
12 0 f022@12
13 0 f021@12
14 0 f020@12
15 0 f019@12
16 0 f015@12
17 0 f014@12
18 0 f004@12
19 0 f000@12
20 0 f063@12
21 0 f060@12
22 0 f054@12
23 0 f053@12
24 0 f052@12
25 0 f047@12
26 0 f036@12
27 0 f032@12
28 0 f095@12
29 0 f092@12
30 0 f086@12
31 0 f085@12
32 0 f084@12
33 0 f079@12
34 0 f068@12
35 0 f064@12
36 0 f127@12
37 0 f124@12
38 0 f118@12
39 0 f117@12
40 0 f116@12
41 0 f111@12
42 0 f100@12
43 0 f096@12
44 0 f023@12
45 0 f009@12
46 0 f008@12
47 0 f007@12
48 0 f006@12
49 0 f005@12
50 0 f003@12
51 0 f001@12
52 0 f055@12
53 0 f041@12
54 0 f040@12
55 0 f039@12
56 0 f038@12
57 0 f037@12
58 0 f035@12
59 0 f033@12
60 0 f087@12
61 0 f073@12
62 0 f072@12
63 0 f071@12
64 0 f070@12
65 0 f069@12
66 0 f067@12
67 0 f065@12
68 0 f119@12
69 0 f105@12
70 0 f104@12
71 0 f103@12
72 0 f102@12
73 0 f101@12
74 0 f099@12
75 0 f097@12
76 0 f109@12
77 0 f077@12
78 0 f045@12
79 0 f013@12
80 0 f030@12
81 0 f029@12
82 0 f062@12
83 0 f061@12
84 0 f094@12
85 0 f093@12
86 0 f126@12
87 0 f125@12
88 0 f026@12
89 0 f010@12
90 0 f011@12
91 0 f012@12
92 0 f002@12
93 0 f024@12
94 0 f025@12
95 0 f016@12
96 0 f017@12
97 0 f018@12
98 0 f058@12
99 0 f042@12
100 0 f043@12
101 0 f044@12
102 0 f034@12
103 0 f056@12
104 0 f057@12
105 0 f048@12
106 0 f049@12
107 0 f050@12
108 0 f090@12
109 0 f074@12
110 0 f075@12
111 0 f076@12
112 0 f066@12
113 0 f088@12
114 0 f089@12
115 0 f080@12
116 0 f081@12
117 0 f082@12
118 0 f122@12
119 0 f106@12
120 0 f107@12
121 0 f108@12
122 0 f098@12
123 0 f120@12
124 0 f121@12
125 0 f112@12
126 0 f113@12
127 0 f114@12
@13
0 0 f123@13
1 0 f115@13
2 0 f110@13
3 0 f091@13
4 0 f083@13
5 0 f078@13
6 0 f059@13
7 0 f051@13
8 1 f046@13
9 0 f031@13
10 0 f028@13
11 0 f027@13
12 0 f022@13
13 0 f021@13
14 0 f020@13
15 0 f019@13
16 0 f015@13
17 0 f014@13
18 0 f004@13
19 0 f000@13
20 0 f063@13
21 0 f060@13
22 0 f054@13
23 0 f053@13
24 0 f052@13
25 0 f047@13
26 0 f036@13
27 0 f032@13
28 0 f095@13
29 0 f092@13
30 0 f086@13
31 0 f085@13
32 0 f084@13
33 0 f079@13
34 0 f068@13
35 0 f064@13
36 0 f127@13
37 0 f124@13
38 0 f118@13
39 0 f117@13
40 0 f116@13
41 0 f111@13
42 0 f100@13
43 0 f096@13
44 0 f023@13
45 0 f009@13
46 0 f008@13
47 0 f007@13
48 0 f006@13
49 0 f005@13
50 0 f003@13
51 0 f001@13
52 0 f055@13
53 0 f041@13
54 0 f040@13
55 0 f039@13
56 0 f038@13
57 0 f037@13
58 0 f035@13
59 0 f033@13
60 0 f087@13
61 0 f073@13
62 0 f072@13
63 0 f071@13
64 0 f070@13
65 0 f069@13
66 0 f067@13
67 0 f065@13
68 0 f119@13
69 0 f105@13
70 0 f104@13
71 0 f103@13
72 0 f102@13
73 0 f101@13
74 0 f099@13
75 0 f097@13
76 0 f109@13
77 0 f077@13
78 0 f045@13
79 0 f013@13
80 0 f030@13
81 0 f029@13
82 0 f062@13
83 0 f061@13
84 0 f094@13
85 0 f093@13
86 0 f126@13
87 0 f125@13
88 0 f026@13
89 0 f010@13
90 0 f011@13
91 0 f012@13
92 0 f002@13
93 0 f024@13
94 0 f025@13
95 0 f016@13
96 0 f017@13
97 0 f018@13
98 0 f058@13
99 0 f042@13
100 0 f043@13
101 0 f044@13
102 0 f034@13
103 0 f056@13
104 0 f057@13
105 0 f048@13
106 0 f049@13
107 0 f050@13
108 0 f090@13
109 0 f074@13
110 0 f075@13
111 0 f076@13
112 0 f066@13
113 0 f088@13
114 0 f089@13
115 0 f080@13
116 0 f081@13
117 0 f082@13
118 0 f122@13
119 0 f106@13
120 0 f107@13
121 0 f108@13
122 0 f098@13
123 0 f120@13
124 0 f121@13
125 0 f112@13
126 0 f113@13
127 0 f114@13
@14
0 0 f123@14
1 0 f115@14
2 0 f110@14
3 0 f091@14
4 0 f083@14
5 0 f078@14
6 0 f059@14
7 0 f051@14
8 0 f046@14
9 1 f031@14
10 0 f028@14
11 0 f027@14
12 0 f022@14
13 0 f021@14
14 0 f020@14
15 0 f019@14
16 0 f015@14
17 0 f014@14
18 0 f004@14
19 0 f000@14
20 0 f063@14
21 0 f060@14
22 0 f054@14
23 0 f053@14
24 0 f052@14
25 0 f047@14
26 0 f036@14
27 0 f032@14
28 0 f095@14
29 0 f092@14
30 0 f086@14
31 0 f085@14
32 0 f084@14
33 0 f079@14
34 0 f068@14
35 0 f064@14
36 0 f127@14
37 0 f124@14
38 0 f118@14
39 0 f117@14
40 0 f116@14
41 0 f111@14
42 0 f100@14
43 0 f096@14
44 0 f023@14
45 0 f009@14
46 0 f008@14
47 0 f007@14
48 0 f006@14
49 0 f005@14
50 0 f003@14
51 0 f001@14
52 0 f055@14
53 0 f041@14
54 0 f040@14
55 0 f039@14
56 0 f038@14
57 0 f037@14
58 0 f035@14
59 0 f033@14
60 0 f087@14
61 0 f073@14
62 0 f072@14
63 0 f071@14
64 0 f070@14
65 0 f069@14
66 0 f067@14
67 0 f065@14
68 0 f119@14
69 0 f105@14
70 0 f104@14
71 0 f103@14
72 0 f102@14
73 0 f101@14
74 0 f099@14
75 0 f097@14
76 0 f109@14
77 0 f077@14
78 0 f045@14
79 0 f013@14
80 0 f030@14
81 0 f029@14
82 0 f062@14
83 0 f061@14
84 0 f094@14
85 0 f093@14
86 0 f126@14
87 0 f125@14
88 0 f026@14
89 0 f010@14
90 0 f011@14
91 0 f012@14
92 0 f002@14
93 0 f024@14
94 0 f025@14
95 0 f016@14
96 0 f017@14
97 0 f018@14
98 0 f058@14
99 0 f042@14
100 0 f043@14
101 0 f044@14
102 0 f034@14
103 0 f056@14
104 0 f057@14
105 0 f048@14
106 0 f049@14
107 0 f050@14
108 0 f090@14
109 0 f074@14
110 0 f075@14
111 0 f076@14
112 0 f066@14
113 0 f088@14
114 0 f089@14
115 0 f080@14
116 0 f081@14
117 0 f082@14
118 0 f122@14
119 0 f106@14
120 0 f107@14
121 0 f108@14
122 0 f098@14
123 0 f120@14
124 0 f121@14
125 0 f112@14
126 0 f113@14
127 0 f114@14
@15
0 0 f123@15
1 0 f115@15
2 1 f110@15
3 0 f091@15
4 0 f083@15
5 0 f078@15
6 0 f059@15
7 0 f051@15
8 0 f046@15
9 0 f031@15
10 0 f028@15
11 0 f027@15
12 0 f022@15
13 0 f021@15
14 0 f020@15
15 0 f019@15
16 0 f015@15
17 0 f014@15
18 0 f004@15
19 0 f000@15
20 0 f063@15
21 0 f060@15
22 0 f054@15
23 0 f053@15
24 0 f052@15
25 0 f047@15
26 0 f036@15
27 0 f032@15
28 0 f095@15
29 0 f092@15
30 0 f086@15
31 0 f085@15
32 0 f084@15
33 0 f079@15
34 0 f068@15
35 0 f064@15
36 0 f127@15
37 0 f124@15
38 0 f118@15
39 0 f117@15
40 0 f116@15
41 0 f111@15
42 0 f100@15
43 0 f096@15
44 0 f023@15
45 0 f009@15
46 0 f008@15
47 0 f007@15
48 0 f006@15
49 0 f005@15
50 0 f003@15
51 0 f001@15
52 0 f055@15
53 0 f041@15
54 0 f040@15
55 0 f039@15
56 0 f038@15
57 0 f037@15
58 0 f035@15
59 0 f033@15
60 0 f087@15
61 0 f073@15
62 0 f072@15
63 0 f071@15
64 0 f070@15
65 0 f069@15
66 0 f067@15
67 0 f065@15
68 0 f119@15
69 0 f105@15
70 0 f104@15
71 0 f103@15
72 0 f102@15
73 0 f101@15
74 0 f099@15
75 0 f097@15
76 0 f109@15
77 0 f077@15
78 0 f045@15
79 0 f013@15
80 0 f030@15
81 0 f029@15
82 0 f062@15
83 0 f061@15
84 0 f094@15
85 0 f093@15
86 0 f126@15
87 0 f125@15
88 0 f026@15
89 0 f010@15
90 0 f011@15
91 0 f012@15
92 0 f002@15
93 0 f024@15
94 0 f025@15
95 0 f016@15
96 0 f017@15
97 0 f018@15
98 0 f058@15
99 0 f042@15
100 0 f043@15
101 0 f044@15
102 0 f034@15
103 0 f056@15
104 0 f057@15
105 0 f048@15
106 0 f049@15
107 0 f050@15
108 0 f090@15
109 0 f074@15
110 0 f075@15
111 0 f076@15
112 0 f066@15
113 0 f088@15
114 0 f089@15
115 0 f080@15
116 0 f081@15
117 0 f082@15
118 0 f122@15
119 0 f106@15
120 0 f107@15
121 0 f108@15
122 0 f098@15
123 0 f120@15
124 0 f121@15
125 0 f112@15
126 0 f113@15
127 0 f114@15
@16
0 0 f123@16
1 0 f115@16
2 0 f110@16
3 0 f091@16
4 0 f083@16
5 0 f078@16
6 0 f059@16
7 0 f051@16
8 0 f046@16
9 0 f031@16
10 0 f028@16
11 0 f027@16
12 0 f022@16
13 0 f021@16
14 0 f020@16
15 0 f019@16
16 0 f015@16
17 0 f014@16
18 0 f004@16
19 0 f000@16
20 0 f063@16
21 0 f060@16
22 0 f054@16
23 0 f053@16
24 0 f052@16
25 0 f047@16
26 0 f036@16
27 0 f032@16
28 0 f095@16
29 0 f092@16
30 0 f086@16
31 0 f085@16
32 0 f084@16
33 0 f079@16
34 0 f068@16
35 0 f064@16
36 0 f127@16
37 0 f124@16
38 0 f118@16
39 0 f117@16
40 0 f116@16
41 0 f111@16
42 0 f100@16
43 0 f096@16
44 0 f023@16
45 0 f009@16
46 0 f008@16
47 0 f007@16
48 0 f006@16
49 0 f005@16
50 0 f003@16
51 1 f001@16
52 0 f055@16
53 0 f041@16
54 0 f040@16
55 0 f039@16
56 0 f038@16
57 0 f037@16
58 0 f035@16
59 0 f033@16
60 0 f087@16
61 0 f073@16
62 0 f072@16
63 0 f071@16
64 0 f070@16
65 0 f069@16
66 0 f067@16
67 0 f065@16
68 0 f119@16
69 0 f105@16
70 0 f104@16
71 0 f103@16
72 0 f102@16
73 0 f101@16
74 0 f099@16
75 0 f097@16
76 0 f109@16
77 0 f077@16
78 0 f045@16
79 0 f013@16
80 0 f030@16
81 0 f029@16
82 0 f062@16
83 0 f061@16
84 0 f094@16
85 0 f093@16
86 0 f126@16
87 0 f125@16
88 0 f026@16
89 0 f010@16
90 0 f011@16
91 0 f012@16
92 0 f002@16
93 0 f024@16
94 0 f025@16
95 0 f016@16
96 0 f017@16
97 0 f018@16
98 0 f058@16
99 0 f042@16
100 0 f043@16
101 0 f044@16
102 0 f034@16
103 0 f056@16
104 0 f057@16
105 0 f048@16
106 0 f049@16
107 0 f050@16
108 0 f090@16
109 0 f074@16
110 0 f075@16
111 0 f076@16
112 0 f066@16
113 0 f088@16
114 0 f089@16
115 0 f080@16
116 0 f081@16
117 0 f082@16
118 0 f122@16
119 0 f106@16
120 0 f107@16
121 0 f108@16
122 0 f098@16
123 0 f120@16
124 0 f121@16
125 0 f112@16
126 0 f113@16
127 0 f114@16
@17
0 0 f123@17
1 0 f115@17
2 0 f110@17
3 0 f091@17
4 0 f083@17
5 0 f078@17
6 0 f059@17
7 0 f051@17
8 0 f046@17
9 0 f031@17
10 0 f028@17
11 0 f027@17
12 0 f022@17
13 0 f021@17
14 0 f020@17
15 0 f019@17
16 0 f015@17
17 0 f014@17
18 0 f004@17
19 0 f000@17
20 0 f063@17
21 0 f060@17
22 0 f054@17
23 0 f053@17
24 0 f052@17
25 0 f047@17
26 0 f036@17
27 0 f032@17
28 0 f095@17
29 0 f092@17
30 0 f086@17
31 0 f085@17
32 0 f084@17
33 0 f079@17
34 0 f068@17
35 0 f064@17
36 0 f127@17
37 0 f124@17
38 0 f118@17
39 0 f117@17
40 0 f116@17
41 0 f111@17
42 0 f100@17
43 0 f096@17
44 0 f023@17
45 0 f009@17
46 0 f008@17
47 0 f007@17
48 0 f006@17
49 0 f005@17
50 0 f003@17
51 0 f001@17
52 0 f055@17
53 0 f041@17
54 0 f040@17
55 0 f039@17
56 0 f038@17
57 0 f037@17
58 0 f035@17
59 0 f033@17
60 0 f087@17
61 0 f073@17
62 0 f072@17
63 0 f071@17
64 0 f070@17
65 0 f069@17
66 0 f067@17
67 0 f065@17
68 0 f119@17
69 0 f105@17
70 0 f104@17
71 0 f103@17
72 0 f102@17
73 0 f101@17
74 0 f099@17
75 0 f097@17
76 0 f109@17
77 0 f077@17
78 0 f045@17
79 0 f013@17
80 0 f030@17
81 0 f029@17
82 0 f062@17
83 0 f061@17
84 0 f094@17
85 0 f093@17
86 0 f126@17
87 0 f125@17
88 0 f026@17
89 0 f010@17
90 0 f011@17
91 0 f012@17
92 1 f002@17
93 0 f024@17
94 0 f025@17
95 0 f016@17
96 0 f017@17
97 0 f018@17
98 0 f058@17
99 0 f042@17
100 0 f043@17
101 0 f044@17
102 0 f034@17
103 0 f056@17
104 0 f057@17
105 0 f048@17
106 0 f049@17
107 0 f050@17
108 0 f090@17
109 0 f074@17
110 0 f075@17
111 0 f076@17
112 0 f066@17
113 0 f088@17
114 0 f089@17
115 0 f080@17
116 0 f081@17
117 0 f082@17
118 0 f122@17
119 0 f106@17
120 0 f107@17
121 0 f108@17
122 0 f098@17
123 0 f120@17
124 0 f121@17
125 0 f112@17
126 0 f113@17
127 0 f114@17
@18
0 0 f123@18
1 0 f115@18
2 0 f110@18
3 0 f091@18
4 0 f083@18
5 0 f078@18
6 0 f059@18
7 0 f051@18
8 0 f046@18
9 0 f031@18
10 0 f028@18
11 0 f027@18
12 0 f022@18
13 0 f021@18
14 0 f020@18
15 0 f019@18
16 0 f015@18
17 0 f014@18
18 0 f004@18
19 0 f000@18
20 0 f063@18
21 0 f060@18
22 0 f054@18
23 0 f053@18
24 0 f052@18
25 0 f047@18
26 0 f036@18
27 0 f032@18
28 0 f095@18
29 0 f092@18
30 0 f086@18
31 0 f085@18
32 0 f084@18
33 0 f079@18
34 0 f068@18
35 0 f064@18
36 0 f127@18
37 0 f124@18
38 0 f118@18
39 0 f117@18
40 0 f116@18
41 0 f111@18
42 0 f100@18
43 0 f096@18
44 0 f023@18
45 0 f009@18
46 0 f008@18
47 0 f007@18
48 0 f006@18
49 0 f005@18
50 0 f003@18
51 0 f001@18
52 0 f055@18
53 0 f041@18
54 0 f040@18
55 0 f039@18
56 0 f038@18
57 0 f037@18
58 0 f035@18
59 0 f033@18
60 0 f087@18
61 0 f073@18
62 0 f072@18
63 0 f071@18
64 0 f070@18
65 0 f069@18
66 0 f067@18
67 0 f065@18
68 0 f119@18
69 0 f105@18
70 0 f104@18
71 0 f103@18
72 0 f102@18
73 0 f101@18
74 0 f099@18
75 0 f097@18
76 0 f109@18
77 0 f077@18
78 0 f045@18
79 0 f013@18
80 0 f030@18
81 0 f029@18
82 0 f062@18
83 0 f061@18
84 0 f094@18
85 0 f093@18
86 0 f126@18
87 0 f125@18
88 0 f026@18
89 0 f010@18
90 0 f011@18
91 0 f012@18
92 0 f002@18
93 1 f024@18
94 0 f025@18
95 0 f016@18
96 0 f017@18
97 0 f018@18
98 0 f058@18
99 0 f042@18
100 0 f043@18
101 0 f044@18
102 0 f034@18
103 0 f056@18
104 0 f057@18
105 0 f048@18
106 0 f049@18
107 0 f050@18
108 0 f090@18
109 0 f074@18
110 0 f075@18
111 0 f076@18
112 0 f066@18
113 0 f088@18
114 0 f089@18
115 0 f080@18
116 0 f081@18
117 0 f082@18
118 0 f122@18
119 0 f106@18
120 0 f107@18
121 0 f108@18
122 0 f098@18
123 0 f120@18
124 0 f121@18
125 0 f112@18
126 0 f113@18
127 0 f114@18
@19
0 0 f123@19
1 0 f115@19
2 0 f110@19
3 0 f091@19
4 0 f083@19
5 0 f078@19
6 0 f059@19
7 0 f051@19
8 0 f046@19
9 0 f031@19
10 0 f028@19
11 0 f027@19
12 0 f022@19
13 0 f021@19
14 0 f020@19
15 0 f019@19
16 0 f015@19
17 0 f014@19
18 0 f004@19
19 0 f000@19
20 0 f063@19
21 0 f060@19
22 0 f054@19
23 0 f053@19
24 0 f052@19
25 0 f047@19
26 0 f036@19
27 0 f032@19
28 0 f095@19
29 0 f092@19
30 0 f086@19
31 0 f085@19
32 0 f084@19
33 0 f079@19
34 0 f068@19
35 0 f064@19
36 0 f127@19
37 0 f124@19
38 0 f118@19
39 0 f117@19
40 0 f116@19
41 0 f111@19
42 0 f100@19
43 0 f096@19
44 0 f023@19
45 0 f009@19
46 0 f008@19
47 0 f007@19
48 0 f006@19
49 0 f005@19
50 0 f003@19
51 0 f001@19
52 0 f055@19
53 0 f041@19
54 0 f040@19
55 0 f039@19
56 0 f038@19
57 0 f037@19
58 0 f035@19
59 0 f033@19
60 0 f087@19
61 0 f073@19
62 0 f072@19
63 0 f071@19
64 0 f070@19
65 0 f069@19
66 0 f067@19
67 0 f065@19
68 0 f119@19
69 0 f105@19
70 0 f104@19
71 0 f103@19
72 0 f102@19
73 0 f101@19
74 0 f099@19
75 0 f097@19
76 0 f109@19
77 0 f077@19
78 0 f045@19
79 0 f013@19
80 0 f030@19
81 0 f029@19
82 0 f062@19
83 0 f061@19
84 0 f094@19
85 0 f093@19
86 0 f126@19
87 0 f125@19
88 0 f026@19
89 0 f010@19
90 0 f011@19
91 0 f012@19
92 0 f002@19
93 0 f024@19
94 0 f025@19
95 0 f016@19
96 0 f017@19
97 0 f018@19
98 0 f058@19
99 0 f042@19
100 0 f043@19
101 0 f044@19
102 0 f034@19
103 0 f056@19
104 0 f057@19
105 0 f048@19
106 0 f049@19
107 0 f050@19
108 0 f090@19
109 0 f074@19
110 0 f075@19
111 0 f076@19
112 0 f066@19
113 0 f088@19
114 0 f089@19
115 0 f080@19
116 0 f081@19
117 0 f082@19
118 0 f122@19
119 0 f106@19
120 0 f107@19
121 0 f108@19
122 0 f098@19
123 0 f120@19
124 0 f121@19
125 0 f112@19
126 0 f113@19
127 0 f114@19
.
