sat
(let ((a!1 (forall ((A (_ BitVec 32))
                    (B (_ BitVec 32))
                    (C (_ BitVec 32))
                    (D (_ BitVec 32))
                    (E (_ BitVec 32))
                    (F (_ BitVec 1))
                    (G (_ BitVec 4))
                    (H (_ BitVec 4))
                    (I (_ BitVec 32))
                    (J (_ BitVec 32))
                    (K (_ BitVec 1))
                    (L (_ BitVec 32))
                    (M (_ BitVec 1))
                    (N (_ BitVec 32))
                    (O (_ BitVec 1))
                    (P (_ BitVec 1))
                    (Q (_ BitVec 32))
                    (R (_ BitVec 32))
                    (S (_ BitVec 1))
                    (T (_ BitVec 1))
                    (U (_ BitVec 1))
                    (V (_ BitVec 1)))
             (! (=> (and (INV!slice!1 A
                                      B
                                      C
                                      D
                                      E
                                      V
                                      F
                                      G
                                      H
                                      I
                                      J
                                      K
                                      L
                                      M
                                      N
                                      O
                                      P
                                      Q
                                      R
                                      S
                                      T
                                      U)
                         (not (= V #b1)))
                    query!0)
                :weight 0)))
      (a!2 (asserted (forall ((A (_ BitVec 1))
                              (B (_ BitVec 1))
                              (C (_ BitVec 1))
                              (D (_ BitVec 32))
                              (E (_ BitVec 1))
                              (F (_ BitVec 4))
                              (G (_ BitVec 1))
                              (H (_ BitVec 1))
                              (I (_ BitVec 32))
                              (J (_ BitVec 32))
                              (K (_ BitVec 32))
                              (L (_ BitVec 32))
                              (M (_ BitVec 32))
                              (N (_ BitVec 32))
                              (O (_ BitVec 32))
                              (P (_ BitVec 32))
                              (Q (_ BitVec 1))
                              (R (_ BitVec 1))
                              (S (_ BitVec 4))
                              (T (_ BitVec 32))
                              (U (_ BitVec 32))
                              (V (_ BitVec 32))
                              (W (_ BitVec 32))
                              (X (_ BitVec 32))
                              (Y (_ BitVec 32))
                              (Z (_ BitVec 32))
                              (A1 (_ BitVec 1))
                              (B1 (_ BitVec 4))
                              (C1 (_ BitVec 4))
                              (D1 (_ BitVec 32))
                              (E1 (_ BitVec 32))
                              (F1 (_ BitVec 1))
                              (G1 (_ BitVec 32))
                              (H1 (_ BitVec 1))
                              (I1 (_ BitVec 32))
                              (J1 (_ BitVec 1))
                              (K1 (_ BitVec 1))
                              (L1 (_ BitVec 32))
                              (M1 (_ BitVec 32))
                              (N1 (_ BitVec 1))
                              (O1 (_ BitVec 1)))
                       (! (let ((a!1 (or (= Q #b1)
                                         (and (= S #x3) (not (= R #b0)))))
                                (a!2 (not (= (concat #x0000000 S)
                                             (bvadd #x00000003
                                                    (concat #b0000000000000000000000000000000
                                                            Q)))))
                                (a!4 (ite (= B #b1)
                                          #x0
                                          (bvadd (bvmul #xf (concat #b000 Q))
                                                 S
                                                 (concat #b000 R))))
                                (a!5 (concat #b000 (bvnot (bvor (bvnot R) G))))
                                (a!10 (bvor G
                                            (bvnot (bvor (bvnot R) (bvnot H)))))
                                (a!14 (or (= Q #b1)
                                          (and (= S #x7) (not (= R #b0)))))
                                (a!15 (or (= Q #b1)
                                          (and (= S #x5) (not (= R #b0)))))
                                (a!16 (not (= (concat #x0000000 S)
                                              (bvadd #x00000005
                                                     (concat #b0000000000000000000000000000000
                                                             Q)))))
                                (a!18 (or (= Q #b1)
                                          (and (= S #x4) (not (= R #b0)))))
                                (a!19 (or (= R #b0)
                                          (not (= ((_ extract 0 0) S) Q))
                                          (not (= ((_ extract 3 1) S) #b010))))
                                (a!21 (or (= Q #b1)
                                          (and (= S #x0) (not (= R #b0)))))
                                (a!22 (or (= R #b0)
                                          (not (= ((_ extract 0 0) S) Q))
                                          (not (= ((_ extract 3 1) S) #b000))))
                                (a!24 (or (= Q #b1)
                                          (and (= S #x1) (not (= R #b0)))))
                                (a!25 (not (= (concat #x0000000 S)
                                              (bvadd #x00000001
                                                     (concat #b0000000000000000000000000000000
                                                             Q)))))
                                (a!27 (or (= Q #b1)
                                          (and (= S #x6) (not (= R #b0)))))
                                (a!28 (or (= R #b0)
                                          (not (= ((_ extract 0 0) S) Q))
                                          (not (= ((_ extract 3 1) S) #b011))))
                                (a!30 (ite (= B #b1)
                                           #x00000000
                                           (ite (or (= H #b0)
                                                    (= R #b0)
                                                    (= G #b1))
                                                I
                                                O)))
                                (a!31 (or (= Q #b1)
                                          (and (= S #x2) (not (= R #b0)))))
                                (a!32 (or (= R #b0)
                                          (not (= ((_ extract 0 0) S) Q))
                                          (not (= ((_ extract 3 1) S) #b001)))))
                          (let ((a!3 (ite a!1
                                          (ite (or (= R #b0) a!2)
                                               (ite (= Q #b1) M #x00000000)
                                               O)
                                          L))
                                (a!6 (ite (= B #b1)
                                          #x0
                                          (bvadd F
                                                 a!5
                                                 (bvmul #xf (concat #b000 Q)))))
                                (a!11 (= F1
                                         (ite (= B #b1)
                                              #b0
                                              (ite (= G #b0) a!10 G))))
                                (a!17 (ite a!15
                                           (ite (or (= R #b0) a!16)
                                                (ite (= Q #b1) P #x00000000)
                                                O)
                                           N))
                                (a!20 (ite a!18
                                           (ite a!19
                                                (ite (= Q #b1) N #x00000000)
                                                O)
                                           M))
                                (a!23 (ite a!21
                                           (ite a!22
                                                (ite (= Q #b1) J #x00000000)
                                                O)
                                           D))
                                (a!26 (ite a!24
                                           (ite (or (= R #b0) a!25)
                                                (ite (= Q #b1) K #x00000000)
                                                O)
                                           J))
                                (a!29 (ite a!27
                                           (ite a!28
                                                (ite (= Q #b1) U #x00000000)
                                                O)
                                           P))
                                (a!33 (ite a!31
                                           (ite a!32
                                                (ite (= Q #b1) L #x00000000)
                                                O)
                                           K)))
                          (let ((a!7 (ite (= B #b1)
                                          #x0
                                          (ite (or (= Q #b1)
                                                   (= B #b1)
                                                   (= R #b1)
                                                   (= G #b1))
                                               a!6
                                               F)))
                                (a!8 (bvor (bvnot G)
                                           E
                                           (bvnot (ite (= F #x0) #b0 #b1))
                                           (bvnot (ite (= a!6 #x0) #b1 #b0))))
                                (a!12 (ite (= B #b1)
                                           (= C #b1)
                                           (or (= F #x0)
                                               (= G #b0)
                                               (= I D)
                                               (= E #b1)
                                               (not (= a!6 #x0))))))
                          (let ((a!9 (= H1
                                        (ite (= B #b1) #b0 (bvor E (bvnot a!8)))))
                                (a!13 (bvnot (ite (or (= B #b1) a!12) #b0 #b1))))
                          (let ((a!34 (and (INV!slice!1 U
                                                        N
                                                        M
                                                        L
                                                        K
                                                        A
                                                        B
                                                        S
                                                        F
                                                        D
                                                        P
                                                        G
                                                        J
                                                        E
                                                        I
                                                        C
                                                        H
                                                        O
                                                        T
                                                        Q
                                                        R
                                                        B)
                                           (= Y (ite (= B #b1) #x00000000 a!3))
                                           (or (not (= B1 #x0)) (= N1 #b0))
                                           (or (not (= S #x0)) (= Q #b0))
                                           (or (not (bvule #x8 B1)) (= O1 #b0))
                                           (or (not (bvule #x8 S)) (= R #b0))
                                           (= B1 a!4)
                                           (= C1 a!7)
                                           a!9
                                           a!11
                                           (= A1 a!13)
                                           (= V
                                              (ite (= B #b1)
                                                   #x00000000
                                                   (ite a!14 T U)))
                                           (= W (ite (= B #b1) #x00000000 a!17))
                                           (= X (ite (= B #b1) #x00000000 a!20))
                                           (= D1
                                              (ite (= B #b1) #x00000000 a!23))
                                           (= G1
                                              (ite (= B #b1) #x00000000 a!26))
                                           (= E1
                                              (ite (= B #b1) #x00000000 a!29))
                                           (= I1 a!30)
                                           (= Z (ite (= B #b1) #x00000000 a!33)))))
                            (=> a!34
                                (INV!slice!1 V
                                             W
                                             X
                                             Y
                                             Z
                                             A1
                                             #b0
                                             B1
                                             C1
                                             D1
                                             E1
                                             F1
                                             G1
                                             H1
                                             I1
                                             J1
                                             K1
                                             L1
                                             M1
                                             N1
                                             O1
                                             #b0)))))))
                          :weight 0))))
      (a!3 (asserted (forall ((A (_ BitVec 32))
                              (B (_ BitVec 32))
                              (C (_ BitVec 32))
                              (D (_ BitVec 32))
                              (E (_ BitVec 32))
                              (F (_ BitVec 4))
                              (G (_ BitVec 4))
                              (H (_ BitVec 32))
                              (I (_ BitVec 32))
                              (J (_ BitVec 1))
                              (K (_ BitVec 32))
                              (L (_ BitVec 1))
                              (M (_ BitVec 32))
                              (N (_ BitVec 1))
                              (O (_ BitVec 1))
                              (P (_ BitVec 32))
                              (Q (_ BitVec 32))
                              (R (_ BitVec 1))
                              (S (_ BitVec 1)))
                       (! (let ((a!1 (and (or (not (bvule #x8 F)) (= S #b0))
                                          (or (not (= F #x0)) (= R #b0)))))
                            (=> a!1
                                (INV!slice!1 A
                                             B
                                             C
                                             D
                                             E
                                             #b1
                                             #b1
                                             F
                                             G
                                             H
                                             I
                                             J
                                             K
                                             L
                                             M
                                             N
                                             O
                                             P
                                             Q
                                             R
                                             S
                                             #b1)))
                          :weight 0)))))
(let ((a!4 ((_ hyper-res 0 0 0 1)
             a!2
             ((_ hyper-res 0 0 0 1)
               a!2
               ((_ hyper-res 0 0)
                 a!3
                 (INV!slice!1 #x00000000
                              #x00000000
                              #x00000000
                              #x00000000
                              #x00000000
                              #b1
                              #b1
                              #x1
                              #x0
                              #x00000000
                              #x00000000
                              #b0
                              #x00000000
                              #b0
                              #x00000000
                              #b0
                              #b0
                              #x00000000
                              #x00000000
                              #b0
                              #b0
                              #b1))
               (INV!slice!1 #x00000000
                            #x00000000
                            #x00000000
                            #x00000000
                            #x00000000
                            #b1
                            #b0
                            #x0
                            #x0
                            #x00000000
                            #x00000000
                            #b0
                            #x00000000
                            #b0
                            #x00000000
                            #b0
                            #b0
                            #x00000000
                            #x00000000
                            #b0
                            #b1
                            #b0))
             (INV!slice!1 #x00000000
                          #x00000000
                          #x00000000
                          #x00000000
                          #x00000000
                          #b1
                          #b0
                          #x1
                          #x1
                          #x00000000
                          #x00000000
                          #b0
                          #x00000000
                          #b0
                          #x00000000
                          #b0
                          #b0
                          #x00000000
                          #x00000000
                          #b0
                          #b1
                          #b0))))
(let ((a!5 ((_ hyper-res 0 0 0 1)
             a!2
             ((_ hyper-res 0 0 0 1)
               a!2
               ((_ hyper-res 0 0 0 1)
                 a!2
                 a!4
                 (INV!slice!1 #x00000000
                              #x00000000
                              #x00000000
                              #x00000000
                              #x00000000
                              #b1
                              #b0
                              #x2
                              #x2
                              #x00000000
                              #x00000000
                              #b0
                              #x00000000
                              #b0
                              #x00000000
                              #b0
                              #b0
                              #x00000001
                              #x00000000
                              #b0
                              #b1
                              #b0))
               (INV!slice!1 #x00000000
                            #x00000000
                            #x00000000
                            #x00000000
                            #x00000001
                            #b1
                            #b0
                            #x3
                            #x3
                            #x00000000
                            #x00000000
                            #b0
                            #x00000000
                            #b0
                            #x00000000
                            #b0
                            #b0
                            #x00000001
                            #x00000000
                            #b0
                            #b1
                            #b0))
             (INV!slice!1 #x00000000
                          #x00000000
                          #x00000000
                          #x00000001
                          #x00000001
                          #b1
                          #b0
                          #x4
                          #x4
                          #x00000000
                          #x00000000
                          #b0
                          #x00000000
                          #b0
                          #x00000000
                          #b0
                          #b0
                          #x00000001
                          #x00000000
                          #b0
                          #b1
                          #b0))))
(let ((a!6 ((_ hyper-res 0 0 0 1)
             a!2
             ((_ hyper-res 0 0 0 1)
               a!2
               ((_ hyper-res 0 0 0 1)
                 a!2
                 a!5
                 (INV!slice!1 #x00000000
                              #x00000000
                              #x00000001
                              #x00000001
                              #x00000001
                              #b1
                              #b0
                              #x5
                              #x5
                              #x00000000
                              #x00000000
                              #b0
                              #x00000000
                              #b0
                              #x00000000
                              #b0
                              #b0
                              #x00000001
                              #x00000000
                              #b0
                              #b1
                              #b0))
               (INV!slice!1 #x00000000
                            #x00000001
                            #x00000001
                            #x00000001
                            #x00000001
                            #b1
                            #b0
                            #x6
                            #x6
                            #x00000000
                            #x00000000
                            #b0
                            #x00000000
                            #b0
                            #x00000000
                            #b0
                            #b0
                            #x00000001
                            #x00000000
                            #b0
                            #b1
                            #b0))
             (INV!slice!1 #x00000000
                          #x00000001
                          #x00000001
                          #x00000001
                          #x00000001
                          #b1
                          #b0
                          #x7
                          #x7
                          #x00000000
                          #x00000001
                          #b0
                          #x00000000
                          #b0
                          #x00000000
                          #b0
                          #b1
                          #x00000000
                          #x00000001
                          #b0
                          #b1
                          #b0))))
(let ((a!7 ((_ hyper-res 0 0 0 1)
             a!2
             ((_ hyper-res 0 0 0 1)
               a!2
               ((_ hyper-res 0 0 0 1)
                 a!2
                 a!6
                 (INV!slice!1 #x00000001
                              #x00000001
                              #x00000001
                              #x00000001
                              #x00000001
                              #b1
                              #b0
                              #x8
                              #x8
                              #x00000000
                              #x00000001
                              #b1
                              #x00000000
                              #b0
                              #x00000000
                              #b0
                              #b0
                              #x00000000
                              #x00000001
                              #b1
                              #b0
                              #b0))
               (INV!slice!1 #x00000001
                            #x00000001
                            #x00000001
                            #x00000001
                            #x00000001
                            #b1
                            #b0
                            #x7
                            #x7
                            #x00000000
                            #x00000001
                            #b1
                            #x00000001
                            #b0
                            #x00000000
                            #b0
                            #b0
                            #x00000001
                            #x00000001
                            #b1
                            #b1
                            #b0))
             (INV!slice!1 #x00000001
                          #x00000001
                          #x00000001
                          #x00000001
                          #x00000001
                          #b1
                          #b0
                          #x7
                          #x6
                          #x00000001
                          #x00000001
                          #b1
                          #x00000001
                          #b0
                          #x00000000
                          #b0
                          #b0
                          #x00000001
                          #x00000001
                          #b1
                          #b1
                          #b0))))
(let ((a!8 ((_ hyper-res 0 0 0 1)
             a!2
             ((_ hyper-res 0 0 0 1)
               a!2
               ((_ hyper-res 0 0 0 1)
                 a!2
                 a!7
                 (INV!slice!1 #x00000001
                              #x00000001
                              #x00000001
                              #x00000001
                              #x00000001
                              #b1
                              #b0
                              #x7
                              #x5
                              #x00000001
                              #x00000001
                              #b1
                              #x00000001
                              #b0
                              #x00000000
                              #b0
                              #b0
                              #x00000001
                              #x00000001
                              #b1
                              #b1
                              #b0))
               (INV!slice!1 #x00000001
                            #x00000001
                            #x00000001
                            #x00000001
                            #x00000001
                            #b1
                            #b0
                            #x7
                            #x4
                            #x00000001
                            #x00000001
                            #b1
                            #x00000001
                            #b0
                            #x00000000
                            #b0
                            #b0
                            #x00000001
                            #x00000001
                            #b1
                            #b1
                            #b0))
             (INV!slice!1 #x00000001
                          #x00000001
                          #x00000001
                          #x00000001
                          #x00000001
                          #b1
                          #b0
                          #x7
                          #x3
                          #x00000001
                          #x00000001
                          #b1
                          #x00000001
                          #b0
                          #x00000000
                          #b0
                          #b0
                          #x00000001
                          #x00000001
                          #b1
                          #b1
                          #b0))))
(let ((a!9 ((_ hyper-res 0 0 0 1)
             a!2
             ((_ hyper-res 0 0 0 1)
               a!2
               ((_ hyper-res 0 0 0 1)
                 a!2
                 a!8
                 (INV!slice!1 #x00000001
                              #x00000001
                              #x00000001
                              #x00000001
                              #x00000001
                              #b1
                              #b0
                              #x7
                              #x2
                              #x00000001
                              #x00000001
                              #b1
                              #x00000001
                              #b0
                              #x00000000
                              #b0
                              #b0
                              #x00000001
                              #x00000001
                              #b1
                              #b1
                              #b0))
               (INV!slice!1 #x00000001
                            #x00000001
                            #x00000001
                            #x00000001
                            #x00000001
                            #b1
                            #b0
                            #x7
                            #x1
                            #x00000001
                            #x00000001
                            #b1
                            #x00000001
                            #b0
                            #x00000000
                            #b0
                            #b0
                            #x00000001
                            #x00000001
                            #b1
                            #b1
                            #b0))
             (INV!slice!1 #x00000001
                          #x00000001
                          #x00000001
                          #x00000001
                          #x00000001
                          #b0
                          #b0
                          #x7
                          #x0
                          #x00000001
                          #x00000001
                          #b1
                          #x00000001
                          #b1
                          #x00000000
                          #b0
                          #b0
                          #x00000000
                          #x00000000
                          #b0
                          #b0
                          #b0))))
  (mp ((_ hyper-res 0 0 0 1) (asserted a!1) a!9 query!0)
      (asserted (=> query!0 false))
      false))))))))
