AVR -- Proof Race 
copyright (c) 2019  Aman Goel and Karem Sakallah, University of Michigan
@     0s  (starting avr proof race)
@     0s  (output dir: /scratch/network/hongcez/hwmcc/avr-log/btor2/bv/wolf/2019C/pr_dspfilters_fastfir_second-p26)
@     0s  (max 11 workers)
@     0s  (started worker 0 with pid 193018)
@     0s  (started worker 1 with pid 193019)
@     0s  (started worker 2 with pid 193020)
@     0s  (started worker 3 with pid 193021)
@     0s  (started worker 4 with pid 193022)
@     0s  (spawned 5 workers)
@     0s  (total 5 workers using 0 MB)
@     1s  (started worker 5 with pid 193136)
@     1s  (spawned 1 workers)
@     1s  (total 6 workers using 483 MB)
@     2s  (started worker 6 with pid 193174)
@     2s  (spawned 1 workers)
@     2s  (total 7 workers using 630 MB)
@     3s  (started worker 7 with pid 193217)
@     3s  (spawned 1 workers)
@     3s  (total 8 workers using 788 MB)
@     6s  (started worker 8 with pid 193264)
@     6s  (spawned 1 workers)
@     6s  (total 9 workers using 1020 MB)
@     9s  (started worker 9 with pid 193324)
@     9s  (spawned 1 workers)
@     9s  (total 10 workers using 1228 MB)
@    13s  (started worker 10 with pid 193376)
@    13s  (spawned 1 workers)
@    13s  (total 11 workers using 1370 MB)
@    26s  (total 11 workers using 1830 MB)
@    43s  (total 11 workers using 2102 MB)
@    59s  (total 11 workers using 2214 MB)
@    73s  (total 11 workers using 2284 MB)
@    88s  (total 11 workers using 2320 MB)
@   104s  (total 11 workers using 2468 MB)
@   117s  (total 11 workers using 2560 MB)
@   132s  (total 11 workers using 2690 MB)
@   146s  (total 11 workers using 2767 MB)
@   160s  (total 11 workers using 2829 MB)
@   174s  (total 11 workers using 2880 MB)
@   188s  (total 11 workers using 2969 MB)
@   201s  (total 11 workers using 3049 MB)
@   216s  (total 11 workers using 3131 MB)
@   230s  (total 11 workers using 3203 MB)
@   244s  (total 11 workers using 3299 MB)
@   258s  (total 11 workers using 3362 MB)
@   273s  (total 11 workers using 3490 MB)
@   286s  (total 11 workers using 3561 MB)
@   300s  (total 11 workers using 3715 MB)
@   314s  (total 11 workers using 3860 MB)
@   329s  (total 11 workers using 3962 MB)
@   342s  (total 11 workers using 4053 MB)
@   357s  (total 11 workers using 4116 MB)
@   370s  (total 11 workers using 4205 MB)
@   385s  (total 11 workers using 4551 MB)
@   399s  (total 11 workers using 4708 MB)
@   413s  (total 11 workers using 4773 MB)
@   427s  (total 11 workers using 4779 MB)
@   441s  (total 11 workers using 4902 MB)
@   455s  (total 11 workers using 4862 MB)
@   470s  (total 11 workers using 5038 MB)
@   484s  (total 11 workers using 5132 MB)
@   498s  (total 11 workers using 5310 MB)
@   512s  (total 11 workers using 5505 MB)
@   527s  (total 11 workers using 5539 MB)
@   541s  (total 11 workers using 5586 MB)
@   555s  (total 11 workers using 5673 MB)
@   569s  (total 11 workers using 5690 MB)
@   584s  (total 11 workers using 5756 MB)
@   598s  (total 11 workers using 5774 MB)
@   612s  (total 11 workers using 5828 MB)
@   626s  (total 11 workers using 5847 MB)
@   641s  (total 11 workers using 5885 MB)
@   655s  (total 11 workers using 5914 MB)
@   670s  (total 11 workers using 5927 MB)
@   684s  (total 11 workers using 5977 MB)
@   699s  (total 11 workers using 6000 MB)
@   712s  (total 11 workers using 6017 MB)
@   727s  (total 11 workers using 6050 MB)
@   741s  (total 11 workers using 6112 MB)
@   756s  (total 11 workers using 6190 MB)
@   770s  (total 11 workers using 6173 MB)
@   785s  (total 11 workers using 6229 MB)
@   798s  (total 11 workers using 6250 MB)
@   813s  (total 11 workers using 6310 MB)
@   827s  (total 11 workers using 6364 MB)
@   841s  (total 11 workers using 6411 MB)
@   855s  (total 11 workers using 6457 MB)
@   869s  (total 11 workers using 6495 MB)
@   883s  (total 11 workers using 6518 MB)
@   897s  (total 11 workers using 6542 MB)
@   911s  (total 11 workers using 6499 MB)
@   926s  (total 11 workers using 6620 MB)
@   939s  (total 11 workers using 6759 MB)
@   945s  (worker 9 finished with result unknown) python3 avr.py -b bin_y2 -s -a sa4 --interpol 1 -f 1
@   953s  (total 10 workers using 5807 MB)
@   966s  (total 10 workers using 5849 MB)
@   981s  (total 10 workers using 5972 MB)
@   994s  (total 10 workers using 6109 MB)
@  1008s  (total 10 workers using 6177 MB)
@  1021s  (total 10 workers using 6274 MB)
@  1036s  (total 10 workers using 6360 MB)
@  1049s  (total 10 workers using 6401 MB)
@  1063s  (total 10 workers using 6422 MB)
@  1076s  (total 10 workers using 6509 MB)
@  1090s  (total 10 workers using 6482 MB)
@  1104s  (total 10 workers using 6592 MB)
@  1118s  (total 10 workers using 6736 MB)
@  1131s  (total 10 workers using 6746 MB)
@  1146s  (total 10 workers using 6850 MB)
@  1159s  (total 10 workers using 6949 MB)
@  1173s  (total 10 workers using 6960 MB)
@  1186s  (total 10 workers using 7005 MB)
@  1201s  (total 10 workers using 7039 MB)
@  1214s  (total 10 workers using 7067 MB)
@  1228s  (total 10 workers using 7164 MB)
@  1241s  (total 10 workers using 7289 MB)
@  1256s  (total 10 workers using 7499 MB)
@  1269s  (total 10 workers using 7565 MB)
@  1283s  (total 10 workers using 7625 MB)
@  1296s  (total 10 workers using 7707 MB)
@  1311s  (total 10 workers using 7777 MB)
@  1324s  (total 10 workers using 7829 MB)
@  1338s  (total 10 workers using 7862 MB)
@  1351s  (total 10 workers using 7935 MB)
@  1365s  (total 10 workers using 8006 MB)
@  1378s  (total 10 workers using 8061 MB)
@  1392s  (total 10 workers using 8066 MB)
@  1406s  (total 10 workers using 8112 MB)
@  1420s  (total 10 workers using 8245 MB)
@  1433s  (total 10 workers using 8298 MB)
@  1447s  (total 10 workers using 8329 MB)
@  1460s  (total 10 workers using 8314 MB)
@  1474s  (total 10 workers using 8376 MB)
@  1488s  (total 10 workers using 8393 MB)
@  1502s  (total 10 workers using 8325 MB)
@  1515s  (total 10 workers using 8363 MB)
@  1529s  (total 10 workers using 8407 MB)
@  1543s  (total 10 workers using 8464 MB)
@  1557s  (total 10 workers using 8507 MB)
@  1570s  (total 10 workers using 8524 MB)
@  1584s  (total 10 workers using 8585 MB)
@  1597s  (total 10 workers using 8593 MB)
@  1612s  (total 10 workers using 8593 MB)
@  1625s  (total 10 workers using 8626 MB)
@  1639s  (total 10 workers using 8675 MB)
@  1652s  (total 10 workers using 8742 MB)
@  1666s  (total 10 workers using 8812 MB)
@  1680s  (total 10 workers using 8821 MB)
@  1694s  (total 10 workers using 8872 MB)
@  1707s  (total 10 workers using 8870 MB)
@  1721s  (total 10 workers using 8871 MB)
@  1734s  (total 10 workers using 8919 MB)
@  1748s  (total 10 workers using 8928 MB)
@  1761s  (total 10 workers using 8943 MB)
@  1775s  (total 10 workers using 8977 MB)
@  1788s  (total 10 workers using 8991 MB)
@  1803s  (total 10 workers using 9063 MB)
@  1815s  (total 10 workers using 9226 MB)
@  1830s  (total 10 workers using 9258 MB)
@  1843s  (total 10 workers using 9315 MB)
@  1858s  (total 10 workers using 9399 MB)
@  1871s  (total 10 workers using 9428 MB)
@  1885s  (total 10 workers using 9446 MB)
@  1898s  (total 10 workers using 9481 MB)
@  1913s  (total 10 workers using 9538 MB)
@  1926s  (total 10 workers using 9635 MB)
@  1940s  (total 10 workers using 9681 MB)
@  1954s  (total 10 workers using 9771 MB)
@  1968s  (total 10 workers using 9794 MB)
@  1982s  (total 10 workers using 9805 MB)
@  1996s  (total 10 workers using 9794 MB)
@  2009s  (total 10 workers using 9850 MB)
@  2024s  (total 10 workers using 9780 MB)
@  2037s  (total 10 workers using 9791 MB)
@  2052s  (total 10 workers using 9899 MB)
@  2065s  (total 10 workers using 9933 MB)
@  2079s  (total 10 workers using 9955 MB)
@  2092s  (total 10 workers using 10027 MB)
@  2107s  (total 10 workers using 10043 MB)
@  2120s  (total 10 workers using 10002 MB)
@  2134s  (total 10 workers using 10027 MB)
@  2148s  (total 10 workers using 10043 MB)
@  2162s  (total 10 workers using 10180 MB)
@  2176s  (total 10 workers using 10201 MB)
@  2190s  (total 10 workers using 10336 MB)
@  2203s  (total 10 workers using 10347 MB)
@  2218s  (total 10 workers using 10382 MB)
@  2231s  (total 10 workers using 10403 MB)
@  2245s  (total 10 workers using 10442 MB)
@  2259s  (total 10 workers using 10451 MB)
@  2273s  (total 10 workers using 10442 MB)
@  2287s  (total 10 workers using 10584 MB)
@  2301s  (total 10 workers using 10629 MB)
@  2314s  (total 10 workers using 10667 MB)
@  2328s  (total 10 workers using 10658 MB)
@  2342s  (total 10 workers using 10728 MB)
@  2356s  (total 10 workers using 10790 MB)
@  2369s  (total 10 workers using 10882 MB)
@  2384s  (total 10 workers using 10930 MB)
@  2397s  (total 10 workers using 10967 MB)
@  2412s  (total 10 workers using 11018 MB)
@  2425s  (total 10 workers using 11023 MB)
@  2439s  (total 10 workers using 10997 MB)
@  2452s  (total 10 workers using 10983 MB)
@  2467s  (total 10 workers using 11004 MB)
@  2480s  (total 10 workers using 11027 MB)
@  2494s  (total 10 workers using 11115 MB)
@  2508s  (total 10 workers using 11151 MB)
@  2522s  (total 10 workers using 11193 MB)
@  2535s  (total 10 workers using 11139 MB)
@  2550s  (total 10 workers using 11181 MB)
@  2563s  (total 10 workers using 11180 MB)
@  2578s  (total 10 workers using 11231 MB)
@  2591s  (total 10 workers using 11230 MB)
@  2606s  (total 10 workers using 11256 MB)
@  2619s  (total 10 workers using 11308 MB)
@  2633s  (total 10 workers using 11316 MB)
@  2647s  (total 10 workers using 11324 MB)
@  2661s  (total 10 workers using 11303 MB)
@  2675s  (total 10 workers using 11422 MB)
@  2689s  (total 10 workers using 11577 MB)
@  2702s  (total 10 workers using 11734 MB)
@  2717s  (total 10 workers using 11701 MB)
@  2730s  (total 10 workers using 11805 MB)
@  2744s  (total 10 workers using 11853 MB)
@  2757s  (total 10 workers using 11855 MB)
@  2771s  (total 10 workers using 11879 MB)
@  2785s  (total 10 workers using 11898 MB)
@  2799s  (total 10 workers using 11916 MB)
@  2812s  (total 10 workers using 11936 MB)
@  2827s  (total 10 workers using 12009 MB)
@  2840s  (total 10 workers using 12026 MB)
@  2855s  (total 10 workers using 12024 MB)
@  2868s  (total 10 workers using 12040 MB)
@  2882s  (total 10 workers using 12064 MB)
@  2896s  (total 10 workers using 12082 MB)
@  2910s  (total 10 workers using 12085 MB)
@  2923s  (total 10 workers using 12125 MB)
@  2937s  (total 10 workers using 12158 MB)
@  2951s  (total 10 workers using 12197 MB)
@  2965s  (total 10 workers using 12229 MB)
@  2978s  (total 10 workers using 12286 MB)
@  2993s  (total 10 workers using 12313 MB)
@  3006s  (total 10 workers using 12329 MB)
@  3021s  (total 10 workers using 12346 MB)
@  3034s  (total 10 workers using 12358 MB)
@  3048s  (total 10 workers using 12395 MB)
@  3061s  (total 10 workers using 12383 MB)
@  3076s  (total 10 workers using 12417 MB)
@  3089s  (total 10 workers using 12404 MB)
@  3103s  (total 10 workers using 12450 MB)
@  3116s  (total 10 workers using 12490 MB)
@  3131s  (total 10 workers using 12539 MB)
@  3144s  (total 10 workers using 12576 MB)
@  3158s  (total 10 workers using 12584 MB)
@  3172s  (total 10 workers using 12586 MB)
@  3186s  (total 10 workers using 12543 MB)
@  3200s  (total 10 workers using 12517 MB)
@  3214s  (total 10 workers using 12534 MB)
@  3227s  (total 10 workers using 12598 MB)
@  3241s  (total 10 workers using 12628 MB)
@  3255s  (total 10 workers using 12609 MB)
@  3269s  (total 10 workers using 12611 MB)
@  3282s  (total 10 workers using 12648 MB)
@  3296s  (total 10 workers using 12676 MB)
@  3309s  (total 10 workers using 12691 MB)
@  3324s  (total 10 workers using 12700 MB)
@  3337s  (total 10 workers using 12623 MB)
@  3352s  (total 10 workers using 12677 MB)
@  3365s  (total 10 workers using 12671 MB)
@  3380s  (total 10 workers using 12825 MB)
@  3393s  (total 10 workers using 12826 MB)
@  3407s  (total 10 workers using 12856 MB)
@  3420s  (total 10 workers using 12878 MB)
@  3435s  (total 10 workers using 13044 MB)
@  3448s  (total 10 workers using 13038 MB)
@  3462s  (total 10 workers using 13025 MB)
@  3475s  (total 10 workers using 12997 MB)
@  3489s  (total 10 workers using 13059 MB)
@  3503s  (total 10 workers using 13086 MB)
@  3517s  (total 10 workers using 13068 MB)
@  3530s  (total 10 workers using 13126 MB)
@  3544s  (total 10 workers using 13110 MB)
@  3558s  (total 10 workers using 13108 MB)
@  3572s  (total 10 workers using 13201 MB)
@  3577s  (stopping all workers)
@  3577s  (worker 0 finished with result unknown) python3 avr.py -a sa
@  3577s  (worker 2 finished with result unknown) python3 avr.py
@  3577s  (worker 4 finished with result unknown) python3 avr.py -b bin_y2 --bmc
@  3577s  (worker 6 finished with result unknown) python3 avr.py -a sa --interpol 1 -f 1
@  3577s  (worker 8 finished with result unknown) python3 avr.py -l 5 -g 3 -a sa8 --interpol 1 -f 1
@  3577s  (worker 1 finished with result unknown) python3 avr.py -b bin_bt_cadical -s --bmc
@  3577s  (worker 5 finished with result unknown) python3 avr.py -b bin_bt_cadical -g 3 -l 0 -a sa32
@  3577s  (worker 10 finished with result unknown) python3 avr.py --bmc
@  3577s  (worker 3 finished with result unknown) python3 avr.py -b bin_y2 -s
@  3577s  (worker 7 finished with result unknown) python3 avr.py -s -l 0
@  3577s  (copied results from worker 0 in /scratch/network/hongcez/hwmcc/avr-log/btor2/bv/wolf/2019C/pr_dspfilters_fastfir_second-p26)
@  3577s  [0;30;47m(proof race finished with answer unknown in 3577.50 seconds)[m
