AVR -- Proof Race 
copyright (c) 2019  Aman Goel and Karem Sakallah, University of Michigan
@     0s  (starting avr proof race)
@     0s  (output dir: /scratch/network/hongcez/hwmcc/avr-log/btor2/bv/wolf/2019C/pr_dspfilters_fastfir_second-p45)
@     0s  (max 11 workers)
@     0s  (started worker 0 with pid 34388)
@     0s  (started worker 1 with pid 34389)
@     0s  (started worker 2 with pid 34390)
@     0s  (started worker 3 with pid 34391)
@     0s  (started worker 4 with pid 34392)
@     0s  (spawned 5 workers)
@     0s  (total 5 workers using 0 MB)
@     1s  (started worker 5 with pid 34506)
@     1s  (spawned 1 workers)
@     1s  (total 6 workers using 475 MB)
@     2s  (started worker 6 with pid 34555)
@     2s  (spawned 1 workers)
@     2s  (total 7 workers using 629 MB)
@     4s  (started worker 7 with pid 34618)
@     4s  (spawned 1 workers)
@     4s  (total 8 workers using 800 MB)
@     6s  (started worker 8 with pid 34684)
@     6s  (spawned 1 workers)
@     6s  (total 9 workers using 1051 MB)
@    10s  (started worker 9 with pid 34754)
@    10s  (spawned 1 workers)
@    10s  (total 10 workers using 1217 MB)
@    13s  (started worker 10 with pid 34826)
@    13s  (spawned 1 workers)
@    13s  (total 11 workers using 1312 MB)
@    24s  (total 11 workers using 1781 MB)
@    40s  (total 11 workers using 1987 MB)
@    56s  (total 11 workers using 2105 MB)
@    70s  (total 11 workers using 2281 MB)
@    84s  (total 11 workers using 2368 MB)
@    99s  (total 11 workers using 2503 MB)
@   112s  (total 11 workers using 2561 MB)
@   126s  (total 11 workers using 2767 MB)
@   139s  (total 11 workers using 2858 MB)
@   152s  (total 11 workers using 2984 MB)
@   165s  (total 11 workers using 3031 MB)
@   179s  (total 11 workers using 3109 MB)
@   191s  (total 11 workers using 3196 MB)
@   205s  (total 11 workers using 3283 MB)
@   218s  (total 11 workers using 3355 MB)
@   231s  (total 11 workers using 3439 MB)
@   244s  (total 11 workers using 3556 MB)
@   258s  (total 11 workers using 3821 MB)
@   271s  (total 11 workers using 3904 MB)
@   284s  (total 11 workers using 3970 MB)
@   297s  (total 11 workers using 4123 MB)
@   311s  (total 11 workers using 4396 MB)
@   323s  (total 11 workers using 4632 MB)
@   338s  (total 11 workers using 4698 MB)
@   350s  (total 11 workers using 5019 MB)
@   365s  (total 11 workers using 5317 MB)
@   378s  (total 11 workers using 5376 MB)
@   392s  (total 11 workers using 5760 MB)
@   405s  (total 11 workers using 5808 MB)
@   419s  (total 11 workers using 5846 MB)
@   432s  (total 11 workers using 5888 MB)
@   446s  (total 11 workers using 5987 MB)
@   458s  (total 11 workers using 6167 MB)
@   471s  (total 11 workers using 6372 MB)
@   484s  (total 11 workers using 6560 MB)
@   498s  (total 11 workers using 6674 MB)
@   511s  (total 11 workers using 6747 MB)
@   525s  (total 11 workers using 6944 MB)
@   538s  (total 11 workers using 6936 MB)
@   552s  (total 11 workers using 7138 MB)
@   565s  (total 11 workers using 7161 MB)
@   578s  (total 11 workers using 7342 MB)
@   591s  (total 11 workers using 7530 MB)
@   605s  (total 11 workers using 7615 MB)
@   618s  (total 11 workers using 7797 MB)
@   621s  (worker 8 finished with result unknown) python3 avr.py -l 5 -g 3 -a sa8 --interpol 1 -f 1
@   632s  (total 10 workers using 7200 MB)
@   645s  (total 10 workers using 7317 MB)
@   658s  (total 10 workers using 7393 MB)
@   671s  (total 10 workers using 7508 MB)
@   685s  (total 10 workers using 7645 MB)
@   697s  (total 10 workers using 7848 MB)
@   711s  (total 10 workers using 7964 MB)
@   723s  (total 10 workers using 8024 MB)
@   737s  (total 10 workers using 8189 MB)
@   749s  (total 10 workers using 8353 MB)
@   762s  (total 10 workers using 8474 MB)
@   775s  (total 10 workers using 8587 MB)
@   789s  (total 10 workers using 8862 MB)
@   801s  (total 10 workers using 8923 MB)
@   814s  (total 10 workers using 8905 MB)
@   826s  (total 10 workers using 9026 MB)
@   839s  (total 10 workers using 9231 MB)
@   852s  (total 10 workers using 9291 MB)
@   865s  (total 10 workers using 9521 MB)
@   878s  (total 10 workers using 9637 MB)
@   891s  (total 10 workers using 9665 MB)
@   904s  (total 10 workers using 9693 MB)
@   918s  (total 10 workers using 9845 MB)
@   930s  (total 10 workers using 10005 MB)
@   944s  (total 10 workers using 10125 MB)
@   957s  (total 10 workers using 10180 MB)
@   971s  (total 10 workers using 10378 MB)
@   983s  (total 10 workers using 10493 MB)
@   997s  (total 10 workers using 10587 MB)
@  1010s  (total 10 workers using 10785 MB)
@  1023s  (total 10 workers using 10788 MB)
@  1036s  (total 10 workers using 10884 MB)
@  1049s  (total 10 workers using 10882 MB)
@  1061s  (total 10 workers using 11040 MB)
@  1075s  (total 10 workers using 11269 MB)
@  1088s  (total 10 workers using 11396 MB)
@  1101s  (total 10 workers using 11424 MB)
@  1114s  (total 10 workers using 11523 MB)
@  1127s  (total 10 workers using 11615 MB)
@  1140s  (total 10 workers using 11801 MB)
@  1145s  (worker 9 finished with result unknown) python3 avr.py -b bin_y2 -s -a sa4 --interpol 1 -f 1
@  1153s  (total 9 workers using 9958 MB)
@  1166s  (total 9 workers using 10026 MB)
@  1179s  (total 9 workers using 10216 MB)
@  1192s  (total 9 workers using 10321 MB)
@  1205s  (total 9 workers using 10377 MB)
@  1218s  (total 9 workers using 10578 MB)
@  1231s  (total 9 workers using 10703 MB)
@  1243s  (total 9 workers using 10793 MB)
@  1257s  (total 9 workers using 10849 MB)
@  1269s  (total 9 workers using 10944 MB)
@  1283s  (total 9 workers using 10966 MB)
@  1296s  (total 9 workers using 11019 MB)
@  1309s  (total 9 workers using 11023 MB)
@  1322s  (total 9 workers using 11127 MB)
@  1336s  (total 9 workers using 11126 MB)
@  1348s  (total 9 workers using 11172 MB)
@  1362s  (total 9 workers using 11267 MB)
@  1374s  (total 9 workers using 11211 MB)
@  1388s  (total 9 workers using 11229 MB)
@  1400s  (total 9 workers using 11323 MB)
@  1414s  (total 9 workers using 11445 MB)
@  1427s  (total 9 workers using 11526 MB)
@  1440s  (total 9 workers using 11625 MB)
@  1453s  (total 9 workers using 11651 MB)
@  1466s  (total 9 workers using 11565 MB)
@  1479s  (total 9 workers using 11580 MB)
@  1492s  (total 9 workers using 11599 MB)
@  1504s  (total 9 workers using 11654 MB)
@  1518s  (total 9 workers using 11686 MB)
@  1531s  (total 9 workers using 11854 MB)
@  1544s  (total 9 workers using 11911 MB)
@  1557s  (total 9 workers using 12088 MB)
@  1570s  (total 9 workers using 12062 MB)
@  1583s  (total 9 workers using 12057 MB)
@  1596s  (total 9 workers using 12197 MB)
@  1609s  (total 9 workers using 12317 MB)
@  1623s  (total 9 workers using 12290 MB)
@  1636s  (total 9 workers using 12376 MB)
@  1649s  (total 9 workers using 12516 MB)
@  1662s  (total 9 workers using 12533 MB)
@  1675s  (total 9 workers using 12593 MB)
@  1688s  (total 9 workers using 12634 MB)
@  1700s  (total 9 workers using 12657 MB)
@  1713s  (total 9 workers using 12823 MB)
@  1727s  (total 9 workers using 12929 MB)
@  1739s  (total 9 workers using 12940 MB)
@  1753s  (total 9 workers using 13012 MB)
@  1765s  (total 9 workers using 13011 MB)
@  1779s  (total 9 workers using 13067 MB)
@  1792s  (total 9 workers using 13170 MB)
@  1805s  (total 9 workers using 13218 MB)
@  1817s  (total 9 workers using 13284 MB)
@  1831s  (total 9 workers using 13330 MB)
@  1844s  (total 9 workers using 13383 MB)
@  1858s  (total 9 workers using 13523 MB)
@  1870s  (total 9 workers using 13646 MB)
@  1884s  (total 9 workers using 13824 MB)
@  1896s  (total 9 workers using 13758 MB)
@  1910s  (total 9 workers using 13883 MB)
@  1923s  (total 9 workers using 13830 MB)
@  1937s  (total 9 workers using 14051 MB)
@  1949s  (total 9 workers using 14112 MB)
@  1963s  (total 9 workers using 14060 MB)
@  1976s  (total 9 workers using 14224 MB)
@  1989s  (total 9 workers using 14321 MB)
@  2002s  (total 9 workers using 14334 MB)
@  2016s  (total 9 workers using 14227 MB)
@  2029s  (total 9 workers using 14400 MB)
@  2042s  (total 9 workers using 14594 MB)
@  2055s  (total 9 workers using 14719 MB)
@  2069s  (total 9 workers using 14670 MB)
@  2081s  (total 9 workers using 14790 MB)
@  2095s  (total 9 workers using 14780 MB)
@  2108s  (total 9 workers using 15014 MB)
@  2121s  (total 9 workers using 15028 MB)
@  2134s  (total 9 workers using 15217 MB)
@  2148s  (total 9 workers using 15103 MB)
@  2161s  (total 9 workers using 15081 MB)
@  2174s  (total 9 workers using 15233 MB)
@  2187s  (total 9 workers using 15226 MB)
@  2201s  (total 9 workers using 15394 MB)
@  2214s  (total 9 workers using 15574 MB)
@  2227s  (total 9 workers using 15383 MB)
@  2240s  (total 9 workers using 15522 MB)
@  2254s  (total 9 workers using 15525 MB)
@  2266s  (total 9 workers using 15550 MB)
@  2280s  (total 9 workers using 15516 MB)
@  2293s  (total 9 workers using 15328 MB)
@  2306s  (total 9 workers using 15592 MB)
@  2319s  (total 9 workers using 15736 MB)
@  2332s  (total 9 workers using 15857 MB)
@  2345s  (total 9 workers using 15992 MB)
@  2359s  (total 9 workers using 15935 MB)
@  2371s  (total 9 workers using 16051 MB)
@  2385s  (total 9 workers using 16140 MB)
@  2398s  (total 9 workers using 16230 MB)
@  2411s  (total 9 workers using 16238 MB)
@  2424s  (total 9 workers using 16447 MB)
@  2438s  (total 9 workers using 16496 MB)
@  2450s  (total 9 workers using 16619 MB)
@  2464s  (total 9 workers using 16631 MB)
@  2477s  (total 9 workers using 16558 MB)
@  2490s  (total 9 workers using 16932 MB)
@  2503s  (total 9 workers using 16949 MB)
@  2517s  (total 9 workers using 16887 MB)
@  2530s  (total 9 workers using 17094 MB)
@  2543s  (total 9 workers using 17278 MB)
@  2556s  (total 9 workers using 17058 MB)
@  2570s  (total 9 workers using 17255 MB)
@  2583s  (total 9 workers using 17440 MB)
@  2596s  (total 9 workers using 17600 MB)
@  2609s  (total 9 workers using 17627 MB)
@  2623s  (total 9 workers using 17718 MB)
@  2635s  (total 9 workers using 17669 MB)
@  2649s  (total 9 workers using 17908 MB)
@  2662s  (total 9 workers using 17866 MB)
@  2675s  (total 9 workers using 17939 MB)
@  2688s  (total 9 workers using 18221 MB)
@  2702s  (total 9 workers using 18194 MB)
@  2714s  (total 9 workers using 18201 MB)
@  2728s  (total 9 workers using 18284 MB)
@  2741s  (total 9 workers using 18362 MB)
@  2754s  (total 9 workers using 18462 MB)
@  2767s  (total 9 workers using 18512 MB)
@  2781s  (total 9 workers using 18310 MB)
@  2793s  (total 9 workers using 18655 MB)
@  2807s  (total 9 workers using 18829 MB)
@  2819s  (total 9 workers using 18820 MB)
@  2833s  (total 9 workers using 18894 MB)
@  2845s  (total 9 workers using 18889 MB)
@  2859s  (total 9 workers using 18838 MB)
@  2871s  (total 9 workers using 19019 MB)
@  2885s  (total 9 workers using 19265 MB)
@  2898s  (total 9 workers using 19278 MB)
@  2912s  (total 9 workers using 19338 MB)
@  2924s  (total 9 workers using 19319 MB)
@  2938s  (total 9 workers using 19563 MB)
@  2951s  (total 9 workers using 19664 MB)
@  2964s  (total 9 workers using 19789 MB)
@  2977s  (total 9 workers using 19760 MB)
@  2991s  (total 9 workers using 19846 MB)
@  3003s  (total 9 workers using 20057 MB)
@  3017s  (total 9 workers using 20003 MB)
@  3030s  (total 9 workers using 20215 MB)
@  3043s  (total 9 workers using 20404 MB)
@  3056s  (total 9 workers using 20509 MB)
@  3070s  (total 9 workers using 20547 MB)
@  3082s  (total 9 workers using 20532 MB)
@  3096s  (total 9 workers using 20581 MB)
@  3109s  (total 9 workers using 20675 MB)
@  3122s  (total 9 workers using 20833 MB)
@  3135s  (total 9 workers using 20948 MB)
@  3149s  (total 9 workers using 20969 MB)
@  3162s  (total 9 workers using 20905 MB)
@  3175s  (total 9 workers using 21006 MB)
@  3188s  (total 9 workers using 21149 MB)
@  3202s  (total 9 workers using 21185 MB)
@  3214s  (total 9 workers using 21419 MB)
@  3228s  (total 9 workers using 21580 MB)
@  3240s  (total 9 workers using 21494 MB)
@  3254s  (total 9 workers using 21546 MB)
@  3266s  (total 9 workers using 21578 MB)
@  3280s  (total 9 workers using 21413 MB)
@  3293s  (total 9 workers using 21643 MB)
@  3307s  (total 9 workers using 21936 MB)
@  3319s  (total 9 workers using 22039 MB)
@  3333s  (total 9 workers using 22039 MB)
@  3346s  (total 9 workers using 21853 MB)
@  3360s  (total 9 workers using 22120 MB)
@  3372s  (total 9 workers using 21995 MB)
@  3386s  (total 9 workers using 22006 MB)
@  3399s  (total 9 workers using 22318 MB)
@  3412s  (total 9 workers using 22256 MB)
@  3425s  (total 9 workers using 22524 MB)
@  3439s  (total 9 workers using 22604 MB)
@  3451s  (total 9 workers using 22714 MB)
@  3465s  (total 9 workers using 22753 MB)
@  3478s  (total 9 workers using 22807 MB)
@  3491s  (total 9 workers using 22830 MB)
@  3504s  (total 9 workers using 22856 MB)
@  3518s  (total 9 workers using 23124 MB)
@  3530s  (total 9 workers using 23012 MB)
@  3544s  (total 9 workers using 23239 MB)
@  3557s  (total 9 workers using 23305 MB)
@  3571s  (total 9 workers using 23277 MB)
@  3575s  (stopping all workers)
@  3575s  (worker 0 finished with result unknown) python3 avr.py -a sa
@  3575s  (worker 2 finished with result unknown) python3 avr.py
@  3575s  (worker 5 finished with result unknown) python3 avr.py -b bin_bt_cadical -g 3 -l 0 -a sa32
@  3575s  (worker 7 finished with result unknown) python3 avr.py -s -l 0
@  3576s  (worker 1 finished with result unknown) python3 avr.py -b bin_bt_cadical -s --bmc
@  3576s  (worker 4 finished with result unknown) python3 avr.py -b bin_y2 --bmc
@  3576s  (worker 10 finished with result unknown) python3 avr.py --bmc
@  3576s  (worker 3 finished with result unknown) python3 avr.py -b bin_y2 -s
@  3576s  (worker 6 finished with result unknown) python3 avr.py -a sa --interpol 1 -f 1
@  3576s  (copied results from worker 0 in /scratch/network/hongcez/hwmcc/avr-log/btor2/bv/wolf/2019C/pr_dspfilters_fastfir_second-p45)
@  3576s  [0;30;47m(proof race finished with answer unknown in 3575.81 seconds)[m
