AVR -- Proof Race 
copyright (c) 2019  Aman Goel and Karem Sakallah, University of Michigan
@     0s  (starting avr proof race)
@     0s  (output dir: /scratch/network/hongcez/hwmcc/avr-log/btor2/bv/wolf/2019C/pr_dspfilters_fastfir_second-p22)
@     0s  (max 11 workers)
@     0s  (started worker 0 with pid 41883)
@     0s  (started worker 1 with pid 41884)
@     0s  (started worker 2 with pid 41885)
@     0s  (started worker 3 with pid 41886)
@     0s  (started worker 4 with pid 41887)
@     0s  (spawned 5 workers)
@     0s  (total 5 workers using 0 MB)
@     1s  (started worker 5 with pid 42002)
@     1s  (spawned 1 workers)
@     1s  (total 6 workers using 470 MB)
@     2s  (started worker 6 with pid 42041)
@     2s  (spawned 1 workers)
@     2s  (total 7 workers using 626 MB)
@     3s  (started worker 7 with pid 42084)
@     3s  (spawned 1 workers)
@     3s  (total 8 workers using 801 MB)
@     6s  (started worker 8 with pid 42131)
@     6s  (spawned 1 workers)
@     6s  (total 9 workers using 1049 MB)
@     9s  (started worker 9 with pid 42190)
@     9s  (spawned 1 workers)
@     9s  (total 10 workers using 1240 MB)
@    13s  (started worker 10 with pid 42244)
@    13s  (spawned 1 workers)
@    13s  (total 11 workers using 1346 MB)
@    25s  (total 11 workers using 1852 MB)
@    42s  (total 11 workers using 2213 MB)
@    59s  (total 11 workers using 2383 MB)
@    74s  (total 11 workers using 2558 MB)
@    88s  (total 11 workers using 2642 MB)
@   104s  (total 11 workers using 2717 MB)
@   117s  (total 11 workers using 2767 MB)
@   132s  (total 11 workers using 2863 MB)
@   146s  (total 11 workers using 3001 MB)
@   160s  (total 11 workers using 3091 MB)
@   174s  (total 11 workers using 3125 MB)
@   189s  (total 11 workers using 3265 MB)
@   202s  (total 11 workers using 3331 MB)
@   216s  (total 11 workers using 3366 MB)
@   230s  (total 11 workers using 3480 MB)
@   245s  (total 11 workers using 3503 MB)
@   258s  (total 11 workers using 3543 MB)
@   272s  (total 11 workers using 3638 MB)
@   286s  (total 11 workers using 3782 MB)
@   300s  (total 11 workers using 3817 MB)
@   314s  (total 11 workers using 3854 MB)
@   328s  (total 11 workers using 3949 MB)
@   341s  (total 11 workers using 4051 MB)
@   356s  (total 11 workers using 4226 MB)
@   370s  (total 11 workers using 4306 MB)
@   384s  (total 11 workers using 4415 MB)
@   397s  (total 11 workers using 4527 MB)
@   412s  (total 11 workers using 4886 MB)
@   425s  (total 11 workers using 4916 MB)
@   440s  (total 11 workers using 4955 MB)
@   453s  (total 11 workers using 5029 MB)
@   468s  (total 11 workers using 5101 MB)
@   481s  (total 11 workers using 5189 MB)
@   497s  (total 11 workers using 5275 MB)
@   509s  (total 11 workers using 5375 MB)
@   524s  (total 11 workers using 5453 MB)
@   537s  (total 11 workers using 5459 MB)
@   552s  (total 11 workers using 5490 MB)
@   565s  (total 11 workers using 5563 MB)
@   580s  (total 11 workers using 5625 MB)
@   593s  (total 11 workers using 5570 MB)
@   607s  (total 11 workers using 5693 MB)
@   621s  (total 11 workers using 5813 MB)
@   636s  (total 11 workers using 5851 MB)
@   649s  (total 11 workers using 5898 MB)
@   664s  (total 11 workers using 5951 MB)
@   677s  (total 11 workers using 6082 MB)
@   692s  (total 11 workers using 6182 MB)
@   705s  (total 11 workers using 6261 MB)
@   720s  (total 11 workers using 6528 MB)
@   733s  (total 11 workers using 6644 MB)
@   748s  (total 11 workers using 6668 MB)
@   761s  (total 11 workers using 6705 MB)
@   776s  (total 11 workers using 6709 MB)
@   790s  (total 11 workers using 6760 MB)
@   804s  (total 11 workers using 6828 MB)
@   818s  (total 11 workers using 6872 MB)
@   832s  (total 11 workers using 6944 MB)
@   845s  (total 11 workers using 6997 MB)
@   860s  (total 11 workers using 7077 MB)
@   874s  (total 11 workers using 7182 MB)
@   888s  (total 11 workers using 7500 MB)
@   901s  (total 11 workers using 7547 MB)
@   916s  (total 11 workers using 7770 MB)
@   930s  (total 11 workers using 7862 MB)
@   944s  (total 11 workers using 7998 MB)
@   957s  (total 11 workers using 8166 MB)
@   972s  (total 11 workers using 8307 MB)
@   986s  (total 11 workers using 8457 MB)
@  1001s  (total 11 workers using 8460 MB)
@  1014s  (total 11 workers using 8494 MB)
@  1029s  (total 11 workers using 8603 MB)
@  1042s  (total 11 workers using 8577 MB)
@  1057s  (total 11 workers using 8809 MB)
@  1071s  (total 11 workers using 8946 MB)
@  1085s  (total 11 workers using 8974 MB)
@  1099s  (total 11 workers using 9062 MB)
@  1115s  (total 11 workers using 9099 MB)
@  1128s  (total 11 workers using 9131 MB)
@  1143s  (total 11 workers using 9236 MB)
@  1157s  (total 11 workers using 9315 MB)
@  1172s  (total 11 workers using 9357 MB)
@  1185s  (total 11 workers using 9399 MB)
@  1200s  (total 11 workers using 9452 MB)
@  1213s  (total 11 workers using 9628 MB)
@  1229s  (total 11 workers using 9618 MB)
@  1242s  (total 11 workers using 9748 MB)
@  1257s  (total 11 workers using 9764 MB)
@  1270s  (total 11 workers using 9802 MB)
@  1285s  (total 11 workers using 9918 MB)
@  1299s  (total 11 workers using 9980 MB)
@  1314s  (total 11 workers using 10107 MB)
@  1327s  (total 11 workers using 10185 MB)
@  1342s  (total 11 workers using 10429 MB)
@  1356s  (total 11 workers using 10566 MB)
@  1371s  (total 11 workers using 10652 MB)
@  1384s  (total 11 workers using 10793 MB)
@  1399s  (total 11 workers using 10873 MB)
@  1413s  (total 11 workers using 10915 MB)
@  1428s  (total 11 workers using 11043 MB)
@  1442s  (total 11 workers using 11185 MB)
@  1457s  (total 11 workers using 11526 MB)
@  1471s  (total 11 workers using 11569 MB)
@  1486s  (total 11 workers using 11658 MB)
@  1500s  (total 11 workers using 11821 MB)
@  1514s  (total 11 workers using 11954 MB)
@  1528s  (total 11 workers using 12006 MB)
@  1543s  (total 11 workers using 12069 MB)
@  1557s  (total 11 workers using 12183 MB)
@  1572s  (total 11 workers using 12243 MB)
@  1585s  (total 11 workers using 12218 MB)
@  1600s  (total 11 workers using 12168 MB)
@  1614s  (total 11 workers using 12210 MB)
@  1628s  (total 11 workers using 12404 MB)
@  1642s  (total 11 workers using 12419 MB)
@  1657s  (total 11 workers using 12515 MB)
@  1671s  (total 11 workers using 12569 MB)
@  1686s  (total 11 workers using 12612 MB)
@  1699s  (total 11 workers using 12858 MB)
@  1714s  (total 11 workers using 12887 MB)
@  1728s  (total 11 workers using 12876 MB)
@  1743s  (total 11 workers using 12792 MB)
@  1756s  (total 11 workers using 12944 MB)
@  1771s  (total 11 workers using 13011 MB)
@  1785s  (total 11 workers using 13057 MB)
@  1800s  (total 11 workers using 13010 MB)
@  1814s  (total 11 workers using 13071 MB)
@  1829s  (total 11 workers using 13191 MB)
@  1842s  (total 11 workers using 13264 MB)
@  1857s  (total 11 workers using 13301 MB)
@  1871s  (total 11 workers using 13330 MB)
@  1886s  (total 11 workers using 13371 MB)
@  1899s  (total 11 workers using 13381 MB)
@  1914s  (total 11 workers using 13571 MB)
@  1928s  (total 11 workers using 13581 MB)
@  1943s  (total 11 workers using 13516 MB)
@  1956s  (total 11 workers using 13566 MB)
@  1972s  (total 11 workers using 13588 MB)
@  1985s  (total 11 workers using 13589 MB)
@  2000s  (total 11 workers using 13707 MB)
@  2014s  (total 11 workers using 13922 MB)
@  2029s  (total 11 workers using 13933 MB)
@  2042s  (total 11 workers using 13981 MB)
@  2057s  (total 11 workers using 14212 MB)
@  2070s  (total 11 workers using 14225 MB)
@  2085s  (total 11 workers using 14184 MB)
@  2099s  (total 11 workers using 14341 MB)
@  2114s  (total 11 workers using 14359 MB)
@  2127s  (total 11 workers using 14406 MB)
@  2142s  (total 11 workers using 14637 MB)
@  2155s  (total 11 workers using 14661 MB)
@  2170s  (total 11 workers using 14708 MB)
@  2184s  (total 11 workers using 14854 MB)
@  2199s  (total 11 workers using 14864 MB)
@  2212s  (total 11 workers using 14866 MB)
@  2228s  (total 11 workers using 14892 MB)
@  2241s  (total 11 workers using 14931 MB)
@  2256s  (total 11 workers using 14960 MB)
@  2270s  (total 11 workers using 14937 MB)
@  2285s  (total 11 workers using 15162 MB)
@  2298s  (total 11 workers using 15073 MB)
@  2313s  (total 11 workers using 15272 MB)
@  2326s  (total 11 workers using 15253 MB)
@  2342s  (total 11 workers using 15340 MB)
@  2355s  (total 11 workers using 15345 MB)
@  2370s  (total 11 workers using 15357 MB)
@  2383s  (total 11 workers using 15363 MB)
@  2398s  (total 11 workers using 15460 MB)
@  2412s  (total 11 workers using 15538 MB)
@  2427s  (total 11 workers using 15552 MB)
@  2441s  (total 11 workers using 15633 MB)
@  2456s  (total 11 workers using 15686 MB)
@  2470s  (total 11 workers using 15735 MB)
@  2485s  (total 11 workers using 15811 MB)
@  2499s  (total 11 workers using 15803 MB)
@  2514s  (total 11 workers using 15837 MB)
@  2527s  (total 11 workers using 15885 MB)
@  2542s  (total 11 workers using 15906 MB)
@  2556s  (total 11 workers using 15926 MB)
@  2571s  (total 11 workers using 15961 MB)
@  2584s  (total 11 workers using 16060 MB)
@  2600s  (total 11 workers using 16120 MB)
@  2613s  (total 11 workers using 16143 MB)
@  2628s  (total 11 workers using 16181 MB)
@  2642s  (total 11 workers using 16200 MB)
@  2657s  (total 11 workers using 16209 MB)
@  2670s  (total 11 workers using 16294 MB)
@  2685s  (total 11 workers using 16338 MB)
@  2699s  (total 11 workers using 16498 MB)
@  2714s  (total 11 workers using 16537 MB)
@  2727s  (total 11 workers using 16550 MB)
@  2742s  (total 11 workers using 16631 MB)
@  2755s  (total 11 workers using 16683 MB)
@  2770s  (total 11 workers using 16756 MB)
@  2784s  (total 11 workers using 16759 MB)
@  2798s  (total 11 workers using 16799 MB)
@  2812s  (total 11 workers using 16901 MB)
@  2827s  (total 11 workers using 16910 MB)
@  2841s  (total 11 workers using 16983 MB)
@  2855s  (total 11 workers using 16926 MB)
@  2869s  (total 11 workers using 16949 MB)
@  2883s  (total 11 workers using 17245 MB)
@  2897s  (total 11 workers using 17175 MB)
@  2912s  (total 11 workers using 17176 MB)
@  2926s  (total 11 workers using 17274 MB)
@  2941s  (total 11 workers using 17302 MB)
@  2954s  (total 11 workers using 17396 MB)
@  2969s  (total 11 workers using 17459 MB)
@  2984s  (total 11 workers using 17525 MB)
@  2998s  (total 11 workers using 17546 MB)
@  3012s  (total 11 workers using 17597 MB)
@  3028s  (total 11 workers using 17770 MB)
@  3041s  (total 11 workers using 17708 MB)
@  3056s  (total 11 workers using 17788 MB)
@  3070s  (total 11 workers using 17846 MB)
@  3085s  (total 11 workers using 17873 MB)
@  3098s  (total 11 workers using 18056 MB)
@  3113s  (total 11 workers using 18013 MB)
@  3127s  (total 11 workers using 18137 MB)
@  3141s  (total 11 workers using 18119 MB)
@  3155s  (total 11 workers using 18145 MB)
@  3170s  (total 11 workers using 18137 MB)
@  3184s  (total 11 workers using 18333 MB)
@  3199s  (total 11 workers using 18299 MB)
@  3212s  (total 11 workers using 18414 MB)
@  3227s  (total 11 workers using 18462 MB)
@  3241s  (total 11 workers using 18455 MB)
@  3256s  (total 11 workers using 18543 MB)
@  3269s  (total 11 workers using 18530 MB)
@  3285s  (total 11 workers using 18534 MB)
@  3298s  (total 11 workers using 18538 MB)
@  3313s  (total 11 workers using 18573 MB)
@  3327s  (total 11 workers using 18609 MB)
@  3342s  (total 11 workers using 18619 MB)
@  3356s  (total 11 workers using 18619 MB)
@  3370s  (total 11 workers using 18646 MB)
@  3384s  (total 11 workers using 18655 MB)
@  3399s  (total 11 workers using 18595 MB)
@  3413s  (total 11 workers using 18596 MB)
@  3428s  (total 11 workers using 18555 MB)
@  3442s  (total 11 workers using 18616 MB)
@  3457s  (total 11 workers using 18820 MB)
@  3470s  (total 11 workers using 18889 MB)
@  3485s  (total 11 workers using 18914 MB)
@  3498s  (total 11 workers using 18886 MB)
@  3513s  (total 11 workers using 18946 MB)
@  3527s  (total 11 workers using 19026 MB)
@  3542s  (total 11 workers using 19026 MB)
@  3556s  (total 11 workers using 18976 MB)
@  3571s  (total 11 workers using 19047 MB)
@  3576s  (stopping all workers)
@  3576s  (worker 0 finished with result unknown) python3 avr.py -a sa
@  3576s  (worker 2 finished with result unknown) python3 avr.py
@  3576s  (worker 4 finished with result unknown) python3 avr.py -b bin_y2 --bmc
@  3576s  (worker 6 finished with result unknown) python3 avr.py -a sa --interpol 1 -f 1
@  3576s  (worker 8 finished with result unknown) python3 avr.py -l 5 -g 3 -a sa8 --interpol 1 -f 1
@  3576s  (worker 10 finished with result unknown) python3 avr.py --bmc
@  3577s  (worker 1 finished with result unknown) python3 avr.py -b bin_bt_cadical -s --bmc
@  3577s  (worker 5 finished with result unknown) python3 avr.py -b bin_bt_cadical -g 3 -l 0 -a sa32
@  3577s  (worker 9 finished with result unknown) python3 avr.py -b bin_y2 -s -a sa4 --interpol 1 -f 1
@  3577s  (worker 3 finished with result unknown) python3 avr.py -b bin_y2 -s
@  3577s  (worker 7 finished with result unknown) python3 avr.py -s -l 0
@  3577s  (copied results from worker 0 in /scratch/network/hongcez/hwmcc/avr-log/btor2/bv/wolf/2019C/pr_dspfilters_fastfir_second-p22)
@  3577s  [0;30;47m(proof race finished with answer unknown in 3576.83 seconds)[m
