AVR -- Proof Race 
copyright (c) 2019  Aman Goel and Karem Sakallah, University of Michigan
@     0s  (starting avr proof race)
@     0s  (output dir: /scratch/network/hongcez/hwmcc/avr-log/btor2/bv/wolf/2019C/pr_dspfilters_fastfir_second-p15)
@     0s  (max 11 workers)
@     0s  (started worker 0 with pid 70312)
@     0s  (started worker 1 with pid 70313)
@     0s  (started worker 2 with pid 70314)
@     0s  (started worker 3 with pid 70315)
@     0s  (started worker 4 with pid 70316)
@     0s  (spawned 5 workers)
@     0s  (total 5 workers using 0 MB)
@     1s  (started worker 5 with pid 70462)
@     1s  (spawned 1 workers)
@     1s  (total 6 workers using 532 MB)
@     3s  (started worker 6 with pid 70503)
@     3s  (spawned 1 workers)
@     3s  (total 7 workers using 800 MB)
@     5s  (started worker 7 with pid 70556)
@     5s  (spawned 1 workers)
@     5s  (total 8 workers using 1022 MB)
@     7s  (started worker 8 with pid 70623)
@     7s  (spawned 1 workers)
@     7s  (total 9 workers using 1234 MB)
@    11s  (started worker 9 with pid 70695)
@    11s  (spawned 1 workers)
@    11s  (total 10 workers using 1460 MB)
@    14s  (started worker 10 with pid 70770)
@    14s  (spawned 1 workers)
@    14s  (total 11 workers using 1715 MB)
@    27s  (total 11 workers using 2390 MB)
@    44s  (total 11 workers using 2973 MB)
@    62s  (total 11 workers using 3395 MB)
@    77s  (total 11 workers using 3769 MB)
@    93s  (total 11 workers using 4007 MB)
@   110s  (total 11 workers using 4262 MB)
@   124s  (total 11 workers using 4531 MB)
@   139s  (total 11 workers using 4780 MB)
@   153s  (total 11 workers using 4985 MB)
@   169s  (total 11 workers using 5119 MB)
@   183s  (total 11 workers using 5209 MB)
@   199s  (total 11 workers using 5303 MB)
@   213s  (total 11 workers using 5509 MB)
@   228s  (total 11 workers using 5565 MB)
@   242s  (total 11 workers using 5739 MB)
@   257s  (total 11 workers using 5799 MB)
@   271s  (total 11 workers using 5888 MB)
@   286s  (total 11 workers using 6133 MB)
@   300s  (total 11 workers using 6357 MB)
@   316s  (total 11 workers using 6488 MB)
@   330s  (total 11 workers using 6586 MB)
@   345s  (total 11 workers using 6751 MB)
@   360s  (total 11 workers using 6829 MB)
@   375s  (total 11 workers using 6944 MB)
@   389s  (total 11 workers using 7030 MB)
@   404s  (total 11 workers using 7138 MB)
@   418s  (total 11 workers using 7237 MB)
@   433s  (total 11 workers using 7301 MB)
@   447s  (total 11 workers using 7347 MB)
@   463s  (total 11 workers using 7414 MB)
@   477s  (total 11 workers using 7555 MB)
@   492s  (total 11 workers using 7523 MB)
@   506s  (total 11 workers using 7600 MB)
@   522s  (total 11 workers using 7682 MB)
@   536s  (total 11 workers using 7783 MB)
@   551s  (total 11 workers using 7863 MB)
@   564s  (total 11 workers using 7862 MB)
@   579s  (total 11 workers using 7867 MB)
@   592s  (total 11 workers using 8016 MB)
@   607s  (total 11 workers using 8171 MB)
@   620s  (total 11 workers using 8323 MB)
@   635s  (total 11 workers using 8335 MB)
@   648s  (total 11 workers using 8371 MB)
@   663s  (total 11 workers using 8480 MB)
@   676s  (total 11 workers using 8465 MB)
@   691s  (total 11 workers using 8573 MB)
@   704s  (total 11 workers using 8677 MB)
@   719s  (total 11 workers using 8682 MB)
@   732s  (total 11 workers using 8765 MB)
@   747s  (total 11 workers using 8769 MB)
@   760s  (total 11 workers using 8832 MB)
@   775s  (total 11 workers using 8897 MB)
@   788s  (total 11 workers using 8998 MB)
@   803s  (total 11 workers using 9046 MB)
@   816s  (total 11 workers using 9079 MB)
@   831s  (total 11 workers using 9119 MB)
@   844s  (total 11 workers using 9333 MB)
@   859s  (total 11 workers using 9376 MB)
@   873s  (total 11 workers using 9399 MB)
@   888s  (total 11 workers using 9421 MB)
@   902s  (total 11 workers using 9486 MB)
@   917s  (total 11 workers using 9503 MB)
@   931s  (total 11 workers using 9594 MB)
@   946s  (total 11 workers using 9667 MB)
@   961s  (total 11 workers using 9721 MB)
@   976s  (total 11 workers using 9744 MB)
@   990s  (total 11 workers using 9772 MB)
@  1005s  (total 11 workers using 9869 MB)
@  1019s  (total 11 workers using 10086 MB)
@  1035s  (total 11 workers using 10103 MB)
@  1049s  (total 11 workers using 10144 MB)
@  1064s  (total 11 workers using 10305 MB)
@  1078s  (total 11 workers using 10295 MB)
@  1093s  (total 11 workers using 10352 MB)
@  1107s  (total 11 workers using 10461 MB)
@  1123s  (total 11 workers using 10669 MB)
@  1136s  (total 11 workers using 10812 MB)
@  1151s  (total 11 workers using 10913 MB)
@  1164s  (total 11 workers using 10888 MB)
@  1179s  (total 11 workers using 10966 MB)
@  1193s  (total 11 workers using 11075 MB)
@  1208s  (total 11 workers using 11117 MB)
@  1222s  (total 11 workers using 11158 MB)
@  1237s  (total 11 workers using 11268 MB)
@  1252s  (total 11 workers using 11301 MB)
@  1266s  (total 11 workers using 11354 MB)
@  1280s  (total 11 workers using 11402 MB)
@  1294s  (total 11 workers using 11469 MB)
@  1308s  (total 11 workers using 11672 MB)
@  1323s  (total 11 workers using 11726 MB)
@  1337s  (total 11 workers using 11818 MB)
@  1352s  (total 11 workers using 11900 MB)
@  1366s  (total 11 workers using 11918 MB)
@  1380s  (total 11 workers using 12115 MB)
@  1394s  (total 11 workers using 12182 MB)
@  1409s  (total 11 workers using 12209 MB)
@  1422s  (total 11 workers using 12269 MB)
@  1437s  (total 11 workers using 12332 MB)
@  1450s  (total 11 workers using 12505 MB)
@  1465s  (total 11 workers using 12570 MB)
@  1479s  (total 11 workers using 12510 MB)
@  1493s  (total 11 workers using 12590 MB)
@  1507s  (total 11 workers using 12729 MB)
@  1521s  (total 11 workers using 12819 MB)
@  1535s  (total 11 workers using 12880 MB)
@  1550s  (total 11 workers using 12928 MB)
@  1563s  (total 11 workers using 13014 MB)
@  1578s  (total 11 workers using 13041 MB)
@  1592s  (total 11 workers using 13085 MB)
@  1606s  (total 11 workers using 13201 MB)
@  1620s  (total 11 workers using 13262 MB)
@  1634s  (total 11 workers using 13366 MB)
@  1647s  (total 11 workers using 13504 MB)
@  1662s  (total 11 workers using 13577 MB)
@  1676s  (total 11 workers using 13568 MB)
@  1690s  (total 11 workers using 13644 MB)
@  1704s  (total 11 workers using 13713 MB)
@  1718s  (total 11 workers using 13767 MB)
@  1732s  (total 11 workers using 13858 MB)
@  1747s  (total 11 workers using 13846 MB)
@  1760s  (total 11 workers using 14188 MB)
@  1775s  (total 11 workers using 14357 MB)
@  1788s  (total 11 workers using 14285 MB)
@  1803s  (total 11 workers using 14356 MB)
@  1817s  (total 11 workers using 14472 MB)
@  1831s  (total 11 workers using 14690 MB)
@  1845s  (total 11 workers using 14792 MB)
@  1859s  (total 11 workers using 14792 MB)
@  1873s  (total 11 workers using 14835 MB)
@  1887s  (total 11 workers using 15041 MB)
@  1901s  (total 11 workers using 15129 MB)
@  1915s  (total 11 workers using 15277 MB)
@  1929s  (total 11 workers using 15335 MB)
@  1943s  (total 11 workers using 15390 MB)
@  1957s  (total 11 workers using 15465 MB)
@  1972s  (total 11 workers using 15465 MB)
@  1985s  (total 11 workers using 15678 MB)
@  2000s  (total 11 workers using 15915 MB)
@  2013s  (total 11 workers using 15818 MB)
@  2028s  (total 11 workers using 15950 MB)
@  2041s  (total 11 workers using 16076 MB)
@  2056s  (total 11 workers using 16088 MB)
@  2070s  (total 11 workers using 16185 MB)
@  2085s  (total 11 workers using 16381 MB)
@  2099s  (total 11 workers using 16434 MB)
@  2113s  (total 11 workers using 16667 MB)
@  2127s  (total 11 workers using 16709 MB)
@  2141s  (total 11 workers using 16858 MB)
@  2155s  (total 11 workers using 17048 MB)
@  2170s  (total 11 workers using 17217 MB)
@  2183s  (total 11 workers using 17152 MB)
@  2197s  (total 11 workers using 17662 MB)
@  2211s  (total 11 workers using 17775 MB)
@  2225s  (total 11 workers using 17918 MB)
@  2239s  (total 11 workers using 18019 MB)
@  2252s  (total 11 workers using 17967 MB)
@  2266s  (total 11 workers using 18133 MB)
@  2280s  (total 11 workers using 18512 MB)
@  2294s  (total 11 workers using 18550 MB)
@  2308s  (total 11 workers using 18671 MB)
@  2322s  (total 11 workers using 18797 MB)
@  2336s  (total 11 workers using 18848 MB)
@  2350s  (total 11 workers using 19002 MB)
@  2365s  (total 11 workers using 19100 MB)
@  2378s  (total 11 workers using 19082 MB)
@  2393s  (total 11 workers using 19144 MB)
@  2407s  (total 11 workers using 19318 MB)
@  2422s  (total 11 workers using 19307 MB)
@  2435s  (total 11 workers using 19403 MB)
@  2449s  (total 11 workers using 19612 MB)
@  2463s  (total 11 workers using 19429 MB)
@  2478s  (total 11 workers using 19582 MB)
@  2491s  (total 11 workers using 19702 MB)
@  2506s  (total 11 workers using 19841 MB)
@  2519s  (total 11 workers using 20014 MB)
@  2534s  (total 11 workers using 20106 MB)
@  2547s  (total 11 workers using 20124 MB)
@  2562s  (total 11 workers using 20117 MB)
@  2575s  (total 11 workers using 20297 MB)
@  2590s  (total 11 workers using 20342 MB)
@  2603s  (total 11 workers using 20491 MB)
@  2618s  (total 11 workers using 20694 MB)
@  2632s  (total 11 workers using 20791 MB)
@  2646s  (total 11 workers using 20889 MB)
@  2660s  (total 11 workers using 21015 MB)
@  2674s  (total 11 workers using 20930 MB)
@  2688s  (total 11 workers using 20977 MB)
@  2702s  (total 11 workers using 21101 MB)
@  2716s  (total 11 workers using 21174 MB)
@  2731s  (total 11 workers using 21271 MB)
@  2744s  (total 11 workers using 21257 MB)
@  2758s  (total 11 workers using 21399 MB)
@  2772s  (total 11 workers using 21400 MB)
@  2787s  (total 11 workers using 21592 MB)
@  2800s  (total 11 workers using 21663 MB)
@  2815s  (total 11 workers using 21783 MB)
@  2828s  (total 11 workers using 21899 MB)
@  2843s  (total 11 workers using 21675 MB)
@  2857s  (total 11 workers using 21859 MB)
@  2871s  (total 11 workers using 21889 MB)
@  2885s  (total 11 workers using 22085 MB)
@  2900s  (total 11 workers using 22038 MB)
@  2913s  (total 11 workers using 22059 MB)
@  2928s  (total 11 workers using 22164 MB)
@  2941s  (total 11 workers using 22333 MB)
@  2956s  (total 11 workers using 22350 MB)
@  2969s  (total 11 workers using 22565 MB)
@  2984s  (total 11 workers using 22616 MB)
@  2997s  (total 11 workers using 22637 MB)
@  3012s  (total 11 workers using 22463 MB)
@  3026s  (total 11 workers using 22839 MB)
@  3040s  (total 11 workers using 22930 MB)
@  3054s  (total 11 workers using 23011 MB)
@  3068s  (total 11 workers using 23285 MB)
@  3082s  (total 11 workers using 23395 MB)
@  3096s  (total 11 workers using 23342 MB)
@  3110s  (total 11 workers using 23331 MB)
@  3124s  (total 11 workers using 23530 MB)
@  3138s  (total 11 workers using 23637 MB)
@  3152s  (total 11 workers using 23616 MB)
@  3166s  (total 11 workers using 23756 MB)
@  3181s  (total 11 workers using 23944 MB)
@  3194s  (total 11 workers using 23835 MB)
@  3209s  (total 11 workers using 24033 MB)
@  3223s  (total 11 workers using 24227 MB)
@  3237s  (total 11 workers using 24602 MB)
@  3251s  (total 11 workers using 24679 MB)
@  3265s  (total 11 workers using 24814 MB)
@  3279s  (total 11 workers using 24866 MB)
@  3293s  (total 11 workers using 24949 MB)
@  3307s  (total 11 workers using 25346 MB)
@  3322s  (total 11 workers using 25249 MB)
@  3335s  (total 11 workers using 25203 MB)
@  3350s  (total 11 workers using 25118 MB)
@  3363s  (total 11 workers using 25160 MB)
@  3377s  (total 11 workers using 25210 MB)
@  3391s  (total 11 workers using 25166 MB)
@  3405s  (total 11 workers using 25332 MB)
@  3419s  (total 11 workers using 25524 MB)
@  3434s  (total 11 workers using 25645 MB)
@  3447s  (total 11 workers using 25733 MB)
@  3462s  (total 11 workers using 25655 MB)
@  3475s  (total 11 workers using 25752 MB)
@  3485s  (worker 6 finished with result unknown) python3 avr.py -a sa --interpol 1 -f 1
@  3490s  (total 10 workers using 24296 MB)
@  3503s  (total 10 workers using 24498 MB)
@  3516s  (total 10 workers using 24492 MB)
@  3529s  (total 10 workers using 24430 MB)
@  3543s  (total 10 workers using 24501 MB)
@  3556s  (total 10 workers using 24651 MB)
@  3571s  (total 10 workers using 24764 MB)
@  3576s  (stopping all workers)
@  3576s  (worker 0 finished with result unknown) python3 avr.py -a sa
@  3576s  (worker 2 finished with result unknown) python3 avr.py
@  3576s  (worker 4 finished with result unknown) python3 avr.py -b bin_y2 --bmc
@  3576s  (worker 7 finished with result unknown) python3 avr.py -s -l 0
@  3576s  (worker 9 finished with result unknown) python3 avr.py -b bin_y2 -s -a sa4 --interpol 1 -f 1
@  3576s  (worker 1 finished with result unknown) python3 avr.py -b bin_bt_cadical -s --bmc
@  3576s  (worker 5 finished with result unknown) python3 avr.py -b bin_bt_cadical -g 3 -l 0 -a sa32
@  3576s  (worker 10 finished with result unknown) python3 avr.py --bmc
@  3576s  (worker 3 finished with result unknown) python3 avr.py -b bin_y2 -s
@  3577s  (worker 8 finished with result unknown) python3 avr.py -l 5 -g 3 -a sa8 --interpol 1 -f 1
@  3577s  (copied results from worker 0 in /scratch/network/hongcez/hwmcc/avr-log/btor2/bv/wolf/2019C/pr_dspfilters_fastfir_second-p15)
@  3577s  [0;30;47m(proof race finished with answer unknown in 3576.70 seconds)[m
