AVR -- Proof Race 
copyright (c) 2019  Aman Goel and Karem Sakallah, University of Michigan
@     0s  (starting avr proof race)
@     0s  (output dir: /scratch/network/hongcez/hwmcc/avr-log/btor2/bv/wolf/2019C/pr_dspfilters_fastfir_second-p20)
@     0s  (max 11 workers)
@     0s  (started worker 0 with pid 107544)
@     0s  (started worker 1 with pid 107545)
@     0s  (started worker 2 with pid 107546)
@     0s  (started worker 3 with pid 107547)
@     0s  (started worker 4 with pid 107548)
@     0s  (spawned 5 workers)
@     0s  (total 5 workers using 0 MB)
@     1s  (started worker 5 with pid 107667)
@     1s  (spawned 1 workers)
@     1s  (total 6 workers using 519 MB)
@     2s  (started worker 6 with pid 107707)
@     2s  (spawned 1 workers)
@     2s  (total 7 workers using 725 MB)
@     4s  (started worker 7 with pid 107770)
@     4s  (spawned 1 workers)
@     4s  (total 8 workers using 918 MB)
@     7s  (started worker 8 with pid 107832)
@     7s  (spawned 1 workers)
@     7s  (total 9 workers using 1072 MB)
@    10s  (started worker 9 with pid 107908)
@    10s  (spawned 1 workers)
@    10s  (total 10 workers using 1336 MB)
@    13s  (started worker 10 with pid 107967)
@    13s  (spawned 1 workers)
@    13s  (total 11 workers using 1502 MB)
@    26s  (total 11 workers using 2293 MB)
@    43s  (total 11 workers using 2815 MB)
@    60s  (total 11 workers using 3062 MB)
@    74s  (total 11 workers using 3189 MB)
@    88s  (total 11 workers using 3320 MB)
@   104s  (total 11 workers using 3557 MB)
@   118s  (total 11 workers using 3682 MB)
@   132s  (total 11 workers using 4098 MB)
@   146s  (total 11 workers using 4530 MB)
@   161s  (total 11 workers using 4733 MB)
@   174s  (total 11 workers using 4848 MB)
@   189s  (total 11 workers using 5050 MB)
@   203s  (total 11 workers using 5139 MB)
@   217s  (total 11 workers using 5237 MB)
@   231s  (total 11 workers using 5393 MB)
@   246s  (total 11 workers using 5426 MB)
@   259s  (total 11 workers using 5455 MB)
@   263s  (worker 9 finished with result unknown) python3 avr.py -b bin_y2 -s -a sa4 --interpol 1 -f 1
@   273s  (total 10 workers using 5172 MB)
@   286s  (total 10 workers using 5211 MB)
@   301s  (total 10 workers using 5316 MB)
@   314s  (total 10 workers using 5433 MB)
@   328s  (total 10 workers using 5494 MB)
@   341s  (total 10 workers using 5614 MB)
@   355s  (total 10 workers using 5645 MB)
@   369s  (total 10 workers using 5745 MB)
@   383s  (total 10 workers using 5868 MB)
@   396s  (total 10 workers using 5940 MB)
@   410s  (total 10 workers using 5889 MB)
@   424s  (total 10 workers using 6091 MB)
@   438s  (total 10 workers using 6123 MB)
@   451s  (total 10 workers using 6302 MB)
@   466s  (total 10 workers using 6362 MB)
@   479s  (total 10 workers using 6559 MB)
@   494s  (total 10 workers using 6758 MB)
@   507s  (total 10 workers using 6845 MB)
@   520s  (total 10 workers using 7011 MB)
@   533s  (total 10 workers using 7054 MB)
@   548s  (total 10 workers using 7134 MB)
@   561s  (total 10 workers using 7366 MB)
@   575s  (total 10 workers using 7397 MB)
@   588s  (total 10 workers using 7392 MB)
@   602s  (total 10 workers using 7382 MB)
@   615s  (total 10 workers using 7481 MB)
@   629s  (total 10 workers using 7637 MB)
@   642s  (total 10 workers using 7685 MB)
@   656s  (total 10 workers using 7742 MB)
@   670s  (total 10 workers using 7896 MB)
@   684s  (total 10 workers using 8044 MB)
@   697s  (total 10 workers using 8069 MB)
@   711s  (total 10 workers using 8017 MB)
@   724s  (total 10 workers using 8187 MB)
@   738s  (total 10 workers using 8140 MB)
@   751s  (total 10 workers using 8195 MB)
@   766s  (total 10 workers using 8339 MB)
@   778s  (total 10 workers using 8426 MB)
@   793s  (total 10 workers using 8540 MB)
@   806s  (total 10 workers using 8536 MB)
@   820s  (total 10 workers using 8668 MB)
@   833s  (total 10 workers using 8628 MB)
@   848s  (total 10 workers using 8885 MB)
@   861s  (total 10 workers using 8874 MB)
@   875s  (total 10 workers using 8966 MB)
@   889s  (total 10 workers using 9093 MB)
@   903s  (total 10 workers using 9343 MB)
@   916s  (total 10 workers using 9365 MB)
@   930s  (total 10 workers using 9301 MB)
@   943s  (total 10 workers using 9384 MB)
@   957s  (total 10 workers using 9430 MB)
@   970s  (total 10 workers using 9386 MB)
@   984s  (total 10 workers using 9529 MB)
@   997s  (total 10 workers using 9638 MB)
@  1011s  (total 10 workers using 9599 MB)
@  1024s  (total 10 workers using 9830 MB)
@  1039s  (total 10 workers using 9869 MB)
@  1052s  (total 10 workers using 9868 MB)
@  1066s  (total 10 workers using 10134 MB)
@  1079s  (total 10 workers using 10123 MB)
@  1093s  (total 10 workers using 10421 MB)
@  1106s  (total 10 workers using 10515 MB)
@  1121s  (total 10 workers using 10590 MB)
@  1134s  (total 10 workers using 10616 MB)
@  1148s  (total 10 workers using 10779 MB)
@  1161s  (total 10 workers using 10878 MB)
@  1175s  (total 10 workers using 10937 MB)
@  1189s  (total 10 workers using 11060 MB)
@  1203s  (total 10 workers using 11136 MB)
@  1216s  (total 10 workers using 11214 MB)
@  1230s  (total 10 workers using 11330 MB)
@  1243s  (total 10 workers using 11567 MB)
@  1257s  (total 10 workers using 11548 MB)
@  1270s  (total 10 workers using 11640 MB)
@  1285s  (total 10 workers using 11696 MB)
@  1298s  (total 10 workers using 11661 MB)
@  1312s  (total 10 workers using 11680 MB)
@  1325s  (total 10 workers using 11743 MB)
@  1341s  (total 10 workers using 11705 MB)
@  1355s  (total 10 workers using 11812 MB)
@  1369s  (total 10 workers using 11867 MB)
@  1383s  (total 10 workers using 11767 MB)
@  1400s  (total 10 workers using 11887 MB)
@  1415s  (total 10 workers using 12017 MB)
@  1430s  (total 10 workers using 12084 MB)
@  1443s  (total 10 workers using 12056 MB)
@  1462s  (total 10 workers using 12110 MB)
@  1475s  (total 10 workers using 12265 MB)
@  1489s  (total 10 workers using 12136 MB)
@  1502s  (total 10 workers using 12204 MB)
@  1516s  (total 10 workers using 12208 MB)
@  1529s  (total 10 workers using 12272 MB)
@  1543s  (total 10 workers using 12304 MB)
@  1556s  (total 10 workers using 12383 MB)
@  1570s  (total 10 workers using 12511 MB)
@  1583s  (total 10 workers using 12329 MB)
@  1597s  (total 10 workers using 12490 MB)
@  1611s  (total 10 workers using 12648 MB)
@  1625s  (total 10 workers using 12599 MB)
@  1638s  (total 10 workers using 12720 MB)
@  1652s  (total 10 workers using 12655 MB)
@  1665s  (total 10 workers using 12630 MB)
@  1678s  (total 10 workers using 13027 MB)
@  1691s  (total 10 workers using 13112 MB)
@  1705s  (total 10 workers using 13150 MB)
@  1718s  (total 10 workers using 13233 MB)
@  1732s  (total 10 workers using 13217 MB)
@  1745s  (total 10 workers using 13217 MB)
@  1759s  (total 10 workers using 13391 MB)
@  1772s  (total 10 workers using 13406 MB)
@  1786s  (total 10 workers using 13440 MB)
@  1799s  (total 10 workers using 13625 MB)
@  1813s  (total 10 workers using 13369 MB)
@  1826s  (total 10 workers using 13583 MB)
@  1840s  (total 10 workers using 13809 MB)
@  1853s  (total 10 workers using 14046 MB)
@  1867s  (total 10 workers using 14224 MB)
@  1880s  (total 10 workers using 14278 MB)
@  1895s  (total 10 workers using 14316 MB)
@  1908s  (total 10 workers using 14488 MB)
@  1922s  (total 10 workers using 14587 MB)
@  1936s  (total 10 workers using 14557 MB)
@  1950s  (total 10 workers using 14584 MB)
@  1963s  (total 10 workers using 14733 MB)
@  1977s  (total 10 workers using 14839 MB)
@  1990s  (total 10 workers using 14874 MB)
@  2004s  (total 10 workers using 14781 MB)
@  2017s  (total 10 workers using 15080 MB)
@  2031s  (total 10 workers using 14994 MB)
@  2044s  (total 10 workers using 15175 MB)
@  2059s  (total 10 workers using 15277 MB)
@  2072s  (total 10 workers using 15343 MB)
@  2086s  (total 10 workers using 15471 MB)
@  2099s  (total 10 workers using 15548 MB)
@  2113s  (total 10 workers using 15496 MB)
@  2126s  (total 10 workers using 15464 MB)
@  2140s  (total 10 workers using 15392 MB)
@  2154s  (total 10 workers using 15608 MB)
@  2168s  (total 10 workers using 15618 MB)
@  2181s  (total 10 workers using 15707 MB)
@  2195s  (total 10 workers using 15833 MB)
@  2208s  (total 10 workers using 15809 MB)
@  2222s  (total 10 workers using 15783 MB)
@  2235s  (total 10 workers using 15822 MB)
@  2250s  (total 10 workers using 15860 MB)
@  2263s  (total 10 workers using 15915 MB)
@  2277s  (total 10 workers using 16030 MB)
@  2290s  (total 10 workers using 16010 MB)
@  2304s  (total 10 workers using 16045 MB)
@  2317s  (total 10 workers using 16132 MB)
@  2332s  (total 10 workers using 16290 MB)
@  2345s  (total 10 workers using 16206 MB)
@  2359s  (total 10 workers using 16187 MB)
@  2372s  (total 10 workers using 16442 MB)
@  2386s  (total 10 workers using 16431 MB)
@  2400s  (total 10 workers using 16444 MB)
@  2414s  (total 10 workers using 16563 MB)
@  2427s  (total 10 workers using 16664 MB)
@  2441s  (total 10 workers using 16620 MB)
@  2455s  (total 10 workers using 16728 MB)
@  2469s  (total 10 workers using 16735 MB)
@  2482s  (total 10 workers using 16774 MB)
@  2496s  (total 10 workers using 17071 MB)
@  2509s  (total 10 workers using 17046 MB)
@  2524s  (total 10 workers using 17130 MB)
@  2537s  (total 10 workers using 17173 MB)
@  2551s  (total 10 workers using 17335 MB)
@  2564s  (total 10 workers using 17519 MB)
@  2579s  (total 10 workers using 17411 MB)
@  2592s  (total 10 workers using 17322 MB)
@  2606s  (total 10 workers using 17488 MB)
@  2619s  (total 10 workers using 17504 MB)
@  2634s  (total 10 workers using 17576 MB)
@  2647s  (total 10 workers using 17703 MB)
@  2661s  (total 10 workers using 17690 MB)
@  2674s  (total 10 workers using 17654 MB)
@  2688s  (total 10 workers using 17755 MB)
@  2701s  (total 10 workers using 17797 MB)
@  2715s  (total 10 workers using 17948 MB)
@  2728s  (total 10 workers using 17940 MB)
@  2742s  (total 10 workers using 18025 MB)
@  2756s  (total 10 workers using 18035 MB)
@  2770s  (total 10 workers using 18102 MB)
@  2783s  (total 10 workers using 18018 MB)
@  2797s  (total 10 workers using 18220 MB)
@  2810s  (total 10 workers using 18114 MB)
@  2824s  (total 10 workers using 18097 MB)
@  2837s  (total 10 workers using 18081 MB)
@  2851s  (total 10 workers using 18020 MB)
@  2864s  (total 10 workers using 17975 MB)
@  2879s  (total 10 workers using 18073 MB)
@  2892s  (total 10 workers using 18083 MB)
@  2906s  (total 10 workers using 18332 MB)
@  2919s  (total 10 workers using 18262 MB)
@  2934s  (total 10 workers using 18341 MB)
@  2947s  (total 10 workers using 18566 MB)
@  2961s  (total 10 workers using 18375 MB)
@  2974s  (total 10 workers using 18428 MB)
@  2988s  (total 10 workers using 18513 MB)
@  3001s  (total 10 workers using 18646 MB)
@  3015s  (total 10 workers using 18642 MB)
@  3028s  (total 10 workers using 18863 MB)
@  3042s  (total 10 workers using 18839 MB)
@  3056s  (total 10 workers using 18830 MB)
@  3070s  (total 10 workers using 18716 MB)
@  3083s  (total 10 workers using 19239 MB)
@  3097s  (total 10 workers using 19216 MB)
@  3110s  (total 10 workers using 19359 MB)
@  3124s  (total 10 workers using 19451 MB)
@  3137s  (total 10 workers using 19423 MB)
@  3152s  (total 10 workers using 19495 MB)
@  3165s  (total 10 workers using 19630 MB)
@  3180s  (total 10 workers using 19644 MB)
@  3193s  (total 10 workers using 19810 MB)
@  3207s  (total 10 workers using 19721 MB)
@  3220s  (total 10 workers using 19967 MB)
@  3235s  (total 10 workers using 20296 MB)
@  3248s  (total 10 workers using 20108 MB)
@  3262s  (total 10 workers using 20452 MB)
@  3275s  (total 10 workers using 20456 MB)
@  3289s  (total 10 workers using 20262 MB)
@  3302s  (total 10 workers using 20366 MB)
@  3317s  (total 10 workers using 20617 MB)
@  3330s  (total 10 workers using 20905 MB)
@  3344s  (total 10 workers using 21039 MB)
@  3357s  (total 10 workers using 21158 MB)
@  3372s  (total 10 workers using 21049 MB)
@  3385s  (total 10 workers using 21004 MB)
@  3399s  (total 10 workers using 21201 MB)
@  3412s  (total 10 workers using 21337 MB)
@  3426s  (total 10 workers using 21672 MB)
@  3439s  (total 10 workers using 21395 MB)
@  3453s  (total 10 workers using 21588 MB)
@  3466s  (total 10 workers using 21504 MB)
@  3481s  (total 10 workers using 21716 MB)
@  3493s  (total 10 workers using 21678 MB)
@  3508s  (total 10 workers using 21544 MB)
@  3521s  (total 10 workers using 21605 MB)
@  3535s  (total 10 workers using 21605 MB)
@  3548s  (total 10 workers using 21743 MB)
@  3562s  (total 10 workers using 21756 MB)
@  3572s  (stopping all workers)
@  3572s  (worker 0 finished with result unknown) python3 avr.py -a sa
@  3572s  (worker 2 finished with result unknown) python3 avr.py
@  3572s  (worker 4 finished with result unknown) python3 avr.py -b bin_y2 --bmc
@  3572s  (worker 6 finished with result unknown) python3 avr.py -a sa --interpol 1 -f 1
@  3572s  (worker 8 finished with result unknown) python3 avr.py -l 5 -g 3 -a sa8 --interpol 1 -f 1
@  3573s  (worker 1 finished with result unknown) python3 avr.py -b bin_bt_cadical -s --bmc
@  3573s  (worker 5 finished with result unknown) python3 avr.py -b bin_bt_cadical -g 3 -l 0 -a sa32
@  3573s  (worker 10 finished with result unknown) python3 avr.py --bmc
@  3573s  (worker 3 finished with result unknown) python3 avr.py -b bin_y2 -s
@  3573s  (worker 7 finished with result unknown) python3 avr.py -s -l 0
@  3573s  (copied results from worker 0 in /scratch/network/hongcez/hwmcc/avr-log/btor2/bv/wolf/2019C/pr_dspfilters_fastfir_second-p20)
@  3573s  [0;30;47m(proof race finished with answer unknown in 3572.86 seconds)[m
