AVR -- Proof Race 
copyright (c) 2019  Aman Goel and Karem Sakallah, University of Michigan
@     0s  (starting avr proof race)
@     0s  (output dir: /scratch/network/hongcez/hwmcc/avr-log/btor2/bv/wolf/2019C/pr_dspfilters_fastfir_second-p08)
@     0s  (max 11 workers)
@     0s  (started worker 0 with pid 31739)
@     0s  (started worker 1 with pid 31740)
@     0s  (started worker 2 with pid 31741)
@     0s  (started worker 3 with pid 31742)
@     0s  (started worker 4 with pid 31743)
@     0s  (spawned 5 workers)
@     0s  (total 5 workers using 0 MB)
@     1s  (started worker 5 with pid 31858)
@     1s  (spawned 1 workers)
@     1s  (total 6 workers using 499 MB)
@     2s  (started worker 6 with pid 31898)
@     2s  (spawned 1 workers)
@     2s  (total 7 workers using 760 MB)
@     3s  (started worker 7 with pid 31942)
@     3s  (spawned 1 workers)
@     3s  (total 8 workers using 929 MB)
@     5s  (started worker 8 with pid 32008)
@     5s  (spawned 1 workers)
@     5s  (total 9 workers using 1131 MB)
@     9s  (started worker 9 with pid 32067)
@     9s  (spawned 1 workers)
@     9s  (total 10 workers using 1407 MB)
@    12s  (started worker 10 with pid 32130)
@    12s  (spawned 1 workers)
@    12s  (total 11 workers using 1618 MB)
@    24s  (total 11 workers using 2281 MB)
@    39s  (total 11 workers using 3059 MB)
@    55s  (total 11 workers using 3603 MB)
@    69s  (total 11 workers using 3871 MB)
@    83s  (total 11 workers using 4308 MB)
@    98s  (total 11 workers using 4541 MB)
@   111s  (total 11 workers using 4654 MB)
@   125s  (total 11 workers using 4817 MB)
@   138s  (total 11 workers using 5025 MB)
@   152s  (total 11 workers using 5290 MB)
@   165s  (total 11 workers using 5458 MB)
@   179s  (total 11 workers using 5655 MB)
@   192s  (total 11 workers using 5850 MB)
@   206s  (total 11 workers using 6081 MB)
@   219s  (total 11 workers using 6151 MB)
@   233s  (total 11 workers using 6452 MB)
@   245s  (total 11 workers using 6508 MB)
@   259s  (total 11 workers using 6696 MB)
@   272s  (total 11 workers using 6833 MB)
@   286s  (total 11 workers using 7016 MB)
@   299s  (total 11 workers using 7193 MB)
@   314s  (total 11 workers using 7385 MB)
@   327s  (total 11 workers using 7653 MB)
@   340s  (total 11 workers using 7922 MB)
@   354s  (total 11 workers using 7972 MB)
@   367s  (total 11 workers using 8207 MB)
@   381s  (total 11 workers using 8420 MB)
@   394s  (total 11 workers using 8503 MB)
@   407s  (total 11 workers using 8675 MB)
@   421s  (total 11 workers using 8789 MB)
@   434s  (total 11 workers using 8813 MB)
@   448s  (total 11 workers using 9176 MB)
@   461s  (total 11 workers using 9187 MB)
@   475s  (total 11 workers using 9310 MB)
@   488s  (total 11 workers using 9290 MB)
@   502s  (total 11 workers using 9342 MB)
@   514s  (total 11 workers using 9499 MB)
@   528s  (total 11 workers using 9663 MB)
@   541s  (total 11 workers using 9874 MB)
@   555s  (total 11 workers using 9960 MB)
@   568s  (total 11 workers using 9955 MB)
@   582s  (total 11 workers using 10061 MB)
@   595s  (total 11 workers using 10170 MB)
@   609s  (total 11 workers using 10255 MB)
@   622s  (total 11 workers using 10257 MB)
@   636s  (total 11 workers using 10406 MB)
@   649s  (total 11 workers using 10518 MB)
@   663s  (total 11 workers using 10757 MB)
@   675s  (total 11 workers using 10874 MB)
@   689s  (total 11 workers using 11060 MB)
@   702s  (total 11 workers using 11306 MB)
@   716s  (total 11 workers using 11344 MB)
@   729s  (total 11 workers using 11509 MB)
@   743s  (total 11 workers using 11495 MB)
@   756s  (total 11 workers using 11657 MB)
@   770s  (total 11 workers using 11732 MB)
@   783s  (total 11 workers using 11736 MB)
@   797s  (total 11 workers using 11921 MB)
@   810s  (total 11 workers using 12105 MB)
@   823s  (total 11 workers using 12226 MB)
@   836s  (total 11 workers using 12323 MB)
@   850s  (total 11 workers using 12467 MB)
@   863s  (total 11 workers using 12649 MB)
@   877s  (total 11 workers using 12636 MB)
@   890s  (total 11 workers using 12819 MB)
@   904s  (total 11 workers using 12874 MB)
@   918s  (total 11 workers using 12966 MB)
@   930s  (worker 9 finished with result unknown) python3 avr.py -b bin_y2 -s -a sa4 --interpol 1 -f 1
@   932s  (total 10 workers using 11091 MB)
@   944s  (total 10 workers using 11268 MB)
@   958s  (total 10 workers using 11215 MB)
@   970s  (total 10 workers using 11270 MB)
@   984s  (total 10 workers using 11285 MB)
@   997s  (total 10 workers using 11332 MB)
@  1011s  (total 10 workers using 11544 MB)
@  1023s  (total 10 workers using 11717 MB)
@  1037s  (total 10 workers using 11717 MB)
@  1049s  (total 10 workers using 11819 MB)
@  1063s  (total 10 workers using 12184 MB)
@  1076s  (total 10 workers using 12251 MB)
@  1089s  (total 10 workers using 12261 MB)
@  1103s  (total 10 workers using 12287 MB)
@  1116s  (total 10 workers using 12255 MB)
@  1129s  (total 10 workers using 12302 MB)
@  1143s  (total 10 workers using 12470 MB)
@  1155s  (total 10 workers using 12743 MB)
@  1169s  (total 10 workers using 12777 MB)
@  1182s  (total 10 workers using 12685 MB)
@  1195s  (total 10 workers using 12918 MB)
@  1208s  (total 10 workers using 13074 MB)
@  1222s  (total 10 workers using 13181 MB)
@  1235s  (total 10 workers using 13308 MB)
@  1248s  (total 10 workers using 13399 MB)
@  1261s  (total 10 workers using 13289 MB)
@  1275s  (total 10 workers using 13600 MB)
@  1287s  (total 10 workers using 13525 MB)
@  1301s  (total 10 workers using 13598 MB)
@  1313s  (total 10 workers using 13774 MB)
@  1327s  (total 10 workers using 13809 MB)
@  1340s  (total 10 workers using 13951 MB)
@  1354s  (total 10 workers using 14145 MB)
@  1367s  (total 10 workers using 14197 MB)
@  1380s  (total 10 workers using 14156 MB)
@  1393s  (total 10 workers using 14363 MB)
@  1406s  (total 10 workers using 14382 MB)
@  1419s  (total 10 workers using 14491 MB)
@  1432s  (total 10 workers using 14512 MB)
@  1445s  (total 10 workers using 14578 MB)
@  1459s  (total 10 workers using 14746 MB)
@  1472s  (total 10 workers using 14822 MB)
@  1485s  (total 10 workers using 14702 MB)
@  1498s  (total 10 workers using 14905 MB)
@  1511s  (total 10 workers using 15125 MB)
@  1524s  (total 10 workers using 14970 MB)
@  1538s  (total 10 workers using 14953 MB)
@  1551s  (total 10 workers using 15200 MB)
@  1564s  (total 10 workers using 15144 MB)
@  1577s  (total 10 workers using 15236 MB)
@  1591s  (total 10 workers using 15195 MB)
@  1604s  (total 10 workers using 15285 MB)
@  1617s  (total 10 workers using 15234 MB)
@  1630s  (total 10 workers using 15545 MB)
@  1643s  (total 10 workers using 15608 MB)
@  1656s  (total 10 workers using 15744 MB)
@  1670s  (total 10 workers using 15529 MB)
@  1682s  (total 10 workers using 15708 MB)
@  1696s  (total 10 workers using 15765 MB)
@  1709s  (total 10 workers using 15747 MB)
@  1722s  (total 10 workers using 15859 MB)
@  1735s  (total 10 workers using 15967 MB)
@  1749s  (total 10 workers using 16142 MB)
@  1761s  (total 10 workers using 16035 MB)
@  1775s  (total 10 workers using 16095 MB)
@  1788s  (total 10 workers using 16231 MB)
@  1802s  (total 10 workers using 16550 MB)
@  1814s  (total 10 workers using 16599 MB)
@  1828s  (total 10 workers using 16577 MB)
@  1841s  (total 10 workers using 16806 MB)
@  1854s  (total 10 workers using 17045 MB)
@  1867s  (total 10 workers using 16974 MB)
@  1881s  (total 10 workers using 17055 MB)
@  1893s  (total 10 workers using 17128 MB)
@  1907s  (total 10 workers using 17232 MB)
@  1919s  (total 10 workers using 17276 MB)
@  1933s  (total 10 workers using 17386 MB)
@  1946s  (total 10 workers using 17404 MB)
@  1959s  (total 10 workers using 17525 MB)
@  1972s  (total 10 workers using 17558 MB)
@  1985s  (total 10 workers using 17663 MB)
@  1998s  (total 10 workers using 17708 MB)
@  2012s  (total 10 workers using 17866 MB)
@  2024s  (total 10 workers using 17842 MB)
@  2038s  (total 10 workers using 18132 MB)
@  2051s  (total 10 workers using 18230 MB)
@  2064s  (total 10 workers using 18417 MB)
@  2077s  (total 10 workers using 18557 MB)
@  2091s  (total 10 workers using 18621 MB)
@  2103s  (total 10 workers using 18704 MB)
@  2117s  (total 10 workers using 18618 MB)
@  2129s  (total 10 workers using 18522 MB)
@  2143s  (total 10 workers using 18759 MB)
@  2155s  (total 10 workers using 18800 MB)
@  2169s  (total 10 workers using 18822 MB)
@  2182s  (total 10 workers using 19047 MB)
@  2195s  (total 10 workers using 19130 MB)
@  2208s  (total 10 workers using 19013 MB)
@  2221s  (total 10 workers using 19254 MB)
@  2234s  (total 10 workers using 18954 MB)
@  2248s  (total 10 workers using 19018 MB)
@  2260s  (total 10 workers using 19287 MB)
@  2274s  (total 10 workers using 19552 MB)
@  2286s  (total 10 workers using 19566 MB)
@  2300s  (total 10 workers using 19698 MB)
@  2313s  (total 10 workers using 19786 MB)
@  2326s  (total 10 workers using 20035 MB)
@  2339s  (total 10 workers using 19804 MB)
@  2353s  (total 10 workers using 19895 MB)
@  2365s  (total 10 workers using 19969 MB)
@  2379s  (total 10 workers using 20272 MB)
@  2392s  (total 10 workers using 20275 MB)
@  2405s  (total 10 workers using 20195 MB)
@  2418s  (total 10 workers using 20333 MB)
@  2432s  (total 10 workers using 20310 MB)
@  2445s  (total 10 workers using 20412 MB)
@  2458s  (total 10 workers using 20616 MB)
@  2471s  (total 10 workers using 20532 MB)
@  2484s  (total 10 workers using 20555 MB)
@  2497s  (total 10 workers using 20743 MB)
@  2511s  (total 10 workers using 20714 MB)
@  2523s  (total 10 workers using 20693 MB)
@  2537s  (total 10 workers using 20773 MB)
@  2549s  (total 10 workers using 21056 MB)
@  2563s  (total 10 workers using 21190 MB)
@  2576s  (total 10 workers using 21070 MB)
@  2589s  (total 10 workers using 21486 MB)
@  2602s  (total 10 workers using 21400 MB)
@  2616s  (total 10 workers using 21314 MB)
@  2628s  (total 10 workers using 21351 MB)
@  2642s  (total 10 workers using 21547 MB)
@  2654s  (total 10 workers using 21624 MB)
@  2668s  (total 10 workers using 21497 MB)
@  2681s  (total 10 workers using 21411 MB)
@  2695s  (total 10 workers using 21872 MB)
@  2707s  (total 10 workers using 21740 MB)
@  2721s  (total 10 workers using 21955 MB)
@  2733s  (total 10 workers using 22051 MB)
@  2747s  (total 10 workers using 21914 MB)
@  2760s  (total 10 workers using 21957 MB)
@  2773s  (total 10 workers using 21995 MB)
@  2786s  (total 10 workers using 22115 MB)
@  2800s  (total 10 workers using 22182 MB)
@  2813s  (total 10 workers using 22115 MB)
@  2826s  (total 10 workers using 22167 MB)
@  2839s  (total 10 workers using 22514 MB)
@  2852s  (total 10 workers using 22508 MB)
@  2865s  (total 10 workers using 22367 MB)
@  2878s  (total 10 workers using 22524 MB)
@  2891s  (total 10 workers using 22487 MB)
@  2905s  (total 10 workers using 22507 MB)
@  2918s  (total 10 workers using 22573 MB)
@  2931s  (total 10 workers using 22456 MB)
@  2944s  (total 10 workers using 22807 MB)
@  2957s  (total 10 workers using 22924 MB)
@  2970s  (total 10 workers using 22774 MB)
@  2983s  (total 10 workers using 22980 MB)
@  2996s  (total 10 workers using 23109 MB)
@  3010s  (total 10 workers using 22809 MB)
@  3022s  (total 10 workers using 23206 MB)
@  3036s  (total 10 workers using 22962 MB)
@  3049s  (total 10 workers using 23245 MB)
@  3062s  (total 10 workers using 23072 MB)
@  3075s  (total 10 workers using 22942 MB)
@  3089s  (total 10 workers using 23309 MB)
@  3102s  (total 10 workers using 23249 MB)
@  3115s  (total 10 workers using 23287 MB)
@  3128s  (total 10 workers using 23422 MB)
@  3142s  (total 10 workers using 23687 MB)
@  3154s  (total 10 workers using 23552 MB)
@  3168s  (total 10 workers using 23607 MB)
@  3180s  (total 10 workers using 23710 MB)
@  3194s  (total 10 workers using 23724 MB)
@  3206s  (total 10 workers using 23890 MB)
@  3220s  (total 10 workers using 23919 MB)
@  3233s  (total 10 workers using 23877 MB)
@  3247s  (total 10 workers using 23908 MB)
@  3259s  (total 10 workers using 24305 MB)
@  3273s  (total 10 workers using 24262 MB)
@  3285s  (total 10 workers using 24531 MB)
@  3299s  (total 10 workers using 24660 MB)
@  3312s  (total 10 workers using 24665 MB)
@  3325s  (total 10 workers using 24670 MB)
@  3338s  (total 10 workers using 24696 MB)
@  3352s  (total 10 workers using 24641 MB)
@  3365s  (total 10 workers using 24714 MB)
@  3378s  (total 10 workers using 24875 MB)
@  3391s  (total 10 workers using 24757 MB)
@  3404s  (total 10 workers using 24979 MB)
@  3417s  (total 10 workers using 24965 MB)
@  3431s  (total 10 workers using 25474 MB)
@  3443s  (total 10 workers using 25468 MB)
@  3457s  (total 10 workers using 25603 MB)
@  3469s  (total 10 workers using 25629 MB)
@  3483s  (total 10 workers using 25449 MB)
@  3495s  (total 10 workers using 25795 MB)
@  3509s  (total 10 workers using 25915 MB)
@  3522s  (total 10 workers using 26257 MB)
@  3536s  (total 10 workers using 26464 MB)
@  3548s  (total 10 workers using 26837 MB)
@  3562s  (total 10 workers using 26745 MB)
@  3575s  (total 10 workers using 26886 MB)
@  3578s  (stopping all workers)
@  3578s  (worker 0 finished with result unknown) python3 avr.py -a sa
@  3578s  (worker 2 finished with result unknown) python3 avr.py
@  3578s  (worker 4 finished with result unknown) python3 avr.py -b bin_y2 --bmc
@  3578s  (worker 6 finished with result unknown) python3 avr.py -a sa --interpol 1 -f 1
@  3578s  (worker 8 finished with result unknown) python3 avr.py -l 5 -g 3 -a sa8 --interpol 1 -f 1
@  3578s  (worker 1 finished with result unknown) python3 avr.py -b bin_bt_cadical -s --bmc
@  3578s  (worker 5 finished with result unknown) python3 avr.py -b bin_bt_cadical -g 3 -l 0 -a sa32
@  3578s  (worker 10 finished with result unknown) python3 avr.py --bmc
@  3578s  (worker 3 finished with result unknown) python3 avr.py -b bin_y2 -s
@  3578s  (worker 7 finished with result unknown) python3 avr.py -s -l 0
@  3578s  (copied results from worker 0 in /scratch/network/hongcez/hwmcc/avr-log/btor2/bv/wolf/2019C/pr_dspfilters_fastfir_second-p08)
@  3578s  [0;30;47m(proof race finished with answer unknown in 3577.99 seconds)[m
