AVR -- Proof Race 
copyright (c) 2019  Aman Goel and Karem Sakallah, University of Michigan
@     0s  (starting avr proof race)
@     0s  (output dir: /scratch/network/hongcez/hwmcc/avr-log/btor2/bv/wolf/2019C/pr_dspfilters_fastfir_second-p17)
@     0s  (max 11 workers)
@     0s  (started worker 0 with pid 48453)
@     0s  (started worker 1 with pid 48454)
@     0s  (started worker 2 with pid 48455)
@     0s  (started worker 3 with pid 48456)
@     0s  (started worker 4 with pid 48457)
@     0s  (spawned 5 workers)
@     0s  (total 5 workers using 0 MB)
@     1s  (started worker 5 with pid 48706)
@     1s  (spawned 1 workers)
@     1s  (total 6 workers using 518 MB)
@     2s  (started worker 6 with pid 48784)
@     2s  (spawned 1 workers)
@     2s  (total 7 workers using 669 MB)
@     3s  (started worker 7 with pid 48871)
@     3s  (spawned 1 workers)
@     3s  (total 8 workers using 782 MB)
@     5s  (started worker 8 with pid 48986)
@     5s  (spawned 1 workers)
@     5s  (total 9 workers using 1009 MB)
@     9s  (started worker 9 with pid 49104)
@     9s  (spawned 1 workers)
@     9s  (total 10 workers using 1218 MB)
@    12s  (started worker 10 with pid 49214)
@    12s  (spawned 1 workers)
@    12s  (total 11 workers using 1363 MB)
@    25s  (total 11 workers using 1839 MB)
@    41s  (total 11 workers using 2140 MB)
@    58s  (total 11 workers using 2280 MB)
@    72s  (total 11 workers using 2391 MB)
@    86s  (total 11 workers using 2474 MB)
@   102s  (total 11 workers using 2534 MB)
@   115s  (total 11 workers using 2604 MB)
@   129s  (total 11 workers using 2809 MB)
@   143s  (total 11 workers using 2826 MB)
@   157s  (total 11 workers using 2982 MB)
@   171s  (total 11 workers using 3130 MB)
@   185s  (total 11 workers using 3205 MB)
@   198s  (total 11 workers using 3300 MB)
@   213s  (total 11 workers using 3429 MB)
@   226s  (total 11 workers using 3491 MB)
@   240s  (total 11 workers using 3588 MB)
@   254s  (total 11 workers using 3707 MB)
@   268s  (total 11 workers using 3791 MB)
@   282s  (total 11 workers using 3857 MB)
@   296s  (total 11 workers using 3902 MB)
@   310s  (total 11 workers using 3924 MB)
@   324s  (total 11 workers using 3976 MB)
@   337s  (total 11 workers using 4019 MB)
@   352s  (total 11 workers using 4113 MB)
@   365s  (total 11 workers using 4252 MB)
@   380s  (total 11 workers using 4367 MB)
@   393s  (total 11 workers using 4398 MB)
@   408s  (total 11 workers using 4495 MB)
@   421s  (total 11 workers using 4589 MB)
@   436s  (total 11 workers using 4724 MB)
@   449s  (total 11 workers using 4828 MB)
@   464s  (total 11 workers using 4889 MB)
@   477s  (total 11 workers using 4951 MB)
@   492s  (total 11 workers using 5001 MB)
@   505s  (total 11 workers using 5042 MB)
@   520s  (total 11 workers using 5163 MB)
@   533s  (total 11 workers using 5235 MB)
@   547s  (total 11 workers using 5389 MB)
@   561s  (total 11 workers using 5515 MB)
@   575s  (total 11 workers using 5653 MB)
@   589s  (total 11 workers using 5905 MB)
@   603s  (total 11 workers using 5892 MB)
@   616s  (total 11 workers using 5978 MB)
@   631s  (total 11 workers using 6039 MB)
@   644s  (total 11 workers using 6065 MB)
@   659s  (total 11 workers using 6136 MB)
@   672s  (total 11 workers using 6195 MB)
@   686s  (total 11 workers using 6249 MB)
@   700s  (total 11 workers using 6346 MB)
@   714s  (total 11 workers using 6434 MB)
@   727s  (total 11 workers using 6525 MB)
@   742s  (total 11 workers using 6625 MB)
@   755s  (total 11 workers using 6843 MB)
@   770s  (total 11 workers using 6924 MB)
@   783s  (total 11 workers using 7011 MB)
@   798s  (total 11 workers using 7070 MB)
@   811s  (total 11 workers using 7118 MB)
@   825s  (total 11 workers using 7257 MB)
@   839s  (total 11 workers using 7304 MB)
@   853s  (total 11 workers using 7402 MB)
@   866s  (total 11 workers using 7474 MB)
@   880s  (total 11 workers using 7524 MB)
@   894s  (total 11 workers using 7641 MB)
@   908s  (total 11 workers using 7703 MB)
@   922s  (total 11 workers using 7898 MB)
@   937s  (total 11 workers using 7933 MB)
@   950s  (total 11 workers using 8022 MB)
@   964s  (total 11 workers using 8213 MB)
@   978s  (total 11 workers using 8265 MB)
@   992s  (total 11 workers using 8427 MB)
@  1005s  (total 11 workers using 8603 MB)
@  1020s  (total 11 workers using 8945 MB)
@  1033s  (total 11 workers using 8928 MB)
@  1048s  (total 11 workers using 9016 MB)
@  1061s  (total 11 workers using 9164 MB)
@  1076s  (total 11 workers using 9312 MB)
@  1089s  (total 11 workers using 9402 MB)
@  1103s  (total 11 workers using 9486 MB)
@  1117s  (total 11 workers using 9609 MB)
@  1128s  (worker 8 finished with result unknown) python3 avr.py -l 5 -g 3 -a sa8 --interpol 1 -f 1
@  1131s  (total 10 workers using 8464 MB)
@  1144s  (total 10 workers using 8525 MB)
@  1158s  (total 10 workers using 8650 MB)
@  1172s  (total 10 workers using 8758 MB)
@  1186s  (total 10 workers using 8852 MB)
@  1199s  (total 10 workers using 8925 MB)
@  1213s  (total 10 workers using 9097 MB)
@  1226s  (total 10 workers using 9191 MB)
@  1240s  (total 10 workers using 9299 MB)
@  1253s  (total 10 workers using 9419 MB)
@  1267s  (total 10 workers using 9592 MB)
@  1280s  (total 10 workers using 9637 MB)
@  1294s  (total 10 workers using 9716 MB)
@  1307s  (total 10 workers using 9811 MB)
@  1321s  (total 10 workers using 9969 MB)
@  1335s  (total 10 workers using 10034 MB)
@  1349s  (total 10 workers using 10039 MB)
@  1361s  (total 10 workers using 10150 MB)
@  1375s  (total 10 workers using 10194 MB)
@  1389s  (total 10 workers using 10311 MB)
@  1403s  (total 10 workers using 10354 MB)
@  1416s  (total 10 workers using 10633 MB)
@  1429s  (total 10 workers using 10677 MB)
@  1443s  (total 10 workers using 10749 MB)
@  1457s  (total 10 workers using 10824 MB)
@  1470s  (total 10 workers using 10873 MB)
@  1484s  (total 10 workers using 11092 MB)
@  1497s  (total 10 workers using 11232 MB)
@  1511s  (total 10 workers using 11435 MB)
@  1524s  (total 10 workers using 11676 MB)
@  1538s  (total 10 workers using 11724 MB)
@  1551s  (total 10 workers using 11761 MB)
@  1565s  (total 10 workers using 11787 MB)
@  1578s  (total 10 workers using 12001 MB)
@  1592s  (total 10 workers using 12029 MB)
@  1605s  (total 10 workers using 12299 MB)
@  1619s  (total 10 workers using 12241 MB)
@  1632s  (total 10 workers using 12364 MB)
@  1646s  (total 10 workers using 12606 MB)
@  1659s  (total 10 workers using 12743 MB)
@  1673s  (total 10 workers using 12817 MB)
@  1686s  (total 10 workers using 12827 MB)
@  1700s  (total 10 workers using 12840 MB)
@  1713s  (total 10 workers using 12849 MB)
@  1727s  (total 10 workers using 12943 MB)
@  1740s  (total 10 workers using 12995 MB)
@  1754s  (total 10 workers using 13049 MB)
@  1767s  (total 10 workers using 13074 MB)
@  1781s  (total 10 workers using 13514 MB)
@  1794s  (total 10 workers using 13673 MB)
@  1808s  (total 10 workers using 13770 MB)
@  1821s  (total 10 workers using 13818 MB)
@  1835s  (total 10 workers using 13982 MB)
@  1848s  (total 10 workers using 13946 MB)
@  1862s  (total 10 workers using 14227 MB)
@  1875s  (total 10 workers using 14249 MB)
@  1889s  (total 10 workers using 14303 MB)
@  1902s  (total 10 workers using 14339 MB)
@  1916s  (total 10 workers using 14463 MB)
@  1929s  (total 10 workers using 14539 MB)
@  1943s  (total 10 workers using 14626 MB)
@  1956s  (total 10 workers using 14641 MB)
@  1970s  (total 10 workers using 14751 MB)
@  1984s  (total 10 workers using 14758 MB)
@  1997s  (total 10 workers using 14785 MB)
@  2010s  (total 10 workers using 14830 MB)
@  2025s  (total 10 workers using 14892 MB)
@  2038s  (total 10 workers using 15112 MB)
@  2052s  (total 10 workers using 15142 MB)
@  2065s  (total 10 workers using 15176 MB)
@  2079s  (total 10 workers using 15298 MB)
@  2092s  (total 10 workers using 15347 MB)
@  2106s  (total 10 workers using 15384 MB)
@  2119s  (total 10 workers using 15453 MB)
@  2133s  (total 10 workers using 15502 MB)
@  2146s  (total 10 workers using 15613 MB)
@  2160s  (total 10 workers using 15768 MB)
@  2173s  (total 10 workers using 15828 MB)
@  2187s  (total 10 workers using 15911 MB)
@  2200s  (total 10 workers using 15888 MB)
@  2214s  (total 10 workers using 15922 MB)
@  2227s  (total 10 workers using 15988 MB)
@  2241s  (total 10 workers using 16068 MB)
@  2254s  (total 10 workers using 16094 MB)
@  2268s  (total 10 workers using 16146 MB)
@  2281s  (total 10 workers using 16181 MB)
@  2295s  (total 10 workers using 16215 MB)
@  2308s  (total 10 workers using 16388 MB)
@  2323s  (total 10 workers using 16468 MB)
@  2336s  (total 10 workers using 16593 MB)
@  2350s  (total 10 workers using 16663 MB)
@  2363s  (total 10 workers using 16654 MB)
@  2377s  (total 10 workers using 16696 MB)
@  2390s  (total 10 workers using 16774 MB)
@  2405s  (total 10 workers using 16799 MB)
@  2418s  (total 10 workers using 16880 MB)
@  2432s  (total 10 workers using 16859 MB)
@  2445s  (total 10 workers using 16954 MB)
@  2459s  (total 10 workers using 17027 MB)
@  2472s  (total 10 workers using 17000 MB)
@  2486s  (total 10 workers using 17138 MB)
@  2499s  (total 10 workers using 17254 MB)
@  2513s  (total 10 workers using 17386 MB)
@  2527s  (total 10 workers using 17467 MB)
@  2541s  (total 10 workers using 17553 MB)
@  2554s  (total 10 workers using 17743 MB)
@  2568s  (total 10 workers using 17798 MB)
@  2581s  (total 10 workers using 17902 MB)
@  2594s  (total 10 workers using 17898 MB)
@  2608s  (total 10 workers using 17954 MB)
@  2621s  (total 10 workers using 18039 MB)
@  2635s  (total 10 workers using 18075 MB)
@  2649s  (total 10 workers using 18161 MB)
@  2662s  (total 10 workers using 18243 MB)
@  2676s  (total 10 workers using 18371 MB)
@  2689s  (total 10 workers using 18685 MB)
@  2703s  (total 10 workers using 18782 MB)
@  2716s  (total 10 workers using 18834 MB)
@  2730s  (total 10 workers using 18889 MB)
@  2743s  (total 10 workers using 18969 MB)
@  2757s  (total 10 workers using 19325 MB)
@  2770s  (total 10 workers using 19411 MB)
@  2784s  (total 10 workers using 19438 MB)
@  2797s  (total 10 workers using 19522 MB)
@  2811s  (total 10 workers using 19466 MB)
@  2824s  (total 10 workers using 19523 MB)
@  2838s  (total 10 workers using 19678 MB)
@  2851s  (total 10 workers using 19795 MB)
@  2865s  (total 10 workers using 19934 MB)
@  2878s  (total 10 workers using 20069 MB)
@  2893s  (total 10 workers using 20134 MB)
@  2906s  (total 10 workers using 20242 MB)
@  2920s  (total 10 workers using 20284 MB)
@  2933s  (total 10 workers using 20456 MB)
@  2947s  (total 10 workers using 20477 MB)
@  2960s  (total 10 workers using 20528 MB)
@  2974s  (total 10 workers using 20628 MB)
@  2987s  (total 10 workers using 20737 MB)
@  3001s  (total 10 workers using 20856 MB)
@  3015s  (total 10 workers using 20879 MB)
@  3028s  (total 10 workers using 21063 MB)
@  3041s  (total 10 workers using 21060 MB)
@  3055s  (total 10 workers using 21165 MB)
@  3068s  (total 10 workers using 21071 MB)
@  3082s  (total 10 workers using 21179 MB)
@  3095s  (total 10 workers using 21204 MB)
@  3109s  (total 10 workers using 21250 MB)
@  3122s  (total 10 workers using 20064 MB)
@  3136s  (total 10 workers using 20175 MB)
@  3149s  (total 10 workers using 20228 MB)
@  3163s  (total 10 workers using 20244 MB)
@  3176s  (total 10 workers using 20272 MB)
@  3190s  (total 10 workers using 20315 MB)
@  3204s  (total 10 workers using 20712 MB)
@  3218s  (total 10 workers using 20661 MB)
@  3230s  (total 10 workers using 20702 MB)
@  3245s  (total 10 workers using 20720 MB)
@  3258s  (total 10 workers using 20758 MB)
@  3272s  (total 10 workers using 20839 MB)
@  3285s  (total 10 workers using 20904 MB)
@  3299s  (total 10 workers using 21011 MB)
@  3313s  (total 10 workers using 20892 MB)
@  3327s  (total 10 workers using 20944 MB)
@  3340s  (total 10 workers using 20971 MB)
@  3354s  (total 10 workers using 21007 MB)
@  3367s  (total 10 workers using 21058 MB)
@  3381s  (total 10 workers using 21089 MB)
@  3394s  (total 10 workers using 21065 MB)
@  3408s  (total 10 workers using 21028 MB)
@  3421s  (total 10 workers using 21101 MB)
@  3436s  (total 10 workers using 21199 MB)
@  3449s  (total 10 workers using 21241 MB)
@  3463s  (total 10 workers using 21149 MB)
@  3476s  (total 10 workers using 21181 MB)
@  3490s  (total 10 workers using 21133 MB)
@  3504s  (total 10 workers using 21097 MB)
@  3518s  (total 10 workers using 21175 MB)
@  3531s  (total 10 workers using 21199 MB)
@  3545s  (total 10 workers using 21337 MB)
@  3558s  (total 10 workers using 21404 MB)
@  3572s  (total 10 workers using 21431 MB)
@  3577s  (stopping all workers)
@  3577s  (worker 0 finished with result unknown) python3 avr.py -a sa
@  3578s  (worker 2 finished with result unknown) python3 avr.py
@  3578s  (worker 4 finished with result unknown) python3 avr.py -b bin_y2 --bmc
@  3578s  (worker 6 finished with result unknown) python3 avr.py -a sa --interpol 1 -f 1
@  3578s  (worker 9 finished with result unknown) python3 avr.py -b bin_y2 -s -a sa4 --interpol 1 -f 1
@  3578s  (worker 1 finished with result unknown) python3 avr.py -b bin_bt_cadical -s --bmc
@  3578s  (worker 5 finished with result unknown) python3 avr.py -b bin_bt_cadical -g 3 -l 0 -a sa32
@  3578s  (worker 10 finished with result unknown) python3 avr.py --bmc
@  3578s  (worker 3 finished with result unknown) python3 avr.py -b bin_y2 -s
@  3578s  (worker 7 finished with result unknown) python3 avr.py -s -l 0
@  3578s  (copied results from worker 0 in /scratch/network/hongcez/hwmcc/avr-log/btor2/bv/wolf/2019C/pr_dspfilters_fastfir_second-p17)
@  3578s  [0;30;47m(proof race finished with answer unknown in 3578.00 seconds)[m
