AVR -- Proof Race 
copyright (c) 2019  Aman Goel and Karem Sakallah, University of Michigan
@     0s  (starting avr proof race)
@     0s  (output dir: /scratch/network/hongcez/hwmcc/avr-log/btor2/bv/wolf/2019C/pr_dspfilters_fastfir_second-p28)
@     0s  (max 11 workers)
@     0s  (started worker 0 with pid 222135)
@     0s  (started worker 1 with pid 222136)
@     0s  (started worker 2 with pid 222137)
@     0s  (started worker 3 with pid 222138)
@     0s  (started worker 4 with pid 222139)
@     0s  (spawned 5 workers)
@     0s  (total 5 workers using 0 MB)
@     1s  (started worker 5 with pid 222252)
@     1s  (spawned 1 workers)
@     1s  (total 6 workers using 461 MB)
@     2s  (started worker 6 with pid 222291)
@     2s  (spawned 1 workers)
@     2s  (total 7 workers using 597 MB)
@     3s  (started worker 7 with pid 222335)
@     3s  (spawned 1 workers)
@     3s  (total 8 workers using 766 MB)
@     5s  (started worker 8 with pid 222399)
@     5s  (spawned 1 workers)
@     5s  (total 9 workers using 955 MB)
@     9s  (started worker 9 with pid 222462)
@     9s  (spawned 1 workers)
@     9s  (total 10 workers using 1249 MB)
@    12s  (started worker 10 with pid 222521)
@    12s  (spawned 1 workers)
@    12s  (total 11 workers using 1350 MB)
@    24s  (total 11 workers using 1835 MB)
@    40s  (total 11 workers using 2087 MB)
@    56s  (total 11 workers using 2451 MB)
@    70s  (total 11 workers using 2521 MB)
@    84s  (total 11 workers using 2665 MB)
@    99s  (total 11 workers using 2789 MB)
@   112s  (total 11 workers using 2801 MB)
@   126s  (total 11 workers using 2851 MB)
@   139s  (total 11 workers using 2966 MB)
@   153s  (total 11 workers using 2943 MB)
@   167s  (total 11 workers using 3095 MB)
@   181s  (total 11 workers using 3192 MB)
@   194s  (total 11 workers using 3220 MB)
@   208s  (total 11 workers using 3260 MB)
@   221s  (total 11 workers using 3525 MB)
@   236s  (total 11 workers using 3606 MB)
@   249s  (total 11 workers using 3741 MB)
@   262s  (total 11 workers using 3916 MB)
@   276s  (total 11 workers using 4261 MB)
@   290s  (total 11 workers using 4346 MB)
@   303s  (total 11 workers using 4429 MB)
@   317s  (total 11 workers using 4526 MB)
@   330s  (total 11 workers using 4560 MB)
@   344s  (total 11 workers using 4664 MB)
@   358s  (total 11 workers using 4848 MB)
@   372s  (total 11 workers using 5012 MB)
@   385s  (total 11 workers using 5126 MB)
@   399s  (total 11 workers using 5268 MB)
@   412s  (total 11 workers using 5414 MB)
@   426s  (total 11 workers using 5447 MB)
@   439s  (total 11 workers using 5491 MB)
@   453s  (total 11 workers using 5628 MB)
@   466s  (total 11 workers using 5688 MB)
@   480s  (total 11 workers using 5713 MB)
@   493s  (total 11 workers using 5771 MB)
@   507s  (total 11 workers using 5863 MB)
@   520s  (total 11 workers using 5968 MB)
@   534s  (total 11 workers using 6009 MB)
@   547s  (total 11 workers using 6192 MB)
@   561s  (total 11 workers using 6315 MB)
@   574s  (total 11 workers using 6339 MB)
@   588s  (total 11 workers using 6324 MB)
@   601s  (total 11 workers using 6419 MB)
@   615s  (total 11 workers using 6430 MB)
@   628s  (total 11 workers using 6493 MB)
@   642s  (total 11 workers using 6552 MB)
@   655s  (total 11 workers using 6629 MB)
@   669s  (total 11 workers using 6708 MB)
@   682s  (total 11 workers using 6779 MB)
@   696s  (total 11 workers using 7039 MB)
@   709s  (total 11 workers using 7154 MB)
@   723s  (total 11 workers using 7180 MB)
@   736s  (total 11 workers using 7220 MB)
@   750s  (total 11 workers using 7263 MB)
@   763s  (total 11 workers using 7354 MB)
@   777s  (total 11 workers using 7372 MB)
@   790s  (total 11 workers using 7429 MB)
@   804s  (total 11 workers using 7506 MB)
@   816s  (total 11 workers using 7516 MB)
@   831s  (total 11 workers using 7469 MB)
@   844s  (total 11 workers using 7566 MB)
@   858s  (total 11 workers using 7662 MB)
@   871s  (total 11 workers using 7749 MB)
@   885s  (total 11 workers using 7741 MB)
@   898s  (total 11 workers using 7878 MB)
@   912s  (total 11 workers using 7897 MB)
@   926s  (total 11 workers using 7925 MB)
@   939s  (total 11 workers using 7950 MB)
@   953s  (total 11 workers using 7999 MB)
@   967s  (total 11 workers using 8075 MB)
@   980s  (total 11 workers using 8176 MB)
@   994s  (total 11 workers using 8271 MB)
@  1007s  (total 11 workers using 8420 MB)
@  1021s  (total 11 workers using 8527 MB)
@  1034s  (total 11 workers using 8637 MB)
@  1048s  (total 11 workers using 8997 MB)
@  1061s  (total 11 workers using 9043 MB)
@  1075s  (total 11 workers using 9159 MB)
@  1088s  (total 11 workers using 9201 MB)
@  1102s  (total 11 workers using 9387 MB)
@  1115s  (total 11 workers using 9450 MB)
@  1129s  (total 11 workers using 9356 MB)
@  1142s  (total 11 workers using 9531 MB)
@  1156s  (total 11 workers using 9683 MB)
@  1169s  (total 11 workers using 9652 MB)
@  1183s  (total 11 workers using 9753 MB)
@  1197s  (total 11 workers using 9821 MB)
@  1211s  (total 11 workers using 9887 MB)
@  1224s  (total 11 workers using 9941 MB)
@  1238s  (total 11 workers using 9905 MB)
@  1251s  (total 11 workers using 9963 MB)
@  1265s  (total 11 workers using 10062 MB)
@  1278s  (total 11 workers using 10155 MB)
@  1292s  (total 11 workers using 10203 MB)
@  1305s  (total 11 workers using 10238 MB)
@  1319s  (total 11 workers using 10286 MB)
@  1332s  (total 11 workers using 10259 MB)
@  1346s  (total 11 workers using 10394 MB)
@  1359s  (total 11 workers using 10435 MB)
@  1373s  (total 11 workers using 10629 MB)
@  1386s  (total 11 workers using 10522 MB)
@  1400s  (total 11 workers using 10630 MB)
@  1413s  (total 11 workers using 10579 MB)
@  1427s  (total 11 workers using 10663 MB)
@  1440s  (total 11 workers using 10811 MB)
@  1454s  (total 11 workers using 10980 MB)
@  1467s  (total 11 workers using 10983 MB)
@  1481s  (total 11 workers using 11021 MB)
@  1494s  (total 11 workers using 11034 MB)
@  1508s  (total 11 workers using 11304 MB)
@  1521s  (total 11 workers using 11337 MB)
@  1535s  (total 11 workers using 11355 MB)
@  1548s  (total 11 workers using 11370 MB)
@  1562s  (total 11 workers using 11486 MB)
@  1575s  (total 11 workers using 11492 MB)
@  1589s  (total 11 workers using 11584 MB)
@  1601s  (total 11 workers using 11598 MB)
@  1616s  (total 11 workers using 11729 MB)
@  1629s  (total 11 workers using 11798 MB)
@  1643s  (total 11 workers using 11837 MB)
@  1656s  (total 11 workers using 11848 MB)
@  1670s  (total 11 workers using 11957 MB)
@  1683s  (total 11 workers using 11975 MB)
@  1697s  (total 11 workers using 12116 MB)
@  1710s  (total 11 workers using 12183 MB)
@  1724s  (total 11 workers using 12210 MB)
@  1737s  (total 11 workers using 12338 MB)
@  1750s  (total 11 workers using 12381 MB)
@  1763s  (total 11 workers using 12435 MB)
@  1777s  (total 11 workers using 12504 MB)
@  1790s  (total 11 workers using 12559 MB)
@  1804s  (total 11 workers using 12562 MB)
@  1817s  (total 11 workers using 12596 MB)
@  1831s  (total 11 workers using 12643 MB)
@  1844s  (total 11 workers using 12791 MB)
@  1859s  (total 11 workers using 12839 MB)
@  1872s  (total 11 workers using 12887 MB)
@  1886s  (total 11 workers using 12951 MB)
@  1899s  (total 11 workers using 13083 MB)
@  1913s  (total 11 workers using 13168 MB)
@  1926s  (total 11 workers using 13213 MB)
@  1940s  (total 11 workers using 13195 MB)
@  1951s  (worker 6 finished with result unknown) python3 avr.py -a sa --interpol 1 -f 1
@  1953s  (total 10 workers using 11783 MB)
@  1967s  (total 10 workers using 11849 MB)
@  1980s  (total 10 workers using 11924 MB)
@  1994s  (total 10 workers using 12219 MB)
@  2007s  (total 10 workers using 12191 MB)
@  2020s  (total 10 workers using 12215 MB)
@  2033s  (total 10 workers using 12376 MB)
@  2047s  (total 10 workers using 12668 MB)
@  2059s  (total 10 workers using 12669 MB)
@  2073s  (total 10 workers using 12807 MB)
@  2085s  (total 10 workers using 12680 MB)
@  2099s  (total 10 workers using 12860 MB)
@  2112s  (total 10 workers using 12935 MB)
@  2125s  (total 10 workers using 13087 MB)
@  2138s  (total 10 workers using 13171 MB)
@  2152s  (total 10 workers using 13208 MB)
@  2164s  (total 10 workers using 13365 MB)
@  2178s  (total 10 workers using 13451 MB)
@  2190s  (total 10 workers using 13484 MB)
@  2204s  (total 10 workers using 13569 MB)
@  2217s  (total 10 workers using 13497 MB)
@  2231s  (total 10 workers using 13526 MB)
@  2243s  (total 10 workers using 13569 MB)
@  2257s  (total 10 workers using 13737 MB)
@  2270s  (total 10 workers using 13748 MB)
@  2284s  (total 10 workers using 13773 MB)
@  2296s  (total 10 workers using 13864 MB)
@  2310s  (total 10 workers using 14061 MB)
@  2322s  (total 10 workers using 14090 MB)
@  2336s  (total 10 workers using 14165 MB)
@  2349s  (total 10 workers using 14196 MB)
@  2362s  (total 10 workers using 14280 MB)
@  2375s  (total 10 workers using 14430 MB)
@  2388s  (total 10 workers using 14380 MB)
@  2401s  (total 10 workers using 14654 MB)
@  2415s  (total 10 workers using 14710 MB)
@  2428s  (total 10 workers using 14836 MB)
@  2441s  (total 10 workers using 14987 MB)
@  2454s  (total 10 workers using 15144 MB)
@  2467s  (total 10 workers using 15260 MB)
@  2480s  (total 10 workers using 15221 MB)
@  2494s  (total 10 workers using 15326 MB)
@  2506s  (total 10 workers using 15328 MB)
@  2520s  (total 10 workers using 15557 MB)
@  2532s  (total 10 workers using 15610 MB)
@  2546s  (total 10 workers using 15724 MB)
@  2559s  (total 10 workers using 15727 MB)
@  2572s  (total 10 workers using 15738 MB)
@  2585s  (total 10 workers using 15828 MB)
@  2599s  (total 10 workers using 15889 MB)
@  2611s  (total 10 workers using 15928 MB)
@  2625s  (total 10 workers using 15967 MB)
@  2637s  (total 10 workers using 15982 MB)
@  2651s  (total 10 workers using 15981 MB)
@  2664s  (total 10 workers using 15971 MB)
@  2677s  (total 10 workers using 16233 MB)
@  2690s  (total 10 workers using 16255 MB)
@  2704s  (total 10 workers using 16304 MB)
@  2716s  (total 10 workers using 16356 MB)
@  2730s  (total 10 workers using 16340 MB)
@  2743s  (total 10 workers using 16340 MB)
@  2756s  (total 10 workers using 16421 MB)
@  2769s  (total 10 workers using 16670 MB)
@  2783s  (total 10 workers using 16675 MB)
@  2795s  (total 10 workers using 16726 MB)
@  2808s  (total 10 workers using 16775 MB)
@  2821s  (total 10 workers using 16776 MB)
@  2835s  (total 10 workers using 16791 MB)
@  2847s  (total 10 workers using 16872 MB)
@  2861s  (total 10 workers using 16887 MB)
@  2874s  (total 10 workers using 16945 MB)
@  2888s  (total 10 workers using 17014 MB)
@  2900s  (total 10 workers using 17054 MB)
@  2914s  (total 10 workers using 17126 MB)
@  2927s  (total 10 workers using 17129 MB)
@  2940s  (total 10 workers using 17311 MB)
@  2954s  (total 10 workers using 17232 MB)
@  2967s  (total 10 workers using 17234 MB)
@  2980s  (total 10 workers using 17371 MB)
@  2993s  (total 10 workers using 17405 MB)
@  3006s  (total 10 workers using 17532 MB)
@  3020s  (total 10 workers using 17710 MB)
@  3032s  (total 10 workers using 17777 MB)
@  3046s  (total 10 workers using 17898 MB)
@  3059s  (total 10 workers using 17951 MB)
@  3072s  (total 10 workers using 18005 MB)
@  3085s  (total 10 workers using 18029 MB)
@  3098s  (total 10 workers using 18193 MB)
@  3111s  (total 10 workers using 18300 MB)
@  3124s  (total 10 workers using 18331 MB)
@  3137s  (total 10 workers using 18303 MB)
@  3151s  (total 10 workers using 18367 MB)
@  3164s  (total 10 workers using 18411 MB)
@  3177s  (total 10 workers using 18345 MB)
@  3190s  (total 10 workers using 18405 MB)
@  3203s  (total 10 workers using 18493 MB)
@  3216s  (total 10 workers using 18627 MB)
@  3230s  (total 10 workers using 18731 MB)
@  3242s  (total 10 workers using 18735 MB)
@  3256s  (total 10 workers using 18788 MB)
@  3269s  (total 10 workers using 18823 MB)
@  3282s  (total 10 workers using 18789 MB)
@  3295s  (total 10 workers using 18885 MB)
@  3309s  (total 10 workers using 18825 MB)
@  3321s  (total 10 workers using 18853 MB)
@  3335s  (total 10 workers using 18880 MB)
@  3347s  (total 10 workers using 19037 MB)
@  3361s  (total 10 workers using 19062 MB)
@  3374s  (total 10 workers using 19199 MB)
@  3387s  (total 10 workers using 19333 MB)
@  3400s  (total 10 workers using 19321 MB)
@  3414s  (total 10 workers using 19427 MB)
@  3426s  (total 10 workers using 19421 MB)
@  3440s  (total 10 workers using 19402 MB)
@  3453s  (total 10 workers using 19530 MB)
@  3466s  (total 10 workers using 19692 MB)
@  3479s  (total 10 workers using 19816 MB)
@  3492s  (total 10 workers using 19859 MB)
@  3505s  (total 10 workers using 19838 MB)
@  3519s  (total 10 workers using 19980 MB)
@  3531s  (total 10 workers using 19998 MB)
@  3545s  (total 10 workers using 20046 MB)
@  3557s  (total 10 workers using 20008 MB)
@  3571s  (total 10 workers using 20076 MB)
@  3576s  (stopping all workers)
@  3576s  (worker 0 finished with result unknown) python3 avr.py -a sa
@  3576s  (worker 2 finished with result unknown) python3 avr.py
@  3576s  (worker 4 finished with result unknown) python3 avr.py -b bin_y2 --bmc
@  3576s  (worker 7 finished with result unknown) python3 avr.py -s -l 0
@  3576s  (worker 9 finished with result unknown) python3 avr.py -b bin_y2 -s -a sa4 --interpol 1 -f 1
@  3576s  (worker 1 finished with result unknown) python3 avr.py -b bin_bt_cadical -s --bmc
@  3576s  (worker 5 finished with result unknown) python3 avr.py -b bin_bt_cadical -g 3 -l 0 -a sa32
@  3576s  (worker 10 finished with result unknown) python3 avr.py --bmc
@  3576s  (worker 3 finished with result unknown) python3 avr.py -b bin_y2 -s
@  3576s  (worker 8 finished with result unknown) python3 avr.py -l 5 -g 3 -a sa8 --interpol 1 -f 1
@  3576s  (copied results from worker 0 in /scratch/network/hongcez/hwmcc/avr-log/btor2/bv/wolf/2019C/pr_dspfilters_fastfir_second-p28)
@  3576s  [0;30;47m(proof race finished with answer unknown in 3576.30 seconds)[m
