AVR -- Proof Race 
copyright (c) 2019  Aman Goel and Karem Sakallah, University of Michigan
@     0s  (starting avr proof race)
@     0s  (output dir: /scratch/network/hongcez/hwmcc/avr-log/btor2/bv/wolf/2019C/pr_dspfilters_fastfir_second-p16)
@     0s  (max 11 workers)
@     0s  (started worker 0 with pid 88569)
@     0s  (started worker 1 with pid 88570)
@     0s  (started worker 2 with pid 88571)
@     0s  (started worker 3 with pid 88572)
@     0s  (started worker 4 with pid 88573)
@     0s  (spawned 5 workers)
@     0s  (total 5 workers using 0 MB)
@     1s  (started worker 5 with pid 88697)
@     1s  (spawned 1 workers)
@     1s  (total 6 workers using 503 MB)
@     2s  (started worker 6 with pid 88768)
@     2s  (spawned 1 workers)
@     2s  (total 7 workers using 748 MB)
@     3s  (started worker 7 with pid 88815)
@     3s  (spawned 1 workers)
@     3s  (total 8 workers using 927 MB)
@     6s  (started worker 8 with pid 88872)
@     6s  (spawned 1 workers)
@     6s  (total 9 workers using 1238 MB)
@    10s  (started worker 9 with pid 88953)
@    10s  (spawned 1 workers)
@    10s  (total 10 workers using 1608 MB)
@    13s  (started worker 10 with pid 89039)
@    13s  (spawned 1 workers)
@    13s  (total 11 workers using 1776 MB)
@    26s  (total 11 workers using 2327 MB)
@    43s  (total 11 workers using 3089 MB)
@    59s  (total 11 workers using 3624 MB)
@    74s  (total 11 workers using 3973 MB)
@    88s  (total 11 workers using 4441 MB)
@   104s  (total 11 workers using 4749 MB)
@   118s  (total 11 workers using 4997 MB)
@   132s  (total 11 workers using 5220 MB)
@   146s  (total 11 workers using 5608 MB)
@   161s  (total 11 workers using 5753 MB)
@   174s  (total 11 workers using 5996 MB)
@   189s  (total 11 workers using 6394 MB)
@   202s  (total 11 workers using 6605 MB)
@   217s  (total 11 workers using 7027 MB)
@   230s  (total 11 workers using 7008 MB)
@   244s  (total 11 workers using 7381 MB)
@   258s  (total 11 workers using 7666 MB)
@   272s  (total 11 workers using 7687 MB)
@   286s  (total 11 workers using 7852 MB)
@   300s  (total 11 workers using 8083 MB)
@   314s  (total 11 workers using 8489 MB)
@   328s  (total 11 workers using 8723 MB)
@   341s  (total 11 workers using 9114 MB)
@   356s  (total 11 workers using 9425 MB)
@   370s  (total 11 workers using 9628 MB)
@   384s  (total 11 workers using 9820 MB)
@   397s  (total 11 workers using 10182 MB)
@   412s  (total 11 workers using 10320 MB)
@   426s  (total 11 workers using 10481 MB)
@   440s  (total 11 workers using 10735 MB)
@   454s  (total 11 workers using 10913 MB)
@   468s  (total 11 workers using 11050 MB)
@   482s  (total 11 workers using 11280 MB)
@   496s  (total 11 workers using 11369 MB)
@   510s  (total 11 workers using 11481 MB)
@   524s  (total 11 workers using 11875 MB)
@   538s  (total 11 workers using 11939 MB)
@   552s  (total 11 workers using 12181 MB)
@   566s  (total 11 workers using 12477 MB)
@   580s  (total 11 workers using 12780 MB)
@   594s  (total 11 workers using 12995 MB)
@   608s  (total 11 workers using 13114 MB)
@   622s  (total 11 workers using 13347 MB)
@   637s  (total 11 workers using 13463 MB)
@   650s  (total 11 workers using 13553 MB)
@   665s  (total 11 workers using 13884 MB)
@   678s  (total 11 workers using 14033 MB)
@   693s  (total 11 workers using 14338 MB)
@   706s  (total 11 workers using 14663 MB)
@   721s  (total 11 workers using 14841 MB)
@   734s  (total 11 workers using 14824 MB)
@   748s  (total 11 workers using 15010 MB)
@   762s  (total 11 workers using 15248 MB)
@   776s  (total 11 workers using 15286 MB)
@   790s  (total 11 workers using 15360 MB)
@   804s  (total 11 workers using 15430 MB)
@   818s  (total 11 workers using 15645 MB)
@   833s  (total 11 workers using 16025 MB)
@   846s  (total 11 workers using 16267 MB)
@   861s  (total 11 workers using 16437 MB)
@   874s  (total 11 workers using 16553 MB)
@   889s  (total 11 workers using 16720 MB)
@   902s  (total 11 workers using 17000 MB)
@   917s  (total 11 workers using 17073 MB)
@   931s  (total 11 workers using 17104 MB)
@   945s  (total 11 workers using 17749 MB)
@   959s  (total 11 workers using 17846 MB)
@   973s  (total 11 workers using 17781 MB)
@   986s  (total 11 workers using 18027 MB)
@  1001s  (total 11 workers using 18319 MB)
@  1014s  (total 11 workers using 18448 MB)
@  1029s  (total 11 workers using 18469 MB)
@  1042s  (total 11 workers using 18923 MB)
@  1057s  (total 11 workers using 18996 MB)
@  1070s  (total 11 workers using 18923 MB)
@  1085s  (total 11 workers using 19302 MB)
@  1098s  (total 11 workers using 19598 MB)
@  1113s  (total 11 workers using 19633 MB)
@  1126s  (total 11 workers using 19828 MB)
@  1141s  (total 11 workers using 20025 MB)
@  1154s  (total 11 workers using 20101 MB)
@  1169s  (total 11 workers using 20277 MB)
@  1182s  (total 11 workers using 21172 MB)
@  1196s  (total 11 workers using 21075 MB)
@  1210s  (total 11 workers using 21231 MB)
@  1224s  (total 11 workers using 21361 MB)
@  1238s  (total 11 workers using 21493 MB)
@  1252s  (total 11 workers using 21523 MB)
@  1265s  (total 11 workers using 21817 MB)
@  1280s  (total 11 workers using 22081 MB)
@  1293s  (total 11 workers using 22048 MB)
@  1308s  (total 11 workers using 21942 MB)
@  1321s  (total 11 workers using 21820 MB)
@  1336s  (total 11 workers using 22258 MB)
@  1349s  (total 11 workers using 22313 MB)
@  1364s  (total 11 workers using 22543 MB)
@  1378s  (total 11 workers using 22682 MB)
@  1392s  (total 11 workers using 22965 MB)
@  1406s  (total 11 workers using 23240 MB)
@  1421s  (total 11 workers using 23530 MB)
@  1434s  (total 11 workers using 23400 MB)
@  1448s  (total 11 workers using 23523 MB)
@  1462s  (total 11 workers using 23880 MB)
@  1476s  (total 11 workers using 23874 MB)
@  1490s  (total 11 workers using 24153 MB)
@  1504s  (total 11 workers using 24123 MB)
@  1518s  (total 11 workers using 24280 MB)
@  1532s  (total 11 workers using 24653 MB)
@  1546s  (total 11 workers using 25007 MB)
@  1560s  (total 11 workers using 25168 MB)
@  1574s  (total 11 workers using 25233 MB)
@  1588s  (total 11 workers using 25221 MB)
@  1602s  (total 11 workers using 25526 MB)
@  1616s  (total 11 workers using 25262 MB)
@  1630s  (total 11 workers using 25783 MB)
@  1644s  (total 11 workers using 25495 MB)
@  1658s  (total 11 workers using 25567 MB)
@  1672s  (total 11 workers using 25702 MB)
@  1686s  (total 11 workers using 25870 MB)
@  1700s  (total 11 workers using 25884 MB)
@  1714s  (total 11 workers using 25932 MB)
@  1728s  (total 11 workers using 26385 MB)
@  1742s  (total 11 workers using 26197 MB)
@  1756s  (total 11 workers using 26231 MB)
@  1770s  (total 11 workers using 26421 MB)
@  1785s  (total 11 workers using 26672 MB)
@  1798s  (total 11 workers using 26977 MB)
@  1812s  (total 11 workers using 27180 MB)
@  1826s  (total 11 workers using 27156 MB)
@  1840s  (total 11 workers using 27203 MB)
@  1853s  (total 11 workers using 27425 MB)
@  1868s  (total 11 workers using 27839 MB)
@  1881s  (total 11 workers using 27900 MB)
@  1896s  (total 11 workers using 28029 MB)
@  1909s  (total 11 workers using 28403 MB)
@  1923s  (total 11 workers using 28692 MB)
@  1936s  (total 11 workers using 28154 MB)
@  1951s  (total 11 workers using 28535 MB)
@  1964s  (total 11 workers using 28588 MB)
@  1979s  (total 11 workers using 29162 MB)
@  1992s  (total 11 workers using 29534 MB)
@  2007s  (total 11 workers using 29446 MB)
@  2020s  (total 11 workers using 29430 MB)
@  2034s  (total 11 workers using 29337 MB)
@  2048s  (total 11 workers using 29602 MB)
@  2063s  (total 11 workers using 29647 MB)
@  2076s  (total 11 workers using 29779 MB)
@  2091s  (total 11 workers using 29869 MB)
@  2104s  (total 11 workers using 30287 MB)
@  2118s  (total 11 workers using 30155 MB)
@  2132s  (total 11 workers using 30408 MB)
@  2146s  (total 11 workers using 30378 MB)
@  2160s  (total 11 workers using 30356 MB)
@  2174s  (total 11 workers using 30508 MB)
@  2188s  (total 11 workers using 31014 MB)
@  2202s  (total 11 workers using 31404 MB)
@  2216s  (total 11 workers using 30622 MB)
@  2231s  (total 11 workers using 30894 MB)
@  2244s  (total 11 workers using 31270 MB)
@  2258s  (total 11 workers using 31592 MB)
@  2272s  (total 11 workers using 31594 MB)
@  2286s  (total 11 workers using 31610 MB)
@  2299s  (total 11 workers using 32022 MB)
@  2314s  (total 11 workers using 31829 MB)
@  2327s  (total 11 workers using 31859 MB)
@  2341s  (total 11 workers using 32348 MB)
@  2354s  (total 11 workers using 32197 MB)
@  2369s  (total 11 workers using 32362 MB)
@  2383s  (total 11 workers using 32923 MB)
@  2397s  (total 11 workers using 32807 MB)
@  2411s  (total 11 workers using 32748 MB)
@  2425s  (total 11 workers using 33053 MB)
@  2439s  (total 11 workers using 32726 MB)
@  2453s  (total 11 workers using 33057 MB)
@  2466s  (total 11 workers using 33010 MB)
@  2481s  (total 11 workers using 33395 MB)
@  2494s  (total 11 workers using 33054 MB)
@  2509s  (total 11 workers using 32892 MB)
@  2521s  (total 11 workers using 33560 MB)
@  2535s  (total 11 workers using 32764 MB)
@  2548s  (total 11 workers using 33197 MB)
@  2562s  (total 11 workers using 33086 MB)
@  2575s  (total 11 workers using 33025 MB)
@  2590s  (total 11 workers using 33174 MB)
@  2603s  (total 11 workers using 33625 MB)
@  2616s  (total 11 workers using 33503 MB)
@  2629s  (total 11 workers using 33287 MB)
@  2643s  (total 11 workers using 33592 MB)
@  2655s  (total 11 workers using 33545 MB)
@  2668s  (total 11 workers using 33189 MB)
@  2681s  (total 11 workers using 33267 MB)
@  2694s  (total 11 workers using 33454 MB)
@  2707s  (total 11 workers using 33128 MB)
@  2722s  (total 11 workers using 33232 MB)
@  2735s  (total 11 workers using 33628 MB)
@  2749s  (total 11 workers using 33319 MB)
@  2762s  (total 11 workers using 33629 MB)
@  2776s  (total 11 workers using 33510 MB)
@  2789s  (total 11 workers using 33027 MB)
@  2803s  (total 11 workers using 33405 MB)
@  2816s  (total 11 workers using 33676 MB)
@  2830s  (total 11 workers using 33370 MB)
@  2842s  (total 11 workers using 25481 MB)
@  2849s  (worker 3 finished with result unknown) python3 avr.py -b bin_y2 -s
@  2858s  (total 10 workers using 25672 MB)
@  2870s  (total 10 workers using 25611 MB)
@  2883s  (total 10 workers using 26064 MB)
@  2896s  (total 10 workers using 25670 MB)
@  2910s  (total 10 workers using 25902 MB)
@  2923s  (total 10 workers using 25862 MB)
@  2936s  (total 10 workers using 26095 MB)
@  2949s  (total 10 workers using 26211 MB)
@  2962s  (total 10 workers using 25978 MB)
@  2975s  (total 10 workers using 26564 MB)
@  2989s  (total 10 workers using 26303 MB)
@  3001s  (total 10 workers using 26332 MB)
@  3015s  (total 10 workers using 26517 MB)
@  3027s  (total 10 workers using 26402 MB)
@  3042s  (total 10 workers using 26594 MB)
@  3055s  (total 10 workers using 26654 MB)
@  3069s  (total 10 workers using 26933 MB)
@  3082s  (total 10 workers using 26666 MB)
@  3096s  (total 10 workers using 26632 MB)
@  3108s  (total 10 workers using 27609 MB)
@  3122s  (total 10 workers using 27589 MB)
@  3135s  (total 10 workers using 27212 MB)
@  3149s  (total 10 workers using 27661 MB)
@  3162s  (total 10 workers using 27419 MB)
@  3176s  (total 10 workers using 27619 MB)
@  3188s  (total 10 workers using 27829 MB)
@  3202s  (total 10 workers using 27703 MB)
@  3215s  (total 10 workers using 27695 MB)
@  3229s  (total 10 workers using 27879 MB)
@  3242s  (total 10 workers using 28208 MB)
@  3256s  (total 10 workers using 28022 MB)
@  3269s  (total 10 workers using 28220 MB)
@  3283s  (total 10 workers using 28504 MB)
@  3296s  (total 10 workers using 28164 MB)
@  3310s  (total 10 workers using 28425 MB)
@  3325s  (total 10 workers using 28618 MB)
@  3340s  (total 10 workers using 28176 MB)
@  3354s  (total 10 workers using 28623 MB)
@  3371s  (total 10 workers using 28703 MB)
@  3385s  (total 10 workers using 29193 MB)
@  3401s  (total 10 workers using 29120 MB)
@  3414s  (total 10 workers using 28979 MB)
@  3432s  (total 10 workers using 29261 MB)
@  3445s  (total 10 workers using 29477 MB)
@  3459s  (total 10 workers using 29330 MB)
@  3472s  (total 10 workers using 29414 MB)
@  3486s  (total 10 workers using 29699 MB)
@  3499s  (total 10 workers using 29697 MB)
@  3513s  (total 10 workers using 30360 MB)
@  3526s  (total 10 workers using 29941 MB)
@  3540s  (total 10 workers using 29932 MB)
@  3553s  (total 10 workers using 30518 MB)
@  3567s  (total 10 workers using 30074 MB)
@  3572s  (stopping all workers)
@  3572s  (worker 0 finished with result unknown) python3 avr.py -a sa
@  3572s  (worker 2 finished with result unknown) python3 avr.py
@  3573s  (worker 5 finished with result unknown) python3 avr.py -b bin_bt_cadical -g 3 -l 0 -a sa32
@  3573s  (worker 7 finished with result unknown) python3 avr.py -s -l 0
@  3573s  (worker 9 finished with result unknown) python3 avr.py -b bin_y2 -s -a sa4 --interpol 1 -f 1
@  3573s  (worker 1 finished with result unknown) python3 avr.py -b bin_bt_cadical -s --bmc
@  3573s  (worker 6 finished with result unknown) python3 avr.py -a sa --interpol 1 -f 1
@  3573s  (worker 10 finished with result unknown) python3 avr.py --bmc
@  3573s  (worker 4 finished with result unknown) python3 avr.py -b bin_y2 --bmc
@  3573s  (worker 8 finished with result unknown) python3 avr.py -l 5 -g 3 -a sa8 --interpol 1 -f 1
@  3573s  (copied results from worker 0 in /scratch/network/hongcez/hwmcc/avr-log/btor2/bv/wolf/2019C/pr_dspfilters_fastfir_second-p16)
@  3573s  [0;30;47m(proof race finished with answer unknown in 3573.17 seconds)[m
