AVR -- Proof Race 
copyright (c) 2019  Aman Goel and Karem Sakallah, University of Michigan
@     0s  (starting avr proof race)
@     0s  (output dir: /scratch/network/hongcez/hwmcc/avr-log/btor2/bv/wolf/2019C/pr_dspfilters_fastfir_second-p29)
@     0s  (max 11 workers)
@     0s  (started worker 0 with pid 87878)
@     0s  (started worker 1 with pid 87879)
@     0s  (started worker 2 with pid 87880)
@     0s  (started worker 3 with pid 87881)
@     0s  (started worker 4 with pid 87882)
@     0s  (spawned 5 workers)
@     0s  (total 5 workers using 0 MB)
@     1s  (started worker 5 with pid 88006)
@     1s  (spawned 1 workers)
@     1s  (total 6 workers using 476 MB)
@     2s  (started worker 6 with pid 88058)
@     2s  (spawned 1 workers)
@     2s  (total 7 workers using 730 MB)
@     3s  (started worker 7 with pid 88101)
@     3s  (spawned 1 workers)
@     3s  (total 8 workers using 945 MB)
@     6s  (started worker 8 with pid 88170)
@     6s  (spawned 1 workers)
@     6s  (total 9 workers using 1143 MB)
@    10s  (started worker 9 with pid 88244)
@    10s  (spawned 1 workers)
@    10s  (total 10 workers using 1449 MB)
@    13s  (started worker 10 with pid 88338)
@    13s  (spawned 1 workers)
@    13s  (total 11 workers using 1668 MB)
@    25s  (total 11 workers using 2235 MB)
@    42s  (total 11 workers using 2870 MB)
@    59s  (total 11 workers using 3402 MB)
@    74s  (total 11 workers using 3642 MB)
@    88s  (total 11 workers using 3948 MB)
@   104s  (total 11 workers using 4148 MB)
@   117s  (total 11 workers using 4308 MB)
@   132s  (total 11 workers using 4468 MB)
@   146s  (total 11 workers using 4628 MB)
@   160s  (total 11 workers using 4744 MB)
@   174s  (total 11 workers using 4973 MB)
@   188s  (total 11 workers using 5125 MB)
@   202s  (total 11 workers using 5350 MB)
@   216s  (total 11 workers using 5426 MB)
@   230s  (total 11 workers using 5511 MB)
@   245s  (total 11 workers using 5563 MB)
@   258s  (total 11 workers using 5808 MB)
@   273s  (total 11 workers using 5888 MB)
@   286s  (total 11 workers using 6132 MB)
@   301s  (total 11 workers using 6164 MB)
@   314s  (total 11 workers using 6185 MB)
@   329s  (total 11 workers using 6239 MB)
@   343s  (total 11 workers using 6366 MB)
@   357s  (total 11 workers using 6558 MB)
@   371s  (total 11 workers using 6664 MB)
@   386s  (total 11 workers using 6955 MB)
@   399s  (total 11 workers using 7006 MB)
@   414s  (total 11 workers using 7067 MB)
@   427s  (total 11 workers using 7155 MB)
@   442s  (total 11 workers using 7345 MB)
@   455s  (total 11 workers using 7519 MB)
@   470s  (total 11 workers using 7874 MB)
@   484s  (total 11 workers using 8120 MB)
@   498s  (total 11 workers using 8196 MB)
@   511s  (total 11 workers using 8216 MB)
@   526s  (total 11 workers using 8513 MB)
@   540s  (total 11 workers using 8625 MB)
@   555s  (total 11 workers using 8652 MB)
@   568s  (total 11 workers using 8762 MB)
@   583s  (total 11 workers using 9051 MB)
@   597s  (total 11 workers using 9107 MB)
@   611s  (total 11 workers using 9234 MB)
@   625s  (total 11 workers using 9423 MB)
@   639s  (total 11 workers using 9522 MB)
@   653s  (total 11 workers using 9563 MB)
@   667s  (total 11 workers using 9658 MB)
@   681s  (total 11 workers using 9696 MB)
@   695s  (total 11 workers using 9790 MB)
@   709s  (total 11 workers using 9881 MB)
@   723s  (total 11 workers using 9998 MB)
@   737s  (total 11 workers using 10018 MB)
@   751s  (total 11 workers using 10212 MB)
@   765s  (total 11 workers using 10180 MB)
@   779s  (total 11 workers using 10260 MB)
@   793s  (total 11 workers using 10348 MB)
@   808s  (total 11 workers using 10423 MB)
@   821s  (total 11 workers using 10384 MB)
@   836s  (total 11 workers using 10567 MB)
@   849s  (total 11 workers using 10608 MB)
@   864s  (total 11 workers using 10647 MB)
@   877s  (total 11 workers using 10754 MB)
@   892s  (total 11 workers using 10870 MB)
@   905s  (total 11 workers using 10911 MB)
@   920s  (total 11 workers using 10961 MB)
@   933s  (total 11 workers using 11085 MB)
@   948s  (total 11 workers using 11351 MB)
@   961s  (total 11 workers using 11388 MB)
@   976s  (total 11 workers using 11499 MB)
@   989s  (total 11 workers using 11453 MB)
@  1004s  (total 11 workers using 11540 MB)
@  1017s  (total 11 workers using 11586 MB)
@  1032s  (total 11 workers using 11826 MB)
@  1046s  (total 11 workers using 11973 MB)
@  1060s  (total 11 workers using 12038 MB)
@  1074s  (total 11 workers using 12099 MB)
@  1089s  (total 11 workers using 12088 MB)
@  1102s  (total 11 workers using 12142 MB)
@  1117s  (total 11 workers using 12343 MB)
@  1130s  (total 11 workers using 12336 MB)
@  1145s  (total 11 workers using 12511 MB)
@  1159s  (total 11 workers using 12437 MB)
@  1173s  (total 11 workers using 12528 MB)
@  1187s  (total 11 workers using 12646 MB)
@  1201s  (total 11 workers using 12857 MB)
@  1215s  (total 11 workers using 12869 MB)
@  1230s  (total 11 workers using 13114 MB)
@  1243s  (total 11 workers using 13222 MB)
@  1258s  (total 11 workers using 13188 MB)
@  1271s  (total 11 workers using 13196 MB)
@  1286s  (total 11 workers using 13401 MB)
@  1299s  (total 11 workers using 13492 MB)
@  1314s  (total 11 workers using 13470 MB)
@  1327s  (total 11 workers using 13423 MB)
@  1342s  (total 11 workers using 13562 MB)
@  1355s  (total 11 workers using 13683 MB)
@  1370s  (total 11 workers using 13748 MB)
@  1384s  (total 11 workers using 13704 MB)
@  1398s  (total 11 workers using 13684 MB)
@  1412s  (total 11 workers using 13843 MB)
@  1426s  (total 11 workers using 13895 MB)
@  1440s  (total 11 workers using 13977 MB)
@  1454s  (total 11 workers using 14003 MB)
@  1468s  (total 11 workers using 13952 MB)
@  1483s  (total 11 workers using 14029 MB)
@  1497s  (total 11 workers using 14145 MB)
@  1511s  (total 11 workers using 14214 MB)
@  1525s  (total 11 workers using 14662 MB)
@  1539s  (total 11 workers using 14629 MB)
@  1553s  (total 11 workers using 14594 MB)
@  1568s  (total 11 workers using 14640 MB)
@  1581s  (total 11 workers using 14711 MB)
@  1596s  (total 11 workers using 14670 MB)
@  1609s  (total 11 workers using 14726 MB)
@  1624s  (total 11 workers using 14814 MB)
@  1637s  (total 11 workers using 14880 MB)
@  1652s  (total 11 workers using 14943 MB)
@  1666s  (total 11 workers using 15011 MB)
@  1680s  (total 11 workers using 14974 MB)
@  1694s  (total 11 workers using 15091 MB)
@  1708s  (total 11 workers using 15232 MB)
@  1722s  (total 11 workers using 15285 MB)
@  1737s  (total 11 workers using 15343 MB)
@  1750s  (total 11 workers using 15710 MB)
@  1765s  (total 11 workers using 15566 MB)
@  1778s  (total 11 workers using 15585 MB)
@  1793s  (total 11 workers using 15516 MB)
@  1806s  (total 11 workers using 15758 MB)
@  1821s  (total 11 workers using 15679 MB)
@  1834s  (total 11 workers using 15940 MB)
@  1849s  (total 11 workers using 15874 MB)
@  1863s  (total 11 workers using 16080 MB)
@  1877s  (total 11 workers using 16113 MB)
@  1891s  (total 11 workers using 16238 MB)
@  1905s  (total 11 workers using 16288 MB)
@  1919s  (total 11 workers using 16348 MB)
@  1933s  (total 11 workers using 16461 MB)
@  1947s  (total 11 workers using 16546 MB)
@  1961s  (total 11 workers using 16539 MB)
@  1975s  (total 11 workers using 16508 MB)
@  1989s  (total 11 workers using 16671 MB)
@  2002s  (total 11 workers using 16650 MB)
@  2017s  (total 11 workers using 16718 MB)
@  2031s  (total 11 workers using 17006 MB)
@  2045s  (total 11 workers using 16997 MB)
@  2059s  (total 11 workers using 17011 MB)
@  2074s  (total 11 workers using 17152 MB)
@  2087s  (total 11 workers using 17118 MB)
@  2102s  (total 11 workers using 17304 MB)
@  2115s  (total 11 workers using 17340 MB)
@  2130s  (total 11 workers using 17304 MB)
@  2143s  (total 11 workers using 17476 MB)
@  2158s  (total 11 workers using 17603 MB)
@  2172s  (total 11 workers using 17731 MB)
@  2186s  (total 11 workers using 17783 MB)
@  2200s  (total 11 workers using 17943 MB)
@  2215s  (total 11 workers using 18023 MB)
@  2228s  (total 11 workers using 18103 MB)
@  2243s  (total 11 workers using 18154 MB)
@  2256s  (total 11 workers using 18180 MB)
@  2271s  (total 11 workers using 18111 MB)
@  2284s  (total 11 workers using 18240 MB)
@  2299s  (total 11 workers using 18546 MB)
@  2312s  (total 11 workers using 18529 MB)
@  2327s  (total 11 workers using 18524 MB)
@  2340s  (total 11 workers using 18626 MB)
@  2355s  (total 11 workers using 18825 MB)
@  2368s  (total 11 workers using 18853 MB)
@  2383s  (total 11 workers using 18870 MB)
@  2397s  (total 11 workers using 18982 MB)
@  2411s  (total 11 workers using 19099 MB)
@  2425s  (total 11 workers using 19106 MB)
@  2439s  (total 11 workers using 19199 MB)
@  2453s  (total 11 workers using 19279 MB)
@  2468s  (total 11 workers using 19262 MB)
@  2481s  (total 11 workers using 19370 MB)
@  2496s  (total 11 workers using 19186 MB)
@  2509s  (total 11 workers using 19232 MB)
@  2524s  (total 11 workers using 19372 MB)
@  2538s  (total 11 workers using 19380 MB)
@  2552s  (total 11 workers using 19515 MB)
@  2566s  (total 11 workers using 19454 MB)
@  2581s  (total 11 workers using 19512 MB)
@  2594s  (total 11 workers using 19696 MB)
@  2609s  (total 11 workers using 19753 MB)
@  2622s  (total 11 workers using 19771 MB)
@  2637s  (total 11 workers using 19618 MB)
@  2650s  (total 11 workers using 19835 MB)
@  2665s  (total 11 workers using 19856 MB)
@  2678s  (total 11 workers using 19868 MB)
@  2693s  (total 11 workers using 19820 MB)
@  2706s  (total 11 workers using 20057 MB)
@  2721s  (total 11 workers using 19964 MB)
@  2734s  (total 11 workers using 20108 MB)
@  2749s  (total 11 workers using 19999 MB)
@  2763s  (total 11 workers using 20027 MB)
@  2777s  (total 11 workers using 20073 MB)
@  2791s  (total 11 workers using 20151 MB)
@  2805s  (total 11 workers using 20628 MB)
@  2819s  (total 11 workers using 20731 MB)
@  2833s  (total 11 workers using 20745 MB)
@  2847s  (total 11 workers using 20845 MB)
@  2861s  (total 11 workers using 21139 MB)
@  2875s  (total 11 workers using 21109 MB)
@  2889s  (total 11 workers using 21161 MB)
@  2903s  (total 11 workers using 21160 MB)
@  2917s  (total 11 workers using 21352 MB)
@  2931s  (total 11 workers using 21327 MB)
@  2945s  (total 11 workers using 21388 MB)
@  2959s  (total 11 workers using 21457 MB)
@  2974s  (total 11 workers using 21490 MB)
@  2987s  (total 11 workers using 21572 MB)
@  3002s  (total 11 workers using 21536 MB)
@  3015s  (total 11 workers using 21635 MB)
@  3030s  (total 11 workers using 21676 MB)
@  3043s  (total 11 workers using 21743 MB)
@  3057s  (total 11 workers using 21755 MB)
@  3071s  (total 11 workers using 21849 MB)
@  3085s  (total 11 workers using 21881 MB)
@  3099s  (total 11 workers using 22166 MB)
@  3113s  (total 11 workers using 22086 MB)
@  3126s  (total 11 workers using 22108 MB)
@  3141s  (total 11 workers using 22228 MB)
@  3154s  (total 11 workers using 22293 MB)
@  3169s  (total 11 workers using 22228 MB)
@  3183s  (total 11 workers using 22255 MB)
@  3197s  (total 11 workers using 22251 MB)
@  3211s  (total 11 workers using 22290 MB)
@  3225s  (total 11 workers using 22371 MB)
@  3239s  (total 11 workers using 22387 MB)
@  3253s  (total 11 workers using 22371 MB)
@  3267s  (total 11 workers using 22499 MB)
@  3281s  (total 11 workers using 22536 MB)
@  3295s  (total 11 workers using 22644 MB)
@  3309s  (total 11 workers using 22611 MB)
@  3323s  (total 11 workers using 22751 MB)
@  3338s  (total 11 workers using 22666 MB)
@  3352s  (total 11 workers using 22801 MB)
@  3367s  (total 11 workers using 22956 MB)
@  3381s  (total 11 workers using 23099 MB)
@  3402s  (total 11 workers using 23175 MB)
@  3416s  (total 11 workers using 23187 MB)
@  3431s  (total 11 workers using 23257 MB)
@  3446s  (total 11 workers using 23320 MB)
@  3460s  (total 11 workers using 23416 MB)
@  3474s  (total 11 workers using 23573 MB)
@  3489s  (total 11 workers using 23653 MB)
@  3502s  (total 11 workers using 23587 MB)
@  3517s  (total 11 workers using 23493 MB)
@  3530s  (total 11 workers using 23606 MB)
@  3545s  (total 11 workers using 23527 MB)
@  3558s  (total 11 workers using 23570 MB)
@  3572s  (total 11 workers using 23681 MB)
@  3577s  (stopping all workers)
@  3578s  (worker 0 finished with result unknown) python3 avr.py -a sa
@  3578s  (worker 2 finished with result unknown) python3 avr.py
@  3578s  (worker 4 finished with result unknown) python3 avr.py -b bin_y2 --bmc
@  3578s  (worker 6 finished with result unknown) python3 avr.py -a sa --interpol 1 -f 1
@  3578s  (worker 8 finished with result unknown) python3 avr.py -l 5 -g 3 -a sa8 --interpol 1 -f 1
@  3578s  (worker 10 finished with result unknown) python3 avr.py --bmc
@  3578s  (worker 1 finished with result unknown) python3 avr.py -b bin_bt_cadical -s --bmc
@  3578s  (worker 5 finished with result unknown) python3 avr.py -b bin_bt_cadical -g 3 -l 0 -a sa32
@  3578s  (worker 9 finished with result unknown) python3 avr.py -b bin_y2 -s -a sa4 --interpol 1 -f 1
@  3578s  (worker 3 finished with result unknown) python3 avr.py -b bin_y2 -s
@  3578s  (worker 7 finished with result unknown) python3 avr.py -s -l 0
@  3578s  (copied results from worker 0 in /scratch/network/hongcez/hwmcc/avr-log/btor2/bv/wolf/2019C/pr_dspfilters_fastfir_second-p29)
@  3578s  [0;30;47m(proof race finished with answer unknown in 3578.09 seconds)[m
