AVR -- Proof Race 
copyright (c) 2019  Aman Goel and Karem Sakallah, University of Michigan
@     0s  (starting avr proof race)
@     0s  (output dir: /scratch/network/hongcez/hwmcc/avr-log/btor2/bv/wolf/2019C/pr_qspiflash_dualflexpress_divfive-p070)
@     0s  (max 11 workers)
@     0s  (started worker 0 with pid 14269)
@     0s  (started worker 1 with pid 14270)
@     0s  (started worker 2 with pid 14271)
@     0s  (started worker 3 with pid 14272)
@     0s  (started worker 4 with pid 14273)
@     0s  (spawned 5 workers)
@     0s  (total 5 workers using 0 MB)
@     0s  (worker 0 finished with result unknown) python3 avr.py -a sa
@     0s  (worker 2 finished with result unknown) python3 avr.py
@     0s  (worker 4 finished with result unknown) python3 avr.py -b bin_y2 --bmc
@     0s  (worker 1 finished with result unknown) python3 avr.py -b bin_bt_cadical -s --bmc
@     1s  (started worker 5 with pid 14409)
@     1s  (spawned 1 workers)
@     1s  (total 2 workers using 22 MB)
@     1s  (worker 5 finished with result unknown) python3 avr.py -b bin_bt_cadical -g 3 -l 0 -a sa32
@     1s  (started worker 6 with pid 14443)
@     1s  (spawned 1 workers)
@     1s  (total 2 workers using 27 MB)
@     1s  (worker 6 finished with result unknown) python3 avr.py -a sa --interpol 1 -f 1
@     2s  (started worker 7 with pid 14477)
@     2s  (spawned 1 workers)
@     2s  (total 2 workers using 0 MB)
@     2s  (worker 3 finished with result unknown) python3 avr.py -b bin_y2 -s
@     2s  (started worker 8 with pid 14501)
@     2s  (spawned 1 workers)
@     2s  (total 2 workers using 22 MB)
@     2s  (worker 8 finished with result unknown) python3 avr.py -l 5 -g 3 -a sa8 --interpol 1 -f 1
@     3s  (started worker 9 with pid 14533)
@     3s  (spawned 1 workers)
@     3s  (total 2 workers using 27 MB)
@     3s  (worker 9 finished with result unknown) python3 avr.py -b bin_y2 -s -a sa4 --interpol 1 -f 1
@     3s  (worker 7 finished with result unknown) python3 avr.py -s -l 0
@     3s  (started worker 10 with pid 14566)
@     3s  (spawned 1 workers)
@     3s  (total 1 workers using 0 MB)
@     4s  (worker 10 finished with result unknown) python3 avr.py --bmc
@     4s  (copied results from worker 0 in /scratch/network/hongcez/hwmcc/avr-log/btor2/bv/wolf/2019C/pr_qspiflash_dualflexpress_divfive-p070)
@     4s  [0;30;47m(proof race finished with answer unknown in 3.68 seconds)[m
