	(output dir: /scratch/network/hongcez/hwmcc/avr-log/btor2/bv/wolf/2019C/pr_qspiflash_dualflexpress_divfive-p142/work_w3)
	(frontend: btor2)
	(property: all (1 assertions))
	(339 / 597 flops initialized)
	(abstraction: sa+uf)
   0	: 0	: 0 s: 0    0s                  
   0	: 1	: 0 0 s: 0    0s                     0	: 1	: 0 0 s: 0    0s                  
   0	: 1	: 0 0 s: 0    0s                  

AVR -- Proof Race 
copyright (c) 2019  Aman Goel and Karem Sakallah, University of Michigan
@     0s  (starting avr proof race)
@     0s  (output dir: /scratch/network/hongcez/hwmcc/avr-log/btor2/bv/wolf/2019C/pr_qspiflash_dualflexpress_divfive-p142)
@     0s  (max 11 workers)
@     0s  (started worker 0 with pid 206649)
@     0s  (started worker 1 with pid 206650)
@     0s  (started worker 2 with pid 206651)
@     0s  (started worker 3 with pid 206652)
@     0s  (started worker 4 with pid 206653)
@     0s  (spawned 5 workers)
@     0s  (total 5 workers using 0 MB)
@     0s  (worker 0 finished with result unknown) python3 avr.py -a sa
@     0s  (worker 2 finished with result unknown) python3 avr.py
@     0s  (worker 4 finished with result unknown) python3 avr.py -b bin_y2 --bmc
@     0s  (worker 1 finished with result unknown) python3 avr.py -b bin_bt_cadical -s --bmc
@     0s  (worker 3 finished with result safe) python3 avr.py -b bin_y2 -s
@     0s  (worker 3 output)
@     0s  (stopping all workers)
@     0s  (copied results from worker 3 in /scratch/network/hongcez/hwmcc/avr-log/btor2/bv/wolf/2019C/pr_qspiflash_dualflexpress_divfive-p142)
@     0s  [0;30;47m(proof race finished with answer safe in 0.41 seconds)[m
