AVR -- Proof Race 
copyright (c) 2019  Aman Goel and Karem Sakallah, University of Michigan
@     0s  (starting avr proof race)
@     0s  (output dir: /scratch/network/hongcez/hwmcc/avr-log/btor2/bv/wolf/2019C/pr_vgasim_imgfifo-p058)
@     0s  (max 11 workers)
@     0s  (started worker 0 with pid 260336)
@     0s  (started worker 1 with pid 260337)
@     0s  (started worker 2 with pid 260338)
@     0s  (started worker 3 with pid 260339)
@     0s  (started worker 4 with pid 260340)
@     0s  (spawned 5 workers)
@     0s  (total 5 workers using 0 MB)
@     1s  (started worker 5 with pid 260454)
@     1s  (spawned 1 workers)
@     1s  (total 6 workers using 319 MB)
@     2s  (started worker 6 with pid 260495)
@     2s  (spawned 1 workers)
@     2s  (total 7 workers using 498 MB)
@     4s  (started worker 7 with pid 260560)
@     4s  (spawned 1 workers)
@     4s  (total 8 workers using 766 MB)
@     7s  (started worker 8 with pid 260608)
@     7s  (spawned 1 workers)
@     7s  (total 9 workers using 856 MB)
@    11s  (started worker 9 with pid 260688)
@    11s  (spawned 1 workers)
@    11s  (total 10 workers using 999 MB)
@    14s  (started worker 10 with pid 260762)
@    14s  (spawned 1 workers)
@    14s  (total 11 workers using 1116 MB)
@    27s  (total 11 workers using 1668 MB)
@    44s  (total 11 workers using 2578 MB)
@    60s  (total 11 workers using 3040 MB)
@    75s  (total 11 workers using 3439 MB)
@    90s  (total 11 workers using 3737 MB)
@   106s  (total 11 workers using 4042 MB)
@   119s  (total 11 workers using 4523 MB)
@   133s  (total 11 workers using 4830 MB)
@   147s  (total 11 workers using 5458 MB)
@   161s  (total 11 workers using 5772 MB)
@   174s  (total 11 workers using 6052 MB)
@   190s  (total 11 workers using 6221 MB)
@   204s  (total 11 workers using 6287 MB)
@   218s  (total 11 workers using 6498 MB)
@   232s  (total 11 workers using 6907 MB)
@   247s  (total 11 workers using 7076 MB)
@   261s  (total 11 workers using 7585 MB)
@   275s  (total 11 workers using 7923 MB)
@   289s  (total 11 workers using 8134 MB)
@   304s  (total 11 workers using 8259 MB)
@   317s  (total 11 workers using 8541 MB)
@   331s  (total 11 workers using 8779 MB)
@   345s  (total 11 workers using 9167 MB)
@   359s  (total 11 workers using 9280 MB)
@   373s  (total 11 workers using 9685 MB)
@   387s  (total 11 workers using 9736 MB)
@   400s  (total 11 workers using 9897 MB)
@   415s  (total 11 workers using 10149 MB)
@   429s  (total 11 workers using 10471 MB)
@   444s  (total 11 workers using 10663 MB)
@   457s  (total 11 workers using 10732 MB)
@   472s  (total 11 workers using 10983 MB)
@   485s  (total 11 workers using 11191 MB)
@   500s  (total 11 workers using 11474 MB)
@   512s  (total 11 workers using 11415 MB)
@   527s  (total 11 workers using 11653 MB)
@   540s  (total 11 workers using 12048 MB)
@   554s  (total 11 workers using 12104 MB)
@   567s  (total 11 workers using 12474 MB)
@   582s  (total 11 workers using 12688 MB)
@   595s  (total 11 workers using 12638 MB)
@   610s  (total 11 workers using 13115 MB)
@   624s  (total 11 workers using 13333 MB)
@   639s  (total 11 workers using 13574 MB)
@   652s  (total 11 workers using 13649 MB)
@   667s  (total 11 workers using 13844 MB)
@   680s  (total 11 workers using 14104 MB)
@   695s  (total 11 workers using 14594 MB)
@   708s  (total 11 workers using 14489 MB)
@   722s  (total 11 workers using 14600 MB)
@   735s  (total 11 workers using 14862 MB)
@   749s  (total 11 workers using 14782 MB)
@   762s  (total 11 workers using 15296 MB)
@   777s  (total 11 workers using 15367 MB)
@   790s  (total 11 workers using 15454 MB)
@   804s  (total 11 workers using 15709 MB)
@   817s  (total 11 workers using 15948 MB)
@   832s  (total 11 workers using 16010 MB)
@   846s  (total 11 workers using 16318 MB)
@   861s  (total 11 workers using 16228 MB)
@   873s  (total 11 workers using 16524 MB)
@   888s  (total 11 workers using 16834 MB)
@   901s  (total 11 workers using 16883 MB)
@   910s  (worker 10 finished with result unknown) python3 avr.py --bmc
@   915s  (total 10 workers using 12747 MB)
@   928s  (total 10 workers using 12688 MB)
@   942s  (total 10 workers using 13008 MB)
@   955s  (total 10 workers using 13138 MB)
@   970s  (total 10 workers using 13346 MB)
@   983s  (total 10 workers using 13534 MB)
@   997s  (total 10 workers using 13659 MB)
@  1010s  (total 10 workers using 13731 MB)
@  1024s  (total 10 workers using 13865 MB)
@  1037s  (total 10 workers using 13973 MB)
@  1051s  (total 10 workers using 14099 MB)
@  1064s  (total 10 workers using 14218 MB)
@  1078s  (total 10 workers using 14310 MB)
@  1092s  (total 10 workers using 14439 MB)
@  1105s  (total 10 workers using 14571 MB)
@  1119s  (total 10 workers using 14892 MB)
@  1133s  (total 10 workers using 14871 MB)
@  1147s  (total 10 workers using 15113 MB)
@  1161s  (total 10 workers using 15111 MB)
@  1174s  (total 10 workers using 15315 MB)
@  1188s  (total 10 workers using 15493 MB)
@  1201s  (total 10 workers using 15566 MB)
@  1216s  (total 10 workers using 16034 MB)
@  1229s  (total 10 workers using 16135 MB)
@  1243s  (total 10 workers using 16316 MB)
@  1257s  (total 10 workers using 16441 MB)
@  1271s  (total 10 workers using 16569 MB)
@  1284s  (total 10 workers using 16657 MB)
@  1299s  (total 10 workers using 16783 MB)
@  1312s  (total 10 workers using 16866 MB)
@  1326s  (total 10 workers using 16954 MB)
@  1339s  (total 10 workers using 17357 MB)
@  1352s  (total 10 workers using 17248 MB)
@  1365s  (total 10 workers using 17315 MB)
@  1379s  (total 10 workers using 17399 MB)
@  1392s  (total 10 workers using 17521 MB)
@  1405s  (total 10 workers using 17694 MB)
@  1418s  (total 10 workers using 17817 MB)
@  1432s  (total 10 workers using 18014 MB)
@  1445s  (total 10 workers using 17983 MB)
@  1459s  (total 10 workers using 18327 MB)
@  1472s  (total 10 workers using 18453 MB)
@  1486s  (total 10 workers using 18564 MB)
@  1499s  (total 10 workers using 18703 MB)
@  1513s  (total 10 workers using 18830 MB)
@  1526s  (total 10 workers using 18902 MB)
@  1540s  (total 10 workers using 18927 MB)
@  1553s  (total 10 workers using 18991 MB)
@  1567s  (total 10 workers using 19161 MB)
@  1580s  (total 10 workers using 19423 MB)
@  1595s  (total 10 workers using 19517 MB)
@  1608s  (total 10 workers using 19687 MB)
@  1622s  (total 10 workers using 19805 MB)
@  1635s  (total 10 workers using 20140 MB)
@  1649s  (total 10 workers using 20222 MB)
@  1662s  (total 10 workers using 20310 MB)
@  1677s  (total 10 workers using 20545 MB)
@  1690s  (total 10 workers using 20708 MB)
@  1704s  (total 10 workers using 20878 MB)
@  1717s  (total 10 workers using 20920 MB)
@  1731s  (total 10 workers using 20971 MB)
@  1744s  (total 10 workers using 21011 MB)
@  1758s  (total 10 workers using 21278 MB)
@  1771s  (total 10 workers using 21192 MB)
@  1785s  (total 10 workers using 21493 MB)
@  1798s  (total 10 workers using 21435 MB)
@  1812s  (total 10 workers using 21466 MB)
@  1825s  (total 10 workers using 21515 MB)
@  1840s  (total 10 workers using 21576 MB)
@  1853s  (total 10 workers using 21643 MB)
@  1867s  (total 10 workers using 21741 MB)
@  1880s  (total 10 workers using 21819 MB)
@  1894s  (total 10 workers using 21926 MB)
@  1907s  (total 10 workers using 22046 MB)
@  1921s  (total 10 workers using 22077 MB)
@  1934s  (total 10 workers using 22532 MB)
@  1949s  (total 10 workers using 22324 MB)
@  1962s  (total 10 workers using 22490 MB)
@  1976s  (total 10 workers using 22695 MB)
@  1989s  (total 10 workers using 22759 MB)
@  2003s  (total 10 workers using 22881 MB)
@  2016s  (total 10 workers using 23002 MB)
@  2030s  (total 10 workers using 23169 MB)
@  2043s  (total 10 workers using 23262 MB)
@  2057s  (total 10 workers using 23398 MB)
@  2071s  (total 10 workers using 23557 MB)
@  2085s  (total 10 workers using 23651 MB)
@  2098s  (total 10 workers using 23659 MB)
@  2112s  (total 10 workers using 23753 MB)
@  2125s  (total 10 workers using 24111 MB)
@  2140s  (total 10 workers using 24276 MB)
@  2153s  (total 10 workers using 24276 MB)
@  2167s  (total 10 workers using 24401 MB)
@  2180s  (total 10 workers using 24563 MB)
@  2194s  (total 10 workers using 24810 MB)
@  2207s  (total 10 workers using 25552 MB)
@  2221s  (total 10 workers using 25755 MB)
@  2234s  (total 10 workers using 26325 MB)
@  2248s  (total 10 workers using 26412 MB)
@  2262s  (total 10 workers using 26645 MB)
@  2276s  (total 10 workers using 26714 MB)
@  2289s  (total 10 workers using 26797 MB)
@  2303s  (total 10 workers using 26810 MB)
@  2316s  (total 10 workers using 26971 MB)
@  2330s  (total 10 workers using 27017 MB)
@  2343s  (total 10 workers using 27088 MB)
@  2357s  (total 10 workers using 27245 MB)
@  2370s  (total 10 workers using 27311 MB)
@  2384s  (total 10 workers using 27369 MB)
@  2397s  (total 10 workers using 27448 MB)
@  2410s  (total 10 workers using 27538 MB)
@  2423s  (total 10 workers using 27591 MB)
@  2437s  (total 10 workers using 27692 MB)
@  2450s  (total 10 workers using 27777 MB)
@  2463s  (total 10 workers using 27861 MB)
@  2476s  (total 10 workers using 27943 MB)
@  2490s  (total 10 workers using 27945 MB)
@  2504s  (total 10 workers using 27982 MB)
@  2508s  (worker 6 finished with result unknown) python3 avr.py -a sa --interpol 1 -f 1
@  2516s  (total 9 workers using 25368 MB)
@  2528s  (total 9 workers using 25421 MB)
@  2541s  (total 9 workers using 25548 MB)
@  2553s  (total 9 workers using 25809 MB)
@  2565s  (total 9 workers using 25833 MB)
@  2578s  (total 9 workers using 25906 MB)
@  2590s  (total 9 workers using 25974 MB)
@  2602s  (total 9 workers using 25985 MB)
@  2614s  (total 9 workers using 26221 MB)
@  2627s  (total 9 workers using 26310 MB)
@  2639s  (total 9 workers using 26406 MB)
@  2651s  (total 9 workers using 26430 MB)
@  2664s  (total 9 workers using 26459 MB)
@  2676s  (total 9 workers using 26505 MB)
@  2688s  (total 9 workers using 26745 MB)
@  2700s  (total 9 workers using 26775 MB)
@  2712s  (total 9 workers using 26726 MB)
@  2725s  (total 9 workers using 26726 MB)
@  2738s  (total 9 workers using 26895 MB)
@  2750s  (total 9 workers using 26856 MB)
@  2762s  (total 9 workers using 27036 MB)
@  2774s  (total 9 workers using 27505 MB)
@  2787s  (total 9 workers using 27112 MB)
@  2798s  (total 9 workers using 27417 MB)
@  2810s  (total 9 workers using 27657 MB)
@  2823s  (total 9 workers using 27898 MB)
@  2835s  (total 9 workers using 28026 MB)
@  2847s  (total 9 workers using 28098 MB)
@  2860s  (total 9 workers using 28267 MB)
@  2872s  (total 9 workers using 28297 MB)
@  2885s  (total 9 workers using 28306 MB)
@  2897s  (total 9 workers using 28276 MB)
@  2910s  (total 9 workers using 28310 MB)
@  2922s  (total 9 workers using 28417 MB)
@  2934s  (total 9 workers using 28411 MB)
@  2945s  (total 9 workers using 28735 MB)
@  2958s  (total 9 workers using 28730 MB)
@  2970s  (total 9 workers using 28851 MB)
@  2982s  (total 9 workers using 28924 MB)
@  2994s  (total 9 workers using 28984 MB)
@  3006s  (total 9 workers using 29065 MB)
@  3018s  (total 9 workers using 29097 MB)
@  3031s  (total 9 workers using 29123 MB)
@  3043s  (total 9 workers using 29188 MB)
@  3055s  (total 9 workers using 29240 MB)
@  3067s  (total 9 workers using 29257 MB)
@  3079s  (total 9 workers using 29376 MB)
@  3092s  (total 9 workers using 29456 MB)
@  3105s  (total 9 workers using 29541 MB)
@  3117s  (total 9 workers using 29610 MB)
@  3128s  (total 9 workers using 29803 MB)
@  3140s  (total 9 workers using 30334 MB)
@  3152s  (total 9 workers using 30005 MB)
@  3164s  (total 9 workers using 30061 MB)
@  3176s  (total 9 workers using 30123 MB)
@  3188s  (total 9 workers using 30103 MB)
@  3200s  (total 9 workers using 30236 MB)
@  3211s  (total 9 workers using 30244 MB)
@  3225s  (total 9 workers using 30738 MB)
@  3237s  (total 9 workers using 30425 MB)
@  3249s  (total 9 workers using 30646 MB)
@  3261s  (total 9 workers using 30638 MB)
@  3274s  (total 9 workers using 30670 MB)
@  3285s  (total 9 workers using 30735 MB)
@  3298s  (total 9 workers using 30696 MB)
@  3310s  (total 9 workers using 30849 MB)
@  3322s  (total 9 workers using 30935 MB)
@  3334s  (total 9 workers using 31264 MB)
@  3345s  (total 9 workers using 31109 MB)
@  3357s  (total 9 workers using 31577 MB)
@  3369s  (total 9 workers using 31185 MB)
@  3382s  (total 9 workers using 31340 MB)
@  3394s  (total 9 workers using 31644 MB)
@  3405s  (total 9 workers using 31711 MB)
@  3418s  (total 9 workers using 31766 MB)
@  3429s  (total 9 workers using 31865 MB)
@  3442s  (total 9 workers using 31922 MB)
@  3453s  (total 9 workers using 31995 MB)
@  3465s  (total 9 workers using 32042 MB)
@  3478s  (total 9 workers using 32555 MB)
@  3490s  (total 9 workers using 32217 MB)
@  3503s  (total 9 workers using 32269 MB)
@  3516s  (total 9 workers using 32338 MB)
@  3527s  (total 9 workers using 32410 MB)
@  3539s  (total 9 workers using 32457 MB)
@  3551s  (total 9 workers using 32498 MB)
@  3565s  (total 9 workers using 32527 MB)
@  3574s  (stopping all workers)
@  3574s  (worker 0 finished with result unknown) python3 avr.py -a sa
@  3574s  (worker 2 finished with result unknown) python3 avr.py
@  3574s  (worker 4 finished with result unknown) python3 avr.py -b bin_y2 --bmc
@  3574s  (worker 7 finished with result unknown) python3 avr.py -s -l 0
@  3574s  (worker 9 finished with result unknown) python3 avr.py -b bin_y2 -s -a sa4 --interpol 1 -f 1
@  3574s  (worker 1 finished with result unknown) python3 avr.py -b bin_bt_cadical -s --bmc
@  3574s  (worker 5 finished with result unknown) python3 avr.py -b bin_bt_cadical -g 3 -l 0 -a sa32
@  3574s  (worker 3 finished with result unknown) python3 avr.py -b bin_y2 -s
@  3574s  (worker 8 finished with result unknown) python3 avr.py -l 5 -g 3 -a sa8 --interpol 1 -f 1
@  3574s  (copied results from worker 0 in /scratch/network/hongcez/hwmcc/avr-log/btor2/bv/wolf/2019C/pr_vgasim_imgfifo-p058)
@  3574s  [0;30;47m(proof race finished with answer unknown in 3574.42 seconds)[m
