AVR -- Proof Race 
copyright (c) 2019  Aman Goel and Karem Sakallah, University of Michigan
@     0s  (starting avr proof race)
@     0s  (output dir: /scratch/network/hongcez/hwmcc/avr-log/btor2/bv/wolf/2019C/pr_vgasim_imgfifo-p107)
@     0s  (max 11 workers)
@     0s  (started worker 0 with pid 176673)
@     0s  (started worker 1 with pid 176674)
@     0s  (started worker 2 with pid 176675)
@     0s  (started worker 3 with pid 176676)
@     0s  (started worker 4 with pid 176677)
@     0s  (spawned 5 workers)
@     0s  (total 5 workers using 0 MB)
@     1s  (started worker 5 with pid 176791)
@     1s  (spawned 1 workers)
@     1s  (total 6 workers using 233 MB)
@     2s  (started worker 6 with pid 176830)
@     2s  (spawned 1 workers)
@     2s  (total 7 workers using 349 MB)
@     3s  (started worker 7 with pid 176873)
@     3s  (spawned 1 workers)
@     3s  (total 8 workers using 435 MB)
@     5s  (started worker 8 with pid 176920)
@     5s  (spawned 1 workers)
@     5s  (total 9 workers using 537 MB)
@     9s  (started worker 9 with pid 176979)
@     9s  (spawned 1 workers)
@     9s  (total 10 workers using 664 MB)
@    13s  (started worker 10 with pid 177031)
@    13s  (spawned 1 workers)
@    13s  (total 11 workers using 795 MB)
@    25s  (total 11 workers using 1164 MB)
@    42s  (total 11 workers using 1607 MB)
@    59s  (total 11 workers using 1920 MB)
@    74s  (total 11 workers using 2191 MB)
@    88s  (total 11 workers using 2428 MB)
@   104s  (total 11 workers using 2733 MB)
@   117s  (total 11 workers using 2995 MB)
@   132s  (total 11 workers using 3120 MB)
@   146s  (total 11 workers using 3313 MB)
@   161s  (total 11 workers using 3470 MB)
@   174s  (total 11 workers using 3699 MB)
@   189s  (total 11 workers using 3936 MB)
@   202s  (total 11 workers using 4088 MB)
@   217s  (total 11 workers using 4425 MB)
@   230s  (total 11 workers using 4692 MB)
@   245s  (total 11 workers using 4900 MB)
@   259s  (total 11 workers using 5093 MB)
@   274s  (total 11 workers using 5279 MB)
@   288s  (total 11 workers using 5478 MB)
@   302s  (total 11 workers using 5599 MB)
@   304s  (worker 2 finished with result unknown) python3 avr.py
@   316s  (total 10 workers using 5517 MB)
@   330s  (total 10 workers using 5717 MB)
@   344s  (total 10 workers using 5942 MB)
@   358s  (total 10 workers using 6164 MB)
@   371s  (total 10 workers using 6313 MB)
@   385s  (total 10 workers using 6468 MB)
@   399s  (total 10 workers using 6610 MB)
@   414s  (total 10 workers using 6762 MB)
@   427s  (total 10 workers using 6949 MB)
@   441s  (total 10 workers using 7121 MB)
@   455s  (total 10 workers using 7276 MB)
@   469s  (total 10 workers using 7559 MB)
@   482s  (total 10 workers using 7611 MB)
@   496s  (total 10 workers using 7749 MB)
@   510s  (total 10 workers using 7883 MB)
@   524s  (total 10 workers using 7985 MB)
@   535s  (total 10 workers using 8037 MB)
@   546s  (total 10 workers using 8041 MB)
@   557s  (total 10 workers using 8084 MB)
@   569s  (total 10 workers using 8132 MB)
@   580s  (total 10 workers using 8202 MB)
@   591s  (total 10 workers using 8253 MB)
@   602s  (total 10 workers using 8257 MB)
@   614s  (total 10 workers using 8267 MB)
@   625s  (total 10 workers using 8290 MB)
@   636s  (total 10 workers using 8363 MB)
@   647s  (total 10 workers using 8416 MB)
@   659s  (total 10 workers using 8466 MB)
@   670s  (total 10 workers using 8523 MB)
@   681s  (total 10 workers using 8591 MB)
@   692s  (total 10 workers using 8655 MB)
@   704s  (total 10 workers using 8707 MB)
@   715s  (total 10 workers using 8760 MB)
@   726s  (total 10 workers using 8848 MB)
@   737s  (total 10 workers using 8889 MB)
@   749s  (total 10 workers using 8900 MB)
@   760s  (total 10 workers using 8969 MB)
@   771s  (total 10 workers using 9041 MB)
@   782s  (total 10 workers using 9041 MB)
@   794s  (total 10 workers using 9059 MB)
@   805s  (total 10 workers using 9092 MB)
@   816s  (total 10 workers using 9088 MB)
@   827s  (total 10 workers using 9100 MB)
@   839s  (total 10 workers using 9102 MB)
@   850s  (total 10 workers using 9103 MB)
@   861s  (total 10 workers using 9103 MB)
@   872s  (total 10 workers using 9106 MB)
@   883s  (total 10 workers using 9106 MB)
@   895s  (total 10 workers using 9107 MB)
@   906s  (total 10 workers using 9107 MB)
@   917s  (total 10 workers using 9107 MB)
@   928s  (total 10 workers using 9107 MB)
@   939s  (total 10 workers using 9112 MB)
@   951s  (total 10 workers using 9111 MB)
@   962s  (total 10 workers using 9120 MB)
@   973s  (total 10 workers using 9130 MB)
@   984s  (total 10 workers using 9130 MB)
@   996s  (total 10 workers using 9130 MB)
@  1007s  (total 10 workers using 9131 MB)
@  1018s  (total 10 workers using 9131 MB)
@  1029s  (total 10 workers using 9131 MB)
@  1041s  (total 10 workers using 9131 MB)
@  1052s  (total 10 workers using 9141 MB)
@  1063s  (total 10 workers using 9142 MB)
@  1074s  (total 10 workers using 9142 MB)
@  1086s  (total 10 workers using 9142 MB)
@  1097s  (total 10 workers using 9136 MB)
@  1108s  (total 10 workers using 9137 MB)
@  1119s  (total 10 workers using 9150 MB)
@  1131s  (total 10 workers using 9150 MB)
@  1142s  (total 10 workers using 9150 MB)
@  1153s  (total 10 workers using 9160 MB)
@  1164s  (total 10 workers using 9174 MB)
@  1176s  (total 10 workers using 9174 MB)
@  1187s  (total 10 workers using 9177 MB)
@  1198s  (total 10 workers using 9177 MB)
@  1209s  (total 10 workers using 9178 MB)
@  1221s  (total 10 workers using 9178 MB)
@  1232s  (total 10 workers using 9209 MB)
@  1243s  (total 10 workers using 9209 MB)
@  1254s  (total 10 workers using 9196 MB)
@  1266s  (total 10 workers using 9122 MB)
@  1277s  (total 10 workers using 9122 MB)
@  1288s  (total 10 workers using 9122 MB)
@  1299s  (total 10 workers using 9122 MB)
@  1311s  (total 10 workers using 9157 MB)
@  1322s  (total 10 workers using 9157 MB)
@  1333s  (total 10 workers using 9160 MB)
@  1344s  (total 10 workers using 9164 MB)
@  1356s  (total 10 workers using 9166 MB)
@  1367s  (total 10 workers using 9166 MB)
@  1378s  (total 10 workers using 9168 MB)
@  1389s  (total 10 workers using 9178 MB)
@  1401s  (total 10 workers using 9179 MB)
@  1412s  (total 10 workers using 9181 MB)
@  1423s  (total 10 workers using 9183 MB)
@  1434s  (total 10 workers using 9183 MB)
@  1446s  (total 10 workers using 9173 MB)
@  1457s  (total 10 workers using 9173 MB)
@  1468s  (total 10 workers using 9175 MB)
@  1479s  (total 10 workers using 9176 MB)
@  1491s  (total 10 workers using 9178 MB)
@  1502s  (total 10 workers using 9179 MB)
@  1513s  (total 10 workers using 9180 MB)
@  1524s  (total 10 workers using 9181 MB)
@  1536s  (total 10 workers using 9181 MB)
@  1547s  (total 10 workers using 9185 MB)
@  1558s  (total 10 workers using 9187 MB)
@  1569s  (total 10 workers using 9191 MB)
@  1580s  (total 10 workers using 9192 MB)
@  1592s  (total 10 workers using 9194 MB)
@  1603s  (total 10 workers using 9187 MB)
@  1614s  (total 10 workers using 9165 MB)
@  1625s  (total 10 workers using 9193 MB)
@  1637s  (total 10 workers using 9194 MB)
@  1648s  (total 10 workers using 9192 MB)
@  1659s  (total 10 workers using 9192 MB)
@  1670s  (total 10 workers using 9192 MB)
@  1681s  (total 10 workers using 9193 MB)
@  1693s  (total 10 workers using 9195 MB)
@  1704s  (total 10 workers using 9196 MB)
@  1715s  (total 10 workers using 9240 MB)
@  1726s  (total 10 workers using 9241 MB)
@  1738s  (total 10 workers using 9236 MB)
@  1749s  (total 10 workers using 9237 MB)
@  1760s  (total 10 workers using 9238 MB)
@  1771s  (total 10 workers using 9239 MB)
@  1783s  (total 10 workers using 9240 MB)
@  1794s  (total 10 workers using 9240 MB)
@  1805s  (total 10 workers using 9242 MB)
@  1816s  (total 10 workers using 9242 MB)
@  1828s  (total 10 workers using 9243 MB)
@  1839s  (total 10 workers using 9254 MB)
@  1850s  (total 10 workers using 9295 MB)
@  1861s  (total 10 workers using 9333 MB)
@  1873s  (total 10 workers using 9333 MB)
@  1884s  (total 10 workers using 9340 MB)
@  1895s  (total 10 workers using 9319 MB)
@  1906s  (total 10 workers using 9327 MB)
@  1918s  (total 10 workers using 9326 MB)
@  1929s  (total 10 workers using 9327 MB)
@  1940s  (total 10 workers using 9327 MB)
@  1951s  (total 10 workers using 9328 MB)
@  1963s  (total 10 workers using 9290 MB)
@  1974s  (total 10 workers using 9275 MB)
@  1985s  (total 10 workers using 9307 MB)
@  1996s  (total 10 workers using 9307 MB)
@  2008s  (total 10 workers using 9308 MB)
@  2019s  (total 10 workers using 9319 MB)
@  2030s  (total 10 workers using 9371 MB)
@  2041s  (total 10 workers using 9349 MB)
@  2053s  (total 10 workers using 9350 MB)
@  2064s  (total 10 workers using 9405 MB)
@  2075s  (total 10 workers using 9406 MB)
@  2086s  (total 10 workers using 9406 MB)
@  2097s  (total 10 workers using 9406 MB)
@  2109s  (total 10 workers using 9406 MB)
@  2120s  (total 10 workers using 9406 MB)
@  2131s  (total 10 workers using 9407 MB)
@  2142s  (total 10 workers using 9414 MB)
@  2153s  (total 10 workers using 9414 MB)
@  2165s  (total 10 workers using 9413 MB)
@  2176s  (total 10 workers using 9413 MB)
@  2187s  (total 10 workers using 9408 MB)
@  2198s  (total 10 workers using 9422 MB)
@  2210s  (total 10 workers using 9418 MB)
@  2221s  (total 10 workers using 9419 MB)
@  2232s  (total 10 workers using 9419 MB)
@  2243s  (total 10 workers using 9419 MB)
@  2255s  (total 10 workers using 9419 MB)
@  2266s  (total 10 workers using 9419 MB)
@  2277s  (total 10 workers using 9419 MB)
@  2288s  (total 10 workers using 9419 MB)
@  2300s  (total 10 workers using 9419 MB)
@  2311s  (total 10 workers using 9419 MB)
@  2322s  (total 10 workers using 9419 MB)
@  2333s  (total 10 workers using 9420 MB)
@  2345s  (total 10 workers using 9420 MB)
@  2356s  (total 10 workers using 9420 MB)
@  2367s  (total 10 workers using 9420 MB)
@  2378s  (total 10 workers using 9420 MB)
@  2390s  (total 10 workers using 9420 MB)
@  2401s  (total 10 workers using 9422 MB)
@  2412s  (total 10 workers using 9424 MB)
@  2423s  (total 10 workers using 9432 MB)
@  2435s  (total 10 workers using 9498 MB)
@  2446s  (total 10 workers using 9513 MB)
@  2457s  (total 10 workers using 9513 MB)
@  2468s  (total 10 workers using 9523 MB)
@  2480s  (total 10 workers using 9510 MB)
@  2491s  (total 10 workers using 9522 MB)
@  2502s  (total 10 workers using 9542 MB)
@  2513s  (total 10 workers using 9565 MB)
@  2525s  (total 10 workers using 9587 MB)
@  2536s  (total 10 workers using 9607 MB)
@  2547s  (total 10 workers using 9627 MB)
@  2558s  (total 10 workers using 9644 MB)
@  2570s  (total 10 workers using 9658 MB)
@  2581s  (total 10 workers using 9680 MB)
@  2592s  (total 10 workers using 9722 MB)
@  2603s  (total 10 workers using 9762 MB)
@  2615s  (total 10 workers using 9734 MB)
@  2626s  (total 10 workers using 9734 MB)
@  2637s  (total 10 workers using 9746 MB)
@  2648s  (total 10 workers using 9777 MB)
@  2660s  (total 10 workers using 9777 MB)
@  2671s  (total 10 workers using 9777 MB)
@  2682s  (total 10 workers using 9777 MB)
@  2693s  (total 10 workers using 9762 MB)
@  2704s  (total 10 workers using 9762 MB)
@  2716s  (total 10 workers using 9766 MB)
@  2727s  (total 10 workers using 9778 MB)
@  2738s  (total 10 workers using 9778 MB)
@  2749s  (total 10 workers using 9777 MB)
@  2760s  (total 10 workers using 9777 MB)
@  2772s  (total 10 workers using 9777 MB)
@  2783s  (total 10 workers using 9777 MB)
@  2794s  (total 10 workers using 9785 MB)
@  2805s  (total 10 workers using 9796 MB)
@  2817s  (total 10 workers using 9796 MB)
@  2828s  (total 10 workers using 9796 MB)
@  2839s  (total 10 workers using 9798 MB)
@  2850s  (total 10 workers using 9820 MB)
@  2862s  (total 10 workers using 9832 MB)
@  2873s  (total 10 workers using 9845 MB)
@  2884s  (total 10 workers using 9845 MB)
@  2895s  (total 10 workers using 9805 MB)
@  2907s  (total 10 workers using 9805 MB)
@  2918s  (total 10 workers using 9805 MB)
@  2929s  (total 10 workers using 9805 MB)
@  2940s  (total 10 workers using 9805 MB)
@  2952s  (total 10 workers using 9805 MB)
@  2963s  (total 10 workers using 9805 MB)
@  2974s  (total 10 workers using 9805 MB)
@  2985s  (total 10 workers using 9805 MB)
@  2997s  (total 10 workers using 9809 MB)
@  3008s  (total 10 workers using 9853 MB)
@  3019s  (total 10 workers using 9853 MB)
@  3030s  (total 10 workers using 9853 MB)
@  3042s  (total 10 workers using 9858 MB)
@  3053s  (total 10 workers using 9858 MB)
@  3064s  (total 10 workers using 9859 MB)
@  3075s  (total 10 workers using 9859 MB)
@  3087s  (total 10 workers using 9859 MB)
@  3098s  (total 10 workers using 9859 MB)
@  3109s  (total 10 workers using 9859 MB)
@  3120s  (total 10 workers using 9859 MB)
@  3131s  (total 10 workers using 9859 MB)
@  3143s  (total 10 workers using 9830 MB)
@  3154s  (total 10 workers using 9830 MB)
@  3165s  (total 10 workers using 9830 MB)
@  3176s  (total 10 workers using 9857 MB)
@  3187s  (total 10 workers using 9857 MB)
@  3199s  (total 10 workers using 9857 MB)
@  3210s  (total 10 workers using 9857 MB)
@  3221s  (total 10 workers using 9921 MB)
@  3232s  (total 10 workers using 9876 MB)
@  3244s  (total 10 workers using 9876 MB)
@  3255s  (total 10 workers using 9901 MB)
@  3266s  (total 10 workers using 9927 MB)
@  3277s  (total 10 workers using 9908 MB)
@  3289s  (total 10 workers using 9894 MB)
@  3300s  (total 10 workers using 9890 MB)
@  3311s  (total 10 workers using 9893 MB)
@  3322s  (total 10 workers using 9900 MB)
@  3334s  (total 10 workers using 9906 MB)
@  3345s  (total 10 workers using 9906 MB)
@  3356s  (total 10 workers using 9906 MB)
@  3367s  (total 10 workers using 9906 MB)
@  3379s  (total 10 workers using 9913 MB)
@  3390s  (total 10 workers using 9913 MB)
@  3401s  (total 10 workers using 9913 MB)
@  3412s  (total 10 workers using 9913 MB)
@  3424s  (total 10 workers using 9913 MB)
@  3435s  (total 10 workers using 9913 MB)
@  3446s  (total 10 workers using 9913 MB)
@  3457s  (total 10 workers using 9913 MB)
@  3469s  (total 10 workers using 9913 MB)
@  3480s  (total 10 workers using 9913 MB)
@  3491s  (total 10 workers using 9913 MB)
@  3502s  (total 10 workers using 9911 MB)
@  3514s  (total 10 workers using 9911 MB)
@  3525s  (total 10 workers using 9911 MB)
@  3536s  (total 10 workers using 9911 MB)
@  3547s  (total 10 workers using 9911 MB)
@  3559s  (total 10 workers using 9911 MB)
@  3570s  (total 10 workers using 9911 MB)
@  3576s  (stopping all workers)
@  3576s  (worker 0 finished with result unknown) python3 avr.py -a sa
@  3576s  (worker 3 finished with result unknown) python3 avr.py -b bin_y2 -s
@  3577s  (worker 5 finished with result unknown) python3 avr.py -b bin_bt_cadical -g 3 -l 0 -a sa32
@  3577s  (worker 7 finished with result unknown) python3 avr.py -s -l 0
@  3577s  (worker 9 finished with result unknown) python3 avr.py -b bin_y2 -s -a sa4 --interpol 1 -f 1
@  3577s  (worker 1 finished with result unknown) python3 avr.py -b bin_bt_cadical -s --bmc
@  3577s  (worker 6 finished with result unknown) python3 avr.py -a sa --interpol 1 -f 1
@  3577s  (worker 10 finished with result unknown) python3 avr.py --bmc
@  3577s  (worker 4 finished with result unknown) python3 avr.py -b bin_y2 --bmc
@  3577s  (worker 8 finished with result unknown) python3 avr.py -l 5 -g 3 -a sa8 --interpol 1 -f 1
@  3577s  (copied results from worker 0 in /scratch/network/hongcez/hwmcc/avr-log/btor2/bv/wolf/2019C/pr_vgasim_imgfifo-p107)
@  3577s  [0;30;47m(proof race finished with answer unknown in 3576.98 seconds)[m
