AVR -- Proof Race 
copyright (c) 2019  Aman Goel and Karem Sakallah, University of Michigan
@     0s  (starting avr proof race)
@     0s  (output dir: /scratch/network/hongcez/hwmcc/avr-log/btor2/bv/wolf/2019C/pr_vgasim_imgfifo-p109)
@     0s  (max 11 workers)
@     0s  (started worker 0 with pid 241007)
@     0s  (started worker 1 with pid 241008)
@     0s  (started worker 2 with pid 241009)
@     0s  (started worker 3 with pid 241010)
@     0s  (started worker 4 with pid 241011)
@     0s  (spawned 5 workers)
@     0s  (total 5 workers using 0 MB)
@     1s  (started worker 5 with pid 241128)
@     1s  (spawned 1 workers)
@     1s  (total 6 workers using 297 MB)
@     2s  (started worker 6 with pid 241176)
@     2s  (spawned 1 workers)
@     2s  (total 7 workers using 462 MB)
@     3s  (started worker 7 with pid 241220)
@     3s  (spawned 1 workers)
@     3s  (total 8 workers using 652 MB)
@     5s  (started worker 8 with pid 241277)
@     5s  (spawned 1 workers)
@     5s  (total 9 workers using 763 MB)
@     9s  (started worker 9 with pid 241340)
@     9s  (spawned 1 workers)
@     9s  (total 10 workers using 805 MB)
@    12s  (started worker 10 with pid 241394)
@    12s  (spawned 1 workers)
@    12s  (total 11 workers using 892 MB)
@    24s  (total 11 workers using 1386 MB)
@    39s  (total 11 workers using 1876 MB)
@    55s  (total 11 workers using 2281 MB)
@    69s  (total 11 workers using 2597 MB)
@    83s  (total 11 workers using 2995 MB)
@    98s  (total 11 workers using 3174 MB)
@   111s  (total 11 workers using 3730 MB)
@   125s  (total 11 workers using 3985 MB)
@   138s  (total 11 workers using 4243 MB)
@   152s  (total 11 workers using 4583 MB)
@   165s  (total 11 workers using 4816 MB)
@   179s  (total 11 workers using 5066 MB)
@   192s  (total 11 workers using 5294 MB)
@   206s  (total 11 workers using 5476 MB)
@   219s  (total 11 workers using 5659 MB)
@   233s  (total 11 workers using 5881 MB)
@   246s  (total 11 workers using 6117 MB)
@   260s  (total 11 workers using 6407 MB)
@   273s  (total 11 workers using 6752 MB)
@   287s  (total 11 workers using 6844 MB)
@   300s  (total 11 workers using 7050 MB)
@   315s  (total 11 workers using 7270 MB)
@   328s  (total 11 workers using 7455 MB)
@   341s  (total 11 workers using 7598 MB)
@   355s  (total 11 workers using 7804 MB)
@   368s  (total 11 workers using 7903 MB)
@   381s  (total 11 workers using 8044 MB)
@   395s  (total 11 workers using 8244 MB)
@   408s  (total 11 workers using 8509 MB)
@   422s  (total 11 workers using 8681 MB)
@   435s  (total 11 workers using 8797 MB)
@   449s  (total 11 workers using 8925 MB)
@   462s  (total 11 workers using 9125 MB)
@   474s  (total 11 workers using 9242 MB)
@   485s  (total 11 workers using 9419 MB)
@   497s  (total 11 workers using 9457 MB)
@   508s  (total 11 workers using 9624 MB)
@   519s  (total 11 workers using 9686 MB)
@   530s  (total 11 workers using 9732 MB)
@   542s  (total 11 workers using 9789 MB)
@   553s  (total 11 workers using 9853 MB)
@   564s  (total 11 workers using 9867 MB)
@   575s  (total 11 workers using 9915 MB)
@   587s  (total 11 workers using 10016 MB)
@   598s  (total 11 workers using 10103 MB)
@   609s  (total 11 workers using 10121 MB)
@   620s  (total 11 workers using 10090 MB)
@   632s  (total 11 workers using 10131 MB)
@   643s  (total 11 workers using 10222 MB)
@   654s  (total 11 workers using 10310 MB)
@   665s  (total 11 workers using 10353 MB)
@   677s  (total 11 workers using 10484 MB)
@   688s  (total 11 workers using 10543 MB)
@   699s  (total 11 workers using 10664 MB)
@   710s  (total 11 workers using 10779 MB)
@   722s  (total 11 workers using 10880 MB)
@   733s  (total 11 workers using 11069 MB)
@   744s  (total 11 workers using 10935 MB)
@   755s  (total 11 workers using 11009 MB)
@   767s  (total 11 workers using 11067 MB)
@   778s  (total 11 workers using 11191 MB)
@   789s  (total 11 workers using 11246 MB)
@   800s  (total 11 workers using 11272 MB)
@   811s  (total 11 workers using 11353 MB)
@   822s  (total 11 workers using 11433 MB)
@   833s  (total 11 workers using 11617 MB)
@   844s  (total 11 workers using 11666 MB)
@   856s  (total 11 workers using 11634 MB)
@   867s  (total 11 workers using 11752 MB)
@   878s  (total 11 workers using 11818 MB)
@   889s  (total 11 workers using 11852 MB)
@   901s  (total 11 workers using 11831 MB)
@   912s  (total 11 workers using 11959 MB)
@   923s  (total 11 workers using 11910 MB)
@   934s  (total 11 workers using 11913 MB)
@   946s  (total 11 workers using 11941 MB)
@   957s  (total 11 workers using 12018 MB)
@   968s  (total 11 workers using 12097 MB)
@   979s  (total 11 workers using 12061 MB)
@   991s  (total 11 workers using 12062 MB)
@  1002s  (total 11 workers using 12220 MB)
@  1014s  (total 11 workers using 12331 MB)
@  1025s  (total 11 workers using 12397 MB)
@  1036s  (total 11 workers using 12419 MB)
@  1047s  (total 11 workers using 12466 MB)
@  1059s  (total 11 workers using 12339 MB)
@  1070s  (total 11 workers using 12484 MB)
@  1081s  (total 11 workers using 12564 MB)
@  1092s  (total 11 workers using 12559 MB)
@  1104s  (total 11 workers using 12687 MB)
@  1115s  (total 11 workers using 12662 MB)
@  1126s  (total 11 workers using 12552 MB)
@  1137s  (total 11 workers using 12504 MB)
@  1149s  (total 11 workers using 12732 MB)
@  1160s  (total 11 workers using 12696 MB)
@  1171s  (total 11 workers using 12777 MB)
@  1182s  (total 11 workers using 12788 MB)
@  1194s  (total 11 workers using 12828 MB)
@  1205s  (total 11 workers using 12958 MB)
@  1216s  (total 11 workers using 12682 MB)
@  1227s  (total 11 workers using 12854 MB)
@  1239s  (total 11 workers using 12868 MB)
@  1250s  (total 11 workers using 12940 MB)
@  1261s  (total 11 workers using 12957 MB)
@  1272s  (total 11 workers using 13087 MB)
@  1284s  (total 11 workers using 13071 MB)
@  1295s  (total 11 workers using 12925 MB)
@  1306s  (total 11 workers using 13045 MB)
@  1318s  (total 11 workers using 13119 MB)
@  1329s  (total 11 workers using 13126 MB)
@  1340s  (total 11 workers using 13143 MB)
@  1351s  (total 11 workers using 13201 MB)
@  1363s  (total 11 workers using 13126 MB)
@  1374s  (total 11 workers using 13098 MB)
@  1385s  (total 11 workers using 13057 MB)
@  1397s  (total 11 workers using 13175 MB)
@  1408s  (total 11 workers using 13196 MB)
@  1419s  (total 11 workers using 13199 MB)
@  1430s  (total 11 workers using 13218 MB)
@  1442s  (total 11 workers using 13219 MB)
@  1453s  (total 11 workers using 13245 MB)
@  1464s  (total 11 workers using 13323 MB)
@  1475s  (total 11 workers using 13286 MB)
@  1487s  (total 11 workers using 13393 MB)
@  1498s  (total 11 workers using 13410 MB)
@  1509s  (total 11 workers using 13440 MB)
@  1520s  (total 11 workers using 13460 MB)
@  1532s  (total 11 workers using 13529 MB)
@  1543s  (total 11 workers using 13505 MB)
@  1554s  (total 11 workers using 13521 MB)
@  1565s  (total 11 workers using 13603 MB)
@  1577s  (total 11 workers using 13588 MB)
@  1588s  (total 11 workers using 13708 MB)
@  1599s  (total 11 workers using 13639 MB)
@  1610s  (total 11 workers using 13732 MB)
@  1622s  (total 11 workers using 13765 MB)
@  1633s  (total 11 workers using 13626 MB)
@  1644s  (total 11 workers using 13820 MB)
@  1655s  (total 11 workers using 13858 MB)
@  1667s  (total 11 workers using 13754 MB)
@  1678s  (total 11 workers using 13851 MB)
@  1689s  (total 11 workers using 13889 MB)
@  1700s  (total 11 workers using 13897 MB)
@  1712s  (total 11 workers using 13957 MB)
@  1723s  (total 11 workers using 13962 MB)
@  1734s  (total 11 workers using 14029 MB)
@  1745s  (total 11 workers using 14010 MB)
@  1757s  (total 11 workers using 14071 MB)
@  1768s  (total 11 workers using 13989 MB)
@  1779s  (total 11 workers using 14098 MB)
@  1790s  (total 11 workers using 14143 MB)
@  1802s  (total 11 workers using 14157 MB)
@  1813s  (total 11 workers using 14194 MB)
@  1824s  (total 11 workers using 14223 MB)
@  1835s  (total 11 workers using 14228 MB)
@  1847s  (total 11 workers using 14232 MB)
@  1858s  (total 11 workers using 14249 MB)
@  1869s  (total 11 workers using 14261 MB)
@  1880s  (total 11 workers using 14377 MB)
@  1892s  (total 11 workers using 14272 MB)
@  1903s  (total 11 workers using 14318 MB)
@  1914s  (total 11 workers using 14378 MB)
@  1925s  (total 11 workers using 14370 MB)
@  1937s  (total 11 workers using 14402 MB)
@  1948s  (total 11 workers using 14406 MB)
@  1959s  (total 11 workers using 14390 MB)
@  1971s  (total 11 workers using 14353 MB)
@  1982s  (total 11 workers using 14337 MB)
@  1993s  (total 11 workers using 14314 MB)
@  2004s  (total 11 workers using 14539 MB)
@  2016s  (total 11 workers using 14618 MB)
@  2027s  (total 11 workers using 14626 MB)
@  2038s  (total 11 workers using 14634 MB)
@  2049s  (total 11 workers using 14649 MB)
@  2061s  (total 11 workers using 14683 MB)
@  2072s  (total 11 workers using 14698 MB)
@  2083s  (total 11 workers using 14700 MB)
@  2095s  (total 11 workers using 14813 MB)
@  2106s  (total 11 workers using 14898 MB)
@  2117s  (total 11 workers using 15014 MB)
@  2128s  (total 11 workers using 14840 MB)
@  2140s  (total 11 workers using 14846 MB)
@  2151s  (total 11 workers using 14866 MB)
@  2162s  (total 11 workers using 14863 MB)
@  2173s  (total 11 workers using 14867 MB)
@  2185s  (total 11 workers using 14868 MB)
@  2196s  (total 11 workers using 14796 MB)
@  2207s  (total 11 workers using 14879 MB)
@  2218s  (total 11 workers using 14730 MB)
@  2230s  (total 11 workers using 14816 MB)
@  2241s  (total 11 workers using 14992 MB)
@  2252s  (total 11 workers using 14898 MB)
@  2263s  (total 11 workers using 15011 MB)
@  2275s  (total 11 workers using 15078 MB)
@  2286s  (total 11 workers using 15083 MB)
@  2297s  (total 11 workers using 15101 MB)
@  2308s  (total 11 workers using 15104 MB)
@  2320s  (total 11 workers using 15110 MB)
@  2331s  (total 11 workers using 15126 MB)
@  2342s  (total 11 workers using 15160 MB)
@  2353s  (total 11 workers using 15165 MB)
@  2365s  (total 11 workers using 15275 MB)
@  2376s  (total 11 workers using 14980 MB)
@  2387s  (total 11 workers using 15036 MB)
@  2398s  (total 11 workers using 15234 MB)
@  2410s  (total 11 workers using 15160 MB)
@  2421s  (total 11 workers using 15248 MB)
@  2432s  (total 11 workers using 15275 MB)
@  2443s  (total 11 workers using 15282 MB)
@  2455s  (total 11 workers using 15285 MB)
@  2466s  (total 11 workers using 15399 MB)
@  2477s  (total 11 workers using 15434 MB)
@  2488s  (total 11 workers using 15447 MB)
@  2500s  (total 11 workers using 15454 MB)
@  2511s  (total 11 workers using 15535 MB)
@  2522s  (total 11 workers using 15552 MB)
@  2533s  (total 11 workers using 15553 MB)
@  2545s  (total 11 workers using 15538 MB)
@  2556s  (total 11 workers using 15465 MB)
@  2567s  (total 11 workers using 15467 MB)
@  2578s  (total 11 workers using 15568 MB)
@  2590s  (total 11 workers using 15552 MB)
@  2601s  (total 11 workers using 15554 MB)
@  2612s  (total 11 workers using 15577 MB)
@  2623s  (total 11 workers using 15698 MB)
@  2635s  (total 11 workers using 15649 MB)
@  2646s  (total 11 workers using 15815 MB)
@  2657s  (total 11 workers using 15715 MB)
@  2668s  (total 11 workers using 15722 MB)
@  2680s  (total 11 workers using 15856 MB)
@  2691s  (total 11 workers using 15529 MB)
@  2702s  (total 11 workers using 15675 MB)
@  2713s  (total 11 workers using 15766 MB)
@  2725s  (total 11 workers using 15866 MB)
@  2736s  (total 11 workers using 15731 MB)
@  2747s  (total 11 workers using 15668 MB)
@  2759s  (total 11 workers using 15874 MB)
@  2770s  (total 11 workers using 15777 MB)
@  2781s  (total 11 workers using 15790 MB)
@  2792s  (total 11 workers using 15791 MB)
@  2804s  (total 11 workers using 15800 MB)
@  2815s  (total 11 workers using 15803 MB)
@  2826s  (total 11 workers using 15806 MB)
@  2837s  (total 11 workers using 15923 MB)
@  2849s  (total 11 workers using 15616 MB)
@  2860s  (total 11 workers using 15814 MB)
@  2871s  (total 11 workers using 15843 MB)
@  2882s  (total 11 workers using 15845 MB)
@  2894s  (total 11 workers using 15778 MB)
@  2905s  (total 11 workers using 15847 MB)
@  2916s  (total 11 workers using 15852 MB)
@  2928s  (total 11 workers using 15853 MB)
@  2939s  (total 11 workers using 15838 MB)
@  2950s  (total 11 workers using 15871 MB)
@  2961s  (total 11 workers using 15871 MB)
@  2973s  (total 11 workers using 15876 MB)
@  2984s  (total 11 workers using 15880 MB)
@  2995s  (total 11 workers using 15862 MB)
@  3006s  (total 11 workers using 15863 MB)
@  3018s  (total 11 workers using 15845 MB)
@  3029s  (total 11 workers using 15863 MB)
@  3032s  (worker 10 finished with result unknown) python3 avr.py --bmc
@  3040s  (total 10 workers using 11080 MB)
@  3051s  (total 10 workers using 11042 MB)
@  3062s  (total 10 workers using 11202 MB)
@  3073s  (total 10 workers using 11107 MB)
@  3085s  (total 10 workers using 11152 MB)
@  3095s  (total 10 workers using 11389 MB)
@  3107s  (total 10 workers using 11177 MB)
@  3118s  (total 10 workers using 11177 MB)
@  3129s  (total 10 workers using 11177 MB)
@  3140s  (total 10 workers using 11177 MB)
@  3151s  (total 10 workers using 11203 MB)
@  3162s  (total 10 workers using 11203 MB)
@  3174s  (total 10 workers using 11203 MB)
@  3185s  (total 10 workers using 11203 MB)
@  3196s  (total 10 workers using 11203 MB)
@  3207s  (total 10 workers using 11177 MB)
@  3218s  (total 10 workers using 11177 MB)
@  3229s  (total 10 workers using 11229 MB)
@  3240s  (total 10 workers using 11229 MB)
@  3251s  (total 10 workers using 11229 MB)
@  3263s  (total 10 workers using 11299 MB)
@  3274s  (total 10 workers using 11299 MB)
@  3285s  (total 10 workers using 11300 MB)
@  3296s  (total 10 workers using 11300 MB)
@  3307s  (total 10 workers using 11300 MB)
@  3318s  (total 10 workers using 11303 MB)
@  3329s  (total 10 workers using 11307 MB)
@  3340s  (total 10 workers using 11307 MB)
@  3352s  (total 10 workers using 11307 MB)
@  3363s  (total 10 workers using 11307 MB)
@  3374s  (total 10 workers using 11307 MB)
@  3385s  (total 10 workers using 11307 MB)
@  3396s  (total 10 workers using 11307 MB)
@  3407s  (total 10 workers using 11333 MB)
@  3418s  (total 10 workers using 11340 MB)
@  3429s  (total 10 workers using 11446 MB)
@  3441s  (total 10 workers using 11361 MB)
@  3452s  (total 10 workers using 11418 MB)
@  3463s  (total 10 workers using 11724 MB)
@  3474s  (total 10 workers using 11410 MB)
@  3485s  (total 10 workers using 11417 MB)
@  3496s  (total 10 workers using 11417 MB)
@  3507s  (total 10 workers using 11417 MB)
@  3518s  (total 10 workers using 11417 MB)
@  3530s  (total 10 workers using 11417 MB)
@  3541s  (total 10 workers using 11419 MB)
@  3552s  (total 10 workers using 11420 MB)
@  3560s  (worker 1 finished with result unknown) python3 avr.py -b bin_bt_cadical -s --bmc
@  3563s  (total 9 workers using 8686 MB)
@  3574s  (stopping all workers)
@  3574s  (total 9 workers using 0 MB)
@  3574s  (worker 0 finished with result unknown) python3 avr.py -a sa
@  3574s  (worker 3 finished with result unknown) python3 avr.py -b bin_y2 -s
@  3574s  (worker 5 finished with result unknown) python3 avr.py -b bin_bt_cadical -g 3 -l 0 -a sa32
@  3574s  (worker 7 finished with result unknown) python3 avr.py -s -l 0
@  3574s  (worker 9 finished with result unknown) python3 avr.py -b bin_y2 -s -a sa4 --interpol 1 -f 1
@  3574s  (worker 2 finished with result unknown) python3 avr.py
@  3574s  (worker 6 finished with result unknown) python3 avr.py -a sa --interpol 1 -f 1
@  3574s  (worker 4 finished with result unknown) python3 avr.py -b bin_y2 --bmc
@  3574s  (worker 8 finished with result unknown) python3 avr.py -l 5 -g 3 -a sa8 --interpol 1 -f 1
@  3574s  (copied results from worker 0 in /scratch/network/hongcez/hwmcc/avr-log/btor2/bv/wolf/2019C/pr_vgasim_imgfifo-p109)
@  3574s  [0;30;47m(proof race finished with answer unknown in 3574.03 seconds)[m
