AVR -- Proof Race 
copyright (c) 2019  Aman Goel and Karem Sakallah, University of Michigan
@     0s  (starting avr proof race)
@     0s  (output dir: /scratch/network/hongcez/hwmcc/avr-log/btor2/bv/wolf/2019C/pr_vgasim_imgfifo-p111)
@     0s  (max 11 workers)
@     0s  (started worker 0 with pid 55625)
@     0s  (started worker 1 with pid 55626)
@     0s  (started worker 2 with pid 55627)
@     0s  (started worker 3 with pid 55628)
@     0s  (started worker 4 with pid 55629)
@     0s  (spawned 5 workers)
@     0s  (total 5 workers using 0 MB)
@     1s  (started worker 5 with pid 55743)
@     1s  (spawned 1 workers)
@     1s  (total 6 workers using 273 MB)
@     2s  (started worker 6 with pid 55783)
@     2s  (spawned 1 workers)
@     2s  (total 7 workers using 450 MB)
@     3s  (started worker 7 with pid 55827)
@     3s  (spawned 1 workers)
@     3s  (total 8 workers using 626 MB)
@     5s  (started worker 8 with pid 55874)
@     5s  (spawned 1 workers)
@     5s  (total 9 workers using 791 MB)
@     9s  (started worker 9 with pid 55933)
@     9s  (spawned 1 workers)
@     9s  (total 10 workers using 975 MB)
@    12s  (started worker 10 with pid 55984)
@    12s  (spawned 1 workers)
@    12s  (total 11 workers using 1046 MB)
@    24s  (total 11 workers using 1557 MB)
@    41s  (total 11 workers using 2046 MB)
@    57s  (total 11 workers using 2415 MB)
@    72s  (total 11 workers using 2693 MB)
@    86s  (total 11 workers using 3122 MB)
@   102s  (total 11 workers using 3290 MB)
@   115s  (total 11 workers using 3523 MB)
@   129s  (total 11 workers using 3842 MB)
@   143s  (total 11 workers using 4084 MB)
@   157s  (total 11 workers using 4513 MB)
@   170s  (total 11 workers using 4700 MB)
@   185s  (total 11 workers using 4924 MB)
@   198s  (total 11 workers using 5211 MB)
@   213s  (total 11 workers using 5504 MB)
@   226s  (total 11 workers using 5655 MB)
@   240s  (total 11 workers using 5897 MB)
@   254s  (total 11 workers using 6127 MB)
@   268s  (total 11 workers using 6299 MB)
@   282s  (total 11 workers using 6610 MB)
@   296s  (total 11 workers using 6881 MB)
@   310s  (total 11 workers using 7077 MB)
@   324s  (total 11 workers using 7327 MB)
@   337s  (total 11 workers using 7072 MB)
@   338s  (worker 6 finished with result unknown) python3 avr.py -a sa --interpol 1 -f 1
@   351s  (total 10 workers using 7314 MB)
@   364s  (total 10 workers using 7455 MB)
@   378s  (total 10 workers using 7674 MB)
@   391s  (total 10 workers using 7901 MB)
@   405s  (total 10 workers using 8022 MB)
@   418s  (total 10 workers using 8155 MB)
@   432s  (total 10 workers using 8414 MB)
@   445s  (total 10 workers using 8634 MB)
@   459s  (total 10 workers using 8779 MB)
@   472s  (total 10 workers using 8900 MB)
@   486s  (total 10 workers using 9042 MB)
@   500s  (total 10 workers using 9192 MB)
@   513s  (total 10 workers using 9215 MB)
@   526s  (total 10 workers using 9418 MB)
@   540s  (total 10 workers using 9537 MB)
@   554s  (total 10 workers using 9710 MB)
@   568s  (total 10 workers using 9834 MB)
@   581s  (total 10 workers using 10013 MB)
@   595s  (total 10 workers using 10144 MB)
@   608s  (total 10 workers using 10298 MB)
@   622s  (total 10 workers using 10398 MB)
@   635s  (total 10 workers using 10549 MB)
@   649s  (total 10 workers using 10694 MB)
@   662s  (total 10 workers using 10788 MB)
@   676s  (total 10 workers using 10900 MB)
@   689s  (total 10 workers using 11140 MB)
@   703s  (total 10 workers using 11295 MB)
@   716s  (total 10 workers using 11447 MB)
@   730s  (total 10 workers using 11713 MB)
@   743s  (total 10 workers using 11704 MB)
@   757s  (total 10 workers using 11833 MB)
@   770s  (total 10 workers using 12105 MB)
@   784s  (total 10 workers using 12069 MB)
@   795s  (total 10 workers using 12090 MB)
@   807s  (total 10 workers using 12165 MB)
@   818s  (total 10 workers using 12406 MB)
@   830s  (total 10 workers using 12472 MB)
@   841s  (total 10 workers using 12704 MB)
@   853s  (total 10 workers using 12695 MB)
@   864s  (total 10 workers using 12757 MB)
@   875s  (total 10 workers using 12844 MB)
@   887s  (total 10 workers using 12868 MB)
@   898s  (total 10 workers using 12948 MB)
@   909s  (total 10 workers using 13034 MB)
@   921s  (total 10 workers using 13038 MB)
@   932s  (total 10 workers using 13037 MB)
@   943s  (total 10 workers using 13088 MB)
@   954s  (total 10 workers using 13131 MB)
@   966s  (total 10 workers using 13256 MB)
@   977s  (total 10 workers using 13212 MB)
@   988s  (total 10 workers using 13289 MB)
@   999s  (total 10 workers using 13290 MB)
@  1010s  (total 10 workers using 13371 MB)
@  1021s  (total 10 workers using 13380 MB)
@  1033s  (total 10 workers using 13393 MB)
@  1044s  (total 10 workers using 13417 MB)
@  1055s  (total 10 workers using 13537 MB)
@  1066s  (total 10 workers using 13583 MB)
@  1078s  (total 10 workers using 13591 MB)
@  1089s  (total 10 workers using 13611 MB)
@  1100s  (total 10 workers using 13614 MB)
@  1111s  (total 10 workers using 13623 MB)
@  1123s  (total 10 workers using 13688 MB)
@  1134s  (total 10 workers using 13672 MB)
@  1145s  (total 10 workers using 13734 MB)
@  1156s  (total 10 workers using 13698 MB)
@  1167s  (total 10 workers using 13768 MB)
@  1178s  (total 10 workers using 13951 MB)
@  1190s  (total 10 workers using 13970 MB)
@  1201s  (total 10 workers using 13950 MB)
@  1212s  (total 10 workers using 13984 MB)
@  1223s  (total 10 workers using 13968 MB)
@  1235s  (total 10 workers using 14000 MB)
@  1246s  (total 10 workers using 14033 MB)
@  1257s  (total 10 workers using 14093 MB)
@  1268s  (total 10 workers using 14074 MB)
@  1279s  (total 10 workers using 14101 MB)
@  1290s  (total 10 workers using 14103 MB)
@  1302s  (total 10 workers using 14142 MB)
@  1313s  (total 10 workers using 14297 MB)
@  1324s  (total 10 workers using 14115 MB)
@  1335s  (total 10 workers using 14166 MB)
@  1347s  (total 10 workers using 14121 MB)
@  1358s  (total 10 workers using 14147 MB)
@  1369s  (total 10 workers using 14154 MB)
@  1380s  (total 10 workers using 14171 MB)
@  1392s  (total 10 workers using 14159 MB)
@  1403s  (total 10 workers using 14217 MB)
@  1414s  (total 10 workers using 14235 MB)
@  1425s  (total 10 workers using 14296 MB)
@  1436s  (total 10 workers using 14299 MB)
@  1448s  (total 10 workers using 14290 MB)
@  1459s  (total 10 workers using 14400 MB)
@  1470s  (total 10 workers using 14352 MB)
@  1481s  (total 10 workers using 14377 MB)
@  1492s  (total 10 workers using 14366 MB)
@  1504s  (total 10 workers using 14371 MB)
@  1515s  (total 10 workers using 14227 MB)
@  1526s  (total 10 workers using 14288 MB)
@  1537s  (total 10 workers using 14262 MB)
@  1549s  (total 10 workers using 14311 MB)
@  1560s  (total 10 workers using 14311 MB)
@  1571s  (total 10 workers using 14352 MB)
@  1582s  (total 10 workers using 14400 MB)
@  1593s  (total 10 workers using 14486 MB)
@  1604s  (total 10 workers using 14495 MB)
@  1616s  (total 10 workers using 14536 MB)
@  1627s  (total 10 workers using 14549 MB)
@  1638s  (total 10 workers using 14505 MB)
@  1649s  (total 10 workers using 14564 MB)
@  1661s  (total 10 workers using 14602 MB)
@  1672s  (total 10 workers using 14600 MB)
@  1683s  (total 10 workers using 14610 MB)
@  1694s  (total 10 workers using 14610 MB)
@  1706s  (total 10 workers using 14767 MB)
@  1717s  (total 10 workers using 14639 MB)
@  1728s  (total 10 workers using 14643 MB)
@  1739s  (total 10 workers using 14687 MB)
@  1750s  (total 10 workers using 14720 MB)
@  1762s  (total 10 workers using 14663 MB)
@  1773s  (total 10 workers using 14741 MB)
@  1784s  (total 10 workers using 14714 MB)
@  1795s  (total 10 workers using 14752 MB)
@  1806s  (total 10 workers using 14738 MB)
@  1818s  (total 10 workers using 14763 MB)
@  1829s  (total 10 workers using 14842 MB)
@  1840s  (total 10 workers using 14938 MB)
@  1851s  (total 10 workers using 14936 MB)
@  1863s  (total 10 workers using 14912 MB)
@  1874s  (total 10 workers using 14912 MB)
@  1885s  (total 10 workers using 14852 MB)
@  1896s  (total 10 workers using 14887 MB)
@  1908s  (total 10 workers using 14885 MB)
@  1919s  (total 10 workers using 14889 MB)
@  1930s  (total 10 workers using 14964 MB)
@  1941s  (total 10 workers using 14875 MB)
@  1952s  (total 10 workers using 14925 MB)
@  1963s  (total 10 workers using 14937 MB)
@  1975s  (total 10 workers using 14868 MB)
@  1986s  (total 10 workers using 14957 MB)
@  1997s  (total 10 workers using 14968 MB)
@  2008s  (total 10 workers using 14987 MB)
@  2020s  (total 10 workers using 14923 MB)
@  2031s  (total 10 workers using 14897 MB)
@  2042s  (total 10 workers using 14948 MB)
@  2053s  (total 10 workers using 14996 MB)
@  2065s  (total 10 workers using 14929 MB)
@  2076s  (total 10 workers using 14961 MB)
@  2087s  (total 10 workers using 14999 MB)
@  2098s  (total 10 workers using 15005 MB)
@  2110s  (total 10 workers using 15009 MB)
@  2121s  (total 10 workers using 15063 MB)
@  2132s  (total 10 workers using 15046 MB)
@  2143s  (total 10 workers using 15067 MB)
@  2155s  (total 10 workers using 15051 MB)
@  2166s  (total 10 workers using 15059 MB)
@  2177s  (total 10 workers using 15066 MB)
@  2188s  (total 10 workers using 15071 MB)
@  2199s  (total 10 workers using 15083 MB)
@  2210s  (total 10 workers using 15140 MB)
@  2222s  (total 10 workers using 15255 MB)
@  2233s  (total 10 workers using 15116 MB)
@  2244s  (total 10 workers using 15088 MB)
@  2255s  (total 10 workers using 15060 MB)
@  2267s  (total 10 workers using 15136 MB)
@  2278s  (total 10 workers using 15106 MB)
@  2289s  (total 10 workers using 15092 MB)
@  2300s  (total 10 workers using 15187 MB)
@  2312s  (total 10 workers using 15226 MB)
@  2323s  (total 10 workers using 15348 MB)
@  2334s  (total 10 workers using 15301 MB)
@  2345s  (total 10 workers using 15337 MB)
@  2357s  (total 10 workers using 15367 MB)
@  2368s  (total 10 workers using 15342 MB)
@  2379s  (total 10 workers using 15341 MB)
@  2390s  (total 10 workers using 15319 MB)
@  2402s  (total 10 workers using 15319 MB)
@  2413s  (total 10 workers using 15368 MB)
@  2424s  (total 10 workers using 15378 MB)
@  2435s  (total 10 workers using 15348 MB)
@  2446s  (total 10 workers using 15389 MB)
@  2458s  (total 10 workers using 15457 MB)
@  2469s  (total 10 workers using 15476 MB)
@  2480s  (total 10 workers using 15469 MB)
@  2491s  (total 10 workers using 15548 MB)
@  2502s  (total 10 workers using 15452 MB)
@  2514s  (total 10 workers using 15446 MB)
@  2525s  (total 10 workers using 15605 MB)
@  2536s  (total 10 workers using 15438 MB)
@  2547s  (total 10 workers using 15400 MB)
@  2559s  (total 10 workers using 15422 MB)
@  2570s  (total 10 workers using 15425 MB)
@  2581s  (total 10 workers using 15429 MB)
@  2592s  (total 10 workers using 15433 MB)
@  2604s  (total 10 workers using 15437 MB)
@  2615s  (total 10 workers using 15436 MB)
@  2626s  (total 10 workers using 15439 MB)
@  2637s  (total 10 workers using 15426 MB)
@  2648s  (total 10 workers using 15437 MB)
@  2659s  (total 10 workers using 15442 MB)
@  2671s  (total 10 workers using 15477 MB)
@  2682s  (total 10 workers using 15475 MB)
@  2693s  (total 10 workers using 15496 MB)
@  2704s  (total 10 workers using 15502 MB)
@  2716s  (total 10 workers using 15509 MB)
@  2727s  (total 10 workers using 15515 MB)
@  2738s  (total 10 workers using 15616 MB)
@  2749s  (total 10 workers using 15399 MB)
@  2760s  (total 10 workers using 15282 MB)
@  2772s  (total 10 workers using 15356 MB)
@  2783s  (total 10 workers using 15323 MB)
@  2794s  (total 10 workers using 15440 MB)
@  2805s  (total 10 workers using 15402 MB)
@  2817s  (total 10 workers using 15428 MB)
@  2828s  (total 10 workers using 15446 MB)
@  2839s  (total 10 workers using 15447 MB)
@  2850s  (total 10 workers using 15467 MB)
@  2861s  (total 10 workers using 15417 MB)
@  2873s  (total 10 workers using 15538 MB)
@  2884s  (total 10 workers using 15524 MB)
@  2895s  (total 10 workers using 15547 MB)
@  2906s  (total 10 workers using 15588 MB)
@  2918s  (total 10 workers using 15550 MB)
@  2929s  (total 10 workers using 15574 MB)
@  2940s  (total 10 workers using 15597 MB)
@  2951s  (total 10 workers using 15566 MB)
@  2962s  (total 10 workers using 15593 MB)
@  2974s  (total 10 workers using 15559 MB)
@  2985s  (total 10 workers using 15612 MB)
@  2996s  (total 10 workers using 15641 MB)
@  3007s  (total 10 workers using 15634 MB)
@  3018s  (total 10 workers using 15891 MB)
@  3030s  (total 10 workers using 15772 MB)
@  3041s  (total 10 workers using 15727 MB)
@  3052s  (total 10 workers using 15732 MB)
@  3063s  (total 10 workers using 15716 MB)
@  3075s  (total 10 workers using 15690 MB)
@  3086s  (total 10 workers using 15757 MB)
@  3097s  (total 10 workers using 15708 MB)
@  3108s  (total 10 workers using 15745 MB)
@  3119s  (total 10 workers using 15703 MB)
@  3131s  (total 10 workers using 15679 MB)
@  3142s  (total 10 workers using 15705 MB)
@  3153s  (total 10 workers using 15690 MB)
@  3164s  (total 10 workers using 15711 MB)
@  3175s  (total 10 workers using 15694 MB)
@  3187s  (total 10 workers using 15678 MB)
@  3198s  (total 10 workers using 15710 MB)
@  3209s  (total 10 workers using 15722 MB)
@  3220s  (total 10 workers using 15741 MB)
@  3232s  (total 10 workers using 15814 MB)
@  3243s  (total 10 workers using 15887 MB)
@  3254s  (total 10 workers using 15846 MB)
@  3265s  (total 10 workers using 15846 MB)
@  3277s  (total 10 workers using 15925 MB)
@  3288s  (total 10 workers using 15859 MB)
@  3299s  (total 10 workers using 15893 MB)
@  3310s  (total 10 workers using 15909 MB)
@  3322s  (total 10 workers using 15943 MB)
@  3333s  (total 10 workers using 15938 MB)
@  3344s  (total 10 workers using 15937 MB)
@  3355s  (total 10 workers using 15904 MB)
@  3366s  (total 10 workers using 15895 MB)
@  3377s  (total 10 workers using 15897 MB)
@  3389s  (total 10 workers using 15892 MB)
@  3400s  (total 10 workers using 15926 MB)
@  3411s  (total 10 workers using 15919 MB)
@  3422s  (total 10 workers using 15995 MB)
@  3434s  (total 10 workers using 16008 MB)
@  3445s  (total 10 workers using 16014 MB)
@  3456s  (total 10 workers using 16012 MB)
@  3467s  (total 10 workers using 16095 MB)
@  3478s  (total 10 workers using 16099 MB)
@  3489s  (total 10 workers using 16124 MB)
@  3501s  (total 10 workers using 16082 MB)
@  3512s  (total 10 workers using 16154 MB)
@  3523s  (total 10 workers using 16146 MB)
@  3534s  (total 10 workers using 16147 MB)
@  3546s  (total 10 workers using 16156 MB)
@  3557s  (total 10 workers using 16157 MB)
@  3568s  (total 10 workers using 16146 MB)
@  3573s  (stopping all workers)
@  3573s  (worker 0 finished with result unknown) python3 avr.py -a sa
@  3573s  (worker 2 finished with result unknown) python3 avr.py
@  3573s  (worker 4 finished with result unknown) python3 avr.py -b bin_y2 --bmc
@  3573s  (worker 7 finished with result unknown) python3 avr.py -s -l 0
@  3573s  (worker 9 finished with result unknown) python3 avr.py -b bin_y2 -s -a sa4 --interpol 1 -f 1
@  3573s  (worker 1 finished with result unknown) python3 avr.py -b bin_bt_cadical -s --bmc
@  3573s  (worker 5 finished with result unknown) python3 avr.py -b bin_bt_cadical -g 3 -l 0 -a sa32
@  3573s  (worker 10 finished with result unknown) python3 avr.py --bmc
@  3573s  (worker 3 finished with result unknown) python3 avr.py -b bin_y2 -s
@  3573s  (worker 8 finished with result unknown) python3 avr.py -l 5 -g 3 -a sa8 --interpol 1 -f 1
@  3573s  (copied results from worker 0 in /scratch/network/hongcez/hwmcc/avr-log/btor2/bv/wolf/2019C/pr_vgasim_imgfifo-p111)
@  3573s  [0;30;47m(proof race finished with answer unknown in 3573.02 seconds)[m
