AVR -- Proof Race 
copyright (c) 2019  Aman Goel and Karem Sakallah, University of Michigan
@     0s  (starting avr proof race)
@     0s  (output dir: /scratch/network/hongcez/hwmcc/avr-log/btor2/bv/wolf/2019C/pr_vgasim_imgfifo-p070)
@     0s  (max 11 workers)
@     0s  (started worker 0 with pid 207004)
@     0s  (started worker 1 with pid 207005)
@     0s  (started worker 2 with pid 207006)
@     0s  (started worker 3 with pid 207007)
@     0s  (started worker 4 with pid 207008)
@     0s  (spawned 5 workers)
@     0s  (total 5 workers using 0 MB)
@     1s  (started worker 5 with pid 207122)
@     1s  (spawned 1 workers)
@     1s  (total 6 workers using 231 MB)
@     2s  (started worker 6 with pid 207162)
@     2s  (spawned 1 workers)
@     2s  (total 7 workers using 346 MB)
@     3s  (started worker 7 with pid 207207)
@     3s  (spawned 1 workers)
@     3s  (total 8 workers using 395 MB)
@     6s  (started worker 8 with pid 207254)
@     6s  (spawned 1 workers)
@     6s  (total 9 workers using 557 MB)
@     9s  (started worker 9 with pid 207313)
@     9s  (spawned 1 workers)
@     9s  (total 10 workers using 687 MB)
@    13s  (started worker 10 with pid 207364)
@    13s  (spawned 1 workers)
@    13s  (total 11 workers using 789 MB)
@    25s  (total 11 workers using 1281 MB)
@    43s  (total 11 workers using 1757 MB)
@    59s  (total 11 workers using 2015 MB)
@    74s  (total 11 workers using 2317 MB)
@    88s  (total 11 workers using 2661 MB)
@   104s  (total 11 workers using 2994 MB)
@   118s  (total 11 workers using 3178 MB)
@   132s  (total 11 workers using 3420 MB)
@   145s  (total 11 workers using 3703 MB)
@   160s  (total 11 workers using 4044 MB)
@   174s  (total 11 workers using 4393 MB)
@   189s  (total 11 workers using 4711 MB)
@   202s  (total 11 workers using 4986 MB)
@   217s  (total 11 workers using 5206 MB)
@   231s  (total 11 workers using 5574 MB)
@   245s  (total 11 workers using 5668 MB)
@   259s  (total 11 workers using 5886 MB)
@   274s  (total 11 workers using 6052 MB)
@   288s  (total 11 workers using 6160 MB)
@   303s  (total 11 workers using 6331 MB)
@   317s  (total 11 workers using 6561 MB)
@   331s  (total 11 workers using 6743 MB)
@   345s  (total 11 workers using 6919 MB)
@   360s  (total 11 workers using 7041 MB)
@   374s  (total 11 workers using 7223 MB)
@   389s  (total 11 workers using 7515 MB)
@   402s  (total 11 workers using 7788 MB)
@   417s  (total 11 workers using 7990 MB)
@   431s  (total 11 workers using 8119 MB)
@   446s  (total 11 workers using 8360 MB)
@   459s  (total 11 workers using 8535 MB)
@   474s  (total 11 workers using 8651 MB)
@   488s  (total 11 workers using 8797 MB)
@   503s  (total 11 workers using 8975 MB)
@   516s  (total 11 workers using 9074 MB)
@   532s  (total 11 workers using 9244 MB)
@   545s  (total 11 workers using 9359 MB)
@   560s  (total 11 workers using 9441 MB)
@   574s  (total 11 workers using 9498 MB)
@   589s  (total 11 workers using 9649 MB)
@   603s  (total 11 workers using 9785 MB)
@   618s  (total 11 workers using 9951 MB)
@   631s  (total 11 workers using 10286 MB)
@   646s  (total 11 workers using 10548 MB)
@   660s  (total 11 workers using 10731 MB)
@   675s  (total 11 workers using 10880 MB)
@   688s  (total 11 workers using 10949 MB)
@   703s  (total 11 workers using 11165 MB)
@   717s  (total 11 workers using 11524 MB)
@   731s  (total 11 workers using 11704 MB)
@   742s  (total 11 workers using 11778 MB)
@   754s  (total 11 workers using 11883 MB)
@   766s  (total 11 workers using 11878 MB)
@   778s  (total 11 workers using 11906 MB)
@   789s  (total 11 workers using 11967 MB)
@   801s  (total 11 workers using 12047 MB)
@   812s  (total 11 workers using 12110 MB)
@   824s  (total 11 workers using 12288 MB)
@   835s  (total 11 workers using 12325 MB)
@   847s  (total 11 workers using 12402 MB)
@   859s  (total 11 workers using 12443 MB)
@   871s  (total 11 workers using 12597 MB)
@   882s  (total 11 workers using 12773 MB)
@   894s  (total 11 workers using 13014 MB)
@   905s  (total 11 workers using 13132 MB)
@   916s  (total 11 workers using 13068 MB)
@   928s  (total 11 workers using 13046 MB)
@   939s  (total 11 workers using 13190 MB)
@   950s  (total 11 workers using 13262 MB)
@   962s  (total 11 workers using 13324 MB)
@   973s  (total 11 workers using 13324 MB)
@   985s  (total 11 workers using 13352 MB)
@   996s  (total 11 workers using 13584 MB)
@  1008s  (total 11 workers using 13793 MB)
@  1019s  (total 11 workers using 13877 MB)
@  1030s  (total 11 workers using 13986 MB)
@  1042s  (total 11 workers using 13989 MB)
@  1053s  (total 11 workers using 14000 MB)
@  1064s  (total 11 workers using 14002 MB)
@  1076s  (total 11 workers using 13967 MB)
@  1087s  (total 11 workers using 14202 MB)
@  1099s  (total 11 workers using 14243 MB)
@  1110s  (total 11 workers using 14239 MB)
@  1121s  (total 11 workers using 14298 MB)
@  1133s  (total 11 workers using 14321 MB)
@  1144s  (total 11 workers using 14365 MB)
@  1155s  (total 11 workers using 14383 MB)
@  1167s  (total 11 workers using 14427 MB)
@  1178s  (total 11 workers using 14478 MB)
@  1190s  (total 11 workers using 14510 MB)
@  1201s  (total 11 workers using 14515 MB)
@  1213s  (total 11 workers using 14534 MB)
@  1224s  (total 11 workers using 14566 MB)
@  1235s  (total 11 workers using 14735 MB)
@  1247s  (total 11 workers using 14747 MB)
@  1258s  (total 11 workers using 14771 MB)
@  1269s  (total 11 workers using 14800 MB)
@  1281s  (total 11 workers using 14899 MB)
@  1292s  (total 11 workers using 14933 MB)
@  1304s  (total 11 workers using 15042 MB)
@  1315s  (total 11 workers using 15068 MB)
@  1327s  (total 11 workers using 15086 MB)
@  1338s  (total 11 workers using 15133 MB)
@  1349s  (total 11 workers using 15173 MB)
@  1360s  (total 11 workers using 15206 MB)
@  1372s  (total 11 workers using 15139 MB)
@  1383s  (total 11 workers using 15197 MB)
@  1395s  (total 11 workers using 15292 MB)
@  1406s  (total 11 workers using 15324 MB)
@  1418s  (total 11 workers using 15344 MB)
@  1429s  (total 11 workers using 15377 MB)
@  1440s  (total 11 workers using 15390 MB)
@  1451s  (total 11 workers using 15410 MB)
@  1463s  (total 11 workers using 15428 MB)
@  1474s  (total 11 workers using 15473 MB)
@  1486s  (total 11 workers using 15505 MB)
@  1497s  (total 11 workers using 15525 MB)
@  1509s  (total 11 workers using 15589 MB)
@  1520s  (total 11 workers using 15494 MB)
@  1531s  (total 11 workers using 15562 MB)
@  1543s  (total 11 workers using 15556 MB)
@  1554s  (total 11 workers using 15509 MB)
@  1565s  (total 11 workers using 15449 MB)
@  1577s  (total 11 workers using 15594 MB)
@  1588s  (total 11 workers using 15626 MB)
@  1600s  (total 11 workers using 15675 MB)
@  1611s  (total 11 workers using 15759 MB)
@  1622s  (total 11 workers using 15864 MB)
@  1634s  (total 11 workers using 15889 MB)
@  1645s  (total 11 workers using 15910 MB)
@  1656s  (total 11 workers using 15843 MB)
@  1668s  (total 11 workers using 15914 MB)
@  1679s  (total 11 workers using 15876 MB)
@  1691s  (total 11 workers using 15947 MB)
@  1702s  (total 11 workers using 15917 MB)
@  1713s  (total 11 workers using 15918 MB)
@  1725s  (total 11 workers using 15919 MB)
@  1736s  (total 11 workers using 15919 MB)
@  1747s  (total 11 workers using 15919 MB)
@  1759s  (total 11 workers using 15919 MB)
@  1770s  (total 11 workers using 15963 MB)
@  1782s  (total 11 workers using 15996 MB)
@  1793s  (total 11 workers using 16077 MB)
@  1804s  (total 11 workers using 15989 MB)
@  1816s  (total 11 workers using 16032 MB)
@  1827s  (total 11 workers using 16014 MB)
@  1838s  (total 11 workers using 15971 MB)
@  1850s  (total 11 workers using 15971 MB)
@  1861s  (total 11 workers using 15996 MB)
@  1873s  (total 11 workers using 15988 MB)
@  1884s  (total 11 workers using 15988 MB)
@  1895s  (total 11 workers using 16060 MB)
@  1907s  (total 11 workers using 16088 MB)
@  1918s  (total 11 workers using 16088 MB)
@  1929s  (total 11 workers using 16103 MB)
@  1941s  (total 11 workers using 16104 MB)
@  1952s  (total 11 workers using 16131 MB)
@  1964s  (total 11 workers using 16131 MB)
@  1975s  (total 11 workers using 16159 MB)
@  1986s  (total 11 workers using 16171 MB)
@  1998s  (total 11 workers using 16162 MB)
@  2009s  (total 11 workers using 16177 MB)
@  2020s  (total 11 workers using 16273 MB)
@  2032s  (total 11 workers using 16180 MB)
@  2043s  (total 11 workers using 16246 MB)
@  2055s  (total 11 workers using 16326 MB)
@  2066s  (total 11 workers using 16287 MB)
@  2078s  (total 11 workers using 16351 MB)
@  2089s  (total 11 workers using 16359 MB)
@  2100s  (total 11 workers using 16355 MB)
@  2111s  (total 11 workers using 16355 MB)
@  2123s  (total 11 workers using 16355 MB)
@  2134s  (total 11 workers using 16402 MB)
@  2146s  (total 11 workers using 16343 MB)
@  2157s  (total 11 workers using 16348 MB)
@  2169s  (total 11 workers using 16412 MB)
@  2180s  (total 11 workers using 16466 MB)
@  2191s  (total 11 workers using 16472 MB)
@  2203s  (total 11 workers using 16472 MB)
@  2214s  (total 11 workers using 16516 MB)
@  2225s  (total 11 workers using 16537 MB)
@  2237s  (total 11 workers using 16537 MB)
@  2248s  (total 11 workers using 16537 MB)
@  2260s  (total 11 workers using 16553 MB)
@  2271s  (total 11 workers using 16561 MB)
@  2282s  (total 11 workers using 16599 MB)
@  2294s  (total 11 workers using 16574 MB)
@  2305s  (total 11 workers using 16574 MB)
@  2316s  (total 11 workers using 16575 MB)
@  2328s  (total 11 workers using 16601 MB)
@  2339s  (total 11 workers using 16603 MB)
@  2351s  (total 11 workers using 16603 MB)
@  2362s  (total 11 workers using 16603 MB)
@  2373s  (total 11 workers using 16603 MB)
@  2385s  (total 11 workers using 16518 MB)
@  2396s  (total 11 workers using 16602 MB)
@  2407s  (total 11 workers using 16602 MB)
@  2419s  (total 11 workers using 16615 MB)
@  2430s  (total 11 workers using 16617 MB)
@  2442s  (total 11 workers using 16617 MB)
@  2453s  (total 11 workers using 16645 MB)
@  2464s  (total 11 workers using 16669 MB)
@  2476s  (total 11 workers using 16682 MB)
@  2487s  (total 11 workers using 16695 MB)
@  2498s  (total 11 workers using 16736 MB)
@  2510s  (total 11 workers using 16809 MB)
@  2521s  (total 11 workers using 16837 MB)
@  2533s  (total 11 workers using 16828 MB)
@  2544s  (total 11 workers using 16741 MB)
@  2555s  (total 11 workers using 16662 MB)
@  2567s  (total 11 workers using 16790 MB)
@  2578s  (total 11 workers using 16876 MB)
@  2589s  (total 11 workers using 16890 MB)
@  2601s  (total 11 workers using 16752 MB)
@  2612s  (total 11 workers using 16842 MB)
@  2624s  (total 11 workers using 16844 MB)
@  2635s  (total 11 workers using 16869 MB)
@  2646s  (total 11 workers using 16910 MB)
@  2658s  (total 11 workers using 16935 MB)
@  2669s  (total 11 workers using 16937 MB)
@  2680s  (total 11 workers using 16985 MB)
@  2692s  (total 11 workers using 16985 MB)
@  2703s  (total 11 workers using 16997 MB)
@  2715s  (total 11 workers using 17044 MB)
@  2726s  (total 11 workers using 17056 MB)
@  2737s  (total 11 workers using 17077 MB)
@  2749s  (total 11 workers using 17031 MB)
@  2760s  (total 11 workers using 17005 MB)
@  2771s  (total 11 workers using 17021 MB)
@  2783s  (total 11 workers using 16992 MB)
@  2794s  (total 11 workers using 16973 MB)
@  2806s  (total 11 workers using 17017 MB)
@  2817s  (total 11 workers using 17080 MB)
@  2828s  (total 11 workers using 17080 MB)
@  2840s  (total 11 workers using 17083 MB)
@  2851s  (total 11 workers using 17127 MB)
@  2862s  (total 11 workers using 17133 MB)
@  2874s  (total 11 workers using 17133 MB)
@  2885s  (total 11 workers using 17133 MB)
@  2897s  (total 11 workers using 17133 MB)
@  2908s  (total 11 workers using 17133 MB)
@  2919s  (total 11 workers using 17139 MB)
@  2930s  (total 11 workers using 17139 MB)
@  2942s  (total 11 workers using 17139 MB)
@  2953s  (total 11 workers using 17166 MB)
@  2965s  (total 11 workers using 17249 MB)
@  2976s  (total 11 workers using 17133 MB)
@  2987s  (total 11 workers using 17111 MB)
@  2999s  (total 11 workers using 17139 MB)
@  3010s  (total 11 workers using 17194 MB)
@  3021s  (total 11 workers using 17193 MB)
@  3033s  (total 11 workers using 17192 MB)
@  3044s  (total 11 workers using 17207 MB)
@  3056s  (total 11 workers using 17250 MB)
@  3067s  (total 11 workers using 17249 MB)
@  3078s  (total 11 workers using 17283 MB)
@  3090s  (total 11 workers using 17274 MB)
@  3101s  (total 11 workers using 17173 MB)
@  3112s  (total 11 workers using 17317 MB)
@  3124s  (total 11 workers using 17273 MB)
@  3135s  (total 11 workers using 17275 MB)
@  3147s  (total 11 workers using 17319 MB)
@  3158s  (total 11 workers using 17332 MB)
@  3169s  (total 11 workers using 17332 MB)
@  3181s  (total 11 workers using 17332 MB)
@  3192s  (total 11 workers using 17332 MB)
@  3203s  (total 11 workers using 17335 MB)
@  3215s  (total 11 workers using 17335 MB)
@  3226s  (total 11 workers using 17335 MB)
@  3238s  (total 11 workers using 17335 MB)
@  3249s  (total 11 workers using 17335 MB)
@  3261s  (total 11 workers using 17354 MB)
@  3272s  (total 11 workers using 17385 MB)
@  3283s  (total 11 workers using 17386 MB)
@  3295s  (total 11 workers using 17386 MB)
@  3306s  (total 11 workers using 17386 MB)
@  3317s  (total 11 workers using 17376 MB)
@  3329s  (total 11 workers using 17376 MB)
@  3340s  (total 11 workers using 17399 MB)
@  3352s  (total 11 workers using 17174 MB)
@  3363s  (total 11 workers using 17190 MB)
@  3374s  (total 11 workers using 17284 MB)
@  3386s  (total 11 workers using 17343 MB)
@  3397s  (total 11 workers using 17387 MB)
@  3408s  (total 11 workers using 17387 MB)
@  3420s  (total 11 workers using 17381 MB)
@  3431s  (total 11 workers using 17344 MB)
@  3443s  (total 11 workers using 17391 MB)
@  3454s  (total 11 workers using 17373 MB)
@  3465s  (total 11 workers using 17373 MB)
@  3476s  (total 11 workers using 17413 MB)
@  3488s  (total 11 workers using 17456 MB)
@  3499s  (total 11 workers using 17465 MB)
@  3511s  (total 11 workers using 17465 MB)
@  3522s  (total 11 workers using 17466 MB)
@  3534s  (total 11 workers using 17466 MB)
@  3545s  (total 11 workers using 17466 MB)
@  3556s  (total 11 workers using 17466 MB)
@  3567s  (total 11 workers using 17466 MB)
@  3574s  (stopping all workers)
@  3574s  (worker 0 finished with result unknown) python3 avr.py -a sa
@  3574s  (worker 2 finished with result unknown) python3 avr.py
@  3574s  (worker 4 finished with result unknown) python3 avr.py -b bin_y2 --bmc
@  3575s  (worker 6 finished with result unknown) python3 avr.py -a sa --interpol 1 -f 1
@  3575s  (worker 8 finished with result unknown) python3 avr.py -l 5 -g 3 -a sa8 --interpol 1 -f 1
@  3575s  (worker 10 finished with result unknown) python3 avr.py --bmc
@  3575s  (worker 1 finished with result unknown) python3 avr.py -b bin_bt_cadical -s --bmc
@  3575s  (worker 5 finished with result unknown) python3 avr.py -b bin_bt_cadical -g 3 -l 0 -a sa32
@  3575s  (worker 9 finished with result unknown) python3 avr.py -b bin_y2 -s -a sa4 --interpol 1 -f 1
@  3575s  (worker 3 finished with result unknown) python3 avr.py -b bin_y2 -s
@  3575s  (worker 7 finished with result unknown) python3 avr.py -s -l 0
@  3575s  (copied results from worker 0 in /scratch/network/hongcez/hwmcc/avr-log/btor2/bv/wolf/2019C/pr_vgasim_imgfifo-p070)
@  3575s  [0;30;47m(proof race finished with answer unknown in 3575.17 seconds)[m
