AVR -- Proof Race 
copyright (c) 2019  Aman Goel and Karem Sakallah, University of Michigan
@     0s  (starting avr proof race)
@     0s  (output dir: /scratch/network/hongcez/hwmcc/avr-log/btor2/bv/wolf/2019C/pr_vgasim_imgfifo-p051)
@     0s  (max 11 workers)
@     0s  (started worker 0 with pid 12504)
@     0s  (started worker 1 with pid 12505)
@     0s  (started worker 2 with pid 12506)
@     0s  (started worker 3 with pid 12507)
@     0s  (started worker 4 with pid 12508)
@     0s  (spawned 5 workers)
@     0s  (total 5 workers using 0 MB)
@     1s  (started worker 5 with pid 12739)
@     1s  (spawned 1 workers)
@     1s  (total 6 workers using 293 MB)
@     2s  (started worker 6 with pid 12823)
@     2s  (spawned 1 workers)
@     2s  (total 7 workers using 476 MB)
@     3s  (started worker 7 with pid 12915)
@     3s  (spawned 1 workers)
@     3s  (total 8 workers using 666 MB)
@     6s  (started worker 8 with pid 13019)
@     6s  (spawned 1 workers)
@     6s  (total 9 workers using 792 MB)
@     9s  (started worker 9 with pid 13142)
@     9s  (spawned 1 workers)
@     9s  (total 10 workers using 912 MB)
@    13s  (started worker 10 with pid 13243)
@    13s  (spawned 1 workers)
@    13s  (total 11 workers using 1038 MB)
@    25s  (total 11 workers using 1640 MB)
@    42s  (total 11 workers using 2222 MB)
@    59s  (total 11 workers using 2509 MB)
@    73s  (total 11 workers using 2838 MB)
@    88s  (total 11 workers using 3105 MB)
@   104s  (total 11 workers using 3408 MB)
@   117s  (total 11 workers using 3551 MB)
@   128s  (worker 6 finished with result unknown) python3 avr.py -a sa --interpol 1 -f 1
@   131s  (total 10 workers using 3577 MB)
@   144s  (total 10 workers using 3874 MB)
@   159s  (total 10 workers using 4145 MB)
@   172s  (total 10 workers using 4337 MB)
@   186s  (total 10 workers using 4676 MB)
@   199s  (total 10 workers using 4949 MB)
@   213s  (total 10 workers using 5285 MB)
@   227s  (total 10 workers using 5553 MB)
@   241s  (total 10 workers using 6069 MB)
@   254s  (total 10 workers using 6237 MB)
@   268s  (total 10 workers using 6275 MB)
@   282s  (total 10 workers using 6395 MB)
@   296s  (total 10 workers using 6555 MB)
@   309s  (total 10 workers using 6660 MB)
@   323s  (total 10 workers using 6869 MB)
@   336s  (total 10 workers using 7064 MB)
@   350s  (total 10 workers using 7198 MB)
@   363s  (total 10 workers using 7365 MB)
@   377s  (total 10 workers using 7604 MB)
@   390s  (total 10 workers using 7797 MB)
@   405s  (total 10 workers using 7980 MB)
@   418s  (total 10 workers using 8069 MB)
@   432s  (total 10 workers using 8232 MB)
@   445s  (total 10 workers using 8485 MB)
@   459s  (total 10 workers using 8597 MB)
@   473s  (total 10 workers using 8689 MB)
@   487s  (total 10 workers using 8892 MB)
@   500s  (total 10 workers using 9019 MB)
@   514s  (total 10 workers using 9153 MB)
@   527s  (total 10 workers using 9299 MB)
@   540s  (total 10 workers using 9520 MB)
@   552s  (total 10 workers using 9486 MB)
@   564s  (total 10 workers using 9646 MB)
@   575s  (total 10 workers using 9832 MB)
@   587s  (total 10 workers using 9991 MB)
@   598s  (total 10 workers using 10033 MB)
@   610s  (total 10 workers using 10155 MB)
@   621s  (total 10 workers using 10377 MB)
@   633s  (total 10 workers using 10497 MB)
@   645s  (total 10 workers using 10650 MB)
@   656s  (total 10 workers using 10640 MB)
@   668s  (total 10 workers using 10823 MB)
@   679s  (total 10 workers using 10848 MB)
@   690s  (total 10 workers using 10933 MB)
@   702s  (total 10 workers using 11012 MB)
@   713s  (total 10 workers using 11105 MB)
@   724s  (total 10 workers using 11193 MB)
@   736s  (total 10 workers using 11263 MB)
@   747s  (total 10 workers using 11301 MB)
@   758s  (total 10 workers using 11354 MB)
@   770s  (total 10 workers using 11491 MB)
@   781s  (total 10 workers using 11592 MB)
@   792s  (total 10 workers using 11615 MB)
@   804s  (total 10 workers using 11572 MB)
@   815s  (total 10 workers using 11620 MB)
@   826s  (total 10 workers using 11794 MB)
@   838s  (total 10 workers using 11657 MB)
@   849s  (total 10 workers using 11747 MB)
@   860s  (total 10 workers using 11781 MB)
@   871s  (total 10 workers using 11885 MB)
@   883s  (total 10 workers using 11944 MB)
@   894s  (total 10 workers using 12083 MB)
@   906s  (total 10 workers using 12002 MB)
@   917s  (total 10 workers using 12192 MB)
@   928s  (total 10 workers using 12112 MB)
@   939s  (total 10 workers using 12169 MB)
@   951s  (total 10 workers using 12170 MB)
@   962s  (total 10 workers using 12181 MB)
@   973s  (total 10 workers using 12153 MB)
@   985s  (total 10 workers using 12240 MB)
@   996s  (total 10 workers using 12288 MB)
@  1007s  (total 10 workers using 12292 MB)
@  1019s  (total 10 workers using 12301 MB)
@  1030s  (total 10 workers using 12301 MB)
@  1041s  (total 10 workers using 12311 MB)
@  1052s  (total 10 workers using 12352 MB)
@  1064s  (total 10 workers using 12334 MB)
@  1075s  (total 10 workers using 12310 MB)
@  1086s  (total 10 workers using 12311 MB)
@  1098s  (total 10 workers using 12334 MB)
@  1109s  (total 10 workers using 12368 MB)
@  1120s  (total 10 workers using 12450 MB)
@  1132s  (total 10 workers using 12489 MB)
@  1143s  (total 10 workers using 12501 MB)
@  1154s  (total 10 workers using 12503 MB)
@  1165s  (total 10 workers using 12466 MB)
@  1177s  (total 10 workers using 12515 MB)
@  1188s  (total 10 workers using 12533 MB)
@  1199s  (total 10 workers using 12502 MB)
@  1210s  (total 10 workers using 12502 MB)
@  1222s  (total 10 workers using 12503 MB)
@  1233s  (total 10 workers using 12503 MB)
@  1244s  (total 10 workers using 12503 MB)
@  1256s  (total 10 workers using 12559 MB)
@  1267s  (total 10 workers using 12584 MB)
@  1278s  (total 10 workers using 12603 MB)
@  1290s  (total 10 workers using 12604 MB)
@  1301s  (total 10 workers using 12604 MB)
@  1312s  (total 10 workers using 12642 MB)
@  1323s  (total 10 workers using 12591 MB)
@  1335s  (total 10 workers using 12609 MB)
@  1346s  (total 10 workers using 12669 MB)
@  1357s  (total 10 workers using 12631 MB)
@  1368s  (total 10 workers using 12631 MB)
@  1380s  (total 10 workers using 12635 MB)
@  1391s  (total 10 workers using 12671 MB)
@  1402s  (total 10 workers using 12685 MB)
@  1413s  (total 10 workers using 12719 MB)
@  1425s  (total 10 workers using 12724 MB)
@  1436s  (total 10 workers using 12724 MB)
@  1448s  (total 10 workers using 12725 MB)
@  1459s  (total 10 workers using 12727 MB)
@  1470s  (total 10 workers using 12728 MB)
@  1481s  (total 10 workers using 12728 MB)
@  1493s  (total 10 workers using 12760 MB)
@  1504s  (total 10 workers using 12769 MB)
@  1515s  (total 10 workers using 12748 MB)
@  1526s  (total 10 workers using 12757 MB)
@  1538s  (total 10 workers using 12798 MB)
@  1549s  (total 10 workers using 12708 MB)
@  1560s  (total 10 workers using 12807 MB)
@  1572s  (total 10 workers using 12807 MB)
@  1583s  (total 10 workers using 12811 MB)
@  1594s  (total 10 workers using 12981 MB)
@  1606s  (total 10 workers using 12857 MB)
@  1617s  (total 10 workers using 12821 MB)
@  1628s  (total 10 workers using 12885 MB)
@  1639s  (total 10 workers using 13010 MB)
@  1651s  (total 10 workers using 12827 MB)
@  1662s  (total 10 workers using 12828 MB)
@  1673s  (total 10 workers using 12853 MB)
@  1684s  (total 10 workers using 12853 MB)
@  1696s  (total 10 workers using 12853 MB)
@  1707s  (total 10 workers using 13146 MB)
@  1718s  (total 10 workers using 12995 MB)
@  1730s  (total 10 workers using 12963 MB)
@  1741s  (total 10 workers using 12936 MB)
@  1752s  (total 10 workers using 12936 MB)
@  1764s  (total 10 workers using 12948 MB)
@  1775s  (total 10 workers using 12963 MB)
@  1786s  (total 10 workers using 12963 MB)
@  1797s  (total 10 workers using 12963 MB)
@  1809s  (total 10 workers using 12964 MB)
@  1820s  (total 10 workers using 12964 MB)
@  1831s  (total 10 workers using 12964 MB)
@  1843s  (total 10 workers using 13001 MB)
@  1854s  (total 10 workers using 13001 MB)
@  1865s  (total 10 workers using 13003 MB)
@  1877s  (total 10 workers using 13003 MB)
@  1888s  (total 10 workers using 13013 MB)
@  1899s  (total 10 workers using 13051 MB)
@  1910s  (total 10 workers using 13039 MB)
@  1922s  (total 10 workers using 13081 MB)
@  1933s  (total 10 workers using 13084 MB)
@  1944s  (total 10 workers using 13027 MB)
@  1955s  (total 10 workers using 13093 MB)
@  1967s  (total 10 workers using 13066 MB)
@  1978s  (total 10 workers using 13025 MB)
@  1989s  (total 10 workers using 13109 MB)
@  2001s  (total 10 workers using 13109 MB)
@  2012s  (total 10 workers using 13117 MB)
@  2023s  (total 10 workers using 13140 MB)
@  2035s  (total 10 workers using 13166 MB)
@  2046s  (total 10 workers using 13075 MB)
@  2057s  (total 10 workers using 13135 MB)
@  2068s  (total 10 workers using 13117 MB)
@  2080s  (total 10 workers using 13173 MB)
@  2091s  (total 10 workers using 13303 MB)
@  2102s  (total 10 workers using 13271 MB)
@  2113s  (total 10 workers using 13275 MB)
@  2125s  (total 10 workers using 13290 MB)
@  2136s  (total 10 workers using 13291 MB)
@  2147s  (total 10 workers using 13211 MB)
@  2158s  (total 10 workers using 13246 MB)
@  2170s  (total 10 workers using 13187 MB)
@  2181s  (total 10 workers using 13199 MB)
@  2192s  (total 10 workers using 13265 MB)
@  2203s  (total 10 workers using 13357 MB)
@  2214s  (total 10 workers using 13330 MB)
@  2225s  (total 10 workers using 13263 MB)
@  2237s  (total 10 workers using 13340 MB)
@  2248s  (total 10 workers using 13488 MB)
@  2260s  (total 10 workers using 13271 MB)
@  2271s  (total 10 workers using 13312 MB)
@  2282s  (total 10 workers using 13312 MB)
@  2293s  (total 10 workers using 13315 MB)
@  2305s  (total 10 workers using 13335 MB)
@  2316s  (total 10 workers using 13335 MB)
@  2327s  (total 10 workers using 13189 MB)
@  2339s  (total 10 workers using 13312 MB)
@  2350s  (total 10 workers using 13346 MB)
@  2361s  (total 10 workers using 13359 MB)
@  2373s  (total 10 workers using 13480 MB)
@  2384s  (total 10 workers using 13439 MB)
@  2395s  (total 10 workers using 13468 MB)
@  2406s  (total 10 workers using 13429 MB)
@  2418s  (total 10 workers using 13474 MB)
@  2429s  (total 10 workers using 13486 MB)
@  2441s  (total 10 workers using 13485 MB)
@  2452s  (total 10 workers using 13485 MB)
@  2463s  (total 10 workers using 13485 MB)
@  2474s  (total 10 workers using 13524 MB)
@  2486s  (total 10 workers using 13520 MB)
@  2497s  (total 10 workers using 13558 MB)
@  2508s  (total 10 workers using 13558 MB)
@  2520s  (total 10 workers using 13468 MB)
@  2531s  (total 10 workers using 13468 MB)
@  2542s  (total 10 workers using 13541 MB)
@  2554s  (total 10 workers using 13565 MB)
@  2565s  (total 10 workers using 13589 MB)
@  2576s  (total 10 workers using 13589 MB)
@  2587s  (total 10 workers using 13625 MB)
@  2599s  (total 10 workers using 13625 MB)
@  2610s  (total 10 workers using 13652 MB)
@  2622s  (total 10 workers using 13652 MB)
@  2633s  (total 10 workers using 13472 MB)
@  2644s  (total 10 workers using 13665 MB)
@  2655s  (total 10 workers using 13643 MB)
@  2667s  (total 10 workers using 13609 MB)
@  2678s  (total 10 workers using 13579 MB)
@  2689s  (total 10 workers using 13774 MB)
@  2701s  (total 10 workers using 13722 MB)
@  2712s  (total 10 workers using 13665 MB)
@  2723s  (total 10 workers using 13665 MB)
@  2735s  (total 10 workers using 13665 MB)
@  2746s  (total 10 workers using 13665 MB)
@  2757s  (total 10 workers using 13665 MB)
@  2768s  (total 10 workers using 13636 MB)
@  2780s  (total 10 workers using 13568 MB)
@  2791s  (total 10 workers using 13566 MB)
@  2803s  (total 10 workers using 13597 MB)
@  2814s  (total 10 workers using 13597 MB)
@  2825s  (total 10 workers using 13650 MB)
@  2836s  (total 10 workers using 13658 MB)
@  2848s  (total 10 workers using 13659 MB)
@  2859s  (total 10 workers using 13659 MB)
@  2870s  (total 10 workers using 13698 MB)
@  2882s  (total 10 workers using 13675 MB)
@  2893s  (total 10 workers using 13691 MB)
@  2904s  (total 10 workers using 13691 MB)
@  2916s  (total 10 workers using 13717 MB)
@  2927s  (total 10 workers using 13703 MB)
@  2938s  (total 10 workers using 13652 MB)
@  2949s  (total 10 workers using 13732 MB)
@  2961s  (total 10 workers using 13732 MB)
@  2972s  (total 10 workers using 13732 MB)
@  2984s  (total 10 workers using 13733 MB)
@  2995s  (total 10 workers using 13731 MB)
@  3006s  (total 10 workers using 13731 MB)
@  3017s  (total 10 workers using 13731 MB)
@  3029s  (total 10 workers using 13953 MB)
@  3040s  (total 10 workers using 13822 MB)
@  3052s  (total 10 workers using 13743 MB)
@  3063s  (total 10 workers using 13729 MB)
@  3074s  (total 10 workers using 13728 MB)
@  3085s  (total 10 workers using 13799 MB)
@  3097s  (total 10 workers using 13746 MB)
@  3108s  (total 10 workers using 13746 MB)
@  3119s  (total 10 workers using 14051 MB)
@  3131s  (total 10 workers using 13847 MB)
@  3142s  (total 10 workers using 13847 MB)
@  3153s  (total 10 workers using 13847 MB)
@  3165s  (total 10 workers using 13848 MB)
@  3176s  (total 10 workers using 13848 MB)
@  3187s  (total 10 workers using 13891 MB)
@  3199s  (total 10 workers using 13891 MB)
@  3210s  (total 10 workers using 13906 MB)
@  3221s  (total 10 workers using 13907 MB)
@  3233s  (total 10 workers using 13907 MB)
@  3244s  (total 10 workers using 13776 MB)
@  3255s  (total 10 workers using 13671 MB)
@  3267s  (total 10 workers using 13799 MB)
@  3278s  (total 10 workers using 13886 MB)
@  3289s  (total 10 workers using 13886 MB)
@  3301s  (total 10 workers using 13911 MB)
@  3312s  (total 10 workers using 14023 MB)
@  3323s  (total 10 workers using 13944 MB)
@  3334s  (total 10 workers using 13995 MB)
@  3346s  (total 10 workers using 13995 MB)
@  3357s  (total 10 workers using 13970 MB)
@  3369s  (total 10 workers using 13997 MB)
@  3380s  (total 10 workers using 13997 MB)
@  3391s  (total 10 workers using 14030 MB)
@  3402s  (total 10 workers using 13964 MB)
@  3414s  (total 10 workers using 13964 MB)
@  3425s  (total 10 workers using 14018 MB)
@  3436s  (total 10 workers using 14018 MB)
@  3448s  (total 10 workers using 14018 MB)
@  3459s  (total 10 workers using 14022 MB)
@  3470s  (total 10 workers using 14302 MB)
@  3482s  (total 10 workers using 14310 MB)
@  3493s  (total 10 workers using 14172 MB)
@  3504s  (total 10 workers using 14172 MB)
@  3515s  (total 10 workers using 14124 MB)
@  3527s  (total 10 workers using 14089 MB)
@  3538s  (total 10 workers using 14070 MB)
@  3550s  (total 10 workers using 14338 MB)
@  3561s  (total 10 workers using 14091 MB)
@  3572s  (total 10 workers using 14091 MB)
@  3577s  (stopping all workers)
@  3577s  (worker 0 finished with result unknown) python3 avr.py -a sa
@  3577s  (worker 2 finished with result unknown) python3 avr.py
@  3577s  (worker 4 finished with result unknown) python3 avr.py -b bin_y2 --bmc
@  3577s  (worker 7 finished with result unknown) python3 avr.py -s -l 0
@  3577s  (worker 9 finished with result unknown) python3 avr.py -b bin_y2 -s -a sa4 --interpol 1 -f 1
@  3577s  (worker 1 finished with result unknown) python3 avr.py -b bin_bt_cadical -s --bmc
@  3577s  (worker 5 finished with result unknown) python3 avr.py -b bin_bt_cadical -g 3 -l 0 -a sa32
@  3577s  (worker 10 finished with result unknown) python3 avr.py --bmc
@  3577s  (worker 3 finished with result unknown) python3 avr.py -b bin_y2 -s
@  3577s  (worker 8 finished with result unknown) python3 avr.py -l 5 -g 3 -a sa8 --interpol 1 -f 1
@  3577s  (copied results from worker 0 in /scratch/network/hongcez/hwmcc/avr-log/btor2/bv/wolf/2019C/pr_vgasim_imgfifo-p051)
@  3577s  [0;30;47m(proof race finished with answer unknown in 3577.20 seconds)[m
