AVR -- Proof Race 
copyright (c) 2019  Aman Goel and Karem Sakallah, University of Michigan
@     0s  (starting avr proof race)
@     0s  (output dir: /scratch/network/hongcez/hwmcc/avr-log/btor2/bv/wolf/2019C/pr_vgasim_imgfifo-p085)
@     0s  (max 11 workers)
@     0s  (started worker 0 with pid 85210)
@     0s  (started worker 1 with pid 85211)
@     0s  (started worker 2 with pid 85212)
@     0s  (started worker 3 with pid 85213)
@     0s  (started worker 4 with pid 85214)
@     0s  (spawned 5 workers)
@     0s  (total 5 workers using 0 MB)
@     1s  (started worker 5 with pid 85328)
@     1s  (spawned 1 workers)
@     1s  (total 6 workers using 295 MB)
@     2s  (started worker 6 with pid 85367)
@     2s  (spawned 1 workers)
@     2s  (total 7 workers using 484 MB)
@     3s  (started worker 7 with pid 85411)
@     3s  (spawned 1 workers)
@     3s  (total 8 workers using 679 MB)
@     5s  (started worker 8 with pid 85458)
@     5s  (spawned 1 workers)
@     5s  (total 9 workers using 840 MB)
@     9s  (started worker 9 with pid 85517)
@     9s  (spawned 1 workers)
@     9s  (total 10 workers using 1003 MB)
@    13s  (started worker 10 with pid 85568)
@    13s  (spawned 1 workers)
@    13s  (total 11 workers using 1077 MB)
@    25s  (total 11 workers using 1780 MB)
@    42s  (total 11 workers using 2455 MB)
@    59s  (total 11 workers using 3155 MB)
@    74s  (total 11 workers using 3593 MB)
@    88s  (total 11 workers using 4346 MB)
@   104s  (total 11 workers using 4471 MB)
@   118s  (total 11 workers using 4849 MB)
@   132s  (total 11 workers using 5505 MB)
@   146s  (total 11 workers using 5885 MB)
@   160s  (total 11 workers using 5972 MB)
@   174s  (total 11 workers using 6567 MB)
@   189s  (total 11 workers using 6778 MB)
@   202s  (total 11 workers using 6982 MB)
@   216s  (total 11 workers using 7348 MB)
@   230s  (total 11 workers using 7478 MB)
@   244s  (total 11 workers using 7878 MB)
@   257s  (total 11 workers using 8260 MB)
@   271s  (total 11 workers using 8380 MB)
@   285s  (total 11 workers using 8686 MB)
@   300s  (total 11 workers using 8987 MB)
@   313s  (total 11 workers using 9288 MB)
@   328s  (total 11 workers using 9398 MB)
@   342s  (total 11 workers using 9655 MB)
@   357s  (total 11 workers using 9962 MB)
@   370s  (total 11 workers using 9922 MB)
@   385s  (total 11 workers using 10221 MB)
@   399s  (total 11 workers using 10405 MB)
@   414s  (total 11 workers using 10661 MB)
@   428s  (total 11 workers using 10815 MB)
@   443s  (total 11 workers using 11231 MB)
@   456s  (total 11 workers using 11202 MB)
@   471s  (total 11 workers using 11097 MB)
@   485s  (total 11 workers using 11600 MB)
@   500s  (total 11 workers using 11799 MB)
@   514s  (total 11 workers using 12223 MB)
@   529s  (total 11 workers using 12234 MB)
@   543s  (total 11 workers using 12310 MB)
@   558s  (total 11 workers using 12507 MB)
@   572s  (total 11 workers using 12765 MB)
@   586s  (total 11 workers using 13150 MB)
@   600s  (total 11 workers using 13240 MB)
@   616s  (total 11 workers using 13438 MB)
@   630s  (total 11 workers using 13714 MB)
@   644s  (total 11 workers using 13820 MB)
@   658s  (total 11 workers using 13750 MB)
@   673s  (total 11 workers using 14285 MB)
@   687s  (total 11 workers using 14210 MB)
@   702s  (total 11 workers using 14238 MB)
@   715s  (total 11 workers using 14244 MB)
@   730s  (total 11 workers using 14481 MB)
@   744s  (total 11 workers using 14457 MB)
@   759s  (total 11 workers using 15011 MB)
@   773s  (total 11 workers using 14745 MB)
@   788s  (total 11 workers using 14851 MB)
@   803s  (total 11 workers using 14933 MB)
@   818s  (total 11 workers using 15012 MB)
@   831s  (total 11 workers using 14121 MB)
@   836s  (worker 10 finished with result unknown) python3 avr.py --bmc
@   846s  (total 10 workers using 10979 MB)
@   859s  (total 10 workers using 11205 MB)
@   874s  (total 10 workers using 11229 MB)
@   887s  (total 10 workers using 11433 MB)
@   902s  (total 10 workers using 11804 MB)
@   915s  (total 10 workers using 11740 MB)
@   930s  (total 10 workers using 12070 MB)
@   943s  (total 10 workers using 11826 MB)
@   957s  (total 10 workers using 11904 MB)
@   971s  (total 10 workers using 12109 MB)
@   985s  (total 10 workers using 12207 MB)
@   998s  (total 10 workers using 12316 MB)
@  1012s  (total 10 workers using 12443 MB)
@  1025s  (total 10 workers using 12525 MB)
@  1040s  (total 10 workers using 12600 MB)
@  1053s  (total 10 workers using 12744 MB)
@  1067s  (total 10 workers using 12816 MB)
@  1081s  (total 10 workers using 12935 MB)
@  1095s  (total 10 workers using 13033 MB)
@  1109s  (total 10 workers using 13152 MB)
@  1123s  (total 10 workers using 13328 MB)
@  1136s  (total 10 workers using 13414 MB)
@  1151s  (total 10 workers using 13578 MB)
@  1164s  (total 10 workers using 13709 MB)
@  1178s  (total 10 workers using 13808 MB)
@  1191s  (total 10 workers using 13918 MB)
@  1205s  (total 10 workers using 14183 MB)
@  1219s  (total 10 workers using 14277 MB)
@  1233s  (total 10 workers using 14410 MB)
@  1247s  (total 10 workers using 13250 MB)
@  1248s  (worker 6 finished with result unknown) python3 avr.py -a sa --interpol 1 -f 1
@  1261s  (total 9 workers using 13427 MB)
@  1273s  (total 9 workers using 13584 MB)
@  1288s  (total 9 workers using 13659 MB)
@  1300s  (total 9 workers using 13710 MB)
@  1314s  (total 9 workers using 13789 MB)
@  1327s  (total 9 workers using 13842 MB)
@  1341s  (total 9 workers using 13982 MB)
@  1354s  (total 9 workers using 14083 MB)
@  1368s  (total 9 workers using 14126 MB)
@  1381s  (total 9 workers using 14251 MB)
@  1395s  (total 9 workers using 14385 MB)
@  1408s  (total 9 workers using 14463 MB)
@  1422s  (total 9 workers using 14584 MB)
@  1435s  (total 9 workers using 14621 MB)
@  1449s  (total 9 workers using 14840 MB)
@  1462s  (total 9 workers using 14872 MB)
@  1476s  (total 9 workers using 14982 MB)
@  1489s  (total 9 workers using 15058 MB)
@  1503s  (total 9 workers using 15176 MB)
@  1516s  (total 9 workers using 15177 MB)
@  1529s  (total 9 workers using 15313 MB)
@  1542s  (total 9 workers using 15385 MB)
@  1556s  (total 9 workers using 15449 MB)
@  1569s  (total 9 workers using 15549 MB)
@  1583s  (total 9 workers using 15666 MB)
@  1596s  (total 9 workers using 15763 MB)
@  1610s  (total 9 workers using 16250 MB)
@  1623s  (total 9 workers using 15953 MB)
@  1637s  (total 9 workers using 16133 MB)
@  1650s  (total 9 workers using 16214 MB)
@  1664s  (total 9 workers using 16338 MB)
@  1677s  (total 9 workers using 16423 MB)
@  1691s  (total 9 workers using 16521 MB)
@  1704s  (total 9 workers using 16690 MB)
@  1718s  (total 9 workers using 16813 MB)
@  1731s  (total 9 workers using 16888 MB)
@  1744s  (total 9 workers using 17027 MB)
@  1757s  (total 9 workers using 17439 MB)
@  1771s  (total 9 workers using 17403 MB)
@  1785s  (total 9 workers using 17465 MB)
@  1798s  (total 9 workers using 17520 MB)
@  1811s  (total 9 workers using 17514 MB)
@  1825s  (total 9 workers using 17599 MB)
@  1838s  (total 9 workers using 17747 MB)
@  1852s  (total 9 workers using 17815 MB)
@  1865s  (total 9 workers using 18171 MB)
@  1879s  (total 9 workers using 18018 MB)
@  1891s  (total 9 workers using 18423 MB)
@  1906s  (total 9 workers using 18246 MB)
@  1919s  (total 9 workers using 18513 MB)
@  1932s  (total 9 workers using 18635 MB)
@  1945s  (total 9 workers using 18749 MB)
@  1959s  (total 9 workers using 18856 MB)
@  1972s  (total 9 workers using 18903 MB)
@  1986s  (total 9 workers using 18974 MB)
@  1999s  (total 9 workers using 19080 MB)
@  2013s  (total 9 workers using 19179 MB)
@  2026s  (total 9 workers using 19296 MB)
@  2040s  (total 9 workers using 19370 MB)
@  2053s  (total 9 workers using 19486 MB)
@  2067s  (total 9 workers using 19550 MB)
@  2080s  (total 9 workers using 19602 MB)
@  2094s  (total 9 workers using 19720 MB)
@  2107s  (total 9 workers using 19840 MB)
@  2121s  (total 9 workers using 19928 MB)
@  2134s  (total 9 workers using 19993 MB)
@  2147s  (total 9 workers using 20083 MB)
@  2161s  (total 9 workers using 20509 MB)
@  2174s  (total 9 workers using 20286 MB)
@  2187s  (total 9 workers using 20657 MB)
@  2201s  (total 9 workers using 20606 MB)
@  2215s  (total 9 workers using 20711 MB)
@  2229s  (total 9 workers using 20782 MB)
@  2241s  (total 9 workers using 20731 MB)
@  2255s  (total 9 workers using 20925 MB)
@  2268s  (total 9 workers using 21186 MB)
@  2282s  (total 9 workers using 20993 MB)
@  2295s  (total 9 workers using 21111 MB)
@  2309s  (total 9 workers using 21309 MB)
@  2322s  (total 9 workers using 21419 MB)
@  2337s  (total 9 workers using 21522 MB)
@  2350s  (total 9 workers using 21560 MB)
@  2363s  (total 9 workers using 21623 MB)
@  2376s  (total 9 workers using 21733 MB)
@  2390s  (total 9 workers using 21821 MB)
@  2403s  (total 9 workers using 21920 MB)
@  2417s  (total 9 workers using 22023 MB)
@  2430s  (total 9 workers using 22070 MB)
@  2444s  (total 9 workers using 22148 MB)
@  2457s  (total 9 workers using 22241 MB)
@  2471s  (total 9 workers using 22378 MB)
@  2484s  (total 9 workers using 22446 MB)
@  2498s  (total 9 workers using 22632 MB)
@  2512s  (total 9 workers using 22605 MB)
@  2526s  (total 9 workers using 22666 MB)
@  2539s  (total 9 workers using 22752 MB)
@  2553s  (total 9 workers using 23178 MB)
@  2566s  (total 9 workers using 22950 MB)
@  2580s  (total 9 workers using 23241 MB)
@  2594s  (total 9 workers using 23273 MB)
@  2607s  (total 9 workers using 23232 MB)
@  2620s  (total 9 workers using 23268 MB)
@  2634s  (total 9 workers using 23498 MB)
@  2647s  (total 9 workers using 23598 MB)
@  2662s  (total 9 workers using 23999 MB)
@  2675s  (total 9 workers using 23604 MB)
@  2689s  (total 9 workers using 23690 MB)
@  2702s  (total 9 workers using 23969 MB)
@  2717s  (total 9 workers using 24142 MB)
@  2730s  (total 9 workers using 24023 MB)
@  2744s  (total 9 workers using 24123 MB)
@  2757s  (total 9 workers using 24204 MB)
@  2771s  (total 9 workers using 24311 MB)
@  2785s  (total 9 workers using 24385 MB)
@  2799s  (total 9 workers using 24535 MB)
@  2812s  (total 9 workers using 25018 MB)
@  2826s  (total 9 workers using 24736 MB)
@  2839s  (total 9 workers using 24782 MB)
@  2854s  (total 9 workers using 24878 MB)
@  2867s  (total 9 workers using 24956 MB)
@  2881s  (total 9 workers using 25109 MB)
@  2894s  (total 9 workers using 25208 MB)
@  2908s  (total 9 workers using 25303 MB)
@  2922s  (total 9 workers using 25361 MB)
@  2936s  (total 9 workers using 25440 MB)
@  2949s  (total 9 workers using 25535 MB)
@  2963s  (total 9 workers using 25571 MB)
@  2976s  (total 9 workers using 25750 MB)
@  2990s  (total 9 workers using 25765 MB)
@  3004s  (total 9 workers using 25867 MB)
@  3018s  (total 9 workers using 26074 MB)
@  3031s  (total 9 workers using 26080 MB)
@  3045s  (total 9 workers using 26076 MB)
@  3058s  (total 9 workers using 26137 MB)
@  3072s  (total 9 workers using 26202 MB)
@  3085s  (total 9 workers using 26336 MB)
@  3100s  (total 9 workers using 26386 MB)
@  3113s  (total 9 workers using 26487 MB)
@  3127s  (total 9 workers using 26551 MB)
@  3140s  (total 9 workers using 26624 MB)
@  3152s  (total 9 workers using 26656 MB)
@  3163s  (total 9 workers using 26678 MB)
@  3175s  (total 9 workers using 26573 MB)
@  3186s  (total 9 workers using 26997 MB)
@  3198s  (total 9 workers using 27051 MB)
@  3209s  (total 9 workers using 27160 MB)
@  3220s  (total 9 workers using 27154 MB)
@  3232s  (total 9 workers using 27123 MB)
@  3243s  (total 9 workers using 27071 MB)
@  3255s  (total 9 workers using 27192 MB)
@  3266s  (total 9 workers using 27595 MB)
@  3277s  (total 9 workers using 27368 MB)
@  3289s  (total 9 workers using 27166 MB)
@  3300s  (total 9 workers using 27361 MB)
@  3311s  (total 9 workers using 27779 MB)
@  3322s  (total 9 workers using 27589 MB)
@  3333s  (total 9 workers using 27663 MB)
@  3344s  (total 9 workers using 27802 MB)
@  3356s  (total 9 workers using 27972 MB)
@  3367s  (total 9 workers using 27888 MB)
@  3378s  (total 9 workers using 27949 MB)
@  3389s  (total 9 workers using 27987 MB)
@  3400s  (total 9 workers using 27981 MB)
@  3411s  (total 9 workers using 28064 MB)
@  3423s  (total 9 workers using 28407 MB)
@  3434s  (total 9 workers using 28186 MB)
@  3445s  (total 9 workers using 28218 MB)
@  3456s  (total 9 workers using 28328 MB)
@  3467s  (total 9 workers using 28468 MB)
@  3479s  (total 9 workers using 28494 MB)
@  3490s  (total 9 workers using 28526 MB)
@  3501s  (total 9 workers using 28555 MB)
@  3512s  (total 9 workers using 28601 MB)
@  3523s  (total 9 workers using 28636 MB)
@  3535s  (total 9 workers using 28669 MB)
@  3546s  (total 9 workers using 28687 MB)
@  3557s  (total 9 workers using 28719 MB)
@  3568s  (total 9 workers using 28737 MB)
@  3575s  (stopping all workers)
@  3575s  (worker 0 finished with result unknown) python3 avr.py -a sa
@  3575s  (worker 2 finished with result unknown) python3 avr.py
@  3575s  (worker 4 finished with result unknown) python3 avr.py -b bin_y2 --bmc
@  3575s  (worker 7 finished with result unknown) python3 avr.py -s -l 0
@  3575s  (worker 9 finished with result unknown) python3 avr.py -b bin_y2 -s -a sa4 --interpol 1 -f 1
@  3575s  (worker 1 finished with result unknown) python3 avr.py -b bin_bt_cadical -s --bmc
@  3575s  (worker 5 finished with result unknown) python3 avr.py -b bin_bt_cadical -g 3 -l 0 -a sa32
@  3575s  (worker 3 finished with result unknown) python3 avr.py -b bin_y2 -s
@  3575s  (worker 8 finished with result unknown) python3 avr.py -l 5 -g 3 -a sa8 --interpol 1 -f 1
@  3575s  (copied results from worker 0 in /scratch/network/hongcez/hwmcc/avr-log/btor2/bv/wolf/2019C/pr_vgasim_imgfifo-p085)
@  3575s  [0;30;47m(proof race finished with answer unknown in 3575.42 seconds)[m
