AVR -- Proof Race 
copyright (c) 2019  Aman Goel and Karem Sakallah, University of Michigan
@     0s  (starting avr proof race)
@     0s  (output dir: /scratch/network/hongcez/hwmcc/avr-log/btor2/bv/wolf/2019C/pr_vgasim_imgfifo-p091)
@     0s  (max 11 workers)
@     0s  (started worker 0 with pid 48585)
@     0s  (started worker 1 with pid 48586)
@     0s  (started worker 2 with pid 48587)
@     0s  (started worker 3 with pid 48588)
@     0s  (started worker 4 with pid 48589)
@     0s  (spawned 5 workers)
@     0s  (total 5 workers using 0 MB)
@     1s  (started worker 5 with pid 48741)
@     1s  (spawned 1 workers)
@     1s  (total 6 workers using 264 MB)
@     2s  (started worker 6 with pid 48822)
@     2s  (spawned 1 workers)
@     2s  (total 7 workers using 383 MB)
@     3s  (started worker 7 with pid 48902)
@     3s  (spawned 1 workers)
@     3s  (total 8 workers using 473 MB)
@     6s  (started worker 8 with pid 49005)
@     6s  (spawned 1 workers)
@     6s  (total 9 workers using 590 MB)
@     9s  (started worker 9 with pid 49112)
@     9s  (spawned 1 workers)
@     9s  (total 10 workers using 712 MB)
@    12s  (started worker 10 with pid 49224)
@    12s  (spawned 1 workers)
@    12s  (total 11 workers using 819 MB)
@    25s  (total 11 workers using 1191 MB)
@    42s  (total 11 workers using 1457 MB)
@    58s  (total 11 workers using 1717 MB)
@    73s  (total 11 workers using 1940 MB)
@    87s  (total 11 workers using 2216 MB)
@   103s  (total 11 workers using 2479 MB)
@   116s  (total 11 workers using 2724 MB)
@   131s  (total 11 workers using 2966 MB)
@   145s  (total 11 workers using 3139 MB)
@   159s  (total 11 workers using 3349 MB)
@   172s  (total 11 workers using 3584 MB)
@   187s  (total 11 workers using 3815 MB)
@   200s  (total 11 workers using 4030 MB)
@   215s  (total 11 workers using 4250 MB)
@   228s  (total 11 workers using 4419 MB)
@   243s  (total 11 workers using 4699 MB)
@   256s  (total 11 workers using 4915 MB)
@   271s  (total 11 workers using 5199 MB)
@   284s  (total 11 workers using 5420 MB)
@   299s  (total 11 workers using 5611 MB)
@   312s  (total 11 workers using 5814 MB)
@   327s  (total 11 workers using 5967 MB)
@   340s  (total 11 workers using 6185 MB)
@   355s  (total 11 workers using 6392 MB)
@   368s  (total 11 workers using 6680 MB)
@   383s  (total 11 workers using 6923 MB)
@   396s  (total 11 workers using 7143 MB)
@   411s  (total 11 workers using 7337 MB)
@   425s  (total 11 workers using 7487 MB)
@   439s  (total 11 workers using 7630 MB)
@   452s  (total 11 workers using 7796 MB)
@   467s  (total 11 workers using 7950 MB)
@   480s  (total 11 workers using 8120 MB)
@   495s  (total 11 workers using 8294 MB)
@   507s  (total 11 workers using 8382 MB)
@   519s  (total 11 workers using 8526 MB)
@   531s  (total 11 workers using 8541 MB)
@   543s  (total 11 workers using 8642 MB)
@   554s  (total 11 workers using 8749 MB)
@   566s  (total 11 workers using 8842 MB)
@   578s  (total 11 workers using 8950 MB)
@   590s  (total 11 workers using 9064 MB)
@   602s  (total 11 workers using 9203 MB)
@   614s  (total 11 workers using 9309 MB)
@   625s  (total 11 workers using 9401 MB)
@   637s  (total 11 workers using 9508 MB)
@   649s  (total 11 workers using 9571 MB)
@   661s  (total 11 workers using 9687 MB)
@   672s  (total 11 workers using 9773 MB)
@   684s  (total 11 workers using 9846 MB)
@   696s  (total 11 workers using 9942 MB)
@   708s  (total 11 workers using 10100 MB)
@   719s  (total 11 workers using 10285 MB)
@   731s  (total 11 workers using 10420 MB)
@   743s  (total 11 workers using 10417 MB)
@   755s  (total 11 workers using 10529 MB)
@   767s  (total 11 workers using 10671 MB)
@   779s  (total 11 workers using 10801 MB)
@   790s  (total 11 workers using 10969 MB)
@   802s  (total 11 workers using 11060 MB)
@   814s  (total 11 workers using 11143 MB)
@   826s  (total 11 workers using 11207 MB)
@   837s  (total 11 workers using 11307 MB)
@   849s  (total 11 workers using 11389 MB)
@   860s  (total 11 workers using 11433 MB)
@   872s  (total 11 workers using 11465 MB)
@   883s  (total 11 workers using 11468 MB)
@   895s  (total 11 workers using 11468 MB)
@   906s  (total 11 workers using 11469 MB)
@   918s  (total 11 workers using 11474 MB)
@   929s  (total 11 workers using 11497 MB)
@   941s  (total 11 workers using 11497 MB)
@   952s  (total 11 workers using 11511 MB)
@   964s  (total 11 workers using 11517 MB)
@   975s  (total 11 workers using 11522 MB)
@   987s  (total 11 workers using 11573 MB)
@   998s  (total 11 workers using 11572 MB)
@  1010s  (total 11 workers using 11577 MB)
@  1021s  (total 11 workers using 11615 MB)
@  1033s  (total 11 workers using 11622 MB)
@  1044s  (total 11 workers using 11528 MB)
@  1056s  (total 11 workers using 11547 MB)
@  1067s  (total 11 workers using 11557 MB)
@  1079s  (total 11 workers using 11606 MB)
@  1090s  (total 11 workers using 11606 MB)
@  1101s  (total 11 workers using 11607 MB)
@  1113s  (total 11 workers using 11609 MB)
@  1124s  (total 11 workers using 11615 MB)
@  1136s  (total 11 workers using 11617 MB)
@  1147s  (total 11 workers using 11676 MB)
@  1159s  (total 11 workers using 11728 MB)
@  1170s  (total 11 workers using 11785 MB)
@  1182s  (total 11 workers using 11813 MB)
@  1193s  (total 11 workers using 11820 MB)
@  1205s  (total 11 workers using 11838 MB)
@  1216s  (total 11 workers using 11854 MB)
@  1227s  (total 11 workers using 11854 MB)
@  1239s  (total 11 workers using 11854 MB)
@  1250s  (total 11 workers using 11854 MB)
@  1262s  (total 11 workers using 11878 MB)
@  1273s  (total 11 workers using 11878 MB)
@  1285s  (total 11 workers using 11858 MB)
@  1296s  (total 11 workers using 11845 MB)
@  1308s  (total 11 workers using 11875 MB)
@  1319s  (total 11 workers using 11875 MB)
@  1331s  (total 11 workers using 11912 MB)
@  1342s  (total 11 workers using 11912 MB)
@  1354s  (total 11 workers using 11912 MB)
@  1365s  (total 11 workers using 11912 MB)
@  1377s  (total 11 workers using 11912 MB)
@  1388s  (total 11 workers using 11913 MB)
@  1399s  (total 11 workers using 11876 MB)
@  1411s  (total 11 workers using 11924 MB)
@  1422s  (total 11 workers using 11858 MB)
@  1434s  (total 11 workers using 11858 MB)
@  1445s  (total 11 workers using 11845 MB)
@  1457s  (total 11 workers using 11895 MB)
@  1468s  (total 11 workers using 11891 MB)
@  1479s  (total 11 workers using 11891 MB)
@  1491s  (total 11 workers using 11891 MB)
@  1502s  (total 11 workers using 11930 MB)
@  1514s  (total 11 workers using 11930 MB)
@  1525s  (total 11 workers using 11930 MB)
@  1537s  (total 11 workers using 11930 MB)
@  1548s  (total 11 workers using 11930 MB)
@  1560s  (total 11 workers using 11930 MB)
@  1571s  (total 11 workers using 11935 MB)
@  1583s  (total 11 workers using 11943 MB)
@  1594s  (total 11 workers using 11922 MB)
@  1606s  (total 11 workers using 11922 MB)
@  1617s  (total 11 workers using 11922 MB)
@  1629s  (total 11 workers using 11922 MB)
@  1640s  (total 11 workers using 11929 MB)
@  1651s  (total 11 workers using 11929 MB)
@  1663s  (total 11 workers using 11931 MB)
@  1674s  (total 11 workers using 11931 MB)
@  1686s  (total 11 workers using 11931 MB)
@  1697s  (total 11 workers using 11923 MB)
@  1708s  (total 11 workers using 11923 MB)
@  1720s  (total 11 workers using 11964 MB)
@  1731s  (total 11 workers using 11946 MB)
@  1743s  (total 11 workers using 11946 MB)
@  1754s  (total 11 workers using 11946 MB)
@  1766s  (total 11 workers using 11946 MB)
@  1777s  (total 11 workers using 11968 MB)
@  1789s  (total 11 workers using 12000 MB)
@  1800s  (total 11 workers using 11992 MB)
@  1812s  (total 11 workers using 11926 MB)
@  1823s  (total 11 workers using 11926 MB)
@  1835s  (total 11 workers using 11926 MB)
@  1846s  (total 11 workers using 11961 MB)
@  1857s  (total 11 workers using 11961 MB)
@  1869s  (total 11 workers using 11981 MB)
@  1880s  (total 11 workers using 11966 MB)
@  1892s  (total 11 workers using 11982 MB)
@  1903s  (total 11 workers using 11984 MB)
@  1915s  (total 11 workers using 11994 MB)
@  1926s  (total 11 workers using 12006 MB)
@  1937s  (total 11 workers using 12006 MB)
@  1949s  (total 11 workers using 12007 MB)
@  1960s  (total 11 workers using 12007 MB)
@  1972s  (total 11 workers using 12007 MB)
@  1983s  (total 11 workers using 12008 MB)
@  1995s  (total 11 workers using 12064 MB)
@  2006s  (total 11 workers using 12064 MB)
@  2018s  (total 11 workers using 12060 MB)
@  2029s  (total 11 workers using 12060 MB)
@  2041s  (total 11 workers using 12061 MB)
@  2052s  (total 11 workers using 12061 MB)
@  2064s  (total 11 workers using 12061 MB)
@  2075s  (total 11 workers using 12061 MB)
@  2087s  (total 11 workers using 12061 MB)
@  2098s  (total 11 workers using 12081 MB)
@  2110s  (total 11 workers using 12083 MB)
@  2121s  (total 11 workers using 12083 MB)
@  2132s  (total 11 workers using 12083 MB)
@  2144s  (total 11 workers using 12083 MB)
@  2155s  (total 11 workers using 12084 MB)
@  2167s  (total 11 workers using 12085 MB)
@  2178s  (total 11 workers using 12067 MB)
@  2190s  (total 11 workers using 12072 MB)
@  2201s  (total 11 workers using 12072 MB)
@  2213s  (total 11 workers using 12072 MB)
@  2224s  (total 11 workers using 12095 MB)
@  2235s  (total 11 workers using 12059 MB)
@  2247s  (total 11 workers using 12043 MB)
@  2258s  (total 11 workers using 12043 MB)
@  2270s  (total 11 workers using 12046 MB)
@  2281s  (total 11 workers using 12047 MB)
@  2293s  (total 11 workers using 12047 MB)
@  2304s  (total 11 workers using 12089 MB)
@  2316s  (total 11 workers using 12089 MB)
@  2327s  (total 11 workers using 12089 MB)
@  2339s  (total 11 workers using 12089 MB)
@  2350s  (total 11 workers using 12090 MB)
@  2362s  (total 11 workers using 12090 MB)
@  2373s  (total 11 workers using 12062 MB)
@  2385s  (total 11 workers using 12063 MB)
@  2396s  (total 11 workers using 12063 MB)
@  2408s  (total 11 workers using 12063 MB)
@  2419s  (total 11 workers using 12063 MB)
@  2431s  (total 11 workers using 12035 MB)
@  2442s  (total 11 workers using 12035 MB)
@  2454s  (total 11 workers using 12065 MB)
@  2465s  (total 11 workers using 12065 MB)
@  2477s  (total 11 workers using 12047 MB)
@  2488s  (total 11 workers using 12048 MB)
@  2500s  (total 11 workers using 12048 MB)
@  2511s  (total 11 workers using 12048 MB)
@  2523s  (total 11 workers using 12056 MB)
@  2534s  (total 11 workers using 12056 MB)
@  2546s  (total 11 workers using 12062 MB)
@  2557s  (total 11 workers using 12086 MB)
@  2569s  (total 11 workers using 12077 MB)
@  2580s  (total 11 workers using 12077 MB)
@  2592s  (total 11 workers using 12077 MB)
@  2603s  (total 11 workers using 12077 MB)
@  2615s  (total 11 workers using 12079 MB)
@  2626s  (total 11 workers using 12079 MB)
@  2638s  (total 11 workers using 12097 MB)
@  2649s  (total 11 workers using 12098 MB)
@  2661s  (total 11 workers using 12110 MB)
@  2672s  (total 11 workers using 12111 MB)
@  2684s  (total 11 workers using 12111 MB)
@  2695s  (total 11 workers using 12112 MB)
@  2707s  (total 11 workers using 12112 MB)
@  2718s  (total 11 workers using 12130 MB)
@  2729s  (total 11 workers using 12130 MB)
@  2741s  (total 11 workers using 12130 MB)
@  2752s  (total 11 workers using 12130 MB)
@  2764s  (total 11 workers using 12114 MB)
@  2775s  (total 11 workers using 12192 MB)
@  2787s  (total 11 workers using 12192 MB)
@  2798s  (total 11 workers using 12192 MB)
@  2810s  (total 11 workers using 12192 MB)
@  2821s  (total 11 workers using 12192 MB)
@  2833s  (total 11 workers using 12192 MB)
@  2844s  (total 11 workers using 12193 MB)
@  2855s  (total 11 workers using 12195 MB)
@  2867s  (total 11 workers using 12197 MB)
@  2878s  (total 11 workers using 12199 MB)
@  2890s  (total 11 workers using 12199 MB)
@  2901s  (total 11 workers using 12155 MB)
@  2913s  (total 11 workers using 12155 MB)
@  2924s  (total 11 workers using 12155 MB)
@  2936s  (total 11 workers using 12155 MB)
@  2947s  (total 11 workers using 12177 MB)
@  2959s  (total 11 workers using 12177 MB)
@  2970s  (total 11 workers using 12177 MB)
@  2982s  (total 11 workers using 12190 MB)
@  2993s  (total 11 workers using 12189 MB)
@  3005s  (total 11 workers using 12189 MB)
@  3016s  (total 11 workers using 12195 MB)
@  3028s  (total 11 workers using 12230 MB)
@  3039s  (total 11 workers using 12230 MB)
@  3051s  (total 11 workers using 12230 MB)
@  3062s  (total 11 workers using 12225 MB)
@  3074s  (total 11 workers using 12207 MB)
@  3085s  (total 11 workers using 12207 MB)
@  3097s  (total 11 workers using 12207 MB)
@  3108s  (total 11 workers using 12207 MB)
@  3120s  (total 11 workers using 12207 MB)
@  3131s  (total 11 workers using 12215 MB)
@  3143s  (total 11 workers using 12225 MB)
@  3154s  (total 11 workers using 12225 MB)
@  3166s  (total 11 workers using 12225 MB)
@  3177s  (total 11 workers using 12225 MB)
@  3188s  (total 11 workers using 12225 MB)
@  3200s  (total 11 workers using 12225 MB)
@  3211s  (total 11 workers using 12225 MB)
@  3223s  (total 11 workers using 12225 MB)
@  3234s  (total 11 workers using 12234 MB)
@  3246s  (total 11 workers using 12234 MB)
@  3257s  (total 11 workers using 12234 MB)
@  3269s  (total 11 workers using 12200 MB)
@  3280s  (total 11 workers using 12200 MB)
@  3292s  (total 11 workers using 12214 MB)
@  3303s  (total 11 workers using 12214 MB)
@  3315s  (total 11 workers using 12214 MB)
@  3326s  (total 11 workers using 12216 MB)
@  3337s  (total 11 workers using 12216 MB)
@  3349s  (total 11 workers using 12211 MB)
@  3360s  (total 11 workers using 12265 MB)
@  3372s  (total 11 workers using 12265 MB)
@  3383s  (total 11 workers using 12293 MB)
@  3395s  (total 11 workers using 12293 MB)
@  3406s  (total 11 workers using 12293 MB)
@  3418s  (total 11 workers using 12293 MB)
@  3429s  (total 11 workers using 12293 MB)
@  3441s  (total 11 workers using 12274 MB)
@  3452s  (total 11 workers using 12274 MB)
@  3464s  (total 11 workers using 12274 MB)
@  3475s  (total 11 workers using 12274 MB)
@  3487s  (total 11 workers using 12274 MB)
@  3498s  (total 11 workers using 12274 MB)
@  3510s  (total 11 workers using 12274 MB)
@  3521s  (total 11 workers using 12279 MB)
@  3533s  (total 11 workers using 12279 MB)
@  3544s  (total 11 workers using 12295 MB)
@  3556s  (total 11 workers using 12295 MB)
@  3567s  (total 11 workers using 12295 MB)
@  3574s  (stopping all workers)
@  3574s  (worker 0 finished with result unknown) python3 avr.py -a sa
@  3574s  (worker 2 finished with result unknown) python3 avr.py
@  3574s  (worker 4 finished with result unknown) python3 avr.py -b bin_y2 --bmc
@  3574s  (worker 6 finished with result unknown) python3 avr.py -a sa --interpol 1 -f 1
@  3574s  (worker 8 finished with result unknown) python3 avr.py -l 5 -g 3 -a sa8 --interpol 1 -f 1
@  3574s  (worker 10 finished with result unknown) python3 avr.py --bmc
@  3574s  (worker 1 finished with result unknown) python3 avr.py -b bin_bt_cadical -s --bmc
@  3574s  (worker 5 finished with result unknown) python3 avr.py -b bin_bt_cadical -g 3 -l 0 -a sa32
@  3574s  (worker 9 finished with result unknown) python3 avr.py -b bin_y2 -s -a sa4 --interpol 1 -f 1
@  3574s  (worker 3 finished with result unknown) python3 avr.py -b bin_y2 -s
@  3574s  (worker 7 finished with result unknown) python3 avr.py -s -l 0
@  3574s  (copied results from worker 0 in /scratch/network/hongcez/hwmcc/avr-log/btor2/bv/wolf/2019C/pr_vgasim_imgfifo-p091)
@  3574s  [0;30;47m(proof race finished with answer unknown in 3574.36 seconds)[m
