AVR -- Proof Race 
copyright (c) 2019  Aman Goel and Karem Sakallah, University of Michigan
@     0s  (starting avr proof race)
@     0s  (output dir: /scratch/network/hongcez/hwmcc/avr-log/btor2/bv/wolf/2019C/pr_vgasim_imgfifo-p039)
@     0s  (max 11 workers)
@     0s  (started worker 0 with pid 12509)
@     0s  (started worker 1 with pid 12510)
@     0s  (started worker 2 with pid 12511)
@     0s  (started worker 3 with pid 12512)
@     0s  (started worker 4 with pid 12513)
@     0s  (spawned 5 workers)
@     0s  (total 5 workers using 0 MB)
@     1s  (started worker 5 with pid 12741)
@     1s  (spawned 1 workers)
@     1s  (total 6 workers using 295 MB)
@     2s  (started worker 6 with pid 12825)
@     2s  (spawned 1 workers)
@     2s  (total 7 workers using 429 MB)
@     3s  (started worker 7 with pid 12917)
@     3s  (spawned 1 workers)
@     3s  (total 8 workers using 511 MB)
@     5s  (started worker 8 with pid 13017)
@     5s  (spawned 1 workers)
@     5s  (total 9 workers using 602 MB)
@     9s  (started worker 9 with pid 13144)
@     9s  (spawned 1 workers)
@     9s  (total 10 workers using 831 MB)
@    13s  (started worker 10 with pid 13248)
@    13s  (spawned 1 workers)
@    13s  (total 11 workers using 943 MB)
@    25s  (total 11 workers using 1519 MB)
@    42s  (total 11 workers using 1805 MB)
@    58s  (total 11 workers using 2208 MB)
@    73s  (total 11 workers using 2474 MB)
@    87s  (total 11 workers using 2816 MB)
@   103s  (total 11 workers using 3135 MB)
@   116s  (total 11 workers using 3404 MB)
@   131s  (total 11 workers using 3598 MB)
@   144s  (total 11 workers using 3930 MB)
@   158s  (total 11 workers using 4202 MB)
@   172s  (total 11 workers using 4532 MB)
@   186s  (total 11 workers using 4882 MB)
@   199s  (total 11 workers using 5169 MB)
@   214s  (total 11 workers using 5489 MB)
@   227s  (total 11 workers using 5699 MB)
@   242s  (total 11 workers using 5948 MB)
@   255s  (total 11 workers using 6138 MB)
@   269s  (total 11 workers using 6360 MB)
@   283s  (total 11 workers using 6586 MB)
@   297s  (total 11 workers using 7040 MB)
@   310s  (total 11 workers using 7277 MB)
@   325s  (total 11 workers using 7587 MB)
@   338s  (total 11 workers using 7784 MB)
@   352s  (total 11 workers using 8132 MB)
@   366s  (total 11 workers using 8380 MB)
@   380s  (total 11 workers using 8645 MB)
@   393s  (total 11 workers using 8888 MB)
@   408s  (total 11 workers using 9182 MB)
@   421s  (total 11 workers using 9418 MB)
@   435s  (total 11 workers using 9690 MB)
@   448s  (total 11 workers using 10098 MB)
@   463s  (total 11 workers using 10354 MB)
@   476s  (total 11 workers using 10626 MB)
@   491s  (total 11 workers using 10936 MB)
@   504s  (total 11 workers using 11198 MB)
@   518s  (total 11 workers using 11531 MB)
@   532s  (total 11 workers using 11874 MB)
@   546s  (total 11 workers using 12113 MB)
@   560s  (total 11 workers using 12404 MB)
@   574s  (total 11 workers using 12785 MB)
@   588s  (total 11 workers using 13167 MB)
@   602s  (total 11 workers using 13468 MB)
@   616s  (total 11 workers using 13806 MB)
@   630s  (total 11 workers using 13988 MB)
@   643s  (total 11 workers using 14295 MB)
@   658s  (total 11 workers using 14624 MB)
@   671s  (total 11 workers using 14911 MB)
@   685s  (total 11 workers using 15249 MB)
@   699s  (total 11 workers using 15641 MB)
@   713s  (total 11 workers using 15882 MB)
@   726s  (total 11 workers using 16156 MB)
@   741s  (total 11 workers using 16408 MB)
@   754s  (total 11 workers using 16637 MB)
@   769s  (total 11 workers using 16864 MB)
@   782s  (total 11 workers using 17099 MB)
@   797s  (total 11 workers using 17478 MB)
@   810s  (total 11 workers using 17772 MB)
@   824s  (total 11 workers using 18103 MB)
@   838s  (total 11 workers using 18366 MB)
@   852s  (total 11 workers using 18658 MB)
@   866s  (total 11 workers using 18763 MB)
@   880s  (total 11 workers using 19133 MB)
@   894s  (total 11 workers using 19472 MB)
@   908s  (total 11 workers using 19707 MB)
@   917s  (worker 6 finished with result unknown) python3 avr.py -a sa --interpol 1 -f 1
@   921s  (total 10 workers using 18789 MB)
@   934s  (total 10 workers using 19069 MB)
@   947s  (total 10 workers using 19392 MB)
@   961s  (total 10 workers using 19663 MB)
@   974s  (total 10 workers using 19943 MB)
@   988s  (total 10 workers using 20334 MB)
@  1000s  (total 10 workers using 20481 MB)
@  1014s  (total 10 workers using 20728 MB)
@  1027s  (total 10 workers using 20982 MB)
@  1040s  (total 10 workers using 21242 MB)
@  1051s  (total 10 workers using 21472 MB)
@  1063s  (total 10 workers using 21631 MB)
@  1074s  (total 10 workers using 21889 MB)
@  1085s  (total 10 workers using 21999 MB)
@  1096s  (total 10 workers using 22140 MB)
@  1108s  (total 10 workers using 22294 MB)
@  1119s  (total 10 workers using 22470 MB)
@  1130s  (total 10 workers using 22671 MB)
@  1142s  (total 10 workers using 22840 MB)
@  1153s  (total 10 workers using 23032 MB)
@  1164s  (total 10 workers using 23260 MB)
@  1176s  (total 10 workers using 23500 MB)
@  1187s  (total 10 workers using 23729 MB)
@  1198s  (total 10 workers using 23881 MB)
@  1209s  (total 10 workers using 24031 MB)
@  1221s  (total 10 workers using 24201 MB)
@  1232s  (total 10 workers using 24360 MB)
@  1243s  (total 10 workers using 24531 MB)
@  1254s  (total 10 workers using 24800 MB)
@  1266s  (total 10 workers using 24839 MB)
@  1277s  (total 10 workers using 25050 MB)
@  1288s  (total 10 workers using 25194 MB)
@  1300s  (total 10 workers using 25302 MB)
@  1311s  (total 10 workers using 25476 MB)
@  1322s  (total 10 workers using 25682 MB)
@  1334s  (total 10 workers using 25874 MB)
@  1345s  (total 10 workers using 26053 MB)
@  1356s  (total 10 workers using 26264 MB)
@  1367s  (total 10 workers using 26387 MB)
@  1379s  (total 10 workers using 26494 MB)
@  1390s  (total 10 workers using 26662 MB)
@  1401s  (total 10 workers using 26825 MB)
@  1412s  (total 10 workers using 27044 MB)
@  1424s  (total 10 workers using 27159 MB)
@  1435s  (total 10 workers using 27188 MB)
@  1446s  (total 10 workers using 27192 MB)
@  1458s  (total 10 workers using 27197 MB)
@  1469s  (total 10 workers using 27233 MB)
@  1480s  (total 10 workers using 27259 MB)
@  1492s  (total 10 workers using 27362 MB)
@  1503s  (total 10 workers using 27375 MB)
@  1514s  (total 10 workers using 27377 MB)
@  1525s  (total 10 workers using 27639 MB)
@  1537s  (total 10 workers using 27616 MB)
@  1548s  (total 10 workers using 27690 MB)
@  1559s  (total 10 workers using 27774 MB)
@  1570s  (total 10 workers using 27848 MB)
@  1582s  (total 10 workers using 27947 MB)
@  1593s  (total 10 workers using 28038 MB)
@  1604s  (total 10 workers using 28117 MB)
@  1616s  (total 10 workers using 28146 MB)
@  1627s  (total 10 workers using 28268 MB)
@  1638s  (total 10 workers using 28282 MB)
@  1650s  (total 10 workers using 28347 MB)
@  1661s  (total 10 workers using 28363 MB)
@  1672s  (total 10 workers using 28372 MB)
@  1683s  (total 10 workers using 28399 MB)
@  1695s  (total 10 workers using 28428 MB)
@  1706s  (total 10 workers using 28487 MB)
@  1717s  (total 10 workers using 28405 MB)
@  1728s  (total 10 workers using 28453 MB)
@  1740s  (total 10 workers using 28459 MB)
@  1751s  (total 10 workers using 28612 MB)
@  1762s  (total 10 workers using 28681 MB)
@  1774s  (total 10 workers using 28765 MB)
@  1785s  (total 10 workers using 28852 MB)
@  1796s  (total 10 workers using 28927 MB)
@  1808s  (total 10 workers using 28988 MB)
@  1819s  (total 10 workers using 29064 MB)
@  1830s  (total 10 workers using 29142 MB)
@  1841s  (total 10 workers using 29221 MB)
@  1853s  (total 10 workers using 29271 MB)
@  1864s  (total 10 workers using 29299 MB)
@  1875s  (total 10 workers using 29299 MB)
@  1886s  (total 10 workers using 29299 MB)
@  1898s  (total 10 workers using 29300 MB)
@  1909s  (total 10 workers using 29310 MB)
@  1920s  (total 10 workers using 29311 MB)
@  1931s  (total 10 workers using 29330 MB)
@  1943s  (total 10 workers using 29331 MB)
@  1954s  (total 10 workers using 29331 MB)
@  1965s  (total 10 workers using 29365 MB)
@  1977s  (total 10 workers using 29349 MB)
@  1988s  (total 10 workers using 29339 MB)
@  1999s  (total 10 workers using 29493 MB)
@  2011s  (total 10 workers using 29345 MB)
@  2022s  (total 10 workers using 29356 MB)
@  2033s  (total 10 workers using 29356 MB)
@  2044s  (total 10 workers using 29396 MB)
@  2056s  (total 10 workers using 29239 MB)
@  2067s  (total 10 workers using 29329 MB)
@  2078s  (total 10 workers using 29329 MB)
@  2089s  (total 10 workers using 29336 MB)
@  2101s  (total 10 workers using 29336 MB)
@  2112s  (total 10 workers using 29291 MB)
@  2123s  (total 10 workers using 29357 MB)
@  2135s  (total 10 workers using 29398 MB)
@  2146s  (total 10 workers using 29398 MB)
@  2157s  (total 10 workers using 29471 MB)
@  2168s  (total 10 workers using 29504 MB)
@  2179s  (total 10 workers using 29514 MB)
@  2190s  (total 10 workers using 29498 MB)
@  2201s  (total 10 workers using 29498 MB)
@  2213s  (total 10 workers using 29498 MB)
@  2224s  (total 10 workers using 29499 MB)
@  2235s  (total 10 workers using 29498 MB)
@  2246s  (total 10 workers using 29498 MB)
@  2258s  (total 10 workers using 29536 MB)
@  2269s  (total 10 workers using 29537 MB)
@  2281s  (total 10 workers using 29475 MB)
@  2292s  (total 10 workers using 29449 MB)
@  2303s  (total 10 workers using 29528 MB)
@  2314s  (total 10 workers using 29528 MB)
@  2326s  (total 10 workers using 29528 MB)
@  2337s  (total 10 workers using 29528 MB)
@  2348s  (total 10 workers using 29548 MB)
@  2360s  (total 10 workers using 29591 MB)
@  2371s  (total 10 workers using 29591 MB)
@  2382s  (total 10 workers using 29629 MB)
@  2394s  (total 10 workers using 29629 MB)
@  2405s  (total 10 workers using 29611 MB)
@  2416s  (total 10 workers using 29617 MB)
@  2427s  (total 10 workers using 29653 MB)
@  2439s  (total 10 workers using 29656 MB)
@  2450s  (total 10 workers using 29641 MB)
@  2462s  (total 10 workers using 29662 MB)
@  2473s  (total 10 workers using 29660 MB)
@  2484s  (total 10 workers using 29660 MB)
@  2495s  (total 10 workers using 29660 MB)
@  2507s  (total 10 workers using 29660 MB)
@  2518s  (total 10 workers using 29660 MB)
@  2529s  (total 10 workers using 29657 MB)
@  2541s  (total 10 workers using 29708 MB)
@  2552s  (total 10 workers using 29671 MB)
@  2563s  (total 10 workers using 29841 MB)
@  2575s  (total 10 workers using 29641 MB)
@  2586s  (total 10 workers using 29641 MB)
@  2597s  (total 10 workers using 29807 MB)
@  2608s  (total 10 workers using 29657 MB)
@  2620s  (total 10 workers using 29637 MB)
@  2631s  (total 10 workers using 29637 MB)
@  2642s  (total 10 workers using 29638 MB)
@  2653s  (total 10 workers using 29638 MB)
@  2665s  (total 10 workers using 29638 MB)
@  2676s  (total 10 workers using 29737 MB)
@  2688s  (total 10 workers using 29737 MB)
@  2699s  (total 10 workers using 29737 MB)
@  2710s  (total 10 workers using 29737 MB)
@  2721s  (total 10 workers using 29737 MB)
@  2733s  (total 10 workers using 29753 MB)
@  2744s  (total 10 workers using 29754 MB)
@  2755s  (total 10 workers using 29754 MB)
@  2767s  (total 10 workers using 29771 MB)
@  2778s  (total 10 workers using 29771 MB)
@  2789s  (total 10 workers using 29793 MB)
@  2801s  (total 10 workers using 29793 MB)
@  2812s  (total 10 workers using 29793 MB)
@  2823s  (total 10 workers using 29794 MB)
@  2834s  (total 10 workers using 29754 MB)
@  2846s  (total 10 workers using 29774 MB)
@  2857s  (total 10 workers using 29775 MB)
@  2868s  (total 10 workers using 29799 MB)
@  2880s  (total 10 workers using 29799 MB)
@  2891s  (total 10 workers using 29799 MB)
@  2902s  (total 10 workers using 29803 MB)
@  2914s  (total 10 workers using 29766 MB)
@  2925s  (total 10 workers using 29767 MB)
@  2936s  (total 10 workers using 29754 MB)
@  2947s  (total 10 workers using 29767 MB)
@  2959s  (total 10 workers using 29768 MB)
@  2970s  (total 10 workers using 29768 MB)
@  2981s  (total 10 workers using 29857 MB)
@  2993s  (total 10 workers using 29858 MB)
@  3004s  (total 10 workers using 29847 MB)
@  3015s  (total 10 workers using 29879 MB)
@  3027s  (total 10 workers using 29879 MB)
@  3038s  (total 10 workers using 29879 MB)
@  3049s  (total 10 workers using 29887 MB)
@  3060s  (total 10 workers using 29877 MB)
@  3072s  (total 10 workers using 29893 MB)
@  3083s  (total 10 workers using 29893 MB)
@  3094s  (total 10 workers using 29820 MB)
@  3106s  (total 10 workers using 30031 MB)
@  3117s  (total 10 workers using 30131 MB)
@  3128s  (total 10 workers using 29953 MB)
@  3140s  (total 10 workers using 29982 MB)
@  3151s  (total 10 workers using 29978 MB)
@  3162s  (total 10 workers using 29984 MB)
@  3173s  (total 10 workers using 29984 MB)
@  3185s  (total 10 workers using 29985 MB)
@  3196s  (total 10 workers using 29985 MB)
@  3208s  (total 10 workers using 29984 MB)
@  3219s  (total 10 workers using 29985 MB)
@  3230s  (total 10 workers using 29985 MB)
@  3241s  (total 10 workers using 29985 MB)
@  3253s  (total 10 workers using 29984 MB)
@  3264s  (total 10 workers using 29985 MB)
@  3275s  (total 10 workers using 29985 MB)
@  3287s  (total 10 workers using 29985 MB)
@  3298s  (total 10 workers using 29985 MB)
@  3309s  (total 10 workers using 29985 MB)
@  3321s  (total 10 workers using 29984 MB)
@  3332s  (total 10 workers using 30020 MB)
@  3343s  (total 10 workers using 30020 MB)
@  3354s  (total 10 workers using 30020 MB)
@  3366s  (total 10 workers using 30226 MB)
@  3377s  (total 10 workers using 30055 MB)
@  3388s  (total 10 workers using 30013 MB)
@  3400s  (total 10 workers using 30014 MB)
@  3411s  (total 10 workers using 30038 MB)
@  3422s  (total 10 workers using 29947 MB)
@  3434s  (total 10 workers using 29945 MB)
@  3445s  (total 10 workers using 29843 MB)
@  3456s  (total 10 workers using 29951 MB)
@  3467s  (total 10 workers using 29951 MB)
@  3479s  (total 10 workers using 30120 MB)
@  3490s  (total 10 workers using 30188 MB)
@  3501s  (total 10 workers using 30228 MB)
@  3513s  (total 10 workers using 30228 MB)
@  3524s  (total 10 workers using 30320 MB)
@  3535s  (total 10 workers using 30320 MB)
@  3547s  (total 10 workers using 30088 MB)
@  3558s  (total 10 workers using 30086 MB)
@  3569s  (total 10 workers using 30179 MB)
@  3574s  (stopping all workers)
@  3574s  (worker 0 finished with result unknown) python3 avr.py -a sa
@  3574s  (worker 2 finished with result unknown) python3 avr.py
@  3574s  (worker 4 finished with result unknown) python3 avr.py -b bin_y2 --bmc
@  3574s  (worker 7 finished with result unknown) python3 avr.py -s -l 0
@  3574s  (worker 9 finished with result unknown) python3 avr.py -b bin_y2 -s -a sa4 --interpol 1 -f 1
@  3574s  (worker 1 finished with result unknown) python3 avr.py -b bin_bt_cadical -s --bmc
@  3574s  (worker 5 finished with result unknown) python3 avr.py -b bin_bt_cadical -g 3 -l 0 -a sa32
@  3574s  (worker 10 finished with result unknown) python3 avr.py --bmc
@  3574s  (worker 3 finished with result unknown) python3 avr.py -b bin_y2 -s
@  3574s  (worker 8 finished with result unknown) python3 avr.py -l 5 -g 3 -a sa8 --interpol 1 -f 1
@  3574s  (copied results from worker 0 in /scratch/network/hongcez/hwmcc/avr-log/btor2/bv/wolf/2019C/pr_vgasim_imgfifo-p039)
@  3574s  [0;30;47m(proof race finished with answer unknown in 3574.25 seconds)[m
