AVR -- Proof Race 
copyright (c) 2019  Aman Goel and Karem Sakallah, University of Michigan
@     0s  (starting avr proof race)
@     0s  (output dir: /scratch/network/hongcez/hwmcc/avr-log/btor2/bv/wolf/2019C/pr_vgasim_imgfifo-p088)
@     0s  (max 11 workers)
@     0s  (started worker 0 with pid 122717)
@     0s  (started worker 1 with pid 122718)
@     0s  (started worker 2 with pid 122719)
@     0s  (started worker 3 with pid 122720)
@     0s  (started worker 4 with pid 122721)
@     0s  (spawned 5 workers)
@     0s  (total 5 workers using 0 MB)
@     1s  (started worker 5 with pid 122841)
@     1s  (spawned 1 workers)
@     1s  (total 6 workers using 298 MB)
@     2s  (started worker 6 with pid 122901)
@     2s  (spawned 1 workers)
@     2s  (total 7 workers using 466 MB)
@     3s  (started worker 7 with pid 122950)
@     3s  (spawned 1 workers)
@     3s  (total 8 workers using 644 MB)
@     6s  (started worker 8 with pid 122998)
@     6s  (spawned 1 workers)
@     6s  (total 9 workers using 758 MB)
@    10s  (started worker 9 with pid 123286)
@    10s  (spawned 1 workers)
@    10s  (total 10 workers using 911 MB)
@    13s  (started worker 10 with pid 123434)
@    13s  (spawned 1 workers)
@    13s  (total 11 workers using 1027 MB)
@    25s  (total 11 workers using 1661 MB)
@    43s  (total 11 workers using 2083 MB)
@    59s  (total 11 workers using 2516 MB)
@    74s  (total 11 workers using 3045 MB)
@    89s  (total 11 workers using 3292 MB)
@   104s  (total 11 workers using 3563 MB)
@   118s  (total 11 workers using 3894 MB)
@   133s  (total 11 workers using 4250 MB)
@   144s  (worker 6 finished with result unknown) python3 avr.py -a sa --interpol 1 -f 1
@   146s  (total 10 workers using 4401 MB)
@   160s  (total 10 workers using 4727 MB)
@   173s  (total 10 workers using 4870 MB)
@   187s  (total 10 workers using 5097 MB)
@   201s  (total 10 workers using 5479 MB)
@   215s  (total 10 workers using 5756 MB)
@   228s  (total 10 workers using 6010 MB)
@   242s  (total 10 workers using 6167 MB)
@   255s  (total 10 workers using 6308 MB)
@   270s  (total 10 workers using 6550 MB)
@   283s  (total 10 workers using 6747 MB)
@   297s  (total 10 workers using 6952 MB)
@   310s  (total 10 workers using 7262 MB)
@   325s  (total 10 workers using 7617 MB)
@   338s  (total 10 workers using 7837 MB)
@   352s  (total 10 workers using 8002 MB)
@   364s  (worker 2 finished with result unknown) python3 avr.py
@   365s  (total 9 workers using 7802 MB)
@   379s  (total 9 workers using 8031 MB)
@   392s  (total 9 workers using 8268 MB)
@   405s  (total 9 workers using 8648 MB)
@   418s  (total 9 workers using 8680 MB)
@   430s  (total 9 workers using 8816 MB)
@   442s  (total 9 workers using 8967 MB)
@   453s  (total 9 workers using 9207 MB)
@   465s  (total 9 workers using 9317 MB)
@   476s  (total 9 workers using 9594 MB)
@   487s  (total 9 workers using 9735 MB)
@   499s  (total 9 workers using 9883 MB)
@   510s  (total 9 workers using 9926 MB)
@   522s  (total 9 workers using 9927 MB)
@   533s  (total 9 workers using 10147 MB)
@   544s  (total 9 workers using 10479 MB)
@   555s  (total 9 workers using 10809 MB)
@   566s  (total 9 workers using 11169 MB)
@   578s  (total 9 workers using 11235 MB)
@   589s  (total 9 workers using 11251 MB)
@   600s  (total 9 workers using 11430 MB)
@   611s  (total 9 workers using 11303 MB)
@   622s  (total 9 workers using 11266 MB)
@   634s  (total 9 workers using 11397 MB)
@   645s  (total 9 workers using 11387 MB)
@   656s  (total 9 workers using 11530 MB)
@   667s  (total 9 workers using 11585 MB)
@   679s  (total 9 workers using 11590 MB)
@   690s  (total 9 workers using 11653 MB)
@   701s  (total 9 workers using 11689 MB)
@   712s  (total 9 workers using 11714 MB)
@   724s  (total 9 workers using 11822 MB)
@   735s  (total 9 workers using 11818 MB)
@   746s  (total 9 workers using 11804 MB)
@   757s  (total 9 workers using 11858 MB)
@   769s  (total 9 workers using 11883 MB)
@   780s  (total 9 workers using 11898 MB)
@   791s  (total 9 workers using 11917 MB)
@   802s  (total 9 workers using 11931 MB)
@   814s  (total 9 workers using 11977 MB)
@   825s  (total 9 workers using 11996 MB)
@   836s  (total 9 workers using 12001 MB)
@   847s  (total 9 workers using 12071 MB)
@   859s  (total 9 workers using 12041 MB)
@   870s  (total 9 workers using 12078 MB)
@   881s  (total 9 workers using 12083 MB)
@   892s  (total 9 workers using 12054 MB)
@   903s  (total 9 workers using 12109 MB)
@   915s  (total 9 workers using 12110 MB)
@   926s  (total 9 workers using 12142 MB)
@   937s  (total 9 workers using 12111 MB)
@   948s  (total 9 workers using 12093 MB)
@   959s  (total 9 workers using 12321 MB)
@   971s  (total 9 workers using 12116 MB)
@   982s  (total 9 workers using 12245 MB)
@   993s  (total 9 workers using 12255 MB)
@  1004s  (total 9 workers using 12255 MB)
@  1016s  (total 9 workers using 12260 MB)
@  1027s  (total 9 workers using 12308 MB)
@  1038s  (total 9 workers using 12308 MB)
@  1049s  (total 9 workers using 12319 MB)
@  1061s  (total 9 workers using 12380 MB)
@  1072s  (total 9 workers using 12320 MB)
@  1083s  (total 9 workers using 12346 MB)
@  1094s  (total 9 workers using 12213 MB)
@  1106s  (total 9 workers using 12312 MB)
@  1117s  (total 9 workers using 12312 MB)
@  1128s  (total 9 workers using 12327 MB)
@  1139s  (total 9 workers using 12327 MB)
@  1150s  (total 9 workers using 12327 MB)
@  1162s  (total 9 workers using 12337 MB)
@  1173s  (total 9 workers using 12340 MB)
@  1184s  (total 9 workers using 12311 MB)
@  1195s  (total 9 workers using 12287 MB)
@  1206s  (total 9 workers using 12369 MB)
@  1218s  (total 9 workers using 12384 MB)
@  1229s  (total 9 workers using 12384 MB)
@  1240s  (total 9 workers using 12386 MB)
@  1251s  (total 9 workers using 12387 MB)
@  1263s  (total 9 workers using 12387 MB)
@  1274s  (total 9 workers using 12387 MB)
@  1285s  (total 9 workers using 12361 MB)
@  1296s  (total 9 workers using 12392 MB)
@  1307s  (total 9 workers using 12408 MB)
@  1319s  (total 9 workers using 12428 MB)
@  1330s  (total 9 workers using 12428 MB)
@  1341s  (total 9 workers using 12428 MB)
@  1352s  (total 9 workers using 12433 MB)
@  1363s  (total 9 workers using 12642 MB)
@  1375s  (total 9 workers using 12452 MB)
@  1386s  (total 9 workers using 12479 MB)
@  1397s  (total 9 workers using 12479 MB)
@  1408s  (total 9 workers using 12569 MB)
@  1420s  (total 9 workers using 12557 MB)
@  1431s  (total 9 workers using 12517 MB)
@  1442s  (total 9 workers using 12548 MB)
@  1453s  (total 9 workers using 12578 MB)
@  1465s  (total 9 workers using 12597 MB)
@  1476s  (total 9 workers using 12618 MB)
@  1487s  (total 9 workers using 12618 MB)
@  1498s  (total 9 workers using 12620 MB)
@  1510s  (total 9 workers using 12620 MB)
@  1521s  (total 9 workers using 12648 MB)
@  1532s  (total 9 workers using 12648 MB)
@  1543s  (total 9 workers using 12650 MB)
@  1554s  (total 9 workers using 12650 MB)
@  1566s  (total 9 workers using 12650 MB)
@  1577s  (total 9 workers using 12650 MB)
@  1588s  (total 9 workers using 12650 MB)
@  1599s  (total 9 workers using 12662 MB)
@  1610s  (total 9 workers using 12658 MB)
@  1622s  (total 9 workers using 12916 MB)
@  1633s  (total 9 workers using 12697 MB)
@  1644s  (total 9 workers using 12697 MB)
@  1655s  (total 9 workers using 12697 MB)
@  1667s  (total 9 workers using 12699 MB)
@  1678s  (total 9 workers using 12699 MB)
@  1689s  (total 9 workers using 12703 MB)
@  1700s  (total 9 workers using 12703 MB)
@  1712s  (total 9 workers using 12703 MB)
@  1723s  (total 9 workers using 12816 MB)
@  1734s  (total 9 workers using 12743 MB)
@  1745s  (total 9 workers using 12783 MB)
@  1757s  (total 9 workers using 12779 MB)
@  1768s  (total 9 workers using 12857 MB)
@  1779s  (total 9 workers using 12801 MB)
@  1790s  (total 9 workers using 12821 MB)
@  1802s  (total 9 workers using 13032 MB)
@  1813s  (total 9 workers using 12797 MB)
@  1824s  (total 9 workers using 12897 MB)
@  1835s  (total 9 workers using 12921 MB)
@  1846s  (total 9 workers using 12925 MB)
@  1858s  (total 9 workers using 12927 MB)
@  1869s  (total 9 workers using 12927 MB)
@  1880s  (total 9 workers using 12918 MB)
@  1891s  (total 9 workers using 12944 MB)
@  1903s  (total 9 workers using 12929 MB)
@  1914s  (total 9 workers using 12957 MB)
@  1925s  (total 9 workers using 12976 MB)
@  1936s  (total 9 workers using 12976 MB)
@  1947s  (total 9 workers using 12978 MB)
@  1959s  (total 9 workers using 12978 MB)
@  1970s  (total 9 workers using 12987 MB)
@  1981s  (total 9 workers using 12987 MB)
@  1992s  (total 9 workers using 12989 MB)
@  2004s  (total 9 workers using 12989 MB)
@  2015s  (total 9 workers using 12994 MB)
@  2026s  (total 9 workers using 12995 MB)
@  2037s  (total 9 workers using 13032 MB)
@  2049s  (total 9 workers using 13031 MB)
@  2060s  (total 9 workers using 13124 MB)
@  2071s  (total 9 workers using 13109 MB)
@  2082s  (total 9 workers using 13079 MB)
@  2094s  (total 9 workers using 13079 MB)
@  2105s  (total 9 workers using 13110 MB)
@  2116s  (total 9 workers using 13071 MB)
@  2127s  (total 9 workers using 13051 MB)
@  2139s  (total 9 workers using 13052 MB)
@  2150s  (total 9 workers using 13052 MB)
@  2161s  (total 9 workers using 13052 MB)
@  2172s  (total 9 workers using 13070 MB)
@  2184s  (total 9 workers using 13097 MB)
@  2195s  (total 9 workers using 13097 MB)
@  2206s  (total 9 workers using 13097 MB)
@  2217s  (total 9 workers using 13097 MB)
@  2229s  (total 9 workers using 13125 MB)
@  2240s  (total 9 workers using 13142 MB)
@  2251s  (total 9 workers using 13142 MB)
@  2262s  (total 9 workers using 13142 MB)
@  2274s  (total 9 workers using 13142 MB)
@  2285s  (total 9 workers using 13142 MB)
@  2296s  (total 9 workers using 13131 MB)
@  2307s  (total 9 workers using 13173 MB)
@  2319s  (total 9 workers using 13512 MB)
@  2330s  (total 9 workers using 13247 MB)
@  2341s  (total 9 workers using 13283 MB)
@  2352s  (total 9 workers using 13258 MB)
@  2364s  (total 9 workers using 13357 MB)
@  2375s  (total 9 workers using 13325 MB)
@  2386s  (total 9 workers using 13247 MB)
@  2397s  (total 9 workers using 13310 MB)
@  2409s  (total 9 workers using 13362 MB)
@  2420s  (total 9 workers using 13605 MB)
@  2433s  (total 9 workers using 13345 MB)
@  2444s  (total 9 workers using 13345 MB)
@  2456s  (total 9 workers using 13509 MB)
@  2467s  (total 9 workers using 13510 MB)
@  2479s  (total 9 workers using 13523 MB)
@  2490s  (total 9 workers using 13523 MB)
@  2501s  (total 9 workers using 13533 MB)
@  2512s  (total 9 workers using 13560 MB)
@  2524s  (total 9 workers using 13560 MB)
@  2535s  (total 9 workers using 13560 MB)
@  2546s  (total 9 workers using 13590 MB)
@  2558s  (total 9 workers using 13602 MB)
@  2569s  (total 9 workers using 13582 MB)
@  2580s  (total 9 workers using 13582 MB)
@  2592s  (total 9 workers using 13589 MB)
@  2603s  (total 9 workers using 13589 MB)
@  2614s  (total 9 workers using 13883 MB)
@  2625s  (total 9 workers using 13626 MB)
@  2637s  (total 9 workers using 13629 MB)
@  2648s  (total 9 workers using 13630 MB)
@  2659s  (total 9 workers using 13630 MB)
@  2671s  (total 9 workers using 13630 MB)
@  2682s  (total 9 workers using 13632 MB)
@  2693s  (total 9 workers using 13632 MB)
@  2705s  (total 9 workers using 13617 MB)
@  2716s  (total 9 workers using 13775 MB)
@  2727s  (total 9 workers using 13739 MB)
@  2738s  (total 9 workers using 13649 MB)
@  2750s  (total 9 workers using 13641 MB)
@  2761s  (total 9 workers using 13846 MB)
@  2772s  (total 9 workers using 13986 MB)
@  2783s  (total 9 workers using 13763 MB)
@  2795s  (total 9 workers using 13822 MB)
@  2806s  (total 9 workers using 13801 MB)
@  2817s  (total 9 workers using 13801 MB)
@  2828s  (total 9 workers using 13777 MB)
@  2840s  (total 9 workers using 13777 MB)
@  2851s  (total 9 workers using 13778 MB)
@  2862s  (total 9 workers using 13927 MB)
@  2873s  (total 9 workers using 13925 MB)
@  2885s  (total 9 workers using 13925 MB)
@  2896s  (total 9 workers using 13909 MB)
@  2907s  (total 9 workers using 13926 MB)
@  2918s  (total 9 workers using 13926 MB)
@  2930s  (total 9 workers using 13925 MB)
@  2941s  (total 9 workers using 13925 MB)
@  2952s  (total 9 workers using 13926 MB)
@  2963s  (total 9 workers using 13909 MB)
@  2974s  (total 9 workers using 13889 MB)
@  2986s  (total 9 workers using 13937 MB)
@  2997s  (total 9 workers using 13983 MB)
@  3008s  (total 9 workers using 13950 MB)
@  3019s  (total 9 workers using 13986 MB)
@  3030s  (total 9 workers using 14328 MB)
@  3042s  (total 9 workers using 14003 MB)
@  3053s  (total 9 workers using 14003 MB)
@  3064s  (total 9 workers using 13983 MB)
@  3075s  (total 9 workers using 13983 MB)
@  3087s  (total 9 workers using 14002 MB)
@  3098s  (total 9 workers using 14002 MB)
@  3109s  (total 9 workers using 14002 MB)
@  3120s  (total 9 workers using 14030 MB)
@  3132s  (total 9 workers using 14030 MB)
@  3143s  (total 9 workers using 14030 MB)
@  3154s  (total 9 workers using 14030 MB)
@  3165s  (total 9 workers using 14032 MB)
@  3176s  (total 9 workers using 14032 MB)
@  3188s  (total 9 workers using 14032 MB)
@  3199s  (total 9 workers using 14036 MB)
@  3210s  (total 9 workers using 14053 MB)
@  3221s  (total 9 workers using 14058 MB)
@  3232s  (total 9 workers using 14190 MB)
@  3244s  (total 9 workers using 14190 MB)
@  3255s  (total 9 workers using 14066 MB)
@  3266s  (total 9 workers using 14121 MB)
@  3277s  (total 9 workers using 13944 MB)
@  3289s  (total 9 workers using 14416 MB)
@  3300s  (total 9 workers using 14054 MB)
@  3311s  (total 9 workers using 14233 MB)
@  3322s  (total 9 workers using 14233 MB)
@  3333s  (total 9 workers using 14234 MB)
@  3344s  (total 9 workers using 14234 MB)
@  3356s  (total 9 workers using 14236 MB)
@  3367s  (total 9 workers using 14247 MB)
@  3378s  (total 9 workers using 14253 MB)
@  3389s  (total 9 workers using 14253 MB)
@  3401s  (total 9 workers using 14253 MB)
@  3412s  (total 9 workers using 14256 MB)
@  3423s  (total 9 workers using 14286 MB)
@  3434s  (total 9 workers using 14286 MB)
@  3446s  (total 9 workers using 14305 MB)
@  3457s  (total 9 workers using 14305 MB)
@  3468s  (total 9 workers using 14305 MB)
@  3479s  (total 9 workers using 14306 MB)
@  3491s  (total 9 workers using 14309 MB)
@  3502s  (total 9 workers using 14309 MB)
@  3513s  (total 9 workers using 14309 MB)
@  3524s  (total 9 workers using 14315 MB)
@  3536s  (total 9 workers using 14315 MB)
@  3547s  (total 9 workers using 14315 MB)
@  3558s  (total 9 workers using 14315 MB)
@  3569s  (total 9 workers using 14317 MB)
@  3576s  (stopping all workers)
@  3576s  (worker 0 finished with result unknown) python3 avr.py -a sa
@  3576s  (worker 3 finished with result unknown) python3 avr.py -b bin_y2 -s
@  3576s  (worker 5 finished with result unknown) python3 avr.py -b bin_bt_cadical -g 3 -l 0 -a sa32
@  3576s  (worker 8 finished with result unknown) python3 avr.py -l 5 -g 3 -a sa8 --interpol 1 -f 1
@  3576s  (worker 10 finished with result unknown) python3 avr.py --bmc
@  3576s  (worker 1 finished with result unknown) python3 avr.py -b bin_bt_cadical -s --bmc
@  3576s  (worker 7 finished with result unknown) python3 avr.py -s -l 0
@  3576s  (worker 4 finished with result unknown) python3 avr.py -b bin_y2 --bmc
@  3576s  (worker 9 finished with result unknown) python3 avr.py -b bin_y2 -s -a sa4 --interpol 1 -f 1
@  3576s  (copied results from worker 0 in /scratch/network/hongcez/hwmcc/avr-log/btor2/bv/wolf/2019C/pr_vgasim_imgfifo-p088)
@  3576s  [0;30;47m(proof race finished with answer unknown in 3576.35 seconds)[m
