	(output dir: /scratch/network/hongcez/hwmcc/avr-log/btor2/bv/goel/industry/gen31/pr_gen31/work_w3)
	(frontend: btor2)
	(property: all (1 assertions))
	(2 / 771 flops initialized)
	(abstraction: sa+uf)
   0	: 0	: 0 s: 0    0s                  
   0	: 1	: 0 0 s: 0    0s                     0	: 1	: 0 1 s: 1    0s                     0	: 1	: 0 2 s: 2    0s                     0	: 1	: 0 3 s: 3    0s                     0	: 1	: 0 3 s: 3    0s                  
   0	: 2	: 0 1 2 s: 3    0s                     1	: 2	: 0 1 2 s: 3    0s                     1	: 2	: 0 1 3 s: 4    0s                     1	: 2	: 0 1 4 s: 5    0s                     1	: 2	: 0 1 4 s: 5    0s                  
   1	: 2	: 0 1 0 s: 1    0s                  

AVR -- Proof Race 
copyright (c) 2019  Aman Goel and Karem Sakallah, University of Michigan
@     0s  (starting avr proof race)
@     0s  (output dir: /scratch/network/hongcez/hwmcc/avr-log/btor2/bv/goel/industry/gen31/pr_gen31)
@     0s  (max 11 workers)
@     0s  (started worker 0 with pid 78022)
@     0s  (started worker 1 with pid 78023)
@     0s  (started worker 2 with pid 78024)
@     0s  (started worker 3 with pid 78025)
@     0s  (started worker 4 with pid 78026)
@     0s  (spawned 5 workers)
@     0s  (total 5 workers using 0 MB)
@     1s  (started worker 5 with pid 78146)
@     1s  (spawned 1 workers)
@     1s  (total 6 workers using 112 MB)
@     1s  (worker 3 finished with result safe) python3 avr.py -b bin_y2 -s
@     1s  (worker 3 output)
@     1s  (stopping all workers)
@     1s  (copied results from worker 3 in /scratch/network/hongcez/hwmcc/avr-log/btor2/bv/goel/industry/gen31/pr_gen31)
@     1s  [0;30;47m(proof race finished with answer safe in 0.90 seconds)[m
