AVR -- Proof Race 
copyright (c) 2019  Aman Goel and Karem Sakallah, University of Michigan
@     0s  (starting avr proof race)
@     0s  (output dir: /scratch/network/hongcez/hwmcc/avr-log/btor2/bv/goel/opensource/vcegar_arrays_itc99_b12_p2/pr_vcegar_arrays_itc99_b12_p2)
@     0s  (max 11 workers)
@     0s  (started worker 0 with pid 232904)
@     0s  (started worker 1 with pid 232905)
@     0s  (started worker 2 with pid 232906)
@     0s  (started worker 3 with pid 232907)
@     0s  (started worker 4 with pid 232908)
@     0s  (spawned 5 workers)
@     0s  (total 5 workers using 0 MB)
@     1s  (started worker 5 with pid 233030)
@     1s  (spawned 1 workers)
@     1s  (total 6 workers using 201 MB)
@     2s  (started worker 6 with pid 233078)
@     2s  (spawned 1 workers)
@     2s  (total 7 workers using 307 MB)
@     3s  (started worker 7 with pid 233126)
@     3s  (spawned 1 workers)
@     3s  (total 8 workers using 410 MB)
@     6s  (started worker 8 with pid 233180)
@     6s  (spawned 1 workers)
@     6s  (total 9 workers using 529 MB)
@     9s  (started worker 9 with pid 233265)
@     9s  (spawned 1 workers)
@     9s  (total 10 workers using 635 MB)
@    12s  (started worker 10 with pid 233339)
@    12s  (spawned 1 workers)
@    12s  (total 11 workers using 731 MB)
@    25s  (total 11 workers using 1237 MB)
@    41s  (total 11 workers using 1617 MB)
@    58s  (total 11 workers using 1894 MB)
@    72s  (total 11 workers using 2111 MB)
@    87s  (total 11 workers using 2350 MB)
@   102s  (total 11 workers using 2645 MB)
@   115s  (total 11 workers using 2772 MB)
@   129s  (total 11 workers using 3059 MB)
@   143s  (total 11 workers using 3174 MB)
@   157s  (total 11 workers using 3369 MB)
@   171s  (total 11 workers using 3516 MB)
@   185s  (total 11 workers using 3758 MB)
@   199s  (total 11 workers using 3930 MB)
@   213s  (total 11 workers using 4048 MB)
@   226s  (total 11 workers using 4199 MB)
@   241s  (total 11 workers using 4409 MB)
@   254s  (total 11 workers using 4480 MB)
@   268s  (total 11 workers using 4631 MB)
@   281s  (total 11 workers using 4832 MB)
@   296s  (total 11 workers using 5113 MB)
@   309s  (total 11 workers using 5175 MB)
@   324s  (total 11 workers using 5342 MB)
@   337s  (total 11 workers using 5529 MB)
@   351s  (total 11 workers using 5625 MB)
@   364s  (total 11 workers using 5654 MB)
@   378s  (total 11 workers using 5804 MB)
@   391s  (total 11 workers using 5917 MB)
@   406s  (total 11 workers using 6164 MB)
@   419s  (total 11 workers using 6226 MB)
@   433s  (total 11 workers using 6339 MB)
@   447s  (total 11 workers using 6501 MB)
@   461s  (total 11 workers using 6559 MB)
@   474s  (total 11 workers using 6574 MB)
@   488s  (total 11 workers using 6823 MB)
@   501s  (total 11 workers using 6940 MB)
@   516s  (total 11 workers using 7099 MB)
@   529s  (total 11 workers using 7047 MB)
@   543s  (total 11 workers using 7278 MB)
@   557s  (total 11 workers using 7312 MB)
@   571s  (total 11 workers using 7511 MB)
@   584s  (total 11 workers using 7672 MB)
@   598s  (total 11 workers using 7924 MB)
@   612s  (total 11 workers using 8101 MB)
@   626s  (total 11 workers using 8245 MB)
@   639s  (total 11 workers using 8380 MB)
@   653s  (total 11 workers using 8520 MB)
@   667s  (total 11 workers using 8656 MB)
@   681s  (total 11 workers using 8798 MB)
@   694s  (total 11 workers using 8905 MB)
@   708s  (total 11 workers using 9048 MB)
@   722s  (total 11 workers using 9155 MB)
@   736s  (total 11 workers using 9257 MB)
@   749s  (total 11 workers using 9453 MB)
@   763s  (total 11 workers using 9535 MB)
@   777s  (total 11 workers using 9656 MB)
@   791s  (total 11 workers using 9832 MB)
@   804s  (total 11 workers using 9930 MB)
@   818s  (total 11 workers using 10017 MB)
@   831s  (total 11 workers using 10190 MB)
@   846s  (total 11 workers using 10330 MB)
@   859s  (total 11 workers using 10360 MB)
@   873s  (total 11 workers using 10521 MB)
@   886s  (total 11 workers using 10620 MB)
@   901s  (total 11 workers using 10751 MB)
@   914s  (total 11 workers using 10938 MB)
@   928s  (total 11 workers using 10914 MB)
@   942s  (total 11 workers using 11120 MB)
@   956s  (total 11 workers using 11144 MB)
@   969s  (total 11 workers using 11358 MB)
@   984s  (total 11 workers using 11438 MB)
@   997s  (total 11 workers using 11622 MB)
@  1011s  (total 11 workers using 11712 MB)
@  1025s  (total 11 workers using 11864 MB)
@  1039s  (total 11 workers using 12025 MB)
@  1052s  (total 11 workers using 12168 MB)
@  1066s  (total 11 workers using 12257 MB)
@  1079s  (total 11 workers using 12416 MB)
@  1094s  (total 11 workers using 12506 MB)
@  1107s  (total 11 workers using 12578 MB)
@  1121s  (total 11 workers using 12838 MB)
@  1134s  (total 11 workers using 12961 MB)
@  1149s  (total 11 workers using 13058 MB)
@  1162s  (total 11 workers using 13146 MB)
@  1176s  (total 11 workers using 13314 MB)
@  1190s  (total 11 workers using 13398 MB)
@  1204s  (total 11 workers using 13552 MB)
@  1217s  (total 11 workers using 13768 MB)
@  1232s  (total 11 workers using 13881 MB)
@  1245s  (total 11 workers using 14041 MB)
@  1259s  (total 11 workers using 14063 MB)
@  1273s  (total 11 workers using 14227 MB)
@  1287s  (total 11 workers using 14366 MB)
@  1300s  (total 11 workers using 14552 MB)
@  1314s  (total 11 workers using 14751 MB)
@  1327s  (total 11 workers using 14865 MB)
@  1342s  (total 11 workers using 15084 MB)
@  1355s  (total 11 workers using 15209 MB)
@  1369s  (total 11 workers using 15264 MB)
@  1382s  (total 11 workers using 15362 MB)
@  1397s  (total 11 workers using 15513 MB)
@  1410s  (total 11 workers using 15611 MB)
@  1423s  (total 11 workers using 15749 MB)
@  1436s  (total 11 workers using 15871 MB)
@  1450s  (total 11 workers using 16011 MB)
@  1463s  (total 11 workers using 16006 MB)
@  1477s  (total 11 workers using 16142 MB)
@  1490s  (total 11 workers using 16151 MB)
@  1504s  (total 11 workers using 16239 MB)
@  1517s  (total 11 workers using 16353 MB)
@  1531s  (total 11 workers using 16566 MB)
@  1544s  (total 11 workers using 16659 MB)
@  1558s  (total 11 workers using 16794 MB)
@  1571s  (total 11 workers using 16893 MB)
@  1585s  (total 11 workers using 16962 MB)
@  1598s  (total 11 workers using 17001 MB)
@  1612s  (total 11 workers using 17103 MB)
@  1625s  (total 11 workers using 17162 MB)
@  1639s  (total 11 workers using 17183 MB)
@  1653s  (total 11 workers using 17184 MB)
@  1666s  (total 11 workers using 17352 MB)
@  1679s  (total 11 workers using 17411 MB)
@  1693s  (total 11 workers using 17590 MB)
@  1706s  (total 11 workers using 17725 MB)
@  1720s  (total 11 workers using 17846 MB)
@  1733s  (total 11 workers using 17853 MB)
@  1747s  (total 11 workers using 18028 MB)
@  1760s  (total 11 workers using 18259 MB)
@  1774s  (total 11 workers using 18314 MB)
@  1787s  (total 11 workers using 18508 MB)
@  1801s  (total 11 workers using 18508 MB)
@  1814s  (total 11 workers using 18566 MB)
@  1828s  (total 11 workers using 18708 MB)
@  1841s  (total 11 workers using 18776 MB)
@  1856s  (total 11 workers using 18889 MB)
@  1869s  (total 11 workers using 18977 MB)
@  1883s  (total 11 workers using 19018 MB)
@  1896s  (total 11 workers using 19086 MB)
@  1910s  (total 11 workers using 19203 MB)
@  1923s  (total 11 workers using 19400 MB)
@  1937s  (total 11 workers using 19475 MB)
@  1950s  (total 11 workers using 19491 MB)
@  1963s  (total 11 workers using 19673 MB)
@  1976s  (total 11 workers using 19805 MB)
@  1990s  (total 11 workers using 19741 MB)
@  2003s  (total 11 workers using 19849 MB)
@  2017s  (total 11 workers using 20003 MB)
@  2030s  (total 11 workers using 20049 MB)
@  2044s  (total 11 workers using 20193 MB)
@  2057s  (total 11 workers using 20316 MB)
@  2070s  (total 11 workers using 20407 MB)
@  2083s  (total 11 workers using 20471 MB)
@  2098s  (total 11 workers using 20539 MB)
@  2110s  (total 11 workers using 20620 MB)
@  2124s  (total 11 workers using 20731 MB)
@  2137s  (total 11 workers using 20805 MB)
@  2151s  (total 11 workers using 21008 MB)
@  2164s  (total 11 workers using 21044 MB)
@  2178s  (total 11 workers using 21063 MB)
@  2191s  (total 11 workers using 21280 MB)
@  2205s  (total 11 workers using 21347 MB)
@  2218s  (total 11 workers using 21461 MB)
@  2232s  (total 11 workers using 21633 MB)
@  2245s  (total 11 workers using 21722 MB)
@  2258s  (total 11 workers using 21783 MB)
@  2271s  (total 11 workers using 21846 MB)
@  2285s  (total 11 workers using 21932 MB)
@  2298s  (total 11 workers using 21970 MB)
@  2312s  (total 11 workers using 22005 MB)
@  2325s  (total 11 workers using 22090 MB)
@  2339s  (total 11 workers using 22230 MB)
@  2352s  (total 11 workers using 22376 MB)
@  2366s  (total 11 workers using 22352 MB)
@  2379s  (total 11 workers using 22477 MB)
@  2393s  (total 11 workers using 22572 MB)
@  2406s  (total 11 workers using 22682 MB)
@  2420s  (total 11 workers using 22761 MB)
@  2433s  (total 11 workers using 22888 MB)
@  2447s  (total 11 workers using 22899 MB)
@  2460s  (total 11 workers using 23070 MB)
@  2473s  (total 11 workers using 23101 MB)
@  2486s  (total 11 workers using 23189 MB)
@  2500s  (total 11 workers using 23177 MB)
@  2513s  (total 11 workers using 23345 MB)
@  2527s  (total 11 workers using 23429 MB)
@  2540s  (total 11 workers using 23523 MB)
@  2554s  (total 11 workers using 23560 MB)
@  2567s  (total 11 workers using 23601 MB)
@  2581s  (total 11 workers using 23685 MB)
@  2595s  (total 11 workers using 23759 MB)
@  2609s  (total 11 workers using 23834 MB)
@  2622s  (total 11 workers using 23937 MB)
@  2636s  (total 11 workers using 24063 MB)
@  2649s  (total 11 workers using 23973 MB)
@  2663s  (total 11 workers using 24186 MB)
@  2676s  (total 11 workers using 24260 MB)
@  2690s  (total 11 workers using 24403 MB)
@  2703s  (total 11 workers using 24493 MB)
@  2717s  (total 11 workers using 24563 MB)
@  2730s  (total 11 workers using 24650 MB)
@  2744s  (total 11 workers using 24723 MB)
@  2757s  (total 11 workers using 24881 MB)
@  2771s  (total 11 workers using 24944 MB)
@  2784s  (total 11 workers using 25124 MB)
@  2798s  (total 11 workers using 25212 MB)
@  2811s  (total 11 workers using 25198 MB)
@  2825s  (total 11 workers using 25321 MB)
@  2838s  (total 11 workers using 25487 MB)
@  2852s  (total 11 workers using 25549 MB)
@  2865s  (total 11 workers using 25704 MB)
@  2879s  (total 11 workers using 25732 MB)
@  2892s  (total 11 workers using 25786 MB)
@  2906s  (total 11 workers using 25828 MB)
@  2919s  (total 11 workers using 25897 MB)
@  2933s  (total 11 workers using 25968 MB)
@  2946s  (total 11 workers using 26129 MB)
@  2960s  (total 11 workers using 26275 MB)
@  2973s  (total 11 workers using 26446 MB)
@  2987s  (total 11 workers using 26472 MB)
@  3000s  (total 11 workers using 26555 MB)
@  3014s  (total 11 workers using 26613 MB)
@  3026s  (total 11 workers using 26665 MB)
@  3040s  (total 11 workers using 26800 MB)
@  3053s  (total 11 workers using 26929 MB)
@  3067s  (total 11 workers using 26930 MB)
@  3080s  (total 11 workers using 27042 MB)
@  3093s  (total 11 workers using 27159 MB)
@  3106s  (total 11 workers using 27251 MB)
@  3120s  (total 11 workers using 27375 MB)
@  3133s  (total 11 workers using 27458 MB)
@  3147s  (total 11 workers using 27536 MB)
@  3160s  (total 11 workers using 27415 MB)
@  3174s  (total 11 workers using 27550 MB)
@  3187s  (total 11 workers using 27645 MB)
@  3201s  (total 11 workers using 27789 MB)
@  3214s  (total 11 workers using 27846 MB)
@  3228s  (total 11 workers using 27945 MB)
@  3242s  (total 11 workers using 28004 MB)
@  3256s  (total 11 workers using 28034 MB)
@  3269s  (total 11 workers using 28173 MB)
@  3283s  (total 11 workers using 28258 MB)
@  3296s  (total 11 workers using 28391 MB)
@  3310s  (total 11 workers using 28460 MB)
@  3323s  (total 11 workers using 28541 MB)
@  3337s  (total 11 workers using 28613 MB)
@  3351s  (total 11 workers using 28677 MB)
@  3365s  (total 11 workers using 28728 MB)
@  3378s  (total 11 workers using 28817 MB)
@  3392s  (total 11 workers using 28928 MB)
@  3405s  (total 11 workers using 29021 MB)
@  3419s  (total 11 workers using 29146 MB)
@  3432s  (total 11 workers using 29242 MB)
@  3445s  (total 11 workers using 29345 MB)
@  3458s  (total 11 workers using 29483 MB)
@  3471s  (total 11 workers using 29539 MB)
@  3484s  (total 11 workers using 29663 MB)
@  3497s  (total 11 workers using 29721 MB)
@  3510s  (total 11 workers using 29891 MB)
@  3523s  (total 11 workers using 29883 MB)
@  3536s  (total 11 workers using 29984 MB)
@  3550s  (total 11 workers using 30056 MB)
@  3563s  (total 11 workers using 30225 MB)
@  3575s  (stopping all workers)
@  3575s  (total 11 workers using 0 MB)
@  3576s  (worker 0 finished with result unknown) python3 avr.py -a sa
@  3576s  (worker 2 finished with result unknown) python3 avr.py
@  3576s  (worker 4 finished with result unknown) python3 avr.py -b bin_y2 --bmc
@  3576s  (worker 6 finished with result unknown) python3 avr.py -a sa --interpol 1 -f 1
@  3576s  (worker 8 finished with result unknown) python3 avr.py -l 5 -g 3 -a sa8 --interpol 1 -f 1
@  3576s  (worker 10 finished with result unknown) python3 avr.py --bmc
@  3576s  (worker 1 finished with result unknown) python3 avr.py -b bin_bt_cadical -s --bmc
@  3576s  (worker 5 finished with result unknown) python3 avr.py -b bin_bt_cadical -g 3 -l 0 -a sa32
@  3576s  (worker 9 finished with result unknown) python3 avr.py -b bin_y2 -s -a sa4 --interpol 1 -f 1
@  3576s  (worker 3 finished with result unknown) python3 avr.py -b bin_y2 -s
@  3576s  (worker 7 finished with result unknown) python3 avr.py -s -l 0
@  3576s  (copied results from worker 0 in /scratch/network/hongcez/hwmcc/avr-log/btor2/bv/goel/opensource/vcegar_arrays_itc99_b12_p2/pr_vcegar_arrays_itc99_b12_p2)
@  3576s  [0;30;47m(proof race finished with answer unknown in 3576.05 seconds)[m
