	(output dir: /scratch/network/hongcez/hwmcc/avr-log/btor2/bv/wolf/2019A/pr_picorv32_mutAY_nomem-p8/work_w1)
	(frontend: btor2)
	(property: all (1 assertions))
	(2049 / 3485 flops initialized)
	(abstraction: sa+uf)
	(bmc: safe till step 0)
	(bmc: safe till step 10)
	(bmc: found cex at step 12)
   0	: 0	: 0 s: 0    307s                  

AVR -- Proof Race 
copyright (c) 2019  Aman Goel and Karem Sakallah, University of Michigan
@     0s  (starting avr proof race)
@     0s  (output dir: /scratch/network/hongcez/hwmcc/avr-log/btor2/bv/wolf/2019A/pr_picorv32_mutAY_nomem-p8)
@     0s  (max 11 workers)
@     0s  (started worker 0 with pid 206892)
@     0s  (started worker 1 with pid 206893)
@     0s  (started worker 2 with pid 206894)
@     0s  (started worker 3 with pid 206895)
@     0s  (started worker 4 with pid 206896)
@     0s  (spawned 5 workers)
@     0s  (total 5 workers using 0 MB)
@     1s  (started worker 5 with pid 207012)
@     1s  (spawned 1 workers)
@     1s  (total 6 workers using 407 MB)
@     2s  (started worker 6 with pid 207062)
@     2s  (spawned 1 workers)
@     2s  (total 7 workers using 699 MB)
@     4s  (started worker 7 with pid 207119)
@     4s  (spawned 1 workers)
@     4s  (total 8 workers using 820 MB)
@     7s  (started worker 8 with pid 207176)
@     7s  (spawned 1 workers)
@     7s  (total 9 workers using 1010 MB)
@    10s  (started worker 9 with pid 207252)
@    10s  (spawned 1 workers)
@    10s  (total 10 workers using 1122 MB)
@    13s  (started worker 10 with pid 207319)
@    13s  (spawned 1 workers)
@    13s  (total 11 workers using 1218 MB)
@    26s  (total 11 workers using 1729 MB)
@    42s  (total 11 workers using 1918 MB)
@    59s  (total 11 workers using 2095 MB)
@    73s  (total 11 workers using 2305 MB)
@    88s  (total 11 workers using 2412 MB)
@   103s  (total 11 workers using 2548 MB)
@   117s  (total 11 workers using 2725 MB)
@   131s  (total 11 workers using 2861 MB)
@   145s  (total 11 workers using 2962 MB)
@   159s  (total 11 workers using 3050 MB)
@   173s  (total 11 workers using 3103 MB)
@   187s  (total 11 workers using 3161 MB)
@   200s  (total 11 workers using 3251 MB)
@   215s  (total 11 workers using 3421 MB)
@   228s  (total 11 workers using 3568 MB)
@   242s  (total 11 workers using 3624 MB)
@   256s  (total 11 workers using 3720 MB)
@   270s  (total 11 workers using 3854 MB)
@   283s  (total 11 workers using 3934 MB)
@   298s  (total 11 workers using 4010 MB)
@   312s  (total 11 workers using 4098 MB)
@   326s  (total 11 workers using 4178 MB)
@   340s  (total 11 workers using 4250 MB)
@   354s  (total 11 workers using 4319 MB)
@   367s  (total 11 workers using 4368 MB)
@   382s  (total 11 workers using 4438 MB)
@   395s  (total 11 workers using 4444 MB)
@   410s  (total 11 workers using 4481 MB)
@   423s  (total 11 workers using 4527 MB)
@   438s  (total 11 workers using 4565 MB)
@   451s  (total 11 workers using 4619 MB)
@   465s  (total 11 workers using 4687 MB)
@   479s  (total 11 workers using 4777 MB)
@   493s  (total 11 workers using 4822 MB)
@   507s  (total 11 workers using 4887 MB)
@   521s  (total 11 workers using 4945 MB)
@   525s  (worker 1 finished with result unsafe) python3 avr.py -b bin_bt_cadical -s --bmc
@   525s  (worker 1 output)
@   525s  (stopping all workers)
@   525s  (copied results from worker 1 in /scratch/network/hongcez/hwmcc/avr-log/btor2/bv/wolf/2019A/pr_picorv32_mutAY_nomem-p8)
@   525s  [0;30;47m(proof race finished with answer unsafe in 525.08 seconds)[m
