AVR -- Proof Race 
copyright (c) 2019  Aman Goel and Karem Sakallah, University of Michigan
@     0s  (starting avr proof race)
@     0s  (output dir: /scratch/network/hongcez/hwmcc/avr-log/btor2/bv/wolf/2019A/pr_picorv32_mutBX_nomem-p3)
@     0s  (max 11 workers)
@     0s  (started worker 0 with pid 160236)
@     0s  (started worker 1 with pid 160237)
@     0s  (started worker 2 with pid 160238)
@     0s  (started worker 3 with pid 160239)
@     0s  (started worker 4 with pid 160240)
@     0s  (spawned 5 workers)
@     0s  (total 5 workers using 0 MB)
@     1s  (started worker 5 with pid 160355)
@     1s  (spawned 1 workers)
@     1s  (total 6 workers using 556 MB)
@     2s  (started worker 6 with pid 160394)
@     2s  (spawned 1 workers)
@     2s  (total 7 workers using 967 MB)
@     3s  (started worker 7 with pid 160437)
@     3s  (spawned 1 workers)
@     3s  (total 8 workers using 1167 MB)
@     6s  (started worker 8 with pid 160485)
@     6s  (spawned 1 workers)
@     6s  (total 9 workers using 1473 MB)
@    10s  (started worker 9 with pid 160544)
@    10s  (spawned 1 workers)
@    10s  (total 10 workers using 1660 MB)
@    13s  (started worker 10 with pid 160591)
@    13s  (spawned 1 workers)
@    13s  (total 11 workers using 1788 MB)
@    25s  (total 11 workers using 2249 MB)
@    42s  (total 11 workers using 2493 MB)
@    58s  (total 11 workers using 2613 MB)
@    73s  (total 11 workers using 2770 MB)
@    87s  (total 11 workers using 2873 MB)
@   102s  (total 11 workers using 2918 MB)
@   116s  (total 11 workers using 2963 MB)
@   130s  (total 11 workers using 2998 MB)
@   144s  (total 11 workers using 3065 MB)
@   158s  (total 11 workers using 3121 MB)
@   171s  (total 11 workers using 3170 MB)
@   186s  (total 11 workers using 3228 MB)
@   199s  (total 11 workers using 3325 MB)
@   214s  (total 11 workers using 3306 MB)
@   227s  (total 11 workers using 3527 MB)
@   241s  (total 11 workers using 3569 MB)
@   255s  (total 11 workers using 3722 MB)
@   269s  (total 11 workers using 3854 MB)
@   282s  (total 11 workers using 3839 MB)
@   297s  (total 11 workers using 3861 MB)
@   310s  (total 11 workers using 3878 MB)
@   324s  (total 11 workers using 3953 MB)
@   337s  (total 11 workers using 4076 MB)
@   352s  (total 11 workers using 4081 MB)
@   365s  (total 11 workers using 4101 MB)
@   379s  (total 11 workers using 4081 MB)
@   392s  (total 11 workers using 4092 MB)
@   407s  (total 11 workers using 4130 MB)
@   420s  (total 11 workers using 4152 MB)
@   435s  (total 11 workers using 4262 MB)
@   448s  (total 11 workers using 4305 MB)
@   462s  (total 11 workers using 4298 MB)
@   477s  (total 11 workers using 4356 MB)
@   493s  (total 11 workers using 4409 MB)
@   507s  (total 11 workers using 4408 MB)
@   521s  (total 11 workers using 4465 MB)
@   535s  (total 11 workers using 4484 MB)
@   550s  (total 11 workers using 4522 MB)
@   564s  (total 11 workers using 4561 MB)
@   580s  (total 11 workers using 4601 MB)
@   594s  (total 11 workers using 4634 MB)
@   608s  (total 11 workers using 4675 MB)
@   623s  (total 11 workers using 4763 MB)
@   637s  (total 11 workers using 4788 MB)
@   651s  (total 11 workers using 4825 MB)
@   665s  (total 11 workers using 4859 MB)
@   679s  (total 11 workers using 4898 MB)
@   693s  (total 11 workers using 5058 MB)
@   707s  (total 11 workers using 5137 MB)
@   721s  (total 11 workers using 5149 MB)
@   735s  (total 11 workers using 5230 MB)
@   750s  (total 11 workers using 5169 MB)
@   763s  (total 11 workers using 5167 MB)
@   778s  (total 11 workers using 5205 MB)
@   791s  (total 11 workers using 5231 MB)
@   806s  (total 11 workers using 5330 MB)
@   819s  (total 11 workers using 5449 MB)
@   834s  (total 11 workers using 5608 MB)
@   847s  (total 11 workers using 5670 MB)
@   862s  (total 11 workers using 5732 MB)
@   876s  (total 11 workers using 5763 MB)
@   890s  (total 11 workers using 5817 MB)
@   903s  (total 11 workers using 5863 MB)
@   918s  (total 11 workers using 5865 MB)
@   931s  (total 11 workers using 5935 MB)
@   946s  (total 11 workers using 5978 MB)
@   959s  (total 11 workers using 6001 MB)
@   974s  (total 11 workers using 6030 MB)
@   988s  (total 11 workers using 6061 MB)
@  1002s  (total 11 workers using 6097 MB)
@  1015s  (total 11 workers using 6137 MB)
@  1030s  (total 11 workers using 6166 MB)
@  1043s  (total 11 workers using 6206 MB)
@  1058s  (total 11 workers using 6245 MB)
@  1071s  (total 11 workers using 6305 MB)
@  1086s  (total 11 workers using 6369 MB)
@  1099s  (total 11 workers using 6433 MB)
@  1114s  (total 11 workers using 6465 MB)
@  1127s  (total 11 workers using 6486 MB)
@  1142s  (total 11 workers using 6506 MB)
@  1155s  (total 11 workers using 6510 MB)
@  1170s  (total 11 workers using 6603 MB)
@  1183s  (total 11 workers using 6626 MB)
@  1197s  (total 11 workers using 6673 MB)
@  1211s  (total 11 workers using 6708 MB)
@  1225s  (total 11 workers using 6740 MB)
@  1239s  (total 11 workers using 6763 MB)
@  1254s  (total 11 workers using 6791 MB)
@  1267s  (total 11 workers using 6840 MB)
@  1281s  (total 11 workers using 6898 MB)
@  1295s  (total 11 workers using 6908 MB)
@  1310s  (total 11 workers using 6964 MB)
@  1323s  (total 11 workers using 7018 MB)
@  1337s  (total 11 workers using 7049 MB)
@  1351s  (total 11 workers using 7087 MB)
@  1365s  (total 11 workers using 7168 MB)
@  1378s  (total 11 workers using 7208 MB)
@  1393s  (total 11 workers using 7279 MB)
@  1406s  (total 11 workers using 7331 MB)
@  1421s  (total 11 workers using 7288 MB)
@  1435s  (total 11 workers using 7370 MB)
@  1449s  (total 11 workers using 7407 MB)
@  1462s  (total 11 workers using 7437 MB)
@  1477s  (total 11 workers using 7465 MB)
@  1491s  (total 11 workers using 7492 MB)
@  1505s  (total 11 workers using 7513 MB)
@  1519s  (total 11 workers using 7541 MB)
@  1533s  (total 11 workers using 7582 MB)
@  1547s  (total 11 workers using 7606 MB)
@  1561s  (total 11 workers using 7621 MB)
@  1575s  (total 11 workers using 7634 MB)
@  1589s  (total 11 workers using 7658 MB)
@  1603s  (total 11 workers using 7675 MB)
@  1618s  (total 11 workers using 7694 MB)
@  1631s  (total 11 workers using 7681 MB)
@  1646s  (total 11 workers using 7702 MB)
@  1659s  (total 11 workers using 7711 MB)
@  1674s  (total 11 workers using 7732 MB)
@  1688s  (total 11 workers using 7788 MB)
@  1703s  (total 11 workers using 7804 MB)
@  1717s  (total 11 workers using 7826 MB)
@  1731s  (total 11 workers using 7852 MB)
@  1745s  (total 11 workers using 7872 MB)
@  1760s  (total 11 workers using 7902 MB)
@  1773s  (total 11 workers using 7927 MB)
@  1788s  (total 11 workers using 7959 MB)
@  1801s  (total 11 workers using 7981 MB)
@  1816s  (total 11 workers using 8035 MB)
@  1829s  (total 11 workers using 7983 MB)
@  1844s  (total 11 workers using 8072 MB)
@  1858s  (total 11 workers using 8112 MB)
@  1872s  (total 11 workers using 8151 MB)
@  1886s  (total 11 workers using 8152 MB)
@  1900s  (total 11 workers using 8187 MB)
@  1914s  (total 11 workers using 8218 MB)
@  1929s  (total 11 workers using 8257 MB)
@  1942s  (total 11 workers using 8288 MB)
@  1956s  (total 11 workers using 8326 MB)
@  1970s  (total 11 workers using 8374 MB)
@  1984s  (total 11 workers using 8455 MB)
@  1997s  (total 11 workers using 8491 MB)
@  2012s  (total 11 workers using 8535 MB)
@  2026s  (total 11 workers using 8526 MB)
@  2041s  (total 11 workers using 8556 MB)
@  2054s  (total 11 workers using 8581 MB)
@  2069s  (total 11 workers using 8651 MB)
@  2083s  (total 11 workers using 8675 MB)
@  2098s  (total 11 workers using 8703 MB)
@  2111s  (total 11 workers using 8734 MB)
@  2126s  (total 11 workers using 8801 MB)
@  2139s  (total 11 workers using 8872 MB)
@  2155s  (total 11 workers using 8881 MB)
@  2168s  (total 11 workers using 8913 MB)
@  2183s  (total 11 workers using 8938 MB)
@  2197s  (total 11 workers using 8952 MB)
@  2212s  (total 11 workers using 9011 MB)
@  2226s  (total 11 workers using 9027 MB)
@  2240s  (total 11 workers using 9070 MB)
@  2254s  (total 11 workers using 9113 MB)
@  2269s  (total 11 workers using 9135 MB)
@  2283s  (total 11 workers using 9194 MB)
@  2297s  (total 11 workers using 9215 MB)
@  2311s  (total 11 workers using 9261 MB)
@  2326s  (total 11 workers using 9290 MB)
@  2340s  (total 11 workers using 9396 MB)
@  2354s  (total 11 workers using 9333 MB)
@  2368s  (total 11 workers using 9279 MB)
@  2383s  (total 11 workers using 9323 MB)
@  2396s  (total 11 workers using 9343 MB)
@  2411s  (total 11 workers using 9367 MB)
@  2425s  (total 11 workers using 9398 MB)
@  2440s  (total 11 workers using 9437 MB)
@  2454s  (total 11 workers using 9468 MB)
@  2469s  (total 11 workers using 9502 MB)
@  2483s  (total 11 workers using 9487 MB)
@  2497s  (total 11 workers using 9524 MB)
@  2511s  (total 11 workers using 9547 MB)
@  2526s  (total 11 workers using 9616 MB)
@  2539s  (total 11 workers using 9658 MB)
@  2554s  (total 11 workers using 9727 MB)
@  2568s  (total 11 workers using 9724 MB)
@  2583s  (total 11 workers using 9759 MB)
@  2597s  (total 11 workers using 9790 MB)
@  2611s  (total 11 workers using 9824 MB)
@  2625s  (total 11 workers using 9856 MB)
@  2640s  (total 11 workers using 9940 MB)
@  2654s  (total 11 workers using 9934 MB)
@  2669s  (total 11 workers using 9960 MB)
@  2682s  (total 11 workers using 9979 MB)
@  2697s  (total 11 workers using 10082 MB)
@  2711s  (total 11 workers using 10123 MB)
@  2726s  (total 11 workers using 10148 MB)
@  2739s  (total 11 workers using 10156 MB)
@  2754s  (total 11 workers using 10165 MB)
@  2767s  (total 11 workers using 10200 MB)
@  2783s  (total 11 workers using 10218 MB)
@  2796s  (total 11 workers using 10227 MB)
@  2811s  (total 11 workers using 10236 MB)
@  2824s  (total 11 workers using 10246 MB)
@  2840s  (total 11 workers using 10275 MB)
@  2854s  (total 11 workers using 10305 MB)
@  2869s  (total 11 workers using 10350 MB)
@  2882s  (total 11 workers using 10368 MB)
@  2897s  (total 11 workers using 10397 MB)
@  2911s  (total 11 workers using 10425 MB)
@  2926s  (total 11 workers using 10435 MB)
@  2939s  (total 11 workers using 10470 MB)
@  2954s  (total 11 workers using 10481 MB)
@  2968s  (total 11 workers using 10496 MB)
@  2983s  (total 11 workers using 10505 MB)
@  2996s  (total 11 workers using 10467 MB)
@  3011s  (total 11 workers using 10474 MB)
@  3025s  (total 11 workers using 10481 MB)
@  3040s  (total 11 workers using 10493 MB)
@  3053s  (total 11 workers using 10506 MB)
@  3068s  (total 11 workers using 10513 MB)
@  3082s  (total 11 workers using 10522 MB)
@  3097s  (total 11 workers using 10554 MB)
@  3110s  (total 11 workers using 10558 MB)
@  3125s  (total 11 workers using 10558 MB)
@  3139s  (total 11 workers using 10564 MB)
@  3154s  (total 11 workers using 10572 MB)
@  3167s  (total 11 workers using 10583 MB)
@  3182s  (total 11 workers using 10590 MB)
@  3195s  (total 11 workers using 10596 MB)
@  3210s  (total 11 workers using 10594 MB)
@  3224s  (total 11 workers using 10599 MB)
@  3239s  (total 11 workers using 10612 MB)
@  3252s  (total 11 workers using 10619 MB)
@  3268s  (total 11 workers using 10635 MB)
@  3281s  (total 11 workers using 10639 MB)
@  3296s  (total 11 workers using 10650 MB)
@  3310s  (total 11 workers using 10658 MB)
@  3325s  (total 11 workers using 10670 MB)
@  3338s  (total 11 workers using 10677 MB)
@  3353s  (total 11 workers using 10696 MB)
@  3367s  (total 11 workers using 10733 MB)
@  3382s  (total 11 workers using 10812 MB)
@  3396s  (total 11 workers using 11002 MB)
@  3410s  (total 11 workers using 10994 MB)
@  3424s  (total 11 workers using 11027 MB)
@  3439s  (total 11 workers using 11048 MB)
@  3453s  (total 11 workers using 10981 MB)
@  3468s  (total 11 workers using 11049 MB)
@  3481s  (total 11 workers using 11052 MB)
@  3496s  (total 11 workers using 11066 MB)
@  3510s  (total 11 workers using 11080 MB)
@  3525s  (total 11 workers using 11112 MB)
@  3538s  (total 11 workers using 11139 MB)
@  3553s  (total 11 workers using 11140 MB)
@  3566s  (total 11 workers using 11142 MB)
@  3575s  (stopping all workers)
@  3575s  (worker 0 finished with result unknown) python3 avr.py -a sa
@  3575s  (worker 2 finished with result unknown) python3 avr.py
@  3575s  (worker 4 finished with result unknown) python3 avr.py -b bin_y2 --bmc
@  3575s  (worker 6 finished with result unknown) python3 avr.py -a sa --interpol 1 -f 1
@  3575s  (worker 8 finished with result unknown) python3 avr.py -l 5 -g 3 -a sa8 --interpol 1 -f 1
@  3575s  (worker 10 finished with result unknown) python3 avr.py --bmc
@  3575s  (worker 1 finished with result unknown) python3 avr.py -b bin_bt_cadical -s --bmc
@  3575s  (worker 5 finished with result unknown) python3 avr.py -b bin_bt_cadical -g 3 -l 0 -a sa32
@  3575s  (worker 9 finished with result unknown) python3 avr.py -b bin_y2 -s -a sa4 --interpol 1 -f 1
@  3575s  (worker 3 finished with result unknown) python3 avr.py -b bin_y2 -s
@  3576s  (worker 7 finished with result unknown) python3 avr.py -s -l 0
@  3576s  (copied results from worker 0 in /scratch/network/hongcez/hwmcc/avr-log/btor2/bv/wolf/2019A/pr_picorv32_mutBX_nomem-p3)
@  3576s  [0;30;47m(proof race finished with answer unknown in 3575.64 seconds)[m
