AVR -- Proof Race 
copyright (c) 2019  Aman Goel and Karem Sakallah, University of Michigan
@     0s  (starting avr proof race)
@     0s  (output dir: /scratch/network/hongcez/hwmcc/avr-log/btor2/bv/wolf/2019A/pr_picorv32_mutBX_nomem-p8)
@     0s  (max 11 workers)
@     0s  (started worker 0 with pid 13037)
@     0s  (started worker 1 with pid 13038)
@     0s  (started worker 2 with pid 13039)
@     0s  (started worker 3 with pid 13040)
@     0s  (started worker 4 with pid 13041)
@     0s  (spawned 5 workers)
@     0s  (total 5 workers using 0 MB)
@     1s  (started worker 5 with pid 13156)
@     1s  (spawned 1 workers)
@     1s  (total 6 workers using 513 MB)
@     2s  (started worker 6 with pid 13196)
@     2s  (spawned 1 workers)
@     2s  (total 7 workers using 805 MB)
@     3s  (started worker 7 with pid 13240)
@     3s  (spawned 1 workers)
@     3s  (total 8 workers using 1020 MB)
@     6s  (started worker 8 with pid 13288)
@     6s  (spawned 1 workers)
@     6s  (total 9 workers using 1207 MB)
@     9s  (started worker 9 with pid 13346)
@     9s  (spawned 1 workers)
@     9s  (total 10 workers using 1692 MB)
@    12s  (started worker 10 with pid 13393)
@    12s  (spawned 1 workers)
@    12s  (total 11 workers using 1845 MB)
@    24s  (total 11 workers using 2195 MB)
@    41s  (total 11 workers using 2412 MB)
@    57s  (total 11 workers using 2540 MB)
@    72s  (total 11 workers using 2686 MB)
@    86s  (total 11 workers using 2711 MB)
@   102s  (total 11 workers using 2770 MB)
@   115s  (total 11 workers using 2808 MB)
@   130s  (total 11 workers using 2837 MB)
@   144s  (total 11 workers using 2916 MB)
@   158s  (total 11 workers using 2911 MB)
@   171s  (total 11 workers using 2977 MB)
@   186s  (total 11 workers using 3011 MB)
@   200s  (total 11 workers using 2968 MB)
@   214s  (total 11 workers using 2951 MB)
@   227s  (total 11 workers using 2981 MB)
@   242s  (total 11 workers using 3106 MB)
@   256s  (total 11 workers using 3129 MB)
@   270s  (total 11 workers using 3202 MB)
@   283s  (total 11 workers using 3227 MB)
@   298s  (total 11 workers using 3287 MB)
@   311s  (total 11 workers using 3291 MB)
@   326s  (total 11 workers using 3272 MB)
@   339s  (total 11 workers using 3406 MB)
@   354s  (total 11 workers using 3453 MB)
@   367s  (total 11 workers using 3475 MB)
@   382s  (total 11 workers using 3467 MB)
@   395s  (total 11 workers using 3450 MB)
@   409s  (total 11 workers using 3478 MB)
@   423s  (total 11 workers using 3488 MB)
@   438s  (total 11 workers using 3522 MB)
@   451s  (total 11 workers using 3484 MB)
@   466s  (total 11 workers using 3531 MB)
@   479s  (total 11 workers using 3583 MB)
@   494s  (total 11 workers using 3616 MB)
@   507s  (total 11 workers using 3659 MB)
@   522s  (total 11 workers using 3754 MB)
@   535s  (total 11 workers using 3777 MB)
@   550s  (total 11 workers using 3848 MB)
@   564s  (total 11 workers using 3888 MB)
@   578s  (total 11 workers using 3876 MB)
@   591s  (total 11 workers using 3947 MB)
@   606s  (total 11 workers using 4026 MB)
@   619s  (total 11 workers using 3986 MB)
@   634s  (total 11 workers using 4069 MB)
@   647s  (total 11 workers using 4147 MB)
@   662s  (total 11 workers using 4179 MB)
@   675s  (total 11 workers using 4200 MB)
@   690s  (total 11 workers using 4213 MB)
@   703s  (total 11 workers using 4293 MB)
@   717s  (total 11 workers using 4364 MB)
@   731s  (total 11 workers using 4408 MB)
@   745s  (total 11 workers using 4387 MB)
@   759s  (total 11 workers using 4536 MB)
@   773s  (total 11 workers using 4484 MB)
@   787s  (total 11 workers using 4599 MB)
@   801s  (total 11 workers using 4686 MB)
@   815s  (total 11 workers using 4728 MB)
@   829s  (total 11 workers using 4827 MB)
@   843s  (total 11 workers using 4915 MB)
@   857s  (total 11 workers using 4946 MB)
@   871s  (total 11 workers using 5029 MB)
@   885s  (total 11 workers using 5004 MB)
@   899s  (total 11 workers using 5032 MB)
@   913s  (total 11 workers using 5071 MB)
@   927s  (total 11 workers using 5117 MB)
@   941s  (total 11 workers using 5163 MB)
@   955s  (total 11 workers using 5171 MB)
@   969s  (total 11 workers using 5178 MB)
@   983s  (total 11 workers using 5210 MB)
@   998s  (total 11 workers using 5240 MB)
@  1011s  (total 11 workers using 5294 MB)
@  1026s  (total 11 workers using 5279 MB)
@  1039s  (total 11 workers using 5344 MB)
@  1054s  (total 11 workers using 5339 MB)
@  1067s  (total 11 workers using 5342 MB)
@  1082s  (total 11 workers using 5398 MB)
@  1095s  (total 11 workers using 5428 MB)
@  1110s  (total 11 workers using 5468 MB)
@  1123s  (total 11 workers using 5514 MB)
@  1138s  (total 11 workers using 5550 MB)
@  1151s  (total 11 workers using 5580 MB)
@  1166s  (total 11 workers using 5573 MB)
@  1179s  (total 11 workers using 5609 MB)
@  1194s  (total 11 workers using 5654 MB)
@  1207s  (total 11 workers using 5676 MB)
@  1222s  (total 11 workers using 5695 MB)
@  1235s  (total 11 workers using 5750 MB)
@  1250s  (total 11 workers using 5735 MB)
@  1263s  (total 11 workers using 5807 MB)
@  1277s  (total 11 workers using 5776 MB)
@  1291s  (total 11 workers using 5816 MB)
@  1306s  (total 11 workers using 5877 MB)
@  1319s  (total 11 workers using 5914 MB)
@  1333s  (total 11 workers using 5930 MB)
@  1347s  (total 11 workers using 5992 MB)
@  1362s  (total 11 workers using 6032 MB)
@  1375s  (total 11 workers using 6067 MB)
@  1390s  (total 11 workers using 6069 MB)
@  1403s  (total 11 workers using 6100 MB)
@  1418s  (total 11 workers using 6129 MB)
@  1431s  (total 11 workers using 6204 MB)
@  1446s  (total 11 workers using 6175 MB)
@  1459s  (total 11 workers using 6215 MB)
@  1474s  (total 11 workers using 6239 MB)
@  1487s  (total 11 workers using 6274 MB)
@  1502s  (total 11 workers using 6321 MB)
@  1515s  (total 11 workers using 6357 MB)
@  1530s  (total 11 workers using 6394 MB)
@  1544s  (total 11 workers using 6428 MB)
@  1558s  (total 11 workers using 6500 MB)
@  1571s  (total 11 workers using 6549 MB)
@  1586s  (total 11 workers using 6604 MB)
@  1600s  (total 11 workers using 6669 MB)
@  1614s  (total 11 workers using 6721 MB)
@  1627s  (total 11 workers using 6816 MB)
@  1642s  (total 11 workers using 6857 MB)
@  1655s  (total 11 workers using 6902 MB)
@  1670s  (total 11 workers using 6962 MB)
@  1683s  (total 11 workers using 6999 MB)
@  1697s  (total 11 workers using 7067 MB)
@  1711s  (total 11 workers using 7159 MB)
@  1725s  (total 11 workers using 7255 MB)
@  1739s  (total 11 workers using 7299 MB)
@  1753s  (total 11 workers using 7461 MB)
@  1767s  (total 11 workers using 7503 MB)
@  1781s  (total 11 workers using 7543 MB)
@  1795s  (total 11 workers using 7608 MB)
@  1809s  (total 11 workers using 7653 MB)
@  1823s  (total 11 workers using 7652 MB)
@  1837s  (total 11 workers using 7665 MB)
@  1851s  (total 11 workers using 7640 MB)
@  1865s  (total 11 workers using 7691 MB)
@  1879s  (total 11 workers using 7703 MB)
@  1893s  (total 11 workers using 7715 MB)
@  1907s  (total 11 workers using 7726 MB)
@  1921s  (total 11 workers using 7672 MB)
@  1935s  (total 11 workers using 7773 MB)
@  1949s  (total 11 workers using 7800 MB)
@  1962s  (total 11 workers using 7848 MB)
@  1977s  (total 11 workers using 7959 MB)
@  1991s  (total 11 workers using 7971 MB)
@  2005s  (total 11 workers using 8007 MB)
@  2018s  (total 11 workers using 8044 MB)
@  2033s  (total 11 workers using 8124 MB)
@  2047s  (total 11 workers using 8195 MB)
@  2061s  (total 11 workers using 8256 MB)
@  2074s  (total 11 workers using 8287 MB)
@  2089s  (total 11 workers using 8338 MB)
@  2103s  (total 11 workers using 8385 MB)
@  2117s  (total 11 workers using 8456 MB)
@  2130s  (total 11 workers using 8439 MB)
@  2145s  (total 11 workers using 8479 MB)
@  2159s  (total 11 workers using 8508 MB)
@  2173s  (total 11 workers using 8565 MB)
@  2187s  (total 11 workers using 8572 MB)
@  2201s  (total 11 workers using 8640 MB)
@  2214s  (total 11 workers using 8663 MB)
@  2229s  (total 11 workers using 8683 MB)
@  2242s  (total 11 workers using 8710 MB)
@  2257s  (total 11 workers using 8716 MB)
@  2270s  (total 11 workers using 8716 MB)
@  2285s  (total 11 workers using 8720 MB)
@  2298s  (total 11 workers using 8806 MB)
@  2313s  (total 11 workers using 8818 MB)
@  2326s  (total 11 workers using 8843 MB)
@  2341s  (total 11 workers using 8880 MB)
@  2354s  (total 11 workers using 8881 MB)
@  2368s  (total 11 workers using 8976 MB)
@  2382s  (total 11 workers using 8997 MB)
@  2396s  (total 11 workers using 9066 MB)
@  2410s  (total 11 workers using 9154 MB)
@  2424s  (total 11 workers using 9189 MB)
@  2438s  (total 11 workers using 9202 MB)
@  2452s  (total 11 workers using 9267 MB)
@  2466s  (total 11 workers using 9340 MB)
@  2480s  (total 11 workers using 9512 MB)
@  2494s  (total 11 workers using 9541 MB)
@  2508s  (total 11 workers using 9575 MB)
@  2521s  (total 11 workers using 9636 MB)
@  2536s  (total 11 workers using 9814 MB)
@  2549s  (total 11 workers using 9918 MB)
@  2563s  (total 11 workers using 9972 MB)
@  2577s  (total 11 workers using 10030 MB)
@  2591s  (total 11 workers using 10076 MB)
@  2604s  (total 11 workers using 10124 MB)
@  2619s  (total 11 workers using 10167 MB)
@  2632s  (total 11 workers using 10248 MB)
@  2647s  (total 11 workers using 10317 MB)
@  2660s  (total 11 workers using 10364 MB)
@  2675s  (total 11 workers using 10426 MB)
@  2688s  (total 11 workers using 10439 MB)
@  2702s  (total 11 workers using 10471 MB)
@  2716s  (total 11 workers using 10517 MB)
@  2731s  (total 11 workers using 10566 MB)
@  2744s  (total 11 workers using 10615 MB)
@  2758s  (total 11 workers using 10659 MB)
@  2772s  (total 11 workers using 10693 MB)
@  2786s  (total 11 workers using 10751 MB)
@  2799s  (total 11 workers using 10778 MB)
@  2814s  (total 11 workers using 10808 MB)
@  2827s  (total 11 workers using 10869 MB)
@  2842s  (total 11 workers using 10900 MB)
@  2856s  (total 11 workers using 10930 MB)
@  2870s  (total 11 workers using 10937 MB)
@  2883s  (total 11 workers using 10959 MB)
@  2898s  (total 11 workers using 11044 MB)
@  2911s  (total 11 workers using 11030 MB)
@  2926s  (total 11 workers using 11145 MB)
@  2939s  (total 11 workers using 11144 MB)
@  2954s  (total 11 workers using 11279 MB)
@  2967s  (total 11 workers using 11301 MB)
@  2982s  (total 11 workers using 11335 MB)
@  2995s  (total 11 workers using 11361 MB)
@  3009s  (total 11 workers using 11385 MB)
@  3023s  (total 11 workers using 11422 MB)
@  3037s  (total 11 workers using 11458 MB)
@  3051s  (total 11 workers using 11580 MB)
@  3065s  (total 11 workers using 11424 MB)
@  3079s  (total 11 workers using 11507 MB)
@  3093s  (total 11 workers using 11581 MB)
@  3106s  (total 11 workers using 11680 MB)
@  3121s  (total 11 workers using 11592 MB)
@  3134s  (total 11 workers using 11631 MB)
@  3149s  (total 11 workers using 11712 MB)
@  3162s  (total 11 workers using 11771 MB)
@  3176s  (total 11 workers using 11839 MB)
@  3189s  (total 11 workers using 11949 MB)
@  3204s  (total 11 workers using 11954 MB)
@  3217s  (total 11 workers using 12029 MB)
@  3231s  (total 11 workers using 12039 MB)
@  3245s  (total 11 workers using 12153 MB)
@  3260s  (total 11 workers using 12208 MB)
@  3273s  (total 11 workers using 12132 MB)
@  3287s  (total 11 workers using 12227 MB)
@  3301s  (total 11 workers using 12271 MB)
@  3315s  (total 11 workers using 12294 MB)
@  3329s  (total 11 workers using 12286 MB)
@  3343s  (total 11 workers using 12323 MB)
@  3356s  (total 11 workers using 12378 MB)
@  3370s  (total 11 workers using 12459 MB)
@  3384s  (total 11 workers using 12590 MB)
@  3398s  (total 11 workers using 12618 MB)
@  3411s  (total 11 workers using 12681 MB)
@  3425s  (total 11 workers using 12741 MB)
@  3438s  (total 11 workers using 12778 MB)
@  3453s  (total 11 workers using 12892 MB)
@  3466s  (total 11 workers using 12935 MB)
@  3481s  (total 11 workers using 12958 MB)
@  3494s  (total 11 workers using 13054 MB)
@  3508s  (total 11 workers using 13114 MB)
@  3522s  (total 11 workers using 13240 MB)
@  3536s  (total 11 workers using 13265 MB)
@  3549s  (total 11 workers using 13307 MB)
@  3564s  (total 11 workers using 13349 MB)
@  3574s  (stopping all workers)
@  3574s  (worker 0 finished with result unknown) python3 avr.py -a sa
@  3574s  (worker 2 finished with result unknown) python3 avr.py
@  3574s  (worker 4 finished with result unknown) python3 avr.py -b bin_y2 --bmc
@  3574s  (worker 6 finished with result unknown) python3 avr.py -a sa --interpol 1 -f 1
@  3574s  (worker 8 finished with result unknown) python3 avr.py -l 5 -g 3 -a sa8 --interpol 1 -f 1
@  3574s  (worker 10 finished with result unknown) python3 avr.py --bmc
@  3574s  (worker 1 finished with result unknown) python3 avr.py -b bin_bt_cadical -s --bmc
@  3574s  (worker 5 finished with result unknown) python3 avr.py -b bin_bt_cadical -g 3 -l 0 -a sa32
@  3574s  (worker 9 finished with result unknown) python3 avr.py -b bin_y2 -s -a sa4 --interpol 1 -f 1
@  3574s  (worker 3 finished with result unknown) python3 avr.py -b bin_y2 -s
@  3574s  (worker 7 finished with result unknown) python3 avr.py -s -l 0
@  3574s  (copied results from worker 0 in /scratch/network/hongcez/hwmcc/avr-log/btor2/bv/wolf/2019A/pr_picorv32_mutBX_nomem-p8)
@  3574s  [0;30;47m(proof race finished with answer unknown in 3574.33 seconds)[m
