	(output dir: /scratch/network/hongcez/hwmcc/avr-log/btor2/bv/wolf/2019A/pr_picorv32_mutAY_nomem-p4/work_w1)
	(frontend: btor2)
	(property: all (1 assertions))
	(2049 / 3485 flops initialized)
	(abstraction: sa+uf)
	(bmc: safe till step 0)
	(bmc: safe till step 10)
	(bmc: found cex at step 12)
   0	: 0	: 0 s: 0    62s                  

AVR -- Proof Race 
copyright (c) 2019  Aman Goel and Karem Sakallah, University of Michigan
@     0s  (starting avr proof race)
@     0s  (output dir: /scratch/network/hongcez/hwmcc/avr-log/btor2/bv/wolf/2019A/pr_picorv32_mutAY_nomem-p4)
@     0s  (max 11 workers)
@     0s  (started worker 0 with pid 238121)
@     0s  (started worker 1 with pid 238122)
@     0s  (started worker 2 with pid 238125)
@     0s  (started worker 3 with pid 238127)
@     0s  (started worker 4 with pid 238129)
@     0s  (spawned 5 workers)
@     0s  (total 5 workers using 0 MB)
@     1s  (started worker 5 with pid 238359)
@     1s  (spawned 1 workers)
@     1s  (total 6 workers using 411 MB)
@     2s  (started worker 6 with pid 238438)
@     2s  (spawned 1 workers)
@     2s  (total 7 workers using 617 MB)
@     3s  (started worker 7 with pid 238523)
@     3s  (spawned 1 workers)
@     3s  (total 8 workers using 786 MB)
@     5s  (started worker 8 with pid 238624)
@     5s  (spawned 1 workers)
@     5s  (total 9 workers using 943 MB)
@     9s  (started worker 9 with pid 238753)
@     9s  (spawned 1 workers)
@     9s  (total 10 workers using 1186 MB)
@    13s  (started worker 10 with pid 238867)
@    13s  (spawned 1 workers)
@    13s  (total 11 workers using 1277 MB)
@    25s  (total 11 workers using 1784 MB)
@    42s  (total 11 workers using 2012 MB)
@    58s  (total 11 workers using 2138 MB)
@    72s  (total 11 workers using 2291 MB)
@    86s  (worker 1 finished with result unsafe) python3 avr.py -b bin_bt_cadical -s --bmc
@    86s  (worker 1 output)
@    86s  (stopping all workers)
@    86s  (copied results from worker 1 in /scratch/network/hongcez/hwmcc/avr-log/btor2/bv/wolf/2019A/pr_picorv32_mutAY_nomem-p4)
@    86s  [0;30;47m(proof race finished with answer unsafe in 85.88 seconds)[m
