AVR -- Proof Race 
copyright (c) 2019  Aman Goel and Karem Sakallah, University of Michigan
@     0s  (starting avr proof race)
@     0s  (output dir: /scratch/network/hongcez/hwmcc/avr-log/btor2/bv/wolf/2019A/pr_picorv32_mutCX_nomem-p7)
@     0s  (max 11 workers)
@     0s  (started worker 0 with pid 201276)
@     0s  (started worker 1 with pid 201278)
@     0s  (started worker 2 with pid 201280)
@     0s  (started worker 3 with pid 201282)
@     0s  (started worker 4 with pid 201284)
@     0s  (spawned 5 workers)
@     0s  (total 5 workers using 0 MB)
@     1s  (started worker 5 with pid 201517)
@     1s  (spawned 1 workers)
@     1s  (total 6 workers using 542 MB)
@     2s  (started worker 6 with pid 201596)
@     2s  (spawned 1 workers)
@     2s  (total 7 workers using 825 MB)
@     3s  (started worker 7 with pid 201681)
@     3s  (spawned 1 workers)
@     3s  (total 8 workers using 1090 MB)
@     5s  (started worker 8 with pid 201777)
@     5s  (spawned 1 workers)
@     5s  (total 9 workers using 1302 MB)
@     9s  (started worker 9 with pid 201884)
@     9s  (spawned 1 workers)
@     9s  (total 10 workers using 1502 MB)
@    12s  (started worker 10 with pid 201978)
@    12s  (spawned 1 workers)
@    12s  (total 11 workers using 1795 MB)
@    24s  (total 11 workers using 2250 MB)
@    40s  (total 11 workers using 2603 MB)
@    57s  (total 11 workers using 2754 MB)
@    71s  (total 11 workers using 2847 MB)
@    85s  (total 11 workers using 2892 MB)
@   101s  (total 11 workers using 2954 MB)
@   114s  (total 11 workers using 2987 MB)
@   128s  (total 11 workers using 3011 MB)
@   142s  (total 11 workers using 3045 MB)
@   156s  (total 11 workers using 3298 MB)
@   169s  (total 11 workers using 3420 MB)
@   184s  (total 11 workers using 3514 MB)
@   197s  (total 11 workers using 3504 MB)
@   212s  (total 11 workers using 3546 MB)
@   225s  (total 11 workers using 3569 MB)
@   239s  (total 11 workers using 3591 MB)
@   253s  (total 11 workers using 3667 MB)
@   267s  (total 11 workers using 3684 MB)
@   281s  (total 11 workers using 3697 MB)
@   295s  (total 11 workers using 3723 MB)
@   308s  (total 11 workers using 3776 MB)
@   323s  (total 11 workers using 3810 MB)
@   336s  (total 11 workers using 3814 MB)
@   351s  (total 11 workers using 3831 MB)
@   364s  (total 11 workers using 3882 MB)
@   379s  (total 11 workers using 3917 MB)
@   392s  (total 11 workers using 3936 MB)
@   407s  (total 11 workers using 3943 MB)
@   420s  (total 11 workers using 3997 MB)
@   434s  (total 11 workers using 3994 MB)
@   448s  (total 11 workers using 4012 MB)
@   462s  (total 11 workers using 4020 MB)
@   475s  (total 11 workers using 4089 MB)
@   490s  (total 11 workers using 4134 MB)
@   503s  (total 11 workers using 4159 MB)
@   518s  (total 11 workers using 4202 MB)
@   531s  (total 11 workers using 4224 MB)
@   546s  (total 11 workers using 4164 MB)
@   560s  (total 11 workers using 4174 MB)
@   574s  (total 11 workers using 4209 MB)
@   588s  (total 11 workers using 4164 MB)
@   602s  (total 11 workers using 4177 MB)
@   616s  (total 11 workers using 4086 MB)
@   630s  (total 11 workers using 4114 MB)
@   644s  (total 11 workers using 4129 MB)
@   658s  (total 11 workers using 4160 MB)
@   671s  (total 11 workers using 4183 MB)
@   686s  (total 11 workers using 4206 MB)
@   699s  (total 11 workers using 4224 MB)
@   714s  (total 11 workers using 4245 MB)
@   727s  (total 11 workers using 4253 MB)
@   742s  (total 11 workers using 4292 MB)
@   755s  (total 11 workers using 4364 MB)
@   769s  (total 11 workers using 4407 MB)
@   783s  (total 11 workers using 4483 MB)
@   798s  (total 11 workers using 4477 MB)
@   811s  (total 11 workers using 4498 MB)
@   826s  (total 11 workers using 4566 MB)
@   839s  (total 11 workers using 4617 MB)
@   854s  (total 11 workers using 4633 MB)
@   867s  (total 11 workers using 4657 MB)
@   882s  (total 11 workers using 4683 MB)
@   895s  (total 11 workers using 4716 MB)
@   909s  (total 11 workers using 4742 MB)
@   923s  (total 11 workers using 4773 MB)
@   937s  (total 11 workers using 4799 MB)
@   950s  (total 11 workers using 4913 MB)
@   965s  (total 11 workers using 4842 MB)
@   978s  (total 11 workers using 4866 MB)
@   993s  (total 11 workers using 4898 MB)
@  1006s  (total 11 workers using 4928 MB)
@  1020s  (total 11 workers using 4949 MB)
@  1034s  (total 11 workers using 5027 MB)
@  1048s  (total 11 workers using 4993 MB)
@  1062s  (total 11 workers using 5038 MB)
@  1076s  (total 11 workers using 5129 MB)
@  1090s  (total 11 workers using 5157 MB)
@  1104s  (total 11 workers using 5197 MB)
@  1117s  (total 11 workers using 5219 MB)
@  1132s  (total 11 workers using 5255 MB)
@  1145s  (total 11 workers using 5285 MB)
@  1160s  (total 11 workers using 5363 MB)
@  1173s  (total 11 workers using 5364 MB)
@  1188s  (total 11 workers using 5414 MB)
@  1201s  (total 11 workers using 5456 MB)
@  1215s  (total 11 workers using 5504 MB)
@  1229s  (total 11 workers using 5581 MB)
@  1243s  (total 11 workers using 5656 MB)
@  1256s  (total 11 workers using 5582 MB)
@  1271s  (total 11 workers using 5598 MB)
@  1284s  (total 11 workers using 5677 MB)
@  1299s  (total 11 workers using 5704 MB)
@  1312s  (total 11 workers using 5731 MB)
@  1326s  (total 11 workers using 5730 MB)
@  1339s  (total 11 workers using 5776 MB)
@  1353s  (total 11 workers using 5782 MB)
@  1367s  (total 11 workers using 5816 MB)
@  1381s  (total 11 workers using 5842 MB)
@  1395s  (total 11 workers using 5884 MB)
@  1409s  (total 11 workers using 5904 MB)
@  1422s  (total 11 workers using 5975 MB)
@  1437s  (total 11 workers using 6007 MB)
@  1450s  (total 11 workers using 6045 MB)
@  1464s  (total 11 workers using 6156 MB)
@  1478s  (total 11 workers using 6188 MB)
@  1492s  (total 11 workers using 6234 MB)
@  1505s  (total 11 workers using 6305 MB)
@  1519s  (total 11 workers using 6413 MB)
@  1533s  (total 11 workers using 6394 MB)
@  1547s  (total 11 workers using 6435 MB)
@  1560s  (total 11 workers using 6471 MB)
@  1575s  (total 11 workers using 6506 MB)
@  1588s  (total 11 workers using 6578 MB)
@  1603s  (total 11 workers using 6581 MB)
@  1616s  (total 11 workers using 6612 MB)
@  1630s  (total 11 workers using 6661 MB)
@  1643s  (total 11 workers using 6754 MB)
@  1658s  (total 11 workers using 6801 MB)
@  1671s  (total 11 workers using 6759 MB)
@  1685s  (total 11 workers using 6782 MB)
@  1699s  (total 11 workers using 6814 MB)
@  1713s  (total 11 workers using 6837 MB)
@  1726s  (total 11 workers using 6834 MB)
@  1741s  (total 11 workers using 6848 MB)
@  1754s  (total 11 workers using 6854 MB)
@  1768s  (total 11 workers using 6881 MB)
@  1782s  (total 11 workers using 6912 MB)
@  1796s  (total 11 workers using 6982 MB)
@  1809s  (total 11 workers using 7000 MB)
@  1824s  (total 11 workers using 7021 MB)
@  1837s  (total 11 workers using 7046 MB)
@  1851s  (total 11 workers using 7070 MB)
@  1864s  (total 11 workers using 7112 MB)
@  1879s  (total 11 workers using 7121 MB)
@  1892s  (total 11 workers using 7149 MB)
@  1906s  (total 11 workers using 7097 MB)
@  1920s  (total 11 workers using 7107 MB)
@  1934s  (total 11 workers using 7259 MB)
@  1948s  (total 11 workers using 7213 MB)
@  1962s  (total 11 workers using 7116 MB)
@  1975s  (total 11 workers using 7119 MB)
@  1990s  (total 11 workers using 7126 MB)
@  2003s  (total 11 workers using 6979 MB)
@  2017s  (total 11 workers using 6993 MB)
@  2031s  (total 11 workers using 7014 MB)
@  2045s  (total 11 workers using 7030 MB)
@  2058s  (total 11 workers using 7053 MB)
@  2073s  (total 11 workers using 7080 MB)
@  2086s  (total 11 workers using 7100 MB)
@  2100s  (total 11 workers using 7136 MB)
@  2113s  (total 11 workers using 7161 MB)
@  2128s  (total 11 workers using 7225 MB)
@  2141s  (total 11 workers using 7269 MB)
@  2155s  (total 11 workers using 7284 MB)
@  2168s  (total 11 workers using 7363 MB)
@  2183s  (total 11 workers using 7374 MB)
@  2196s  (total 11 workers using 7398 MB)
@  2211s  (total 11 workers using 7417 MB)
@  2224s  (total 11 workers using 7554 MB)
@  2238s  (total 11 workers using 7558 MB)
@  2252s  (total 11 workers using 7583 MB)
@  2266s  (total 11 workers using 7697 MB)
@  2279s  (total 11 workers using 7683 MB)
@  2294s  (total 11 workers using 7695 MB)
@  2307s  (total 11 workers using 7679 MB)
@  2321s  (total 11 workers using 7722 MB)
@  2334s  (total 11 workers using 7786 MB)
@  2349s  (total 11 workers using 7835 MB)
@  2362s  (total 11 workers using 7864 MB)
@  2377s  (total 11 workers using 7892 MB)
@  2390s  (total 11 workers using 7929 MB)
@  2404s  (total 11 workers using 7975 MB)
@  2418s  (total 11 workers using 7996 MB)
@  2432s  (total 11 workers using 8074 MB)
@  2445s  (total 11 workers using 8062 MB)
@  2460s  (total 11 workers using 8124 MB)
@  2473s  (total 11 workers using 8172 MB)
@  2487s  (total 11 workers using 8197 MB)
@  2501s  (total 11 workers using 8237 MB)
@  2515s  (total 11 workers using 8275 MB)
@  2528s  (total 11 workers using 8315 MB)
@  2543s  (total 11 workers using 8377 MB)
@  2556s  (total 11 workers using 8405 MB)
@  2571s  (total 11 workers using 8458 MB)
@  2584s  (total 11 workers using 8514 MB)
@  2598s  (total 11 workers using 8552 MB)
@  2612s  (total 11 workers using 8631 MB)
@  2626s  (total 11 workers using 8626 MB)
@  2639s  (total 11 workers using 8652 MB)
@  2654s  (total 11 workers using 8677 MB)
@  2667s  (total 11 workers using 8718 MB)
@  2682s  (total 11 workers using 8740 MB)
@  2695s  (total 11 workers using 8752 MB)
@  2710s  (total 11 workers using 8770 MB)
@  2723s  (total 11 workers using 8833 MB)
@  2737s  (total 11 workers using 8898 MB)
@  2750s  (total 11 workers using 8936 MB)
@  2765s  (total 11 workers using 8930 MB)
@  2778s  (total 11 workers using 8979 MB)
@  2793s  (total 11 workers using 8996 MB)
@  2806s  (total 11 workers using 9067 MB)
@  2821s  (total 11 workers using 9138 MB)
@  2834s  (total 11 workers using 9299 MB)
@  2849s  (total 11 workers using 9351 MB)
@  2862s  (total 11 workers using 9509 MB)
@  2876s  (total 11 workers using 9506 MB)
@  2890s  (total 11 workers using 9322 MB)
@  2904s  (total 11 workers using 9348 MB)
@  2918s  (total 11 workers using 9416 MB)
@  2932s  (total 11 workers using 9455 MB)
@  2945s  (total 11 workers using 9522 MB)
@  2960s  (total 11 workers using 9558 MB)
@  2973s  (total 11 workers using 9550 MB)
@  2988s  (total 11 workers using 9579 MB)
@  3001s  (total 11 workers using 9613 MB)
@  3016s  (total 11 workers using 9660 MB)
@  3029s  (total 11 workers using 9673 MB)
@  3044s  (total 11 workers using 9728 MB)
@  3057s  (total 11 workers using 9749 MB)
@  3072s  (total 11 workers using 9813 MB)
@  3085s  (total 11 workers using 9854 MB)
@  3099s  (total 11 workers using 9884 MB)
@  3113s  (total 11 workers using 9912 MB)
@  3127s  (total 11 workers using 9930 MB)
@  3140s  (total 11 workers using 9946 MB)
@  3155s  (total 11 workers using 9942 MB)
@  3168s  (total 11 workers using 9969 MB)
@  3182s  (total 11 workers using 10002 MB)
@  3196s  (total 11 workers using 10029 MB)
@  3210s  (total 11 workers using 10046 MB)
@  3223s  (total 11 workers using 10087 MB)
@  3238s  (total 11 workers using 10185 MB)
@  3251s  (total 11 workers using 10163 MB)
@  3265s  (total 11 workers using 10216 MB)
@  3279s  (total 11 workers using 10218 MB)
@  3293s  (total 11 workers using 10225 MB)
@  3306s  (total 11 workers using 10256 MB)
@  3321s  (total 11 workers using 10294 MB)
@  3334s  (total 11 workers using 10335 MB)
@  3348s  (total 11 workers using 10361 MB)
@  3362s  (total 11 workers using 10375 MB)
@  3376s  (total 11 workers using 10417 MB)
@  3389s  (total 11 workers using 10451 MB)
@  3404s  (total 11 workers using 10483 MB)
@  3417s  (total 11 workers using 10527 MB)
@  3432s  (total 11 workers using 10559 MB)
@  3445s  (total 11 workers using 10582 MB)
@  3459s  (total 11 workers using 10633 MB)
@  3473s  (total 11 workers using 10619 MB)
@  3487s  (total 11 workers using 10655 MB)
@  3500s  (total 11 workers using 10711 MB)
@  3515s  (total 11 workers using 10757 MB)
@  3528s  (total 11 workers using 10822 MB)
@  3542s  (total 11 workers using 10855 MB)
@  3555s  (total 11 workers using 10824 MB)
@  3570s  (total 11 workers using 10853 MB)
@  3575s  (stopping all workers)
@  3575s  (worker 0 finished with result unknown) python3 avr.py -a sa
@  3575s  (worker 2 finished with result unknown) python3 avr.py
@  3575s  (worker 4 finished with result unknown) python3 avr.py -b bin_y2 --bmc
@  3575s  (worker 6 finished with result unknown) python3 avr.py -a sa --interpol 1 -f 1
@  3575s  (worker 8 finished with result unknown) python3 avr.py -l 5 -g 3 -a sa8 --interpol 1 -f 1
@  3575s  (worker 10 finished with result unknown) python3 avr.py --bmc
@  3575s  (worker 1 finished with result unknown) python3 avr.py -b bin_bt_cadical -s --bmc
@  3575s  (worker 5 finished with result unknown) python3 avr.py -b bin_bt_cadical -g 3 -l 0 -a sa32
@  3575s  (worker 9 finished with result unknown) python3 avr.py -b bin_y2 -s -a sa4 --interpol 1 -f 1
@  3575s  (worker 3 finished with result unknown) python3 avr.py -b bin_y2 -s
@  3575s  (worker 7 finished with result unknown) python3 avr.py -s -l 0
@  3575s  (copied results from worker 0 in /scratch/network/hongcez/hwmcc/avr-log/btor2/bv/wolf/2019A/pr_picorv32_mutCX_nomem-p7)
@  3575s  [0;30;47m(proof race finished with answer unknown in 3575.36 seconds)[m
