AVR -- Proof Race 
copyright (c) 2019  Aman Goel and Karem Sakallah, University of Michigan
@     0s  (starting avr proof race)
@     0s  (output dir: /scratch/network/hongcez/hwmcc/avr-log/btor2/bv/wolf/2019A/pr_picorv32_mutCX_nomem-p3)
@     0s  (max 11 workers)
@     0s  (started worker 0 with pid 204303)
@     0s  (started worker 1 with pid 204304)
@     0s  (started worker 2 with pid 204305)
@     0s  (started worker 3 with pid 204306)
@     0s  (started worker 4 with pid 204307)
@     0s  (spawned 5 workers)
@     0s  (total 5 workers using 0 MB)
@     1s  (started worker 5 with pid 204421)
@     1s  (spawned 1 workers)
@     1s  (total 6 workers using 549 MB)
@     2s  (started worker 6 with pid 204461)
@     2s  (spawned 1 workers)
@     2s  (total 7 workers using 961 MB)
@     3s  (started worker 7 with pid 204505)
@     3s  (spawned 1 workers)
@     3s  (total 8 workers using 1162 MB)
@     5s  (started worker 8 with pid 204552)
@     5s  (spawned 1 workers)
@     5s  (total 9 workers using 1406 MB)
@     8s  (started worker 9 with pid 204610)
@     8s  (spawned 1 workers)
@     8s  (total 10 workers using 1651 MB)
@    11s  (started worker 10 with pid 204654)
@    11s  (spawned 1 workers)
@    11s  (total 11 workers using 1788 MB)
@    23s  (total 11 workers using 2192 MB)
@    39s  (total 11 workers using 2460 MB)
@    54s  (total 11 workers using 2536 MB)
@    68s  (total 11 workers using 2650 MB)
@    81s  (total 11 workers using 2787 MB)
@    96s  (total 11 workers using 2851 MB)
@   109s  (total 11 workers using 2858 MB)
@   122s  (total 11 workers using 2905 MB)
@   135s  (total 11 workers using 2980 MB)
@   149s  (total 11 workers using 3049 MB)
@   162s  (total 11 workers using 3168 MB)
@   176s  (total 11 workers using 3208 MB)
@   189s  (total 11 workers using 3290 MB)
@   203s  (total 11 workers using 3380 MB)
@   215s  (total 11 workers using 3454 MB)
@   229s  (total 11 workers using 3606 MB)
@   242s  (total 11 workers using 3777 MB)
@   256s  (total 11 workers using 3913 MB)
@   269s  (total 11 workers using 3989 MB)
@   283s  (total 11 workers using 4082 MB)
@   296s  (total 11 workers using 4024 MB)
@   310s  (total 11 workers using 4009 MB)
@   323s  (total 11 workers using 4062 MB)
@   337s  (total 11 workers using 4109 MB)
@   350s  (total 11 workers using 4106 MB)
@   364s  (total 11 workers using 4113 MB)
@   377s  (total 11 workers using 4174 MB)
@   391s  (total 11 workers using 4199 MB)
@   404s  (total 11 workers using 4250 MB)
@   418s  (total 11 workers using 4329 MB)
@   431s  (total 11 workers using 4308 MB)
@   445s  (total 11 workers using 4456 MB)
@   458s  (total 11 workers using 4415 MB)
@   472s  (total 11 workers using 4399 MB)
@   485s  (total 11 workers using 4432 MB)
@   499s  (total 11 workers using 4485 MB)
@   512s  (total 11 workers using 4503 MB)
@   526s  (total 11 workers using 4523 MB)
@   539s  (total 11 workers using 4562 MB)
@   553s  (total 11 workers using 4608 MB)
@   566s  (total 11 workers using 4700 MB)
@   580s  (total 11 workers using 4710 MB)
@   593s  (total 11 workers using 4732 MB)
@   607s  (total 11 workers using 4814 MB)
@   620s  (total 11 workers using 4858 MB)
@   634s  (total 11 workers using 4984 MB)
@   646s  (total 11 workers using 4973 MB)
@   661s  (total 11 workers using 4988 MB)
@   674s  (total 11 workers using 5063 MB)
@   688s  (total 11 workers using 5082 MB)
@   701s  (total 11 workers using 5060 MB)
@   715s  (total 11 workers using 5111 MB)
@   728s  (total 11 workers using 5105 MB)
@   742s  (total 11 workers using 5162 MB)
@   755s  (total 11 workers using 5192 MB)
@   769s  (total 11 workers using 5276 MB)
@   782s  (total 11 workers using 5263 MB)
@   796s  (total 11 workers using 5286 MB)
@   809s  (total 11 workers using 5350 MB)
@   823s  (total 11 workers using 5388 MB)
@   836s  (total 11 workers using 5520 MB)
@   850s  (total 11 workers using 5551 MB)
@   863s  (total 11 workers using 5653 MB)
@   877s  (total 11 workers using 5684 MB)
@   889s  (total 11 workers using 5788 MB)
@   904s  (total 11 workers using 5780 MB)
@   917s  (total 11 workers using 5963 MB)
@   931s  (total 11 workers using 6045 MB)
@   944s  (total 11 workers using 6069 MB)
@   958s  (total 11 workers using 6178 MB)
@   971s  (total 11 workers using 6114 MB)
@   985s  (total 11 workers using 6192 MB)
@   998s  (total 11 workers using 6265 MB)
@  1012s  (total 11 workers using 6371 MB)
@  1025s  (total 11 workers using 6405 MB)
@  1039s  (total 11 workers using 6438 MB)
@  1052s  (total 11 workers using 6602 MB)
@  1066s  (total 11 workers using 6607 MB)
@  1079s  (total 11 workers using 6534 MB)
@  1093s  (total 11 workers using 6521 MB)
@  1106s  (total 11 workers using 6578 MB)
@  1120s  (total 11 workers using 6664 MB)
@  1132s  (total 11 workers using 6751 MB)
@  1147s  (total 11 workers using 6761 MB)
@  1159s  (total 11 workers using 6763 MB)
@  1173s  (total 11 workers using 6771 MB)
@  1186s  (total 11 workers using 6812 MB)
@  1200s  (total 11 workers using 6868 MB)
@  1213s  (total 11 workers using 6924 MB)
@  1227s  (total 11 workers using 6968 MB)
@  1240s  (total 11 workers using 6984 MB)
@  1254s  (total 11 workers using 7077 MB)
@  1267s  (total 11 workers using 7151 MB)
@  1281s  (total 11 workers using 7287 MB)
@  1294s  (total 11 workers using 7238 MB)
@  1308s  (total 11 workers using 7255 MB)
@  1321s  (total 11 workers using 7246 MB)
@  1335s  (total 11 workers using 7282 MB)
@  1348s  (total 11 workers using 7337 MB)
@  1362s  (total 11 workers using 7350 MB)
@  1375s  (total 11 workers using 7434 MB)
@  1389s  (total 11 workers using 7489 MB)
@  1402s  (total 11 workers using 7457 MB)
@  1416s  (total 11 workers using 7470 MB)
@  1429s  (total 11 workers using 7547 MB)
@  1443s  (total 11 workers using 7576 MB)
@  1456s  (total 11 workers using 7559 MB)
@  1470s  (total 11 workers using 7631 MB)
@  1483s  (total 11 workers using 7705 MB)
@  1496s  (total 11 workers using 7780 MB)
@  1510s  (total 11 workers using 7823 MB)
@  1523s  (total 11 workers using 7881 MB)
@  1536s  (total 11 workers using 7934 MB)
@  1550s  (total 11 workers using 7969 MB)
@  1563s  (total 11 workers using 8082 MB)
@  1577s  (total 11 workers using 8082 MB)
@  1590s  (total 11 workers using 8083 MB)
@  1604s  (total 11 workers using 8142 MB)
@  1617s  (total 11 workers using 8160 MB)
@  1631s  (total 11 workers using 8161 MB)
@  1644s  (total 11 workers using 8237 MB)
@  1658s  (total 11 workers using 8362 MB)
@  1671s  (total 11 workers using 8283 MB)
@  1684s  (total 11 workers using 8343 MB)
@  1698s  (total 11 workers using 8323 MB)
@  1711s  (total 11 workers using 8386 MB)
@  1724s  (total 11 workers using 8514 MB)
@  1738s  (total 11 workers using 8547 MB)
@  1751s  (total 11 workers using 8430 MB)
@  1765s  (total 11 workers using 8432 MB)
@  1778s  (total 11 workers using 8467 MB)
@  1791s  (total 11 workers using 8573 MB)
@  1804s  (total 11 workers using 8597 MB)
@  1818s  (total 11 workers using 8697 MB)
@  1831s  (total 11 workers using 8697 MB)
@  1845s  (total 11 workers using 8858 MB)
@  1858s  (total 11 workers using 8829 MB)
@  1872s  (total 11 workers using 8833 MB)
@  1884s  (total 11 workers using 8927 MB)
@  1898s  (total 11 workers using 8923 MB)
@  1911s  (total 11 workers using 9188 MB)
@  1925s  (total 11 workers using 9396 MB)
@  1938s  (total 11 workers using 9432 MB)
@  1951s  (total 11 workers using 9512 MB)
@  1964s  (total 11 workers using 9560 MB)
@  1978s  (total 11 workers using 9600 MB)
@  1991s  (total 11 workers using 9715 MB)
@  2005s  (total 11 workers using 9675 MB)
@  2017s  (total 11 workers using 9756 MB)
@  2031s  (total 11 workers using 9862 MB)
@  2044s  (total 11 workers using 9737 MB)
@  2058s  (total 11 workers using 9871 MB)
@  2071s  (total 11 workers using 10022 MB)
@  2085s  (total 11 workers using 10031 MB)
@  2097s  (total 11 workers using 10070 MB)
@  2111s  (total 11 workers using 10271 MB)
@  2124s  (total 11 workers using 10211 MB)
@  2138s  (total 11 workers using 10236 MB)
@  2151s  (total 11 workers using 10274 MB)
@  2165s  (total 11 workers using 10340 MB)
@  2178s  (total 11 workers using 10485 MB)
@  2192s  (total 11 workers using 10429 MB)
@  2205s  (total 11 workers using 10502 MB)
@  2219s  (total 11 workers using 10489 MB)
@  2232s  (total 11 workers using 10499 MB)
@  2246s  (total 11 workers using 10637 MB)
@  2259s  (total 11 workers using 10697 MB)
@  2272s  (total 11 workers using 10748 MB)
@  2285s  (total 11 workers using 10855 MB)
@  2299s  (total 11 workers using 10942 MB)
@  2312s  (total 11 workers using 10925 MB)
@  2326s  (total 11 workers using 10966 MB)
@  2339s  (total 11 workers using 11102 MB)
@  2353s  (total 11 workers using 11191 MB)
@  2366s  (total 11 workers using 11032 MB)
@  2380s  (total 11 workers using 11072 MB)
@  2393s  (total 11 workers using 11167 MB)
@  2407s  (total 11 workers using 11313 MB)
@  2419s  (total 11 workers using 11276 MB)
@  2434s  (total 11 workers using 11358 MB)
@  2446s  (total 11 workers using 11389 MB)
@  2460s  (total 11 workers using 11435 MB)
@  2473s  (total 11 workers using 11430 MB)
@  2487s  (total 11 workers using 11500 MB)
@  2500s  (total 11 workers using 11662 MB)
@  2514s  (total 11 workers using 11708 MB)
@  2527s  (total 11 workers using 11646 MB)
@  2541s  (total 11 workers using 11826 MB)
@  2554s  (total 11 workers using 11859 MB)
@  2568s  (total 11 workers using 11859 MB)
@  2581s  (total 11 workers using 12024 MB)
@  2595s  (total 11 workers using 11925 MB)
@  2607s  (total 11 workers using 11990 MB)
@  2622s  (total 11 workers using 11939 MB)
@  2635s  (total 11 workers using 11974 MB)
@  2648s  (total 11 workers using 12067 MB)
@  2661s  (total 11 workers using 12089 MB)
@  2675s  (total 11 workers using 12023 MB)
@  2689s  (total 11 workers using 12279 MB)
@  2702s  (total 11 workers using 12103 MB)
@  2715s  (total 11 workers using 12239 MB)
@  2729s  (total 11 workers using 12285 MB)
@  2742s  (total 11 workers using 12255 MB)
@  2756s  (total 11 workers using 12425 MB)
@  2769s  (total 11 workers using 12509 MB)
@  2783s  (total 11 workers using 12577 MB)
@  2796s  (total 11 workers using 12511 MB)
@  2810s  (total 11 workers using 12609 MB)
@  2823s  (total 11 workers using 12628 MB)
@  2837s  (total 11 workers using 12740 MB)
@  2850s  (total 11 workers using 12923 MB)
@  2864s  (total 11 workers using 12993 MB)
@  2877s  (total 11 workers using 12748 MB)
@  2891s  (total 11 workers using 12790 MB)
@  2904s  (total 11 workers using 12960 MB)
@  2918s  (total 11 workers using 12864 MB)
@  2931s  (total 11 workers using 12945 MB)
@  2945s  (total 11 workers using 13102 MB)
@  2958s  (total 11 workers using 13278 MB)
@  2972s  (total 11 workers using 13332 MB)
@  2985s  (total 11 workers using 13286 MB)
@  2999s  (total 11 workers using 13388 MB)
@  3012s  (total 11 workers using 13453 MB)
@  3026s  (total 11 workers using 13339 MB)
@  3038s  (total 11 workers using 13407 MB)
@  3053s  (total 11 workers using 13608 MB)
@  3065s  (total 11 workers using 13728 MB)
@  3079s  (total 11 workers using 13777 MB)
@  3092s  (total 11 workers using 13742 MB)
@  3106s  (total 11 workers using 13899 MB)
@  3119s  (total 11 workers using 13904 MB)
@  3133s  (total 11 workers using 13979 MB)
@  3146s  (total 11 workers using 13925 MB)
@  3160s  (total 11 workers using 13973 MB)
@  3173s  (total 11 workers using 14105 MB)
@  3187s  (total 11 workers using 14137 MB)
@  3200s  (total 11 workers using 14166 MB)
@  3213s  (total 11 workers using 14177 MB)
@  3226s  (total 11 workers using 14195 MB)
@  3241s  (total 11 workers using 14108 MB)
@  3254s  (total 11 workers using 14396 MB)
@  3267s  (total 11 workers using 14425 MB)
@  3280s  (total 11 workers using 14297 MB)
@  3295s  (total 11 workers using 14350 MB)
@  3308s  (total 11 workers using 14374 MB)
@  3321s  (total 11 workers using 14278 MB)
@  3334s  (total 11 workers using 14323 MB)
@  3348s  (total 11 workers using 14371 MB)
@  3361s  (total 11 workers using 14419 MB)
@  3375s  (total 11 workers using 14527 MB)
@  3387s  (total 11 workers using 14631 MB)
@  3401s  (total 11 workers using 14575 MB)
@  3414s  (total 11 workers using 14606 MB)
@  3428s  (total 11 workers using 14659 MB)
@  3441s  (total 11 workers using 14630 MB)
@  3455s  (total 11 workers using 14601 MB)
@  3468s  (total 11 workers using 14658 MB)
@  3482s  (total 11 workers using 14747 MB)
@  3495s  (total 11 workers using 14777 MB)
@  3509s  (total 11 workers using 14727 MB)
@  3521s  (total 11 workers using 14748 MB)
@  3535s  (total 11 workers using 14831 MB)
@  3548s  (total 11 workers using 14914 MB)
@  3562s  (total 11 workers using 14919 MB)
@  3572s  (stopping all workers)
@  3572s  (worker 0 finished with result unknown) python3 avr.py -a sa
@  3572s  (worker 2 finished with result unknown) python3 avr.py
@  3572s  (worker 4 finished with result unknown) python3 avr.py -b bin_y2 --bmc
@  3572s  (worker 6 finished with result unknown) python3 avr.py -a sa --interpol 1 -f 1
@  3572s  (worker 8 finished with result unknown) python3 avr.py -l 5 -g 3 -a sa8 --interpol 1 -f 1
@  3572s  (worker 10 finished with result unknown) python3 avr.py --bmc
@  3572s  (worker 1 finished with result unknown) python3 avr.py -b bin_bt_cadical -s --bmc
@  3572s  (worker 5 finished with result unknown) python3 avr.py -b bin_bt_cadical -g 3 -l 0 -a sa32
@  3572s  (worker 9 finished with result unknown) python3 avr.py -b bin_y2 -s -a sa4 --interpol 1 -f 1
@  3572s  (worker 3 finished with result unknown) python3 avr.py -b bin_y2 -s
@  3573s  (worker 7 finished with result unknown) python3 avr.py -s -l 0
@  3573s  (copied results from worker 0 in /scratch/network/hongcez/hwmcc/avr-log/btor2/bv/wolf/2019A/pr_picorv32_mutCX_nomem-p3)
@  3573s  [0;30;47m(proof race finished with answer unknown in 3572.63 seconds)[m
