AVR -- Proof Race 
copyright (c) 2019  Aman Goel and Karem Sakallah, University of Michigan
@     0s  (starting avr proof race)
@     0s  (output dir: /scratch/network/hongcez/hwmcc/avr-log/btor2/bv/wolf/2019A/pr_picorv32_mutBY_nomem-p8)
@     0s  (max 11 workers)
@     0s  (started worker 0 with pid 238120)
@     0s  (started worker 1 with pid 238123)
@     0s  (started worker 2 with pid 238124)
@     0s  (started worker 3 with pid 238126)
@     0s  (started worker 4 with pid 238128)
@     0s  (spawned 5 workers)
@     0s  (total 5 workers using 0 MB)
@     1s  (started worker 5 with pid 238357)
@     1s  (spawned 1 workers)
@     1s  (total 6 workers using 421 MB)
@     2s  (started worker 6 with pid 238436)
@     2s  (spawned 1 workers)
@     2s  (total 7 workers using 677 MB)
@     3s  (started worker 7 with pid 238525)
@     3s  (spawned 1 workers)
@     3s  (total 8 workers using 792 MB)
@     6s  (started worker 8 with pid 238630)
@     6s  (spawned 1 workers)
@     6s  (total 9 workers using 974 MB)
@     9s  (started worker 9 with pid 238761)
@     9s  (spawned 1 workers)
@     9s  (total 10 workers using 1134 MB)
@    13s  (started worker 10 with pid 238865)
@    13s  (spawned 1 workers)
@    13s  (total 11 workers using 1226 MB)
@    25s  (total 11 workers using 1798 MB)
@    42s  (total 11 workers using 1971 MB)
@    58s  (total 11 workers using 2233 MB)
@    73s  (total 11 workers using 2341 MB)
@    87s  (total 11 workers using 2471 MB)
@   103s  (total 11 workers using 2592 MB)
@   116s  (total 11 workers using 2748 MB)
@   131s  (total 11 workers using 2867 MB)
@   144s  (total 11 workers using 3095 MB)
@   159s  (total 11 workers using 3165 MB)
@   172s  (total 11 workers using 3271 MB)
@   186s  (total 11 workers using 3333 MB)
@   200s  (total 11 workers using 3430 MB)
@   214s  (total 11 workers using 3525 MB)
@   228s  (total 11 workers using 3618 MB)
@   242s  (total 11 workers using 3808 MB)
@   256s  (total 11 workers using 3963 MB)
@   270s  (total 11 workers using 4094 MB)
@   284s  (total 11 workers using 4218 MB)
@   298s  (total 11 workers using 4301 MB)
@   312s  (total 11 workers using 4372 MB)
@   326s  (total 11 workers using 4500 MB)
@   340s  (total 11 workers using 4574 MB)
@   355s  (total 11 workers using 4693 MB)
@   368s  (total 11 workers using 4774 MB)
@   383s  (total 11 workers using 4841 MB)
@   396s  (total 11 workers using 4894 MB)
@   410s  (total 11 workers using 4906 MB)
@   424s  (total 11 workers using 4991 MB)
@   438s  (total 11 workers using 5082 MB)
@   452s  (total 11 workers using 5195 MB)
@   467s  (total 11 workers using 5342 MB)
@   480s  (total 11 workers using 5414 MB)
@   495s  (total 11 workers using 5552 MB)
@   508s  (total 11 workers using 5624 MB)
@   522s  (total 11 workers using 5667 MB)
@   536s  (total 11 workers using 5803 MB)
@   550s  (total 11 workers using 5914 MB)
@   564s  (total 11 workers using 6014 MB)
@   578s  (total 11 workers using 6188 MB)
@   591s  (total 11 workers using 6285 MB)
@   606s  (total 11 workers using 6516 MB)
@   619s  (total 11 workers using 6494 MB)
@   634s  (total 11 workers using 6550 MB)
@   647s  (total 11 workers using 6691 MB)
@   661s  (total 11 workers using 6772 MB)
@   675s  (total 11 workers using 6904 MB)
@   689s  (total 11 workers using 6989 MB)
@   703s  (total 11 workers using 7090 MB)
@   718s  (total 11 workers using 7173 MB)
@   731s  (total 11 workers using 7217 MB)
@   745s  (total 11 workers using 7294 MB)
@   759s  (total 11 workers using 7320 MB)
@   778s  (total 11 workers using 7373 MB)
@   791s  (total 11 workers using 7471 MB)
@   811s  (total 11 workers using 7642 MB)
@   827s  (total 11 workers using 7670 MB)
@   844s  (total 11 workers using 7757 MB)
@   858s  (total 11 workers using 7838 MB)
@   877s  (total 11 workers using 7934 MB)
@   891s  (total 11 workers using 8074 MB)
@   907s  (total 11 workers using 8194 MB)
@   921s  (total 11 workers using 8234 MB)
@   936s  (total 11 workers using 8314 MB)
@   951s  (total 11 workers using 8406 MB)
@   967s  (total 11 workers using 8476 MB)
@   983s  (total 11 workers using 8585 MB)
@   999s  (total 11 workers using 8698 MB)
@  1012s  (total 11 workers using 8817 MB)
@  1027s  (total 11 workers using 8955 MB)
@  1040s  (total 11 workers using 9049 MB)
@  1055s  (total 11 workers using 9161 MB)
@  1068s  (total 11 workers using 9242 MB)
@  1083s  (total 11 workers using 9330 MB)
@  1096s  (total 11 workers using 9418 MB)
@  1111s  (total 11 workers using 9451 MB)
@  1124s  (total 11 workers using 9587 MB)
@  1139s  (total 11 workers using 9704 MB)
@  1152s  (total 11 workers using 9777 MB)
@  1167s  (total 11 workers using 9872 MB)
@  1180s  (total 11 workers using 9988 MB)
@  1194s  (total 11 workers using 10029 MB)
@  1208s  (total 11 workers using 10157 MB)
@  1222s  (total 11 workers using 10255 MB)
@  1236s  (total 11 workers using 10469 MB)
@  1250s  (total 11 workers using 10426 MB)
@  1264s  (total 11 workers using 10533 MB)
@  1278s  (total 11 workers using 10632 MB)
@  1292s  (total 11 workers using 10759 MB)
@  1306s  (total 11 workers using 10731 MB)
@  1320s  (total 11 workers using 10816 MB)
@  1334s  (total 11 workers using 10937 MB)
@  1348s  (total 11 workers using 10967 MB)
@  1362s  (total 11 workers using 11136 MB)
@  1376s  (total 11 workers using 11218 MB)
@  1390s  (total 11 workers using 11305 MB)
@  1404s  (total 11 workers using 11393 MB)
@  1418s  (total 11 workers using 11467 MB)
@  1431s  (total 11 workers using 11556 MB)
@  1446s  (total 11 workers using 11648 MB)
@  1459s  (total 11 workers using 11782 MB)
@  1474s  (total 11 workers using 11863 MB)
@  1487s  (total 11 workers using 11956 MB)
@  1502s  (total 11 workers using 12048 MB)
@  1515s  (total 11 workers using 12138 MB)
@  1530s  (total 11 workers using 12204 MB)
@  1543s  (total 11 workers using 12245 MB)
@  1558s  (total 11 workers using 12331 MB)
@  1571s  (total 11 workers using 12385 MB)
@  1585s  (total 11 workers using 12490 MB)
@  1599s  (total 11 workers using 12573 MB)
@  1614s  (total 11 workers using 12678 MB)
@  1627s  (total 11 workers using 12772 MB)
@  1641s  (total 11 workers using 12838 MB)
@  1655s  (total 11 workers using 12929 MB)
@  1669s  (total 11 workers using 13017 MB)
@  1682s  (total 11 workers using 13084 MB)
@  1697s  (total 11 workers using 13027 MB)
@  1710s  (total 11 workers using 13148 MB)
@  1725s  (total 11 workers using 13199 MB)
@  1738s  (total 11 workers using 13282 MB)
@  1752s  (total 11 workers using 13411 MB)
@  1766s  (total 11 workers using 13486 MB)
@  1780s  (total 11 workers using 13498 MB)
@  1794s  (total 11 workers using 13549 MB)
@  1808s  (total 11 workers using 13669 MB)
@  1822s  (total 11 workers using 13727 MB)
@  1836s  (total 11 workers using 13759 MB)
@  1849s  (total 11 workers using 13829 MB)
@  1864s  (total 11 workers using 13986 MB)
@  1877s  (total 11 workers using 14133 MB)
@  1891s  (total 11 workers using 14250 MB)
@  1904s  (total 11 workers using 14352 MB)
@  1919s  (total 11 workers using 14427 MB)
@  1932s  (total 11 workers using 14490 MB)
@  1947s  (total 11 workers using 14557 MB)
@  1960s  (total 11 workers using 14615 MB)
@  1975s  (total 11 workers using 14664 MB)
@  1989s  (total 11 workers using 14674 MB)
@  2003s  (total 11 workers using 14765 MB)
@  2016s  (total 11 workers using 14873 MB)
@  2031s  (total 11 workers using 14950 MB)
@  2044s  (total 11 workers using 15086 MB)
@  2059s  (total 11 workers using 15195 MB)
@  2072s  (total 11 workers using 15285 MB)
@  2086s  (total 11 workers using 15403 MB)
@  2100s  (total 11 workers using 15504 MB)
@  2114s  (total 11 workers using 15638 MB)
@  2127s  (total 11 workers using 15718 MB)
@  2142s  (total 11 workers using 15830 MB)
@  2155s  (total 11 workers using 15881 MB)
@  2170s  (total 11 workers using 15936 MB)
@  2183s  (total 11 workers using 16018 MB)
@  2197s  (total 11 workers using 16181 MB)
@  2210s  (total 11 workers using 16265 MB)
@  2225s  (total 11 workers using 16380 MB)
@  2238s  (total 11 workers using 16487 MB)
@  2252s  (total 11 workers using 16593 MB)
@  2265s  (total 11 workers using 16646 MB)
@  2280s  (total 11 workers using 16741 MB)
@  2294s  (total 11 workers using 16838 MB)
@  2308s  (total 11 workers using 16974 MB)
@  2322s  (total 11 workers using 17094 MB)
@  2336s  (total 11 workers using 17136 MB)
@  2350s  (total 11 workers using 17221 MB)
@  2364s  (total 11 workers using 17319 MB)
@  2378s  (total 11 workers using 17571 MB)
@  2392s  (total 11 workers using 17702 MB)
@  2406s  (total 11 workers using 17776 MB)
@  2420s  (total 11 workers using 17608 MB)
@  2434s  (total 11 workers using 17715 MB)
@  2448s  (total 11 workers using 17783 MB)
@  2462s  (total 11 workers using 17891 MB)
@  2477s  (total 11 workers using 17978 MB)
@  2490s  (total 11 workers using 18063 MB)
@  2505s  (total 11 workers using 18143 MB)
@  2518s  (total 11 workers using 18214 MB)
@  2533s  (total 11 workers using 18258 MB)
@  2546s  (total 11 workers using 18302 MB)
@  2561s  (total 11 workers using 18342 MB)
@  2574s  (total 11 workers using 18390 MB)
@  2589s  (total 11 workers using 18436 MB)
@  2603s  (total 11 workers using 18488 MB)
@  2617s  (total 11 workers using 18602 MB)
@  2631s  (total 11 workers using 18673 MB)
@  2645s  (total 11 workers using 18746 MB)
@  2659s  (total 11 workers using 18803 MB)
@  2673s  (total 11 workers using 18888 MB)
@  2687s  (total 11 workers using 18949 MB)
@  2702s  (total 11 workers using 19031 MB)
@  2715s  (total 11 workers using 19086 MB)
@  2730s  (total 11 workers using 19190 MB)
@  2743s  (total 11 workers using 19289 MB)
@  2757s  (total 11 workers using 19353 MB)
@  2771s  (total 11 workers using 19420 MB)
@  2786s  (total 11 workers using 19493 MB)
@  2799s  (total 11 workers using 19577 MB)
@  2814s  (total 11 workers using 19638 MB)
@  2828s  (total 11 workers using 19702 MB)
@  2842s  (total 11 workers using 19767 MB)
@  2855s  (total 11 workers using 19805 MB)
@  2870s  (total 11 workers using 19832 MB)
@  2883s  (total 11 workers using 19887 MB)
@  2898s  (total 11 workers using 19842 MB)
@  2912s  (total 11 workers using 19875 MB)
@  2926s  (total 11 workers using 19973 MB)
@  2939s  (total 11 workers using 19998 MB)
@  2954s  (total 11 workers using 20023 MB)
@  2967s  (total 11 workers using 20055 MB)
@  2982s  (total 11 workers using 20081 MB)
@  2995s  (total 11 workers using 20080 MB)
@  3009s  (total 11 workers using 20110 MB)
@  3023s  (total 11 workers using 20187 MB)
@  3037s  (total 11 workers using 20179 MB)
@  3051s  (total 11 workers using 20225 MB)
@  3065s  (total 11 workers using 20301 MB)
@  3078s  (total 11 workers using 20363 MB)
@  3093s  (total 11 workers using 20329 MB)
@  3106s  (total 11 workers using 20351 MB)
@  3121s  (total 11 workers using 20425 MB)
@  3134s  (total 11 workers using 20484 MB)
@  3149s  (total 11 workers using 20501 MB)
@  3162s  (total 11 workers using 20483 MB)
@  3177s  (total 11 workers using 20517 MB)
@  3190s  (total 11 workers using 20591 MB)
@  3204s  (total 11 workers using 20551 MB)
@  3218s  (total 11 workers using 20584 MB)
@  3232s  (total 11 workers using 20674 MB)
@  3246s  (total 11 workers using 20707 MB)
@  3260s  (total 11 workers using 20759 MB)
@  3273s  (total 11 workers using 20788 MB)
@  3288s  (total 11 workers using 20822 MB)
@  3301s  (total 11 workers using 20839 MB)
@  3316s  (total 11 workers using 20864 MB)
@  3330s  (total 11 workers using 20859 MB)
@  3344s  (total 11 workers using 20889 MB)
@  3357s  (total 11 workers using 20939 MB)
@  3372s  (total 11 workers using 20950 MB)
@  3385s  (total 11 workers using 20942 MB)
@  3400s  (total 11 workers using 20975 MB)
@  3413s  (total 11 workers using 21009 MB)
@  3428s  (total 11 workers using 21036 MB)
@  3441s  (total 11 workers using 21122 MB)
@  3455s  (total 11 workers using 21141 MB)
@  3469s  (total 11 workers using 21166 MB)
@  3483s  (total 11 workers using 21193 MB)
@  3497s  (total 11 workers using 21192 MB)
@  3511s  (total 11 workers using 21224 MB)
@  3524s  (total 11 workers using 21250 MB)
@  3539s  (total 11 workers using 21202 MB)
@  3552s  (total 11 workers using 21232 MB)
@  3567s  (total 11 workers using 21303 MB)
@  3577s  (stopping all workers)
@  3577s  (worker 0 finished with result unknown) python3 avr.py -a sa
@  3577s  (worker 2 finished with result unknown) python3 avr.py
@  3577s  (worker 4 finished with result unknown) python3 avr.py -b bin_y2 --bmc
@  3577s  (worker 6 finished with result unknown) python3 avr.py -a sa --interpol 1 -f 1
@  3577s  (worker 8 finished with result unknown) python3 avr.py -l 5 -g 3 -a sa8 --interpol 1 -f 1
@  3577s  (worker 10 finished with result unknown) python3 avr.py --bmc
@  3577s  (worker 1 finished with result unknown) python3 avr.py -b bin_bt_cadical -s --bmc
@  3577s  (worker 5 finished with result unknown) python3 avr.py -b bin_bt_cadical -g 3 -l 0 -a sa32
@  3577s  (worker 9 finished with result unknown) python3 avr.py -b bin_y2 -s -a sa4 --interpol 1 -f 1
@  3578s  (worker 3 finished with result unknown) python3 avr.py -b bin_y2 -s
@  3578s  (worker 7 finished with result unknown) python3 avr.py -s -l 0
@  3578s  (copied results from worker 0 in /scratch/network/hongcez/hwmcc/avr-log/btor2/bv/wolf/2019A/pr_picorv32_mutBY_nomem-p8)
@  3578s  [0;30;47m(proof race finished with answer unknown in 3577.72 seconds)[m
