	(output dir: /scratch/network/hongcez/hwmcc/avr-log/btor2/bv/wolf/2019A/pr_picorv32_mutCY_nomem-p4/work_w1)
	(frontend: btor2)
	(property: all (1 assertions))
	(2049 / 3485 flops initialized)
	(abstraction: sa+uf)
	(bmc: safe till step 0)
	(bmc: safe till step 10)
	(bmc: found cex at step 14)
   0	: 0	: 0 s: 0    525s                  

AVR -- Proof Race 
copyright (c) 2019  Aman Goel and Karem Sakallah, University of Michigan
@     0s  (starting avr proof race)
@     0s  (output dir: /scratch/network/hongcez/hwmcc/avr-log/btor2/bv/wolf/2019A/pr_picorv32_mutCY_nomem-p4)
@     0s  (max 11 workers)
@     0s  (started worker 0 with pid 200160)
@     0s  (started worker 1 with pid 200161)
@     0s  (started worker 2 with pid 200162)
@     0s  (started worker 3 with pid 200163)
@     0s  (started worker 4 with pid 200164)
@     0s  (spawned 5 workers)
@     0s  (total 5 workers using 0 MB)
@     1s  (started worker 5 with pid 200278)
@     1s  (spawned 1 workers)
@     1s  (total 6 workers using 397 MB)
@     2s  (started worker 6 with pid 200317)
@     2s  (spawned 1 workers)
@     2s  (total 7 workers using 609 MB)
@     3s  (started worker 7 with pid 200361)
@     3s  (spawned 1 workers)
@     3s  (total 8 workers using 808 MB)
@     5s  (started worker 8 with pid 200409)
@     5s  (spawned 1 workers)
@     5s  (total 9 workers using 966 MB)
@     8s  (started worker 9 with pid 200468)
@     8s  (spawned 1 workers)
@     8s  (total 10 workers using 1186 MB)
@    11s  (started worker 10 with pid 200512)
@    11s  (spawned 1 workers)
@    11s  (total 11 workers using 1258 MB)
@    23s  (total 11 workers using 1731 MB)
@    39s  (total 11 workers using 1939 MB)
@    54s  (total 11 workers using 2175 MB)
@    68s  (total 11 workers using 2301 MB)
@    81s  (total 11 workers using 2493 MB)
@    96s  (total 11 workers using 2641 MB)
@   109s  (total 11 workers using 2785 MB)
@   123s  (total 11 workers using 3021 MB)
@   136s  (total 11 workers using 3152 MB)
@   149s  (total 11 workers using 3371 MB)
@   163s  (total 11 workers using 3565 MB)
@   177s  (total 11 workers using 3777 MB)
@   190s  (total 11 workers using 3921 MB)
@   204s  (total 11 workers using 4081 MB)
@   216s  (total 11 workers using 4220 MB)
@   231s  (total 11 workers using 4369 MB)
@   244s  (total 11 workers using 4551 MB)
@   257s  (total 11 workers using 4764 MB)
@   270s  (total 11 workers using 4873 MB)
@   285s  (total 11 workers using 5001 MB)
@   298s  (total 11 workers using 5104 MB)
@   311s  (total 11 workers using 5158 MB)
@   324s  (total 11 workers using 5402 MB)
@   338s  (total 11 workers using 5566 MB)
@   351s  (total 11 workers using 5678 MB)
@   365s  (total 11 workers using 5808 MB)
@   378s  (total 11 workers using 5905 MB)
@   392s  (total 11 workers using 6031 MB)
@   405s  (total 11 workers using 6326 MB)
@   419s  (total 11 workers using 6386 MB)
@   432s  (total 11 workers using 6562 MB)
@   446s  (total 11 workers using 6676 MB)
@   459s  (total 11 workers using 6858 MB)
@   473s  (total 11 workers using 6961 MB)
@   486s  (total 11 workers using 7051 MB)
@   500s  (total 11 workers using 7144 MB)
@   513s  (total 11 workers using 7194 MB)
@   528s  (total 11 workers using 7290 MB)
@   541s  (total 11 workers using 7354 MB)
@   554s  (total 11 workers using 7433 MB)
@   567s  (total 11 workers using 7524 MB)
@   581s  (total 11 workers using 7658 MB)
@   594s  (total 11 workers using 7776 MB)
@   608s  (total 11 workers using 7833 MB)
@   621s  (total 11 workers using 7917 MB)
@   635s  (total 11 workers using 7986 MB)
@   648s  (total 11 workers using 8119 MB)
@   662s  (total 11 workers using 8218 MB)
@   674s  (total 11 workers using 8356 MB)
@   688s  (total 11 workers using 8347 MB)
@   701s  (total 11 workers using 8508 MB)
@   715s  (total 11 workers using 8538 MB)
@   728s  (total 11 workers using 8706 MB)
@   742s  (total 11 workers using 8873 MB)
@   755s  (total 11 workers using 8981 MB)
@   768s  (total 11 workers using 9100 MB)
@   782s  (total 11 workers using 9290 MB)
@   796s  (total 11 workers using 9495 MB)
@   809s  (total 11 workers using 9666 MB)
@   823s  (total 11 workers using 9772 MB)
@   836s  (total 11 workers using 9968 MB)
@   850s  (total 11 workers using 10172 MB)
@   863s  (total 11 workers using 10313 MB)
@   877s  (total 11 workers using 10516 MB)
@   889s  (total 11 workers using 10712 MB)
@   904s  (total 11 workers using 10858 MB)
@   917s  (total 11 workers using 11004 MB)
@   931s  (total 11 workers using 11191 MB)
@   944s  (total 11 workers using 11341 MB)
@   958s  (total 11 workers using 11542 MB)
@   971s  (total 11 workers using 11569 MB)
@   978s  (worker 1 finished with result unsafe) python3 avr.py -b bin_bt_cadical -s --bmc
@   978s  (worker 1 output)
@   978s  (stopping all workers)
@   978s  (copied results from worker 1 in /scratch/network/hongcez/hwmcc/avr-log/btor2/bv/wolf/2019A/pr_picorv32_mutCY_nomem-p4)
@   978s  [0;30;47m(proof race finished with answer unsafe in 977.82 seconds)[m
