AVR -- Proof Race 
copyright (c) 2019  Aman Goel and Karem Sakallah, University of Michigan
@     0s  (starting avr proof race)
@     0s  (output dir: /scratch/network/hongcez/hwmcc/avr-log/btor2/bv/wolf/2019A/pr_picorv32_mutBX_nomem-p1)
@     0s  (max 11 workers)
@     0s  (started worker 0 with pid 201277)
@     0s  (started worker 1 with pid 201279)
@     0s  (started worker 2 with pid 201281)
@     0s  (started worker 3 with pid 201283)
@     0s  (started worker 4 with pid 201285)
@     0s  (spawned 5 workers)
@     0s  (total 5 workers using 0 MB)
@     1s  (started worker 5 with pid 201515)
@     1s  (spawned 1 workers)
@     1s  (total 6 workers using 553 MB)
@     2s  (started worker 6 with pid 201594)
@     2s  (spawned 1 workers)
@     2s  (total 7 workers using 969 MB)
@     3s  (started worker 7 with pid 201683)
@     3s  (spawned 1 workers)
@     3s  (total 8 workers using 1189 MB)
@     5s  (started worker 8 with pid 201773)
@     5s  (spawned 1 workers)
@     5s  (total 9 workers using 1407 MB)
@     9s  (started worker 9 with pid 201894)
@     9s  (spawned 1 workers)
@     9s  (total 10 workers using 1603 MB)
@    12s  (started worker 10 with pid 201992)
@    12s  (spawned 1 workers)
@    12s  (total 11 workers using 1797 MB)
@    24s  (total 11 workers using 2379 MB)
@    41s  (total 11 workers using 2581 MB)
@    58s  (total 11 workers using 2597 MB)
@    72s  (total 11 workers using 2673 MB)
@    87s  (total 11 workers using 2687 MB)
@   103s  (total 11 workers using 2716 MB)
@   116s  (total 11 workers using 2747 MB)
@   131s  (total 11 workers using 2787 MB)
@   144s  (total 11 workers using 2921 MB)
@   159s  (total 11 workers using 2991 MB)
@   172s  (total 11 workers using 3043 MB)
@   187s  (total 11 workers using 3047 MB)
@   201s  (total 11 workers using 3082 MB)
@   215s  (total 11 workers using 3154 MB)
@   229s  (total 11 workers using 3225 MB)
@   244s  (total 11 workers using 3449 MB)
@   257s  (total 11 workers using 3471 MB)
@   272s  (total 11 workers using 3519 MB)
@   285s  (total 11 workers using 3551 MB)
@   300s  (total 11 workers using 3581 MB)
@   314s  (total 11 workers using 3690 MB)
@   328s  (total 11 workers using 3783 MB)
@   341s  (total 11 workers using 3884 MB)
@   356s  (total 11 workers using 3953 MB)
@   369s  (total 11 workers using 3955 MB)
@   384s  (total 11 workers using 3975 MB)
@   397s  (total 11 workers using 4064 MB)
@   412s  (total 11 workers using 4130 MB)
@   425s  (total 11 workers using 4158 MB)
@   440s  (total 11 workers using 4189 MB)
@   453s  (total 11 workers using 4222 MB)
@   468s  (total 11 workers using 4257 MB)
@   481s  (total 11 workers using 4310 MB)
@   496s  (total 11 workers using 4359 MB)
@   510s  (total 11 workers using 4377 MB)
@   524s  (total 11 workers using 4396 MB)
@   538s  (total 11 workers using 4422 MB)
@   552s  (total 11 workers using 4502 MB)
@   566s  (total 11 workers using 4534 MB)
@   580s  (total 11 workers using 4553 MB)
@   594s  (total 11 workers using 4516 MB)
@   609s  (total 11 workers using 4544 MB)
@   622s  (total 11 workers using 4571 MB)
@   637s  (total 11 workers using 4639 MB)
@   650s  (total 11 workers using 4661 MB)
@   665s  (total 11 workers using 4723 MB)
@   678s  (total 11 workers using 4839 MB)
@   693s  (total 11 workers using 4810 MB)
@   706s  (total 11 workers using 4850 MB)
@   721s  (total 11 workers using 4895 MB)
@   735s  (total 11 workers using 4946 MB)
@   749s  (total 11 workers using 4996 MB)
@   763s  (total 11 workers using 5035 MB)
@   778s  (total 11 workers using 5103 MB)
@   791s  (total 11 workers using 5156 MB)
@   805s  (total 11 workers using 5266 MB)
@   819s  (total 11 workers using 5352 MB)
@   833s  (total 11 workers using 5363 MB)
@   847s  (total 11 workers using 5407 MB)
@   862s  (total 11 workers using 5464 MB)
@   875s  (total 11 workers using 5513 MB)
@   890s  (total 11 workers using 5461 MB)
@   903s  (total 11 workers using 5470 MB)
@   918s  (total 11 workers using 5537 MB)
@   932s  (total 11 workers using 5553 MB)
@   946s  (total 11 workers using 5604 MB)
@   960s  (total 11 workers using 5674 MB)
@   974s  (total 11 workers using 5696 MB)
@   988s  (total 11 workers using 5693 MB)
@  1002s  (total 11 workers using 5818 MB)
@  1015s  (total 11 workers using 5819 MB)
@  1030s  (total 11 workers using 5853 MB)
@  1043s  (total 11 workers using 5918 MB)
@  1058s  (total 11 workers using 6021 MB)
@  1071s  (total 11 workers using 6041 MB)
@  1086s  (total 11 workers using 6065 MB)
@  1100s  (total 11 workers using 6147 MB)
@  1114s  (total 11 workers using 6190 MB)
@  1128s  (total 11 workers using 6205 MB)
@  1142s  (total 11 workers using 6248 MB)
@  1156s  (total 11 workers using 6273 MB)
@  1171s  (total 11 workers using 6355 MB)
@  1184s  (total 11 workers using 6410 MB)
@  1199s  (total 11 workers using 6446 MB)
@  1212s  (total 11 workers using 6482 MB)
@  1227s  (total 11 workers using 6516 MB)
@  1240s  (total 11 workers using 6624 MB)
@  1255s  (total 11 workers using 6622 MB)
@  1268s  (total 11 workers using 6681 MB)
@  1283s  (total 11 workers using 6832 MB)
@  1296s  (total 11 workers using 6915 MB)
@  1311s  (total 11 workers using 6875 MB)
@  1324s  (total 11 workers using 7033 MB)
@  1339s  (total 11 workers using 7075 MB)
@  1352s  (total 11 workers using 7171 MB)
@  1367s  (total 11 workers using 7163 MB)
@  1380s  (total 11 workers using 7178 MB)
@  1395s  (total 11 workers using 7184 MB)
@  1408s  (total 11 workers using 7238 MB)
@  1422s  (total 11 workers using 7315 MB)
@  1436s  (total 11 workers using 7385 MB)
@  1450s  (total 11 workers using 7394 MB)
@  1464s  (total 11 workers using 7382 MB)
@  1478s  (total 11 workers using 7383 MB)
@  1492s  (total 11 workers using 7460 MB)
@  1506s  (total 11 workers using 7482 MB)
@  1520s  (total 11 workers using 7520 MB)
@  1534s  (total 11 workers using 7628 MB)
@  1547s  (total 11 workers using 7690 MB)
@  1562s  (total 11 workers using 7702 MB)
@  1575s  (total 11 workers using 7802 MB)
@  1589s  (total 11 workers using 7840 MB)
@  1603s  (total 11 workers using 7879 MB)
@  1617s  (total 11 workers using 7896 MB)
@  1630s  (total 11 workers using 8019 MB)
@  1645s  (total 11 workers using 8042 MB)
@  1658s  (total 11 workers using 8156 MB)
@  1673s  (total 11 workers using 8206 MB)
@  1686s  (total 11 workers using 8225 MB)
@  1701s  (total 11 workers using 8384 MB)
@  1714s  (total 11 workers using 8368 MB)
@  1728s  (total 11 workers using 8574 MB)
@  1742s  (total 11 workers using 8648 MB)
@  1756s  (total 11 workers using 8527 MB)
@  1770s  (total 11 workers using 8497 MB)
@  1784s  (total 11 workers using 8585 MB)
@  1797s  (total 11 workers using 8675 MB)
@  1812s  (total 11 workers using 8802 MB)
@  1825s  (total 11 workers using 8739 MB)
@  1840s  (total 11 workers using 8733 MB)
@  1853s  (total 11 workers using 8824 MB)
@  1867s  (total 11 workers using 8828 MB)
@  1881s  (total 11 workers using 8873 MB)
@  1895s  (total 11 workers using 8890 MB)
@  1909s  (total 11 workers using 8981 MB)
@  1923s  (total 11 workers using 9025 MB)
@  1937s  (total 11 workers using 9008 MB)
@  1951s  (total 11 workers using 9144 MB)
@  1964s  (total 11 workers using 9184 MB)
@  1979s  (total 11 workers using 9218 MB)
@  1992s  (total 11 workers using 9219 MB)
@  2007s  (total 11 workers using 9278 MB)
@  2020s  (total 11 workers using 9313 MB)
@  2035s  (total 11 workers using 9484 MB)
@  2048s  (total 11 workers using 9518 MB)
@  2063s  (total 11 workers using 9581 MB)
@  2076s  (total 11 workers using 9626 MB)
@  2090s  (total 11 workers using 9713 MB)
@  2104s  (total 11 workers using 9712 MB)
@  2118s  (total 11 workers using 9784 MB)
@  2131s  (total 11 workers using 9849 MB)
@  2146s  (total 11 workers using 9918 MB)
@  2159s  (total 11 workers using 9962 MB)
@  2173s  (total 11 workers using 10015 MB)
@  2187s  (total 11 workers using 10101 MB)
@  2201s  (total 11 workers using 10134 MB)
@  2214s  (total 11 workers using 10227 MB)
@  2229s  (total 11 workers using 10257 MB)
@  2242s  (total 11 workers using 10288 MB)
@  2256s  (total 11 workers using 10285 MB)
@  2270s  (total 11 workers using 10305 MB)
@  2284s  (total 11 workers using 10350 MB)
@  2297s  (total 11 workers using 10396 MB)
@  2312s  (total 11 workers using 10476 MB)
@  2325s  (total 11 workers using 10512 MB)
@  2340s  (total 11 workers using 10538 MB)
@  2353s  (total 11 workers using 10576 MB)
@  2367s  (total 11 workers using 10588 MB)
@  2381s  (total 11 workers using 10644 MB)
@  2395s  (total 11 workers using 10678 MB)
@  2408s  (total 11 workers using 10683 MB)
@  2423s  (total 11 workers using 10689 MB)
@  2436s  (total 11 workers using 10704 MB)
@  2451s  (total 11 workers using 10723 MB)
@  2464s  (total 11 workers using 10736 MB)
@  2478s  (total 11 workers using 10713 MB)
@  2492s  (total 11 workers using 10654 MB)
@  2506s  (total 11 workers using 10666 MB)
@  2519s  (total 11 workers using 10760 MB)
@  2534s  (total 11 workers using 10782 MB)
@  2547s  (total 11 workers using 10751 MB)
@  2562s  (total 11 workers using 10942 MB)
@  2575s  (total 11 workers using 10853 MB)
@  2589s  (total 11 workers using 10859 MB)
@  2603s  (total 11 workers using 10864 MB)
@  2617s  (total 11 workers using 10882 MB)
@  2631s  (total 11 workers using 10896 MB)
@  2645s  (total 11 workers using 10907 MB)
@  2658s  (total 11 workers using 10932 MB)
@  2672s  (total 11 workers using 10923 MB)
@  2686s  (total 11 workers using 10936 MB)
@  2700s  (total 11 workers using 10950 MB)
@  2713s  (total 11 workers using 10975 MB)
@  2728s  (total 11 workers using 11021 MB)
@  2741s  (total 11 workers using 11049 MB)
@  2756s  (total 11 workers using 11048 MB)
@  2769s  (total 11 workers using 11069 MB)
@  2783s  (total 11 workers using 11092 MB)
@  2797s  (total 11 workers using 11096 MB)
@  2811s  (total 11 workers using 11134 MB)
@  2824s  (total 11 workers using 11219 MB)
@  2839s  (total 11 workers using 11228 MB)
@  2852s  (total 11 workers using 11286 MB)
@  2867s  (total 11 workers using 11331 MB)
@  2880s  (total 11 workers using 11360 MB)
@  2895s  (total 11 workers using 11395 MB)
@  2908s  (total 11 workers using 11420 MB)
@  2922s  (total 11 workers using 11431 MB)
@  2936s  (total 11 workers using 11483 MB)
@  2950s  (total 11 workers using 11489 MB)
@  2963s  (total 11 workers using 11526 MB)
@  2978s  (total 11 workers using 11540 MB)
@  2991s  (total 11 workers using 11562 MB)
@  3006s  (total 11 workers using 11620 MB)
@  3019s  (total 11 workers using 11642 MB)
@  3033s  (total 11 workers using 11680 MB)
@  3047s  (total 11 workers using 11699 MB)
@  3061s  (total 11 workers using 11722 MB)
@  3075s  (total 11 workers using 11747 MB)
@  3089s  (total 11 workers using 11798 MB)
@  3103s  (total 11 workers using 11803 MB)
@  3117s  (total 11 workers using 11828 MB)
@  3131s  (total 11 workers using 11846 MB)
@  3145s  (total 11 workers using 11870 MB)
@  3159s  (total 11 workers using 11880 MB)
@  3173s  (total 11 workers using 11896 MB)
@  3187s  (total 11 workers using 11952 MB)
@  3201s  (total 11 workers using 11979 MB)
@  3215s  (total 11 workers using 12009 MB)
@  3230s  (total 11 workers using 12052 MB)
@  3243s  (total 11 workers using 12105 MB)
@  3258s  (total 11 workers using 12171 MB)
@  3271s  (total 11 workers using 12223 MB)
@  3286s  (total 11 workers using 12256 MB)
@  3299s  (total 11 workers using 12295 MB)
@  3314s  (total 11 workers using 12305 MB)
@  3327s  (total 11 workers using 12344 MB)
@  3341s  (total 11 workers using 12418 MB)
@  3355s  (total 11 workers using 12449 MB)
@  3370s  (total 11 workers using 12478 MB)
@  3383s  (total 11 workers using 12498 MB)
@  3397s  (total 11 workers using 12553 MB)
@  3411s  (total 11 workers using 12686 MB)
@  3425s  (total 11 workers using 12670 MB)
@  3439s  (total 11 workers using 12599 MB)
@  3453s  (total 11 workers using 12634 MB)
@  3467s  (total 11 workers using 12680 MB)
@  3481s  (total 11 workers using 12728 MB)
@  3495s  (total 11 workers using 12792 MB)
@  3509s  (total 11 workers using 12837 MB)
@  3523s  (total 11 workers using 12816 MB)
@  3537s  (total 11 workers using 12842 MB)
@  3551s  (total 11 workers using 12881 MB)
@  3566s  (total 11 workers using 12985 MB)
@  3576s  (stopping all workers)
@  3576s  (worker 0 finished with result unknown) python3 avr.py -a sa
@  3576s  (worker 2 finished with result unknown) python3 avr.py
@  3576s  (worker 4 finished with result unknown) python3 avr.py -b bin_y2 --bmc
@  3576s  (worker 6 finished with result unknown) python3 avr.py -a sa --interpol 1 -f 1
@  3576s  (worker 8 finished with result unknown) python3 avr.py -l 5 -g 3 -a sa8 --interpol 1 -f 1
@  3576s  (worker 10 finished with result unknown) python3 avr.py --bmc
@  3576s  (worker 1 finished with result unknown) python3 avr.py -b bin_bt_cadical -s --bmc
@  3576s  (worker 5 finished with result unknown) python3 avr.py -b bin_bt_cadical -g 3 -l 0 -a sa32
@  3576s  (worker 9 finished with result unknown) python3 avr.py -b bin_y2 -s -a sa4 --interpol 1 -f 1
@  3576s  (worker 3 finished with result unknown) python3 avr.py -b bin_y2 -s
@  3576s  (worker 7 finished with result unknown) python3 avr.py -s -l 0
@  3576s  (copied results from worker 0 in /scratch/network/hongcez/hwmcc/avr-log/btor2/bv/wolf/2019A/pr_picorv32_mutBX_nomem-p1)
@  3576s  [0;30;47m(proof race finished with answer unknown in 3576.44 seconds)[m
