	(output dir: /scratch/network/hongcez/hwmcc/avr-log/btor2/bv/wolf/2019A/pr_picorv32_mutCY_nomem-p5/work_w1)
	(frontend: btor2)
	(property: all (1 assertions))
	(2049 / 3485 flops initialized)
	(abstraction: sa+uf)
	(bmc: safe till step 0)
	(bmc: safe till step 10)
	(bmc: found cex at step 16)
   0	: 0	: 0 s: 0    1318s                  

AVR -- Proof Race 
copyright (c) 2019  Aman Goel and Karem Sakallah, University of Michigan
@     0s  (starting avr proof race)
@     0s  (output dir: /scratch/network/hongcez/hwmcc/avr-log/btor2/bv/wolf/2019A/pr_picorv32_mutCY_nomem-p5)
@     0s  (max 11 workers)
@     0s  (started worker 0 with pid 153160)
@     0s  (started worker 1 with pid 153161)
@     0s  (started worker 2 with pid 153162)
@     0s  (started worker 3 with pid 153163)
@     0s  (started worker 4 with pid 153164)
@     0s  (spawned 5 workers)
@     0s  (total 5 workers using 0 MB)
@     1s  (started worker 5 with pid 153277)
@     1s  (spawned 1 workers)
@     1s  (total 6 workers using 377 MB)
@     2s  (started worker 6 with pid 153317)
@     2s  (spawned 1 workers)
@     2s  (total 7 workers using 613 MB)
@     3s  (started worker 7 with pid 153360)
@     3s  (spawned 1 workers)
@     3s  (total 8 workers using 766 MB)
@     5s  (started worker 8 with pid 153407)
@     5s  (spawned 1 workers)
@     5s  (total 9 workers using 991 MB)
@     9s  (started worker 9 with pid 153466)
@     9s  (spawned 1 workers)
@     9s  (total 10 workers using 1198 MB)
@    12s  (started worker 10 with pid 153518)
@    12s  (spawned 1 workers)
@    12s  (total 11 workers using 1341 MB)
@    25s  (total 11 workers using 1846 MB)
@    41s  (total 11 workers using 2110 MB)
@    58s  (total 11 workers using 2323 MB)
@    73s  (total 11 workers using 2513 MB)
@    87s  (total 11 workers using 2621 MB)
@   103s  (total 11 workers using 2841 MB)
@   116s  (total 11 workers using 2953 MB)
@   131s  (total 11 workers using 3104 MB)
@   145s  (total 11 workers using 3227 MB)
@   159s  (total 11 workers using 3288 MB)
@   172s  (total 11 workers using 3410 MB)
@   187s  (total 11 workers using 3511 MB)
@   200s  (total 11 workers using 3592 MB)
@   215s  (total 11 workers using 3667 MB)
@   228s  (total 11 workers using 3755 MB)
@   243s  (total 11 workers using 3784 MB)
@   256s  (total 11 workers using 3798 MB)
@   271s  (total 11 workers using 3966 MB)
@   284s  (total 11 workers using 4016 MB)
@   298s  (total 11 workers using 4102 MB)
@   312s  (total 11 workers using 4190 MB)
@   326s  (total 11 workers using 4222 MB)
@   339s  (total 11 workers using 4290 MB)
@   354s  (total 11 workers using 4344 MB)
@   367s  (total 11 workers using 4406 MB)
@   381s  (total 11 workers using 4484 MB)
@   395s  (total 11 workers using 4581 MB)
@   409s  (total 11 workers using 4637 MB)
@   422s  (total 11 workers using 4779 MB)
@   437s  (total 11 workers using 4906 MB)
@   451s  (total 11 workers using 4908 MB)
@   465s  (total 11 workers using 4988 MB)
@   478s  (total 11 workers using 5104 MB)
@   493s  (total 11 workers using 5217 MB)
@   507s  (total 11 workers using 5338 MB)
@   521s  (total 11 workers using 5439 MB)
@   534s  (total 11 workers using 5465 MB)
@   549s  (total 11 workers using 5633 MB)
@   562s  (total 11 workers using 5734 MB)
@   576s  (total 11 workers using 5849 MB)
@   590s  (total 11 workers using 5965 MB)
@   604s  (total 11 workers using 6045 MB)
@   617s  (total 11 workers using 6128 MB)
@   632s  (total 11 workers using 6194 MB)
@   645s  (total 11 workers using 6224 MB)
@   659s  (total 11 workers using 6266 MB)
@   673s  (total 11 workers using 6372 MB)
@   687s  (total 11 workers using 6468 MB)
@   701s  (total 11 workers using 6561 MB)
@   715s  (total 11 workers using 6668 MB)
@   728s  (total 11 workers using 6798 MB)
@   743s  (total 11 workers using 7009 MB)
@   756s  (total 11 workers using 7150 MB)
@   770s  (total 11 workers using 7335 MB)
@   784s  (total 11 workers using 7447 MB)
@   798s  (total 11 workers using 7651 MB)
@   811s  (total 11 workers using 7786 MB)
@   826s  (total 11 workers using 7881 MB)
@   839s  (total 11 workers using 7983 MB)
@   854s  (total 11 workers using 8079 MB)
@   867s  (total 11 workers using 8218 MB)
@   881s  (total 11 workers using 8248 MB)
@   895s  (total 11 workers using 8404 MB)
@   909s  (total 11 workers using 8451 MB)
@   923s  (total 11 workers using 8486 MB)
@   937s  (total 11 workers using 8540 MB)
@   950s  (total 11 workers using 8595 MB)
@   965s  (total 11 workers using 8659 MB)
@   978s  (total 11 workers using 8693 MB)
@   993s  (total 11 workers using 8720 MB)
@  1006s  (total 11 workers using 8799 MB)
@  1020s  (total 11 workers using 8852 MB)
@  1033s  (total 11 workers using 8911 MB)
@  1048s  (total 11 workers using 8899 MB)
@  1061s  (total 11 workers using 8992 MB)
@  1076s  (total 11 workers using 9134 MB)
@  1089s  (total 11 workers using 9191 MB)
@  1104s  (total 11 workers using 9329 MB)
@  1117s  (total 11 workers using 9406 MB)
@  1131s  (total 11 workers using 9559 MB)
@  1144s  (total 11 workers using 9789 MB)
@  1159s  (total 11 workers using 9952 MB)
@  1172s  (total 11 workers using 10081 MB)
@  1186s  (total 11 workers using 10284 MB)
@  1200s  (total 11 workers using 10406 MB)
@  1214s  (total 11 workers using 10547 MB)
@  1228s  (total 11 workers using 10625 MB)
@  1242s  (total 11 workers using 10713 MB)
@  1255s  (total 11 workers using 10912 MB)
@  1270s  (total 11 workers using 11104 MB)
@  1283s  (total 11 workers using 11217 MB)
@  1297s  (total 11 workers using 11367 MB)
@  1310s  (total 11 workers using 11566 MB)
@  1325s  (total 11 workers using 11681 MB)
@  1338s  (total 11 workers using 11614 MB)
@  1353s  (total 11 workers using 11816 MB)
@  1366s  (total 11 workers using 11814 MB)
@  1380s  (total 11 workers using 11898 MB)
@  1394s  (total 11 workers using 11931 MB)
@  1408s  (total 11 workers using 12024 MB)
@  1422s  (total 11 workers using 12212 MB)
@  1436s  (total 11 workers using 12300 MB)
@  1449s  (total 11 workers using 12550 MB)
@  1464s  (total 11 workers using 12554 MB)
@  1477s  (total 11 workers using 12536 MB)
@  1491s  (total 11 workers using 12657 MB)
@  1505s  (total 11 workers using 12677 MB)
@  1519s  (total 11 workers using 12845 MB)
@  1533s  (total 11 workers using 12977 MB)
@  1547s  (total 11 workers using 13115 MB)
@  1560s  (total 11 workers using 13137 MB)
@  1575s  (total 11 workers using 13217 MB)
@  1588s  (total 11 workers using 13237 MB)
@  1602s  (total 11 workers using 13467 MB)
@  1616s  (total 11 workers using 13599 MB)
@  1630s  (total 11 workers using 13675 MB)
@  1644s  (total 11 workers using 13899 MB)
@  1658s  (total 11 workers using 14041 MB)
@  1671s  (total 11 workers using 14160 MB)
@  1686s  (total 11 workers using 14428 MB)
@  1699s  (total 11 workers using 14479 MB)
@  1714s  (total 11 workers using 14625 MB)
@  1727s  (total 11 workers using 14694 MB)
@  1741s  (total 11 workers using 14694 MB)
@  1755s  (total 11 workers using 15111 MB)
@  1769s  (total 11 workers using 15084 MB)
@  1783s  (total 11 workers using 15187 MB)
@  1797s  (total 11 workers using 15194 MB)
@  1810s  (total 11 workers using 15341 MB)
@  1812s  (worker 1 finished with result unsafe) python3 avr.py -b bin_bt_cadical -s --bmc
@  1812s  (worker 1 output)
@  1812s  (stopping all workers)
@  1812s  (copied results from worker 1 in /scratch/network/hongcez/hwmcc/avr-log/btor2/bv/wolf/2019A/pr_picorv32_mutCY_nomem-p5)
@  1812s  [0;30;47m(proof race finished with answer unsafe in 1812.44 seconds)[m
