AVR -- Proof Race 
copyright (c) 2019  Aman Goel and Karem Sakallah, University of Michigan
@     0s  (starting avr proof race)
@     0s  (output dir: /scratch/network/hongcez/hwmcc/avr-log/btor2/bv/wolf/2019A/pr_picorv32_mutCY_nomem-p8)
@     0s  (max 11 workers)
@     0s  (started worker 0 with pid 239826)
@     0s  (started worker 1 with pid 239827)
@     0s  (started worker 2 with pid 239828)
@     0s  (started worker 3 with pid 239829)
@     0s  (started worker 4 with pid 239830)
@     0s  (spawned 5 workers)
@     0s  (total 5 workers using 0 MB)
@     1s  (started worker 5 with pid 239949)
@     1s  (spawned 1 workers)
@     1s  (total 6 workers using 428 MB)
@     2s  (started worker 6 with pid 239990)
@     2s  (spawned 1 workers)
@     2s  (total 7 workers using 681 MB)
@     3s  (started worker 7 with pid 240044)
@     3s  (spawned 1 workers)
@     3s  (total 8 workers using 810 MB)
@     6s  (started worker 8 with pid 240110)
@     6s  (spawned 1 workers)
@     6s  (total 9 workers using 999 MB)
@     9s  (started worker 9 with pid 240184)
@     9s  (spawned 1 workers)
@     9s  (total 10 workers using 1109 MB)
@    13s  (started worker 10 with pid 240257)
@    13s  (spawned 1 workers)
@    13s  (total 11 workers using 1231 MB)
@    25s  (total 11 workers using 1696 MB)
@    41s  (total 11 workers using 1957 MB)
@    58s  (total 11 workers using 2190 MB)
@    72s  (total 11 workers using 2345 MB)
@    87s  (total 11 workers using 2469 MB)
@   102s  (total 11 workers using 2584 MB)
@   116s  (total 11 workers using 2699 MB)
@   130s  (total 11 workers using 2828 MB)
@   144s  (total 11 workers using 2969 MB)
@   158s  (total 11 workers using 3050 MB)
@   172s  (total 11 workers using 3255 MB)
@   186s  (total 11 workers using 3384 MB)
@   200s  (total 11 workers using 3384 MB)
@   214s  (total 11 workers using 3484 MB)
@   227s  (total 11 workers using 3614 MB)
@   242s  (total 11 workers using 3711 MB)
@   255s  (total 11 workers using 3805 MB)
@   269s  (total 11 workers using 3890 MB)
@   283s  (total 11 workers using 4028 MB)
@   297s  (total 11 workers using 4175 MB)
@   311s  (total 11 workers using 4313 MB)
@   325s  (total 11 workers using 4393 MB)
@   339s  (total 11 workers using 4505 MB)
@   353s  (total 11 workers using 4578 MB)
@   367s  (total 11 workers using 4691 MB)
@   381s  (total 11 workers using 4756 MB)
@   395s  (total 11 workers using 4835 MB)
@   409s  (total 11 workers using 4948 MB)
@   422s  (total 11 workers using 5069 MB)
@   437s  (total 11 workers using 4979 MB)
@   450s  (total 11 workers using 5054 MB)
@   465s  (total 11 workers using 5082 MB)
@   478s  (total 11 workers using 5074 MB)
@   493s  (total 11 workers using 5127 MB)
@   506s  (total 11 workers using 5192 MB)
@   521s  (total 11 workers using 5237 MB)
@   534s  (total 11 workers using 5318 MB)
@   548s  (total 11 workers using 5429 MB)
@   562s  (total 11 workers using 5551 MB)
@   576s  (total 11 workers using 5644 MB)
@   590s  (total 11 workers using 5771 MB)
@   604s  (total 11 workers using 5881 MB)
@   617s  (total 11 workers using 6002 MB)
@   632s  (total 11 workers using 6114 MB)
@   645s  (total 11 workers using 6267 MB)
@   660s  (total 11 workers using 6460 MB)
@   673s  (total 11 workers using 6612 MB)
@   693s  (total 11 workers using 6898 MB)
@   707s  (total 11 workers using 7083 MB)
@   728s  (total 11 workers using 7326 MB)
@   742s  (total 11 workers using 7366 MB)
@   759s  (total 11 workers using 7484 MB)
@   773s  (total 11 workers using 7571 MB)
@   791s  (total 11 workers using 7664 MB)
@   805s  (total 11 workers using 7765 MB)
@   823s  (total 11 workers using 7856 MB)
@   836s  (total 11 workers using 7938 MB)
@   850s  (total 11 workers using 7974 MB)
@   866s  (total 11 workers using 8037 MB)
@   880s  (total 11 workers using 8109 MB)
@   894s  (total 11 workers using 8217 MB)
@   909s  (total 11 workers using 8258 MB)
@   923s  (total 11 workers using 8326 MB)
@   937s  (total 11 workers using 8329 MB)
@   950s  (total 11 workers using 8368 MB)
@   965s  (total 11 workers using 8390 MB)
@   978s  (total 11 workers using 8416 MB)
@   993s  (total 11 workers using 8444 MB)
@  1007s  (total 11 workers using 8459 MB)
@  1021s  (total 11 workers using 8499 MB)
@  1034s  (total 11 workers using 8559 MB)
@  1049s  (total 11 workers using 8620 MB)
@  1062s  (total 11 workers using 8687 MB)
@  1076s  (total 11 workers using 8740 MB)
@  1090s  (total 11 workers using 8802 MB)
@  1104s  (total 11 workers using 8914 MB)
@  1118s  (total 11 workers using 8957 MB)
@  1132s  (total 11 workers using 9065 MB)
@  1146s  (total 11 workers using 9172 MB)
@  1160s  (total 11 workers using 9251 MB)
@  1173s  (total 11 workers using 9360 MB)
@  1188s  (total 11 workers using 9466 MB)
@  1201s  (total 11 workers using 9589 MB)
@  1216s  (total 11 workers using 9671 MB)
@  1230s  (total 11 workers using 9739 MB)
@  1244s  (total 11 workers using 9817 MB)
@  1258s  (total 11 workers using 9831 MB)
@  1272s  (total 11 workers using 9892 MB)
@  1286s  (total 11 workers using 9931 MB)
@  1300s  (total 11 workers using 10029 MB)
@  1314s  (total 11 workers using 10093 MB)
@  1328s  (total 11 workers using 10134 MB)
@  1341s  (total 11 workers using 10173 MB)
@  1356s  (total 11 workers using 10262 MB)
@  1369s  (total 11 workers using 10366 MB)
@  1384s  (total 11 workers using 10453 MB)
@  1397s  (total 11 workers using 10547 MB)
@  1412s  (total 11 workers using 10629 MB)
@  1425s  (total 11 workers using 10739 MB)
@  1440s  (total 11 workers using 10833 MB)
@  1453s  (total 11 workers using 10884 MB)
@  1468s  (total 11 workers using 11015 MB)
@  1481s  (total 11 workers using 11042 MB)
@  1496s  (total 11 workers using 11167 MB)
@  1509s  (total 11 workers using 11258 MB)
@  1524s  (total 11 workers using 11315 MB)
@  1537s  (total 11 workers using 11372 MB)
@  1552s  (total 11 workers using 11433 MB)
@  1565s  (total 11 workers using 11516 MB)
@  1580s  (total 11 workers using 11587 MB)
@  1593s  (total 11 workers using 11644 MB)
@  1607s  (total 11 workers using 11698 MB)
@  1621s  (total 11 workers using 11770 MB)
@  1635s  (total 11 workers using 11829 MB)
@  1649s  (total 11 workers using 11864 MB)
@  1663s  (total 11 workers using 12004 MB)
@  1676s  (total 11 workers using 12013 MB)
@  1691s  (total 11 workers using 12040 MB)
@  1704s  (total 11 workers using 12131 MB)
@  1719s  (total 11 workers using 12160 MB)
@  1733s  (total 11 workers using 12251 MB)
@  1747s  (total 11 workers using 12302 MB)
@  1760s  (total 11 workers using 12361 MB)
@  1775s  (total 11 workers using 12415 MB)
@  1788s  (total 11 workers using 12469 MB)
@  1803s  (total 11 workers using 12307 MB)
@  1816s  (total 11 workers using 12394 MB)
@  1831s  (total 11 workers using 12442 MB)
@  1844s  (total 11 workers using 12620 MB)
@  1858s  (total 11 workers using 12529 MB)
@  1872s  (total 11 workers using 12679 MB)
@  1886s  (total 11 workers using 12824 MB)
@  1899s  (total 11 workers using 12890 MB)
@  1914s  (total 11 workers using 12926 MB)
@  1927s  (total 11 workers using 13021 MB)
@  1941s  (total 11 workers using 13103 MB)
@  1954s  (total 11 workers using 13155 MB)
@  1969s  (total 11 workers using 13214 MB)
@  1982s  (total 11 workers using 13223 MB)
@  1996s  (total 11 workers using 13368 MB)
@  2010s  (total 11 workers using 13425 MB)
@  2024s  (total 11 workers using 13469 MB)
@  2037s  (total 11 workers using 13519 MB)
@  2052s  (total 11 workers using 13575 MB)
@  2065s  (total 11 workers using 13606 MB)
@  2080s  (total 11 workers using 13722 MB)
@  2093s  (total 11 workers using 13795 MB)
@  2107s  (total 11 workers using 13879 MB)
@  2120s  (total 11 workers using 13942 MB)
@  2134s  (total 11 workers using 14124 MB)
@  2148s  (total 11 workers using 14141 MB)
@  2162s  (total 11 workers using 14213 MB)
@  2175s  (total 11 workers using 14261 MB)
@  2190s  (total 11 workers using 14315 MB)
@  2204s  (total 11 workers using 14470 MB)
@  2218s  (total 11 workers using 14548 MB)
@  2232s  (total 11 workers using 14582 MB)
@  2246s  (total 11 workers using 14616 MB)
@  2259s  (total 11 workers using 14656 MB)
@  2274s  (total 11 workers using 14811 MB)
@  2287s  (total 11 workers using 14639 MB)
@  2301s  (total 11 workers using 14687 MB)
@  2315s  (total 11 workers using 14787 MB)
@  2329s  (total 11 workers using 14763 MB)
@  2343s  (total 11 workers using 14825 MB)
@  2357s  (total 11 workers using 14854 MB)
@  2371s  (total 11 workers using 14881 MB)
@  2385s  (total 11 workers using 14951 MB)
@  2398s  (total 11 workers using 15028 MB)
@  2413s  (total 11 workers using 15093 MB)
@  2426s  (total 11 workers using 15187 MB)
@  2441s  (total 11 workers using 15216 MB)
@  2454s  (total 11 workers using 15231 MB)
@  2468s  (total 11 workers using 15224 MB)
@  2482s  (total 11 workers using 15246 MB)
@  2496s  (total 11 workers using 15312 MB)
@  2510s  (total 11 workers using 15338 MB)
@  2524s  (total 11 workers using 15327 MB)
@  2537s  (total 11 workers using 15337 MB)
@  2552s  (total 11 workers using 15382 MB)
@  2565s  (total 11 workers using 15351 MB)
@  2580s  (total 11 workers using 15353 MB)
@  2593s  (total 11 workers using 15355 MB)
@  2607s  (total 11 workers using 15363 MB)
@  2621s  (total 11 workers using 15291 MB)
@  2635s  (total 11 workers using 15302 MB)
@  2648s  (total 11 workers using 15365 MB)
@  2663s  (total 11 workers using 15349 MB)
@  2676s  (total 11 workers using 15352 MB)
@  2691s  (total 11 workers using 15361 MB)
@  2704s  (total 11 workers using 15397 MB)
@  2718s  (total 11 workers using 15407 MB)
@  2731s  (total 11 workers using 15460 MB)
@  2746s  (total 11 workers using 15507 MB)
@  2759s  (total 11 workers using 15533 MB)
@  2774s  (total 11 workers using 15584 MB)
@  2787s  (total 11 workers using 15611 MB)
@  2801s  (total 11 workers using 15642 MB)
@  2815s  (total 11 workers using 15678 MB)
@  2829s  (total 11 workers using 15729 MB)
@  2842s  (total 11 workers using 15836 MB)
@  2857s  (total 11 workers using 15863 MB)
@  2870s  (total 11 workers using 15894 MB)
@  2884s  (total 11 workers using 15923 MB)
@  2897s  (total 11 workers using 15954 MB)
@  2911s  (total 11 workers using 15997 MB)
@  2925s  (total 11 workers using 16025 MB)
@  2939s  (total 11 workers using 16049 MB)
@  2952s  (total 11 workers using 16064 MB)
@  2967s  (total 11 workers using 16105 MB)
@  2981s  (total 11 workers using 16119 MB)
@  2995s  (total 11 workers using 16230 MB)
@  3008s  (total 11 workers using 16153 MB)
@  3023s  (total 11 workers using 16168 MB)
@  3036s  (total 11 workers using 16199 MB)
@  3050s  (total 11 workers using 16212 MB)
@  3063s  (total 11 workers using 16225 MB)
@  3077s  (total 11 workers using 16250 MB)
@  3090s  (total 11 workers using 16257 MB)
@  3105s  (total 11 workers using 16310 MB)
@  3118s  (total 11 workers using 16333 MB)
@  3132s  (total 11 workers using 16342 MB)
@  3145s  (total 11 workers using 16345 MB)
@  3160s  (total 11 workers using 16368 MB)
@  3173s  (total 11 workers using 16395 MB)
@  3187s  (total 11 workers using 16410 MB)
@  3201s  (total 11 workers using 16440 MB)
@  3215s  (total 11 workers using 16451 MB)
@  3228s  (total 11 workers using 16465 MB)
@  3243s  (total 11 workers using 16481 MB)
@  3256s  (total 11 workers using 16533 MB)
@  3270s  (total 11 workers using 16559 MB)
@  3284s  (total 11 workers using 16581 MB)
@  3298s  (total 11 workers using 16563 MB)
@  3311s  (total 11 workers using 16574 MB)
@  3326s  (total 11 workers using 16594 MB)
@  3339s  (total 11 workers using 16608 MB)
@  3353s  (total 11 workers using 16629 MB)
@  3366s  (total 11 workers using 16711 MB)
@  3381s  (total 11 workers using 16678 MB)
@  3394s  (total 11 workers using 16692 MB)
@  3409s  (total 11 workers using 16785 MB)
@  3422s  (total 11 workers using 16824 MB)
@  3436s  (total 11 workers using 16851 MB)
@  3450s  (total 11 workers using 16879 MB)
@  3464s  (total 11 workers using 16862 MB)
@  3477s  (total 11 workers using 16885 MB)
@  3491s  (total 11 workers using 16921 MB)
@  3504s  (total 11 workers using 17108 MB)
@  3519s  (total 11 workers using 16903 MB)
@  3531s  (total 11 workers using 17000 MB)
@  3545s  (total 11 workers using 17021 MB)
@  3558s  (total 11 workers using 16967 MB)
@  3573s  (total 11 workers using 16945 MB)
@  3578s  (stopping all workers)
@  3578s  (worker 0 finished with result unknown) python3 avr.py -a sa
@  3578s  (worker 2 finished with result unknown) python3 avr.py
@  3578s  (worker 4 finished with result unknown) python3 avr.py -b bin_y2 --bmc
@  3578s  (worker 6 finished with result unknown) python3 avr.py -a sa --interpol 1 -f 1
@  3578s  (worker 9 finished with result unknown) python3 avr.py -b bin_y2 -s -a sa4 --interpol 1 -f 1
@  3578s  (worker 1 finished with result unknown) python3 avr.py -b bin_bt_cadical -s --bmc
@  3578s  (worker 5 finished with result unknown) python3 avr.py -b bin_bt_cadical -g 3 -l 0 -a sa32
@  3578s  (worker 8 finished with result unknown) python3 avr.py -l 5 -g 3 -a sa8 --interpol 1 -f 1
@  3578s  (worker 3 finished with result unknown) python3 avr.py -b bin_y2 -s
@  3578s  (worker 10 finished with result unknown) python3 avr.py --bmc
@  3578s  (worker 7 finished with result unknown) python3 avr.py -s -l 0
@  3578s  (copied results from worker 0 in /scratch/network/hongcez/hwmcc/avr-log/btor2/bv/wolf/2019A/pr_picorv32_mutCY_nomem-p8)
@  3578s  [0;30;47m(proof race finished with answer unknown in 3578.08 seconds)[m
