	(output dir: /scratch/network/hongcez/hwmcc/avr-log/btor2/bv/wolf/2019A/pr_picorv32_mutAX_nomem-p4/work_w1)
	(frontend: btor2)
	(property: all (1 assertions))
	(2049 / 3485 flops initialized)
	(abstraction: sa+uf)
	(bmc: safe till step 0)
	(bmc: safe till step 10)
	(bmc: found cex at step 12)
   0	: 0	: 0 s: 0    97s                  

AVR -- Proof Race 
copyright (c) 2019  Aman Goel and Karem Sakallah, University of Michigan
@     0s  (starting avr proof race)
@     0s  (output dir: /scratch/network/hongcez/hwmcc/avr-log/btor2/bv/wolf/2019A/pr_picorv32_mutAX_nomem-p4)
@     0s  (max 11 workers)
@     0s  (started worker 0 with pid 152303)
@     0s  (started worker 1 with pid 152304)
@     0s  (started worker 2 with pid 152305)
@     0s  (started worker 3 with pid 152306)
@     0s  (started worker 4 with pid 152307)
@     0s  (spawned 5 workers)
@     0s  (total 5 workers using 0 MB)
@     1s  (started worker 5 with pid 152424)
@     1s  (spawned 1 workers)
@     1s  (total 6 workers using 525 MB)
@     2s  (started worker 6 with pid 152465)
@     2s  (spawned 1 workers)
@     2s  (total 7 workers using 779 MB)
@     3s  (started worker 7 with pid 152509)
@     3s  (spawned 1 workers)
@     3s  (total 8 workers using 1007 MB)
@     6s  (started worker 8 with pid 152556)
@     6s  (spawned 1 workers)
@     6s  (total 9 workers using 1304 MB)
@     9s  (started worker 9 with pid 152615)
@     9s  (spawned 1 workers)
@     9s  (total 10 workers using 1500 MB)
@    13s  (started worker 10 with pid 152667)
@    13s  (spawned 1 workers)
@    13s  (total 11 workers using 1651 MB)
@    25s  (total 11 workers using 2325 MB)
@    42s  (total 11 workers using 2610 MB)
@    59s  (total 11 workers using 2686 MB)
@    74s  (total 11 workers using 2743 MB)
@    88s  (total 11 workers using 2771 MB)
@   101s  (worker 1 finished with result unsafe) python3 avr.py -b bin_bt_cadical -s --bmc
@   101s  (worker 1 output)
@   101s  (stopping all workers)
@   101s  (copied results from worker 1 in /scratch/network/hongcez/hwmcc/avr-log/btor2/bv/wolf/2019A/pr_picorv32_mutAX_nomem-p4)
@   101s  [0;30;47m(proof race finished with answer unsafe in 101.10 seconds)[m
