AVR -- Proof Race 
copyright (c) 2019  Aman Goel and Karem Sakallah, University of Michigan
@     0s  (starting avr proof race)
@     0s  (output dir: /scratch/network/hongcez/hwmcc/avr-log/btor2/bv/wolf/2019A/pr_picorv32_mutBX_nomem-p0)
@     0s  (max 11 workers)
@     0s  (started worker 0 with pid 224502)
@     0s  (started worker 1 with pid 224503)
@     0s  (started worker 2 with pid 224504)
@     0s  (started worker 3 with pid 224505)
@     0s  (started worker 4 with pid 224506)
@     0s  (spawned 5 workers)
@     0s  (total 5 workers using 0 MB)
@     1s  (started worker 5 with pid 224628)
@     1s  (spawned 1 workers)
@     1s  (total 6 workers using 655 MB)
@     3s  (started worker 6 with pid 224668)
@     3s  (spawned 1 workers)
@     3s  (total 7 workers using 1029 MB)
@     4s  (started worker 7 with pid 224723)
@     4s  (spawned 1 workers)
@     4s  (total 8 workers using 1256 MB)
@     7s  (started worker 8 with pid 224792)
@     7s  (spawned 1 workers)
@     7s  (total 9 workers using 1473 MB)
@    10s  (started worker 9 with pid 224867)
@    10s  (spawned 1 workers)
@    10s  (total 10 workers using 1631 MB)
@    14s  (started worker 10 with pid 224935)
@    14s  (spawned 1 workers)
@    14s  (total 11 workers using 1794 MB)
@    27s  (total 11 workers using 2401 MB)
@    44s  (total 11 workers using 2498 MB)
@    62s  (total 11 workers using 2581 MB)
@    77s  (total 11 workers using 2600 MB)
@    92s  (total 11 workers using 2624 MB)
@   108s  (total 11 workers using 2679 MB)
@   121s  (total 11 workers using 2772 MB)
@   136s  (total 11 workers using 2922 MB)
@   150s  (total 11 workers using 2945 MB)
@   165s  (total 11 workers using 2978 MB)
@   179s  (total 11 workers using 3004 MB)
@   193s  (total 11 workers using 3034 MB)
@   207s  (total 11 workers using 3222 MB)
@   221s  (total 11 workers using 3278 MB)
@   235s  (total 11 workers using 3305 MB)
@   249s  (total 11 workers using 3351 MB)
@   263s  (total 11 workers using 3532 MB)
@   277s  (total 11 workers using 3565 MB)
@   290s  (total 11 workers using 3608 MB)
@   305s  (total 11 workers using 3650 MB)
@   319s  (total 11 workers using 3608 MB)
@   333s  (total 11 workers using 3676 MB)
@   345s  (total 11 workers using 3678 MB)
@   359s  (total 11 workers using 3791 MB)
@   372s  (total 11 workers using 3811 MB)
@   387s  (total 11 workers using 3800 MB)
@   400s  (total 11 workers using 3815 MB)
@   416s  (total 11 workers using 3927 MB)
@   429s  (total 11 workers using 3870 MB)
@   444s  (total 11 workers using 3940 MB)
@   456s  (total 11 workers using 4009 MB)
@   471s  (total 11 workers using 4056 MB)
@   484s  (total 11 workers using 4068 MB)
@   499s  (total 11 workers using 4150 MB)
@   512s  (total 11 workers using 4179 MB)
@   526s  (total 11 workers using 4221 MB)
@   539s  (total 11 workers using 4240 MB)
@   553s  (total 11 workers using 4300 MB)
@   567s  (total 11 workers using 4325 MB)
@   581s  (total 11 workers using 4363 MB)
@   594s  (total 11 workers using 4439 MB)
@   609s  (total 11 workers using 4491 MB)
@   623s  (total 11 workers using 4614 MB)
@   637s  (total 11 workers using 4637 MB)
@   650s  (total 11 workers using 4749 MB)
@   664s  (total 11 workers using 4744 MB)
@   678s  (total 11 workers using 4759 MB)
@   693s  (total 11 workers using 4783 MB)
@   707s  (total 11 workers using 4702 MB)
@   721s  (total 11 workers using 4707 MB)
@   734s  (total 11 workers using 4785 MB)
@   748s  (total 11 workers using 4813 MB)
@   761s  (total 11 workers using 4841 MB)
@   776s  (total 11 workers using 4880 MB)
@   789s  (total 11 workers using 4909 MB)
@   804s  (total 11 workers using 4931 MB)
@   817s  (total 11 workers using 4925 MB)
@   832s  (total 11 workers using 4946 MB)
@   846s  (total 11 workers using 4991 MB)
@   861s  (total 11 workers using 5010 MB)
@   874s  (total 11 workers using 5088 MB)
@   889s  (total 11 workers using 5127 MB)
@   901s  (total 11 workers using 5170 MB)
@   917s  (total 11 workers using 5202 MB)
@   931s  (total 11 workers using 5246 MB)
@   946s  (total 11 workers using 5313 MB)
@   959s  (total 11 workers using 5315 MB)
@   974s  (total 11 workers using 5338 MB)
@   987s  (total 11 workers using 5357 MB)
@  1002s  (total 11 workers using 5273 MB)
@  1016s  (total 11 workers using 5237 MB)
@  1031s  (total 11 workers using 5260 MB)
@  1045s  (total 11 workers using 5338 MB)
@  1060s  (total 11 workers using 5397 MB)
@  1074s  (total 11 workers using 5428 MB)
@  1090s  (total 11 workers using 5404 MB)
@  1103s  (total 11 workers using 5470 MB)
@  1118s  (total 11 workers using 5630 MB)
@  1132s  (total 11 workers using 5688 MB)
@  1148s  (total 11 workers using 5689 MB)
@  1162s  (total 11 workers using 5749 MB)
@  1177s  (total 11 workers using 5788 MB)
@  1191s  (total 11 workers using 5835 MB)
@  1206s  (total 11 workers using 5862 MB)
@  1220s  (total 11 workers using 5986 MB)
@  1234s  (total 11 workers using 5994 MB)
@  1247s  (total 11 workers using 6029 MB)
@  1263s  (total 11 workers using 6077 MB)
@  1277s  (total 11 workers using 6107 MB)
@  1291s  (total 11 workers using 6148 MB)
@  1306s  (total 11 workers using 6206 MB)
@  1320s  (total 11 workers using 6242 MB)
@  1333s  (total 11 workers using 6261 MB)
@  1349s  (total 11 workers using 6295 MB)
@  1362s  (total 11 workers using 6318 MB)
@  1377s  (total 11 workers using 6348 MB)
@  1389s  (total 11 workers using 6398 MB)
@  1404s  (total 11 workers using 6454 MB)
@  1416s  (total 11 workers using 6468 MB)
@  1430s  (total 11 workers using 6487 MB)
@  1444s  (total 11 workers using 6554 MB)
@  1460s  (total 11 workers using 6571 MB)
@  1473s  (total 11 workers using 6603 MB)
@  1488s  (total 11 workers using 6641 MB)
@  1502s  (total 11 workers using 6671 MB)
@  1517s  (total 11 workers using 6659 MB)
@  1531s  (total 11 workers using 6686 MB)
@  1546s  (total 11 workers using 6737 MB)
@  1559s  (total 11 workers using 6768 MB)
@  1574s  (total 11 workers using 6869 MB)
@  1587s  (total 11 workers using 6902 MB)
@  1601s  (total 11 workers using 6920 MB)
@  1615s  (total 11 workers using 6941 MB)
@  1630s  (total 11 workers using 6936 MB)
@  1644s  (total 11 workers using 6962 MB)
@  1659s  (total 11 workers using 7052 MB)
@  1673s  (total 11 workers using 7099 MB)
@  1688s  (total 11 workers using 7155 MB)
@  1701s  (total 11 workers using 7139 MB)
@  1715s  (total 11 workers using 7167 MB)
@  1729s  (total 11 workers using 7316 MB)
@  1743s  (total 11 workers using 7331 MB)
@  1756s  (total 11 workers using 7354 MB)
@  1771s  (total 11 workers using 7407 MB)
@  1785s  (total 11 workers using 7483 MB)
@  1799s  (total 11 workers using 7510 MB)
@  1814s  (total 11 workers using 7530 MB)
@  1829s  (total 11 workers using 7561 MB)
@  1842s  (total 11 workers using 7536 MB)
@  1858s  (total 11 workers using 7548 MB)
@  1872s  (total 11 workers using 7618 MB)
@  1887s  (total 11 workers using 7699 MB)
@  1901s  (total 11 workers using 7762 MB)
@  1916s  (total 11 workers using 7826 MB)
@  1929s  (total 11 workers using 7662 MB)
@  1944s  (total 11 workers using 7728 MB)
@  1957s  (total 11 workers using 7805 MB)
@  1972s  (total 11 workers using 7865 MB)
@  1985s  (total 11 workers using 7853 MB)
@  2000s  (total 11 workers using 7883 MB)
@  2014s  (total 11 workers using 7956 MB)
@  2029s  (total 11 workers using 8028 MB)
@  2041s  (total 11 workers using 8103 MB)
@  2055s  (total 11 workers using 8137 MB)
@  2069s  (total 11 workers using 8115 MB)
@  2085s  (total 11 workers using 8125 MB)
@  2098s  (total 11 workers using 8178 MB)
@  2112s  (total 11 workers using 8268 MB)
@  2126s  (total 11 workers using 8310 MB)
@  2141s  (total 11 workers using 8320 MB)
@  2154s  (total 11 workers using 8327 MB)
@  2170s  (total 11 workers using 8346 MB)
@  2189s  (total 11 workers using 8378 MB)
@  2212s  (total 11 workers using 8386 MB)
@  2230s  (total 11 workers using 8408 MB)
@  2248s  (total 11 workers using 8435 MB)
@  2262s  (total 11 workers using 8452 MB)
@  2287s  (total 11 workers using 8514 MB)
@  2302s  (total 11 workers using 8533 MB)
@  2318s  (total 11 workers using 8558 MB)
@  2332s  (total 11 workers using 8598 MB)
@  2346s  (total 11 workers using 8629 MB)
@  2361s  (total 11 workers using 8689 MB)
@  2378s  (total 11 workers using 8690 MB)
@  2394s  (total 11 workers using 8716 MB)
@  2410s  (total 11 workers using 8701 MB)
@  2423s  (total 11 workers using 8776 MB)
@  2438s  (total 11 workers using 8793 MB)
@  2452s  (total 11 workers using 8836 MB)
@  2466s  (total 11 workers using 8898 MB)
@  2480s  (total 11 workers using 8921 MB)
@  2495s  (total 11 workers using 8963 MB)
@  2509s  (total 11 workers using 8997 MB)
@  2524s  (total 11 workers using 9037 MB)
@  2537s  (total 11 workers using 9075 MB)
@  2551s  (total 11 workers using 9110 MB)
@  2565s  (total 11 workers using 9159 MB)
@  2580s  (total 11 workers using 9170 MB)
@  2593s  (total 11 workers using 9224 MB)
@  2608s  (total 11 workers using 9266 MB)
@  2621s  (total 11 workers using 9294 MB)
@  2636s  (total 11 workers using 9321 MB)
@  2650s  (total 11 workers using 9336 MB)
@  2666s  (total 11 workers using 9370 MB)
@  2679s  (total 11 workers using 9410 MB)
@  2693s  (total 11 workers using 9443 MB)
@  2707s  (total 11 workers using 9557 MB)
@  2721s  (total 11 workers using 9557 MB)
@  2735s  (total 11 workers using 9583 MB)
@  2750s  (total 11 workers using 9610 MB)
@  2763s  (total 11 workers using 9645 MB)
@  2778s  (total 11 workers using 9686 MB)
@  2792s  (total 11 workers using 9705 MB)
@  2806s  (total 11 workers using 9736 MB)
@  2820s  (total 11 workers using 9756 MB)
@  2835s  (total 11 workers using 9780 MB)
@  2847s  (total 11 workers using 9796 MB)
@  2862s  (total 11 workers using 9832 MB)
@  2876s  (total 11 workers using 9819 MB)
@  2891s  (total 11 workers using 9851 MB)
@  2905s  (total 11 workers using 9892 MB)
@  2920s  (total 11 workers using 9957 MB)
@  2933s  (total 11 workers using 9971 MB)
@  2949s  (total 11 workers using 10018 MB)
@  2962s  (total 11 workers using 10050 MB)
@  2977s  (total 11 workers using 10083 MB)
@  2990s  (total 11 workers using 10109 MB)
@  3003s  (total 11 workers using 10152 MB)
@  3016s  (total 11 workers using 10205 MB)
@  3031s  (total 11 workers using 10255 MB)
@  3045s  (total 11 workers using 10303 MB)
@  3060s  (total 11 workers using 10356 MB)
@  3074s  (total 11 workers using 10403 MB)
@  3089s  (total 11 workers using 10430 MB)
@  3103s  (total 11 workers using 10469 MB)
@  3118s  (total 11 workers using 10529 MB)
@  3131s  (total 11 workers using 10540 MB)
@  3146s  (total 11 workers using 10630 MB)
@  3159s  (total 11 workers using 10661 MB)
@  3174s  (total 11 workers using 10709 MB)
@  3188s  (total 11 workers using 10777 MB)
@  3202s  (total 11 workers using 10754 MB)
@  3216s  (total 11 workers using 10786 MB)
@  3231s  (total 11 workers using 10810 MB)
@  3244s  (total 11 workers using 10822 MB)
@  3259s  (total 11 workers using 10842 MB)
@  3272s  (total 11 workers using 10865 MB)
@  3287s  (total 11 workers using 10912 MB)
@  3300s  (total 11 workers using 10967 MB)
@  3315s  (total 11 workers using 11001 MB)
@  3328s  (total 11 workers using 11060 MB)
@  3343s  (total 11 workers using 11096 MB)
@  3356s  (total 11 workers using 11151 MB)
@  3370s  (total 11 workers using 11271 MB)
@  3383s  (total 11 workers using 11231 MB)
@  3397s  (total 11 workers using 11250 MB)
@  3409s  (total 11 workers using 11265 MB)
@  3424s  (total 11 workers using 11289 MB)
@  3437s  (total 11 workers using 11322 MB)
@  3452s  (total 11 workers using 11455 MB)
@  3465s  (total 11 workers using 11360 MB)
@  3480s  (total 11 workers using 11370 MB)
@  3493s  (total 11 workers using 11385 MB)
@  3508s  (total 11 workers using 11402 MB)
@  3521s  (total 11 workers using 11415 MB)
@  3536s  (total 11 workers using 11452 MB)
@  3549s  (total 11 workers using 11466 MB)
@  3564s  (total 11 workers using 11493 MB)
@  3574s  (stopping all workers)
@  3574s  (worker 0 finished with result unknown) python3 avr.py -a sa
@  3574s  (worker 2 finished with result unknown) python3 avr.py
@  3574s  (worker 4 finished with result unknown) python3 avr.py -b bin_y2 --bmc
@  3574s  (worker 6 finished with result unknown) python3 avr.py -a sa --interpol 1 -f 1
@  3574s  (worker 8 finished with result unknown) python3 avr.py -l 5 -g 3 -a sa8 --interpol 1 -f 1
@  3574s  (worker 10 finished with result unknown) python3 avr.py --bmc
@  3575s  (worker 1 finished with result unknown) python3 avr.py -b bin_bt_cadical -s --bmc
@  3575s  (worker 5 finished with result unknown) python3 avr.py -b bin_bt_cadical -g 3 -l 0 -a sa32
@  3575s  (worker 9 finished with result unknown) python3 avr.py -b bin_y2 -s -a sa4 --interpol 1 -f 1
@  3575s  (worker 3 finished with result unknown) python3 avr.py -b bin_y2 -s
@  3575s  (worker 7 finished with result unknown) python3 avr.py -s -l 0
@  3575s  (copied results from worker 0 in /scratch/network/hongcez/hwmcc/avr-log/btor2/bv/wolf/2019A/pr_picorv32_mutBX_nomem-p0)
@  3575s  [0;30;47m(proof race finished with answer unknown in 3574.85 seconds)[m
