	(output dir: /scratch/network/hongcez/hwmcc/avr-log/btor2/bv/goel/opensource/vis_arrays_two_p1/pr_vis_arrays_two_p1/work_w1)
	(frontend: btor2)
	(property: all (1 assertions))
	(30 / 30 flops initialized)
	(abstraction: sa+uf)
	(bmc: safe till step 0)
	(bmc: safe till step 10)
	(bmc: safe till step 20)
	(bmc: found cex at step 29)
   0	: 0	: 0 s: 0    7s                  

AVR -- Proof Race 
copyright (c) 2019  Aman Goel and Karem Sakallah, University of Michigan
@     0s  (starting avr proof race)
@     0s  (output dir: /scratch/network/hongcez/hwmcc/avr-log/btor2/bv/goel/opensource/vis_arrays_two_p1/pr_vis_arrays_two_p1)
@     0s  (max 11 workers)
@     0s  (started worker 0 with pid 87669)
@     0s  (started worker 1 with pid 87670)
@     0s  (started worker 2 with pid 87671)
@     0s  (started worker 3 with pid 87672)
@     0s  (started worker 4 with pid 87673)
@     0s  (spawned 5 workers)
@     0s  (total 5 workers using 0 MB)
@     1s  (started worker 5 with pid 87798)
@     1s  (spawned 1 workers)
@     1s  (total 6 workers using 101 MB)
@     2s  (started worker 6 with pid 87838)
@     2s  (spawned 1 workers)
@     2s  (total 7 workers using 133 MB)
@     3s  (started worker 7 with pid 87882)
@     3s  (spawned 1 workers)
@     3s  (total 8 workers using 163 MB)
@     5s  (started worker 8 with pid 87940)
@     5s  (spawned 1 workers)
@     5s  (total 9 workers using 250 MB)
@     8s  (started worker 9 with pid 88002)
@     8s  (spawned 1 workers)
@     8s  (total 10 workers using 330 MB)
@     9s  (worker 1 finished with result unsafe) python3 avr.py -b bin_bt_cadical -s --bmc
@     9s  (worker 1 output)
@     9s  (stopping all workers)
@     9s  (copied results from worker 1 in /scratch/network/hongcez/hwmcc/avr-log/btor2/bv/goel/opensource/vis_arrays_two_p1/pr_vis_arrays_two_p1)
@     9s  [0;30;47m(proof race finished with answer unsafe in 9.01 seconds)[m
