	(output dir: /scratch/network/hongcez/hwmcc/avr-log/btor2/bv/wolf/2018D/pr_picorv32-check-p17/work_w3)
	(frontend: btor2)
	(property: all (1 assertions))
	(18 / 1878 flops initialized)
	(abstraction: sa+uf)
   0	: 0	: 0 s: 0    0s                  
   0	: 1	: 0 0 s: 0    0s                     0	: 1	: 0 1 s: 1    0s                     0	: 1	: 0 1 s: 1    0s                  
   0	: 2	: 0 1 0 s: 1    0s                     0	: 2	: 0 1 1 s: 2    0s                     0	: 2	: 0 1 1 s: 2    0s                  
   0	: 3	: 0 1 1 0 s: 2    0s                     0	: 3	: 0 1 2 1 s: 4    0s                     0	: 3	: 0 1 2 1 s: 4    0s                  
   0	: 4	: 0 1 2 1 0 s: 4    0s                     0	: 4	: 0 1 2 1 1 s: 5    0s                     0	: 4	: 0 1 2 1 1 s: 5    0s                  
   0	: 4	: 0 1 2 0 2 s: 5    0s                  

AVR -- Proof Race 
copyright (c) 2019  Aman Goel and Karem Sakallah, University of Michigan
@     0s  (starting avr proof race)
@     0s  (output dir: /scratch/network/hongcez/hwmcc/avr-log/btor2/bv/wolf/2018D/pr_picorv32-check-p17)
@     0s  (max 11 workers)
@     0s  (started worker 0 with pid 146697)
@     0s  (started worker 1 with pid 146698)
@     0s  (started worker 2 with pid 146699)
@     0s  (started worker 3 with pid 146700)
@     0s  (started worker 4 with pid 146701)
@     0s  (spawned 5 workers)
@     0s  (total 5 workers using 0 MB)
@     0s  (worker 3 finished with result safe) python3 avr.py -b bin_y2 -s
@     0s  (worker 3 output)
@     0s  (stopping all workers)
@     0s  (copied results from worker 3 in /scratch/network/hongcez/hwmcc/avr-log/btor2/bv/wolf/2018D/pr_picorv32-check-p17)
@     0s  [0;30;47m(proof race finished with answer safe in 0.21 seconds)[m
