AVR -- Proof Race 
copyright (c) 2019  Aman Goel and Karem Sakallah, University of Michigan
@     0s  (starting avr proof race)
@     0s  (output dir: /scratch/network/hongcez/hwmcc/avr-log/btor2/bv/wolf/2018D/pr_picorv32-pcregs-p2)
@     0s  (max 11 workers)
@     0s  (started worker 0 with pid 151214)
@     0s  (started worker 1 with pid 151215)
@     0s  (started worker 2 with pid 151216)
@     0s  (started worker 3 with pid 151217)
@     0s  (started worker 4 with pid 151218)
@     0s  (spawned 5 workers)
@     0s  (total 5 workers using 0 MB)
@     1s  (started worker 5 with pid 151333)
@     1s  (spawned 1 workers)
@     1s  (total 6 workers using 342 MB)
@     2s  (started worker 6 with pid 151383)
@     2s  (spawned 1 workers)
@     2s  (total 7 workers using 498 MB)
@     3s  (started worker 7 with pid 151437)
@     3s  (spawned 1 workers)
@     3s  (total 8 workers using 533 MB)
@     6s  (started worker 8 with pid 151494)
@     6s  (spawned 1 workers)
@     6s  (total 9 workers using 625 MB)
@    10s  (started worker 9 with pid 151584)
@    10s  (spawned 1 workers)
@    10s  (total 10 workers using 854 MB)
@    13s  (started worker 10 with pid 151654)
@    13s  (spawned 1 workers)
@    13s  (total 11 workers using 944 MB)
@    26s  (total 11 workers using 1366 MB)
@    43s  (total 11 workers using 1706 MB)
@    59s  (total 11 workers using 1931 MB)
@    74s  (total 11 workers using 2141 MB)
@    88s  (total 11 workers using 2326 MB)
@   104s  (total 11 workers using 2438 MB)
@   118s  (total 11 workers using 2562 MB)
@   132s  (total 11 workers using 2720 MB)
@   146s  (total 11 workers using 2825 MB)
@   160s  (total 11 workers using 3038 MB)
@   173s  (total 11 workers using 3087 MB)
@   188s  (total 11 workers using 3299 MB)
@   201s  (total 11 workers using 3333 MB)
@   216s  (total 11 workers using 3372 MB)
@   229s  (total 11 workers using 3421 MB)
@   243s  (total 11 workers using 3568 MB)
@   257s  (total 11 workers using 3713 MB)
@   271s  (total 11 workers using 3761 MB)
@   285s  (total 11 workers using 3929 MB)
@   299s  (total 11 workers using 3963 MB)
@   313s  (total 11 workers using 4033 MB)
@   328s  (total 11 workers using 4104 MB)
@   341s  (total 11 workers using 4166 MB)
@   356s  (total 11 workers using 4393 MB)
@   369s  (total 11 workers using 4458 MB)
@   384s  (total 11 workers using 4655 MB)
@   397s  (total 11 workers using 4778 MB)
@   412s  (total 11 workers using 4985 MB)
@   425s  (total 11 workers using 5070 MB)
@   440s  (total 11 workers using 5171 MB)
@   453s  (total 11 workers using 5192 MB)
@   468s  (total 11 workers using 5374 MB)
@   481s  (total 11 workers using 5444 MB)
@   495s  (total 11 workers using 5510 MB)
@   509s  (total 11 workers using 5565 MB)
@   523s  (total 11 workers using 5642 MB)
@   537s  (total 11 workers using 5652 MB)
@   552s  (total 11 workers using 5746 MB)
@   565s  (total 11 workers using 5797 MB)
@   579s  (total 11 workers using 5854 MB)
@   593s  (total 11 workers using 5930 MB)
@   607s  (total 11 workers using 6210 MB)
@   621s  (total 11 workers using 6269 MB)
@   635s  (total 11 workers using 6323 MB)
@   649s  (total 11 workers using 6446 MB)
@   663s  (total 11 workers using 6513 MB)
@   677s  (total 11 workers using 6536 MB)
@   691s  (total 11 workers using 6843 MB)
@   705s  (total 11 workers using 6872 MB)
@   719s  (total 11 workers using 6969 MB)
@   732s  (total 11 workers using 6922 MB)
@   747s  (total 11 workers using 6984 MB)
@   760s  (total 11 workers using 7099 MB)
@   775s  (total 11 workers using 7227 MB)
@   788s  (total 11 workers using 7283 MB)
@   803s  (total 11 workers using 7343 MB)
@   816s  (total 11 workers using 7412 MB)
@   831s  (total 11 workers using 7495 MB)
@   844s  (total 11 workers using 7543 MB)
@   858s  (total 11 workers using 7600 MB)
@   872s  (total 11 workers using 7664 MB)
@   887s  (total 11 workers using 7717 MB)
@   900s  (total 11 workers using 7901 MB)
@   914s  (total 11 workers using 7929 MB)
@   928s  (total 11 workers using 7954 MB)
@   942s  (total 11 workers using 8027 MB)
@   956s  (total 11 workers using 8092 MB)
@   970s  (total 11 workers using 8163 MB)
@   984s  (total 11 workers using 8292 MB)
@   999s  (total 11 workers using 8365 MB)
@  1012s  (total 11 workers using 8396 MB)
@  1026s  (total 11 workers using 8454 MB)
@  1040s  (total 11 workers using 8491 MB)
@  1055s  (total 11 workers using 8541 MB)
@  1068s  (total 11 workers using 8593 MB)
@  1082s  (total 11 workers using 8590 MB)
@  1096s  (total 11 workers using 8651 MB)
@  1111s  (total 11 workers using 8741 MB)
@  1124s  (total 11 workers using 8815 MB)
@  1139s  (total 11 workers using 8863 MB)
@  1152s  (total 11 workers using 8926 MB)
@  1167s  (total 11 workers using 9027 MB)
@  1180s  (total 11 workers using 9075 MB)
@  1195s  (total 11 workers using 9153 MB)
@  1208s  (total 11 workers using 9200 MB)
@  1223s  (total 11 workers using 9244 MB)
@  1237s  (total 11 workers using 9308 MB)
@  1251s  (total 11 workers using 9367 MB)
@  1266s  (total 11 workers using 9441 MB)
@  1282s  (total 11 workers using 9521 MB)
@  1297s  (total 11 workers using 9572 MB)
@  1313s  (total 11 workers using 9633 MB)
@  1327s  (total 11 workers using 9639 MB)
@  1342s  (total 11 workers using 9695 MB)
@  1355s  (total 11 workers using 9755 MB)
@  1369s  (total 11 workers using 9856 MB)
@  1383s  (total 11 workers using 9911 MB)
@  1397s  (total 11 workers using 9964 MB)
@  1411s  (total 11 workers using 10031 MB)
@  1425s  (total 11 workers using 10089 MB)
@  1439s  (total 11 workers using 10167 MB)
@  1453s  (total 11 workers using 10237 MB)
@  1467s  (total 11 workers using 10278 MB)
@  1481s  (total 11 workers using 10346 MB)
@  1495s  (total 11 workers using 10392 MB)
@  1509s  (total 11 workers using 10348 MB)
@  1523s  (total 11 workers using 10420 MB)
@  1534s  (worker 9 finished with result unknown) python3 avr.py -b bin_y2 -s -a sa4 --interpol 1 -f 1
@  1538s  (total 10 workers using 9045 MB)
@  1551s  (total 10 workers using 9081 MB)
@  1565s  (total 10 workers using 9129 MB)
@  1579s  (total 10 workers using 9194 MB)
@  1593s  (total 10 workers using 9244 MB)
@  1606s  (total 10 workers using 9292 MB)
@  1620s  (total 10 workers using 9322 MB)
@  1633s  (total 10 workers using 9352 MB)
@  1648s  (total 10 workers using 9437 MB)
@  1661s  (total 10 workers using 9518 MB)
@  1675s  (total 10 workers using 9606 MB)
@  1688s  (total 10 workers using 9660 MB)
@  1702s  (total 10 workers using 9689 MB)
@  1716s  (total 10 workers using 9721 MB)
@  1730s  (total 10 workers using 9750 MB)
@  1743s  (total 10 workers using 9765 MB)
@  1757s  (total 10 workers using 9814 MB)
@  1770s  (total 10 workers using 9904 MB)
@  1785s  (total 10 workers using 9836 MB)
@  1798s  (total 10 workers using 9879 MB)
@  1812s  (total 10 workers using 9973 MB)
@  1826s  (total 10 workers using 10001 MB)
@  1840s  (total 10 workers using 10034 MB)
@  1853s  (total 10 workers using 10043 MB)
@  1867s  (total 10 workers using 10064 MB)
@  1881s  (total 10 workers using 10075 MB)
@  1895s  (total 10 workers using 10095 MB)
@  1908s  (total 10 workers using 10126 MB)
@  1922s  (total 10 workers using 10139 MB)
@  1935s  (total 10 workers using 10116 MB)
@  1950s  (total 10 workers using 10169 MB)
@  1963s  (total 10 workers using 10228 MB)
@  1977s  (total 10 workers using 10295 MB)
@  1991s  (total 10 workers using 10282 MB)
@  2005s  (total 10 workers using 10324 MB)
@  2018s  (total 10 workers using 10338 MB)
@  2033s  (total 10 workers using 10384 MB)
@  2046s  (total 10 workers using 10476 MB)
@  2060s  (total 10 workers using 10441 MB)
@  2074s  (total 10 workers using 10470 MB)
@  2088s  (total 10 workers using 10501 MB)
@  2101s  (total 10 workers using 10523 MB)
@  2115s  (total 10 workers using 10551 MB)
@  2128s  (total 10 workers using 10591 MB)
@  2143s  (total 10 workers using 10631 MB)
@  2156s  (total 10 workers using 10666 MB)
@  2170s  (total 10 workers using 10686 MB)
@  2184s  (total 10 workers using 10719 MB)
@  2198s  (total 10 workers using 10757 MB)
@  2211s  (total 10 workers using 10777 MB)
@  2226s  (total 10 workers using 10804 MB)
@  2239s  (total 10 workers using 10799 MB)
@  2253s  (total 10 workers using 10831 MB)
@  2266s  (total 10 workers using 10895 MB)
@  2281s  (total 10 workers using 10917 MB)
@  2294s  (total 10 workers using 10952 MB)
@  2308s  (total 10 workers using 10978 MB)
@  2321s  (total 10 workers using 10998 MB)
@  2336s  (total 10 workers using 11056 MB)
@  2349s  (total 10 workers using 11108 MB)
@  2363s  (total 10 workers using 11145 MB)
@  2376s  (total 10 workers using 11184 MB)
@  2391s  (total 10 workers using 11211 MB)
@  2404s  (total 10 workers using 11251 MB)
@  2418s  (total 10 workers using 11268 MB)
@  2431s  (total 10 workers using 11280 MB)
@  2445s  (total 10 workers using 11367 MB)
@  2459s  (total 10 workers using 11362 MB)
@  2473s  (total 10 workers using 11425 MB)
@  2486s  (total 10 workers using 11454 MB)
@  2501s  (total 10 workers using 11499 MB)
@  2514s  (total 10 workers using 11520 MB)
@  2528s  (total 10 workers using 11534 MB)
@  2542s  (total 10 workers using 11555 MB)
@  2557s  (total 10 workers using 11584 MB)
@  2570s  (total 10 workers using 11633 MB)
@  2584s  (total 10 workers using 11667 MB)
@  2597s  (total 10 workers using 11710 MB)
@  2611s  (total 10 workers using 11729 MB)
@  2625s  (total 10 workers using 11749 MB)
@  2639s  (total 10 workers using 11822 MB)
@  2652s  (total 10 workers using 11845 MB)
@  2666s  (total 10 workers using 11895 MB)
@  2680s  (total 10 workers using 11922 MB)
@  2694s  (total 10 workers using 11966 MB)
@  2707s  (total 10 workers using 11997 MB)
@  2722s  (total 10 workers using 12025 MB)
@  2735s  (total 10 workers using 12059 MB)
@  2749s  (total 10 workers using 12081 MB)
@  2762s  (total 10 workers using 12116 MB)
@  2777s  (total 10 workers using 12142 MB)
@  2790s  (total 10 workers using 12179 MB)
@  2804s  (total 10 workers using 12212 MB)
@  2817s  (total 10 workers using 12224 MB)
@  2832s  (total 10 workers using 12249 MB)
@  2845s  (total 10 workers using 12374 MB)
@  2860s  (total 10 workers using 12368 MB)
@  2873s  (total 10 workers using 12428 MB)
@  2888s  (total 10 workers using 12483 MB)
@  2901s  (total 10 workers using 12515 MB)
@  2915s  (total 10 workers using 12559 MB)
@  2928s  (total 10 workers using 12650 MB)
@  2942s  (total 10 workers using 12602 MB)
@  2955s  (total 10 workers using 12636 MB)
@  2969s  (total 10 workers using 12660 MB)
@  2984s  (total 10 workers using 12712 MB)
@  2997s  (total 10 workers using 12766 MB)
@  3010s  (total 10 workers using 12900 MB)
@  3025s  (total 10 workers using 12917 MB)
@  3037s  (total 10 workers using 12928 MB)
@  3052s  (total 10 workers using 12976 MB)
@  3064s  (total 10 workers using 12986 MB)
@  3078s  (total 10 workers using 12994 MB)
@  3091s  (total 10 workers using 13000 MB)
@  3105s  (total 10 workers using 13073 MB)
@  3122s  (total 10 workers using 13077 MB)
@  3138s  (total 10 workers using 13150 MB)
@  3151s  (total 10 workers using 13267 MB)
@  3167s  (total 10 workers using 13312 MB)
@  3180s  (total 10 workers using 13326 MB)
@  3194s  (total 10 workers using 13357 MB)
@  3207s  (total 10 workers using 13389 MB)
@  3221s  (total 10 workers using 13430 MB)
@  3233s  (total 10 workers using 13453 MB)
@  3247s  (total 10 workers using 13470 MB)
@  3260s  (total 10 workers using 13488 MB)
@  3274s  (total 10 workers using 13548 MB)
@  3287s  (total 10 workers using 13565 MB)
@  3301s  (total 10 workers using 13606 MB)
@  3314s  (total 10 workers using 13618 MB)
@  3328s  (total 10 workers using 13620 MB)
@  3342s  (total 10 workers using 13658 MB)
@  3356s  (total 10 workers using 13695 MB)
@  3369s  (total 10 workers using 13741 MB)
@  3383s  (total 10 workers using 13733 MB)
@  3395s  (total 10 workers using 13796 MB)
@  3409s  (total 10 workers using 13778 MB)
@  3422s  (total 10 workers using 13819 MB)
@  3436s  (total 10 workers using 13847 MB)
@  3449s  (total 10 workers using 13861 MB)
@  3463s  (total 10 workers using 13932 MB)
@  3476s  (total 10 workers using 13973 MB)
@  3490s  (total 10 workers using 13995 MB)
@  3503s  (total 10 workers using 14032 MB)
@  3517s  (total 10 workers using 14061 MB)
@  3530s  (total 10 workers using 14121 MB)
@  3544s  (total 10 workers using 14143 MB)
@  3556s  (total 10 workers using 14225 MB)
@  3571s  (total 10 workers using 14256 MB)
@  3575s  (stopping all workers)
@  3576s  (worker 0 finished with result unknown) python3 avr.py -a sa
@  3576s  (worker 2 finished with result unknown) python3 avr.py
@  3576s  (worker 4 finished with result unknown) python3 avr.py -b bin_y2 --bmc
@  3576s  (worker 6 finished with result unknown) python3 avr.py -a sa --interpol 1 -f 1
@  3576s  (worker 8 finished with result unknown) python3 avr.py -l 5 -g 3 -a sa8 --interpol 1 -f 1
@  3576s  (worker 1 finished with result unknown) python3 avr.py -b bin_bt_cadical -s --bmc
@  3576s  (worker 5 finished with result unknown) python3 avr.py -b bin_bt_cadical -g 3 -l 0 -a sa32
@  3576s  (worker 10 finished with result unknown) python3 avr.py --bmc
@  3576s  (worker 3 finished with result unknown) python3 avr.py -b bin_y2 -s
@  3576s  (worker 7 finished with result unknown) python3 avr.py -s -l 0
@  3576s  (copied results from worker 0 in /scratch/network/hongcez/hwmcc/avr-log/btor2/bv/wolf/2018D/pr_picorv32-pcregs-p2)
@  3576s  [0;30;47m(proof race finished with answer unknown in 3576.09 seconds)[m
