	(output dir: /scratch/network/hongcez/hwmcc/avr-log/btor2/bv/wolf/2018D/pr_ponylink-slaveTXlen-sat/work_w4)
	(frontend: btor2)
	(property: all (1 assertions))
	(246 / 2868 flops initialized)
	(abstraction: sa+uf)
	(bmc: safe till step 0)
	(bmc: safe till step 10)
	(bmc: safe till step 20)
	(bmc: safe till step 30)
	(bmc: safe till step 40)
	(bmc: safe till step 50)
	(bmc: safe till step 60)
	(bmc: safe till step 70)
	(bmc: safe till step 80)
	(bmc: safe till step 90)
	(bmc: safe till step 100)
	(bmc: safe till step 110)
	(bmc: safe till step 120)
	(bmc: safe till step 130)
	(bmc: safe till step 140)
	(bmc: safe till step 150)
	(bmc: safe till step 160)
	(bmc: safe till step 170)
	(bmc: safe till step 180)
	(bmc: safe till step 190)
	(bmc: safe till step 200)
	(bmc: safe till step 210)
	(bmc: safe till step 220)
	(bmc: found cex at step 229)
   0	: 0	: 0 s: 0    413s                  

AVR -- Proof Race 
copyright (c) 2019  Aman Goel and Karem Sakallah, University of Michigan
@     0s  (starting avr proof race)
@     0s  (output dir: /scratch/network/hongcez/hwmcc/avr-log/btor2/bv/wolf/2018D/pr_ponylink-slaveTXlen-sat)
@     0s  (max 11 workers)
@     0s  (started worker 0 with pid 147888)
@     0s  (started worker 1 with pid 147889)
@     0s  (started worker 2 with pid 147890)
@     0s  (started worker 3 with pid 147891)
@     0s  (started worker 4 with pid 147892)
@     0s  (spawned 5 workers)
@     0s  (total 5 workers using 0 MB)
@     1s  (started worker 5 with pid 148010)
@     1s  (spawned 1 workers)
@     1s  (total 6 workers using 567 MB)
@     2s  (started worker 6 with pid 148060)
@     2s  (spawned 1 workers)
@     2s  (total 7 workers using 1110 MB)
@     4s  (started worker 7 with pid 148104)
@     4s  (spawned 1 workers)
@     4s  (total 8 workers using 1659 MB)
@     6s  (started worker 8 with pid 148171)
@     6s  (spawned 1 workers)
@     6s  (total 9 workers using 2446 MB)
@    12s  (started worker 9 with pid 148269)
@    12s  (spawned 1 workers)
@    12s  (total 10 workers using 4386 MB)
@    18s  (started worker 10 with pid 148358)
@    18s  (spawned 1 workers)
@    18s  (total 11 workers using 5038 MB)
@    32s  (total 11 workers using 6204 MB)
@    51s  (total 11 workers using 7262 MB)
@    69s  (total 11 workers using 8124 MB)
@    85s  (total 11 workers using 9694 MB)
@   101s  (total 11 workers using 11441 MB)
@   117s  (total 11 workers using 12205 MB)
@   131s  (total 11 workers using 12312 MB)
@   147s  (total 11 workers using 13211 MB)
@   161s  (total 11 workers using 13694 MB)
@   175s  (total 11 workers using 14700 MB)
@   189s  (total 11 workers using 16141 MB)
@   203s  (total 11 workers using 17582 MB)
@   216s  (total 11 workers using 17858 MB)
@   232s  (total 11 workers using 19676 MB)
@   246s  (total 11 workers using 20509 MB)
@   262s  (total 11 workers using 23858 MB)
@   276s  (total 11 workers using 23059 MB)
@   292s  (total 11 workers using 22961 MB)
@   306s  (total 11 workers using 23126 MB)
@   322s  (total 11 workers using 23530 MB)
@   336s  (total 11 workers using 23585 MB)
@   352s  (total 11 workers using 24080 MB)
@   365s  (total 11 workers using 24332 MB)
@   380s  (total 11 workers using 24539 MB)
@   394s  (total 11 workers using 25480 MB)
@   410s  (total 11 workers using 26721 MB)
@   424s  (total 11 workers using 27187 MB)
@   439s  (total 11 workers using 27116 MB)
@   454s  (total 11 workers using 27626 MB)
@   470s  (total 11 workers using 27813 MB)
@   484s  (total 11 workers using 28034 MB)
@   499s  (total 11 workers using 28193 MB)
@   513s  (total 11 workers using 28365 MB)
@   528s  (total 11 workers using 28605 MB)
@   543s  (total 11 workers using 28954 MB)
@   558s  (total 11 workers using 29013 MB)
@   572s  (total 11 workers using 29173 MB)
@   588s  (total 11 workers using 29499 MB)
@   601s  (total 11 workers using 29766 MB)
@   616s  (total 11 workers using 29869 MB)
@   629s  (total 11 workers using 30655 MB)
@   644s  (total 11 workers using 31044 MB)
@   657s  (total 11 workers using 30840 MB)
@   672s  (total 11 workers using 31125 MB)
@   686s  (total 11 workers using 31336 MB)
@   700s  (total 11 workers using 31338 MB)
@   713s  (total 11 workers using 31628 MB)
@   728s  (total 11 workers using 31792 MB)
@   742s  (total 11 workers using 32111 MB)
@   757s  (total 11 workers using 32153 MB)
@   770s  (total 11 workers using 32669 MB)
@   774s  (worker 4 finished with result unsafe) python3 avr.py -b bin_y2 --bmc
@   774s  (worker 4 output)
@   774s  (stopping all workers)
@   774s  (copied results from worker 4 in /scratch/network/hongcez/hwmcc/avr-log/btor2/bv/wolf/2018D/pr_ponylink-slaveTXlen-sat)
@   774s  [0;30;47m(proof race finished with answer unsafe in 774.26 seconds)[m
