AVR -- Proof Race 
copyright (c) 2019  Aman Goel and Karem Sakallah, University of Michigan
@     0s  (starting avr proof race)
@     0s  (output dir: /scratch/network/hongcez/hwmcc/avr-log/btor2/bv/wolf/2018D/pr_zipcpu-busdelay-p24)
@     0s  (max 11 workers)
@     0s  (started worker 0 with pid 230155)
@     0s  (started worker 1 with pid 230156)
@     0s  (started worker 2 with pid 230157)
@     0s  (started worker 3 with pid 230158)
@     0s  (started worker 4 with pid 230159)
@     0s  (spawned 5 workers)
@     0s  (total 5 workers using 0 MB)
@     1s  (started worker 5 with pid 230273)
@     1s  (spawned 1 workers)
@     1s  (total 6 workers using 140 MB)
@     2s  (started worker 6 with pid 230313)
@     2s  (spawned 1 workers)
@     2s  (total 7 workers using 224 MB)
@     3s  (started worker 7 with pid 230357)
@     3s  (spawned 1 workers)
@     3s  (total 8 workers using 322 MB)
@     5s  (started worker 8 with pid 230404)
@     5s  (spawned 1 workers)
@     5s  (total 9 workers using 455 MB)
@     9s  (started worker 9 with pid 230463)
@     9s  (spawned 1 workers)
@     9s  (total 10 workers using 626 MB)
@    12s  (started worker 10 with pid 230514)
@    12s  (spawned 1 workers)
@    12s  (total 11 workers using 753 MB)
@    25s  (total 11 workers using 1194 MB)
@    42s  (total 11 workers using 1630 MB)
@    59s  (total 11 workers using 2166 MB)
@    73s  (total 11 workers using 2472 MB)
@    87s  (total 11 workers using 2810 MB)
@   103s  (total 11 workers using 3216 MB)
@   116s  (total 11 workers using 3507 MB)
@   131s  (total 11 workers using 3817 MB)
@   145s  (total 11 workers using 4044 MB)
@   159s  (total 11 workers using 4460 MB)
@   172s  (total 11 workers using 4741 MB)
@   187s  (total 11 workers using 5129 MB)
@   201s  (total 11 workers using 5424 MB)
@   215s  (total 11 workers using 5703 MB)
@   229s  (total 11 workers using 5914 MB)
@   244s  (total 11 workers using 6210 MB)
@   257s  (total 11 workers using 6474 MB)
@   272s  (total 11 workers using 6847 MB)
@   285s  (total 11 workers using 6925 MB)
@   300s  (total 11 workers using 7201 MB)
@   313s  (total 11 workers using 7423 MB)
@   328s  (total 11 workers using 7669 MB)
@   341s  (total 11 workers using 7888 MB)
@   356s  (total 11 workers using 8111 MB)
@   370s  (total 11 workers using 8313 MB)
@   384s  (total 11 workers using 8551 MB)
@   397s  (total 11 workers using 8779 MB)
@   411s  (total 11 workers using 8981 MB)
@   425s  (total 11 workers using 9200 MB)
@   440s  (total 11 workers using 9508 MB)
@   453s  (total 11 workers using 9824 MB)
@   468s  (total 11 workers using 10149 MB)
@   482s  (total 11 workers using 10317 MB)
@   497s  (total 11 workers using 10597 MB)
@   511s  (total 11 workers using 10763 MB)
@   526s  (total 11 workers using 10861 MB)
@   539s  (total 11 workers using 11001 MB)
@   554s  (total 11 workers using 11191 MB)
@   567s  (total 11 workers using 11414 MB)
@   582s  (total 11 workers using 11579 MB)
@   596s  (total 11 workers using 11839 MB)
@   611s  (total 11 workers using 12005 MB)
@   624s  (total 11 workers using 12188 MB)
@   639s  (total 11 workers using 12385 MB)
@   653s  (total 11 workers using 12551 MB)
@   666s  (total 11 workers using 12738 MB)
@   677s  (total 11 workers using 12834 MB)
@   689s  (total 11 workers using 12993 MB)
@   701s  (total 11 workers using 13139 MB)
@   712s  (total 11 workers using 13287 MB)
@   724s  (total 11 workers using 13428 MB)
@   736s  (total 11 workers using 13605 MB)
@   747s  (total 11 workers using 13719 MB)
@   759s  (total 11 workers using 13863 MB)
@   770s  (total 11 workers using 14019 MB)
@   782s  (total 11 workers using 14271 MB)
@   794s  (total 11 workers using 14416 MB)
@   805s  (total 11 workers using 14571 MB)
@   817s  (total 11 workers using 14745 MB)
@   829s  (total 11 workers using 14900 MB)
@   840s  (total 11 workers using 15054 MB)
@   852s  (total 11 workers using 15210 MB)
@   863s  (total 11 workers using 15378 MB)
@   875s  (total 11 workers using 15468 MB)
@   887s  (total 11 workers using 15561 MB)
@   898s  (total 11 workers using 15661 MB)
@   910s  (total 11 workers using 15791 MB)
@   922s  (total 11 workers using 15947 MB)
@   933s  (total 11 workers using 16146 MB)
@   945s  (total 11 workers using 16310 MB)
@   956s  (total 11 workers using 16469 MB)
@   968s  (total 11 workers using 16567 MB)
@   979s  (total 11 workers using 16615 MB)
@   991s  (total 11 workers using 16669 MB)
@  1002s  (total 11 workers using 16731 MB)
@  1013s  (total 11 workers using 16861 MB)
@  1025s  (total 11 workers using 16927 MB)
@  1036s  (total 11 workers using 17033 MB)
@  1047s  (total 11 workers using 17131 MB)
@  1059s  (total 11 workers using 17257 MB)
@  1070s  (total 11 workers using 17304 MB)
@  1082s  (total 11 workers using 17339 MB)
@  1093s  (total 11 workers using 17368 MB)
@  1104s  (total 11 workers using 17407 MB)
@  1116s  (total 11 workers using 17492 MB)
@  1127s  (total 11 workers using 17574 MB)
@  1138s  (total 11 workers using 17618 MB)
@  1150s  (total 11 workers using 17650 MB)
@  1161s  (total 11 workers using 17742 MB)
@  1173s  (total 11 workers using 17795 MB)
@  1184s  (total 11 workers using 17907 MB)
@  1195s  (total 11 workers using 17949 MB)
@  1207s  (total 11 workers using 17989 MB)
@  1218s  (total 11 workers using 18036 MB)
@  1229s  (total 11 workers using 18085 MB)
@  1241s  (total 11 workers using 18147 MB)
@  1252s  (total 11 workers using 18240 MB)
@  1264s  (total 11 workers using 18289 MB)
@  1275s  (total 11 workers using 18335 MB)
@  1286s  (total 11 workers using 18384 MB)
@  1298s  (total 11 workers using 18432 MB)
@  1309s  (total 11 workers using 18511 MB)
@  1320s  (total 11 workers using 18557 MB)
@  1332s  (total 11 workers using 18632 MB)
@  1343s  (total 11 workers using 18735 MB)
@  1355s  (total 11 workers using 18789 MB)
@  1366s  (total 11 workers using 18818 MB)
@  1377s  (total 11 workers using 18837 MB)
@  1389s  (total 11 workers using 18838 MB)
@  1400s  (total 11 workers using 18841 MB)
@  1411s  (total 11 workers using 18864 MB)
@  1423s  (total 11 workers using 18901 MB)
@  1434s  (total 11 workers using 18895 MB)
@  1446s  (total 11 workers using 18961 MB)
@  1457s  (total 11 workers using 19011 MB)
@  1468s  (total 11 workers using 19073 MB)
@  1479s  (total 11 workers using 19114 MB)
@  1491s  (total 11 workers using 19166 MB)
@  1502s  (total 11 workers using 19213 MB)
@  1514s  (total 11 workers using 19255 MB)
@  1525s  (total 11 workers using 19303 MB)
@  1536s  (total 11 workers using 19363 MB)
@  1548s  (total 11 workers using 19359 MB)
@  1559s  (total 11 workers using 19360 MB)
@  1570s  (total 11 workers using 19360 MB)
@  1582s  (total 11 workers using 19362 MB)
@  1593s  (total 11 workers using 19370 MB)
@  1605s  (total 11 workers using 19393 MB)
@  1616s  (total 11 workers using 19438 MB)
@  1627s  (total 11 workers using 19469 MB)
@  1639s  (total 11 workers using 19507 MB)
@  1650s  (total 11 workers using 19523 MB)
@  1661s  (total 11 workers using 19556 MB)
@  1673s  (total 11 workers using 19588 MB)
@  1684s  (total 11 workers using 19625 MB)
@  1696s  (total 11 workers using 19663 MB)
@  1707s  (total 11 workers using 19702 MB)
@  1718s  (total 11 workers using 19742 MB)
@  1730s  (total 11 workers using 19781 MB)
@  1741s  (total 11 workers using 19825 MB)
@  1752s  (total 11 workers using 19870 MB)
@  1764s  (total 11 workers using 19898 MB)
@  1775s  (total 11 workers using 19965 MB)
@  1787s  (total 11 workers using 19966 MB)
@  1798s  (total 11 workers using 19960 MB)
@  1809s  (total 11 workers using 19960 MB)
@  1821s  (total 11 workers using 19967 MB)
@  1832s  (total 11 workers using 19971 MB)
@  1843s  (total 11 workers using 20006 MB)
@  1855s  (total 11 workers using 20050 MB)
@  1866s  (total 11 workers using 20081 MB)
@  1878s  (total 11 workers using 20131 MB)
@  1889s  (total 11 workers using 20163 MB)
@  1900s  (total 11 workers using 20201 MB)
@  1912s  (total 11 workers using 20239 MB)
@  1923s  (total 11 workers using 20258 MB)
@  1934s  (total 11 workers using 20305 MB)
@  1946s  (total 11 workers using 20348 MB)
@  1957s  (total 11 workers using 20390 MB)
@  1969s  (total 11 workers using 20423 MB)
@  1980s  (total 11 workers using 20473 MB)
@  1991s  (total 11 workers using 20492 MB)
@  2002s  (total 11 workers using 20566 MB)
@  2014s  (total 11 workers using 20608 MB)
@  2025s  (total 11 workers using 20646 MB)
@  2037s  (total 11 workers using 20627 MB)
@  2048s  (total 11 workers using 20662 MB)
@  2060s  (total 11 workers using 20703 MB)
@  2071s  (total 11 workers using 20756 MB)
@  2082s  (total 11 workers using 20798 MB)
@  2093s  (total 11 workers using 20837 MB)
@  2105s  (total 11 workers using 20872 MB)
@  2116s  (total 11 workers using 20937 MB)
@  2128s  (total 11 workers using 20960 MB)
@  2139s  (total 11 workers using 20982 MB)
@  2151s  (total 11 workers using 21055 MB)
@  2162s  (total 11 workers using 21077 MB)
@  2173s  (total 11 workers using 21147 MB)
@  2184s  (total 11 workers using 21189 MB)
@  2196s  (total 11 workers using 21199 MB)
@  2207s  (total 11 workers using 21242 MB)
@  2219s  (total 11 workers using 21282 MB)
@  2230s  (total 11 workers using 21322 MB)
@  2242s  (total 11 workers using 21368 MB)
@  2253s  (total 11 workers using 21437 MB)
@  2264s  (total 11 workers using 21494 MB)
@  2275s  (total 11 workers using 21533 MB)
@  2287s  (total 11 workers using 21583 MB)
@  2298s  (total 11 workers using 21606 MB)
@  2310s  (total 11 workers using 21671 MB)
@  2321s  (total 11 workers using 21712 MB)
@  2332s  (total 11 workers using 21754 MB)
@  2344s  (total 11 workers using 21787 MB)
@  2355s  (total 11 workers using 21829 MB)
@  2366s  (total 11 workers using 21881 MB)
@  2378s  (total 11 workers using 21927 MB)
@  2389s  (total 11 workers using 21980 MB)
@  2401s  (total 11 workers using 22023 MB)
@  2412s  (total 11 workers using 22052 MB)
@  2423s  (total 11 workers using 22096 MB)
@  2435s  (total 11 workers using 22138 MB)
@  2446s  (total 11 workers using 22141 MB)
@  2457s  (total 11 workers using 22142 MB)
@  2469s  (total 11 workers using 22142 MB)
@  2480s  (total 11 workers using 22142 MB)
@  2492s  (total 11 workers using 22145 MB)
@  2503s  (total 11 workers using 22147 MB)
@  2514s  (total 11 workers using 22148 MB)
@  2526s  (total 11 workers using 22151 MB)
@  2537s  (total 11 workers using 22174 MB)
@  2548s  (total 11 workers using 22175 MB)
@  2560s  (total 11 workers using 22198 MB)
@  2571s  (total 11 workers using 22220 MB)
@  2583s  (total 11 workers using 22265 MB)
@  2594s  (total 11 workers using 22323 MB)
@  2605s  (total 11 workers using 22348 MB)
@  2616s  (total 11 workers using 22370 MB)
@  2628s  (total 11 workers using 22402 MB)
@  2639s  (total 11 workers using 22436 MB)
@  2651s  (total 11 workers using 22453 MB)
@  2662s  (total 11 workers using 22453 MB)
@  2674s  (total 11 workers using 22453 MB)
@  2685s  (total 11 workers using 22453 MB)
@  2696s  (total 11 workers using 22434 MB)
@  2707s  (total 11 workers using 22435 MB)
@  2719s  (total 11 workers using 22436 MB)
@  2730s  (total 11 workers using 22449 MB)
@  2742s  (total 11 workers using 22485 MB)
@  2753s  (total 11 workers using 22527 MB)
@  2765s  (total 11 workers using 22539 MB)
@  2776s  (total 11 workers using 22540 MB)
@  2787s  (total 11 workers using 22528 MB)
@  2798s  (total 11 workers using 22528 MB)
@  2810s  (total 11 workers using 22528 MB)
@  2821s  (total 11 workers using 22529 MB)
@  2833s  (total 11 workers using 22534 MB)
@  2844s  (total 11 workers using 22594 MB)
@  2855s  (total 11 workers using 22614 MB)
@  2867s  (total 11 workers using 22614 MB)
@  2878s  (total 11 workers using 22618 MB)
@  2889s  (total 11 workers using 22618 MB)
@  2901s  (total 11 workers using 22618 MB)
@  2912s  (total 11 workers using 22618 MB)
@  2924s  (total 11 workers using 22636 MB)
@  2935s  (total 11 workers using 22642 MB)
@  2946s  (total 11 workers using 22648 MB)
@  2958s  (total 11 workers using 22649 MB)
@  2969s  (total 11 workers using 22675 MB)
@  2980s  (total 11 workers using 22704 MB)
@  2992s  (total 11 workers using 22737 MB)
@  3003s  (total 11 workers using 22798 MB)
@  3015s  (total 11 workers using 22812 MB)
@  3026s  (total 11 workers using 22842 MB)
@  3037s  (total 11 workers using 22872 MB)
@  3049s  (total 11 workers using 22871 MB)
@  3060s  (total 11 workers using 22871 MB)
@  3071s  (total 11 workers using 22887 MB)
@  3083s  (total 11 workers using 22889 MB)
@  3094s  (total 11 workers using 22892 MB)
@  3106s  (total 11 workers using 22903 MB)
@  3117s  (total 11 workers using 22900 MB)
@  3128s  (total 11 workers using 22900 MB)
@  3139s  (total 11 workers using 22890 MB)
@  3151s  (total 11 workers using 22900 MB)
@  3162s  (total 11 workers using 22898 MB)
@  3174s  (total 11 workers using 22898 MB)
@  3185s  (total 11 workers using 22913 MB)
@  3196s  (total 11 workers using 22912 MB)
@  3208s  (total 11 workers using 22903 MB)
@  3219s  (total 11 workers using 22904 MB)
@  3230s  (total 11 workers using 22904 MB)
@  3242s  (total 11 workers using 22904 MB)
@  3253s  (total 11 workers using 22904 MB)
@  3265s  (total 11 workers using 22924 MB)
@  3276s  (total 11 workers using 22924 MB)
@  3287s  (total 11 workers using 22924 MB)
@  3299s  (total 11 workers using 22924 MB)
@  3310s  (total 11 workers using 22926 MB)
@  3321s  (total 11 workers using 22926 MB)
@  3333s  (total 11 workers using 22932 MB)
@  3344s  (total 11 workers using 22932 MB)
@  3356s  (total 11 workers using 22913 MB)
@  3367s  (total 11 workers using 22940 MB)
@  3378s  (total 11 workers using 22940 MB)
@  3389s  (total 11 workers using 22940 MB)
@  3401s  (total 11 workers using 22940 MB)
@  3412s  (total 11 workers using 22962 MB)
@  3424s  (total 11 workers using 22962 MB)
@  3435s  (total 11 workers using 22962 MB)
@  3446s  (total 11 workers using 22963 MB)
@  3458s  (total 11 workers using 22941 MB)
@  3469s  (total 11 workers using 22952 MB)
@  3480s  (total 11 workers using 22949 MB)
@  3492s  (total 11 workers using 22968 MB)
@  3503s  (total 11 workers using 22968 MB)
@  3515s  (total 11 workers using 22968 MB)
@  3526s  (total 11 workers using 22969 MB)
@  3537s  (total 11 workers using 22969 MB)
@  3549s  (total 11 workers using 22928 MB)
@  3560s  (total 11 workers using 22928 MB)
@  3571s  (total 11 workers using 22928 MB)
@  3574s  (stopping all workers)
@  3574s  (worker 0 finished with result unknown) python3 avr.py -a sa
@  3574s  (worker 2 finished with result unknown) python3 avr.py
@  3574s  (worker 4 finished with result unknown) python3 avr.py -b bin_y2 --bmc
@  3574s  (worker 6 finished with result unknown) python3 avr.py -a sa --interpol 1 -f 1
@  3574s  (worker 9 finished with result unknown) python3 avr.py -b bin_y2 -s -a sa4 --interpol 1 -f 1
@  3574s  (worker 1 finished with result unknown) python3 avr.py -b bin_bt_cadical -s --bmc
@  3574s  (worker 5 finished with result unknown) python3 avr.py -b bin_bt_cadical -g 3 -l 0 -a sa32
@  3574s  (worker 8 finished with result unknown) python3 avr.py -l 5 -g 3 -a sa8 --interpol 1 -f 1
@  3574s  (worker 3 finished with result unknown) python3 avr.py -b bin_y2 -s
@  3574s  (worker 10 finished with result unknown) python3 avr.py --bmc
@  3574s  (worker 7 finished with result unknown) python3 avr.py -s -l 0
@  3574s  (copied results from worker 0 in /scratch/network/hongcez/hwmcc/avr-log/btor2/bv/wolf/2018D/pr_zipcpu-busdelay-p24)
@  3574s  [0;30;47m(proof race finished with answer unknown in 3574.27 seconds)[m
