unsat
(forall ((A (_ BitVec 1))
         (B (_ BitVec 1))
         (C (_ BitVec 1))
         (D (_ BitVec 1))
         (E (_ BitVec 4))
         (F (_ BitVec 19))
         (G (_ BitVec 19))
         (H (_ BitVec 19))
         (I (_ BitVec 1))
         (J (_ BitVec 1))
         (K (_ BitVec 1))
         (L (_ BitVec 1))
         (M (_ BitVec 24))
         (N (_ BitVec 24))
         (O (_ BitVec 1))
         (P (_ BitVec 1))
         (Q (_ BitVec 1))
         (R (_ BitVec 2))
         (S (_ BitVec 2))
         (T (_ BitVec 4))
         (U (_ BitVec 4))
         (V (_ BitVec 1))
         (W (_ BitVec 2))
         (X (_ BitVec 1))
         (Y (_ BitVec 4))
         (Z (_ BitVec 19))
         (A1 (_ BitVec 1))
         (B1 (_ BitVec 1))
         (C1 (_ BitVec 19))
         (D1 (_ BitVec 19))
         (E1 (_ BitVec 19))
         (F1 (_ BitVec 19))
         (G1 (_ BitVec 1))
         (H1 (_ BitVec 1))
         (I1 (_ BitVec 1))
         (J1 (_ BitVec 1))
         (K1 (_ BitVec 1))
         (L1 (_ BitVec 1))
         (M1 (_ BitVec 1))
         (N1 (_ BitVec 1))
         (O1 (_ BitVec 1))
         (P1 (_ BitVec 1))
         (Q1 (_ BitVec 1))
         (R1 (_ BitVec 24))
         (S1 (_ BitVec 1))
         (T1 (_ BitVec 1))
         (U1 (_ BitVec 1))
         (V1 (_ BitVec 1))
         (W1 (_ BitVec 1))
         (X1 (_ BitVec 1))
         (Y1 (_ BitVec 1))
         (Z1 (_ BitVec 1))
         (A2 (_ BitVec 1))
         (B2 (_ BitVec 1))
         (C2 (_ BitVec 1))
         (D2 (_ BitVec 1))
         (E2 (_ BitVec 1))
         (F2 (_ BitVec 1))
         (G2 (_ BitVec 1))
         (H2 (_ BitVec 1))
         (I2 (_ BitVec 19))
         (J2 (_ BitVec 1))
         (K2 (_ BitVec 1))
         (L2 (_ BitVec 1))
         (M2 (_ BitVec 1))
         (N2 (_ BitVec 1))
         (O2 (_ BitVec 21))
         (P2 (_ BitVec 19))
         (Q2 (_ BitVec 1))
         (R2 (_ BitVec 1))
         (S2 (_ BitVec 1))
         (T2 (_ BitVec 1))
         (U2 (_ BitVec 1))
         (V2 (_ BitVec 19))
         (W2 (_ BitVec 1))
         (X2 (_ BitVec 1))
         (Y2 (_ BitVec 1))
         (Z2 (_ BitVec 1))
         (A3 (_ BitVec 1))
         (B3 (_ BitVec 1))
         (C3 (_ BitVec 1))
         (D3 (_ BitVec 1))
         (E3 (_ BitVec 1))
         (F3 (_ BitVec 2))
         (G3 (_ BitVec 1))
         (H3 (_ BitVec 24))
         (I3 (_ BitVec 1))
         (J3 (_ BitVec 1))
         (K3 (_ BitVec 1))
         (L3 (_ BitVec 1))
         (M3 (_ BitVec 1))
         (N3 (_ BitVec 1))
         (O3 (_ BitVec 1))
         (P3 (_ BitVec 5))
         (Q3 (_ BitVec 1))
         (R3 (_ BitVec 1))
         (S3 (_ BitVec 24))
         (T3 (_ BitVec 5))
         (U3 (_ BitVec 1))
         (V3 (_ BitVec 2))
         (W3 (_ BitVec 19))
         (X3 (_ BitVec 1))
         (Y3 (_ BitVec 1))
         (Z3 (_ BitVec 1))
         (A4 (_ BitVec 2))
         (B4 (_ BitVec 1))
         (C4 (_ BitVec 1))
         (D4 (_ BitVec 1))
         (E4 (_ BitVec 1))
         (F4 (_ BitVec 1))
         (G4 (_ BitVec 1))
         (H4 (_ BitVec 1))
         (I4 (_ BitVec 1))
         (J4 (_ BitVec 1))
         (K4 (_ BitVec 1))
         (L4 (_ BitVec 1))
         (M4 (_ BitVec 1))
         (N4 (_ BitVec 1))
         (O4 (_ BitVec 1))
         (P4 (_ BitVec 1))
         (Q4 (_ BitVec 1))
         (R4 (_ BitVec 1))
         (S4 (_ BitVec 1))
         (T4 (_ BitVec 1))
         (U4 (_ BitVec 1))
         (V4 (_ BitVec 1))
         (W4 (_ BitVec 1))
         (X4 (_ BitVec 1))
         (Y4 (_ BitVec 1))
         (Z4 (_ BitVec 2))
         (A5 (_ BitVec 1))
         (B5 (_ BitVec 5))
         (C5 (_ BitVec 1))
         (D5 (_ BitVec 1))
         (E5 (_ BitVec 4))
         (F5 (_ BitVec 1))
         (G5 (_ BitVec 1))
         (H5 (_ BitVec 2))
         (I5 (_ BitVec 21))
         (J5 (_ BitVec 1))
         (K5 (_ BitVec 32))
         (L5 (_ BitVec 1))
         (M5 (_ BitVec 1))
         (N5 (_ BitVec 1))
         (O5 (_ BitVec 1))
         (P5 (_ BitVec 1))
         (Q5 (_ BitVec 1))
         (R5 (_ BitVec 5))
         (S5 (_ BitVec 1))
         (T5 (_ BitVec 4))
         (U5 (_ BitVec 1))
         (V5 (_ BitVec 1))
         (W5 (_ BitVec 1))
         (X5 (_ BitVec 1))
         (Y5 (_ BitVec 32))
         (Z5 (_ BitVec 1))
         (A6 (_ BitVec 1))
         (B6 (_ BitVec 1))
         (C6 (_ BitVec 1))
         (D6 (_ BitVec 24))
         (E6 (_ BitVec 1))
         (F6 (_ BitVec 1)))
  (! (let ((a!1 (bvor D3 (bvnot (bvor S1 (bvnot N3)))))
           (a!3 (or (= W2 #b0)
                    (not (= X2 #b0))
                    (not (= U1 #b1))
                    (not (= ((_ extract 0 0) Z4) #b1))))
           (a!4 (or (= W2 #b1)
                    (= I3 #b0)
                    (not (= ((_ extract 0 0) R1) #b1))
                    (= J1 #b0)
                    (not (= A #b0))))
           (a!5 (or (not (= C #b1)) (not (= ((_ extract 0 0) H5) #b1))))
           (a!6 (or (not (= C2 #b1))
                    (not (= ((_ extract 0 0) R1) #b1))
                    (= J1 #b0)
                    (not (= M5 #b0))))
           (a!7 (or ((_ bit2bool 0) T)
                    (not (= X4 #b1))
                    (not (= ((_ extract 0 0) R1) #b1))
                    (= J1 #b0)
                    (= A #b0)))
           (a!8 (or (not (= U1 #b1))
                    (= T3 (concat ((_ extract 4 3) N) #b000))
                    (not (= ((_ extract 0 0) Z4) #b1))))
           (a!9 (or (not (= ((_ extract 0 0) H5) #b1)) (= A #b0)))
           (a!10 (or (not (= F2 #b0))
                     (not (= B2 #b0))
                     (not (= I5 ((_ extract 23 3) S3)))
                     (= ((_ extract 1 1) Z4) #b1)
                     (not (= X1 #b1))))
           (a!11 (or (not (= U1 #b1))
                     (not ((_ bit2bool 1) R1))
                     (= J1 #b0)
                     (not (= ((_ extract 1 1) Z4) #b0))))
           (a!12 (or (not (= N1 #b0)) (not (= ((_ extract 0 0) H5) #b1))))
           (a!13 (or (= W2 #b1)
                     (= O1 #b1)
                     (= U3 #b0)
                     (= C #b1)
                     (not (= D4 #b1))
                     (and (not (= S1 #b0)) (not (= P #b0)) (not (= A #b0)))))
           (a!14 (and (not (= O1 #b1)) (not (= C2 #b1)) (not (= G2 #b1))))
           (a!15 (or (= O1 #b1)
                     (not (= S1 #b0))
                     (not (= F5 #b1))
                     (not (= ((_ extract 1 1) W) #b0))
                     (not (= X2 M1))))
           (a!16 (or (= O1 #b1)
                     (not (= S1 #b0))
                     (not (= Z2 #b1))
                     (not (= F5 #b1))
                     (not (= ((_ extract 1 1) W) #b0))
                     (not (= U T))))
           (a!17 (or ((_ bit2bool 3) E5)
                     (not (= G5 #b1))
                     (not (= W2 #b1))
                     (= J1 #b0)
                     (not (= A #b0))
                     (not (= ((_ extract 3 3) T) #b1))))
           (a!18 (or (= S2 #b1)
                     (not ((_ bit2bool 2) R1))
                     (not (= ((_ extract 2 0) H3) #b111))))
           (a!19 (or (not (= D4 #b1))
                     (not (= I3 #b1))
                     (not (= J1 #b0))
                     (not (= ((_ extract 2 0) R1) ((_ extract 2 0) H3)))))
           (a!20 (or (not (= L1 #b0))
                     (not (= ((_ extract 0 0) E5) #b1))
                     (not (= T5 T))
                     (not (= U T))))
           (a!21 ((_ extract 0 0) (bvlshr Y (concat #b00 ((_ extract 4 3) N)))))
           (a!22 (or ((_ bit2bool 3) M)
                     (not (= G2 #b1))
                     (not (= L #b1))
                     (not (= ((_ extract 3 3) S3) #b1))))
           (a!23 (or (not (= S1 #b0)) (= T3 (concat ((_ extract 4 3) N) #b000))))
           (a!24 (or (not (= F3 ((_ extract 4 3) T3)))
                     (= O #b0)
                     (= ((_ extract 2 1) T3) #b11)))
           (a!25 (or (= O1 #b1)
                     (= U3 #b0)
                     (= R4 #b0)
                     (not (= G1 #b0))
                     (not (= I J))
                     (and (not (= C2 #b1)) (not (= G2 #b1)))
                     (not (= B #b0))))
           (a!26 ((_ extract 0 0) (bvlshr E (concat #b00 ((_ extract 4 3) M)))))
           (a!27 (or (not (= ((_ extract 2 0) R1) #b111)) (= J1 #b0) (= S2 #b1)))
           (a!28 (or (= O1 #b1)
                     (not (= N5 #b0))
                     (not (= G5 #b1))
                     (= E5 #xf)
                     (not (= ((_ extract 0 0) T) #b1))
                     (not (= U #xf))))
           (a!29 (or (= W2 #b1)
                     (= O1 #b1)
                     (not (= S4 #b1))
                     (not (= A #b0))
                     (= ((_ extract 23 3) N) #b000000000000000000000)
                     (not (= ((_ extract 23 3) H3) #b000000000000000000000))
                     (not (= H3 R1))))
           (a!30 ((_ extract 0 0)
                   (bvlshr #x0 (concat #b00 ((_ extract 4 3) M)))))
           (a!31 (not (= (concat ((_ extract 3 3) Y) #b0 (bvnot I1) (bvnot M5))
                         Y)))
           (a!32 (or (= D3 #b0)
                     (not (= F5 #b1))
                     (not (= W2 #b1))
                     (not (= D4 #b1))
                     (= V #b1)
                     (not (= M5 #b0))
                     (= ((_ extract 3 3) E) #b1)
                     (not (= ((_ extract 2 0) Y) #b000))))
           (a!33 ((_ extract 0 0) (bvlshr Y (concat #b00 ((_ extract 4 3) S3)))))
           (a!34 ((_ extract 0 0) (bvlshr E (concat #b00 ((_ extract 4 3) S3)))))
           (a!36 (bvor A3 (bvnot (bvor W2 (bvnot F2)))))
           (a!38 (bvnot (bvor (bvnot S1) (bvnot ((_ extract 0 0) T3)))))
           (a!39 (bvnot (bvor (bvnot S1) (bvnot ((_ extract 0 0) P3)))))
           (a!40 (or (not (= N5 #b1)) (not (= ((_ extract 0 0) H5) #b1))))
           (a!42 (or (= I5 ((_ extract 23 3) M))
                     (not (= G2 #b1))
                     (not (= C #b0))
                     (not (= X1 #b1))
                     (not (= O2 ((_ extract 23 3) S3)))))
           (a!43 (or (= G2 #b1)
                     (= O1 #b1)
                     (= C2 #b1)
                     (not (= F2 #b0))
                     (not (= S1 #b0))
                     (not (= I5 ((_ extract 23 3) S3)))
                     (not (= Q #b1))))
           (a!45 (not (= E (concat ((_ extract 3 3) E) #b0 ((_ extract 1 0) E)))))
           (a!46 ((_ extract 0 0)
                   (bvlshr #x8 (concat #b00 ((_ extract 4 3) M)))))
           (a!47 (or (= H1 #b1)
                     (= I3 #b1)
                     (= A3 #b0)
                     (= G ((_ extract 23 5) M))
                     (not (= D4 #b0))
                     (not (= E #x8))
                     (not (= ((_ extract 23 5) R1) C1))
                     (not (= P2 ((_ extract 23 5) H3)))
                     (not (= ((_ extract 23 5) H3) C1))))
           (a!48 (not (= E
                         (concat ((_ extract 3 3) E)
                                 #b0
                                 ((_ extract 1 1) Y)
                                 #b0))))
           (a!49 (or (= G1 #b0)
                     (not (= Q3 #b1))
                     (not (= ((_ extract 1 1) Y) #b1))))
           (a!50 (not (= E (concat #b0 ((_ extract 2 2) Y) (bvnot M5) #b0))))
           (a!51 (not (= T3 (concat ((_ extract 4 3) N) #b000))))
           (a!52 (or (not (= D4 #b0)) (not (= ((_ extract 0 0) H5) #b1))))
           (a!53 (or (not (= K2 #b0)) (not (= ((_ extract 0 0) A4) #b1))))
           (a!54 (or (= E5 T) (not (= A #b1)) (not (= E5 (bvadd #x1 U)))))
           (a!55 (or (= E5 T)
                     (not (= W2 #b1))
                     (not (= J1 #b1))
                     (not (= A #b1))
                     (not (= T5 (bvadd #x1 U)))))
           (a!56 (not (= ((_ extract 2 1) (bvadd #b00001 P3)) #b11)))
           (a!57 (or (= D3 #b0)
                     (= F5 #b1)
                     (= Y4 #b0)
                     (not (= Y #x0))
                     (not (= Q3 #b1))
                     (not (= X2 #b1))
                     (not (= ((_ extract 23 3) H3) #b000000000000000000000))))
           (a!62 (or (= S2 #b1)
                     (= D3 #b0)
                     (= O1 #b1)
                     (= R4 #b0)
                     ((_ bit2bool 3) N)
                     (not ((_ bit2bool 2) H3))
                     (not ((_ bit2bool 1) H3))
                     (not (= S R))
                     (not (= ((_ extract 2 0) Y) #b000))))
           (a!64 (or (not ((_ bit2bool 0) P3))
                     (not ((_ bit2bool 1) T3))
                     (not (= A #b1))
                     (not (= ((_ extract 1 1) P3) #b1))))
           (a!65 (not (= Y (concat ((_ extract 3 3) Y) #b0 ((_ extract 1 0) Y)))))
           (a!66 (or ((_ bit2bool 6) R1)
                     ((_ bit2bool 9) R1)
                     ((_ bit2bool 10) R1)
                     ((_ bit2bool 14) R1)
                     ((_ bit2bool 18) R1)
                     ((_ bit2bool 16) R1)
                     ((_ bit2bool 20) R1)
                     ((_ bit2bool 12) R1)
                     ((_ bit2bool 13) R1)
                     ((_ bit2bool 21) R1)
                     ((_ bit2bool 23) R1)
                     ((_ bit2bool 4) M)
                     ((_ bit2bool 8) R1)
                     ((_ bit2bool 11) R1)
                     ((_ bit2bool 19) R1)
                     ((_ bit2bool 22) R1)
                     ((_ bit2bool 3) S3)
                     ((_ bit2bool 6) D6)
                     ((_ bit2bool 8) D6)
                     ((_ bit2bool 9) D6)
                     ((_ bit2bool 10) D6)
                     ((_ bit2bool 11) D6)
                     ((_ bit2bool 12) D6)
                     ((_ bit2bool 13) D6)
                     ((_ bit2bool 14) D6)
                     ((_ bit2bool 16) D6)
                     ((_ bit2bool 18) D6)
                     ((_ bit2bool 19) D6)
                     ((_ bit2bool 20) D6)
                     ((_ bit2bool 21) D6)
                     ((_ bit2bool 22) D6)
                     ((_ bit2bool 23) D6)
                     (not ((_ bit2bool 17) R1))
                     (not ((_ bit2bool 15) R1))
                     (not ((_ bit2bool 7) R1))
                     (not ((_ bit2bool 5) R1))
                     (= Z ((_ extract 23 5) D6))
                     (not (= S3 M))
                     (not (= W3 ((_ extract 23 5) R1)))
                     (not ((_ bit2bool 7) D6))
                     (not ((_ bit2bool 5) D6))
                     (not ((_ bit2bool 15) D6))
                     (not ((_ bit2bool 17) D6))))
           (a!67 ((_ extract 0 0)
                   (bvlshr #x1 (concat #b00 ((_ extract 4 3) N)))))
           (a!69 (or ((_ bit2bool 6) R1)
                     ((_ bit2bool 9) R1)
                     ((_ bit2bool 10) R1)
                     ((_ bit2bool 14) R1)
                     ((_ bit2bool 18) R1)
                     ((_ bit2bool 16) R1)
                     ((_ bit2bool 20) R1)
                     ((_ bit2bool 12) R1)
                     ((_ bit2bool 13) R1)
                     ((_ bit2bool 21) R1)
                     ((_ bit2bool 23) R1)
                     ((_ bit2bool 4) M)
                     ((_ bit2bool 8) R1)
                     ((_ bit2bool 11) R1)
                     ((_ bit2bool 19) R1)
                     ((_ bit2bool 22) R1)
                     ((_ bit2bool 3) S3)
                     ((_ bit2bool 6) D6)
                     ((_ bit2bool 8) D6)
                     ((_ bit2bool 9) D6)
                     ((_ bit2bool 10) D6)
                     ((_ bit2bool 11) D6)
                     ((_ bit2bool 12) D6)
                     ((_ bit2bool 13) D6)
                     ((_ bit2bool 14) D6)
                     ((_ bit2bool 16) D6)
                     ((_ bit2bool 18) D6)
                     ((_ bit2bool 19) D6)
                     ((_ bit2bool 20) D6)
                     ((_ bit2bool 21) D6)
                     ((_ bit2bool 22) D6)
                     ((_ bit2bool 23) D6)
                     (not ((_ bit2bool 17) R1))
                     (not ((_ bit2bool 15) R1))
                     (not ((_ bit2bool 7) R1))
                     (not ((_ bit2bool 5) R1))
                     (= Z ((_ extract 23 5) D6))
                     (not (= W3 ((_ extract 23 5) R1)))
                     (not ((_ bit2bool 7) D6))
                     (not ((_ bit2bool 5) D6))
                     (not ((_ bit2bool 15) D6))
                     (not ((_ bit2bool 17) D6))
                     (not (= N S3))))
           (a!70 (= B2 (bvnot (bvor C2 (bvnot A3)))))
           (a!71 (or (= ((_ extract 4 4) H3) #b1)
                     (= D3 #b0)
                     (= R4 #b0)
                     ((_ bit2bool 3) N)
                     (not (= X2 #b1))
                     (not (= U4 #b1))
                     (not (= ((_ extract 2 0) Y) #b000))
                     (not (= M3 Y4))))
           (a!72 (not (= P3 (concat ((_ extract 4 3) N) #b000))))
           (a!73 (not (= Y (concat (bvnot M5) ((_ extract 2 2) Y) #b00))))
           (a!74 (not (= Y (concat ((_ extract 3 3) E) #b0 ((_ extract 1 0) E)))))
           (a!75 (= R4 (bvnot (bvor C2 G2 (bvnot N3)))))
           (a!76 (or (= A3 #b0)
                     ((_ bit2bool 0) Y)
                     ((_ bit2bool 4) M)
                     (not (= E Y))
                     (not (= ((_ extract 3 1) E) #b010))))
           (a!77 (or (not (= U4 #b0))
                     ((_ bit2bool 3) S3)
                     (not ((_ bit2bool 4) S3))
                     (not (= ((_ extract 2 2) E) #b1))
                     (not (= Y E))))
           (a!78 (or (= D3 #b0)
                     ((_ bit2bool 4) N)
                     (= R4 #b0)
                     (not (= F5 #b1))
                     (not (= ((_ extract 2 2) E) #b1))
                     (not (= Y #x4))))
           (a!79 (not (= R1 (concat ((_ extract 23 3) R1) #b000))))
           (a!80 (or (= G3 #b1)
                     (= B2 #b0)
                     (not (= X2 #b0))
                     (not (= L2 #b0))
                     (not (= ((_ extract 2 2) E) #b1))))
           (a!81 (or (= G2 #b1)
                     (= O1 #b1)
                     (= C2 #b1)
                     (= A5 #b0)
                     (= ((_ extract 0 0) Z4) #b1)
                     (not (= ((_ extract 1 1) W) #b1)))))
     (let ((a!2 (= B2 (bvnot (bvor C2 G2 (bvnot a!1)))))
           (a!35 (= (bvnot (bvor C2 G2 (bvnot a!33)))
                    (bvnot (bvor C2 G2 (bvnot a!34)))))
           (a!37 (= R4 (bvnot (bvor C2 G2 (bvnot a!36)))))
           (a!41 (or (= W2 #b0)
                     (not (= K3 #b0))
                     (not (= ((_ extract 3 1) E) #b000))
                     (not (= a!21 #b1))
                     (not (= a!26 #b1))
                     (not (= ((_ extract 3 1) Y) #b000))))
           (a!44 (or (= L2 #b1)
                     (= X #b1)
                     (= R4 #b0)
                     (= F5 #b1)
                     (not (= K #b0))
                     (not (= W #b00))
                     (= a!21 #b1)
                     (not (= a!34 #b1))
                     (not (= ((_ extract 23 3) S3) I5))
                     (not (= I5 O2))))
           (a!58 (= R4 (bvnot (bvor C2 G2 (bvnot a!1)))))
           (a!59 (or (= J5 #b1)
                     (= N5 #b0)
                     (not (= ((_ extract 2 0) R1) ((_ extract 2 0) H3)))
                     (not (= J1 a!30))))
           (a!60 (or (= B2 #b0)
                     (not (= L1 #b0))
                     (not (= L2 #b0))
                     (not (= D4 #b1))
                     (not (= U4 #b1))
                     (not (= ((_ extract 2 0) Y) #b000))
                     (not (= ((_ extract 3 3) E) a!30))))
           (a!61 (or (= B2 #b0)
                     (= E5 T)
                     (not (= L2 #b0))
                     (not (= W2 #b1))
                     (not (= J1 #b1))
                     (not (= M5 #b0))
                     (not (= A a!30))
                     (not (= ((_ extract 2 0) Y) #b000))
                     (not (= ((_ extract 3 3) E) a!30))))
           (a!63 (or (= D3 #b0)
                     ((_ bit2bool 4) N)
                     (= O1 #b1)
                     (= X #b1)
                     (= R4 #b0)
                     (= P #b0)
                     (not (= Y4 #b0))
                     (not (= Q4 #b1))
                     (not (= ((_ extract 2 0) E) #b000))
                     (not (= K3 Q5))
                     (not (= C2 a!30))))
           (a!68 (or (= N5 #b0)
                     (not (= V1 #b0))
                     (not (= F5 #b1))
                     (not (= Q3 #b1))
                     (not (= O4 #b1))
                     (not (= ((_ extract 0 0) Y) #b1))
                     (not (= a!67 #b1)))))
     (let ((a!82 (and (or (= O1 #b1) (not (= B3 #b1)) (not (= Q3 #b1)) a!2)
                      (= E2 #b0)
                      (= D2 #b0)
                      (= C3 #b1)
                      (or (= L4 #b0) (not (= C2 #b1)))
                      (or (= O #b0) (not (= V #b0)) (= Z3 #b1))
                      (or (= G3 #b1) (= U3 #b0) (not (= G2 #b1)))
                      (or (= K #b0) (= (bvnot G2) M4))
                      (or (= I3 #b0) (= (bvnot A) O3))
                      (or (= I3 #b0) (not (= O1 #b1)))
                      (or (= I3 #b0) (not (= Z3 #b0)) (not (= V #b0)))
                      (or (= F2 #b0) (not (= C2 #b1)))
                      (or (= G2 #b1)
                          (= C2 #b1)
                          (= U3 #b0)
                          (not (= U1 #b0))
                          (= A1 #b0))
                      (or (not ((_ bit2bool 1) R5)) (not (= U1 #b1)) (= I3 #b0))
                      (or (not (= I #b1)) (= O1 #b1) (= C2 #b1) (= G2 #b1))
                      (or (= A1 #b0) (= I3 #b0) (= M S3))
                      a!3
                      (or (= W2 #b0) (not (= O1 #b1)))
                      (or (= U3 #b0) (not (= O3 #b1)) (= A #b0))
                      (or (= I3 #b0) (not (= X2 #b0)) (not (= C #b1)))
                      (or (= W2 #b1)
                          (= I3 #b0)
                          (not (= X2 #b0))
                          (not (= A #b0)))
                      (or (not ((_ bit2bool 3) R5)) (not (= R2 #b1)) (= K #b0))
                      (or (= A3 #b0)
                          (= U3 #b0)
                          ((_ bit2bool 3) S3)
                          ((_ bit2bool 4) S3)
                          (not (= E Y))
                          (= ((_ extract 0 0) E) #b1))
                      (or (= F2 #b0) (not (= O1 #b1)))
                      (or (= F2 #b0) (not (= G2 #b1)))
                      (or (not (= M5 #b1)) (not (= C #b1)) (= I3 #b0))
                      (or (= F2 #b0) (not (= X2 #b0)))
                      a!4
                      (or (not ((_ bit2bool 0) T)) (not (= K3 #b0)))
                      (or (= W2 #b0) (= A #b0) (= C #b0))
                      a!5
                      (or (not ((_ bit2bool 0) L4)) (not (= W2 #b1)))
                      (or (= A3 #b0)
                          (= T #x0)
                          ((_ bit2bool 3) S3)
                          (not ((_ bit2bool 4) S3))
                          (not (= A #b0))
                          (= ((_ extract 1 1) F3) #b1)
                          (= ((_ extract 2 2) E) #b1))
                      (or (= O #b0) (not (= K3 #b0)))
                      (or (= A3 #b0) (= E6 #b1) (not ((_ bit2bool 0) O1)))
                      (or (= G3 #b1) (= K #b0) (not (= O1 #b1)))
                      a!6
                      (or (= D4 #b1) (= E5 #x0))
                      (or (not ((_ bit2bool 1) R)) (not (= O1 #b1)))
                      (or (= D4 #b1) (= T #x0))
                      (or (= O #b0) (= F2 #b0))
                      a!7
                      (or (= T #x8)
                          (not (= S4 #b1))
                          (not (= X4 #b1))
                          (not ((_ bit2bool 1) T3))
                          (not (= A #b0)))
                      (or (= W2 #b1)
                          (= K #b0)
                          (= O1 #b1)
                          (= C2 #b1)
                          ((_ bit2bool 0) L4)
                          (not (= D4 #b1))
                          (= A #b0))
                      (or (not (= C2 #b1)) (= ((_ extract 1 1) Z4) #b1))
                      (or (= U3 #b0) (not (= A3 #b1)) (not ((_ bit2bool 0) C2)))
                      a!8
                      (or (not (= X2 #b0))
                          (not (= U1 #b1))
                          (= ((_ extract 1 1) Z4) #b1))
                      (or (not ((_ bit2bool 1) R)) (not (= J1 #b0)))
                      a!9
                      (or (= T #x8)
                          (not (= O3 #b1))
                          (not (= X4 #b1))
                          (not ((_ bit2bool 1) T3))
                          (not (= C #b0)))
                      (or (= W2 #b1)
                          (= I3 #b0)
                          (= C2 #b1)
                          ((_ bit2bool 0) L4)
                          (not (= D4 #b1)))
                      (or (= A3 #b0)
                          (not (= G3 #b1))
                          (not (= B2 #b0))
                          (not ((_ bit2bool 1) R)))
                      a!10
                      (or (not (= X1 #b1)) (not (= C2 #b1)))
                      (or (not (= D4 #b0)) (not (= S2 #b1)))
                      (or (= I3 #b0) (= Z1 #b0) (not ((_ bit2bool 0) G2)))
                      (or (= T #x8)
                          (not (= X4 #b1))
                          (not (= S2 #b1))
                          (not (= T U)))
                      (or (not (= O1 #b1))
                          (not (= X4 #b1))
                          (not (= S2 #b1))
                          (not (bvule T E5)))
                      (or (not (= S5 #b1))
                          (not ((_ bit2bool 0) R))
                          (not ((_ bit2bool 1) R)))
                      a!11
                      (or (= O1 #b1)
                          ((_ bit2bool 3) E5)
                          (not (= G5 #b1))
                          (not (= U3 #b1))
                          (not (= X4 #b1))
                          (not (= D4 #b1))
                          (= J1 #b0))
                      (or (not (= G2 #b1)) (= ((_ extract 1 1) Z4) #b1))
                      (or (= E #x0) (not (= O1 #b1)))
                      (or (= U3 #b0)
                          ((_ bit2bool 4) M)
                          (not (= G2 #b1))
                          (not ((_ bit2bool 4) S3)))
                      a!12
                      (or (= W2 #b0) (= (bvnot G2) M4))
                      (or (not (= H1 #b1)) (not (= U3 #b0)))
                      (or (= C #b1)
                          (not (= L1 #b0))
                          (not (= G5 #b1))
                          (not (= A #b0))
                          (not (= T #xf)))
                      (or (= S1 #b0) (= G3 #b1) (not (= G2 #b1)))
                      (or (= Q3 #b0) (not (= U3 #b0)))
                      (or (= U3 #b0) (= B2 #b0) (not ((_ bit2bool 0) G2)))
                      (or (not (= F5 #b1)) (not (= Q5 #b0)) (not (= W2 #b1)))
                      (or (not (= L1 #b0))
                          (not (= E5 #x0))
                          (not (= G5 #b1))
                          (not (= W2 #b1))
                          (not (= D4 #b1))
                          (= J1 #b0))
                      (or (not ((_ bit2bool 0) E5)) (= A #b0) (not (= T3 P3)))
                      (or (= E #x0) (not (= C2 #b1)))
                      (or (not (= O P))
                          (not (= X2 #b0))
                          (not (= I3 #b1))
                          (= W2 #b1)
                          (= ((_ extract 2 1) P3) #b11))
                      (or (= O #b0)
                          (= ((_ extract 2 1) T3) #b11)
                          (not (= O3 #b1)))
                      (or (not (= D4 #b1)) (not (= S1 #b0)) (= W2 #b0))
                      (or (= S1 #b0) (= Z1 #b0) (not ((_ bit2bool 0) G2)))
                      (or (not (= S1 #b1)) (not (= K3 #b0)))
                      (or (= D4 #b1) (= W2 #b0) (= I3 #b1))
                      (or (= D4 #b1) (not (= S1 #b1)))
                      (or (not (= M5 #b0)) (not (= C2 #b1)) (= O #b0))
                      a!13
                      (or (= O1 #b1)
                          (= U3 #b0)
                          (= C #b1)
                          (not (= X2 #b0))
                          (not (= W2 #b0))
                          (= ((_ extract 2 1) P3) #b11)
                          (not (= O P)))
                      (or (= P #b0)
                          (not (= W2 #b1))
                          (not (= D4 #b1))
                          (not (= A #b1)))
                      (or (not (= X2 #b0)) (not (= W2 #b1)) (not (= C #b1)))
                      (or (= F5 #b1) (= T5 U))
                      (or (= I3 #b0) (not (= I #b0)) a!14)
                      (or (= S1 #b0) (not (= I #b0)) a!14)
                      (or (= X #b1)
                          (= R4 #b0)
                          (= Y #x0)
                          (not (= D2 #b0))
                          (= E5 #x0))
                      (or (= R4 #b0) (= Y #x0) (= E5 #x0) (not (= J #b1)))
                      (or (not (= Q #b0)) (not (= C #b0)) (not (= X1 #b1)))
                      (or (= O1 #b1) (not (= H1 #b1)) (not (= K3 Q5)))
                      (or (= O4 #b1)
                          (= O1 #b1)
                          (not (= J #b1))
                          (not ((_ bit2bool 2) Y)))
                      (or (not (= L4 #b1)) (not (= S1 #b0)))
                      (or (not (= Q5 #b0)) (not (= H1 #b1)))
                      (or (= Z1 #b0) (= U3 #b0) (not ((_ bit2bool 0) G2)))
                      (or (= O1 #b1)
                          (not (= S1 #b0))
                          (not (= F5 #b1))
                          (not (= U3 #b1))
                          (not (= K3 Q5)))
                      (or (= O4 #b1)
                          (= O1 #b1)
                          (not (= G2 #b1))
                          (not (= L #b1))
                          (not (= M4 P1)))
                      (or (not (= L #b1))
                          (not (= S1 #b0))
                          (= O1 #b1)
                          (= W2 #b1))
                      (or (not (= D4 #b1)) (not (= X2 #b1)))
                      a!15
                      (or (= O1 #b1)
                          (= X #b1)
                          (= R4 #b0)
                          (not (= D2 #b0))
                          (not (= G1 #b0))
                          (= ((_ extract 1 1) W) #b1))
                      (or (= U3 #b0)
                          ((_ bit2bool 3) T)
                          (not (= X4 #b1))
                          (not (= D4 #b1)))
                      a!16
                      (or (= Q3 #b0)
                          (not (= S1 #b0))
                          (not (= F5 #b1))
                          (not (= M1 X2)))
                      (or (not (= K #b1)) (= W #b00))
                      (or (= W2 #b1)
                          (= O1 #b1)
                          (not (= S4 #b1))
                          (not (= L #b1))
                          (not (= A #b0)))
                      (or (= I3 #b0) (= (bvnot G2) M4))
                      (or (not (= F5 #b1)) (not (= Q5 #b0)) (= Q3 #b0))
                      (or (= Q3 #b0)
                          (not (= S1 #b0))
                          (not (= F5 #b1))
                          (not (= K3 Q5)))
                      (or (= P #b0)
                          (= ((_ extract 2 1) P3) #b11)
                          (not (= F4 #b1)))
                      (or (= O4 #b1)
                          (= O1 #b1)
                          (not (= G1 #b0))
                          (not (= J #b1))
                          (not (= Q #b1)))
                      (or (= N5 #b0) (= O1 #b1) (not (= J1 #b1)) (not (= S R)))
                      a!17
                      a!18
                      (or (= O1 #b1)
                          (= T #x0)
                          (not (= E5 #x0))
                          (not (= N5 #b0))
                          (not (= S4 #b1))
                          (not (= G5 #b1))
                          (= A #b1))
                      a!19
                      (or (= W2 #b1)
                          (= O1 #b1)
                          (= C2 #b1)
                          (= U3 #b0)
                          ((_ bit2bool 0) L4)
                          (not (= D4 #b1))
                          (= A #b0))
                      a!20
                      (or (= R4 #b0)
                          (not (= G1 #b0))
                          (not (= G2 #b1))
                          (not (= W2 #b1))
                          (not (= C4 #b1)))
                      (or (not (= Z3 #b0)) (not (= V #b0)) (not (= N1 #b1)))
                      (or (not (= L1 #b0))
                          (not (= N5 #b0))
                          (not (= W2 #b1))
                          (not (= D4 #b1))
                          (not (= E5 T))
                          (not (= A #b0)))
                      (or (not (= X2 #b0))
                          (not (= I3 #b1))
                          (= J1 #b0)
                          (not (= S R)))
                      (or (= R4 #b0)
                          (not (= G1 #b0))
                          (not (= G2 #b1))
                          (not (= W2 #b1))
                          (not (= M4 P1)))
                      (or (= N5 #b1)
                          (not (= D4 #b1))
                          (not (= C #b0))
                          (not (= A #b0))
                          (not (= X1 #b1))
                          (not (= A4 H5)))
                      (or (= T #x0)
                          (not (= E5 #x0))
                          (not (= G5 #b1))
                          (not (= W2 #b1))
                          (not ((_ bit2bool 1) R))
                          (= A #b1))
                      (or (= S1 #b0) (not (= A #b1)) (not (= U T)))
                      (or (= O1 #b1)
                          (= X #b1)
                          (= R4 #b0)
                          (not (= G1 #b0))
                          (not (= G2 #b1))
                          (not (= a!21 #b1))
                          (not (= B1 A1)))
                      (or (not (= V5 #b1)) (not (= A4 #b11)))
                      (or (= U3 #b0) (not (= X2 #b0)) (not (= S1 #b0)))
                      a!22
                      (or (= O1 #b1)
                          (= F5 #b1)
                          (not (= M1 #b0))
                          (not (= G1 #b0))
                          (not (= L #b1)))
                      (or (= O1 #b1)
                          (= R4 #b0)
                          (not (= G1 #b0))
                          (not (= J #b1))
                          (not (= B #b0)))
                      a!23
                      (or (= J #b1)
                          (= L2 #b0)
                          (= O1 #b1)
                          (not (= F5 #b1))
                          (not (= G1 #b0))
                          (not (= L #b1)))
                      (or (= O1 #b1)
                          (= X #b1)
                          (= R4 #b0)
                          (not (= G1 #b0))
                          (not (= G2 #b1))
                          (not (= Q #b1))
                          (not (= B1 A1)))
                      (or (= O1 #b1)
                          (= X #b1)
                          (= R4 #b0)
                          (not (= D2 #b0))
                          (not (= J #b0))
                          (not (= F5 #b1))
                          (not (= G1 #b0))
                          (not (= L #b1)))
                      (or (= O1 #b1)
                          ((_ bit2bool 1) W)
                          (not (= S1 #b0))
                          (not (= F5 #b1))
                          (not (= G1 #b0))
                          (not (= A2 #b1))
                          (not (= F4 #b1)))
                      (or (= H1 #b1)
                          (= O1 #b1)
                          (not (= Q1 #b0))
                          (not (= J #b0))
                          (not (= F5 #b1))
                          (not (= G1 #b0))
                          (not (= L #b1))
                          (not (= C #b0))
                          (not (= A2 S4)))
                      (or (= O1 #b1)
                          (not (= H1 #b0))
                          (not (= Q1 #b0))
                          (not (= J #b0))
                          (not (= F5 #b1))
                          (not (= G1 #b0))
                          (not (= A2 #b1))
                          (not (= L #b1)))
                      (or (= O1 #b1)
                          (= B #b1)
                          (= X #b1)
                          (= R4 #b0)
                          (not (= G1 #b0))
                          (not (= G2 #b1))
                          (not (= L #b1))
                          (not (= B1 A1)))
                      (or (= O1 #b1)
                          (= U3 #b0)
                          (not (= S1 #b0))
                          (not (= F5 #b1))
                          (not (= X2 M1)))
                      (or (= U3 #b0) (not (= Z3 #b0)) (not (= V #b0)))
                      (or (not ((_ bit2bool 1) R)) (not (= N5 #b0)))
                      a!24
                      (or (= U3 #b0)
                          (not (= D4 #b1))
                          (not (= C2 #b1))
                          (not (= M5 #b0)))
                      a!25
                      (or (= O1 #b1)
                          (= B #b1)
                          (= U3 #b0)
                          (= X #b1)
                          (= R4 #b0)
                          (not (= G1 #b0))
                          (not (= G2 #b1))
                          (not (= B1 A1)))
                      (or (not (= S1 #b0))
                          (not (= F5 #b1))
                          (not (= G1 #b0))
                          (not (= A2 #b1))
                          (not (= Q3 #b1))
                          (not (= B #b0))
                          (not (= L4 H1)))
                      (or (= X #b1)
                          (= R4 #b0)
                          (= Y #x0)
                          (not (= D2 #b0))
                          (not (= O1 #b0))
                          (not (= G1 #b0)))
                      (or (= O1 #b1)
                          (= C2 #b1)
                          (= O #b0)
                          (not (= X1 #b0))
                          (= C #b0))
                      (or (= R4 #b0)
                          (= Y #x0)
                          (not (= O1 #b0))
                          (not (= G1 #b0))
                          (not (= G2 #b1))
                          (not (= C4 #b1)))
                      (or ((_ bit2bool 0) Y)
                          ((_ bit2bool 3) M)
                          ((_ bit2bool 4) M)
                          (not (= G1 #b0))
                          (not (= a!26 #b1))
                          (not (= L4 H1)))
                      (or (= O1 #b1)
                          (not (= L1 #b0))
                          (not (= E5 #x0))
                          (not (= N5 #b0))
                          (= Z5 #b0)
                          (not (= D4 #b1))
                          (= G5 #b0))
                      (or (= O1 #b1)
                          (= C2 #b1)
                          (= P #b0)
                          (not (= G1 #b0))
                          (not (= D4 #b1))
                          (not (= A #b1))
                          (not (= H1 L4)))
                      a!27
                      (or (not (= T #x0))
                          (not (= K1 #b0))
                          (not (= Q #b0))
                          (not (= G5 #b1))
                          (not (= X1 #b1))
                          (not (= I3 N5)))
                      (or (= U #x0)
                          (= F5 #b1)
                          (not (= G1 #b0))
                          (not (= Q3 #b1)))
                      (or (= O1 #b1)
                          (= C2 #b1)
                          (= U3 #b0)
                          (not (= X1 #b0))
                          (not (= D4 #b1))
                          (= C #b0))
                      (or (= P #b0) (= (bvnot G2) M4))
                      (or (= F5 #b1) (not (= M3 #b0)) (not (= W2 #b1)))
                      (or (= W2 #b0) (= (bvnot C) S4))
                      (or (= G2 #b1)
                          (= O4 #b1)
                          (not (= T4 #b1))
                          (not (= W2 #b1)))
                      (or (= G2 #b1)
                          (not (= N4 #b0))
                          (not (= T4 #b1))
                          (not (= W2 #b1)))
                      (or (= D3 #b0) (not (= O1 #b0)) (not (= L #b1)))
                      (or (= G2 #b1)
                          (= C2 #b1)
                          (= U1 #b1)
                          (not (= G3 #b1))
                          (not (= R2 #b1))
                          (not (= W2 #b1))
                          (not (= R5 #b00000)))
                      (or (= ((_ extract 3 3) H3) #b1)
                          (= G #b0000000000000000000)
                          (= D4 #b1)
                          (not (= H3 R1))
                          (not (= V2 #b0000000000000000000))
                          (not (= C1 #b0000000000000000000)))
                      (or (not (= M3 #b0))
                          (not (= Z4 #b11))
                          (not (= J2 #b1))
                          (not (= I3 #b1)))
                      a!28
                      (or (= I5 #b000000000000000000000) (= U #x8) (= X4 #b0))
                      (or (not (= Y #x0))
                          (not (= K #b0))
                          (not (= D3 #b0))
                          (not (= L2 #b0))
                          (not (= W #b00))
                          (= Q #b1))
                      (or (= F5 #b1) (= I5 #b000000000000000000000) (= M3 #b1))
                      (or (= U3 #b0) (= (bvnot C) S4))
                      (or (= U3 #b0)
                          (not ((_ bit2bool 0) Z4))
                          (not (= B2 #b0))
                          (= W #b10))
                      (or (= G2 #b1)
                          (= O1 #b1)
                          (= U3 #b0)
                          (not (= T4 #b1))
                          (= N4 #b1))
                      (or (= G3 #b1) (= U3 #b0) (not (= O1 #b1)))
                      (or (not (= B2 #b1)) (= A5 #b0))
                      (or (= O1 #b1)
                          (= U3 #b0)
                          (not (= M1 #b0))
                          (not (= S1 #b0))
                          (not (= G1 #b0))
                          (not (= A2 #b1))
                          (not (= F4 #b1)))
                      (or (= F5 #b1) (not (= M1 #b0)) (not (= Q3 #b1)))
                      (or (= G2 #b1)
                          (= O1 #b1)
                          (= C2 #b1)
                          (= U3 #b0)
                          (= U1 #b1)
                          (= G3 #b0)
                          (not (= R5 #b00000))
                          (= R2 #b0))
                      (or (= U3 #b0) (= U #x8) (= X4 #b0))
                      (or (= U3 #b0)
                          (= U1 #b1)
                          (= B2 #b0)
                          (not (= R5 #b00000))
                          (= R2 #b0))
                      (or (= G2 #b1)
                          (= O1 #b1)
                          (= C2 #b1)
                          (= U3 #b0)
                          (not (= D3 #b0))
                          (not (= B3 #b1))
                          (= G3 #b0))
                      a!29
                      (or (= R4 #b0) (not (= Q3 #b1)))
                      (or (= S1 #b0)
                          (= I3 #b0)
                          (not (= T5 U))
                          (not (= E5 T))
                          (not (= J1 #b0))
                          (not (= A a!30)))
                      (or (not ((_ bit2bool 1) P3)) (not (= Q5 #b0)))
                      (or (= U3 #b0) (= B2 #b0) (= R4 #b0))
                      (or (= R4 #b0)
                          (not (= X3 #b0))
                          (not (= Q4 #b1))
                          (not (= S1 #b1))
                          (not (= I3 #b1)))
                      (or (= R4 #b0)
                          (= F5 #b1)
                          (not (= Y4 #b0))
                          (not (= S1 #b1))
                          (not (= W2 #b1))
                          (not (= K3 Q5)))
                      (or (= R4 #b0)
                          (not (= Q4 #b1))
                          (not (= W2 #b1))
                          (not (= D4 #b1))
                          (not (= N4 X3)))
                      (or (= R4 #b0)
                          (not (= X3 #b0))
                          (not (= Q4 #b1))
                          (not (= W2 #b1))
                          (not (= D4 #b1)))
                      (or (= R4 #b0)
                          (not (= Q4 #b1))
                          (not (= S1 #b1))
                          (not (= I3 #b1))
                          (not (= N4 X3)))
                      (or (= W2 #b0) (= H2 #b1) (not (= C2 #b0)))
                      (or (= F5 #b1) (not ((_ bit2bool 1) P3)))
                      (or (not (= Q #b1))
                          (not (= X1 #b0))
                          (= O1 #b1)
                          (= C2 #b1))
                      (or (= U3 #b0) (= (bvnot G2) M4))
                      (or (= A3 #b0) (not (= Y #x0)) (not (= W2 #b1)))
                      (or (= A3 #b0)
                          (not (= X2 #b0))
                          (not (= E #x0))
                          (not (= W2 #b1))
                          (not (= M5 #b0)))
                      (or (= K #b0)
                          (= J #b1)
                          (= D3 #b0)
                          (not (= G2 #b1))
                          (not (= G3 B3)))
                      (or (= H1 #b1)
                          (= O1 #b1)
                          (= C2 #b1)
                          (not (= L #b0))
                          (not (= S1 #b0))
                          ((_ bit2bool 0) E)
                          (not (= Q3 #b1))
                          a!31)
                      (or (= O1 #b1) (= U3 #b0) (= F5 #b1) (= M3 #b1))
                      (or (not (= I3 #b0))
                          (not (= N5 #b0))
                          (not (= W2 #b1))
                          (not (= A #b0))
                          (not (= N1 a!30)))
                      a!32
                      (or (= X1 #b0) (not (= O1 #b1)))
                      (or ((_ bit2bool 3) U)
                          (not (= Z2 #b1))
                          (not (= F5 #b1))
                          (not (= Q3 #b1)))
                      (or (= W2 #b1)
                          (= A3 #b0)
                          (= U3 #b0)
                          ((_ bit2bool 2) E)
                          ((_ bit2bool 3) N)
                          ((_ bit2bool 0) E)
                          (not (= I1 #b0)))
                      (or (not (= M1 #b0))
                          (not (= S1 #b0))
                          (not (= G1 #b0))
                          (not (= A2 #b1))
                          (not (= Q3 #b1))
                          (not (= F4 #b1)))
                      (or (not (= K #b0))
                          (not (= Q #b0))
                          (not (= D3 #b0))
                          (not (= W #b00))
                          (= a!21 #b1)
                          (not (= L2 a!30)))
                      (or (= F5 #b1) (= J5 #b0))
                      (or (= W2 #b1)
                          (= H1 #b1)
                          (= A3 #b0)
                          (= U3 #b0)
                          (not (= E #x0)))
                      (or (= W2 #b1)
                          (= H1 #b1)
                          (= A3 #b0)
                          (= U3 #b0)
                          ((_ bit2bool 2) E)
                          ((_ bit2bool 3) N)
                          ((_ bit2bool 0) E))
                      (or (= W2 #b1)
                          (= A3 #b0)
                          (= U3 #b0)
                          ((_ bit2bool 3) R1)
                          ((_ bit2bool 2) E)
                          (not (= S1 #b0))
                          ((_ bit2bool 0) E)
                          (not (= J1 #b1))
                          (not (= I1 #b0)))
                      (or (= W2 #b1)
                          (= H1 #b1)
                          (= A3 #b0)
                          (= U3 #b0)
                          ((_ bit2bool 2) E)
                          ((_ bit2bool 3) M)
                          ((_ bit2bool 0) E))
                      (or (= M2 V) (= Q3 #b0))
                      (or ((_ bit2bool 0) Y)
                          ((_ bit2bool 1) Y)
                          ((_ bit2bool 3) Y)
                          (not (= Q3 #b1))
                          ((_ bit2bool 3) S3)
                          (not (= H1 #b1))
                          (not (= V3 #b10))
                          (not ((_ bit2bool 0) I1))
                          (not ((_ bit2bool 4) S3))
                          (not (= a!21 #b1))
                          (not a!35)
                          a!37)
                      (or (= G2 #b1)
                          (= O1 #b1)
                          (= C2 #b1)
                          (= U3 #b0)
                          (not (= U4 #b0))
                          (= G3 #b0))
                      (or (= L #b1) (not (= S1 #b0)) (not (= W2 #b1)))
                      (or (bvule U T5) (not (= G5 #b1)))
                      (or (= E5 (bvadd #xf T))
                          (bvule T E5)
                          (not (= G5 #b1))
                          (not (= E5 T5)))
                      (or (not ((_ bit2bool 0) S1))
                          (= A #b0)
                          (not (= a!38 a!39)))
                      (or (= T5 U)
                          (not (= S4 #b1))
                          (not (= G5 #b1))
                          (= A #b1)
                          (not (= T #xf)))
                      (or (= L4 #b0) (not (= O1 #b1)))
                      (or ((_ bit2bool 0) Y)
                          ((_ bit2bool 1) Y)
                          (not (= Q1 #b0))
                          ((_ bit2bool 2) Y)
                          (not (= K #b0))
                          ((_ bit2bool 3) Y)
                          (not (= L2 #b0))
                          (not (= G1 #b0))
                          (not (= Q3 #b1))
                          (not (= W #b00)))
                      a!40
                      (or (not (= X4 #b1))
                          (not ((_ bit2bool 0) H3))
                          (not ((_ bit2bool 0) R1))
                          (= ((_ extract 3 3) T) #b1))
                      a!41
                      (or (= W2 #b1)
                          (= H1 #b1)
                          (not (= G2 #b1))
                          (= a!26 #b1)
                          (not (= X1 #b1))
                          (not (= a!33 #b1)))
                      a!42
                      a!43
                      (or (= U3 #b0) (not (= S1 #b0)) (not (= M5 #b1)))
                      (or (= F5 #b1) (not (= Q3 #b1)) (not ((_ bit2bool 0) I1)))
                      a!44
                      (or (= A3 #b0)
                          ((_ bit2bool 3) R1)
                          (not (= J1 #b1))
                          (= ((_ extract 0 0) E) #b1)
                          a!45
                          (not (= X2 #b1))
                          (not (= a!34 #b1)))
                      (or (= A3 #b0) (= U3 #b0) (not (= a!21 #b0)))
                      (or (= W2 #b1)
                          (= A3 #b0)
                          (= M3 #b0)
                          ((_ bit2bool 3) N)
                          (= ((_ extract 0 0) E) #b1)
                          a!45)
                      (or (= W2 #b1)
                          (= A3 #b0)
                          ((_ bit2bool 4) N)
                          (= U3 #b0)
                          (= F3 #b00)
                          ((_ bit2bool 3) N)
                          (= ((_ extract 0 0) E) #b1))
                      (or (= O1 #b1) (= U3 #b0) (not (= U4 #b0)) (= A5 #b1))
                      (or (not (= Q1 #b0))
                          (not (= V1 #b0))
                          (not (= G1 #b0))
                          (not (= Q3 #b1)))
                      (or (= H1 #b1)
                          (= I3 #b1)
                          (= A3 #b0)
                          ((_ bit2bool 4) N)
                          (not (= E #x8)))
                      (or (= I3 #b1)
                          (= A3 #b0)
                          ((_ bit2bool 4) N)
                          (= M3 #b0)
                          (not (= E #x8)))
                      (or (= H1 #b1)
                          (= I3 #b1)
                          (= A3 #b0)
                          (not (= E #x8))
                          (= a!46 #b1))
                      a!47
                      (or ((_ bit2bool 1) W) (not (= O4 #b1)))
                      (or (not (= T4 #b1)) (not (= Z4 #b00)))
                      (or (= K #b0)
                          (= O1 #b1)
                          (not (= G1 #b0))
                          (= V #b1)
                          (not (= A5 Q1)))
                      (or (not (= Q4 #b1)) (not (= W #b00)))
                      (or (not (= V1 #b0))
                          (not (= G1 #b0))
                          (not (= Q3 #b1))
                          (not (= K4 R3)))
                      (or (= O1 #b1) (= U3 #b0) (not (= U4 #b0)) (= R3 #b1))
                      (or (= Z1 #b0)
                          (= U3 #b0)
                          ((_ bit2bool 3) N)
                          (not (= E Y))
                          a!48)
                      (or (not (= V1 #b0))
                          (not (= G1 #b0))
                          (not (= Q3 #b1))
                          (not (= A5 Q1)))
                      (or (= H1 #b1)
                          (= I3 #b1)
                          (= Z1 #b0)
                          (= U3 #b0)
                          ((_ bit2bool 3) N)
                          ((_ bit2bool 0) E)
                          a!45)
                      (or (= I3 #b1)
                          (= Z1 #b0)
                          (= M3 #b0)
                          ((_ bit2bool 0) Y)
                          ((_ bit2bool 3) N)
                          a!45)
                      (or (= Z1 #b0)
                          ((_ bit2bool 3) N)
                          ((_ bit2bool 2) Y)
                          (not ((_ bit2bool 4) N)))
                      (or (= I3 #b1)
                          (= Z1 #b0)
                          (= M3 #b0)
                          ((_ bit2bool 3) N)
                          ((_ bit2bool 0) E)
                          a!45)
                      (or (not (= K4 #b0))
                          (not (= V1 #b0))
                          (not (= G1 #b0))
                          (not (= Q3 #b1)))
                      a!49
                      (or (not (= S1 #b0))
                          (not (= O4 #b1))
                          (not (= G3 #b0))
                          (= ((_ extract 0 0) Z4) #b1))
                      (or (= O1 #b1)
                          (= G1 #b0)
                          (not (= B3 #b0))
                          (not (= Q1 #b1)))
                      (or (= H1 #b1) (not (= U4 #b0)) (not ((_ bit2bool 1) E)))
                      (or (= F2 #b0) (= G1 #b0) (= A5 #b1))
                      (or (not (= B3 #b0)) (not (= Q3 #b1)) (= G1 #b0))
                      (or (= G1 #b0) (not (= Q3 #b1)) (= A5 #b1))
                      (or (= B2 #b0)
                          (not (= U4 #b0))
                          (not (= T4 #b1))
                          (= ((_ extract 0 0) Z4) #b1))
                      (or (not ((_ bit2bool 1) E)) (not (= U4 #b0)) (= M3 #b0))
                      (or (= F5 #b1) (not (= Q3 #b1)) (not (= H1 #b1)))
                      (or (= G2 #b1)
                          (= O1 #b1)
                          (= C2 #b1)
                          (not (= U4 #b0))
                          (not (= S1 #b0))
                          (= ((_ extract 0 0) Z4) #b1)
                          (not (= W #b10)))
                      (or (= V #b0)
                          (= C2 #b1)
                          (= F5 #b1)
                          (not (= V1 #b0))
                          (not (= Q3 #b1))
                          (not (= Y4 M3))
                          a!50)
                      (or (= O4 #b1) (= H1 #b0) (not (= J #b1)))
                      (or (= S2 #b1)
                          (not (= D4 #b1))
                          (not ((_ bit2bool 0) R1))
                          (not ((_ bit2bool 2) R1))
                          (not ((_ bit2bool 1) R1)))
                      (or ((_ bit2bool 4) N)
                          (not (= S1 #b0))
                          (not ((_ bit2bool 4) R1))
                          (= J1 #b0))
                      (or (= W2 #b1)
                          (= O1 #b1)
                          (= U3 #b0)
                          (= C #b1)
                          (= F3 #b11)
                          (not (= T3 #b00000))
                          (not (= D4 #b1)))
                      (or (= O #b0)
                          (= ((_ extract 2 1) T3) #b11)
                          (not (= A #b0)))
                      (or (= C2 #b1) (not (= W2 #b1)) (not (= D4 #b1)) (= E Y))
                      (or (not (= W2 #b1))
                          (not (= D4 #b1))
                          (= A #b0)
                          a!51
                          (not (= O P)))
                      (or (not ((_ bit2bool 1) S)) (not (= S5 #b1)))
                      (or (= D3 #b0)
                          (not (= Y #x0))
                          (not (= F5 #b1))
                          (not (= G1 #b0))
                          (not (= Q3 #b1)))
                      (or (not (= T #x0))
                          (not (= L1 #b0))
                          (not (= P5 #b1))
                          (= J1 #b0)
                          (not (= E5 #xf)))
                      (or (not (= J5 #b1))
                          (not (= D4 #b1))
                          (not (= I3 #b1))
                          (not (= J1 #b0)))
                      (or (= W2 #b1)
                          (= K #b0)
                          (= O1 #b1)
                          (not (= S4 #b1))
                          (not (= G1 #b0))
                          (= V #b1)
                          (not (= M5 #b1))
                          (not (= F4 O3)))
                      a!52
                      (or (not (= M1 #b0))
                          (not (= S1 #b0))
                          (not (= G1 #b0))
                          (not (= A2 #b1))
                          (not (= Q3 #b1))
                          (not (= A #b0))
                          (not (= O3 F4)))
                      (or (not (= D #b1)) (not (= A2 #b1)) (not (= Q3 #b1)))
                      (or (not (= T #x0))
                          (= U3 #b0)
                          (not (= G5 #b1))
                          (not (= C #b1))
                          (not (= D4 #b1))
                          (not (= L1 a!30)))
                      (or (= O1 #b1)
                          (not (= N5 #b0))
                          (not (= S4 #b1))
                          (not (= G5 #b1))
                          (= A #b1)
                          (= E5 #xf)
                          (not (= T #xf)))
                      a!53
                      a!54
                      a!55
                      (or (= ((_ extract 2 1) T3) #b11)
                          (not ((_ bit2bool 0) S1))
                          (not (= A #b1))
                          a!56)
                      (or (not (= K #b1)) (not (= T4 #b1)) (= G2 #b1))
                      (or (not (= D4 #b1))
                          (not (= A #b1))
                          (= F3 ((_ extract 4 3) P3))
                          (not (= Z5 #b1)))
                      (or (= F3 #b11)
                          (= F3 #b10)
                          (= F3 #b00)
                          (= T5 U)
                          (not (= O #b0))
                          (not (= D4 #b1))
                          (not (= A #b1))
                          (= ((_ extract 4 3) T3) #b01))
                      (or (= U3 #b0)
                          (= F3 #b11)
                          (= F3 #b10)
                          (= F3 #b00)
                          (not (= O #b0))
                          (not (= D4 #b1))
                          (not (= A #b1))
                          (= ((_ extract 4 3) T3) #b01))
                      (or (not (= G1 #b0)) (not (= L2 #b1)) (not (= N4 #b1)))
                      (or (= W2 #b0) (not (= O4 #b1)) (not (= L2 #b1)))
                      (or (= B2 #b0)
                          (not (= T4 #b1))
                          (not (= W2 #b1))
                          (not (= D4 #b1)))
                      (or (= R4 #b0) (not (= F5 #b1)) (not (= W2 #b1)))
                      a!57
                      (or (= G1 #b0) (not (= Q3 #b1)) (= a!33 #b0))
                      (or (= K #b0)
                          (= V #b1)
                          (not (= M S3))
                          (not (= a!26 #b1))
                          (not (= Y E))
                          (not (= A5 Q1)))
                      (or (= K #b0) (= A3 #b0) (not (= U4 #b0)))
                      (or (= D3 #b0)
                          (not (= V1 #b0))
                          (not (= Q3 #b1))
                          (not (= L #b1)))
                      (or (= W2 #b1)
                          (= D3 #b0)
                          ((_ bit2bool 4) N)
                          (= O1 #b1)
                          (= U3 #b0)
                          (= F5 #b1)
                          (= V3 #b00)
                          ((_ bit2bool 3) N)
                          (not (= S4 #b1))
                          (not (= T3 P3))
                          (= ((_ extract 0 0) Y) #b1))
                      (or (= U3 #b0) (= (bvnot C2) H2))
                      (or (= O1 #b1)
                          (= B #b1)
                          (= U3 #b0)
                          (not (= C2 #b1))
                          (not (= H2 Q2)))
                      (or (= U3 #b0) (= B2 #b0) (not (= U4 #b0)))
                      (or (not (= Q3 #b1)) (not (= O4 #b1)) (not (= L2 #b1)))
                      (or (not (= Q3 #b1)) (not (= W #b11)))
                      (or (= F2 #b0) (not (= Q #b0)))
                      (or (= V #b0)
                          (not (= Q3 #b1))
                          (not (= O4 #b1))
                          (not (= C4 #b1))
                          (= C6 #b1)
                          (not (= G2 C6)))
                      (or (= B2 #b0) (not (= T4 #b1)) (not (= X2 #b1)))
                      (or (= R4 #b0) (not (= X1 #b1)))
                      (or (= U3 #b0) (= B2 #b0) (= F5 #b1) (not (= X4 #b1)))
                      (or (= B2 #b0) (= M3 #b0) (not (= X4 #b1)))
                      (or (= V #b0)
                          (not (= G1 #b0))
                          (not (= Q3 #b1))
                          (not (= Q4 #b1))
                          (not (= N4 X3)))
                      (or (not (= G3 #b1)) (not (= W2 #b1)) a!2 a!58)
                      (or (not (= Q3 #b1)) (not (= O4 #b1)) (not (= X3 #b1)))
                      (or (= G2 #b1)
                          (= C2 #b1)
                          (= U1 #b1)
                          (not (= G3 #b1))
                          (not (= W2 #b1))
                          (not (= D3 a!30)))
                      (or (not (= X3 N4))
                          (not (= T4 #b1))
                          (not (= W2 #b1))
                          (= G2 #b1))
                      (or (not (= Q3 #b1)) (not (= O4 #b1)) (not (= N4 X3)))
                      (or (= J #b1) (not (= O4 #b1)) (not (= N5 #b1)))
                      (or (= G2 #b1)
                          (= C2 #b1)
                          (not (= X2 #b0))
                          (not (= G3 #b1))
                          (not (= T4 #b1))
                          (not (= I3 #b1)))
                      (or (= E5 (bvadd #xf T))
                          (bvule T E5)
                          (not (= G5 #b1))
                          (not (= W2 #b1))
                          (not (= J1 #b1)))
                      (or (not (= I3 #b0))
                          (not (= W2 #b1))
                          (not (= T5 U))
                          (not (= E5 T))
                          (= A #b1)
                          (not (= N1 a!30)))
                      (or (= R4 #b0)
                          (not (= N5 #b0))
                          (not (= K2 #b0))
                          (not (= B3 #b1))
                          (not (= F4 #b1))
                          (not (= Q4 #b1))
                          (not (= W2 #b1))
                          (not (= B #b0)))
                      (or (= I3 #b1)
                          (not (= W2 #b1))
                          (not (= J1 #b1))
                          (not (= A4 H5))
                          (not (= A a!30)))
                      (or (not (= L1 #b0)) (not (= E5 T)) (not (= N1 #b1)))
                      (or (= R4 #b0)
                          (not (= Y1 #b0))
                          (not (= I3 #b0))
                          (not (= N5 #b0))
                          (not (= W2 #b1))
                          (not (= T5 U))
                          (not (= A #b0))
                          (not (= N1 K2)))
                      (or (not (= Q3 #b1)) (not (= O4 #b1)) (not (= P1 #b1)))
                      (or (= G3 #b1)
                          (= J #b1)
                          (= U3 #b0)
                          (= B2 #b0)
                          (not (= X2 #b0))
                          (not (= L2 #b0)))
                      (or (not (= G3 #b1)) (not (= I #b0)) (= J #b0))
                      (or (not (= L1 #b0))
                          (not (= W2 #b1))
                          (not (= D4 #b1))
                          (not (= T5 U)))
                      (or (not (= F5 #b1))
                          (not (= Q3 #b1))
                          (not (= O4 #b1))
                          (not (= B1 #b0)))
                      (or (= S1 #b0) (= A1 #b1) (not (= G2 #b1)))
                      (or (= A3 #b0)
                          (= U3 #b0)
                          (not (= Z1 #b0))
                          (not (= F5 #b1))
                          (not (= T4 #b1)))
                      (or (= D3 #b0)
                          (not (= Y4 #b0))
                          (not (= L2 #b0))
                          (not (= G1 #b0))
                          (not (= Q3 #b1))
                          (not (= Q4 #b1)))
                      (or (= D3 #b0)
                          (not (= Q1 #b0))
                          (not (= Y4 #b0))
                          (not (= G1 #b0))
                          (not (= W2 #b1))
                          (not ((_ bit2bool 0) G2))
                          (= V #b1)
                          (not (= Z1 L2)))
                      (or (= R4 #b0)
                          (= U #x0)
                          (not (= W2 #b1))
                          (not (= N5 #b1))
                          (not (bvule T E5))
                          (not (= J1 #b0))
                          (not (= T5 #xf))
                          (not (= A a!30)))
                      (or (= U3 #b0)
                          (= B2 #b0)
                          (not (= L2 #b0))
                          (not (= D4 #b1))
                          (not (= D3 a!30)))
                      (or (= G2 #b1)
                          (= C2 #b1)
                          (not (= U4 #b0))
                          (not (= W2 #b1))
                          (not (= G3 B3))
                          (not (= D3 a!30)))
                      (or (= H1 #b1)
                          (= I3 #b1)
                          (= Z1 #b0)
                          (= U3 #b0)
                          (not (= E #x0)))
                      (or (not (= U4 #b0)) (not (= G1 #b0)) (not (= W2 #b1)))
                      a!59
                      a!60
                      a!61
                      a!62
                      (or (= R4 #b0)
                          (not (= W2 #b0))
                          (= ((_ extract 2 1) P3) #b11)
                          (not (= D4 #b1))
                          (not (= I3 #b1))
                          (not (= F3 V3)))
                      (or (not (= T #x0))
                          (= T5 U)
                          (not (= G5 #b1))
                          (not (= D4 #b1))
                          (not (= A #b1)))
                      (or (= O1 #b1)
                          (not (= D4 #b1))
                          (not (= N5 #b1))
                          (not (= J1 #b0))
                          (not (= E5 T5)))
                      (or (= P #b0)
                          (= ((_ extract 2 1) P3) #b11)
                          (not (= Q3 #b1))
                          (not (= D4 #b1))
                          (not (= A #b1))
                          (not (= F3 V3)))
                      a!63
                      (or (= Z1 #b0)
                          (= U3 #b0)
                          (= U1 #b1)
                          (not (= E Y))
                          (not (= a!26 #b0)))
                      a!64
                      (or (= D3 #b0)
                          (= X #b1)
                          ((_ bit2bool 0) Y)
                          (not (= Y4 #b0))
                          ((_ bit2bool 3) N)
                          (not (= F5 #b1))
                          (not (= G1 #b0))
                          (not (= Q3 #b1))
                          (not (= Q4 #b1))
                          a!65)
                      (or (not (= I3 #b0))
                          (not (= W2 #b1))
                          (not (= J1 #b1))
                          (not (= U T))
                          (not (= N1 a!30)))
                      (or (not (= N5 #b0))
                          (not (= W2 #b1))
                          (not (= D4 #b1))
                          (= A #b1)
                          (not (= A4 H5)))
                      (or (not (= L1 #b0))
                          (not (= E5 #x0))
                          (not (= P5 #b1))
                          (not (= W2 #b1))
                          (= A #b0)
                          (not (= T #x1)))
                      a!66
                      (or (= N5 #b0)
                          ((_ bit2bool 0) U)
                          (not (= D4 #b1))
                          (not (bvule T E5))
                          (not (= A #b1))
                          (not (= T5 #xf))
                          (not (= S R)))
                      (or (not (= D4 #b1))
                          (not (= I3 #b1))
                          (not (= J1 #b0))
                          (not (= E5 T5)))
                      (or (= I3 #b0)
                          ((_ bit2bool 4) N)
                          ((_ bit2bool 3) N)
                          (not (= V1 #b0))
                          (not (= F5 #b1))
                          (not (= O4 #b1))
                          (not (= D3 #b1)))
                      a!68
                      a!69
                      (or (= Z1 #b0)
                          (= F ((_ extract 23 5) N))
                          (= H ((_ extract 23 5) N)))
                      (or (= S2 #b1)
                          (not ((_ bit2bool 0) S1))
                          (not ((_ bit2bool 2) H3))
                          (not ((_ bit2bool 1) H3))
                          (not (= J1 #b0)))
                      (or (= U3 #b0) (= G2 #b0) a!70)
                      (or (not (= Q3 #b1)) (not (= O4 #b1)) (not (= D3 #b1)))
                      (or (= U3 #b0)
                          (= B2 #b0)
                          (not (= T4 #b1))
                          (not (= D4 #b1)))
                      (or (not (= T #x0))
                          (not (= X2 #b0))
                          (not (= E5 #x0))
                          (not (= P5 #b1))
                          (not (= I3 #b1))
                          (not (= J1 #b0))
                          (not (= A a!30)))
                      (or (not (= S5 #b1))
                          (not (= W2 #b1))
                          (not (= D4 #b1))
                          (not (= N5 #b1))
                          (bvule #b10 (bvadd #b01 R))
                          (not (= E5 T5)))
                      (or (= W2 #b1) (= A3 #b0) (= M3 #b0) (not (= E #x0)))
                      a!71
                      (or (= W2 #b1)
                          (= D3 #b0)
                          (= V #b0)
                          ((_ bit2bool 3) N)
                          (not (= L2 #b0))
                          (not (= Q4 #b1))
                          (not (= C #b0))
                          (not (= X1 #b1))
                          a!45
                          a!72
                          a!73)
                      (or (= W2 #b1)
                          (= D3 #b0)
                          (= V #b0)
                          ((_ bit2bool 3) N)
                          (not (= L2 #b0))
                          (not (= Q4 #b1))
                          (not (= C #b0))
                          (not (= X1 #b1))
                          a!72
                          a!73
                          a!74)
                      (or (= W2 #b1)
                          (= D3 #b0)
                          ((_ bit2bool 3) N)
                          (not (= L2 #b0))
                          (not (= Q4 #b1))
                          (not (= C #b0))
                          (not (= X1 #b1))
                          a!72
                          (not (= Y #x8)))
                      (or (= O1 #b1)
                          (not (= G1 #b0))
                          (not (= X4 #b1))
                          (not (= D4 #b0))
                          (not (= K #b1)))
                      (or (= G2 #b1)
                          (= O1 #b1)
                          (= C2 #b1)
                          (= U3 #b0)
                          (not (= G3 #b1))
                          (not (= D3 #b0))
                          (not (= U1 #b0)))
                      (or (not (= Q3 #b1)) (not (= O4 #b1)) a!75)
                      (or (= U3 #b0) (not (= Z4 #b11)))
                      (or (not ((_ bit2bool 4) T3))
                          (not ((_ bit2bool 1) T3))
                          (not (= A #b1))
                          (= ((_ extract 1 1) F3) #b1))
                      (or (not (= T4 Q4)) (not (= G2 #b1)) (not (= W #b00)))
                      a!76
                      a!77
                      a!78
                      (or (= B3 #b1)
                          ((_ bit2bool 1) W)
                          (not (= V1 #b0))
                          (not (= F5 #b1))
                          (not (= W2 #b1)))
                      (or (not (= S2 #b0))
                          (not (= D4 #b1))
                          (not (= I3 #b1))
                          (not (= J1 #b0))
                          a!79)
                      a!80
                      (or (not (= S5 #b1))
                          (not (= D4 #b1))
                          (not (= I3 #b1))
                          (not (= J1 #b1))
                          (bvule #b10 (bvadd #b01 R)))
                      (or ((_ bit2bool 0) R1)
                          ((_ bit2bool 0) H3)
                          (not (= D4 #b1))
                          (not (= I3 #b1))
                          (not (= J1 #b0)))
                      (or (= G3 #b1)
                          (not (= Z4 #b00))
                          (not (= D4 #b1))
                          (not (= Q1 A5)))
                      (or (= B3 #b1) (not (= U4 #b0)) (not (= W2 #b1)))
                      (or (= G3 #b1)
                          (not (= U4 #b0))
                          (not (= D4 #b1))
                          (= ((_ extract 1 1) Z4) #b1))
                      (or (= D3 #b0)
                          (not (= J #b0))
                          (= T5 U)
                          (not (= V #b0))
                          (not (= W2 #b1))
                          (not (= K #b1)))
                      (or (not (= T4 Q4))
                          (not (= G2 #b1))
                          (not (= W2 #b1))
                          (= R4 #b0))
                      (or (not (= D4 #b1)) (not (= Q3 #b1)) (= G1 #b0))
                      (or (not (= V1 #b0))
                          (not (= F5 #b1))
                          (not (= Q3 #b1))
                          (not (= D4 #b1)))
                      a!81
                      (or (not (= D4 #b1)) (not (= U4 #b0)) (not (= W2 #b1)))
                      (or (= W2 #b1)
                          (= D3 #b0)
                          (not (= Y #x0))
                          (not (= O1 #b0))
                          (not (= S4 #b1))
                          (not (= Y4 #b1)))
                      (or (= W2 #b1)
                          (= D3 #b0)
                          (not (= Y #x0))
                          (not (= O1 #b0))
                          ((_ bit2bool 0) C)
                          (not (= Y4 #b1)))
                      (or (= O1 #b1) (not (= Q3 #b1)) (= G3 #b0) a!2 a!58))))
       (= (INV!slice!1 A
                       B
                       C
                       D
                       E
                       F
                       G
                       H
                       I
                       J
                       K
                       L
                       M
                       N
                       O
                       P
                       Q
                       R
                       S
                       T
                       U
                       V
                       W
                       X
                       Y
                       Z
                       A1
                       B1
                       C1
                       D1
                       E1
                       F1
                       G1
                       H1
                       I1
                       J1
                       K1
                       L1
                       M1
                       N1
                       O1
                       P1
                       Q1
                       R1
                       S1
                       T1
                       U1
                       V1
                       W1
                       X1
                       Y1
                       Z1
                       A2
                       B2
                       C2
                       D2
                       E2
                       F2
                       G2
                       H2
                       I2
                       J2
                       K2
                       L2
                       M2
                       N2
                       O2
                       P2
                       Q2
                       R2
                       S2
                       T2
                       U2
                       V2
                       W2
                       X2
                       Y2
                       Z2
                       A3
                       B3
                       C3
                       D3
                       E3
                       F3
                       G3
                       H3
                       I3
                       J3
                       K3
                       L3
                       M3
                       N3
                       O3
                       P3
                       Q3
                       R3
                       S3
                       T3
                       U3
                       V3
                       W3
                       X3
                       Y3
                       Z3
                       A4
                       B4
                       C4
                       D4
                       E4
                       F4
                       G4
                       H4
                       I4
                       J4
                       K4
                       L4
                       M4
                       N4
                       O4
                       P4
                       Q4
                       R4
                       S4
                       T4
                       U4
                       V4
                       W4
                       X4
                       Y4
                       Z4
                       A5
                       B5
                       C5
                       D5
                       E5
                       F5
                       G5
                       H5
                       I5
                       J5
                       K5
                       L5
                       M5
                       N5
                       O5
                       P5
                       Q5
                       R5
                       S5
                       T5
                       U5
                       V5
                       W5
                       X5
                       Y5
                       Z5
                       A6
                       B6
                       C6
                       D6
                       E6
                       F6)
          a!82))))
     :weight 0))
