unsat
(forall ((A (_ BitVec 1))
         (B (_ BitVec 1))
         (C (_ BitVec 1))
         (D (_ BitVec 1))
         (E (_ BitVec 4))
         (F (_ BitVec 19))
         (G (_ BitVec 19))
         (H (_ BitVec 19))
         (I (_ BitVec 1))
         (J (_ BitVec 1))
         (K (_ BitVec 1))
         (L (_ BitVec 1))
         (M (_ BitVec 24))
         (N (_ BitVec 24))
         (O (_ BitVec 1))
         (P (_ BitVec 1))
         (Q (_ BitVec 1))
         (R (_ BitVec 2))
         (S (_ BitVec 2))
         (T (_ BitVec 4))
         (U (_ BitVec 4))
         (V (_ BitVec 1))
         (W (_ BitVec 2))
         (X (_ BitVec 4))
         (Y (_ BitVec 19))
         (Z (_ BitVec 1))
         (A1 (_ BitVec 1))
         (B1 (_ BitVec 19))
         (C1 (_ BitVec 19))
         (D1 (_ BitVec 19))
         (E1 (_ BitVec 19))
         (F1 (_ BitVec 1))
         (G1 (_ BitVec 1))
         (H1 (_ BitVec 1))
         (I1 (_ BitVec 1))
         (J1 (_ BitVec 1))
         (K1 (_ BitVec 1))
         (L1 (_ BitVec 1))
         (M1 (_ BitVec 1))
         (N1 (_ BitVec 1))
         (O1 (_ BitVec 1))
         (P1 (_ BitVec 5))
         (Q1 (_ BitVec 1))
         (R1 (_ BitVec 1))
         (S1 (_ BitVec 1))
         (T1 (_ BitVec 1))
         (U1 (_ BitVec 1))
         (V1 (_ BitVec 1))
         (W1 (_ BitVec 1))
         (X1 (_ BitVec 1))
         (Y1 (_ BitVec 1))
         (Z1 (_ BitVec 1))
         (A2 (_ BitVec 1))
         (B2 (_ BitVec 1))
         (C2 (_ BitVec 1))
         (D2 (_ BitVec 1))
         (E2 (_ BitVec 1))
         (F2 (_ BitVec 19))
         (G2 (_ BitVec 1))
         (H2 (_ BitVec 1))
         (I2 (_ BitVec 1))
         (J2 (_ BitVec 1))
         (K2 (_ BitVec 1))
         (L2 (_ BitVec 1))
         (M2 (_ BitVec 24))
         (N2 (_ BitVec 21))
         (O2 (_ BitVec 1))
         (P2 (_ BitVec 24))
         (Q2 (_ BitVec 19))
         (R2 (_ BitVec 1))
         (S2 (_ BitVec 19))
         (T2 (_ BitVec 1))
         (U2 (_ BitVec 24))
         (V2 (_ BitVec 1))
         (W2 (_ BitVec 1))
         (X2 (_ BitVec 1))
         (Y2 (_ BitVec 1))
         (Z2 (_ BitVec 1))
         (A3 (_ BitVec 1))
         (B3 (_ BitVec 1))
         (C3 (_ BitVec 2))
         (D3 (_ BitVec 1))
         (E3 (_ BitVec 24))
         (F3 (_ BitVec 24))
         (G3 (_ BitVec 1))
         (H3 (_ BitVec 1))
         (I3 (_ BitVec 1))
         (J3 (_ BitVec 1))
         (K3 (_ BitVec 1))
         (L3 (_ BitVec 1))
         (M3 (_ BitVec 1))
         (N3 (_ BitVec 1))
         (O3 (_ BitVec 1))
         (P3 (_ BitVec 1))
         (Q3 (_ BitVec 24))
         (R3 (_ BitVec 19))
         (S3 (_ BitVec 1))
         (T3 (_ BitVec 1))
         (U3 (_ BitVec 1))
         (V3 (_ BitVec 2))
         (W3 (_ BitVec 1))
         (X3 (_ BitVec 1))
         (Y3 (_ BitVec 1))
         (Z3 (_ BitVec 1))
         (A4 (_ BitVec 1))
         (B4 (_ BitVec 1))
         (C4 (_ BitVec 1))
         (D4 (_ BitVec 32))
         (E4 (_ BitVec 1))
         (F4 (_ BitVec 1))
         (G4 (_ BitVec 1))
         (H4 (_ BitVec 1))
         (I4 (_ BitVec 1))
         (J4 (_ BitVec 1))
         (K4 (_ BitVec 1))
         (L4 (_ BitVec 1))
         (M4 (_ BitVec 1))
         (N4 (_ BitVec 1))
         (O4 (_ BitVec 1))
         (P4 (_ BitVec 1))
         (Q4 (_ BitVec 1))
         (R4 (_ BitVec 1))
         (S4 (_ BitVec 1))
         (T4 (_ BitVec 1))
         (U4 (_ BitVec 1))
         (V4 (_ BitVec 1))
         (W4 (_ BitVec 1))
         (X4 (_ BitVec 1))
         (Y4 (_ BitVec 2))
         (Z4 (_ BitVec 1))
         (A5 (_ BitVec 1))
         (B5 (_ BitVec 2))
         (C5 (_ BitVec 1))
         (D5 (_ BitVec 5))
         (E5 (_ BitVec 1))
         (F5 (_ BitVec 1))
         (G5 (_ BitVec 1))
         (H5 (_ BitVec 4))
         (I5 (_ BitVec 1))
         (J5 (_ BitVec 1))
         (K5 (_ BitVec 2))
         (L5 (_ BitVec 21))
         (M5 (_ BitVec 1))
         (N5 (_ BitVec 1))
         (O5 (_ BitVec 1))
         (P5 (_ BitVec 1))
         (Q5 (_ BitVec 1))
         (R5 (_ BitVec 5))
         (S5 (_ BitVec 1))
         (T5 (_ BitVec 5))
         (U5 (_ BitVec 1))
         (V5 (_ BitVec 4))
         (W5 (_ BitVec 1))
         (X5 (_ BitVec 1))
         (Y5 (_ BitVec 1))
         (Z5 (_ BitVec 1))
         (A6 (_ BitVec 32))
         (B6 (_ BitVec 1))
         (C6 (_ BitVec 1))
         (D6 (_ BitVec 1))
         (E6 (_ BitVec 1))
         (F6 (_ BitVec 24))
         (G6 (_ BitVec 1))
         (H6 (_ BitVec 1)))
  (! (let ((a!1 (or (not (= I1 #b0)) (not (= ((_ extract 0 0) R) #b1))))
           (a!2 (or (not (= M1 #b0)) (not (= ((_ extract 0 0) K5) #b1))))
           (a!3 (not (= F3 (concat ((_ extract 23 3) M) #b000))))
           (a!4 (or (not (= ((_ extract 0 0) K5) #b1)) (= A #b0)))
           (a!5 (or (not (= Y3 #b0)) (not (= ((_ extract 0 0) K5) #b1))))
           (a!6 (or (not (= ((_ extract 0 0) K5) #b1)) (= C #b0)))
           (a!7 (not (= R5 (concat ((_ extract 4 3) M) #b000))))
           (a!8 (or (= C2 #b1)
                    (= A2 #b1)
                    (not (= O2 #b0))
                    (not (= B2 #b0))
                    (not (= N2 ((_ extract 23 3) Q3)))
                    (not (= N1 #b0))
                    (not (= Q #b1))))
           (a!9 (or (not (= P1 #b00000))
                    (not (= I5 #b1))
                    (not (= ((_ extract 4 3) N) #b00))
                    (not (= G1 #b1))
                    (not (= N1 #b0))
                    (= ((_ extract 1 1) B5) #b1)))
           (a!10 ((_ extract 0 0) (bvlshr X (concat #b00 ((_ extract 4 3) N)))))
           (a!11 (or (= N1 #b1)
                     (= X #x0)
                     (not (= Y3 #b1))
                     (not (= M5 #b0))
                     (not (= ((_ extract 3 1) X) #b000))
                     (= ((_ extract 0 0) E) #b1)))
           (a!12 (or (= O3 #b0)
                     (not (= R4 #b1))
                     (not (= ((_ extract 3 3) T5) #b1))))
           (a!13 (not (= F3 (concat ((_ extract 23 3) N) #b000))))
           (a!15 (or (not (= K #b1)) (not (= ((_ extract 0 0) Y4) #b1))))
           (a!16 (or (not (= Y3 #b0)) (not (= ((_ extract 3 3) T) #b1))))
           (a!17 ((_ extract 0 0) (bvlshr X (concat #b00 ((_ extract 4 3) Q3)))))
           (a!18 (or (not (= L5 ((_ extract 23 3) P2)))
                     (not (= M N))
                     (not (= M F6))
                     (= ((_ extract 23 3) P2) ((_ extract 23 3) F6))))
           (a!19 (not (= E (concat (bvnot M5) ((_ extract 2 1) E) #b0))))
           (a!20 (not (= E (concat #b0 (bvnot M5) #b00))))
           (a!21 (or (= Z #b1)
                     ((_ bit2bool 3) N)
                     ((_ bit2bool 4) N)
                     (= G ((_ extract 23 5) M))
                     (not (= Y3 #b0))
                     (not (= I1 #b1))
                     (not (= S2 ((_ extract 23 5) F3)))))
           (a!22 ((_ extract 0 0) (bvlshr E (concat #b00 ((_ extract 4 3) M)))))
           (a!24 (or (not (= ((_ extract 23 3) N) N2))
                     (= O3 #b0)
                     (= N2 ((_ extract 23 3) P2))))
           (a!25 (not (= E (concat #b1 ((_ extract 2 1) E) #b0))))
           (a!26 (not (= E (concat ((_ extract 3 2) X) #b00))))
           (a!27 (or (= O3 #b0)
                     (not (= M3 #b1))
                     (not (= ((_ extract 0 0) Y4) #b1))))
           (a!28 (or (= S5 #b0)
                     (= N1 #b1)
                     (not (= L5 #b000000000000000000000))
                     (= A2 #b1)
                     (= N2 ((_ extract 23 3) Q3))
                     (= ((_ extract 23 3) P2) #b000000000000000000000)
                     (not ((_ bit2bool 0) N4))
                     (not (= ((_ extract 23 3) M) #b000000000000000000000))))
           (a!29 (not (= F3 (concat ((_ extract 23 3) F3) #b000))))
           (a!30 (or (not (= N5 #b1)) (not (= ((_ extract 0 0) K5) #b1))))
           (a!31 (or (= O3 #b0)
                     (not (= I2 #b0))
                     (not ((_ bit2bool 3) M))
                     ((_ bit2bool 3) P2)
                     (and (not (= J #b1)) (not (= A3 #b0)))))
           (a!32 (or (= Y2 #b0)
                     (= G ((_ extract 23 5) M))
                     (not (= Y ((_ extract 23 5) F6)))
                     (not (= ((_ extract 23 3) F6) ((_ extract 23 3) M)))))
           (a!33 (or (= O3 #b0)
                     (not (= L3 #b0))
                     (not (= I2 #b0))
                     (not (= A3 Y2))
                     (and (not (= Y2 #b0)) (not (= I #b1)))))
           (a!34 (not (= (concat ((_ extract 3 3) E)
                                 (bvnot M5)
                                 ((_ extract 1 1) E)
                                 (bvnot M5))
                         E)))
           (a!35 (or (= C2 #b1)
                     (= A2 #b1)
                     (not (= L5 ((_ extract 23 3) P2)))
                     (= U1 #b1)
                     (not (= M F6))
                     (= ((_ extract 23 3) P2) ((_ extract 23 3) F6))))
           (a!36 (or (= Y2 #b0)
                     (not (= N2 #b000000000000000000000))
                     (not (= Y3 #b0))
                     (not (= K #b1))
                     (not (= ((_ extract 23 3) Q3) #b000000000000000000000))
                     (not (= W1 #b1))))
           (a!37 (or (= D3 #b1)
                     (not (= L5 ((_ extract 23 3) P2)))
                     (not (= M F6))
                     (= ((_ extract 23 3) P2) ((_ extract 23 3) F6))))
           (a!38 (or (not (= ((_ extract 23 3) Q3) L5))
                     (= Y2 #b0)
                     (= L5 ((_ extract 23 3) M)))))
     (let ((a!14 (or ((_ bit2bool 3) M)
                     ((_ bit2bool 4) N)
                     (= G ((_ extract 23 5) M))
                     (not (= Y3 #b0))
                     a!13
                     (not (= Q2 S2))
                     (not (= ((_ extract 23 3) M) ((_ extract 23 3) F3)))
                     (not (= ((_ extract 23 5) F3) Q2))))
           (a!23 (or (not (= L #b0))
                     (not (= G1 #b1))
                     (not (= B5 #b11))
                     (not ((_ bit2bool 3) N))
                     (not (= ((_ extract 1 1) X) #b1))
                     (not (= a!22 #b0))
                     (not (= D3 #b0))
                     (not (= H1 #b0)))))
     (let ((a!39 (and (or (= B2 #b0) (not (= C2 #b1)))
                      (= R1 #b0)
                      (not (= E5 #b0))
                      (or (= B2 #b0) (not (= A2 #b1)))
                      (or (= S5 #b0) (not (= V #b0)) (= U3 #b1))
                      (or (= O3 #b0) (not (= C2 #b1)))
                      (or (= O3 #b0) (not (= A2 #b1)))
                      (or (not (= M5 #b1)) (not (= Q5 #b0)) (not (= G3 #b1)))
                      (or (= S5 #b1) (= O3 #b0))
                      (or (= G3 #b0) (not (= N1 #b1)))
                      (or (= Q5 #b1) (= T #x0))
                      (or (= B2 #b0) (= L5 ((_ extract 23 3) Q3)))
                      (or (= O3 #b0) (not (= N1 #b1)))
                      (or (not (= U5 #b1)) (not (= R #b11)))
                      (or (not (= V2 #b0)) (not (= S5 #b1)) (not (= Y3 #b0)))
                      a!1
                      (or (= S5 #b0)
                          (= N1 #b1)
                          (not (= P4 #b0))
                          (not (= T2 #b0)))
                      (or (not ((_ bit2bool 1) R)) (not (= I1 #b0)))
                      (or (= G3 #b0)
                          (= Y2 #b0)
                          ((_ bit2bool 3) M)
                          ((_ bit2bool 0) X)
                          ((_ bit2bool 4) M))
                      (or (= S5 #b0) (= C #b0) (= A #b0))
                      (or (= S5 #b0) (= (bvnot A) N3))
                      (or (= S5 #b0) (= (bvnot C) N4))
                      (or (= G3 #b0) (not (= V2 #b0)) (not (= C #b1)))
                      (or (= S5 #b0)
                          (= N1 #b1)
                          (not (= C5 #b0))
                          (not (= P4 #b0)))
                      (or (= N1 #b1)
                          (= H5 (bvadd #xf T))
                          (not ((_ bit2bool 0) T))
                          (not ((_ bit2bool 2) T))
                          (not ((_ bit2bool 3) T))
                          (not ((_ bit2bool 1) T))
                          (not (= J5 #b1))
                          (= I1 #b0)
                          (= T H5))
                      (or (= Y1 #b0) (= O3 #b0) (not (= X #x0)))
                      (or (= Y2 #b0)
                          (= O3 #b0)
                          ((_ bit2bool 3) M)
                          ((_ bit2bool 0) X)
                          ((_ bit2bool 4) M))
                      (or (= D3 #b1)
                          (= Y1 #b0)
                          (= O3 #b0)
                          ((_ bit2bool 3) M)
                          ((_ bit2bool 0) X)
                          ((_ bit2bool 4) M))
                      (or (= C2 #b1) (= O #b0) (= A2 #b1) (= U1 #b1) (= Z #b0))
                      (or (not (= S4 #b1)) (not (= Q5 #b0)))
                      (or (= S5 #b0) (not ((_ bit2bool 0) T5)) (= U1 #b0))
                      (or (not ((_ bit2bool 1) F3)) (not (= Y3 #b0)) (= I1 #b0))
                      (or (= S5 #b0)
                          (= Y3 #b0)
                          ((_ bit2bool 0) T)
                          (not (= W4 #b1))
                          (= A #b0))
                      (or (not (= I #b1)) (= N1 #b1) (= A2 #b1) (= C2 #b1))
                      a!2
                      (or (not (= S5 #b1)) (not (= Y3 #b0)) (not (= M5 #b1)))
                      (or (= Y2 #b0)
                          (= S5 #b0)
                          ((_ bit2bool 0) X)
                          ((_ bit2bool 4) Q3)
                          ((_ bit2bool 3) Q3))
                      (or (= Y3 #b0)
                          (not (= S4 #b0))
                          (not ((_ bit2bool 0) F3))
                          (not ((_ bit2bool 2) F3))
                          (not ((_ bit2bool 1) F3)))
                      (or (= T1 #b1)
                          (= S5 #b0)
                          (= Y3 #b0)
                          (= C #b1)
                          (= N1 #b1)
                          (= A2 #b1)
                          ((_ bit2bool 0) H4))
                      (or (= D3 #b1)
                          (= Y1 #b0)
                          ((_ bit2bool 3) M)
                          ((_ bit2bool 2) X)
                          (not ((_ bit2bool 4) M)))
                      (or (not (= Y3 #b0)) (bvule T H5))
                      (or (not (= L5 #b000000000000000000000))
                          (bvule T H5)
                          (= C #b0)
                          (= Y4 #b10)
                          (= ((_ extract 23 3) P2) #b000000000000000000000)
                          a!3)
                      (or (= S5 #b0)
                          ((_ bit2bool 3) M)
                          ((_ bit2bool 8) M)
                          ((_ bit2bool 9) M)
                          ((_ bit2bool 14) M)
                          ((_ bit2bool 18) M)
                          ((_ bit2bool 19) M)
                          ((_ bit2bool 23) M)
                          ((_ bit2bool 5) M)
                          ((_ bit2bool 6) M)
                          ((_ bit2bool 11) M)
                          ((_ bit2bool 12) M)
                          ((_ bit2bool 15) M)
                          ((_ bit2bool 17) M)
                          ((_ bit2bool 20) M)
                          ((_ bit2bool 22) M)
                          ((_ bit2bool 10) M)
                          ((_ bit2bool 16) M)
                          ((_ bit2bool 4) M)
                          ((_ bit2bool 7) M)
                          ((_ bit2bool 13) M)
                          ((_ bit2bool 21) M)
                          (= ((_ extract 23 3) Q3) #b000000000000000000000)
                          (= ((_ extract 23 3) P2) #b000000000000000000000))
                      (or (= N1 #b1)
                          (= A2 #b1)
                          (not (= W1 #b0))
                          (not (= S5 #b1))
                          (not (= Y3 #b1))
                          (= C #b0))
                      (or (not (= Y3 #b0)) (not (= S4 #b1)))
                      (or (= T1 #b0) (not (= D3 #b1)) (not (= U1 #b1)) (= M Q3))
                      (or (= O3 #b0) (not (= Z #b1)) (= M Q3))
                      (or (= K #b0)
                          (= C2 #b1)
                          (= N1 #b1)
                          (= A2 #b1)
                          (not (= D3 #b1)))
                      a!4
                      (or (= T1 #b0) (= G3 #b1) (not (= Q5 #b0)))
                      a!5
                      a!6
                      (or (not (= Y3 #b0)) (= H5 T))
                      (or (= L3 #b0) (not (= S5 #b0)))
                      (or (= D3 #b1)
                          (= S5 #b0)
                          ((_ bit2bool 3) M)
                          ((_ bit2bool 8) M)
                          ((_ bit2bool 9) M)
                          ((_ bit2bool 14) M)
                          ((_ bit2bool 18) M)
                          ((_ bit2bool 19) M)
                          ((_ bit2bool 23) M)
                          ((_ bit2bool 5) M)
                          ((_ bit2bool 6) M)
                          ((_ bit2bool 11) M)
                          ((_ bit2bool 12) M)
                          ((_ bit2bool 15) M)
                          ((_ bit2bool 17) M)
                          ((_ bit2bool 20) M)
                          ((_ bit2bool 22) M)
                          ((_ bit2bool 10) M)
                          ((_ bit2bool 16) M)
                          ((_ bit2bool 4) M)
                          ((_ bit2bool 7) M)
                          ((_ bit2bool 13) M)
                          ((_ bit2bool 21) M)
                          (= ((_ extract 23 3) P2) #b000000000000000000000))
                      (or (not (= Y3 #b1)) (not (= C #b1)) (= G3 #b0))
                      (or (not (= H4 #b1)) (not ((_ bit2bool 0) N3)))
                      (or (= C2 #b1)
                          (= A2 #b1)
                          (not (= K #b1))
                          (not ((_ bit2bool 3) M))
                          ((_ bit2bool 3) P2))
                      (or (= S5 #b0)
                          ((_ bit2bool 3) M)
                          (= C3 #b11)
                          ((_ bit2bool 4) M)
                          (not (= Y3 #b1))
                          (= A #b0)
                          a!7)
                      (or (= Y2 #b0)
                          ((_ bit2bool 1) X)
                          ((_ bit2bool 4) M)
                          (not (= K #b1))
                          (= ((_ extract 0 0) X) #b1))
                      (or (= S5 #b0)
                          (= A2 #b1)
                          (not (= Z #b1))
                          (not (= U1 #b0))
                          (not (= C2 #b0)))
                      (or (not ((_ bit2bool 1) R5)) (not (= Y3 #b0)))
                      (or (= O3 #b0)
                          (not (= J1 #b0))
                          ((_ bit2bool 0) T)
                          ((_ bit2bool 2) T)
                          ((_ bit2bool 3) T)
                          (not (= N5 #b0))
                          ((_ bit2bool 1) T)
                          (not (= C #b1))
                          (not (= J5 #b1)))
                      (or (not (= A4 #b1)) (not (= G1 #b1)))
                      (or (= P #b0) (not (= S5 #b0)))
                      (or (= T1 #b0)
                          (not (= Y3 #b1))
                          (not (= A #b1))
                          (not (= P #b1)))
                      (or (not (= T #x0))
                          (not (= K1 #b0))
                          (= H5 #x0)
                          (not (= J5 #b1))
                          (= A #b0))
                      (or (= ((_ extract 4 4) F3) #b1)
                          (= G1 #b1)
                          (= Y1 #b0)
                          (= G3 #b1)
                          ((_ bit2bool 0) E)
                          ((_ bit2bool 1) X)
                          (not (= S5 #b1))
                          (not (= Y3 #b0)))
                      (or (= N1 #b1)
                          (not (= J1 #b0))
                          (not (= N5 #b0))
                          (bvule T H5)
                          (not (= J5 #b1)))
                      (or (= O3 #b0) (not (bvule #b00100 T5)) (not (= U1 #b1)))
                      (or (= B2 #b0) (not (= W1 #b0)))
                      (or (not (= Y3 #b1)) (= B2 #b0))
                      (or (= G1 #b1)
                          (= Y1 #b0)
                          (= O3 #b0)
                          ((_ bit2bool 0) E)
                          ((_ bit2bool 1) X)
                          ((_ bit2bool 4) M)
                          (not (= Y3 #b1))
                          (not (bvule #b00100 T5)))
                      (or (= G1 #b1)
                          (= Y1 #b0)
                          (= O3 #b0)
                          (not (= E #x0))
                          (not (= Y3 #b1)))
                      (or (= Q1 #b0) (not (= S5 #b0)))
                      (or (= N1 #b1) (= A2 #b1) (= W1 #b1) (not (= Q #b1)))
                      (or (not (= S1 #b1)) (= L3 #b0))
                      (or (not (= O2 #b0)) (not (= S5 #b1)) (not (= Y3 #b1)))
                      a!8
                      (or (= L3 #b0)
                          (= C2 #b1)
                          (= A2 #b1)
                          (not (= O3 #b0))
                          (not (= N1 #b0))
                          (not (= V2 #b1)))
                      (or (not (= I5 #b1)) (= L3 #b0))
                      (or (= C2 #b1)
                          (not (= O3 #b0))
                          (not (= A3 #b1))
                          (not (= I2 #b1))
                          (not (= W1 #b1)))
                      (or (= S5 #b0)
                          (= C2 #b1)
                          (= A2 #b1)
                          (not (= O3 #b0))
                          (not (= Z2 #b1))
                          (not (= A3 #b1))
                          (not (= N1 #b0)))
                      (or (= S5 #b0)
                          (= C2 #b1)
                          (= A2 #b1)
                          (not (= O3 #b0))
                          (not (= I2 #b1))
                          (not (= N1 #b0))
                          (not (= Z2 #b0)))
                      a!9
                      (or (= O3 #b0)
                          (not (= K3 #b0))
                          (not (= A3 #b0))
                          (not (= I2 #b0)))
                      (or (= Y1 #b0) (= O3 #b0) (not (= a!10 #b0)))
                      (or (not (= I5 #b0)) (= S5 #b0) (= N1 #b1) (= K3 #b1))
                      (or (not (= Y3 #b0)) (not ((_ bit2bool 0) T)))
                      a!11
                      (or (bvule T H5)
                          (not (= J5 #b1))
                          (not (= N1 #b0))
                          (= I1 #b0)
                          (not (= C Z5))
                          (not (= Z5 A)))
                      (or (= Y1 #b0)
                          ((_ bit2bool 1) X)
                          ((_ bit2bool 4) M)
                          (not ((_ bit2bool 3) M))
                          (not (= D3 #b0)))
                      (or (= L3 #b0) (not (= Q #b0)) (not (= N1 #b0)))
                      (or (not (= Q #b0))
                          (not (= K #b1))
                          (not (bvule #b00100 T5))
                          (= G2 #b0)
                          (not (= I J)))
                      (or (not (= G3 #b0))
                          (not (= Y3 #b0))
                          (not ((_ bit2bool 1) R)))
                      (or (= D3 #b1)
                          (= Y1 #b0)
                          ((_ bit2bool 3) X)
                          (not ((_ bit2bool 4) M))
                          (= ((_ extract 2 2) X) #b1))
                      a!12
                      a!14
                      a!15
                      (or (not (= K #b0))
                          ((_ bit2bool 3) X)
                          (= N2 ((_ extract 23 3) N))
                          (not (= J #b1))
                          (not (= W #b00))
                          (not ((_ bit2bool 3) N))
                          (not ((_ bit2bool 4) N)))
                      (or (= L3 #b0)
                          (= N2 ((_ extract 23 3) M2))
                          (not (= N1 #b0)))
                      (or (not (= Y3 #b0)) (not (= O #b1)))
                      (or (not (= A3 #b0))
                          (not (= I2 #b0))
                          (not (= M5 #b1))
                          (= ((_ extract 1 1) Y4) #b1))
                      (or (not (= N1 #b1)) (= ((_ extract 1 1) Y4) #b1))
                      (or (bvule U V5) (not (= I5 #b0)) (not (= N1 #b0)))
                      (or (= C2 #b1)
                          (not (= A3 #b1))
                          (not (= I2 #b1))
                          ((_ bit2bool 2) D5)
                          ((_ bit2bool 2) T5)
                          (not ((_ bit2bool 0) D5))
                          (not ((_ bit2bool 1) D5))
                          (not (= U1 #b0))
                          (not (= W1 #b1)))
                      (or (= C2 #b1)
                          (= A2 #b1)
                          (not (= S5 #b1))
                          (not (= I2 #b1))
                          ((_ bit2bool 2) D5)
                          ((_ bit2bool 2) T5)
                          (not ((_ bit2bool 0) D5))
                          (not ((_ bit2bool 1) D5))
                          (not (= N1 #b0))
                          (not (= U1 #b0))
                          (not (= Z2 #b0)))
                      (or (not ((_ bit2bool 0) T5)) (not (= N1 #b1)) (= S5 #b0))
                      (or (= B2 #b0) (not (= Y4 #b11)) (= U1 #b0))
                      (or (= T1 #b1)
                          (= G1 #b1)
                          (= Y1 #b0)
                          (not (= E #x0))
                          (not (= S5 #b1)))
                      a!16
                      (or (= O3 #b0) (not (= U1 #b0)) (not (= D5 T5)))
                      (or (= O #b0) (= ((_ extract 2 1) P1) #b11))
                      (or (= B2 #b0) (= Y2 #b0) (= L5 ((_ extract 23 3) P2)))
                      (or (= C #b1)
                          (= N1 #b1)
                          (bvule T H5)
                          (not (= J5 #b1))
                          (= I1 #b0)
                          (not (= A #b0)))
                      (or (= O2 #b0)
                          (= Y2 #b0)
                          ((_ bit2bool 0) X)
                          ((_ bit2bool 1) X)
                          ((_ bit2bool 4) N))
                      (or (not (= T1 #b0))
                          (not (= L #b1))
                          (not (= C #b0))
                          (not (= A #b0))
                          (not (= W1 #b1)))
                      (or (not (= T1 #b0))
                          (not (= O2 #b1))
                          (not (= N1 #b0))
                          (not (= C #b0))
                          (not (= A #b0)))
                      (or (= T1 #b0) (not (= N1 #b1)))
                      (or (= Y1 #b0)
                          (bvule T H5)
                          (not (= E #x0))
                          (not (= M5 #b0)))
                      (or (= Y1 #b0) (not (= N1 #b1)) (not (= S5 #b1)))
                      (or (= J #b1)
                          (= Z #b1)
                          (= S5 #b0)
                          (not (= Z2 #b1))
                          (not (= A3 #b1))
                          (not (= U1 #b1)))
                      (or (= N1 #b1)
                          (not (= L1 #b0))
                          (not (= I5 #b0))
                          (not (= a!17 #b1)))
                      (or (= Z #b1) (= S5 #b0) (not (= C2 #b1)))
                      (or (= Y2 #b0) (= S5 #b0) (not ((_ bit2bool 0) N1)))
                      a!18
                      (or (= A1 #b1)
                          (not (= S5 #b1))
                          (not (= N1 #b0))
                          (not (= K4 #b1)))
                      (or (= T1 #b1)
                          (= D3 #b1)
                          (= G1 #b1)
                          (= Y1 #b0)
                          ((_ bit2bool 3) M)
                          ((_ bit2bool 2) X)
                          (not (= S5 #b1))
                          a!19)
                      (or (= T1 #b0)
                          (= A3 #b1)
                          (= I2 #b1)
                          (= G3 #b1)
                          (= O3 #b0))
                      (or (not (= Q5 #b0))
                          (not (= V5 U))
                          (not (= G3 #b1))
                          (not (= W4 #b1))
                          (not (= H5 V5)))
                      (or (= B2 #b0) (= N2 ((_ extract 23 3) Q3)))
                      (or (= B2 #b0) (not (= N1 #b1)))
                      (or (not (= Q5 #b0)) (not (= O2 #b1)))
                      (or (not (= C #b0)) (= Q #b1) (not (= W1 #b1)))
                      (or (not (= H4 #b1)) (not (= Q5 #b0)))
                      (or (= S5 #b0)
                          (= N1 #b1)
                          (not (= P4 #b0))
                          (not (= F1 #b0)))
                      (or (= T1 #b0)
                          (= G1 #b1)
                          (= Y2 #b0)
                          ((_ bit2bool 4) M)
                          (not (= V2 #b0))
                          a!20)
                      a!21
                      (or (= I2 #b1)
                          (= O3 #b0)
                          (not (= L3 #b0))
                          (not (= Z2 #b0)))
                      (or (= L #b1)
                          (= A2 #b1)
                          ((_ bit2bool 3) E)
                          ((_ bit2bool 0) N2)
                          (not (= K #b0))
                          ((_ bit2bool 1) B5)
                          (not (= I2 #b0))
                          (not (= W #b00))
                          (not ((_ bit2bool 3) N))
                          (not ((_ bit2bool 4) N))
                          (not (= G3 #b1))
                          (not (= Z2 #b0)))
                      (or ((_ bit2bool 5) F3)
                          ((_ bit2bool 6) F3)
                          ((_ bit2bool 8) F3)
                          ((_ bit2bool 9) F3)
                          ((_ bit2bool 10) F3)
                          ((_ bit2bool 12) F3)
                          ((_ bit2bool 13) F3)
                          ((_ bit2bool 15) F3)
                          ((_ bit2bool 16) F3)
                          ((_ bit2bool 18) F3)
                          ((_ bit2bool 19) F3)
                          ((_ bit2bool 21) F3)
                          ((_ bit2bool 22) F3)
                          ((_ bit2bool 23) F3)
                          ((_ bit2bool 11) F3)
                          ((_ bit2bool 14) F3)
                          ((_ bit2bool 17) F3)
                          ((_ bit2bool 20) F3)
                          ((_ bit2bool 7) F3)
                          ((_ bit2bool 10) Q2)
                          ((_ bit2bool 2) Q2)
                          ((_ bit2bool 15) Q2)
                          ((_ bit2bool 7) Q2)
                          ((_ bit2bool 0) Q2)
                          ((_ bit2bool 1) Q2)
                          ((_ bit2bool 3) Q2)
                          ((_ bit2bool 4) Q2)
                          ((_ bit2bool 5) Q2)
                          ((_ bit2bool 6) Q2)
                          ((_ bit2bool 8) Q2)
                          ((_ bit2bool 9) Q2)
                          ((_ bit2bool 11) Q2)
                          ((_ bit2bool 12) Q2)
                          ((_ bit2bool 13) Q2)
                          ((_ bit2bool 14) Q2)
                          ((_ bit2bool 16) Q2)
                          ((_ bit2bool 17) Q2)
                          ((_ bit2bool 18) Q2)
                          (not (= Y3 #b0))
                          (not (= I1 #b1))
                          (= Q2 ((_ extract 23 5) N)))
                      (or (= N1 #b1)
                          ((_ bit2bool 1) R)
                          (not (= N5 #b1))
                          (not (= I1 #b1))
                          (not (= S #b01)))
                      (or ((_ bit2bool 0) N2)
                          (not (= K #b0))
                          ((_ bit2bool 3) X)
                          (not (= I2 #b0))
                          (not (= W #b00))
                          (not ((_ bit2bool 3) N))
                          (not ((_ bit2bool 4) N))
                          (not (= Z2 #b0)))
                      a!23
                      (or (= L #b1)
                          ((_ bit2bool 1) R)
                          (not (= G3 #b1))
                          (not (= I1 #b1))
                          (not (= S #b01)))
                      (or (= S5 #b0) (= J2 V))
                      (or (= G3 #b1)
                          (= N1 #b1)
                          (not (= J1 #b0))
                          (not (= S5 #b1))
                          (not (= Y3 #b0)))
                      a!24
                      (or (= Y2 #b0)
                          ((_ bit2bool 3) M)
                          ((_ bit2bool 2) E)
                          (= H5 T)
                          (not (= M5 #b0))
                          a!25)
                      (or (not (= H4 #b1)) (= Y3 #b1))
                      (or (= T1 #b1)
                          (= G1 #b1)
                          (= N1 #b1)
                          (= A2 #b1)
                          (not ((_ bit2bool 0) X))
                          a!26)
                      (or (= O3 #b0) (not (= Y4 #b11)) (= U1 #b0))
                      a!27
                      (or (= N1 #b1)
                          (not (= T2 #b0))
                          (not (= J3 #b0))
                          (not (= K3 #b0))
                          (not (= S5 #b1))
                          (not (= Y3 #b0))
                          (not (= D #b0)))
                      (or (not (= S5 #b1)) (not (= M3 #b1)) (= M Q3))
                      (or (= I2 #b1)
                          (= J #b1)
                          (= O3 #b0)
                          (not (= L3 #b0))
                          (not (= D3 #b0)))
                      (or (= O2 #b0)
                          (not (= W4 #b1))
                          (= ((_ extract 3 3) U) #b1))
                      (or (= J #b1) (= A3 #b0) (not (= K #b1)) (not (= I2 #b1)))
                      (or (= T1 #b0)
                          (= Y2 #b0)
                          (= G3 #b1)
                          ((_ bit2bool 3) M)
                          ((_ bit2bool 4) M)
                          (not (= M5 #b0))
                          (= ((_ extract 0 0) E) #b1))
                      (or (= S5 #b0) (= U #x8) (not (= W4 #b1)))
                      (or (= ((_ extract 4 4) F3) #b1)
                          (not (= Y3 #b0))
                          (not ((_ bit2bool 4) N))
                          (= I1 #b0))
                      (or (= K #b0)
                          (= C2 #b1)
                          (= N1 #b1)
                          (= A2 #b1)
                          (= Y4 #b00)
                          (not (= Y3 #b0)))
                      (or (= T1 #b0) (= L #b1) (not (= Q5 #b0)))
                      (or ((_ bit2bool 3) P2) (not ((_ bit2bool 3) N)))
                      (or (bvule T H5)
                          (= T #x8)
                          (not (= W4 #b1))
                          (not (= C Z5))
                          (not (= Z5 A)))
                      (or (= Y4 #b00)
                          (not (= S5 #b1))
                          (not (= Y3 #b0))
                          (not (= U1 #b1))
                          (not (= D3 #b0))
                          (not (= Y4 W)))
                      (or (= Y2 #b0)
                          (= G3 #b1)
                          (= O3 #b0)
                          ((_ bit2bool 3) M)
                          (= C3 #b00)
                          ((_ bit2bool 4) M)
                          (not (= A #b0))
                          (= ((_ extract 0 0) E) #b1))
                      (or (= O2 #b0) (= D3 #b1) (not (= Z #b1)))
                      (or (= T1 #b0)
                          (= G1 #b1)
                          (= Y2 #b0)
                          (= G3 #b1)
                          ((_ bit2bool 4) Q3)
                          ((_ bit2bool 3) Q3)
                          (= ((_ extract 0 0) E) #b1))
                      (or (= G3 #b1)
                          (= N1 #b1)
                          (not (= Y3 #b0))
                          (not (= L #b1)))
                      a!28
                      (or (= T1 #b0) (= L #b1) (= Y3 #b1))
                      (or (= T1 #b1)
                          (not (= S1 #b0))
                          ((_ bit2bool 0) E3)
                          (not (= G3 #b1))
                          (= I1 #b1)
                          a!29)
                      (or (= A3 #b1) (= I2 #b1) (= O3 #b0) (not (= V2 #b0)))
                      (or (not (= S1 #b0))
                          ((_ bit2bool 0) E3)
                          (not (= N5 #b1))
                          (= I1 #b1)
                          a!29)
                      a!30
                      (or (bvule U V5) (not (= J5 #b1)))
                      (or (= Y3 #b0)
                          (not (= K #b1))
                          (= ((_ extract 1 1) Y4) #b1))
                      (or (= T1 #b0) (not (= O2 #b1)) (not (= C #b1)))
                      (or (= T1 #b1)
                          (= S5 #b0)
                          (= Y3 #b0)
                          (= C #b1)
                          (= N1 #b1)
                          (not (= P #b0)))
                      (or (= Y2 #b0)
                          ((_ bit2bool 3) M)
                          ((_ bit2bool 0) E)
                          ((_ bit2bool 4) M)
                          (not (= S4 #b1))
                          (not (= M5 #b0)))
                      (or (= N1 #b1)
                          (not (= C5 #b0))
                          (= Y3 #b1)
                          (not (= J3 #b0))
                          (not (= K3 #b0))
                          (not (= S5 #b1))
                          (= A #b0)
                          (not (= D C)))
                      (or (not (= O2 #b1)) (= Y3 #b1))
                      (or (= T1 #b0) (not (= F1 #b1)) (not (= I2 #b1)))
                      (or (= Y2 #b0)
                          (= G3 #b1)
                          ((_ bit2bool 3) M)
                          (= C3 #b00)
                          ((_ bit2bool 4) M)
                          (not (= S5 #b1))
                          (not (= Y3 #b0))
                          a!19)
                      (or (= O3 #b0)
                          ((_ bit2bool 0) T)
                          ((_ bit2bool 2) T)
                          ((_ bit2bool 3) T)
                          ((_ bit2bool 1) T)
                          (not (= Y3 #b1))
                          (not (= J5 #b1))
                          (= A #b0)
                          (= ((_ extract 0 0) V5) #b1))
                      (or (= O #b0)
                          (= ((_ extract 2 1) R5) #b11)
                          ((_ bit2bool 3) R5)
                          ((_ bit2bool 0) C3))
                      (or (= I5 #b1) (= V5 U))
                      (or (= Y3 #b0) (= U1 #b0) (= ((_ extract 1 1) Y4) #b1))
                      a!31
                      (or (= D3 #b1) (= S5 #b0) (not (= A2 #b1)))
                      (or (= S5 #b0)
                          (= N1 #b1)
                          (not (= I2 #b1))
                          (not (= B #b1))
                          (not (= Z2 #b0)))
                      (or (= Y2 #b0) (= S5 #b0) (= C2 #b0))
                      (or (= A3 #b0)
                          (not (= S5 #b1))
                          (not (= N1 #b0))
                          (not (= K4 #b1)))
                      (or (= Y2 #b0) (= Q1 #b0) (= F ((_ extract 23 5) Q3)))
                      (or (= S5 #b0)
                          (= N1 #b1)
                          (not (= K4 #b1))
                          (not (= Z2 #b0)))
                      (or (= D3 #b1) (= S5 #b0) (not (= C2 #b1)))
                      (or (not ((_ bit2bool 0) O4)) (= O3 #b0))
                      (or (= T1 #b0)
                          (= N5 #b1)
                          (not (= O2 #b1))
                          (not (= M1 #b0))
                          (= A #b1))
                      a!32
                      (or (= Y2 #b0)
                          (= O3 #b0)
                          ((_ bit2bool 4) M)
                          (not (= G3 #b0))
                          ((_ bit2bool 3) P2)
                          (= ((_ extract 0 0) E) #b1)
                          (not (= H1 #b0)))
                      (or (= T1 #b0) (= A3 #b0) (not (= F1 #b1)))
                      (or (= T1 #b1)
                          (= Y1 #b0)
                          (not (= E #x0))
                          (not (= S5 #b1))
                          (not (= I5 #b0))
                          (not (= X4 K3)))
                      (or (= T1 #b0) (not (= P4 #b0)) (not (= I2 #b1)))
                      (or (= S5 #b0)
                          (not (= F1 #b1))
                          (not (= I2 #b1))
                          (not (= N1 #b0)))
                      (or (not (= Y4 #b11))
                          (not (= S5 #b1))
                          (not (= I2 #b0))
                          (not (= D3 #b0)))
                      (or (= S5 #b0)
                          ((_ bit2bool 4) M)
                          (not (= D3 #b1))
                          (not (= N1 #b0))
                          (not (= U1 #b1))
                          (not ((_ bit2bool 4) Q3)))
                      (or (= Z #b1)
                          (= S5 #b0)
                          (not (= D3 #b1))
                          (not (= N1 #b0))
                          (not (= U1 #b1)))
                      (or (= F1 #b0)
                          (= S5 #b0)
                          (not (= A3 #b1))
                          (not (= N1 #b0)))
                      (or (= O3 #b0) (not (= P4 #b0)))
                      a!33
                      (or (= F1 #b0) (= L3 #b0))
                      (or (= T1 #b0)
                          (= Y3 #b1)
                          ((_ bit2bool 3) F3)
                          (not (= I1 #b1))
                          a!34)
                      a!35
                      a!36
                      (or (= O3 #b0)
                          (not (= L3 #b0))
                          (= U1 #b0)
                          (not (= D3 #b0))
                          (not (= I J)))
                      a!37
                      a!38
                      (or (= J #b1) (= O3 #b0) (not (= L3 #b0)) (not (= K #b1)))
                      (or (= Y2 #b0)
                          (not (= Y1 #b0))
                          (not ((_ bit2bool 3) M))
                          (not ((_ bit2bool 0) O4)))
                      (or (= G3 #b0)
                          (= C2 #b1)
                          (= A2 #b1)
                          (= U1 #b1)
                          (not (= M F6))
                          (= ((_ extract 23 3) P2) ((_ extract 23 3) F6)))
                      (or (= L3 #b0)
                          (= A2 #b1)
                          (= L5 ((_ extract 23 3) M2))
                          (not (= N1 #b0))
                          (not (= V2 #b1)))
                      (or (= L3 #b0)
                          (= N1 #b1)
                          (not (= A5 #b0))
                          (not (= V1 #b0)))
                      (or (not (= K4 #b1)) (= L3 #b0)))))
       (= (INV!slice!1 A
                       B
                       C
                       D
                       E
                       F
                       G
                       H
                       I
                       J
                       K
                       L
                       M
                       N
                       O
                       P
                       Q
                       R
                       S
                       T
                       U
                       V
                       W
                       X
                       Y
                       Z
                       A1
                       B1
                       C1
                       D1
                       E1
                       F1
                       G1
                       H1
                       I1
                       J1
                       K1
                       L1
                       M1
                       N1
                       O1
                       P1
                       Q1
                       R1
                       S1
                       T1
                       U1
                       V1
                       W1
                       X1
                       Y1
                       Z1
                       A2
                       B2
                       C2
                       D2
                       E2
                       F2
                       G2
                       H2
                       I2
                       J2
                       K2
                       L2
                       M2
                       N2
                       O2
                       P2
                       Q2
                       R2
                       S2
                       T2
                       U2
                       V2
                       W2
                       X2
                       Y2
                       Z2
                       A3
                       B3
                       C3
                       D3
                       E3
                       F3
                       G3
                       H3
                       I3
                       J3
                       K3
                       L3
                       M3
                       N3
                       O3
                       P3
                       Q3
                       R3
                       S3
                       T3
                       U3
                       V3
                       W3
                       X3
                       Y3
                       Z3
                       A4
                       B4
                       C4
                       D4
                       E4
                       F4
                       G4
                       H4
                       I4
                       J4
                       K4
                       L4
                       M4
                       N4
                       O4
                       P4
                       Q4
                       R4
                       S4
                       T4
                       U4
                       V4
                       W4
                       X4
                       Y4
                       Z4
                       A5
                       B5
                       C5
                       D5
                       E5
                       F5
                       G5
                       H5
                       I5
                       J5
                       K5
                       L5
                       M5
                       N5
                       O5
                       P5
                       Q5
                       R5
                       S5
                       T5
                       U5
                       V5
                       W5
                       X5
                       Y5
                       Z5
                       A6
                       B6
                       C6
                       D6
                       E6
                       F6
                       G6
                       H6)
          a!39))))
     :weight 0))
