sat
b0 
#0
0 0000000000000000 gen_fifos[4].f.entry_gen[31].ff_entry_inst.Q#0
1 011111 gen_fifos[4].f.ff_rdPtr.Q#0
2 0000000000000000 gen_fifos[4].f.entry_gen[30].ff_entry_inst.Q#0
3 0000000000000000 gen_fifos[4].f.entry_gen[29].ff_entry_inst.Q#0
4 0000000000000000 gen_fifos[4].f.entry_gen[28].ff_entry_inst.Q#0
5 0000000000000000 gen_fifos[4].f.entry_gen[27].ff_entry_inst.Q#0
6 0000000000000000 gen_fifos[4].f.entry_gen[26].ff_entry_inst.Q#0
7 0000000000000000 gen_fifos[4].f.entry_gen[25].ff_entry_inst.Q#0
8 0000000000000000 gen_fifos[4].f.entry_gen[24].ff_entry_inst.Q#0
9 0000000000000000 gen_fifos[4].f.entry_gen[23].ff_entry_inst.Q#0
10 0000000000000000 gen_fifos[4].f.entry_gen[22].ff_entry_inst.Q#0
11 0000000000000000 gen_fifos[4].f.entry_gen[21].ff_entry_inst.Q#0
12 0000000000000000 gen_fifos[4].f.entry_gen[20].ff_entry_inst.Q#0
13 0000000000000000 gen_fifos[4].f.entry_gen[19].ff_entry_inst.Q#0
14 0000000000000000 gen_fifos[4].f.entry_gen[18].ff_entry_inst.Q#0
15 0000000000000000 gen_fifos[4].f.entry_gen[17].ff_entry_inst.Q#0
16 0000000000000001 gen_fifos[4].f.entry_gen[16].ff_entry_inst.Q#0
17 0000000000000000 gen_fifos[4].f.entry_gen[15].ff_entry_inst.Q#0
18 0000000000000000 gen_fifos[4].f.entry_gen[14].ff_entry_inst.Q#0
19 0000000000000000 gen_fifos[4].f.entry_gen[13].ff_entry_inst.Q#0
20 0000000000000000 gen_fifos[4].f.entry_gen[12].ff_entry_inst.Q#0
21 0000000000000000 gen_fifos[4].f.entry_gen[11].ff_entry_inst.Q#0
22 0000000000000000 gen_fifos[4].f.entry_gen[10].ff_entry_inst.Q#0
23 0000000000000000 gen_fifos[4].f.entry_gen[9].ff_entry_inst.Q#0
24 0000000000000000 gen_fifos[4].f.entry_gen[8].ff_entry_inst.Q#0
25 0000000000000000 gen_fifos[4].f.entry_gen[7].ff_entry_inst.Q#0
26 0000000000000000 gen_fifos[4].f.entry_gen[6].ff_entry_inst.Q#0
27 0000000000000000 gen_fifos[4].f.entry_gen[5].ff_entry_inst.Q#0
28 0000000000000000 gen_fifos[4].f.entry_gen[4].ff_entry_inst.Q#0
29 0000000000000000 gen_fifos[4].f.entry_gen[3].ff_entry_inst.Q#0
30 0000000000000000 gen_fifos[4].f.entry_gen[2].ff_entry_inst.Q#0
31 0000000000000000 gen_fifos[4].f.entry_gen[1].ff_entry_inst.Q#0
32 0000000000000000 gen_fifos[4].f.entry_gen[0].ff_entry_inst.Q#0
33 0000000000000000 gen_fifos[3].f.entry_gen[31].ff_entry_inst.Q#0
34 011111 gen_fifos[3].f.ff_rdPtr.Q#0
35 0000000000000001 gen_fifos[3].f.entry_gen[30].ff_entry_inst.Q#0
36 0000000000000000 gen_fifos[3].f.entry_gen[29].ff_entry_inst.Q#0
37 0000000000000000 gen_fifos[3].f.entry_gen[28].ff_entry_inst.Q#0
38 0000000000000001 gen_fifos[3].f.entry_gen[27].ff_entry_inst.Q#0
39 0000000000000000 gen_fifos[3].f.entry_gen[26].ff_entry_inst.Q#0
40 0000000000000001 gen_fifos[3].f.entry_gen[25].ff_entry_inst.Q#0
41 0000000000000000 gen_fifos[3].f.entry_gen[24].ff_entry_inst.Q#0
42 0000000000000000 gen_fifos[3].f.entry_gen[23].ff_entry_inst.Q#0
43 0000000000000000 gen_fifos[3].f.entry_gen[22].ff_entry_inst.Q#0
44 0000000000000001 gen_fifos[3].f.entry_gen[21].ff_entry_inst.Q#0
45 0000000000000001 gen_fifos[3].f.entry_gen[20].ff_entry_inst.Q#0
46 0000000000000001 gen_fifos[3].f.entry_gen[19].ff_entry_inst.Q#0
47 0000000000000001 gen_fifos[3].f.entry_gen[18].ff_entry_inst.Q#0
48 0000000000000000 gen_fifos[3].f.entry_gen[17].ff_entry_inst.Q#0
49 0000000000000001 gen_fifos[3].f.entry_gen[16].ff_entry_inst.Q#0
50 0000000000000000 gen_fifos[3].f.entry_gen[15].ff_entry_inst.Q#0
51 0000000000000001 gen_fifos[3].f.entry_gen[14].ff_entry_inst.Q#0
52 0000000000000000 gen_fifos[3].f.entry_gen[13].ff_entry_inst.Q#0
53 0000000000000001 gen_fifos[3].f.entry_gen[12].ff_entry_inst.Q#0
54 0000000000000001 gen_fifos[3].f.entry_gen[11].ff_entry_inst.Q#0
55 0000000000000001 gen_fifos[3].f.entry_gen[10].ff_entry_inst.Q#0
56 0000000000000000 gen_fifos[3].f.entry_gen[9].ff_entry_inst.Q#0
57 0000000000000000 gen_fifos[3].f.entry_gen[8].ff_entry_inst.Q#0
58 0000000000000000 gen_fifos[3].f.entry_gen[7].ff_entry_inst.Q#0
59 0000000000000000 gen_fifos[3].f.entry_gen[6].ff_entry_inst.Q#0
60 0000000000000000 gen_fifos[3].f.entry_gen[5].ff_entry_inst.Q#0
61 0000000000000000 gen_fifos[3].f.entry_gen[4].ff_entry_inst.Q#0
62 0000000000000000 gen_fifos[3].f.entry_gen[3].ff_entry_inst.Q#0
63 0000000000000000 gen_fifos[3].f.entry_gen[2].ff_entry_inst.Q#0
64 0000000000000000 gen_fifos[3].f.entry_gen[1].ff_entry_inst.Q#0
65 0000000000000000 gen_fifos[3].f.entry_gen[0].ff_entry_inst.Q#0
66 0000000000000000 gen_fifos[2].f.entry_gen[31].ff_entry_inst.Q#0
67 011111 gen_fifos[2].f.ff_rdPtr.Q#0
68 0000000000000000 gen_fifos[2].f.entry_gen[30].ff_entry_inst.Q#0
69 0000000000000000 gen_fifos[2].f.entry_gen[29].ff_entry_inst.Q#0
70 0000000000000000 gen_fifos[2].f.entry_gen[28].ff_entry_inst.Q#0
71 0000000000000000 gen_fifos[2].f.entry_gen[27].ff_entry_inst.Q#0
72 0000000000000000 gen_fifos[2].f.entry_gen[26].ff_entry_inst.Q#0
73 0000000000000000 gen_fifos[2].f.entry_gen[25].ff_entry_inst.Q#0
74 0000000000000000 gen_fifos[2].f.entry_gen[24].ff_entry_inst.Q#0
75 0000000000000001 gen_fifos[2].f.entry_gen[23].ff_entry_inst.Q#0
76 0000000000000000 gen_fifos[2].f.entry_gen[22].ff_entry_inst.Q#0
77 0000000000000000 gen_fifos[2].f.entry_gen[21].ff_entry_inst.Q#0
78 0000000000000000 gen_fifos[2].f.entry_gen[20].ff_entry_inst.Q#0
79 0000000000000000 gen_fifos[2].f.entry_gen[19].ff_entry_inst.Q#0
80 0000000000000000 gen_fifos[2].f.entry_gen[18].ff_entry_inst.Q#0
81 0000000000000001 gen_fifos[2].f.entry_gen[17].ff_entry_inst.Q#0
82 0000000000000000 gen_fifos[2].f.entry_gen[16].ff_entry_inst.Q#0
83 0000000000000000 gen_fifos[2].f.entry_gen[15].ff_entry_inst.Q#0
84 0000000000000000 gen_fifos[2].f.entry_gen[14].ff_entry_inst.Q#0
85 0000000000000000 gen_fifos[2].f.entry_gen[13].ff_entry_inst.Q#0
86 0000000000000000 gen_fifos[2].f.entry_gen[12].ff_entry_inst.Q#0
87 0000000000000000 gen_fifos[2].f.entry_gen[11].ff_entry_inst.Q#0
88 0000000000000000 gen_fifos[2].f.entry_gen[10].ff_entry_inst.Q#0
89 0000000000000000 gen_fifos[2].f.entry_gen[9].ff_entry_inst.Q#0
90 0000000000000000 gen_fifos[2].f.entry_gen[8].ff_entry_inst.Q#0
91 0000000000000000 gen_fifos[2].f.entry_gen[7].ff_entry_inst.Q#0
92 0000000000000000 gen_fifos[2].f.entry_gen[6].ff_entry_inst.Q#0
93 0000000000000000 gen_fifos[2].f.entry_gen[5].ff_entry_inst.Q#0
94 0000000000000000 gen_fifos[2].f.entry_gen[4].ff_entry_inst.Q#0
95 0000000000000000 gen_fifos[2].f.entry_gen[3].ff_entry_inst.Q#0
96 0000000000000000 gen_fifos[2].f.entry_gen[2].ff_entry_inst.Q#0
97 0000000000000000 gen_fifos[2].f.entry_gen[1].ff_entry_inst.Q#0
98 0000000000000000 gen_fifos[2].f.entry_gen[0].ff_entry_inst.Q#0
99 0000000000000001 gen_fifos[1].f.entry_gen[31].ff_entry_inst.Q#0
100 111111 gen_fifos[1].f.ff_rdPtr.Q#0
101 0000000000000000 gen_fifos[1].f.entry_gen[30].ff_entry_inst.Q#0
102 0000000000000000 gen_fifos[1].f.entry_gen[29].ff_entry_inst.Q#0
103 0000000000000000 gen_fifos[1].f.entry_gen[28].ff_entry_inst.Q#0
104 0000000000000000 gen_fifos[1].f.entry_gen[27].ff_entry_inst.Q#0
105 0000000000000000 gen_fifos[1].f.entry_gen[26].ff_entry_inst.Q#0
106 0000000000000000 gen_fifos[1].f.entry_gen[25].ff_entry_inst.Q#0
107 0000000000000000 gen_fifos[1].f.entry_gen[24].ff_entry_inst.Q#0
108 0000000000000000 gen_fifos[1].f.entry_gen[23].ff_entry_inst.Q#0
109 0000000000000000 gen_fifos[1].f.entry_gen[22].ff_entry_inst.Q#0
110 0000000000000000 gen_fifos[1].f.entry_gen[21].ff_entry_inst.Q#0
111 0000000000000000 gen_fifos[1].f.entry_gen[20].ff_entry_inst.Q#0
112 0000000000000000 gen_fifos[1].f.entry_gen[19].ff_entry_inst.Q#0
113 0000000000000000 gen_fifos[1].f.entry_gen[18].ff_entry_inst.Q#0
114 0000000000000000 gen_fifos[1].f.entry_gen[17].ff_entry_inst.Q#0
115 0000000000000000 gen_fifos[1].f.entry_gen[16].ff_entry_inst.Q#0
116 0000000000000000 gen_fifos[1].f.entry_gen[15].ff_entry_inst.Q#0
117 0000000000000000 gen_fifos[1].f.entry_gen[14].ff_entry_inst.Q#0
118 0000000000000000 gen_fifos[1].f.entry_gen[13].ff_entry_inst.Q#0
119 0000000000000000 gen_fifos[1].f.entry_gen[12].ff_entry_inst.Q#0
120 0000000000000000 gen_fifos[1].f.entry_gen[11].ff_entry_inst.Q#0
121 0000000000000000 gen_fifos[1].f.entry_gen[10].ff_entry_inst.Q#0
122 0000000000000000 gen_fifos[1].f.entry_gen[9].ff_entry_inst.Q#0
123 0000000000000001 gen_fifos[1].f.entry_gen[8].ff_entry_inst.Q#0
124 0000000000000001 gen_fifos[1].f.entry_gen[7].ff_entry_inst.Q#0
125 0000000000000000 gen_fifos[1].f.entry_gen[6].ff_entry_inst.Q#0
126 0000000000000000 gen_fifos[1].f.entry_gen[5].ff_entry_inst.Q#0
127 0000000000000000 gen_fifos[1].f.entry_gen[4].ff_entry_inst.Q#0
128 0000000000000000 gen_fifos[1].f.entry_gen[3].ff_entry_inst.Q#0
129 0000000000000000 gen_fifos[1].f.entry_gen[2].ff_entry_inst.Q#0
130 0000000000000001 gen_fifos[1].f.entry_gen[1].ff_entry_inst.Q#0
131 0000000000000000 gen_fifos[1].f.entry_gen[0].ff_entry_inst.Q#0
132 1111111111111111 gen_fifos[0].f.entry_gen[31].ff_entry_inst.Q#0
133 011111 gen_fifos[0].f.ff_rdPtr.Q#0
134 0000000000000000 gen_fifos[0].f.entry_gen[30].ff_entry_inst.Q#0
135 0000000000000000 gen_fifos[0].f.entry_gen[29].ff_entry_inst.Q#0
136 0000000000000000 gen_fifos[0].f.entry_gen[28].ff_entry_inst.Q#0
137 0000000000000000 gen_fifos[0].f.entry_gen[27].ff_entry_inst.Q#0
138 0000000000000000 gen_fifos[0].f.entry_gen[26].ff_entry_inst.Q#0
139 0000000000000000 gen_fifos[0].f.entry_gen[25].ff_entry_inst.Q#0
140 0000000000000000 gen_fifos[0].f.entry_gen[24].ff_entry_inst.Q#0
141 0000000000000000 gen_fifos[0].f.entry_gen[23].ff_entry_inst.Q#0
142 0000000000000000 gen_fifos[0].f.entry_gen[22].ff_entry_inst.Q#0
143 0000000000000000 gen_fifos[0].f.entry_gen[21].ff_entry_inst.Q#0
144 0000000000000000 gen_fifos[0].f.entry_gen[20].ff_entry_inst.Q#0
145 0000000000000000 gen_fifos[0].f.entry_gen[19].ff_entry_inst.Q#0
146 0000000000000000 gen_fifos[0].f.entry_gen[18].ff_entry_inst.Q#0
147 0000000000000000 gen_fifos[0].f.entry_gen[17].ff_entry_inst.Q#0
148 0000000000000000 gen_fifos[0].f.entry_gen[16].ff_entry_inst.Q#0
149 0000000000000000 gen_fifos[0].f.entry_gen[15].ff_entry_inst.Q#0
150 0000000000000000 gen_fifos[0].f.entry_gen[14].ff_entry_inst.Q#0
151 0000000000000000 gen_fifos[0].f.entry_gen[13].ff_entry_inst.Q#0
152 0000000000000000 gen_fifos[0].f.entry_gen[12].ff_entry_inst.Q#0
153 0000000000000000 gen_fifos[0].f.entry_gen[11].ff_entry_inst.Q#0
154 0000000000000000 gen_fifos[0].f.entry_gen[10].ff_entry_inst.Q#0
155 0000000000000000 gen_fifos[0].f.entry_gen[9].ff_entry_inst.Q#0
156 0000000000000000 gen_fifos[0].f.entry_gen[8].ff_entry_inst.Q#0
157 0000000000000000 gen_fifos[0].f.entry_gen[7].ff_entry_inst.Q#0
158 0000000000000000 gen_fifos[0].f.entry_gen[6].ff_entry_inst.Q#0
159 0000000000000000 gen_fifos[0].f.entry_gen[5].ff_entry_inst.Q#0
160 0000000000000000 gen_fifos[0].f.entry_gen[4].ff_entry_inst.Q#0
161 0000000000000000 gen_fifos[0].f.entry_gen[3].ff_entry_inst.Q#0
162 0000000000000000 gen_fifos[0].f.entry_gen[2].ff_entry_inst.Q#0
163 0000000000000000 gen_fifos[0].f.entry_gen[1].ff_entry_inst.Q#0
164 0000000000000000 gen_fifos[0].f.entry_gen[0].ff_entry_inst.Q#0
165 0 sb.ff_en.Q#0
166 0 sb.ff_magic_packet_exited.Q#0
167 1000000 sb.mpt.ff_cnt.Q#0
168 0000000000000000 sb.ff_magic_packet.Q#0
169 000000 gen_fifos[3].cc.credits#0
170 000000 gen_fifos[4].cc.credits#0
171 000000 gen_fifos[0].cc.credits#0
172 100000 gen_fifos[1].cc.credits#0
173 000000 gen_fifos[2].cc.credits#0
174 110010 gen_fifos[2].f.cnt#0
175 000000 gen_fifos[3].f.cnt#0
176 001110 gen_fifos[4].f.cnt#0
177 000111 gen_fifos[0].f.cnt#0
178 001111 gen_fifos[1].f.cnt#0
180 000101 gen_fifos[0].f.ff_wrPtr.Q#0
181 000001 gen_fifos[1].f.ff_wrPtr.Q#0
182 001111 gen_fifos[2].f.ff_wrPtr.Q#0
183 011011 gen_fifos[3].f.ff_wrPtr.Q#0
184 000001 gen_fifos[4].f.ff_wrPtr.Q#0
@0
0 1 all_ones@0
1 0 clk@0
2 11111111111111101111111111111110111111111111111111111111111111101111111111111110 flat_data_in@0
3 010 gnt_sel@0
4 00010 push@0
5 0 req@0
6 1 rst@0
7 0 start@0
8 1100000001000001 input8@0
9 0000000000000000 input9@0
10 0000000000000000 input10@0
11 0000000000000001 input11@0
12 1111111111111111 input12@0
13 1 input13@0
@1
0 1 all_ones@1
1 0 clk@1
2 11111111111111101111111111111110111111111111111011111111111111101111111111111110 flat_data_in@1
3 110 gnt_sel@1
4 00001 push@1
5 0 req@1
6 0 rst@1
7 1 start@1
8 0000000000000000 input8@1
9 1111111111111111 input9@1
10 1111111111111111 input10@1
11 1111111111111111 input11@1
12 1111111111111111 input12@1
13 0 input13@1
@2
0 1 all_ones@2
1 0 clk@2
2 11111111111111101111111111111110111111111111111011111111111111101111111111111110 flat_data_in@2
3 000 gnt_sel@2
4 00001 push@2
5 0 req@2
6 0 rst@2
7 0 start@2
8 0000000000000000 input8@2
9 0000000000000000 input9@2
10 0000000000000000 input10@2
11 1111101111111100 input11@2
12 0000000000000000 input12@2
13 0 input13@2
@3
0 1 all_ones@3
1 0 clk@3
2 11111111111111101111111111111110111111111111111011111111111111101111111111111111 flat_data_in@3
3 110 gnt_sel@3
4 00001 push@3
5 1 req@3
6 0 rst@3
7 0 start@3
8 0000000000000000 input8@3
9 0000000000000001 input9@3
10 0000000000000000 input10@3
11 0000000000000000 input11@3
12 1110111111111111 input12@3
13 0 input13@3
@4
0 1 all_ones@4
1 0 clk@4
2 11111111111111101111111111111110111111111111111011111111111111101111111111111111 flat_data_in@4
3 110 gnt_sel@4
4 00001 push@4
5 1 req@4
6 0 rst@4
7 0 start@4
8 1100000001000001 input8@4
9 0000000000000000 input9@4
10 0000000000000000 input10@4
11 1111101111111100 input11@4
12 0000000000000001 input12@4
13 0 input13@4
@5
0 1 all_ones@5
1 0 clk@5
2 11111111111111101111111111111110111111111111111011111111111111101111111111111110 flat_data_in@5
3 110 gnt_sel@5
4 00001 push@5
5 1 req@5
6 0 rst@5
7 0 start@5
8 1100000001000001 input8@5
9 0000000000000001 input9@5
10 0000000000000000 input10@5
11 0000000000000000 input11@5
12 0100000000010111 input12@5
13 0 input13@5
@6
0 1 all_ones@6
1 0 clk@6
2 11111111111111101111111111111110111111111111111011111111111111101111111111111110 flat_data_in@6
3 110 gnt_sel@6
4 00001 push@6
5 1 req@6
6 0 rst@6
7 0 start@6
8 1100000001000001 input8@6
9 0000000000000001 input9@6
10 0000000000000000 input10@6
11 1111101111111100 input11@6
12 0000000000000001 input12@6
13 0 input13@6
@7
0 1 all_ones@7
1 0 clk@7
2 00000000000000000000000000000000000000000000000000000000000000000000000000000001 flat_data_in@7
3 101 gnt_sel@7
4 00001 push@7
5 1 req@7
6 0 rst@7
7 0 start@7
8 1100000001000001 input8@7
9 0000000000000001 input9@7
10 0000000000000000 input10@7
11 1111101111111100 input11@7
12 0000000000000000 input12@7
13 0 input13@7
@8
0 1 all_ones@8
1 0 clk@8
2 11111111111111101111111111111110111111111111111011111111111111101111111111111110 flat_data_in@8
3 110 gnt_sel@8
4 00001 push@8
5 1 req@8
6 0 rst@8
7 0 start@8
8 1100000001000001 input8@8
9 0000000000000001 input9@8
10 0000000000000001 input10@8
11 0000000000000001 input11@8
12 0000000000000000 input12@8
13 0 input13@8
@9
0 1 all_ones@9
1 0 clk@9
2 11111111111111101111111111111110111111111111111011111111111111101111111111111110 flat_data_in@9
3 110 gnt_sel@9
4 00001 push@9
5 1 req@9
6 0 rst@9
7 0 start@9
8 1100000001000001 input8@9
9 0000000000000001 input9@9
10 0000000000000000 input10@9
11 0000000000000000 input11@9
12 0000000000000000 input12@9
13 0 input13@9
@10
0 1 all_ones@10
1 0 clk@10
2 11111111111111101111111111111110111111111111111011111111111111101111111111111110 flat_data_in@10
3 110 gnt_sel@10
4 00001 push@10
5 1 req@10
6 0 rst@10
7 0 start@10
8 0000000000000001 input8@10
9 0000000000000001 input9@10
10 0000000000000000 input10@10
11 1111111111100110 input11@10
12 0000000000000001 input12@10
13 0 input13@10
@11
0 1 all_ones@11
1 0 clk@11
2 00000000000000000000000000000000000000000000000100000000000000000000000000000000 flat_data_in@11
3 110 gnt_sel@11
4 00101 push@11
5 1 req@11
6 0 rst@11
7 0 start@11
8 0000000000000001 input8@11
9 0000000000000001 input9@11
10 0000000000000000 input10@11
11 1111111111111110 input11@11
12 0000000000000000 input12@11
13 0 input13@11
@12
0 1 all_ones@12
1 0 clk@12
2 00000000000000000000000000000000000000000000000000000000000000000000000000000001 flat_data_in@12
3 110 gnt_sel@12
4 00101 push@12
5 1 req@12
6 0 rst@12
7 0 start@12
8 1100000001000001 input8@12
9 0000000000000001 input9@12
10 0000000000000000 input10@12
11 0000000000000000 input11@12
12 1111111111111110 input12@12
13 0 input13@12
@13
0 1 all_ones@13
1 0 clk@13
2 00000000000000000000000000000000000000000000000000000000000000000000000000000000 flat_data_in@13
3 001 gnt_sel@13
4 00001 push@13
5 0 req@13
6 0 rst@13
7 0 start@13
8 1100000001000001 input8@13
9 0000000000000001 input9@13
10 0000000000000000 input10@13
11 0000000000000000 input11@13
12 0000000000000001 input12@13
13 0 input13@13
@14
0 1 all_ones@14
1 0 clk@14
2 00000000000000000000000000000000000000000000000000000000000000000000000000000000 flat_data_in@14
3 110 gnt_sel@14
4 00001 push@14
5 1 req@14
6 0 rst@14
7 0 start@14
8 1100000001000001 input8@14
9 0000000000000001 input9@14
10 0000000000000000 input10@14
11 0000000000000001 input11@14
12 1111111111111110 input12@14
13 0 input13@14
@15
0 1 all_ones@15
1 0 clk@15
2 00000000000000000000000000000000000000000000000000000000000000000000000000000001 flat_data_in@15
3 000 gnt_sel@15
4 00001 push@15
5 0 req@15
6 0 rst@15
7 0 start@15
8 1100000001000001 input8@15
9 0000000000000001 input9@15
10 0000000000000001 input10@15
11 0000000000000001 input11@15
12 1111111111111110 input12@15
13 0 input13@15
@16
0 1 all_ones@16
1 0 clk@16
2 00000000000000000000000000000000000000000000000000000000000000000000000000000001 flat_data_in@16
3 110 gnt_sel@16
4 00001 push@16
5 1 req@16
6 0 rst@16
7 0 start@16
8 1100000001000001 input8@16
9 0000000000000001 input9@16
10 0000000000000001 input10@16
11 0000000000000001 input11@16
12 1111111111111110 input12@16
13 0 input13@16
@17
0 1 all_ones@17
1 0 clk@17
2 00000000000000000000000000000000000000000000000000000000000000000000000000000001 flat_data_in@17
3 110 gnt_sel@17
4 00001 push@17
5 1 req@17
6 0 rst@17
7 0 start@17
8 1100000001000001 input8@17
9 0000000000000001 input9@17
10 0000000000000000 input10@17
11 0000000000000001 input11@17
12 0000000000000000 input12@17
13 0 input13@17
@18
0 1 all_ones@18
1 0 clk@18
2 00000000000000000000000000000000000000000000000000000000000000000000000000000001 flat_data_in@18
3 110 gnt_sel@18
4 00001 push@18
5 1 req@18
6 0 rst@18
7 0 start@18
8 1100000001000001 input8@18
9 0000000000000001 input9@18
10 1011101110011001 input10@18
11 0000000000000001 input11@18
12 1111111111111110 input12@18
13 0 input13@18
@19
0 1 all_ones@19
1 0 clk@19
2 00000000000000000000000000000000000000000000000000000000000000000000000000000001 flat_data_in@19
3 001 gnt_sel@19
4 00001 push@19
5 0 req@19
6 0 rst@19
7 0 start@19
8 1100000001000001 input8@19
9 0000000000000001 input9@19
10 1011101110011001 input10@19
11 0000000000000001 input11@19
12 1111111111111110 input12@19
13 0 input13@19
@20
0 1 all_ones@20
1 0 clk@20
2 00000000000000000000000000000000000000000000000000000000000000000000000000000001 flat_data_in@20
3 110 gnt_sel@20
4 00001 push@20
5 1 req@20
6 0 rst@20
7 0 start@20
8 1100000001000001 input8@20
9 0000000000000001 input9@20
10 1011101110011001 input10@20
11 0000000000000001 input11@20
12 1111111111111110 input12@20
13 0 input13@20
@21
0 1 all_ones@21
1 0 clk@21
2 00000000000000000000000000000000000000000000000000000000000000000000000000000001 flat_data_in@21
3 110 gnt_sel@21
4 00001 push@21
5 1 req@21
6 0 rst@21
7 0 start@21
8 1100000001000001 input8@21
9 0000000000000001 input9@21
10 1011101110011001 input10@21
11 0000000000000001 input11@21
12 0000000000000000 input12@21
13 0 input13@21
@22
0 1 all_ones@22
1 0 clk@22
2 00000000000000000000000000000000000000000000000000000000000000000000000000000001 flat_data_in@22
3 110 gnt_sel@22
4 00001 push@22
5 1 req@22
6 0 rst@22
7 0 start@22
8 1100000001000001 input8@22
9 0000000000000001 input9@22
10 1011101110011001 input10@22
11 0000000000000001 input11@22
12 0000000000000000 input12@22
13 0 input13@22
@23
0 1 all_ones@23
1 0 clk@23
2 00000000000000000000000000000000000000000000000000000000000000000000000000000000 flat_data_in@23
3 110 gnt_sel@23
4 00001 push@23
5 1 req@23
6 0 rst@23
7 0 start@23
8 1100000001000001 input8@23
9 0100001011010111 input9@23
10 1011101110011001 input10@23
11 0000000000000001 input11@23
12 0000000000000000 input12@23
13 0 input13@23
@24
0 1 all_ones@24
1 0 clk@24
2 00000000000000000000000000000000000000000000000000000000000000000000000000000001 flat_data_in@24
3 110 gnt_sel@24
4 00001 push@24
5 1 req@24
6 0 rst@24
7 0 start@24
8 1100000001000001 input8@24
9 0100001011010111 input9@24
10 1011101110011001 input10@24
11 0000000000000001 input11@24
12 0000000000000000 input12@24
13 0 input13@24
@25
0 1 all_ones@25
1 0 clk@25
2 00000000000000000000000000000000000000000000000000000000000000000000000000000000 flat_data_in@25
3 110 gnt_sel@25
4 00001 push@25
5 1 req@25
6 0 rst@25
7 0 start@25
8 1100000001000001 input8@25
9 0100001011010111 input9@25
10 1011101110011001 input10@25
11 0000000000000001 input11@25
12 0000000000000000 input12@25
13 0 input13@25
@26
0 1 all_ones@26
1 0 clk@26
2 00000000000000000000000000000000000000000000000000000000000000000000000000000001 flat_data_in@26
3 110 gnt_sel@26
4 00001 push@26
5 1 req@26
6 0 rst@26
7 0 start@26
8 1100000001000001 input8@26
9 0000000000000001 input9@26
10 1111111111111111 input10@26
11 0000000000000001 input11@26
12 0000000000000000 input12@26
13 0 input13@26
@27
0 1 all_ones@27
1 0 clk@27
2 00000000000000000000000000000000000000000000000000000000000000000000000000000001 flat_data_in@27
3 110 gnt_sel@27
4 00001 push@27
5 1 req@27
6 0 rst@27
7 0 start@27
8 1100000001000001 input8@27
9 0000000000000001 input9@27
10 1111111111111111 input10@27
11 0000000000000001 input11@27
12 0000000000000000 input12@27
13 0 input13@27
@28
0 1 all_ones@28
1 0 clk@28
2 00000000000000000000000000000000000000000000000000000000000000000000000000000001 flat_data_in@28
3 110 gnt_sel@28
4 00001 push@28
5 1 req@28
6 0 rst@28
7 0 start@28
8 1100000001000001 input8@28
9 0000000000000001 input9@28
10 1111111111111111 input10@28
11 0000000000000001 input11@28
12 0000000000000000 input12@28
13 0 input13@28
@29
0 1 all_ones@29
1 0 clk@29
2 00000000000000000000000000000000000000000000000000000000000000000000000000000001 flat_data_in@29
3 110 gnt_sel@29
4 00001 push@29
5 1 req@29
6 0 rst@29
7 0 start@29
8 1100000001000001 input8@29
9 0000000000000001 input9@29
10 1111111111111111 input10@29
11 0000000000000001 input11@29
12 0000000000000000 input12@29
13 0 input13@29
@30
0 1 all_ones@30
1 0 clk@30
2 00000000000000000000000000000000000000000000000000000000000000000000000000000001 flat_data_in@30
3 110 gnt_sel@30
4 00001 push@30
5 1 req@30
6 0 rst@30
7 0 start@30
8 1100000001000001 input8@30
9 0000000000000001 input9@30
10 1111111111111111 input10@30
11 0010100110010101 input11@30
12 0000000000000000 input12@30
13 0 input13@30
@31
0 1 all_ones@31
1 0 clk@31
2 00000000000000000000000000000000000000000000000000000000000000000000000000000000 flat_data_in@31
3 110 gnt_sel@31
4 00001 push@31
5 1 req@31
6 0 rst@31
7 0 start@31
8 1111111111111111 input8@31
9 0000000000000001 input9@31
10 1111111111111111 input10@31
11 1111111111111111 input11@31
12 0000000000000000 input12@31
13 0 input13@31
@32
0 1 all_ones@32
1 0 clk@32
2 00000000000000000000000000000000000000000000000000000000000000000000000000000000 flat_data_in@32
3 110 gnt_sel@32
4 00001 push@32
5 1 req@32
6 0 rst@32
7 1 start@32
8 1111111111111111 input8@32
9 1111111111111111 input9@32
10 1111111111111111 input10@32
11 1111111111111111 input11@32
12 0000000000000001 input12@32
13 0 input13@32
@33
0 1 all_ones@33
1 0 clk@33
2 00000000000000000000000000000000000000000000000000000000000000000000000000000001 flat_data_in@33
3 110 gnt_sel@33
4 00001 push@33
5 1 req@33
6 0 rst@33
7 0 start@33
8 1111111111111111 input8@33
9 1111111111111111 input9@33
10 1111111111111111 input10@33
11 1111111111111111 input11@33
12 1111111111111110 input12@33
13 0 input13@33
@34
0 0 all_ones@34
1 0 clk@34
2 00000000000000000000000000000000000000000000000000000000000000000000000000000000 flat_data_in@34
3 000 gnt_sel@34
4 00000 push@34
5 1 req@34
6 0 rst@34
7 0 start@34
8 1111111111111111 input8@34
9 1111111111111111 input9@34
10 1111111111111111 input10@34
11 1111111111111111 input11@34
12 1111111111111111 input12@34
13 0 input13@34
.
