sat
b0
#0
0 0000000000000000 gen_fifos[4].f.entry_gen[31].ff_entry_inst.Q@0
1 000000 gen_fifos[4].f.ff_rdPtr.Q@0
2 0000000000000000 gen_fifos[4].f.entry_gen[30].ff_entry_inst.Q@0
3 0000000000000000 gen_fifos[4].f.entry_gen[29].ff_entry_inst.Q@0
4 0000000000000000 gen_fifos[4].f.entry_gen[28].ff_entry_inst.Q@0
5 0000000000000000 gen_fifos[4].f.entry_gen[27].ff_entry_inst.Q@0
6 0000000000000000 gen_fifos[4].f.entry_gen[26].ff_entry_inst.Q@0
7 0000000000000000 gen_fifos[4].f.entry_gen[25].ff_entry_inst.Q@0
8 0000000000000000 gen_fifos[4].f.entry_gen[24].ff_entry_inst.Q@0
9 0000000000000000 gen_fifos[4].f.entry_gen[23].ff_entry_inst.Q@0
10 0000000000000000 gen_fifos[4].f.entry_gen[22].ff_entry_inst.Q@0
11 0000000000000000 gen_fifos[4].f.entry_gen[21].ff_entry_inst.Q@0
12 0000000000000000 gen_fifos[4].f.entry_gen[20].ff_entry_inst.Q@0
13 0000000000000000 gen_fifos[4].f.entry_gen[19].ff_entry_inst.Q@0
14 0000000000000000 gen_fifos[4].f.entry_gen[18].ff_entry_inst.Q@0
15 0000000000000000 gen_fifos[4].f.entry_gen[17].ff_entry_inst.Q@0
16 0000000000000000 gen_fifos[4].f.entry_gen[16].ff_entry_inst.Q@0
17 0000000000000000 gen_fifos[4].f.entry_gen[15].ff_entry_inst.Q@0
18 0000000000000000 gen_fifos[4].f.entry_gen[14].ff_entry_inst.Q@0
19 0000000000000000 gen_fifos[4].f.entry_gen[13].ff_entry_inst.Q@0
20 0000000000000000 gen_fifos[4].f.entry_gen[12].ff_entry_inst.Q@0
21 0000000000000000 gen_fifos[4].f.entry_gen[11].ff_entry_inst.Q@0
22 0000000000000000 gen_fifos[4].f.entry_gen[10].ff_entry_inst.Q@0
23 0000000000000000 gen_fifos[4].f.entry_gen[9].ff_entry_inst.Q@0
24 0000000000000000 gen_fifos[4].f.entry_gen[8].ff_entry_inst.Q@0
25 0000000000000000 gen_fifos[4].f.entry_gen[7].ff_entry_inst.Q@0
26 0000000000000000 gen_fifos[4].f.entry_gen[6].ff_entry_inst.Q@0
27 0000000000000000 gen_fifos[4].f.entry_gen[5].ff_entry_inst.Q@0
28 0000000000000000 gen_fifos[4].f.entry_gen[4].ff_entry_inst.Q@0
29 0000000000000000 gen_fifos[4].f.entry_gen[3].ff_entry_inst.Q@0
30 0000000000000000 gen_fifos[4].f.entry_gen[2].ff_entry_inst.Q@0
31 0000000000000000 gen_fifos[4].f.entry_gen[1].ff_entry_inst.Q@0
32 0000000000000000 gen_fifos[4].f.entry_gen[0].ff_entry_inst.Q@0
33 0000000000000000 gen_fifos[3].f.entry_gen[31].ff_entry_inst.Q@0
34 000000 gen_fifos[3].f.ff_rdPtr.Q@0
35 0000000000000000 gen_fifos[3].f.entry_gen[30].ff_entry_inst.Q@0
36 0000000000000000 gen_fifos[3].f.entry_gen[29].ff_entry_inst.Q@0
37 0000000000000000 gen_fifos[3].f.entry_gen[28].ff_entry_inst.Q@0
38 0000000000000000 gen_fifos[3].f.entry_gen[27].ff_entry_inst.Q@0
39 0000000000000000 gen_fifos[3].f.entry_gen[26].ff_entry_inst.Q@0
40 0000000000000000 gen_fifos[3].f.entry_gen[25].ff_entry_inst.Q@0
41 0000000000000000 gen_fifos[3].f.entry_gen[24].ff_entry_inst.Q@0
42 0000000000000000 gen_fifos[3].f.entry_gen[23].ff_entry_inst.Q@0
43 0000000000000000 gen_fifos[3].f.entry_gen[22].ff_entry_inst.Q@0
44 0000000000000000 gen_fifos[3].f.entry_gen[21].ff_entry_inst.Q@0
45 0000000000000000 gen_fifos[3].f.entry_gen[20].ff_entry_inst.Q@0
46 0000000000000000 gen_fifos[3].f.entry_gen[19].ff_entry_inst.Q@0
47 0000000000000000 gen_fifos[3].f.entry_gen[18].ff_entry_inst.Q@0
48 0000000000000000 gen_fifos[3].f.entry_gen[17].ff_entry_inst.Q@0
49 0000000000000000 gen_fifos[3].f.entry_gen[16].ff_entry_inst.Q@0
50 0000000000000000 gen_fifos[3].f.entry_gen[15].ff_entry_inst.Q@0
51 0000000000000000 gen_fifos[3].f.entry_gen[14].ff_entry_inst.Q@0
52 0000000000000000 gen_fifos[3].f.entry_gen[13].ff_entry_inst.Q@0
53 0000000000000000 gen_fifos[3].f.entry_gen[12].ff_entry_inst.Q@0
54 0000000000000000 gen_fifos[3].f.entry_gen[11].ff_entry_inst.Q@0
55 0000000000000000 gen_fifos[3].f.entry_gen[10].ff_entry_inst.Q@0
56 0000000000000000 gen_fifos[3].f.entry_gen[9].ff_entry_inst.Q@0
57 0000000000000000 gen_fifos[3].f.entry_gen[8].ff_entry_inst.Q@0
58 0000000000000000 gen_fifos[3].f.entry_gen[7].ff_entry_inst.Q@0
59 0000000000000000 gen_fifos[3].f.entry_gen[6].ff_entry_inst.Q@0
60 0000000000000000 gen_fifos[3].f.entry_gen[5].ff_entry_inst.Q@0
61 0000000000000000 gen_fifos[3].f.entry_gen[4].ff_entry_inst.Q@0
62 0000000000000000 gen_fifos[3].f.entry_gen[3].ff_entry_inst.Q@0
63 0000000000000000 gen_fifos[3].f.entry_gen[2].ff_entry_inst.Q@0
64 0000000000000000 gen_fifos[3].f.entry_gen[1].ff_entry_inst.Q@0
65 0000000000000000 gen_fifos[3].f.entry_gen[0].ff_entry_inst.Q@0
66 0000000000000000 gen_fifos[2].f.entry_gen[31].ff_entry_inst.Q@0
67 000000 gen_fifos[2].f.ff_rdPtr.Q@0
68 0000000000000000 gen_fifos[2].f.entry_gen[30].ff_entry_inst.Q@0
69 0000000000000000 gen_fifos[2].f.entry_gen[29].ff_entry_inst.Q@0
70 0000000000000000 gen_fifos[2].f.entry_gen[28].ff_entry_inst.Q@0
71 0000000000000000 gen_fifos[2].f.entry_gen[27].ff_entry_inst.Q@0
72 0000000000000000 gen_fifos[2].f.entry_gen[26].ff_entry_inst.Q@0
73 0000000000000000 gen_fifos[2].f.entry_gen[25].ff_entry_inst.Q@0
74 0000000000000000 gen_fifos[2].f.entry_gen[24].ff_entry_inst.Q@0
75 0000000000000000 gen_fifos[2].f.entry_gen[23].ff_entry_inst.Q@0
76 0000000000000000 gen_fifos[2].f.entry_gen[22].ff_entry_inst.Q@0
77 0000000000000000 gen_fifos[2].f.entry_gen[21].ff_entry_inst.Q@0
78 0000000000000000 gen_fifos[2].f.entry_gen[20].ff_entry_inst.Q@0
79 0000000000000000 gen_fifos[2].f.entry_gen[19].ff_entry_inst.Q@0
80 0000000000000000 gen_fifos[2].f.entry_gen[18].ff_entry_inst.Q@0
81 0000000000000000 gen_fifos[2].f.entry_gen[17].ff_entry_inst.Q@0
82 0000000000000000 gen_fifos[2].f.entry_gen[16].ff_entry_inst.Q@0
83 0000000000000000 gen_fifos[2].f.entry_gen[15].ff_entry_inst.Q@0
84 0000000000000000 gen_fifos[2].f.entry_gen[14].ff_entry_inst.Q@0
85 0000000000000000 gen_fifos[2].f.entry_gen[13].ff_entry_inst.Q@0
86 0000000000000000 gen_fifos[2].f.entry_gen[12].ff_entry_inst.Q@0
87 0000000000000000 gen_fifos[2].f.entry_gen[11].ff_entry_inst.Q@0
88 0000000000000000 gen_fifos[2].f.entry_gen[10].ff_entry_inst.Q@0
89 0000000000000000 gen_fifos[2].f.entry_gen[9].ff_entry_inst.Q@0
90 0000000000000000 gen_fifos[2].f.entry_gen[8].ff_entry_inst.Q@0
91 0000000000000000 gen_fifos[2].f.entry_gen[7].ff_entry_inst.Q@0
92 0000000000000000 gen_fifos[2].f.entry_gen[6].ff_entry_inst.Q@0
93 0000000000000000 gen_fifos[2].f.entry_gen[5].ff_entry_inst.Q@0
94 0000000000000000 gen_fifos[2].f.entry_gen[4].ff_entry_inst.Q@0
95 0000000000000000 gen_fifos[2].f.entry_gen[3].ff_entry_inst.Q@0
96 0000000000000000 gen_fifos[2].f.entry_gen[2].ff_entry_inst.Q@0
97 0000000000000000 gen_fifos[2].f.entry_gen[1].ff_entry_inst.Q@0
98 0000000000000000 gen_fifos[2].f.entry_gen[0].ff_entry_inst.Q@0
99 0000000000000000 gen_fifos[1].f.entry_gen[31].ff_entry_inst.Q@0
100 000000 gen_fifos[1].f.ff_rdPtr.Q@0
101 0000000000000000 gen_fifos[1].f.entry_gen[30].ff_entry_inst.Q@0
102 0000000000000000 gen_fifos[1].f.entry_gen[29].ff_entry_inst.Q@0
103 0000000000000000 gen_fifos[1].f.entry_gen[28].ff_entry_inst.Q@0
104 0000000000000000 gen_fifos[1].f.entry_gen[27].ff_entry_inst.Q@0
105 0000000000000000 gen_fifos[1].f.entry_gen[26].ff_entry_inst.Q@0
106 0000000000000000 gen_fifos[1].f.entry_gen[25].ff_entry_inst.Q@0
107 0000000000000000 gen_fifos[1].f.entry_gen[24].ff_entry_inst.Q@0
108 0000000000000000 gen_fifos[1].f.entry_gen[23].ff_entry_inst.Q@0
109 0000000000000000 gen_fifos[1].f.entry_gen[22].ff_entry_inst.Q@0
110 0000000000000000 gen_fifos[1].f.entry_gen[21].ff_entry_inst.Q@0
111 0000000000000000 gen_fifos[1].f.entry_gen[20].ff_entry_inst.Q@0
112 0000000000000000 gen_fifos[1].f.entry_gen[19].ff_entry_inst.Q@0
113 0000000000000000 gen_fifos[1].f.entry_gen[18].ff_entry_inst.Q@0
114 0000000000000000 gen_fifos[1].f.entry_gen[17].ff_entry_inst.Q@0
115 0000000000000000 gen_fifos[1].f.entry_gen[16].ff_entry_inst.Q@0
116 0000000000000000 gen_fifos[1].f.entry_gen[15].ff_entry_inst.Q@0
117 0000000000000000 gen_fifos[1].f.entry_gen[14].ff_entry_inst.Q@0
118 0000000000000000 gen_fifos[1].f.entry_gen[13].ff_entry_inst.Q@0
119 0000000000000000 gen_fifos[1].f.entry_gen[12].ff_entry_inst.Q@0
120 0000000000000000 gen_fifos[1].f.entry_gen[11].ff_entry_inst.Q@0
121 0000000000000000 gen_fifos[1].f.entry_gen[10].ff_entry_inst.Q@0
122 0000000000000000 gen_fifos[1].f.entry_gen[9].ff_entry_inst.Q@0
123 0000000000000000 gen_fifos[1].f.entry_gen[8].ff_entry_inst.Q@0
124 0000000000000000 gen_fifos[1].f.entry_gen[7].ff_entry_inst.Q@0
125 0000000000000000 gen_fifos[1].f.entry_gen[6].ff_entry_inst.Q@0
126 0000000000000000 gen_fifos[1].f.entry_gen[5].ff_entry_inst.Q@0
127 0000000000000000 gen_fifos[1].f.entry_gen[4].ff_entry_inst.Q@0
128 0000000000000000 gen_fifos[1].f.entry_gen[3].ff_entry_inst.Q@0
129 0000000000000000 gen_fifos[1].f.entry_gen[2].ff_entry_inst.Q@0
130 0000000000000000 gen_fifos[1].f.entry_gen[1].ff_entry_inst.Q@0
131 0000000000000000 gen_fifos[1].f.entry_gen[0].ff_entry_inst.Q@0
132 0000000000000000 gen_fifos[0].f.entry_gen[31].ff_entry_inst.Q@0
133 000000 gen_fifos[0].f.ff_rdPtr.Q@0
134 0000000000000000 gen_fifos[0].f.entry_gen[30].ff_entry_inst.Q@0
135 0000000000000000 gen_fifos[0].f.entry_gen[29].ff_entry_inst.Q@0
136 0000000000000000 gen_fifos[0].f.entry_gen[28].ff_entry_inst.Q@0
137 0000000000000000 gen_fifos[0].f.entry_gen[27].ff_entry_inst.Q@0
138 0000000000000000 gen_fifos[0].f.entry_gen[26].ff_entry_inst.Q@0
139 0000000000000000 gen_fifos[0].f.entry_gen[25].ff_entry_inst.Q@0
140 0000000000000000 gen_fifos[0].f.entry_gen[24].ff_entry_inst.Q@0
141 0000000000000000 gen_fifos[0].f.entry_gen[23].ff_entry_inst.Q@0
142 0000000000000000 gen_fifos[0].f.entry_gen[22].ff_entry_inst.Q@0
143 0000000000000000 gen_fifos[0].f.entry_gen[21].ff_entry_inst.Q@0
144 0000000000000000 gen_fifos[0].f.entry_gen[20].ff_entry_inst.Q@0
145 0000000000000000 gen_fifos[0].f.entry_gen[19].ff_entry_inst.Q@0
146 0000000000000000 gen_fifos[0].f.entry_gen[18].ff_entry_inst.Q@0
147 0000000000000000 gen_fifos[0].f.entry_gen[17].ff_entry_inst.Q@0
148 0000000000000000 gen_fifos[0].f.entry_gen[16].ff_entry_inst.Q@0
149 0000000000000000 gen_fifos[0].f.entry_gen[15].ff_entry_inst.Q@0
150 0000000000000000 gen_fifos[0].f.entry_gen[14].ff_entry_inst.Q@0
151 0000000000000000 gen_fifos[0].f.entry_gen[13].ff_entry_inst.Q@0
152 0000000000000000 gen_fifos[0].f.entry_gen[12].ff_entry_inst.Q@0
153 0000000000000000 gen_fifos[0].f.entry_gen[11].ff_entry_inst.Q@0
154 0000000000000000 gen_fifos[0].f.entry_gen[10].ff_entry_inst.Q@0
155 0000000000000000 gen_fifos[0].f.entry_gen[9].ff_entry_inst.Q@0
156 0000000000000000 gen_fifos[0].f.entry_gen[8].ff_entry_inst.Q@0
157 0000000000000000 gen_fifos[0].f.entry_gen[7].ff_entry_inst.Q@0
158 0000000000000000 gen_fifos[0].f.entry_gen[6].ff_entry_inst.Q@0
159 0000000000000000 gen_fifos[0].f.entry_gen[5].ff_entry_inst.Q@0
160 0000000000000000 gen_fifos[0].f.entry_gen[4].ff_entry_inst.Q@0
161 0000000000000000 gen_fifos[0].f.entry_gen[3].ff_entry_inst.Q@0
162 0000000000000000 gen_fifos[0].f.entry_gen[2].ff_entry_inst.Q@0
163 0000000000000000 gen_fifos[0].f.entry_gen[1].ff_entry_inst.Q@0
164 0000000000000000 gen_fifos[0].f.entry_gen[0].ff_entry_inst.Q@0
165 0 sb.ff_en.Q@0
166 0 sb.ff_magic_packet_exited.Q@0
167 0000000 sb.mpt.ff_cnt.Q@0
168 0000000000000000 sb.ff_magic_packet.Q@0
169 100000 gen_fifos[3].cc.credits@0
170 100001 gen_fifos[4].cc.credits@0
171 100001 gen_fifos[0].cc.credits@0
172 100001 gen_fifos[1].cc.credits@0
173 100001 gen_fifos[2].cc.credits@0
174 100000 gen_fifos[2].f.cnt@0
175 100000 gen_fifos[3].f.cnt@0
176 100000 gen_fifos[4].f.cnt@0
177 100000 gen_fifos[0].f.cnt@0
178 100000 gen_fifos[1].f.cnt@0
179 1 initstate@0
180 000000 gen_fifos[0].f.ff_wrPtr.Q@0
181 000000 gen_fifos[1].f.ff_wrPtr.Q@0
182 000000 gen_fifos[2].f.ff_wrPtr.Q@0
183 000000 gen_fifos[3].f.ff_wrPtr.Q@0
184 000000 gen_fifos[4].f.ff_wrPtr.Q@0
@0
0 0 all_ones@0
1 0 clk@0
2 00000000000000000000000000000000000000000000000000000000000000000000000000000000 flat_data_in@0
3 000 gnt_sel@0
4 00000 push@0
5 0 req@0
6 1 rst@0
7 0 start@0
8 0000000000000000 input14@0
9 0000000000000000 input190@0
10 0000000000000000 input324@0
11 0000000000000000 input458@0
12 0000000000000000 input592@0
13 0 input887@0
@1
0 1 all_ones@1
1 0 clk@1
2 00000000000000010000000000000001000000000000000000000000000000000000000000000000 flat_data_in@1
3 000 gnt_sel@1
4 11001 push@1
5 0 req@1
6 0 rst@1
7 1 start@1
8 0000000000000000 input14@1
9 0000000000000000 input190@1
10 0000000000000000 input324@1
11 0000000000000000 input458@1
12 0000000000000000 input592@1
13 0 input887@1
@2
0 1 all_ones@2
1 0 clk@2
2 00000000000000010000000000000001000000000000000000000000000000000000000000000000 flat_data_in@2
3 000 gnt_sel@2
4 11001 push@2
5 0 req@2
6 0 rst@2
7 0 start@2
8 0000000000000000 input14@2
9 0000000000000000 input190@2
10 0000000000000000 input324@2
11 0000000000000000 input458@2
12 0000000000000000 input592@2
13 0 input887@2
@3
0 1 all_ones@3
1 0 clk@3
2 00000000000000010000000000000000000000000000000000000000000000000000000000000001 flat_data_in@3
3 011 gnt_sel@3
4 11001 push@3
5 1 req@3
6 0 rst@3
7 0 start@3
8 0000000000000001 input14@3
9 0000000000000001 input190@3
10 0000000000000001 input324@3
11 0000000000000001 input458@3
12 0000000000000001 input592@3
13 0 input887@3
@4
0 1 all_ones@4
1 0 clk@4
2 00000000000000000000000000000000000000000000000100000000000000000000000000000001 flat_data_in@4
3 011 gnt_sel@4
4 11111 push@4
5 1 req@4
6 0 rst@4
7 0 start@4
8 0000000000000001 input14@4
9 0000000000000001 input190@4
10 0000000000000001 input324@4
11 0000000000000001 input458@4
12 0000000000000001 input592@4
13 0 input887@4
@5
0 1 all_ones@5
1 0 clk@5
2 00000000000000000000000000000000000000000000000000000000000000000000000000000001 flat_data_in@5
3 001 gnt_sel@5
4 11001 push@5
5 0 req@5
6 0 rst@5
7 0 start@5
8 0000000000000001 input14@5
9 0000000000000001 input190@5
10 0000000000000001 input324@5
11 0000000000000001 input458@5
12 0000000000000001 input592@5
13 0 input887@5
@6
0 1 all_ones@6
1 0 clk@6
2 00000000000000000000000000000001000000000000000000000000000000010000000000000001 flat_data_in@6
3 110 gnt_sel@6
4 11011 push@6
5 1 req@6
6 0 rst@6
7 0 start@6
8 0000000000000001 input14@6
9 0000000000000001 input190@6
10 0000000000000001 input324@6
11 0000000000000001 input458@6
12 0000000000000001 input592@6
13 0 input887@6
@7
0 1 all_ones@7
1 0 clk@7
2 00000000000000010000000000000000000000000000000100000000000000010000000000000001 flat_data_in@7
3 110 gnt_sel@7
4 01011 push@7
5 1 req@7
6 0 rst@7
7 0 start@7
8 0000000000000001 input14@7
9 0000000000000001 input190@7
10 0000000000000001 input324@7
11 0000000000000001 input458@7
12 0000000000000001 input592@7
13 0 input887@7
@8
0 1 all_ones@8
1 0 clk@8
2 00000000000000010000000000000000000000000000000100000000000000010000000000000001 flat_data_in@8
3 100 gnt_sel@8
4 11111 push@8
5 1 req@8
6 0 rst@8
7 0 start@8
8 0000000000000001 input14@8
9 0000000000000001 input190@8
10 0000000000000001 input324@8
11 0000000000000001 input458@8
12 0000000000000001 input592@8
13 0 input887@8
@9
0 1 all_ones@9
1 0 clk@9
2 00000000000000000000000000000001000000000000000100000000000000000000000000000001 flat_data_in@9
3 100 gnt_sel@9
4 01011 push@9
5 1 req@9
6 0 rst@9
7 0 start@9
8 0000000000000001 input14@9
9 0000000000000001 input190@9
10 0000000000000001 input324@9
11 0000000000000001 input458@9
12 0000000000000001 input592@9
13 0 input887@9
@10
0 1 all_ones@10
1 0 clk@10
2 00000000000000010000000000000000000000000000000100000000000000000000000000000001 flat_data_in@10
3 110 gnt_sel@10
4 01011 push@10
5 1 req@10
6 0 rst@10
7 0 start@10
8 0000000000000001 input14@10
9 0000000000000001 input190@10
10 0000000000000001 input324@10
11 0000000000000001 input458@10
12 0000000000000001 input592@10
13 0 input887@10
@11
0 1 all_ones@11
1 0 clk@11
2 00000000000000000000000000000000000000000000000000000000000000010000000000000001 flat_data_in@11
3 011 gnt_sel@11
4 01001 push@11
5 1 req@11
6 0 rst@11
7 0 start@11
8 0000000000000001 input14@11
9 0000000000000001 input190@11
10 0000000000000001 input324@11
11 0000000000000001 input458@11
12 0000000000000001 input592@11
13 0 input887@11
@12
0 1 all_ones@12
1 0 clk@12
2 00000000000000010000000000000000000000000000000000000000000000000000000000000001 flat_data_in@12
3 001 gnt_sel@12
4 01011 push@12
5 1 req@12
6 0 rst@12
7 0 start@12
8 0000000000000001 input14@12
9 0000000000000001 input190@12
10 0000000000000001 input324@12
11 0000000000000001 input458@12
12 0000000000000001 input592@12
13 0 input887@12
@13
0 1 all_ones@13
1 0 clk@13
2 00000000000000010000000000000001000000000000000000000000000000010000000000000001 flat_data_in@13
3 001 gnt_sel@13
4 10001 push@13
5 1 req@13
6 0 rst@13
7 0 start@13
8 0000000000000001 input14@13
9 0000000000000001 input190@13
10 0000000000000001 input324@13
11 0000000000000001 input458@13
12 0000000000000001 input592@13
13 0 input887@13
@14
0 1 all_ones@14
1 0 clk@14
2 00000000000000010000000000000001000000000000000000000000000000000000000000000001 flat_data_in@14
3 011 gnt_sel@14
4 10001 push@14
5 1 req@14
6 0 rst@14
7 0 start@14
8 0000000000000001 input14@14
9 0000000000000001 input190@14
10 0000000000000001 input324@14
11 0000000000000001 input458@14
12 0000000000000001 input592@14
13 0 input887@14
@15
0 1 all_ones@15
1 0 clk@15
2 00000000000000010000000000000001000000000000000000000000000000010000000000000001 flat_data_in@15
3 110 gnt_sel@15
4 11001 push@15
5 1 req@15
6 0 rst@15
7 0 start@15
8 0000000000000001 input14@15
9 0000000000000001 input190@15
10 0000000000000001 input324@15
11 0000000000000001 input458@15
12 0000000000000001 input592@15
13 0 input887@15
@16
0 1 all_ones@16
1 0 clk@16
2 00000000000000000000000000000001000000000000000100000000000000000000000000000001 flat_data_in@16
3 010 gnt_sel@16
4 10101 push@16
5 1 req@16
6 0 rst@16
7 0 start@16
8 0000000000000001 input14@16
9 0000000000000001 input190@16
10 0000000000000001 input324@16
11 0000000000000001 input458@16
12 0000000000000001 input592@16
13 0 input887@16
@17
0 1 all_ones@17
1 0 clk@17
2 00000000000000000000000000000000000000000000000100000000000000000000000000000000 flat_data_in@17
3 010 gnt_sel@17
4 11101 push@17
5 1 req@17
6 0 rst@17
7 0 start@17
8 0000000000000001 input14@17
9 0000000000000001 input190@17
10 0000000000000001 input324@17
11 0000000000000001 input458@17
12 0000000000000001 input592@17
13 0 input887@17
@18
0 1 all_ones@18
1 0 clk@18
2 00000000000000000000000000000000000000000000000100000000000000000000000000000000 flat_data_in@18
3 100 gnt_sel@18
4 11101 push@18
5 1 req@18
6 0 rst@18
7 0 start@18
8 0000000000000001 input14@18
9 0000000000000001 input190@18
10 0000000000000001 input324@18
11 0000000000000001 input458@18
12 0000000000000001 input592@18
13 0 input887@18
@19
0 1 all_ones@19
1 0 clk@19
2 00000000000000010000000000000001000000000000000100000000000000010000000000000000 flat_data_in@19
3 010 gnt_sel@19
4 01101 push@19
5 1 req@19
6 0 rst@19
7 0 start@19
8 0000000000000001 input14@19
9 0000000000000001 input190@19
10 0000000000000001 input324@19
11 0000000000000001 input458@19
12 0000000000000001 input592@19
13 0 input887@19
@20
0 1 all_ones@20
1 0 clk@20
2 00000000000000010000000000000001000000000000000100000000000000010000000000000001 flat_data_in@20
3 010 gnt_sel@20
4 00111 push@20
5 1 req@20
6 0 rst@20
7 0 start@20
8 0000000000000001 input14@20
9 0000000000000001 input190@20
10 0000000000000001 input324@20
11 0000000000000001 input458@20
12 0000000000000001 input592@20
13 0 input887@20
@21
0 1 all_ones@21
1 0 clk@21
2 00000000000000000000000000000000000000000000000100000000000000010000000000000001 flat_data_in@21
3 000 gnt_sel@21
4 01111 push@21
5 0 req@21
6 0 rst@21
7 0 start@21
8 0000000000000001 input14@21
9 0000000000000001 input190@21
10 0000000000000001 input324@21
11 0000000000000001 input458@21
12 0000000000000001 input592@21
13 0 input887@21
@22
0 1 all_ones@22
1 0 clk@22
2 00000000000000000000000000000001000000000000000100000000000000000000000000000000 flat_data_in@22
3 010 gnt_sel@22
4 00111 push@22
5 1 req@22
6 0 rst@22
7 0 start@22
8 0000000000000001 input14@22
9 0000000000000001 input190@22
10 0000000000000001 input324@22
11 0000000000000001 input458@22
12 0000000000000001 input592@22
13 0 input887@22
@23
0 1 all_ones@23
1 0 clk@23
2 00000000000000010000000000000001000000000000000100000000000000000000000000000001 flat_data_in@23
3 010 gnt_sel@23
4 11011 push@23
5 1 req@23
6 0 rst@23
7 0 start@23
8 0000000000000001 input14@23
9 0000000000000001 input190@23
10 0000000000000001 input324@23
11 0000000000000001 input458@23
12 0000000000000001 input592@23
13 0 input887@23
@24
0 1 all_ones@24
1 0 clk@24
2 00000000000000000000000000000001000000000000000100000000000000010000000000000000 flat_data_in@24
3 000 gnt_sel@24
4 11001 push@24
5 0 req@24
6 0 rst@24
7 0 start@24
8 0000000000000001 input14@24
9 0000000000000001 input190@24
10 0000000000000001 input324@24
11 0000000000000001 input458@24
12 0000000000000001 input592@24
13 0 input887@24
@25
0 1 all_ones@25
1 0 clk@25
2 00000000000000010000000000000001000000000000000100000000000000000000000000000001 flat_data_in@25
3 000 gnt_sel@25
4 10011 push@25
5 0 req@25
6 0 rst@25
7 0 start@25
8 0000000000000001 input14@25
9 0000000000000001 input190@25
10 0000000000000001 input324@25
11 0000000000000001 input458@25
12 0000000000000001 input592@25
13 0 input887@25
@26
0 1 all_ones@26
1 0 clk@26
2 00000000000000000000000000000000000000000000000100000000000000000000000000000000 flat_data_in@26
3 011 gnt_sel@26
4 11111 push@26
5 1 req@26
6 0 rst@26
7 0 start@26
8 0000000000000001 input14@26
9 0000000000000001 input190@26
10 0000000000000001 input324@26
11 0000000000000001 input458@26
12 0000000000000000 input592@26
13 0 input887@26
@27
0 1 all_ones@27
1 0 clk@27
2 00000000000000000000000000000001000000000000000100000000000000000000000000000001 flat_data_in@27
3 000 gnt_sel@27
4 10011 push@27
5 0 req@27
6 0 rst@27
7 0 start@27
8 0000000000000001 input14@27
9 0000000000000001 input190@27
10 0000000000000001 input324@27
11 0000000000000001 input458@27
12 0000000000000001 input592@27
13 0 input887@27
@28
0 1 all_ones@28
1 0 clk@28
2 00000000000000000000000000000001000000000000000100000000000000000000000000000001 flat_data_in@28
3 011 gnt_sel@28
4 10101 push@28
5 1 req@28
6 0 rst@28
7 0 start@28
8 0000000000000001 input14@28
9 0000000000000001 input190@28
10 0000000000000001 input324@28
11 0000000000000001 input458@28
12 0000000000000001 input592@28
13 0 input887@28
@29
0 1 all_ones@29
1 0 clk@29
2 00000000000000010000000000000000000000000000000100000000000000000000000000000000 flat_data_in@29
3 010 gnt_sel@29
4 01101 push@29
5 1 req@29
6 0 rst@29
7 0 start@29
8 0000000000000001 input14@29
9 0000000000000001 input190@29
10 0000000000000001 input324@29
11 0000000000000001 input458@29
12 0000000000000001 input592@29
13 0 input887@29
@30
0 1 all_ones@30
1 0 clk@30
2 00000000000000010000000000000001000000000000000100000000000000010000000000000000 flat_data_in@30
3 001 gnt_sel@30
4 11101 push@30
5 1 req@30
6 0 rst@30
7 0 start@30
8 0000000000000001 input14@30
9 0000000000000001 input190@30
10 0000000000000001 input324@30
11 0000000000000001 input458@30
12 0000000000000001 input592@30
13 0 input887@30
@31
0 1 all_ones@31
1 0 clk@31
2 00000000000000000000000000000001000000000000000100000000000000010000000000000000 flat_data_in@31
3 001 gnt_sel@31
4 01101 push@31
5 1 req@31
6 0 rst@31
7 0 start@31
8 0000000000000001 input14@31
9 0000000000000001 input190@31
10 0000000000000001 input324@31
11 0000000000000001 input458@31
12 0000000000000001 input592@31
13 0 input887@31
@32
0 1 all_ones@32
1 0 clk@32
2 00000000000000000000000000000000000000000000000100000000000000000000000000000000 flat_data_in@32
3 011 gnt_sel@32
4 11111 push@32
5 1 req@32
6 0 rst@32
7 0 start@32
8 0000000000000001 input14@32
9 0000000000000001 input190@32
10 0000000000000001 input324@32
11 0000000000000001 input458@32
12 0000000000000001 input592@32
13 0 input887@32
@33
0 1 all_ones@33
1 0 clk@33
2 00000000000000000000000000000000000000000000000000000000000000000000000000000001 flat_data_in@33
3 001 gnt_sel@33
4 00001 push@33
5 1 req@33
6 0 rst@33
7 0 start@33
8 0000000000000001 input14@33
9 0000000000000001 input190@33
10 0000000000000001 input324@33
11 0000000000000001 input458@33
12 0000000000000001 input592@33
13 0 input887@33
@34
0 0 all_ones@34
1 0 clk@34
2 00000000000000000000000000000000000000000000000000000000000000000000000000000000 flat_data_in@34
3 000 gnt_sel@34
4 00000 push@34
5 1 req@34
6 0 rst@34
7 0 start@34
8 0000000000000001 input14@34
9 0000000000000001 input190@34
10 0000000000000001 input324@34
11 0000000000000001 input458@34
12 0000000000000001 input592@34
13 0 input887@34
@35
0 0 all_ones@35
1 0 clk@35
2 00000000000000000000000000000000000000000000000000000000000000000000000000000000 flat_data_in@35
3 000 gnt_sel@35
4 00000 push@35
5 0 req@35
6 0 rst@35
7 0 start@35
8 0000000000000000 input14@35
9 0000000000000000 input190@35
10 0000000000000000 input324@35
11 0000000000000000 input458@35
12 0000000000000000 input592@35
13 0 input887@35
.

