sat
b0
#0
0 00000000000000000000000000000000000000000000000000000000000000000000000000000000000000000000000000000000000000000000000000000000 gen_fifos[1].f.entry_gen[31].ff_entry_inst.Q@0
1 000000 gen_fifos[1].f.ff_rdPtr.Q@0
2 00000000000000000000000000000000000000000000000000000000000000000000000000000000000000000000000000000000000000000000000000000000 gen_fifos[1].f.entry_gen[30].ff_entry_inst.Q@0
3 00000000000000000000000000000000000000000000000000000000000000000000000000000000000000000000000000000000000000000000000000000000 gen_fifos[1].f.entry_gen[29].ff_entry_inst.Q@0
4 00000000000000000000000000000000000000000000000000000000000000000000000000000000000000000000000000000000000000000000000000000000 gen_fifos[1].f.entry_gen[28].ff_entry_inst.Q@0
5 00000000000000000000000000000000000000000000000000000000000000000000000000000000000000000000000000000000000000000000000000000000 gen_fifos[1].f.entry_gen[27].ff_entry_inst.Q@0
6 00000000000000000000000000000000000000000000000000000000000000000000000000000000000000000000000000000000000000000000000000000000 gen_fifos[1].f.entry_gen[26].ff_entry_inst.Q@0
7 00000000000000000000000000000000000000000000000000000000000000000000000000000000000000000000000000000000000000000000000000000000 gen_fifos[1].f.entry_gen[25].ff_entry_inst.Q@0
8 00000000000000000000000000000000000000000000000000000000000000000000000000000000000000000000000000000000000000000000000000000000 gen_fifos[1].f.entry_gen[24].ff_entry_inst.Q@0
9 00000000000000000000000000000000000000000000000000000000000000000000000000000000000000000000000000000000000000000000000000000000 gen_fifos[1].f.entry_gen[23].ff_entry_inst.Q@0
10 00000000000000000000000000000000000000000000000000000000000000000000000000000000000000000000000000000000000000000000000000000000 gen_fifos[1].f.entry_gen[22].ff_entry_inst.Q@0
11 00000000000000000000000000000000000000000000000000000000000000000000000000000000000000000000000000000000000000000000000000000000 gen_fifos[1].f.entry_gen[21].ff_entry_inst.Q@0
12 00000000000000000000000000000000000000000000000000000000000000000000000000000000000000000000000000000000000000000000000000000000 gen_fifos[1].f.entry_gen[20].ff_entry_inst.Q@0
13 00000000000000000000000000000000000000000000000000000000000000000000000000000000000000000000000000000000000000000000000000000000 gen_fifos[1].f.entry_gen[19].ff_entry_inst.Q@0
14 00000000000000000000000000000000000000000000000000000000000000000000000000000000000000000000000000000000000000000000000000000000 gen_fifos[1].f.entry_gen[18].ff_entry_inst.Q@0
15 00000000000000000000000000000000000000000000000000000000000000000000000000000000000000000000000000000000000000000000000000000000 gen_fifos[1].f.entry_gen[17].ff_entry_inst.Q@0
16 00000000000000000000000000000000000000000000000000000000000000000000000000000000000000000000000000000000000000000000000000000000 gen_fifos[1].f.entry_gen[16].ff_entry_inst.Q@0
17 00000000000000000000000000000000000000000000000000000000000000000000000000000000000000000000000000000000000000000000000000000000 gen_fifos[1].f.entry_gen[15].ff_entry_inst.Q@0
18 00000000000000000000000000000000000000000000000000000000000000000000000000000000000000000000000000000000000000000000000000000000 gen_fifos[1].f.entry_gen[14].ff_entry_inst.Q@0
19 00000000000000000000000000000000000000000000000000000000000000000000000000000000000000000000000000000000000000000000000000000000 gen_fifos[1].f.entry_gen[13].ff_entry_inst.Q@0
20 00000000000000000000000000000000000000000000000000000000000000000000000000000000000000000000000000000000000000000000000000000000 gen_fifos[1].f.entry_gen[12].ff_entry_inst.Q@0
21 00000000000000000000000000000000000000000000000000000000000000000000000000000000000000000000000000000000000000000000000000000000 gen_fifos[1].f.entry_gen[11].ff_entry_inst.Q@0
22 00000000000000000000000000000000000000000000000000000000000000000000000000000000000000000000000000000000000000000000000000000000 gen_fifos[1].f.entry_gen[10].ff_entry_inst.Q@0
23 00000000000000000000000000000000000000000000000000000000000000000000000000000000000000000000000000000000000000000000000000000000 gen_fifos[1].f.entry_gen[9].ff_entry_inst.Q@0
24 00000000000000000000000000000000000000000000000000000000000000000000000000000000000000000000000000000000000000000000000000000000 gen_fifos[1].f.entry_gen[8].ff_entry_inst.Q@0
25 00000000000000000000000000000000000000000000000000000000000000000000000000000000000000000000000000000000000000000000000000000000 gen_fifos[1].f.entry_gen[7].ff_entry_inst.Q@0
26 00000000000000000000000000000000000000000000000000000000000000000000000000000000000000000000000000000000000000000000000000000000 gen_fifos[1].f.entry_gen[6].ff_entry_inst.Q@0
27 00000000000000000000000000000000000000000000000000000000000000000000000000000000000000000000000000000000000000000000000000000000 gen_fifos[1].f.entry_gen[5].ff_entry_inst.Q@0
28 00000000000000000000000000000000000000000000000000000000000000000000000000000000000000000000000000000000000000000000000000000000 gen_fifos[1].f.entry_gen[4].ff_entry_inst.Q@0
29 00000000000000000000000000000000000000000000000000000000000000000000000000000000000000000000000000000000000000000000000000000000 gen_fifos[1].f.entry_gen[3].ff_entry_inst.Q@0
30 00000000000000000000000000000000000000000000000000000000000000000000000000000000000000000000000000000000000000000000000000000000 gen_fifos[1].f.entry_gen[2].ff_entry_inst.Q@0
31 00000000000000000000000000000000000000000000000000000000000000000000000000000000000000000000000000000000000000000000000000000000 gen_fifos[1].f.entry_gen[1].ff_entry_inst.Q@0
32 00000000000000000000000000000000000000000000000000000000000000000000000000000000000000000000000000000000000000000000000000000000 gen_fifos[1].f.entry_gen[0].ff_entry_inst.Q@0
33 00000000000000000000000000000000000000000000000000000000000000000000000000000000000000000000000000000000000000000000000000000000 gen_fifos[0].f.entry_gen[31].ff_entry_inst.Q@0
34 000000 gen_fifos[0].f.ff_rdPtr.Q@0
35 00000000000000000000000000000000000000000000000000000000000000000000000000000000000000000000000000000000000000000000000000000000 gen_fifos[0].f.entry_gen[30].ff_entry_inst.Q@0
36 00000000000000000000000000000000000000000000000000000000000000000000000000000000000000000000000000000000000000000000000000000000 gen_fifos[0].f.entry_gen[29].ff_entry_inst.Q@0
37 00000000000000000000000000000000000000000000000000000000000000000000000000000000000000000000000000000000000000000000000000000000 gen_fifos[0].f.entry_gen[28].ff_entry_inst.Q@0
38 00000000000000000000000000000000000000000000000000000000000000000000000000000000000000000000000000000000000000000000000000000000 gen_fifos[0].f.entry_gen[27].ff_entry_inst.Q@0
39 00000000000000000000000000000000000000000000000000000000000000000000000000000000000000000000000000000000000000000000000000000000 gen_fifos[0].f.entry_gen[26].ff_entry_inst.Q@0
40 00000000000000000000000000000000000000000000000000000000000000000000000000000000000000000000000000000000000000000000000000000000 gen_fifos[0].f.entry_gen[25].ff_entry_inst.Q@0
41 00000000000000000000000000000000000000000000000000000000000000000000000000000000000000000000000000000000000000000000000000000000 gen_fifos[0].f.entry_gen[24].ff_entry_inst.Q@0
42 00000000000000000000000000000000000000000000000000000000000000000000000000000000000000000000000000000000000000000000000000000000 gen_fifos[0].f.entry_gen[23].ff_entry_inst.Q@0
43 00000000000000000000000000000000000000000000000000000000000000000000000000000000000000000000000000000000000000000000000000000000 gen_fifos[0].f.entry_gen[22].ff_entry_inst.Q@0
44 00000000000000000000000000000000000000000000000000000000000000000000000000000000000000000000000000000000000000000000000000000000 gen_fifos[0].f.entry_gen[21].ff_entry_inst.Q@0
45 00000000000000000000000000000000000000000000000000000000000000000000000000000000000000000000000000000000000000000000000000000000 gen_fifos[0].f.entry_gen[20].ff_entry_inst.Q@0
46 00000000000000000000000000000000000000000000000000000000000000000000000000000000000000000000000000000000000000000000000000000000 gen_fifos[0].f.entry_gen[19].ff_entry_inst.Q@0
47 00000000000000000000000000000000000000000000000000000000000000000000000000000000000000000000000000000000000000000000000000000000 gen_fifos[0].f.entry_gen[18].ff_entry_inst.Q@0
48 00000000000000000000000000000000000000000000000000000000000000000000000000000000000000000000000000000000000000000000000000000000 gen_fifos[0].f.entry_gen[17].ff_entry_inst.Q@0
49 00000000000000000000000000000000000000000000000000000000000000000000000000000000000000000000000000000000000000000000000000000000 gen_fifos[0].f.entry_gen[16].ff_entry_inst.Q@0
50 00000000000000000000000000000000000000000000000000000000000000000000000000000000000000000000000000000000000000000000000000000000 gen_fifos[0].f.entry_gen[15].ff_entry_inst.Q@0
51 00000000000000000000000000000000000000000000000000000000000000000000000000000000000000000000000000000000000000000000000000000000 gen_fifos[0].f.entry_gen[14].ff_entry_inst.Q@0
52 00000000000000000000000000000000000000000000000000000000000000000000000000000000000000000000000000000000000000000000000000000000 gen_fifos[0].f.entry_gen[13].ff_entry_inst.Q@0
53 00000000000000000000000000000000000000000000000000000000000000000000000000000000000000000000000000000000000000000000000000000000 gen_fifos[0].f.entry_gen[12].ff_entry_inst.Q@0
54 00000000000000000000000000000000000000000000000000000000000000000000000000000000000000000000000000000000000000000000000000000000 gen_fifos[0].f.entry_gen[11].ff_entry_inst.Q@0
55 00000000000000000000000000000000000000000000000000000000000000000000000000000000000000000000000000000000000000000000000000000000 gen_fifos[0].f.entry_gen[10].ff_entry_inst.Q@0
56 00000000000000000000000000000000000000000000000000000000000000000000000000000000000000000000000000000000000000000000000000000000 gen_fifos[0].f.entry_gen[9].ff_entry_inst.Q@0
57 00000000000000000000000000000000000000000000000000000000000000000000000000000000000000000000000000000000000000000000000000000000 gen_fifos[0].f.entry_gen[8].ff_entry_inst.Q@0
58 00000000000000000000000000000000000000000000000000000000000000000000000000000000000000000000000000000000000000000000000000000000 gen_fifos[0].f.entry_gen[7].ff_entry_inst.Q@0
59 00000000000000000000000000000000000000000000000000000000000000000000000000000000000000000000000000000000000000000000000000000000 gen_fifos[0].f.entry_gen[6].ff_entry_inst.Q@0
60 00000000000000000000000000000000000000000000000000000000000000000000000000000000000000000000000000000000000000000000000000000000 gen_fifos[0].f.entry_gen[5].ff_entry_inst.Q@0
61 00000000000000000000000000000000000000000000000000000000000000000000000000000000000000000000000000000000000000000000000000000000 gen_fifos[0].f.entry_gen[4].ff_entry_inst.Q@0
62 00000000000000000000000000000000000000000000000000000000000000000000000000000000000000000000000000000000000000000000000000000000 gen_fifos[0].f.entry_gen[3].ff_entry_inst.Q@0
63 00000000000000000000000000000000000000000000000000000000000000000000000000000000000000000000000000000000000000000000000000000000 gen_fifos[0].f.entry_gen[2].ff_entry_inst.Q@0
64 00000000000000000000000000000000000000000000000000000000000000000000000000000000000000000000000000000000000000000000000000000000 gen_fifos[0].f.entry_gen[1].ff_entry_inst.Q@0
65 00000000000000000000000000000000000000000000000000000000000000000000000000000000000000000000000000000000000000000000000000000000 gen_fifos[0].f.entry_gen[0].ff_entry_inst.Q@0
66 0 sb.ff_en.Q@0
67 0 sb.ff_magic_packet_exited.Q@0
68 0000000 sb.mpt.ff_cnt.Q@0
69 00000000000000000000000000000000000000000000000000000000000000000000000000000000000000000000000000000000000000000000000000000000 sb.ff_magic_packet.Q@0
70 100000 gen_fifos[0].cc.credits@0
71 100001 gen_fifos[1].cc.credits@0
72 100000 gen_fifos[0].f.cnt@0
73 100000 gen_fifos[1].f.cnt@0
74 1 initstate@0
75 000000 gen_fifos[0].f.ff_wrPtr.Q@0
76 000000 gen_fifos[1].f.ff_wrPtr.Q@0
@0
0 0 all_ones@0
1 0 clk@0
2 0000000000000000000000000000000000000000000000000000000000000000000000000000000000000000000000000000000000000000000000000000000000000000000000000000000000000000000000000000000000000000000000000000000000000000000000000000000000000000000000000000000000000000 flat_data_in@0
3 0 gnt_sel@0
4 00 push@0
5 0 req@0
6 1 rst@0
7 0 start@0
8 00000000000000000000000000000000000000000000000000000000000000000000000000000000000000000000000000000000000000000000000000000000 input13@0
9 00000000000000000000000000000000000000000000000000000000000000000000000000000000000000000000000000000000000000000000000000000000 input413@0
10 0 input741@0
@1
0 1 all_ones@1
1 0 clk@1
2 0000000000000000000000000000000000000000000000000000000000000000000000000000000000000000000000000000000000000000000000000000000100000000000000000000000000000000000000000000000000000000000000000000000000000000000000000000000000000000000000000000000000000001 flat_data_in@1
3 0 gnt_sel@1
4 11 push@1
5 0 req@1
6 0 rst@1
7 1 start@1
8 00000000000000000000000000000000000000000000000000000000000000000000000000000000000000000000000000000000000000000000000000000000 input13@1
9 00000000000000000000000000000000000000000000000000000000000000000000000000000000000000000000000000000000000000000000000000000000 input413@1
10 0 input741@1
@2
0 0 all_ones@2
1 0 clk@2
2 0000000000000000000000000000000000000000000000000000000000000000000000000000000000000000000000000000000000000000000000000000000000000000000000000000000000000000000000000000000000000000000000000000000000000000000000000000000000000000000000000000000000000000 flat_data_in@2
3 0 gnt_sel@2
4 01 push@2
5 0 req@2
6 0 rst@2
7 0 start@2
8 00000000000000000000000000000000000000000000000000000000000000000000000000000000000000000000000000000000000000000000000000000000 input13@2
9 00000000000000000000000000000000000000000000000000000000000000000000000000000000000000000000000000000000000000000000000000000000 input413@2
10 0 input741@2
@3
0 1 all_ones@3
1 0 clk@3
2 0000000000000000000000000000000000000000000000000000000000000000000000000000000000000000000000000000000000000000000000000000000100000000000000000000000000000000000000000000000000000000000000000000000000000000000000000000000000000000000000000000000000000000 flat_data_in@3
3 0 gnt_sel@3
4 11 push@3
5 0 req@3
6 0 rst@3
7 0 start@3
8 00000000000000000000000000000000000000000000000000000000000000000000000000000000000000000000000000000000000000000000000000000001 input13@3
9 00000000000000000000000000000000000000000000000000000000000000000000000000000000000000000000000000000000000000000000000000000001 input413@3
10 0 input741@3
@4
0 1 all_ones@4
1 0 clk@4
2 0000000000000000000000000000000000000000000000000000000000000000000000000000000000000000000000000000000000000000000000000000000100000000000000000000000000000000000000000000000000000000000000000000000000000000000000000000000000000000000000000000000000000000 flat_data_in@4
3 0 gnt_sel@4
4 11 push@4
5 0 req@4
6 0 rst@4
7 0 start@4
8 00000000000000000000000000000000000000000000000000000000000000000000000000000000000000000000000000000000000000000000000000000001 input13@4
9 00000000000000000000000000000000000000000000000000000000000000000000000000000000000000000000000000000000000000000000000000000001 input413@4
10 0 input741@4
@5
0 1 all_ones@5
1 0 clk@5
2 0000000000000000000000000000000000000000000000000000000000000000000000000000000000000000000000000000000000000000000000000000000100000000000000000000000000000000000000000000000000000000000000000000000000000000000000000000000000000000000000000000000000000000 flat_data_in@5
3 0 gnt_sel@5
4 11 push@5
5 0 req@5
6 0 rst@5
7 0 start@5
8 00000000000000000000000000000000000000000000000000000000000000000000000000000000000000000000000000000000000000000000000000000001 input13@5
9 00000000000000000000000000000000000000000000000000000000000000000000000000000000000000000000000000000000000000000000000000000001 input413@5
10 0 input741@5
@6
0 1 all_ones@6
1 0 clk@6
2 0000000000000000000000000000000000000000000000000000000000000000000000000000000000000000000000000000000000000000000000000000000000000000000000000000000000000000000000000000000000000000000000000000000000000000000000000000000000000000000000000000000000000001 flat_data_in@6
3 0 gnt_sel@6
4 01 push@6
5 0 req@6
6 0 rst@6
7 0 start@6
8 00000000000000000000000000000000000000000000000000000000000000000000000000000000000000000000000000000000000000000000000000000001 input13@6
9 00000000000000000000000000000000000000000000000000000000000000000000000000000000000000000000000000000000000000000000000000000001 input413@6
10 0 input741@6
@7
0 1 all_ones@7
1 0 clk@7
2 0000000000000000000000000000000000000000000000000000000000000000000000000000000000000000000000000000000000000000000000000000000100000000000000000000000000000000000000000000000000000000000000000000000000000000000000000000000000000000000000000000000000000000 flat_data_in@7
3 0 gnt_sel@7
4 11 push@7
5 0 req@7
6 0 rst@7
7 0 start@7
8 00000000000000000000000000000000000000000000000000000000000000000000000000000000000000000000000000000000000000000000000000000001 input13@7
9 00000000000000000000000000000000000000000000000000000000000000000000000000000000000000000000000000000000000000000000000000000001 input413@7
10 0 input741@7
@8
0 1 all_ones@8
1 0 clk@8
2 0000000000000000000000000000000000000000000000000000000000000000000000000000000000000000000000000000000000000000000000000000000100000000000000000000000000000000000000000000000000000000000000000000000000000000000000000000000000000000000000000000000000000001 flat_data_in@8
3 0 gnt_sel@8
4 11 push@8
5 0 req@8
6 0 rst@8
7 0 start@8
8 00000000000000000000000000000000000000000000000000000000000000000000000000000000000000000000000000000000000000000000000000000001 input13@8
9 00000000000000000000000000000000000000000000000000000000000000000000000000000000000000000000000000000000000000000000000000000001 input413@8
10 0 input741@8
@9
0 1 all_ones@9
1 0 clk@9
2 0000000000000000000000000000000000000000000000000000000000000000000000000000000000000000000000000000000000000000000000000000000100000000000000000000000000000000000000000000000000000000000000000000000000000000000000000000000000000000000000000000000000000000 flat_data_in@9
3 0 gnt_sel@9
4 11 push@9
5 0 req@9
6 0 rst@9
7 0 start@9
8 00000000000000000000000000000000000000000000000000000000000000000000000000000000000000000000000000000000000000000000000000000001 input13@9
9 00000000000000000000000000000000000000000000000000000000000000000000000000000000000000000000000000000000000000000000000000000000 input413@9
10 0 input741@9
@10
0 1 all_ones@10
1 0 clk@10
2 0000000000000000000000000000000000000000000000000000000000000000000000000000000000000000000000000000000000000000000000000000000100000000000000000000000000000000000000000000000000000000000000000000000000000000000000000000000000000000000000000000000000000000 flat_data_in@10
3 0 gnt_sel@10
4 11 push@10
5 0 req@10
6 0 rst@10
7 0 start@10
8 00000000000000000000000000000000000000000000000000000000000000000000000000000000000000000000000000000000000000000000000000000001 input13@10
9 00000000000000000000000000000000000000000000000000000000000000000000000000000000000000000000000000000000000000000000000000000001 input413@10
10 0 input741@10
@11
0 1 all_ones@11
1 0 clk@11
2 0000000000000000000000000000000000000000000000000000000000000000000000000000000000000000000000000000000000000000000000000000000100000000000000000000000000000000000000000000000000000000000000000000000000000000000000000000000000000000000000000000000000000001 flat_data_in@11
3 0 gnt_sel@11
4 11 push@11
5 0 req@11
6 0 rst@11
7 0 start@11
8 00000000000000000000000000000000000000000000000000000000000000000000000000000000000000000000000000000000000000000000000000000001 input13@11
9 00000000000000000000000000000000000000000000000000000000000000000000000000000000000000000000000000000000000000000000000000000001 input413@11
10 0 input741@11
@12
0 1 all_ones@12
1 0 clk@12
2 0000000000000000000000000000000000000000000000000000000000000000000000000000000000000000000000000000000000000000000000000000000100000000000000000000000000000000000000000000000000000000000000000000000000000000000000000000000000000000000000000000000000000000 flat_data_in@12
3 0 gnt_sel@12
4 11 push@12
5 0 req@12
6 0 rst@12
7 0 start@12
8 00000000000000000000000000000000000000000000000000000000000000000000000000000000000000000000000000000000000000000000000000000001 input13@12
9 00000000000000000000000000000000000000000000000000000000000000000000000000000000000000000000000000000000000000000000000000000001 input413@12
10 0 input741@12
@13
0 1 all_ones@13
1 0 clk@13
2 0000000000000000000000000000000000000000000000000000000000000000000000000000000000000000000000000000000000000000000000000000000100000000000000000000000000000000000000000000000000000000000000000000000000000000000000000000000000000000000000000000000000000001 flat_data_in@13
3 0 gnt_sel@13
4 11 push@13
5 0 req@13
6 0 rst@13
7 0 start@13
8 00000000000000000000000000000000000000000000000000000000000000000000000000000000000000000000000000000000000000000000000000000001 input13@13
9 00000000000000000000000000000000000000000000000000000000000000000000000000000000000000000000000000000000000000000000000000000001 input413@13
10 0 input741@13
@14
0 1 all_ones@14
1 0 clk@14
2 0000000000000000000000000000000000000000000000000000000000000000000000000000000000000000000000000000000000000000000000000000000100000000000000000000000000000000000000000000000000000000000000000000000000000000000000000000000000000000000000000000000000000001 flat_data_in@14
3 0 gnt_sel@14
4 11 push@14
5 0 req@14
6 0 rst@14
7 0 start@14
8 00000000000000000000000000000000000000000000000000000000000000000000000000000000000000000000000000000000000000000000000000000001 input13@14
9 00000000000000000000000000000000000000000000000000000000000000000000000000000000000000000000000000000000000000000000000000000001 input413@14
10 0 input741@14
@15
0 1 all_ones@15
1 0 clk@15
2 0000000000000000000000000000000000000000000000000000000000000000000000000000000000000000000000000000000000000000000000000000000100000000000000000000000000000000000000000000000000000000000000000000000000000000000000000000000000000000000000000000000000000001 flat_data_in@15
3 0 gnt_sel@15
4 11 push@15
5 0 req@15
6 0 rst@15
7 0 start@15
8 00000000000000000000000000000000000000000000000000000000000000000000000000000000000000000000000000000000000000000000000000000001 input13@15
9 00000000000000000000000000000000000000000000000000000000000000000000000000000000000000000000000000000000000000000000000000000001 input413@15
10 0 input741@15
@16
0 1 all_ones@16
1 0 clk@16
2 0000000000000000000000000000000000000000000000000000000000000000000000000000000000000000000000000000000000000000000000000000000100000000000000000000000000000000000000000000000000000000000000000000000000000000000000000000000000000000000000000000000000000001 flat_data_in@16
3 0 gnt_sel@16
4 11 push@16
5 0 req@16
6 0 rst@16
7 0 start@16
8 00000000000000000000000000000000000000000000000000000000000000000000000000000000000000000000000000000000000000000000000000000001 input13@16
9 00000000000000000000000000000000000000000000000000000000000000000000000000000000000000000000000000000000000000000000000000000000 input413@16
10 0 input741@16
@17
0 1 all_ones@17
1 0 clk@17
2 0000000000000000000000000000000000000000000000000000000000000000000000000000000000000000000000000000000000000000000000000000000100000000000000000000000000000000000000000000000000000000000000000000000000000000000000000000000000000000000000000000000000000000 flat_data_in@17
3 0 gnt_sel@17
4 11 push@17
5 0 req@17
6 0 rst@17
7 0 start@17
8 00000000000000000000000000000000000000000000000000000000000000000000000000000000000000000000000000000000000000000000000000000001 input13@17
9 00000000000000000000000000000000000000000000000000000000000000000000000000000000000000000000000000000000000000000000000000000001 input413@17
10 0 input741@17
@18
0 1 all_ones@18
1 0 clk@18
2 0000000000000000000000000000000000000000000000000000000000000000000000000000000000000000000000000000000000000000000000000000000000000000000000000000000000000000000000000000000000000000000000000000000000000000000000000000000000000000000000000000000000000001 flat_data_in@18
3 0 gnt_sel@18
4 01 push@18
5 0 req@18
6 0 rst@18
7 0 start@18
8 00000000000000000000000000000000000000000000000000000000000000000000000000000000000000000000000000000000000000000000000000000001 input13@18
9 00000000000000000000000000000000000000000000000000000000000000000000000000000000000000000000000000000000000000000000000000000000 input413@18
10 0 input741@18
@19
0 0 all_ones@19
1 0 clk@19
2 0000000000000000000000000000000000000000000000000000000000000000000000000000000000000000000000000000000000000000000000000000000000000000000000000000000000000000000000000000000000000000000000000000000000000000000000000000000000000000000000000000000000000000 flat_data_in@19
3 0 gnt_sel@19
4 01 push@19
5 0 req@19
6 0 rst@19
7 0 start@19
8 00000000000000000000000000000000000000000000000000000000000000000000000000000000000000000000000000000000000000000000000000000001 input13@19
9 00000000000000000000000000000000000000000000000000000000000000000000000000000000000000000000000000000000000000000000000000000001 input413@19
10 0 input741@19
@20
0 1 all_ones@20
1 0 clk@20
2 0000000000000000000000000000000000000000000000000000000000000000000000000000000000000000000000000000000000000000000000000000000000000000000000000000000000000000000000000000000000000000000000000000000000000000000000000000000000000000000000000000000000000001 flat_data_in@20
3 0 gnt_sel@20
4 01 push@20
5 0 req@20
6 0 rst@20
7 0 start@20
8 00000000000000000000000000000000000000000000000000000000000000000000000000000000000000000000000000000000000000000000000000000001 input13@20
9 00000000000000000000000000000000000000000000000000000000000000000000000000000000000000000000000000000000000000000000000000000001 input413@20
10 0 input741@20
@21
0 0 all_ones@21
1 0 clk@21
2 0000000000000000000000000000000000000000000000000000000000000000000000000000000000000000000000000000000000000000000000000000000000000000000000000000000000000000000000000000000000000000000000000000000000000000000000000000000000000000000000000000000000000000 flat_data_in@21
3 0 gnt_sel@21
4 01 push@21
5 0 req@21
6 0 rst@21
7 0 start@21
8 00000000000000000000000000000000000000000000000000000000000000000000000000000000000000000000000000000000000000000000000000000001 input13@21
9 00000000000000000000000000000000000000000000000000000000000000000000000000000000000000000000000000000000000000000000000000000001 input413@21
10 0 input741@21
@22
0 0 all_ones@22
1 0 clk@22
2 0000000000000000000000000000000000000000000000000000000000000000000000000000000000000000000000000000000000000000000000000000000000000000000000000000000000000000000000000000000000000000000000000000000000000000000000000000000000000000000000000000000000000000 flat_data_in@22
3 0 gnt_sel@22
4 01 push@22
5 0 req@22
6 0 rst@22
7 0 start@22
8 00000000000000000000000000000000000000000000000000000000000000000000000000000000000000000000000000000000000000000000000000000001 input13@22
9 00000000000000000000000000000000000000000000000000000000000000000000000000000000000000000000000000000000000000000000000000000001 input413@22
10 0 input741@22
@23
0 0 all_ones@23
1 0 clk@23
2 0000000000000000000000000000000000000000000000000000000000000000000000000000000000000000000000000000000000000000000000000000000000000000000000000000000000000000000000000000000000000000000000000000000000000000000000000000000000000000000000000000000000000000 flat_data_in@23
3 1 gnt_sel@23
4 01 push@23
5 1 req@23
6 0 rst@23
7 0 start@23
8 00000000000000000000000000000000000000000000000000000000000000000000000000000000000000000000000000000000000000000000000000000001 input13@23
9 00000000000000000000000000000000000000000000000000000000000000000000000000000000000000000000000000000000000000000000000000000000 input413@23
10 0 input741@23
@24
0 1 all_ones@24
1 0 clk@24
2 0000000000000000000000000000000000000000000000000000000000000000000000000000000000000000000000000000000000000000000000000000000000000000000000000000000000000000000000000000000000000000000000000000000000000000000000000000000000000000000000000000000000000001 flat_data_in@24
3 0 gnt_sel@24
4 01 push@24
5 0 req@24
6 0 rst@24
7 0 start@24
8 00000000000000000000000000000000000000000000000000000000000000000000000000000000000000000000000000000000000000000000000000000001 input13@24
9 00000000000000000000000000000000000000000000000000000000000000000000000000000000000000000000000000000000000000000000000000000000 input413@24
10 0 input741@24
@25
0 1 all_ones@25
1 0 clk@25
2 0000000000000000000000000000000000000000000000000000000000000000000000000000000000000000000000000000000000000000000000000000000000000000000000000000000000000000000000000000000000000000000000000000000000000000000000000000000000000000000000000000000000000001 flat_data_in@25
3 0 gnt_sel@25
4 01 push@25
5 0 req@25
6 0 rst@25
7 0 start@25
8 00000000000000000000000000000000000000000000000000000000000000000000000000000000000000000000000000000000000000000000000000000001 input13@25
9 00000000000000000000000000000000000000000000000000000000000000000000000000000000000000000000000000000000000000000000000000000000 input413@25
10 0 input741@25
@26
0 0 all_ones@26
1 0 clk@26
2 0000000000000000000000000000000000000000000000000000000000000000000000000000000000000000000000000000000000000000000000000000000000000000000000000000000000000000000000000000000000000000000000000000000000000000000000000000000000000000000000000000000000000000 flat_data_in@26
3 0 gnt_sel@26
4 01 push@26
5 0 req@26
6 0 rst@26
7 0 start@26
8 00000000000000000000000000000000000000000000000000000000000000000000000000000000000000000000000000000000000000000000000000000001 input13@26
9 00000000000000000000000000000000000000000000000000000000000000000000000000000000000000000000000000000000000000000000000000000001 input413@26
10 0 input741@26
@27
0 1 all_ones@27
1 0 clk@27
2 0000000000000000000000000000000000000000000000000000000000000000000000000000000000000000000000000000000000000000000000000000000000000000000000000000000000000000000000000000000000000000000000000000000000000000000000000000000000000000000000000000000000000001 flat_data_in@27
3 1 gnt_sel@27
4 01 push@27
5 1 req@27
6 0 rst@27
7 0 start@27
8 00000000000000000000000000000000000000000000000000000000000000000000000000000000000000000000000000000000000000000000000000000001 input13@27
9 00000000000000000000000000000000000000000000000000000000000000000000000000000000000000000000000000000000000000000000000000000000 input413@27
10 0 input741@27
@28
0 0 all_ones@28
1 0 clk@28
2 0000000000000000000000000000000000000000000000000000000000000000000000000000000000000000000000000000000000000000000000000000000000000000000000000000000000000000000000000000000000000000000000000000000000000000000000000000000000000000000000000000000000000000 flat_data_in@28
3 0 gnt_sel@28
4 01 push@28
5 0 req@28
6 0 rst@28
7 0 start@28
8 00000000000000000000000000000000000000000000000000000000000000000000000000000000000000000000000000000000000000000000000000000001 input13@28
9 00000000000000000000000000000000000000000000000000000000000000000000000000000000000000000000000000000000000000000000000000000000 input413@28
10 0 input741@28
@29
0 1 all_ones@29
1 0 clk@29
2 0000000000000000000000000000000000000000000000000000000000000000000000000000000000000000000000000000000000000000000000000000000000000000000000000000000000000000000000000000000000000000000000000000000000000000000000000000000000000000000000000000000000000001 flat_data_in@29
3 0 gnt_sel@29
4 01 push@29
5 0 req@29
6 0 rst@29
7 0 start@29
8 00000000000000000000000000000000000000000000000000000000000000000000000000000000000000000000000000000000000000000000000000000001 input13@29
9 00000000000000000000000000000000000000000000000000000000000000000000000000000000000000000000000000000000000000000000000000000000 input413@29
10 0 input741@29
@30
0 1 all_ones@30
1 0 clk@30
2 0000000000000000000000000000000000000000000000000000000000000000000000000000000000000000000000000000000000000000000000000000000000000000000000000000000000000000000000000000000000000000000000000000000000000000000000000000000000000000000000000000000000000001 flat_data_in@30
3 1 gnt_sel@30
4 01 push@30
5 1 req@30
6 0 rst@30
7 0 start@30
8 00000000000000000000000000000000000000000000000000000000000000000000000000000000000000000000000000000000000000000000000000000001 input13@30
9 00000000000000000000000000000000000000000000000000000000000000000000000000000000000000000000000000000000000000000000000000000001 input413@30
10 0 input741@30
@31
0 0 all_ones@31
1 0 clk@31
2 0000000000000000000000000000000000000000000000000000000000000000000000000000000000000000000000000000000000000000000000000000000000000000000000000000000000000000000000000000000000000000000000000000000000000000000000000000000000000000000000000000000000000000 flat_data_in@31
3 1 gnt_sel@31
4 01 push@31
5 1 req@31
6 0 rst@31
7 0 start@31
8 00000000000000000000000000000000000000000000000000000000000000000000000000000000000000000000000000000000000000000000000000000001 input13@31
9 00000000000000000000000000000000000000000000000000000000000000000000000000000000000000000000000000000000000000000000000000000001 input413@31
10 0 input741@31
@32
0 0 all_ones@32
1 0 clk@32
2 0000000000000000000000000000000000000000000000000000000000000000000000000000000000000000000000000000000000000000000000000000000000000000000000000000000000000000000000000000000000000000000000000000000000000000000000000000000000000000000000000000000000000000 flat_data_in@32
3 1 gnt_sel@32
4 01 push@32
5 1 req@32
6 0 rst@32
7 0 start@32
8 00000000000000000000000000000000000000000000000000000000000000000000000000000000000000000000000000000000000000000000000000000001 input13@32
9 00000000000000000000000000000000000000000000000000000000000000000000000000000000000000000000000000000000000000000000000000000001 input413@32
10 0 input741@32
@33
0 0 all_ones@33
1 0 clk@33
2 0000000000000000000000000000000000000000000000000000000000000000000000000000000000000000000000000000000000000000000000000000000000000000000000000000000000000000000000000000000000000000000000000000000000000000000000000000000000000000000000000000000000000000 flat_data_in@33
3 1 gnt_sel@33
4 01 push@33
5 1 req@33
6 0 rst@33
7 0 start@33
8 00000000000000000000000000000000000000000000000000000000000000000000000000000000000000000000000000000000000000000000000000000001 input13@33
9 00000000000000000000000000000000000000000000000000000000000000000000000000000000000000000000000000000000000000000000000000000000 input413@33
10 0 input741@33
@34
0 0 all_ones@34
1 0 clk@34
2 0000000000000000000000000000000000000000000000000000000000000000000000000000000000000000000000000000000000000000000000000000000000000000000000000000000000000000000000000000000000000000000000000000000000000000000000000000000000000000000000000000000000000000 flat_data_in@34
3 0 gnt_sel@34
4 00 push@34
5 1 req@34
6 0 rst@34
7 0 start@34
8 00000000000000000000000000000000000000000000000000000000000000000000000000000000000000000000000000000000000000000000000000000001 input13@34
9 00000000000000000000000000000000000000000000000000000000000000000000000000000000000000000000000000000000000000000000000000000000 input413@34
10 0 input741@34
@35
0 0 all_ones@35
1 0 clk@35
2 0000000000000000000000000000000000000000000000000000000000000000000000000000000000000000000000000000000000000000000000000000000000000000000000000000000000000000000000000000000000000000000000000000000000000000000000000000000000000000000000000000000000000000 flat_data_in@35
3 0 gnt_sel@35
4 00 push@35
5 0 req@35
6 0 rst@35
7 0 start@35
8 00000000000000000000000000000000000000000000000000000000000000000000000000000000000000000000000000000000000000000000000000000000 input13@35
9 00000000000000000000000000000000000000000000000000000000000000000000000000000000000000000000000000000000000000000000000000000000 input413@35
10 0 input741@35
.

