sat
b0
#0
0 00000000000000000000000000000000000000000000000000000000000000000000000000000000000000000000000000000000000000000000000000000000 gen_fifos[4].f.entry_gen[15].ff_entry_inst.Q@0
1 00000 gen_fifos[4].f.ff_rdPtr.Q@0
2 00000000000000000000000000000000000000000000000000000000000000000000000000000000000000000000000000000000000000000000000000000000 gen_fifos[4].f.entry_gen[14].ff_entry_inst.Q@0
3 00000000000000000000000000000000000000000000000000000000000000000000000000000000000000000000000000000000000000000000000000000000 gen_fifos[4].f.entry_gen[13].ff_entry_inst.Q@0
4 00000000000000000000000000000000000000000000000000000000000000000000000000000000000000000000000000000000000000000000000000000000 gen_fifos[4].f.entry_gen[12].ff_entry_inst.Q@0
5 00000000000000000000000000000000000000000000000000000000000000000000000000000000000000000000000000000000000000000000000000000000 gen_fifos[4].f.entry_gen[11].ff_entry_inst.Q@0
6 00000000000000000000000000000000000000000000000000000000000000000000000000000000000000000000000000000000000000000000000000000000 gen_fifos[4].f.entry_gen[10].ff_entry_inst.Q@0
7 00000000000000000000000000000000000000000000000000000000000000000000000000000000000000000000000000000000000000000000000000000000 gen_fifos[4].f.entry_gen[9].ff_entry_inst.Q@0
8 00000000000000000000000000000000000000000000000000000000000000000000000000000000000000000000000000000000000000000000000000000000 gen_fifos[4].f.entry_gen[8].ff_entry_inst.Q@0
9 00000000000000000000000000000000000000000000000000000000000000000000000000000000000000000000000000000000000000000000000000000000 gen_fifos[4].f.entry_gen[7].ff_entry_inst.Q@0
10 00000000000000000000000000000000000000000000000000000000000000000000000000000000000000000000000000000000000000000000000000000000 gen_fifos[4].f.entry_gen[6].ff_entry_inst.Q@0
11 00000000000000000000000000000000000000000000000000000000000000000000000000000000000000000000000000000000000000000000000000000000 gen_fifos[4].f.entry_gen[5].ff_entry_inst.Q@0
12 00000000000000000000000000000000000000000000000000000000000000000000000000000000000000000000000000000000000000000000000000000000 gen_fifos[4].f.entry_gen[4].ff_entry_inst.Q@0
13 00000000000000000000000000000000000000000000000000000000000000000000000000000000000000000000000000000000000000000000000000000000 gen_fifos[4].f.entry_gen[3].ff_entry_inst.Q@0
14 00000000000000000000000000000000000000000000000000000000000000000000000000000000000000000000000000000000000000000000000000000000 gen_fifos[4].f.entry_gen[2].ff_entry_inst.Q@0
15 00000000000000000000000000000000000000000000000000000000000000000000000000000000000000000000000000000000000000000000000000000000 gen_fifos[4].f.entry_gen[1].ff_entry_inst.Q@0
16 00000000000000000000000000000000000000000000000000000000000000000000000000000000000000000000000000000000000000000000000000000000 gen_fifos[4].f.entry_gen[0].ff_entry_inst.Q@0
17 00000000000000000000000000000000000000000000000000000000000000000000000000000000000000000000000000000000000000000000000000000000 gen_fifos[3].f.entry_gen[15].ff_entry_inst.Q@0
18 00000 gen_fifos[3].f.ff_rdPtr.Q@0
19 00000000000000000000000000000000000000000000000000000000000000000000000000000000000000000000000000000000000000000000000000000000 gen_fifos[3].f.entry_gen[14].ff_entry_inst.Q@0
20 00000000000000000000000000000000000000000000000000000000000000000000000000000000000000000000000000000000000000000000000000000000 gen_fifos[3].f.entry_gen[13].ff_entry_inst.Q@0
21 00000000000000000000000000000000000000000000000000000000000000000000000000000000000000000000000000000000000000000000000000000000 gen_fifos[3].f.entry_gen[12].ff_entry_inst.Q@0
22 00000000000000000000000000000000000000000000000000000000000000000000000000000000000000000000000000000000000000000000000000000000 gen_fifos[3].f.entry_gen[11].ff_entry_inst.Q@0
23 00000000000000000000000000000000000000000000000000000000000000000000000000000000000000000000000000000000000000000000000000000000 gen_fifos[3].f.entry_gen[10].ff_entry_inst.Q@0
24 00000000000000000000000000000000000000000000000000000000000000000000000000000000000000000000000000000000000000000000000000000000 gen_fifos[3].f.entry_gen[9].ff_entry_inst.Q@0
25 00000000000000000000000000000000000000000000000000000000000000000000000000000000000000000000000000000000000000000000000000000000 gen_fifos[3].f.entry_gen[8].ff_entry_inst.Q@0
26 00000000000000000000000000000000000000000000000000000000000000000000000000000000000000000000000000000000000000000000000000000000 gen_fifos[3].f.entry_gen[7].ff_entry_inst.Q@0
27 00000000000000000000000000000000000000000000000000000000000000000000000000000000000000000000000000000000000000000000000000000000 gen_fifos[3].f.entry_gen[6].ff_entry_inst.Q@0
28 00000000000000000000000000000000000000000000000000000000000000000000000000000000000000000000000000000000000000000000000000000000 gen_fifos[3].f.entry_gen[5].ff_entry_inst.Q@0
29 00000000000000000000000000000000000000000000000000000000000000000000000000000000000000000000000000000000000000000000000000000000 gen_fifos[3].f.entry_gen[4].ff_entry_inst.Q@0
30 00000000000000000000000000000000000000000000000000000000000000000000000000000000000000000000000000000000000000000000000000000000 gen_fifos[3].f.entry_gen[3].ff_entry_inst.Q@0
31 00000000000000000000000000000000000000000000000000000000000000000000000000000000000000000000000000000000000000000000000000000000 gen_fifos[3].f.entry_gen[2].ff_entry_inst.Q@0
32 00000000000000000000000000000000000000000000000000000000000000000000000000000000000000000000000000000000000000000000000000000000 gen_fifos[3].f.entry_gen[1].ff_entry_inst.Q@0
33 00000000000000000000000000000000000000000000000000000000000000000000000000000000000000000000000000000000000000000000000000000000 gen_fifos[3].f.entry_gen[0].ff_entry_inst.Q@0
34 00000000000000000000000000000000000000000000000000000000000000000000000000000000000000000000000000000000000000000000000000000000 gen_fifos[2].f.entry_gen[15].ff_entry_inst.Q@0
35 00000 gen_fifos[2].f.ff_rdPtr.Q@0
36 00000000000000000000000000000000000000000000000000000000000000000000000000000000000000000000000000000000000000000000000000000000 gen_fifos[2].f.entry_gen[14].ff_entry_inst.Q@0
37 00000000000000000000000000000000000000000000000000000000000000000000000000000000000000000000000000000000000000000000000000000000 gen_fifos[2].f.entry_gen[13].ff_entry_inst.Q@0
38 00000000000000000000000000000000000000000000000000000000000000000000000000000000000000000000000000000000000000000000000000000000 gen_fifos[2].f.entry_gen[12].ff_entry_inst.Q@0
39 00000000000000000000000000000000000000000000000000000000000000000000000000000000000000000000000000000000000000000000000000000000 gen_fifos[2].f.entry_gen[11].ff_entry_inst.Q@0
40 00000000000000000000000000000000000000000000000000000000000000000000000000000000000000000000000000000000000000000000000000000000 gen_fifos[2].f.entry_gen[10].ff_entry_inst.Q@0
41 00000000000000000000000000000000000000000000000000000000000000000000000000000000000000000000000000000000000000000000000000000000 gen_fifos[2].f.entry_gen[9].ff_entry_inst.Q@0
42 00000000000000000000000000000000000000000000000000000000000000000000000000000000000000000000000000000000000000000000000000000000 gen_fifos[2].f.entry_gen[8].ff_entry_inst.Q@0
43 00000000000000000000000000000000000000000000000000000000000000000000000000000000000000000000000000000000000000000000000000000000 gen_fifos[2].f.entry_gen[7].ff_entry_inst.Q@0
44 00000000000000000000000000000000000000000000000000000000000000000000000000000000000000000000000000000000000000000000000000000000 gen_fifos[2].f.entry_gen[6].ff_entry_inst.Q@0
45 00000000000000000000000000000000000000000000000000000000000000000000000000000000000000000000000000000000000000000000000000000000 gen_fifos[2].f.entry_gen[5].ff_entry_inst.Q@0
46 00000000000000000000000000000000000000000000000000000000000000000000000000000000000000000000000000000000000000000000000000000000 gen_fifos[2].f.entry_gen[4].ff_entry_inst.Q@0
47 00000000000000000000000000000000000000000000000000000000000000000000000000000000000000000000000000000000000000000000000000000000 gen_fifos[2].f.entry_gen[3].ff_entry_inst.Q@0
48 00000000000000000000000000000000000000000000000000000000000000000000000000000000000000000000000000000000000000000000000000000000 gen_fifos[2].f.entry_gen[2].ff_entry_inst.Q@0
49 00000000000000000000000000000000000000000000000000000000000000000000000000000000000000000000000000000000000000000000000000000000 gen_fifos[2].f.entry_gen[1].ff_entry_inst.Q@0
50 00000000000000000000000000000000000000000000000000000000000000000000000000000000000000000000000000000000000000000000000000000000 gen_fifos[2].f.entry_gen[0].ff_entry_inst.Q@0
51 00000000000000000000000000000000000000000000000000000000000000000000000000000000000000000000000000000000000000000000000000000000 gen_fifos[1].f.entry_gen[15].ff_entry_inst.Q@0
52 00000 gen_fifos[1].f.ff_rdPtr.Q@0
53 00000000000000000000000000000000000000000000000000000000000000000000000000000000000000000000000000000000000000000000000000000000 gen_fifos[1].f.entry_gen[14].ff_entry_inst.Q@0
54 00000000000000000000000000000000000000000000000000000000000000000000000000000000000000000000000000000000000000000000000000000000 gen_fifos[1].f.entry_gen[13].ff_entry_inst.Q@0
55 00000000000000000000000000000000000000000000000000000000000000000000000000000000000000000000000000000000000000000000000000000000 gen_fifos[1].f.entry_gen[12].ff_entry_inst.Q@0
56 00000000000000000000000000000000000000000000000000000000000000000000000000000000000000000000000000000000000000000000000000000000 gen_fifos[1].f.entry_gen[11].ff_entry_inst.Q@0
57 00000000000000000000000000000000000000000000000000000000000000000000000000000000000000000000000000000000000000000000000000000000 gen_fifos[1].f.entry_gen[10].ff_entry_inst.Q@0
58 00000000000000000000000000000000000000000000000000000000000000000000000000000000000000000000000000000000000000000000000000000000 gen_fifos[1].f.entry_gen[9].ff_entry_inst.Q@0
59 00000000000000000000000000000000000000000000000000000000000000000000000000000000000000000000000000000000000000000000000000000000 gen_fifos[1].f.entry_gen[8].ff_entry_inst.Q@0
60 00000000000000000000000000000000000000000000000000000000000000000000000000000000000000000000000000000000000000000000000000000000 gen_fifos[1].f.entry_gen[7].ff_entry_inst.Q@0
61 00000000000000000000000000000000000000000000000000000000000000000000000000000000000000000000000000000000000000000000000000000000 gen_fifos[1].f.entry_gen[6].ff_entry_inst.Q@0
62 00000000000000000000000000000000000000000000000000000000000000000000000000000000000000000000000000000000000000000000000000000000 gen_fifos[1].f.entry_gen[5].ff_entry_inst.Q@0
63 00000000000000000000000000000000000000000000000000000000000000000000000000000000000000000000000000000000000000000000000000000000 gen_fifos[1].f.entry_gen[4].ff_entry_inst.Q@0
64 00000000000000000000000000000000000000000000000000000000000000000000000000000000000000000000000000000000000000000000000000000000 gen_fifos[1].f.entry_gen[3].ff_entry_inst.Q@0
65 00000000000000000000000000000000000000000000000000000000000000000000000000000000000000000000000000000000000000000000000000000000 gen_fifos[1].f.entry_gen[2].ff_entry_inst.Q@0
66 00000000000000000000000000000000000000000000000000000000000000000000000000000000000000000000000000000000000000000000000000000000 gen_fifos[1].f.entry_gen[1].ff_entry_inst.Q@0
67 00000000000000000000000000000000000000000000000000000000000000000000000000000000000000000000000000000000000000000000000000000000 gen_fifos[1].f.entry_gen[0].ff_entry_inst.Q@0
68 00000000000000000000000000000000000000000000000000000000000000000000000000000000000000000000000000000000000000000000000000000000 gen_fifos[0].f.entry_gen[15].ff_entry_inst.Q@0
69 00000 gen_fifos[0].f.ff_rdPtr.Q@0
70 00000000000000000000000000000000000000000000000000000000000000000000000000000000000000000000000000000000000000000000000000000000 gen_fifos[0].f.entry_gen[14].ff_entry_inst.Q@0
71 00000000000000000000000000000000000000000000000000000000000000000000000000000000000000000000000000000000000000000000000000000000 gen_fifos[0].f.entry_gen[13].ff_entry_inst.Q@0
72 00000000000000000000000000000000000000000000000000000000000000000000000000000000000000000000000000000000000000000000000000000000 gen_fifos[0].f.entry_gen[12].ff_entry_inst.Q@0
73 00000000000000000000000000000000000000000000000000000000000000000000000000000000000000000000000000000000000000000000000000000000 gen_fifos[0].f.entry_gen[11].ff_entry_inst.Q@0
74 00000000000000000000000000000000000000000000000000000000000000000000000000000000000000000000000000000000000000000000000000000000 gen_fifos[0].f.entry_gen[10].ff_entry_inst.Q@0
75 00000000000000000000000000000000000000000000000000000000000000000000000000000000000000000000000000000000000000000000000000000000 gen_fifos[0].f.entry_gen[9].ff_entry_inst.Q@0
76 00000000000000000000000000000000000000000000000000000000000000000000000000000000000000000000000000000000000000000000000000000000 gen_fifos[0].f.entry_gen[8].ff_entry_inst.Q@0
77 00000000000000000000000000000000000000000000000000000000000000000000000000000000000000000000000000000000000000000000000000000000 gen_fifos[0].f.entry_gen[7].ff_entry_inst.Q@0
78 00000000000000000000000000000000000000000000000000000000000000000000000000000000000000000000000000000000000000000000000000000000 gen_fifos[0].f.entry_gen[6].ff_entry_inst.Q@0
79 00000000000000000000000000000000000000000000000000000000000000000000000000000000000000000000000000000000000000000000000000000000 gen_fifos[0].f.entry_gen[5].ff_entry_inst.Q@0
80 00000000000000000000000000000000000000000000000000000000000000000000000000000000000000000000000000000000000000000000000000000000 gen_fifos[0].f.entry_gen[4].ff_entry_inst.Q@0
81 00000000000000000000000000000000000000000000000000000000000000000000000000000000000000000000000000000000000000000000000000000000 gen_fifos[0].f.entry_gen[3].ff_entry_inst.Q@0
82 00000000000000000000000000000000000000000000000000000000000000000000000000000000000000000000000000000000000000000000000000000000 gen_fifos[0].f.entry_gen[2].ff_entry_inst.Q@0
83 00000000000000000000000000000000000000000000000000000000000000000000000000000000000000000000000000000000000000000000000000000000 gen_fifos[0].f.entry_gen[1].ff_entry_inst.Q@0
84 00000000000000000000000000000000000000000000000000000000000000000000000000000000000000000000000000000000000000000000000000000000 gen_fifos[0].f.entry_gen[0].ff_entry_inst.Q@0
85 0 sb.ff_en.Q@0
86 0 sb.ff_magic_packet_exited.Q@0
87 000000 sb.mpt.ff_cnt.Q@0
88 00000000000000000000000000000000000000000000000000000000000000000000000000000000000000000000000000000000000000000000000000000000 sb.ff_magic_packet.Q@0
89 10000 gen_fifos[3].cc.credits@0
90 10001 gen_fifos[4].cc.credits@0
91 10001 gen_fifos[0].cc.credits@0
92 10001 gen_fifos[1].cc.credits@0
93 10001 gen_fifos[2].cc.credits@0
94 10000 gen_fifos[2].f.cnt@0
95 10000 gen_fifos[3].f.cnt@0
96 10000 gen_fifos[4].f.cnt@0
97 10000 gen_fifos[0].f.cnt@0
98 10000 gen_fifos[1].f.cnt@0
99 1 initstate@0
100 00000 gen_fifos[0].f.ff_wrPtr.Q@0
101 00000 gen_fifos[1].f.ff_wrPtr.Q@0
102 00000 gen_fifos[2].f.ff_wrPtr.Q@0
103 00000 gen_fifos[3].f.ff_wrPtr.Q@0
104 00000 gen_fifos[4].f.ff_wrPtr.Q@0
@0
0 0 all_ones@0
1 0 clk@0
2 0000000000000000000000000000000000000000000000000000000000000000000000000000000000000000000000000000000000000000000000000000000000000000000000000000000000000000000000000000000000000000000000000000000000000000000000000000000000000000000000000000000000000000000000000000000000000000000000000000000000000000000000000000000000000000000000000000000000000000000000000000000000000000000000000000000000000000000000000000000000000000000000000000000000000000000000000000000000000000000000000000000000000000000000000000000000000000000000000000000000000000000000000000000000000000000000000000000000000000000000000000000000000000000000000000000000000000 flat_data_in@0
3 000 gnt_sel@0
4 00000 push@0
5 0 req@0
6 1 rst@0
7 0 start@0
8 00000000000000000000000000000000000000000000000000000000000000000000000000000000000000000000000000000000000000000000000000000000 input14@0
9 00000000000000000000000000000000000000000000000000000000000000000000000000000000000000000000000000000000000000000000000000000000 input342@0
10 00000000000000000000000000000000000000000000000000000000000000000000000000000000000000000000000000000000000000000000000000000000 input532@0
11 00000000000000000000000000000000000000000000000000000000000000000000000000000000000000000000000000000000000000000000000000000000 input722@0
12 00000000000000000000000000000000000000000000000000000000000000000000000000000000000000000000000000000000000000000000000000000000 input912@0
13 0 input1263@0
@1
0 1 all_ones@1
1 0 clk@1
2 0000000000000000000000000000000000000000000000000000000000000000000000000000000000000000000000000000000000000000000000000000000000000000000000000000000000000000000000000000000000000000000000000000000000000000000000000000000000000000000000000000000000000000000000000000000000000000000000000000000000000000000000000000000000000000000000000000000000000000000000000000000000000000000000000000000000000000000000000000000000000000000000000000000000000000000000000000000000000000000000000000000000000000000000000000000000000000000000000000000000000000000000000000000000000000000000000000000000000000000000000000000000000000000000000000000000000001 flat_data_in@1
3 000 gnt_sel@1
4 11101 push@1
5 0 req@1
6 0 rst@1
7 1 start@1
8 00000000000000000000000000000000000000000000000000000000000000000000000000000000000000000000000000000000000000000000000000000000 input14@1
9 00000000000000000000000000000000000000000000000000000000000000000000000000000000000000000000000000000000000000000000000000000000 input342@1
10 00000000000000000000000000000000000000000000000000000000000000000000000000000000000000000000000000000000000000000000000000000000 input532@1
11 00000000000000000000000000000000000000000000000000000000000000000000000000000000000000000000000000000000000000000000000000000000 input722@1
12 00000000000000000000000000000000000000000000000000000000000000000000000000000000000000000000000000000000000000000000000000000000 input912@1
13 0 input1263@1
@2
0 0 all_ones@2
1 0 clk@2
2 0000000000000000000000000000000000000000000000000000000000000000000000000000000000000000000000000000000000000000000000000000000000000000000000000000000000000000000000000000000000000000000000000000000000000000000000000000000000000000000000000000000000000000000000000000000000000000000000000000000000000000000000000000000000000000000000000000000000000000000000000000000000000000000000000000000000000000000000000000000000000000000000000000000000000000000000000000000000000000000000000000000000000000000000000000000000000000000000000000000000000000000000000000000000000000000000000000000000000000000000000000000000000000000000000000000000000000 flat_data_in@2
3 000 gnt_sel@2
4 11101 push@2
5 0 req@2
6 0 rst@2
7 0 start@2
8 00000000000000000000000000000000000000000000000000000000000000000000000000000000000000000000000000000000000000000000000000000000 input14@2
9 00000000000000000000000000000000000000000000000000000000000000000000000000000000000000000000000000000000000000000000000000000000 input342@2
10 00000000000000000000000000000000000000000000000000000000000000000000000000000000000000000000000000000000000000000000000000000000 input532@2
11 00000000000000000000000000000000000000000000000000000000000000000000000000000000000000000000000000000000000000000000000000000000 input722@2
12 00000000000000000000000000000000000000000000000000000000000000000000000000000000000000000000000000000000000000000000000000000000 input912@2
13 0 input1263@2
@3
0 0 all_ones@3
1 0 clk@3
2 0000000000000000000000000000000000000000000000000000000000000000000000000000000000000000000000000000000000000000000000000000000000000000000000000000000000000000000000000000000000000000000000000000000000000000000000000000000000000000000000000000000000000000000000000000000000000000000000000000000000000000000000000000000000000000000000000000000000000000000000000000000000000000000000000000000000000000000000000000000000000000000000000000000000000000000000000000000000000000000000000000000000000000000000000000000000000000000000000000000000000000000000000000000000000000000000000000000000000000000000000000000000000000000000000000000000000000 flat_data_in@3
3 110 gnt_sel@3
4 11101 push@3
5 1 req@3
6 0 rst@3
7 0 start@3
8 00000000000000000000000000000000000000000000000000000000000000000000000000000000000000000000000000000000000000000000000000000001 input14@3
9 00000000000000000000000000000000000000000000000000000000000000000000000000000000000000000000000000000000000000000000000000000001 input342@3
10 00000000000000000000000000000000000000000000000000000000000000000000000000000000000000000000000000000000000000000000000000000001 input532@3
11 00000000000000000000000000000000000000000000000000000000000000000000000000000000000000000000000000000000000000000000000000000001 input722@3
12 00000000000000000000000000000000000000000000000000000000000000000000000000000000000000000000000000000000000000000000000000000001 input912@3
13 0 input1263@3
@4
0 1 all_ones@4
1 0 clk@4
2 0000000000000000000000000000000000000000000000000000000000000000000000000000000000000000000000000000000000000000000000000000000000000000000000000000000000000000000000000000000000000000000000000000000000000000000000000000000000000000000000000000000000000000000000000000000000000000000000000000000000000000000000000000000000000000000000000000000000000000000000000000000000000000000000000000000000000000000000000000000000000000000000000000000000000000000000000000000000000000000000000000000000000000000000000000000100000000000000000000000000000000000000000000000000000000000000000000000000000000000000000000000000000000000000000000000000000000 flat_data_in@4
3 110 gnt_sel@4
4 11101 push@4
5 1 req@4
6 0 rst@4
7 0 start@4
8 00000000000000000000000000000000000000000000000000000000000000000000000000000000000000000000000000000000000000000000000000000001 input14@4
9 00000000000000000000000000000000000000000000000000000000000000000000000000000000000000000000000000000000000000000000000000000001 input342@4
10 00000000000000000000000000000000000000000000000000000000000000000000000000000000000000000000000000000000000000000000000000000001 input532@4
11 00000000000000000000000000000000000000000000000000000000000000000000000000000000000000000000000000000000000000000000000000000001 input722@4
12 00000000000000000000000000000000000000000000000000000000000000000000000000000000000000000000000000000000000000000000000000000001 input912@4
13 0 input1263@4
@5
0 1 all_ones@5
1 0 clk@5
2 0000000000000000000000000000000000000000000000000000000000000000000000000000000000000000000000000000000000000000000000000000000000000000000000000000000000000000000000000000000000000000000000000000000000000000000000000000000000000000000000000000000000000000000000000000000000000000000000000000000000000000000000000000000000000000000000000000000000000000000000000000000000000000000000010000000000000000000000000000000000000000000000000000000000000000000000000000000000000000000000000000000000000000000000000000000100000000000000000000000000000000000000000000000000000000000000000000000000000000000000000000000000000000000000000000000000000000 flat_data_in@5
3 110 gnt_sel@5
4 11101 push@5
5 1 req@5
6 0 rst@5
7 0 start@5
8 00000000000000000000000000000000000000000000000000000000000000000000000000000000000000000000000000000000000000000000000000000001 input14@5
9 00000000000000000000000000000000000000000000000000000000000000000000000000000000000000000000000000000000000000000000000000000001 input342@5
10 00000000000000000000000000000000000000000000000000000000000000000000000000000000000000000000000000000000000000000000000000000001 input532@5
11 00000000000000000000000000000000000000000000000000000000000000000000000000000000000000000000000000000000000000000000000000000001 input722@5
12 00000000000000000000000000000000000000000000000000000000000000000000000000000000000000000000000000000000000000000000000000000001 input912@5
13 0 input1263@5
@6
0 1 all_ones@6
1 0 clk@6
2 0000000000000000000000000000000000000000000000000000000000000000000000000000000000000000000000000000000000000000000000000000000100000000000000000000000000000000000000000000000000000000000000000000000000000000000000000000000000000000000000000000000000000001000000000000000000000000000000000000000000000000000000000000000000000000000000000000000000000000000000000000000000000000000000010000000000000000000000000000000000000000000000000000000000000000000000000000000000000000000000000000000000000000000000000000000000000000000000000000000000000000000000000000000000000000000000000000000000000000000000000000000000000000000000000000000000000000 flat_data_in@6
3 110 gnt_sel@6
4 11111 push@6
5 1 req@6
6 0 rst@6
7 0 start@6
8 00000000000000000000000000000000000000000000000000000000000000000000000000000000000000000000000000000000000000000000000000000001 input14@6
9 00000000000000000000000000000000000000000000000000000000000000000000000000000000000000000000000000000000000000000000000000000001 input342@6
10 00000000000000000000000000000000000000000000000000000000000000000000000000000000000000000000000000000000000000000000000000000001 input532@6
11 00000000000000000000000000000000000000000000000000000000000000000000000000000000000000000000000000000000000000000000000000000001 input722@6
12 00000000000000000000000000000000000000000000000000000000000000000000000000000000000000000000000000000000000000000000000000000001 input912@6
13 0 input1263@6
@7
0 1 all_ones@7
1 0 clk@7
2 0000000000000000000000000000000000000000000000000000000000000000000000000000000000000000000000000000000000000000000000000000000000000000000000000000000000000000000000000000000000000000000000000000000000000000000000000000000000000000000000000000000000000000000000000000000000000000000000000000000000000000000000000000000000000000000000000000000000000000000000000000000000000000000000010000000000000000000000000000000000000000000000000000000000000000000000000000000000000000000000000000000000000000000000000000000100000000000000000000000000000000000000000000000000000000000000000000000000000000000000000000000000000000000000000000000000000000 flat_data_in@7
3 110 gnt_sel@7
4 11101 push@7
5 1 req@7
6 0 rst@7
7 0 start@7
8 00000000000000000000000000000000000000000000000000000000000000000000000000000000000000000000000000000000000000000000000000000001 input14@7
9 00000000000000000000000000000000000000000000000000000000000000000000000000000000000000000000000000000000000000000000000000000001 input342@7
10 00000000000000000000000000000000000000000000000000000000000000000000000000000000000000000000000000000000000000000000000000000001 input532@7
11 00000000000000000000000000000000000000000000000000000000000000000000000000000000000000000000000000000000000000000000000000000001 input722@7
12 00000000000000000000000000000000000000000000000000000000000000000000000000000000000000000000000000000000000000000000000000000001 input912@7
13 0 input1263@7
@8
0 1 all_ones@8
1 0 clk@8
2 0000000000000000000000000000000000000000000000000000000000000000000000000000000000000000000000000000000000000000000000000000000100000000000000000000000000000000000000000000000000000000000000000000000000000000000000000000000000000000000000000000000000000001000000000000000000000000000000000000000000000000000000000000000000000000000000000000000000000000000000000000000000000000000000010000000000000000000000000000000000000000000000000000000000000000000000000000000000000000000000000000000000000000000000000000000100000000000000000000000000000000000000000000000000000000000000000000000000000000000000000000000000000000000000000000000000000000 flat_data_in@8
3 110 gnt_sel@8
4 00001 push@8
5 1 req@8
6 0 rst@8
7 0 start@8
8 00000000000000000000000000000000000000000000000000000000000000000000000000000000000000000000000000000000000000000000000000000001 input14@8
9 00000000000000000000000000000000000000000000000000000000000000000000000000000000000000000000000000000000000000000000000000000001 input342@8
10 00000000000000000000000000000000000000000000000000000000000000000000000000000000000000000000000000000000000000000000000000000001 input532@8
11 00000000000000000000000000000000000000000000000000000000000000000000000000000000000000000000000000000000000000000000000000000001 input722@8
12 00000000000000000000000000000000000000000000000000000000000000000000000000000000000000000000000000000000000000000000000000000001 input912@8
13 0 input1263@8
@9
0 1 all_ones@9
1 0 clk@9
2 0000000000000000000000000000000000000000000000000000000000000000000000000000000000000000000000000000000000000000000000000000000100000000000000000000000000000000000000000000000000000000000000000000000000000000000000000000000000000000000000000000000000000000000000000000000000000000000000000000000000000000000000000000000000000000000000000000000000000000000000000000000000000000000000010000000000000000000000000000000000000000000000000000000000000000000000000000000000000000000000000000000000000000000000000000000000000000000000000000000000000000000000000000000000000000000000000000000000000000000000000000000000000000000000000000000000000001 flat_data_in@9
3 110 gnt_sel@9
4 01011 push@9
5 1 req@9
6 0 rst@9
7 0 start@9
8 00000000000000000000000000000000000000000000000000000000000000000000000000000000000000000000000000000000000000000000000000000001 input14@9
9 00000000000000000000000000000000000000000000000000000000000000000000000000000000000000000000000000000000000000000000000000000001 input342@9
10 00000000000000000000000000000000000000000000000000000000000000000000000000000000000000000000000000000000000000000000000000000001 input532@9
11 00000000000000000000000000000000000000000000000000000000000000000000000000000000000000000000000000000000000000000000000000000001 input722@9
12 00000000000000000000000000000000000000000000000000000000000000000000000000000000000000000000000000000000000000000000000000000001 input912@9
13 0 input1263@9
@10
0 1 all_ones@10
1 0 clk@10
2 0000000000000000000000000000000000000000000000000000000000000000000000000000000000000000000000000000000000000000000000000000000000000000000000000000000000000000000000000000000000000000000000000000000000000000000000000000000000000000000000000000000000000001000000000000000000000000000000000000000000000000000000000000000000000000000000000000000000000000000000000000000000000000000000010000000000000000000000000000000000000000000000000000000000000000000000000000000000000000000000000000000000000000000000000000000100000000000000000000000000000000000000000000000000000000000000000000000000000000000000000000000000000000000000000000000000000001 flat_data_in@10
3 110 gnt_sel@10
4 11001 push@10
5 1 req@10
6 0 rst@10
7 0 start@10
8 00000000000000000000000000000000000000000000000000000000000000000000000000000000000000000000000000000000000000000000000000000001 input14@10
9 00000000000000000000000000000000000000000000000000000000000000000000000000000000000000000000000000000000000000000000000000000001 input342@10
10 00000000000000000000000000000000000000000000000000000000000000000000000000000000000000000000000000000000000000000000000000000001 input532@10
11 00000000000000000000000000000000000000000000000000000000000000000000000000000000000000000000000000000000000000000000000000000001 input722@10
12 00000000000000000000000000000000000000000000000000000000000000000000000000000000000000000000000000000000000000000000000000000001 input912@10
13 0 input1263@10
@11
0 1 all_ones@11
1 0 clk@11
2 0000000000000000000000000000000000000000000000000000000000000000000000000000000000000000000000000000000000000000000000000000000100000000000000000000000000000000000000000000000000000000000000000000000000000000000000000000000000000000000000000000000000000001000000000000000000000000000000000000000000000000000000000000000000000000000000000000000000000000000000000000000000000000000000010000000000000000000000000000000000000000000000000000000000000000000000000000000000000000000000000000000000000000000000000000000100000000000000000000000000000000000000000000000000000000000000000000000000000000000000000000000000000000000000000000000000000001 flat_data_in@11
3 110 gnt_sel@11
4 01011 push@11
5 1 req@11
6 0 rst@11
7 0 start@11
8 00000000000000000000000000000000000000000000000000000000000000000000000000000000000000000000000000000000000000000000000000000001 input14@11
9 00000000000000000000000000000000000000000000000000000000000000000000000000000000000000000000000000000000000000000000000000000001 input342@11
10 00000000000000000000000000000000000000000000000000000000000000000000000000000000000000000000000000000000000000000000000000000001 input532@11
11 00000000000000000000000000000000000000000000000000000000000000000000000000000000000000000000000000000000000000000000000000000001 input722@11
12 00000000000000000000000000000000000000000000000000000000000000000000000000000000000000000000000000000000000000000000000000000001 input912@11
13 0 input1263@11
@12
0 1 all_ones@12
1 0 clk@12
2 0000000000000000000000000000000000000000000000000000000000000000000000000000000000000000000000000000000000000000000000000000000000000000000000000000000000000000000000000000000000000000000000000000000000000000000000000000000000000000000000000000000000000000000000000000000000000000000000000000000000000000000000000000000000000000000000000000000000000000000000000000000000000000000000010000000000000000000000000000000000000000000000000000000000000000000000000000000000000000000000000000000000000000000000000000000100000000000000000000000000000000000000000000000000000000000000000000000000000000000000000000000000000000000000000000000000000000 flat_data_in@12
3 000 gnt_sel@12
4 11001 push@12
5 0 req@12
6 0 rst@12
7 0 start@12
8 00000000000000000000000000000000000000000000000000000000000000000000000000000000000000000000000000000000000000000000000000000000 input14@12
9 00000000000000000000000000000000000000000000000000000000000000000000000000000000000000000000000000000000000000000000000000000000 input342@12
10 00000000000000000000000000000000000000000000000000000000000000000000000000000000000000000000000000000000000000000000000000000001 input532@12
11 00000000000000000000000000000000000000000000000000000000000000000000000000000000000000000000000000000000000000000000000000000001 input722@12
12 00000000000000000000000000000000000000000000000000000000000000000000000000000000000000000000000000000000000000000000000000000000 input912@12
13 0 input1263@12
@13
0 1 all_ones@13
1 0 clk@13
2 0000000000000000000000000000000000000000000000000000000000000000000000000000000000000000000000000000000000000000000000000000000000000000000000000000000000000000000000000000000000000000000000000000000000000000000000000000000000000000000000000000000000000000000000000000000000000000000000000000000000000000000000000000000000000000000000000000000000000000000000000000000000000000000000010000000000000000000000000000000000000000000000000000000000000000000000000000000000000000000000000000000000000000000000000000000100000000000000000000000000000000000000000000000000000000000000000000000000000000000000000000000000000000000000000000000000000000 flat_data_in@13
3 110 gnt_sel@13
4 11001 push@13
5 1 req@13
6 0 rst@13
7 0 start@13
8 00000000000000000000000000000000000000000000000000000000000000000000000000000000000000000000000000000000000000000000000000000001 input14@13
9 00000000000000000000000000000000000000000000000000000000000000000000000000000000000000000000000000000000000000000000000000000001 input342@13
10 00000000000000000000000000000000000000000000000000000000000000000000000000000000000000000000000000000000000000000000000000000001 input532@13
11 00000000000000000000000000000000000000000000000000000000000000000000000000000000000000000000000000000000000000000000000000000001 input722@13
12 00000000000000000000000000000000000000000000000000000000000000000000000000000000000000000000000000000000000000000000000000000001 input912@13
13 0 input1263@13
@14
0 1 all_ones@14
1 0 clk@14
2 0000000000000000000000000000000000000000000000000000000000000000000000000000000000000000000000000000000000000000000000000000000100000000000000000000000000000000000000000000000000000000000000000000000000000000000000000000000000000000000000000000000000000001000000000000000000000000000000000000000000000000000000000000000000000000000000000000000000000000000000000000000000000000000000010000000000000000000000000000000000000000000000000000000000000000000000000000000000000000000000000000000000000000000000000000000100000000000000000000000000000000000000000000000000000000000000000000000000000000000000000000000000000000000000000000000000000000 flat_data_in@14
3 001 gnt_sel@14
4 11011 push@14
5 1 req@14
6 0 rst@14
7 0 start@14
8 00000000000000000000000000000000000000000000000000000000000000000000000000000000000000000000000000000000000000000000000000000000 input14@14
9 00000000000000000000000000000000000000000000000000000000000000000000000000000000000000000000000000000000000000000000000000000000 input342@14
10 00000000000000000000000000000000000000000000000000000000000000000000000000000000000000000000000000000000000000000000000000000000 input532@14
11 00000000000000000000000000000000000000000000000000000000000000000000000000000000000000000000000000000000000000000000000000000000 input722@14
12 00000000000000000000000000000000000000000000000000000000000000000000000000000000000000000000000000000000000000000000000000000001 input912@14
13 0 input1263@14
@15
0 1 all_ones@15
1 0 clk@15
2 0000000000000000000000000000000000000000000000000000000000000000000000000000000000000000000000000000000000000000000000000000000100000000000000000000000000000000000000000000000000000000000000000000000000000000000000000000000000000000000000000000000000000001000000000000000000000000000000000000000000000000000000000000000000000000000000000000000000000000000000000000000000000000000000010000000000000000000000000000000000000000000000000000000000000000000000000000000000000000000000000000000000000000000000000000000100000000000000000000000000000000000000000000000000000000000000000000000000000000000000000000000000000000000000000000000000000000 flat_data_in@15
3 001 gnt_sel@15
4 00011 push@15
5 1 req@15
6 0 rst@15
7 0 start@15
8 00000000000000000000000000000000000000000000000000000000000000000000000000000000000000000000000000000000000000000000000000000000 input14@15
9 00000000000000000000000000000000000000000000000000000000000000000000000000000000000000000000000000000000000000000000000000000000 input342@15
10 00000000000000000000000000000000000000000000000000000000000000000000000000000000000000000000000000000000000000000000000000000000 input532@15
11 00000000000000000000000000000000000000000000000000000000000000000000000000000000000000000000000000000000000000000000000000000000 input722@15
12 00000000000000000000000000000000000000000000000000000000000000000000000000000000000000000000000000000000000000000000000000000000 input912@15
13 0 input1263@15
@16
0 1 all_ones@16
1 0 clk@16
2 0000000000000000000000000000000000000000000000000000000000000000000000000000000000000000000000000000000000000000000000000000000100000000000000000000000000000000000000000000000000000000000000000000000000000000000000000000000000000000000000000000000000000001000000000000000000000000000000000000000000000000000000000000000000000000000000000000000000000000000000000000000000000000000000010000000000000000000000000000000000000000000000000000000000000000000000000000000000000000000000000000000000000000000000000000000100000000000000000000000000000000000000000000000000000000000000000000000000000000000000000000000000000000000000000000000000000000 flat_data_in@16
3 110 gnt_sel@16
4 00011 push@16
5 1 req@16
6 0 rst@16
7 0 start@16
8 00000000000000000000000000000000000000000000000000000000000000000000000000000000000000000000000000000000000000000000000000000000 input14@16
9 00000000000000000000000000000000000000000000000000000000000000000000000000000000000000000000000000000000000000000000000000000000 input342@16
10 00000000000000000000000000000000000000000000000000000000000000000000000000000000000000000000000000000000000000000000000000000000 input532@16
11 00000000000000000000000000000000000000000000000000000000000000000000000000000000000000000000000000000000000000000000000000000000 input722@16
12 00000000000000000000000000000000000000000000000000000000000000000000000000000000000000000000000000000000000000000000000000000001 input912@16
13 0 input1263@16
@17
0 1 all_ones@17
1 0 clk@17
2 0000000000000000000000000000000000000000000000000000000000000000000000000000000000000000000000000000000000000000000000000000000100000000000000000000000000000000000000000000000000000000000000000000000000000000000000000000000000000000000000000000000000000001000000000000000000000000000000000000000000000000000000000000000000000000000000000000000000000000000000000000000000000000000000010000000000000000000000000000000000000000000000000000000000000000000000000000000000000000000000000000000000000000000000000000000100000000000000000000000000000000000000000000000000000000000000000000000000000000000000000000000000000000000000000000000000000000 flat_data_in@17
3 001 gnt_sel@17
4 00111 push@17
5 1 req@17
6 0 rst@17
7 1 start@17
8 00000000000000000000000000000000000000000000000000000000000000000000000000000000000000000000000000000000000000000000000000000000 input14@17
9 00000000000000000000000000000000000000000000000000000000000000000000000000000000000000000000000000000000000000000000000000000000 input342@17
10 00000000000000000000000000000000000000000000000000000000000000000000000000000000000000000000000000000000000000000000000000000000 input532@17
11 00000000000000000000000000000000000000000000000000000000000000000000000000000000000000000000000000000000000000000000000000000000 input722@17
12 00000000000000000000000000000000000000000000000000000000000000000000000000000000000000000000000000000000000000000000000000000000 input912@17
13 0 input1263@17
@18
0 0 all_ones@18
1 0 clk@18
2 0000000000000000000000000000000000000000000000000000000000000000000000000000000000000000000000000000000000000000000000000000000000000000000000000000000000000000000000000000000000000000000000000000000000000000000000000000000000000000000000000000000000000000000000000000000000000000000000000000000000000000000000000000000000000000000000000000000000000000000000000000000000000000000000000000000000000000000000000000000000000000000000000000000000000000000000000000000000000000000000000000000000000000000000000000000000000000000000000000000000000000000000000000000000000000000000000000000000000000000000000000000000000000000000000000000000000000 flat_data_in@18
3 000 gnt_sel@18
4 11110 push@18
5 1 req@18
6 0 rst@18
7 0 start@18
8 11111111111111111111111111111111111111111111111111111111111111111111111111111111111111111111111111111111111111111111111111111111 input14@18
9 11111111111111111111111111111111111111111111111111111111111111111111111111111111111111111111111111111111111111111111111111111111 input342@18
10 11111111111111111111111111111111111111111111111111111111111111111111111111111111111111111111111111111111111111111111111111111111 input532@18
11 11111111111111111111111111111111111111111111111111111111111111111111111111111111111111111111111111111111111111111111111111111111 input722@18
12 00000000000000000000000000000000000000000000000000000000000000000000000000000000000000000000000000000000000000000000000000000000 input912@18
13 0 input1263@18
@19
0 0 all_ones@19
1 0 clk@19
2 0000000000000000000000000000000000000000000000000000000000000000000000000000000000000000000000000000000000000000000000000000000000000000000000000000000000000000000000000000000000000000000000000000000000000000000000000000000000000000000000000000000000000000000000000000000000000000000000000000000000000000000000000000000000000000000000000000000000000000000000000000000000000000000000000000000000000000000000000000000000000000000000000000000000000000000000000000000000000000000000000000000000000000000000000000000000000000000000000000000000000000000000000000000000000000000000000000000000000000000000000000000000000000000000000000000000000000 flat_data_in@19
3 000 gnt_sel@19
4 00000 push@19
5 0 req@19
6 0 rst@19
7 0 start@19
8 00000000000000000000000000000000000000000000000000000000000000000000000000000000000000000000000000000000000000000000000000000000 input14@19
9 00000000000000000000000000000000000000000000000000000000000000000000000000000000000000000000000000000000000000000000000000000000 input342@19
10 00000000000000000000000000000000000000000000000000000000000000000000000000000000000000000000000000000000000000000000000000000000 input532@19
11 00000000000000000000000000000000000000000000000000000000000000000000000000000000000000000000000000000000000000000000000000000000 input722@19
12 00000000000000000000000000000000000000000000000000000000000000000000000000000000000000000000000000000000000000000000000000000000 input912@19
13 0 input1263@19
.

