sat
b0
#0
0 00000000000000000000000000000000 gen_fifos[4].f.entry_gen[31].ff_entry_inst.Q@0
1 000000 gen_fifos[4].f.ff_rdPtr.Q@0
2 00000000000000000000000000000000 gen_fifos[4].f.entry_gen[30].ff_entry_inst.Q@0
3 00000000000000000000000000000000 gen_fifos[4].f.entry_gen[29].ff_entry_inst.Q@0
4 00000000000000000000000000000000 gen_fifos[4].f.entry_gen[28].ff_entry_inst.Q@0
5 00000000000000000000000000000000 gen_fifos[4].f.entry_gen[27].ff_entry_inst.Q@0
6 00000000000000000000000000000000 gen_fifos[4].f.entry_gen[26].ff_entry_inst.Q@0
7 00000000000000000000000000000000 gen_fifos[4].f.entry_gen[25].ff_entry_inst.Q@0
8 00000000000000000000000000000000 gen_fifos[4].f.entry_gen[24].ff_entry_inst.Q@0
9 00000000000000000000000000000000 gen_fifos[4].f.entry_gen[23].ff_entry_inst.Q@0
10 00000000000000000000000000000000 gen_fifos[4].f.entry_gen[22].ff_entry_inst.Q@0
11 00000000000000000000000000000000 gen_fifos[4].f.entry_gen[21].ff_entry_inst.Q@0
12 00000000000000000000000000000000 gen_fifos[4].f.entry_gen[20].ff_entry_inst.Q@0
13 00000000000000000000000000000000 gen_fifos[4].f.entry_gen[19].ff_entry_inst.Q@0
14 00000000000000000000000000000000 gen_fifos[4].f.entry_gen[18].ff_entry_inst.Q@0
15 00000000000000000000000000000000 gen_fifos[4].f.entry_gen[17].ff_entry_inst.Q@0
16 00000000000000000000000000000000 gen_fifos[4].f.entry_gen[16].ff_entry_inst.Q@0
17 00000000000000000000000000000000 gen_fifos[4].f.entry_gen[15].ff_entry_inst.Q@0
18 00000000000000000000000000000000 gen_fifos[4].f.entry_gen[14].ff_entry_inst.Q@0
19 00000000000000000000000000000000 gen_fifos[4].f.entry_gen[13].ff_entry_inst.Q@0
20 00000000000000000000000000000000 gen_fifos[4].f.entry_gen[12].ff_entry_inst.Q@0
21 00000000000000000000000000000000 gen_fifos[4].f.entry_gen[11].ff_entry_inst.Q@0
22 00000000000000000000000000000000 gen_fifos[4].f.entry_gen[10].ff_entry_inst.Q@0
23 00000000000000000000000000000000 gen_fifos[4].f.entry_gen[9].ff_entry_inst.Q@0
24 00000000000000000000000000000000 gen_fifos[4].f.entry_gen[8].ff_entry_inst.Q@0
25 00000000000000000000000000000000 gen_fifos[4].f.entry_gen[7].ff_entry_inst.Q@0
26 00000000000000000000000000000000 gen_fifos[4].f.entry_gen[6].ff_entry_inst.Q@0
27 00000000000000000000000000000000 gen_fifos[4].f.entry_gen[5].ff_entry_inst.Q@0
28 00000000000000000000000000000000 gen_fifos[4].f.entry_gen[4].ff_entry_inst.Q@0
29 00000000000000000000000000000000 gen_fifos[4].f.entry_gen[3].ff_entry_inst.Q@0
30 00000000000000000000000000000000 gen_fifos[4].f.entry_gen[2].ff_entry_inst.Q@0
31 00000000000000000000000000000000 gen_fifos[4].f.entry_gen[1].ff_entry_inst.Q@0
32 00000000000000000000000000000000 gen_fifos[4].f.entry_gen[0].ff_entry_inst.Q@0
33 00000000000000000000000000000000 gen_fifos[3].f.entry_gen[31].ff_entry_inst.Q@0
34 000000 gen_fifos[3].f.ff_rdPtr.Q@0
35 00000000000000000000000000000000 gen_fifos[3].f.entry_gen[30].ff_entry_inst.Q@0
36 00000000000000000000000000000000 gen_fifos[3].f.entry_gen[29].ff_entry_inst.Q@0
37 00000000000000000000000000000000 gen_fifos[3].f.entry_gen[28].ff_entry_inst.Q@0
38 00000000000000000000000000000000 gen_fifos[3].f.entry_gen[27].ff_entry_inst.Q@0
39 00000000000000000000000000000000 gen_fifos[3].f.entry_gen[26].ff_entry_inst.Q@0
40 00000000000000000000000000000000 gen_fifos[3].f.entry_gen[25].ff_entry_inst.Q@0
41 00000000000000000000000000000000 gen_fifos[3].f.entry_gen[24].ff_entry_inst.Q@0
42 00000000000000000000000000000000 gen_fifos[3].f.entry_gen[23].ff_entry_inst.Q@0
43 00000000000000000000000000000000 gen_fifos[3].f.entry_gen[22].ff_entry_inst.Q@0
44 00000000000000000000000000000000 gen_fifos[3].f.entry_gen[21].ff_entry_inst.Q@0
45 00000000000000000000000000000000 gen_fifos[3].f.entry_gen[20].ff_entry_inst.Q@0
46 00000000000000000000000000000000 gen_fifos[3].f.entry_gen[19].ff_entry_inst.Q@0
47 00000000000000000000000000000000 gen_fifos[3].f.entry_gen[18].ff_entry_inst.Q@0
48 00000000000000000000000000000000 gen_fifos[3].f.entry_gen[17].ff_entry_inst.Q@0
49 00000000000000000000000000000000 gen_fifos[3].f.entry_gen[16].ff_entry_inst.Q@0
50 00000000000000000000000000000000 gen_fifos[3].f.entry_gen[15].ff_entry_inst.Q@0
51 00000000000000000000000000000000 gen_fifos[3].f.entry_gen[14].ff_entry_inst.Q@0
52 00000000000000000000000000000000 gen_fifos[3].f.entry_gen[13].ff_entry_inst.Q@0
53 00000000000000000000000000000000 gen_fifos[3].f.entry_gen[12].ff_entry_inst.Q@0
54 00000000000000000000000000000000 gen_fifos[3].f.entry_gen[11].ff_entry_inst.Q@0
55 00000000000000000000000000000000 gen_fifos[3].f.entry_gen[10].ff_entry_inst.Q@0
56 00000000000000000000000000000000 gen_fifos[3].f.entry_gen[9].ff_entry_inst.Q@0
57 00000000000000000000000000000000 gen_fifos[3].f.entry_gen[8].ff_entry_inst.Q@0
58 00000000000000000000000000000000 gen_fifos[3].f.entry_gen[7].ff_entry_inst.Q@0
59 00000000000000000000000000000000 gen_fifos[3].f.entry_gen[6].ff_entry_inst.Q@0
60 00000000000000000000000000000000 gen_fifos[3].f.entry_gen[5].ff_entry_inst.Q@0
61 00000000000000000000000000000000 gen_fifos[3].f.entry_gen[4].ff_entry_inst.Q@0
62 00000000000000000000000000000000 gen_fifos[3].f.entry_gen[3].ff_entry_inst.Q@0
63 00000000000000000000000000000000 gen_fifos[3].f.entry_gen[2].ff_entry_inst.Q@0
64 00000000000000000000000000000000 gen_fifos[3].f.entry_gen[1].ff_entry_inst.Q@0
65 00000000000000000000000000000000 gen_fifos[3].f.entry_gen[0].ff_entry_inst.Q@0
66 00000000000000000000000000000000 gen_fifos[2].f.entry_gen[31].ff_entry_inst.Q@0
67 000000 gen_fifos[2].f.ff_rdPtr.Q@0
68 00000000000000000000000000000000 gen_fifos[2].f.entry_gen[30].ff_entry_inst.Q@0
69 00000000000000000000000000000000 gen_fifos[2].f.entry_gen[29].ff_entry_inst.Q@0
70 00000000000000000000000000000000 gen_fifos[2].f.entry_gen[28].ff_entry_inst.Q@0
71 00000000000000000000000000000000 gen_fifos[2].f.entry_gen[27].ff_entry_inst.Q@0
72 00000000000000000000000000000000 gen_fifos[2].f.entry_gen[26].ff_entry_inst.Q@0
73 00000000000000000000000000000000 gen_fifos[2].f.entry_gen[25].ff_entry_inst.Q@0
74 00000000000000000000000000000000 gen_fifos[2].f.entry_gen[24].ff_entry_inst.Q@0
75 00000000000000000000000000000000 gen_fifos[2].f.entry_gen[23].ff_entry_inst.Q@0
76 00000000000000000000000000000000 gen_fifos[2].f.entry_gen[22].ff_entry_inst.Q@0
77 00000000000000000000000000000000 gen_fifos[2].f.entry_gen[21].ff_entry_inst.Q@0
78 00000000000000000000000000000000 gen_fifos[2].f.entry_gen[20].ff_entry_inst.Q@0
79 00000000000000000000000000000000 gen_fifos[2].f.entry_gen[19].ff_entry_inst.Q@0
80 00000000000000000000000000000000 gen_fifos[2].f.entry_gen[18].ff_entry_inst.Q@0
81 00000000000000000000000000000000 gen_fifos[2].f.entry_gen[17].ff_entry_inst.Q@0
82 00000000000000000000000000000000 gen_fifos[2].f.entry_gen[16].ff_entry_inst.Q@0
83 00000000000000000000000000000000 gen_fifos[2].f.entry_gen[15].ff_entry_inst.Q@0
84 00000000000000000000000000000000 gen_fifos[2].f.entry_gen[14].ff_entry_inst.Q@0
85 00000000000000000000000000000000 gen_fifos[2].f.entry_gen[13].ff_entry_inst.Q@0
86 00000000000000000000000000000000 gen_fifos[2].f.entry_gen[12].ff_entry_inst.Q@0
87 00000000000000000000000000000000 gen_fifos[2].f.entry_gen[11].ff_entry_inst.Q@0
88 00000000000000000000000000000000 gen_fifos[2].f.entry_gen[10].ff_entry_inst.Q@0
89 00000000000000000000000000000000 gen_fifos[2].f.entry_gen[9].ff_entry_inst.Q@0
90 00000000000000000000000000000000 gen_fifos[2].f.entry_gen[8].ff_entry_inst.Q@0
91 00000000000000000000000000000000 gen_fifos[2].f.entry_gen[7].ff_entry_inst.Q@0
92 00000000000000000000000000000000 gen_fifos[2].f.entry_gen[6].ff_entry_inst.Q@0
93 00000000000000000000000000000000 gen_fifos[2].f.entry_gen[5].ff_entry_inst.Q@0
94 00000000000000000000000000000000 gen_fifos[2].f.entry_gen[4].ff_entry_inst.Q@0
95 00000000000000000000000000000000 gen_fifos[2].f.entry_gen[3].ff_entry_inst.Q@0
96 00000000000000000000000000000000 gen_fifos[2].f.entry_gen[2].ff_entry_inst.Q@0
97 00000000000000000000000000000000 gen_fifos[2].f.entry_gen[1].ff_entry_inst.Q@0
98 00000000000000000000000000000000 gen_fifos[2].f.entry_gen[0].ff_entry_inst.Q@0
99 00000000000000000000000000000000 gen_fifos[1].f.entry_gen[31].ff_entry_inst.Q@0
100 000000 gen_fifos[1].f.ff_rdPtr.Q@0
101 00000000000000000000000000000000 gen_fifos[1].f.entry_gen[30].ff_entry_inst.Q@0
102 00000000000000000000000000000000 gen_fifos[1].f.entry_gen[29].ff_entry_inst.Q@0
103 00000000000000000000000000000000 gen_fifos[1].f.entry_gen[28].ff_entry_inst.Q@0
104 00000000000000000000000000000000 gen_fifos[1].f.entry_gen[27].ff_entry_inst.Q@0
105 00000000000000000000000000000000 gen_fifos[1].f.entry_gen[26].ff_entry_inst.Q@0
106 00000000000000000000000000000000 gen_fifos[1].f.entry_gen[25].ff_entry_inst.Q@0
107 00000000000000000000000000000000 gen_fifos[1].f.entry_gen[24].ff_entry_inst.Q@0
108 00000000000000000000000000000000 gen_fifos[1].f.entry_gen[23].ff_entry_inst.Q@0
109 00000000000000000000000000000000 gen_fifos[1].f.entry_gen[22].ff_entry_inst.Q@0
110 00000000000000000000000000000000 gen_fifos[1].f.entry_gen[21].ff_entry_inst.Q@0
111 00000000000000000000000000000000 gen_fifos[1].f.entry_gen[20].ff_entry_inst.Q@0
112 00000000000000000000000000000000 gen_fifos[1].f.entry_gen[19].ff_entry_inst.Q@0
113 00000000000000000000000000000000 gen_fifos[1].f.entry_gen[18].ff_entry_inst.Q@0
114 00000000000000000000000000000000 gen_fifos[1].f.entry_gen[17].ff_entry_inst.Q@0
115 00000000000000000000000000000000 gen_fifos[1].f.entry_gen[16].ff_entry_inst.Q@0
116 00000000000000000000000000000000 gen_fifos[1].f.entry_gen[15].ff_entry_inst.Q@0
117 00000000000000000000000000000000 gen_fifos[1].f.entry_gen[14].ff_entry_inst.Q@0
118 00000000000000000000000000000000 gen_fifos[1].f.entry_gen[13].ff_entry_inst.Q@0
119 00000000000000000000000000000000 gen_fifos[1].f.entry_gen[12].ff_entry_inst.Q@0
120 00000000000000000000000000000000 gen_fifos[1].f.entry_gen[11].ff_entry_inst.Q@0
121 00000000000000000000000000000000 gen_fifos[1].f.entry_gen[10].ff_entry_inst.Q@0
122 00000000000000000000000000000000 gen_fifos[1].f.entry_gen[9].ff_entry_inst.Q@0
123 00000000000000000000000000000000 gen_fifos[1].f.entry_gen[8].ff_entry_inst.Q@0
124 00000000000000000000000000000000 gen_fifos[1].f.entry_gen[7].ff_entry_inst.Q@0
125 00000000000000000000000000000000 gen_fifos[1].f.entry_gen[6].ff_entry_inst.Q@0
126 00000000000000000000000000000000 gen_fifos[1].f.entry_gen[5].ff_entry_inst.Q@0
127 00000000000000000000000000000000 gen_fifos[1].f.entry_gen[4].ff_entry_inst.Q@0
128 00000000000000000000000000000000 gen_fifos[1].f.entry_gen[3].ff_entry_inst.Q@0
129 00000000000000000000000000000000 gen_fifos[1].f.entry_gen[2].ff_entry_inst.Q@0
130 00000000000000000000000000000000 gen_fifos[1].f.entry_gen[1].ff_entry_inst.Q@0
131 00000000000000000000000000000000 gen_fifos[1].f.entry_gen[0].ff_entry_inst.Q@0
132 00000000000000000000000000000000 gen_fifos[0].f.entry_gen[31].ff_entry_inst.Q@0
133 000000 gen_fifos[0].f.ff_rdPtr.Q@0
134 00000000000000000000000000000000 gen_fifos[0].f.entry_gen[30].ff_entry_inst.Q@0
135 00000000000000000000000000000000 gen_fifos[0].f.entry_gen[29].ff_entry_inst.Q@0
136 00000000000000000000000000000000 gen_fifos[0].f.entry_gen[28].ff_entry_inst.Q@0
137 00000000000000000000000000000000 gen_fifos[0].f.entry_gen[27].ff_entry_inst.Q@0
138 00000000000000000000000000000000 gen_fifos[0].f.entry_gen[26].ff_entry_inst.Q@0
139 00000000000000000000000000000000 gen_fifos[0].f.entry_gen[25].ff_entry_inst.Q@0
140 00000000000000000000000000000000 gen_fifos[0].f.entry_gen[24].ff_entry_inst.Q@0
141 00000000000000000000000000000000 gen_fifos[0].f.entry_gen[23].ff_entry_inst.Q@0
142 00000000000000000000000000000000 gen_fifos[0].f.entry_gen[22].ff_entry_inst.Q@0
143 00000000000000000000000000000000 gen_fifos[0].f.entry_gen[21].ff_entry_inst.Q@0
144 00000000000000000000000000000000 gen_fifos[0].f.entry_gen[20].ff_entry_inst.Q@0
145 00000000000000000000000000000000 gen_fifos[0].f.entry_gen[19].ff_entry_inst.Q@0
146 00000000000000000000000000000000 gen_fifos[0].f.entry_gen[18].ff_entry_inst.Q@0
147 00000000000000000000000000000000 gen_fifos[0].f.entry_gen[17].ff_entry_inst.Q@0
148 00000000000000000000000000000000 gen_fifos[0].f.entry_gen[16].ff_entry_inst.Q@0
149 00000000000000000000000000000000 gen_fifos[0].f.entry_gen[15].ff_entry_inst.Q@0
150 00000000000000000000000000000000 gen_fifos[0].f.entry_gen[14].ff_entry_inst.Q@0
151 00000000000000000000000000000000 gen_fifos[0].f.entry_gen[13].ff_entry_inst.Q@0
152 00000000000000000000000000000000 gen_fifos[0].f.entry_gen[12].ff_entry_inst.Q@0
153 00000000000000000000000000000000 gen_fifos[0].f.entry_gen[11].ff_entry_inst.Q@0
154 00000000000000000000000000000000 gen_fifos[0].f.entry_gen[10].ff_entry_inst.Q@0
155 00000000000000000000000000000000 gen_fifos[0].f.entry_gen[9].ff_entry_inst.Q@0
156 00000000000000000000000000000000 gen_fifos[0].f.entry_gen[8].ff_entry_inst.Q@0
157 00000000000000000000000000000000 gen_fifos[0].f.entry_gen[7].ff_entry_inst.Q@0
158 00000000000000000000000000000000 gen_fifos[0].f.entry_gen[6].ff_entry_inst.Q@0
159 00000000000000000000000000000000 gen_fifos[0].f.entry_gen[5].ff_entry_inst.Q@0
160 00000000000000000000000000000000 gen_fifos[0].f.entry_gen[4].ff_entry_inst.Q@0
161 00000000000000000000000000000000 gen_fifos[0].f.entry_gen[3].ff_entry_inst.Q@0
162 00000000000000000000000000000000 gen_fifos[0].f.entry_gen[2].ff_entry_inst.Q@0
163 00000000000000000000000000000000 gen_fifos[0].f.entry_gen[1].ff_entry_inst.Q@0
164 00000000000000000000000000000000 gen_fifos[0].f.entry_gen[0].ff_entry_inst.Q@0
165 0 sb.ff_en.Q@0
166 0 sb.ff_magic_packet_exited.Q@0
167 0000000 sb.mpt.ff_cnt.Q@0
168 00000000000000000000000000000000 sb.ff_magic_packet.Q@0
169 100000 gen_fifos[3].cc.credits@0
170 100001 gen_fifos[4].cc.credits@0
171 100001 gen_fifos[0].cc.credits@0
172 100001 gen_fifos[1].cc.credits@0
173 100001 gen_fifos[2].cc.credits@0
174 100000 gen_fifos[2].f.cnt@0
175 100000 gen_fifos[3].f.cnt@0
176 100000 gen_fifos[4].f.cnt@0
177 100000 gen_fifos[0].f.cnt@0
178 100000 gen_fifos[1].f.cnt@0
179 1 initstate@0
180 000000 gen_fifos[0].f.ff_wrPtr.Q@0
181 000000 gen_fifos[1].f.ff_wrPtr.Q@0
182 000000 gen_fifos[2].f.ff_wrPtr.Q@0
183 000000 gen_fifos[3].f.ff_wrPtr.Q@0
184 000000 gen_fifos[4].f.ff_wrPtr.Q@0
@0
0 0 all_ones@0
1 0 clk@0
2 0000000000000000000000000000000000000000000000000000000000000000000000000000000000000000000000000000000000000000000000000000000000000000000000000000000000000000 flat_data_in@0
3 000 gnt_sel@0
4 00000 push@0
5 0 req@0
6 1 rst@0
7 0 start@0
8 00000000000000000000000000000000 input14@0
9 00000000000000000000000000000000 input222@0
10 00000000000000000000000000000000 input372@0
11 00000000000000000000000000000000 input522@0
12 00000000000000000000000000000000 input672@0
13 0 input983@0
@1
0 1 all_ones@1
1 0 clk@1
2 0000000000000000000000000000000000000000000000000000000000000000000000000000000000000000000000000000000000000000000000000000000000000000000000000000000000000001 flat_data_in@1
3 000 gnt_sel@1
4 10101 push@1
5 0 req@1
6 0 rst@1
7 1 start@1
8 00000000000000000000000000000000 input14@1
9 00000000000000000000000000000000 input222@1
10 00000000000000000000000000000000 input372@1
11 00000000000000000000000000000000 input522@1
12 00000000000000000000000000000000 input672@1
13 0 input983@1
@2
0 1 all_ones@2
1 0 clk@2
2 0000000000000000000000000000000000000000000000000000000000000000000000000000000000000000000000010000000000000000000000000000000000000000000000000000000000000000 flat_data_in@2
3 000 gnt_sel@2
4 11101 push@2
5 0 req@2
6 0 rst@2
7 0 start@2
8 00000000000000000000000000000000 input14@2
9 00000000000000000000000000000000 input222@2
10 00000000000000000000000000000000 input372@2
11 00000000000000000000000000000000 input522@2
12 00000000000000000000000000000000 input672@2
13 0 input983@2
@3
0 1 all_ones@3
1 0 clk@3
2 0000000000000000000000000000000000000000000000000000000000000001000000000000000000000000000000000000000000000000000000000000000000000000000000000000000000000000 flat_data_in@3
3 110 gnt_sel@3
4 11101 push@3
5 1 req@3
6 0 rst@3
7 0 start@3
8 00000000000000000000000000000001 input14@3
9 00000000000000000000000000000001 input222@3
10 00000000000000000000000000000001 input372@3
11 00000000000000000000000000000001 input522@3
12 00000000000000000000000000000001 input672@3
13 0 input983@3
@4
0 1 all_ones@4
1 0 clk@4
2 0000000000000000000000000000000100000000000000000000000000000000000000000000000000000000000000000000000000000000000000000000000000000000000000000000000000000001 flat_data_in@4
3 101 gnt_sel@4
4 11101 push@4
5 1 req@4
6 0 rst@4
7 0 start@4
8 00000000000000000000000000000001 input14@4
9 00000000000000000000000000000001 input222@4
10 00000000000000000000000000000001 input372@4
11 00000000000000000000000000000001 input522@4
12 00000000000000000000000000000001 input672@4
13 0 input983@4
@5
0 1 all_ones@5
1 0 clk@5
2 0000000000000000000000000000000000000000000000000000000000000001000000000000000000000000000000000000000000000000000000000000000000000000000000000000000000000001 flat_data_in@5
3 100 gnt_sel@5
4 11111 push@5
5 1 req@5
6 0 rst@5
7 0 start@5
8 00000000000000000000000000000001 input14@5
9 00000000000000000000000000000001 input222@5
10 00000000000000000000000000000001 input372@5
11 00000000000000000000000000000001 input522@5
12 00000000000000000000000000000001 input672@5
13 0 input983@5
@6
0 1 all_ones@6
1 0 clk@6
2 0000000000000000000000000000000000000000000000000000000000000001000000000000000000000000000000010000000000000000000000000000000100000000000000000000000000000001 flat_data_in@6
3 100 gnt_sel@6
4 00101 push@6
5 1 req@6
6 0 rst@6
7 0 start@6
8 00000000000000000000000000000001 input14@6
9 00000000000000000000000000000001 input222@6
10 00000000000000000000000000000001 input372@6
11 00000000000000000000000000000001 input522@6
12 00000000000000000000000000000001 input672@6
13 0 input983@6
@7
0 1 all_ones@7
1 0 clk@7
2 0000000000000000000000000000000000000000000000000000000000000000000000000000000000000000000000010000000000000000000000000000000000000000000000000000000000000000 flat_data_in@7
3 110 gnt_sel@7
4 00101 push@7
5 1 req@7
6 0 rst@7
7 0 start@7
8 00000000000000000000000000000001 input14@7
9 00000000000000000000000000000001 input222@7
10 00000000000000000000000000000001 input372@7
11 00000000000000000000000000000001 input522@7
12 00000000000000000000000000000001 input672@7
13 0 input983@7
@8
0 1 all_ones@8
1 0 clk@8
2 0000000000000000000000000000000000000000000000000000000000000000000000000000000000000000000000010000000000000000000000000000000000000000000000000000000000000000 flat_data_in@8
3 110 gnt_sel@8
4 01101 push@8
5 1 req@8
6 0 rst@8
7 0 start@8
8 00000000000000000000000000000001 input14@8
9 00000000000000000000000000000001 input222@8
10 00000000000000000000000000000001 input372@8
11 00000000000000000000000000000001 input522@8
12 00000000000000000000000000000001 input672@8
13 0 input983@8
@9
0 1 all_ones@9
1 0 clk@9
2 0000000000000000000000000000000000000000000000000000000000000000000000000000000000000000000000000000000000000000000000000000000000000000000000000000000000000001 flat_data_in@9
3 110 gnt_sel@9
4 10101 push@9
5 1 req@9
6 0 rst@9
7 0 start@9
8 00000000000000000000000000000001 input14@9
9 00000000000000000000000000000001 input222@9
10 00000000000000000000000000000001 input372@9
11 00000000000000000000000000000001 input522@9
12 00000000000000000000000000000000 input672@9
13 0 input983@9
@10
0 1 all_ones@10
1 0 clk@10
2 0000000000000000000000000000000000000000000000000000000000000000000000000000000000000000000000000000000000000000000000000000000000000000000000000000000000000001 flat_data_in@10
3 110 gnt_sel@10
4 11101 push@10
5 1 req@10
6 0 rst@10
7 0 start@10
8 00000000000000000000000000000001 input14@10
9 00000000000000000000000000000001 input222@10
10 00000000000000000000000000000001 input372@10
11 00000000000000000000000000000001 input522@10
12 00000000000000000000000000000001 input672@10
13 0 input983@10
@11
0 1 all_ones@11
1 0 clk@11
2 0000000000000000000000000000000000000000000000000000000000000000000000000000000000000000000000000000000000000000000000000000000100000000000000000000000000000000 flat_data_in@11
3 110 gnt_sel@11
4 11001 push@11
5 1 req@11
6 0 rst@11
7 0 start@11
8 00000000000000000000000000000001 input14@11
9 00000000000000000000000000000001 input222@11
10 00000000000000000000000000000001 input372@11
11 00000000000000000000000000000001 input522@11
12 00000000000000000000000000000001 input672@11
13 0 input983@11
@12
0 1 all_ones@12
1 0 clk@12
2 0000000000000000000000000000000000000000000000000000000000000001000000000000000000000000000000000000000000000000000000000000000000000000000000000000000000000000 flat_data_in@12
3 110 gnt_sel@12
4 11001 push@12
5 1 req@12
6 0 rst@12
7 0 start@12
8 00000000000000000000000000000001 input14@12
9 00000000000000000000000000000001 input222@12
10 00000000000000000000000000000001 input372@12
11 00000000000000000000000000000001 input522@12
12 00000000000000000000000000000001 input672@12
13 0 input983@12
@13
0 0 all_ones@13
1 0 clk@13
2 0000000000000000000000000000000000000000000000000000000000000000000000000000000000000000000000000000000000000000000000000000000000000000000000000000000000000000 flat_data_in@13
3 110 gnt_sel@13
4 11001 push@13
5 1 req@13
6 0 rst@13
7 0 start@13
8 00000000000000000000000000000001 input14@13
9 00000000000000000000000000000001 input222@13
10 00000000000000000000000000000001 input372@13
11 00000000000000000000000000000001 input522@13
12 00000000000000000000000000000001 input672@13
13 0 input983@13
@14
0 1 all_ones@14
1 0 clk@14
2 0000000000000000000000000000000000000000000000000000000000000000000000000000000000000000000000000000000000000000000000000000000100000000000000000000000000000000 flat_data_in@14
3 100 gnt_sel@14
4 01111 push@14
5 1 req@14
6 0 rst@14
7 0 start@14
8 00000000000000000000000000000001 input14@14
9 00000000000000000000000000000001 input222@14
10 00000000000000000000000000000001 input372@14
11 00000000000000000000000000000000 input522@14
12 00000000000000000000000000000000 input672@14
13 0 input983@14
@15
0 0 all_ones@15
1 0 clk@15
2 0000000000000000000000000000000000000000000000000000000000000000000000000000000000000000000000000000000000000000000000000000000000000000000000000000000000000000 flat_data_in@15
3 110 gnt_sel@15
4 11001 push@15
5 1 req@15
6 0 rst@15
7 0 start@15
8 00000000000000000000000000000001 input14@15
9 00000000000000000000000000000000 input222@15
10 00000000000000000000000000000001 input372@15
11 00000000000000000000000000000001 input522@15
12 00000000000000000000000000000000 input672@15
13 0 input983@15
@16
0 0 all_ones@16
1 0 clk@16
2 0000000000000000000000000000000000000000000000000000000000000000000000000000000000000000000000000000000000000000000000000000000000000000000000000000000000000000 flat_data_in@16
3 110 gnt_sel@16
4 01111 push@16
5 1 req@16
6 0 rst@16
7 0 start@16
8 00000000000000000000000000000001 input14@16
9 00000000000000000000000000000001 input222@16
10 00000000000000000000000000000001 input372@16
11 00000000000000000000000000000001 input522@16
12 00000000000000000000000000000001 input672@16
13 0 input983@16
@17
0 1 all_ones@17
1 0 clk@17
2 0000000000000000000000000000000100000000000000000000000000000000000000000000000000000000000000000000000000000000000000000000000000000000000000000000000000000000 flat_data_in@17
3 110 gnt_sel@17
4 01111 push@17
5 1 req@17
6 0 rst@17
7 0 start@17
8 00000000000000000000000000000001 input14@17
9 00000000000000000000000000000001 input222@17
10 00000000000000000000000000000001 input372@17
11 00000000000000000000000000000001 input522@17
12 00000000000000000000000000000000 input672@17
13 0 input983@17
@18
0 1 all_ones@18
1 0 clk@18
2 0000000000000000000000000000000100000000000000000000000000000000000000000000000000000000000000000000000000000000000000000000000000000000000000000000000000000000 flat_data_in@18
3 110 gnt_sel@18
4 01111 push@18
5 1 req@18
6 0 rst@18
7 0 start@18
8 00000000000000000000000000000001 input14@18
9 00000000000000000000000000000001 input222@18
10 00000000000000000000000000000001 input372@18
11 00000000000000000000000000000001 input522@18
12 00000000000000000000000000000001 input672@18
13 0 input983@18
@19
0 1 all_ones@19
1 0 clk@19
2 0000000000000000000000000000000100000000000000000000000000000000000000000000000000000000000000000000000000000000000000000000000100000000000000000000000000000000 flat_data_in@19
3 100 gnt_sel@19
4 01101 push@19
5 1 req@19
6 0 rst@19
7 0 start@19
8 00000000000000000000000000000000 input14@19
9 00000000000000000000000000000001 input222@19
10 00000000000000000000000000000001 input372@19
11 00000000000000000000000000000000 input522@19
12 00000000000000000000000000000000 input672@19
13 0 input983@19
@20
0 1 all_ones@20
1 0 clk@20
2 0000000000000000000000000000000000000000000000000000000000000001000000000000000000000000000000000000000000000000000000000000000000000000000000000000000000000001 flat_data_in@20
3 110 gnt_sel@20
4 11111 push@20
5 1 req@20
6 0 rst@20
7 0 start@20
8 00000000000000000000000000000001 input14@20
9 00000000000000000000000000000001 input222@20
10 00000000000000000000000000000001 input372@20
11 00000000000000000000000000000001 input522@20
12 00000000000000000000000000000000 input672@20
13 0 input983@20
@21
0 1 all_ones@21
1 0 clk@21
2 0000000000000000000000000000000100000000000000000000000000000000000000000000000000000000000000000000000000000000000000000000000000000000000000000000000000000001 flat_data_in@21
3 110 gnt_sel@21
4 11111 push@21
5 1 req@21
6 0 rst@21
7 0 start@21
8 00000000000000000000000000000000 input14@21
9 00000000000000000000000000000001 input222@21
10 00000000000000000000000000000000 input372@21
11 00000000000000000000000000000000 input522@21
12 00000000000000000000000000000000 input672@21
13 0 input983@21
@22
0 1 all_ones@22
1 0 clk@22
2 0000000000000000000000000000000000000000000000000000000000000000000000000000000000000000000000000000000000000000000000000000000000000000000000000000000000000001 flat_data_in@22
3 110 gnt_sel@22
4 11111 push@22
5 1 req@22
6 0 rst@22
7 0 start@22
8 00000000000000000000000000000001 input14@22
9 00000000000000000000000000000001 input222@22
10 00000000000000000000000000000001 input372@22
11 00000000000000000000000000000001 input522@22
12 00000000000000000000000000000001 input672@22
13 0 input983@22
@23
0 1 all_ones@23
1 0 clk@23
2 0000000000000000000000000000000100000000000000000000000000000000000000000000000000000000000000000000000000000000000000000000000000000000000000000000000000000001 flat_data_in@23
3 110 gnt_sel@23
4 10111 push@23
5 1 req@23
6 0 rst@23
7 0 start@23
8 00000000000000000000000000000001 input14@23
9 00000000000000000000000000000001 input222@23
10 00000000000000000000000000000001 input372@23
11 00000000000000000000000000000001 input522@23
12 00000000000000000000000000000000 input672@23
13 0 input983@23
@24
0 1 all_ones@24
1 0 clk@24
2 0000000000000000000000000000000000000000000000000000000000000000000000000000000000000000000000000000000000000000000000000000000000000000000000000000000000000001 flat_data_in@24
3 110 gnt_sel@24
4 11111 push@24
5 1 req@24
6 0 rst@24
7 0 start@24
8 00000000000000000000000000000001 input14@24
9 00000000000000000000000000000001 input222@24
10 00000000000000000000000000000001 input372@24
11 00000000000000000000000000000001 input522@24
12 00000000000000000000000000000000 input672@24
13 0 input983@24
@25
0 1 all_ones@25
1 0 clk@25
2 0000000000000000000000000000000000000000000000000000000000000000000000000000000000000000000000000000000000000000000000000000000000000000000000000000000000000001 flat_data_in@25
3 110 gnt_sel@25
4 11101 push@25
5 1 req@25
6 0 rst@25
7 0 start@25
8 00000000000000000000000000000001 input14@25
9 00000000000000000000000000000001 input222@25
10 00000000000000000000000000000000 input372@25
11 00000000000000000000000000000001 input522@25
12 00000000000000000000000000000000 input672@25
13 0 input983@25
@26
0 1 all_ones@26
1 0 clk@26
2 0000000000000000000000000000000000000000000000000000000000000001000000000000000000000000000000000000000000000000000000000000000000000000000000000000000000000001 flat_data_in@26
3 100 gnt_sel@26
4 10111 push@26
5 1 req@26
6 0 rst@26
7 0 start@26
8 00000000000000000000000000000001 input14@26
9 00000000000000000000000000000001 input222@26
10 00000000000000000000000000000001 input372@26
11 00000000000000000000000000000001 input522@26
12 00000000000000000000000000000000 input672@26
13 0 input983@26
@27
0 0 all_ones@27
1 0 clk@27
2 0000000000000000000000000000000000000000000000000000000000000000000000000000000000000000000000000000000000000000000000000000000000000000000000000000000000000000 flat_data_in@27
3 001 gnt_sel@27
4 00101 push@27
5 1 req@27
6 0 rst@27
7 0 start@27
8 00000000000000000000000000000001 input14@27
9 00000000000000000000000000000001 input222@27
10 00000000000000000000000000000000 input372@27
11 00000000000000000000000000000001 input522@27
12 00000000000000000000000000000000 input672@27
13 0 input983@27
@28
0 1 all_ones@28
1 0 clk@28
2 0000000000000000000000000000000000000000000000000000000000000000000000000000000000000000000000000000000000000000000000000000000000000000000000000000000000000001 flat_data_in@28
3 001 gnt_sel@28
4 01111 push@28
5 0 req@28
6 0 rst@28
7 0 start@28
8 00000000000000000000000000000000 input14@28
9 00000000000000000000000000000001 input222@28
10 00000000000000000000000000000001 input372@28
11 00000000000000000000000000000001 input522@28
12 00000000000000000000000000000000 input672@28
13 0 input983@28
@29
0 1 all_ones@29
1 0 clk@29
2 0000000000000000000000000000000000000000000000000000000000000000000000000000000000000000000000000000000000000000000000000000000100000000000000000000000000000001 flat_data_in@29
3 001 gnt_sel@29
4 11011 push@29
5 0 req@29
6 0 rst@29
7 0 start@29
8 00000000000000000000000000000001 input14@29
9 00000000000000000000000000000001 input222@29
10 00000000000000000000000000000001 input372@29
11 00000000000000000000000000000001 input522@29
12 00000000000000000000000000000001 input672@29
13 0 input983@29
@30
0 1 all_ones@30
1 0 clk@30
2 0000000000000000000000000000000000000000000000000000000000000001000000000000000000000000000000010000000000000000000000000000000000000000000000000000000000000001 flat_data_in@30
3 001 gnt_sel@30
4 01011 push@30
5 1 req@30
6 0 rst@30
7 0 start@30
8 00000000000000000000000000000001 input14@30
9 00000000000000000000000000000001 input222@30
10 00000000000000000000000000000001 input372@30
11 00000000000000000000000000000001 input522@30
12 00000000000000000000000000000001 input672@30
13 0 input983@30
@31
0 1 all_ones@31
1 0 clk@31
2 0000000000000000000000000000000000000000000000000000000000000000000000000000000000000000000000000000000000000000000000000000000000000000000000000000000000000001 flat_data_in@31
3 010 gnt_sel@31
4 01011 push@31
5 1 req@31
6 0 rst@31
7 0 start@31
8 00000000000000000000000000000001 input14@31
9 00000000000000000000000000000001 input222@31
10 00000000000000000000000000000000 input372@31
11 00000000000000000000000000000000 input522@31
12 00000000000000000000000000000001 input672@31
13 0 input983@31
@32
0 1 all_ones@32
1 0 clk@32
2 0000000000000000000000000000000100000000000000000000000000000000000000000000000000000000000000010000000000000000000000000000000000000000000000000000000000000001 flat_data_in@32
3 010 gnt_sel@32
4 11111 push@32
5 1 req@32
6 0 rst@32
7 0 start@32
8 00000000000000000000000000000001 input14@32
9 00000000000000000000000000000001 input222@32
10 00000000000000000000000000000001 input372@32
11 00000000000000000000000000000001 input522@32
12 00000000000000000000000000000001 input672@32
13 0 input983@32
@33
0 1 all_ones@33
1 0 clk@33
2 0000000000000000000000000000000000000000000000000000000000000001000000000000000000000000000000000000000000000000000000000000000100000000000000000000000000000000 flat_data_in@33
3 010 gnt_sel@33
4 11011 push@33
5 1 req@33
6 0 rst@33
7 0 start@33
8 00000000000000000000000000000000 input14@33
9 00000000000000000000000000000001 input222@33
10 00000000000000000000000000000001 input372@33
11 00000000000000000000000000000001 input522@33
12 00000000000000000000000000000001 input672@33
13 0 input983@33
@34
0 0 all_ones@34
1 0 clk@34
2 0000000000000000000000000000000000000000000000000000000000000000000000000000000000000000000000000000000000000000000000000000000000000000000000000000000000000000 flat_data_in@34
3 000 gnt_sel@34
4 00000 push@34
5 1 req@34
6 0 rst@34
7 0 start@34
8 00000000000000000000000000000000 input14@34
9 00000000000000000000000000000000 input222@34
10 00000000000000000000000000000000 input372@34
11 00000000000000000000000000000000 input522@34
12 00000000000000000000000000000000 input672@34
13 0 input983@34
@35
0 0 all_ones@35
1 0 clk@35
2 0000000000000000000000000000000000000000000000000000000000000000000000000000000000000000000000000000000000000000000000000000000000000000000000000000000000000000 flat_data_in@35
3 000 gnt_sel@35
4 00000 push@35
5 0 req@35
6 0 rst@35
7 0 start@35
8 00000000000000000000000000000000 input14@35
9 00000000000000000000000000000000 input222@35
10 00000000000000000000000000000000 input372@35
11 00000000000000000000000000000000 input522@35
12 00000000000000000000000000000000 input672@35
13 0 input983@35
.

