sat
b0
#0
0 00000000000000000000000000000000 f.entry_gen[16].ff_entry_inst.Q@0
1 000000 f.ff_rdPtr.Q@0
2 00000000000000000000000000000000 f.entry_gen[15].ff_entry_inst.Q@0
3 00000000000000000000000000000000 f.entry_gen[14].ff_entry_inst.Q@0
4 00000000000000000000000000000000 f.entry_gen[13].ff_entry_inst.Q@0
5 00000000000000000000000000000000 f.entry_gen[12].ff_entry_inst.Q@0
6 00000000000000000000000000000000 f.entry_gen[11].ff_entry_inst.Q@0
7 00000000000000000000000000000000 f.entry_gen[10].ff_entry_inst.Q@0
8 00000000000000000000000000000000 f.entry_gen[9].ff_entry_inst.Q@0
9 00000000000000000000000000000000 f.entry_gen[8].ff_entry_inst.Q@0
10 00000000000000000000000000000000 f.entry_gen[7].ff_entry_inst.Q@0
11 00000000000000000000000000000000 f.entry_gen[6].ff_entry_inst.Q@0
12 00000000000000000000000000000000 f.entry_gen[5].ff_entry_inst.Q@0
13 00000000000000000000000000000000 f.entry_gen[4].ff_entry_inst.Q@0
14 00000000000000000000000000000000 f.entry_gen[3].ff_entry_inst.Q@0
15 00000000000000000000000000000000 f.entry_gen[2].ff_entry_inst.Q@0
16 00000000000000000000000000000000 f.entry_gen[1].ff_entry_inst.Q@0
17 00000000000000000000000000000000 f.entry_gen[0].ff_entry_inst.Q@0
18 000000 f.cnt@0
19 0 sb.ff_en.Q@0
20 0 sb.ff_magic_packet_exited.Q@0
21 000000 sb.mpt.ff_cnt.Q@0
22 00000000000000000000000000000000 sb.ff_magic_packet.Q@0
23 1 initstate@0
24 000000 f.ff_wrPtr.Q@0
@0
0 0 clk@0
1 00000000000000000000000000000000 data_in@0
2 0 pop@0
3 0 push@0
4 1 rst@0
5 0 start@0
6 00000000000000000000000000000000 input9@0
7 0 input150@0
@1
0 0 clk@1
1 00110011001101001110111010001001 data_in@1
2 0 pop@1
3 1 push@1
4 0 rst@1
5 0 start@1
6 00000000000000000000000000000000 input9@1
7 0 input150@1
@2
0 0 clk@2
1 00100010011001000110011000000000 data_in@2
2 1 pop@2
3 1 push@2
4 0 rst@2
5 0 start@2
6 00000000000000000000000000000000 input9@2
7 0 input150@2
@3
0 0 clk@3
1 00000000000000000000000000000000 data_in@3
2 1 pop@3
3 1 push@3
4 0 rst@3
5 0 start@3
6 00000000000000000000000000000000 input9@3
7 0 input150@3
@4
0 0 clk@4
1 00000000000000000000000000000000 data_in@4
2 1 pop@4
3 1 push@4
4 0 rst@4
5 0 start@4
6 11111111111111111111111111111111 input9@4
7 0 input150@4
@5
0 0 clk@5
1 00000000000000000000000000000000 data_in@5
2 1 pop@5
3 1 push@5
4 0 rst@5
5 0 start@5
6 11111111111111111111111111111111 input9@5
7 0 input150@5
@6
0 0 clk@6
1 00000000000000000000000000000000 data_in@6
2 1 pop@6
3 1 push@6
4 0 rst@6
5 0 start@6
6 11111111111111111111111111111111 input9@6
7 0 input150@6
@7
0 0 clk@7
1 00000000000000000000000000000000 data_in@7
2 1 pop@7
3 1 push@7
4 0 rst@7
5 0 start@7
6 00000000000000000000000000000000 input9@7
7 0 input150@7
@8
0 0 clk@8
1 00110011001101001110111010101001 data_in@8
2 1 pop@8
3 1 push@8
4 0 rst@8
5 0 start@8
6 11111111111111111111111111111111 input9@8
7 0 input150@8
@9
0 0 clk@9
1 00100110011001000100011000000100 data_in@9
2 1 pop@9
3 1 push@9
4 0 rst@9
5 0 start@9
6 11111111111111111111111111111111 input9@9
7 0 input150@9
@10
0 0 clk@10
1 00000000000000000000000000000000 data_in@10
2 1 pop@10
3 1 push@10
4 0 rst@10
5 0 start@10
6 11111111111111111111111111111111 input9@10
7 0 input150@10
@11
0 0 clk@11
1 00100010011001000110011000100000 data_in@11
2 1 pop@11
3 1 push@11
4 0 rst@11
5 0 start@11
6 11111111111111111111111111111111 input9@11
7 0 input150@11
@12
0 0 clk@12
1 00000010001001000100011000100100 data_in@12
2 1 pop@12
3 1 push@12
4 0 rst@12
5 0 start@12
6 11111111111111111111111111111111 input9@12
7 0 input150@12
@13
0 0 clk@13
1 11110011000100001000100010001011 data_in@13
2 1 pop@13
3 1 push@13
4 0 rst@13
5 0 start@13
6 11111111111111111111111111111111 input9@13
7 0 input150@13
@14
0 0 clk@14
1 00100000000000000000000000000001 data_in@14
2 1 pop@14
3 1 push@14
4 0 rst@14
5 0 start@14
6 11111111111111111111111111111111 input9@14
7 0 input150@14
@15
0 0 clk@15
1 00000000000000000000000000100000 data_in@15
2 1 pop@15
3 1 push@15
4 0 rst@15
5 0 start@15
6 11111111111111111111111111111111 input9@15
7 0 input150@15
@16
0 0 clk@16
1 01010001000100001000100010001010 data_in@16
2 1 pop@16
3 1 push@16
4 0 rst@16
5 0 start@16
6 11111111111111111111111111111111 input9@16
7 0 input150@16
@17
0 0 clk@17
1 00000000000000000000000000000000 data_in@17
2 1 pop@17
3 1 push@17
4 0 rst@17
5 0 start@17
6 11111111111111111111111111111111 input9@17
7 0 input150@17
@18
0 0 clk@18
1 00100010010000000100011000100000 data_in@18
2 1 pop@18
3 1 push@18
4 0 rst@18
5 1 start@18
6 00000000000000000000000000000000 input9@18
7 0 input150@18
@19
0 0 clk@19
1 00000000000000000000000000000000 data_in@19
2 1 pop@19
3 0 push@19
4 0 rst@19
5 0 start@19
6 00000010010000000100011000100000 input9@19
7 0 input150@19
@20
0 0 clk@20
1 00000000000000000000000000000000 data_in@20
2 0 pop@20
3 0 push@20
4 0 rst@20
5 0 start@20
6 00000000000000000000000000000000 input9@20
7 0 input150@20
.

