unsat
(forall ((A (_ BitVec 3))
         (B (_ BitVec 2))
         (C (_ BitVec 2))
         (D (_ BitVec 2))
         (E (_ BitVec 3))
         (F (_ BitVec 1))
         (G (_ BitVec 2))
         (H (_ BitVec 3))
         (I (_ BitVec 2))
         (J (_ BitVec 2))
         (K (_ BitVec 2))
         (L (_ BitVec 3))
         (M (_ BitVec 3))
         (N (_ BitVec 3))
         (O (_ BitVec 3))
         (P (_ BitVec 3))
         (Q (_ BitVec 3))
         (R (_ BitVec 3))
         (S (_ BitVec 3))
         (T (_ BitVec 3))
         (U (_ BitVec 3))
         (V (_ BitVec 3))
         (W (_ BitVec 3))
         (X (_ BitVec 3))
         (Y (_ BitVec 2))
         (Z (_ BitVec 2))
         (A1 (_ BitVec 2))
         (B1 (_ BitVec 2))
         (C1 (_ BitVec 2))
         (D1 (_ BitVec 2))
         (E1 (_ BitVec 2))
         (F1 (_ BitVec 2))
         (G1 (_ BitVec 2))
         (H1 (_ BitVec 3))
         (I1 (_ BitVec 2))
         (J1 (_ BitVec 2))
         (K1 (_ BitVec 2))
         (L1 (_ BitVec 2))
         (M1 (_ BitVec 2))
         (N1 (_ BitVec 2))
         (O1 (_ BitVec 2))
         (P1 (_ BitVec 2))
         (Q1 (_ BitVec 3))
         (R1 (_ BitVec 2))
         (S1 (_ BitVec 2))
         (T1 (_ BitVec 3))
         (U1 (_ BitVec 2))
         (V1 (_ BitVec 2))
         (W1 (_ BitVec 2))
         (X1 (_ BitVec 2))
         (Y1 (_ BitVec 3))
         (Z1 (_ BitVec 2))
         (A2 (_ BitVec 2))
         (B2 (_ BitVec 2))
         (C2 (_ BitVec 1))
         (D2 (_ BitVec 2))
         (E2 (_ BitVec 2))
         (F2 (_ BitVec 2))
         (G2 (_ BitVec 3))
         (H2 (_ BitVec 2))
         (I2 (_ BitVec 2))
         (J2 (_ BitVec 2))
         (K2 (_ BitVec 2))
         (L2 (_ BitVec 2))
         (M2 (_ BitVec 2))
         (N2 (_ BitVec 2))
         (O2 (_ BitVec 2))
         (P2 (_ BitVec 2))
         (Q2 (_ BitVec 2))
         (R2 (_ BitVec 2))
         (S2 (_ BitVec 2))
         (T2 (_ BitVec 2))
         (U2 (_ BitVec 2))
         (V2 (_ BitVec 2))
         (W2 (_ BitVec 2))
         (X2 (_ BitVec 2))
         (Y2 (_ BitVec 3))
         (Z2 (_ BitVec 2))
         (A3 (_ BitVec 2))
         (B3 (_ BitVec 2))
         (C3 (_ BitVec 2))
         (D3 (_ BitVec 2))
         (E3 (_ BitVec 3))
         (F3 (_ BitVec 2))
         (G3 (_ BitVec 3))
         (H3 (_ BitVec 2))
         (I3 (_ BitVec 2))
         (J3 (_ BitVec 2))
         (K3 (_ BitVec 2))
         (L3 (_ BitVec 2))
         (M3 (_ BitVec 2))
         (N3 (_ BitVec 2))
         (O3 (_ BitVec 2))
         (P3 (_ BitVec 2))
         (Q3 (_ BitVec 2))
         (R3 (_ BitVec 2))
         (S3 (_ BitVec 2))
         (T3 (_ BitVec 2))
         (U3 (_ BitVec 2))
         (V3 (_ BitVec 2))
         (W3 (_ BitVec 2))
         (X3 (_ BitVec 2))
         (Y3 (_ BitVec 2))
         (Z3 (_ BitVec 3))
         (A4 (_ BitVec 2))
         (B4 (_ BitVec 2))
         (C4 (_ BitVec 2))
         (D4 (_ BitVec 2))
         (E4 (_ BitVec 2))
         (F4 (_ BitVec 2))
         (G4 (_ BitVec 2))
         (H4 (_ BitVec 2)))
  (! (let ((a!1 (or (not (= A #b010))
                    (not (bvule I B))
                    (not (= ((_ extract 1 1) H) #b1))
                    (bvule K B)))
           (a!2 (or (not (= H #b010))
                    (not (bvule I G))
                    (not (= ((_ extract 0 0) A) #b1))
                    (= ((_ extract 2 1) E) #b00)
                    (bvule K G)))
           (a!3 (= ((_ extract 1 1)
                     (bvadd #xffffffff
                            (concat #b00000000000000000000000000000 A)))
                   #b1))
           (a!4 (= ((_ extract 2 1)
                     (bvadd #xffffffff
                            (concat #b00000000000000000000000000000 A)))
                   #b01))
           (a!5 (or (not (= ((_ extract 2 2) H) #b1))
                    (= ((_ extract 2 1) E) #b00)
                    (bvule G D)
                    (not (= I G))
                    (not (= G K))))
           (a!6 (or ((_ bit2bool 0) A)
                    (not (= ((_ extract 2 2) H) #b1))
                    (bvule G D)
                    (not (= I G))))
           (a!7 (or (= ((_ extract 1 0) A) #b11)
                    (= ((_ extract 1 0) A) #b01)
                    (not (bvule G I))
                    (not (= ((_ extract 2 2) H) #b1))
                    (bvule G D)))
           (a!8 (or (not (bvule G I))
                    (not (= ((_ extract 2 2) H) #b1))
                    (= ((_ extract 2 1) E) #b00)
                    (bvule G D)
                    (not (= K G))))
           (a!9 (= ((_ extract 2 1)
                     (bvadd #xffffffff
                            (concat #b00000000000000000000000000000 A)))
                   #b11))
           (a!11 (or (not ((_ bit2bool 0) A))
                     (not (= ((_ extract 2 2) H) #b1))
                     (bvule B C)
                     (bvule E (bvadd #b001 A))
                     (not (= K B))))
           (a!13 (or (not ((_ bit2bool 0) A))
                     (not (= ((_ extract 2 2) H) #b1))
                     (bvule D C)
                     (bvule E (bvadd #b001 A))
                     (not (= D K))))
           (a!14 (or (not (= H #b111))
                     (bvule D C)
                     (and (= ((_ extract 2 2) E) #b0)
                          (bvule ((_ extract 1 0) E) #b10))
                     (not (= D K))))
           (a!15 (or (not (= ((_ extract 0 0) A) #b1))
                     (not (= ((_ extract 2 2) H) #b1))
                     (bvule K C)
                     (bvule E (bvadd #b001 A))))
           (a!16 (or (not ((_ bit2bool 2) E))
                     (not (= ((_ extract 2 2) H) #b1))
                     (bvule D B)))
           (a!17 (or (not (= H #b010))
                     (not (= ((_ extract 1 0) E) #b11))
                     (= ((_ extract 1 1) A) #b1)
                     (bvule G C)))
           (a!18 ((_ extract 2 2)
                   (bvadd #xffffffff
                          (concat #b00000000000000000000000000000
                                  (bvadd #b001 A)))))
           (a!19 (= ((_ extract 2 2)
                      (bvadd #xffffffff
                             (concat #b00000000000000000000000000000 A)))
                    #b1))
           (a!20 (or (not (= ((_ extract 1 0) A) #b01))
                     (not (bvule I B))
                     (not (= ((_ extract 1 1) H) #b1))
                     (bvule K C)
                     (bvule K B)
                     (bvule E (bvadd #b001 A))))
           (a!21 (bvule E (concat (bvadd #b01 ((_ extract 1 0) A)) #b0)))
           (a!22 (or (not (= H #b100))
                     (not (= ((_ extract 0 0) A) #b1))
                     (= I B)))
           (a!23 (or (not (= H #b101))
                     (not (bvule G J))
                     (not (= ((_ extract 0 0) A) #b1))))
           (a!24 (or (not ((_ bit2bool 2) E))
                     (not (= ((_ extract 2 2) H) #b1))
                     (bvule C B)
                     (not (= C K))
                     (not (= I D))))
           (a!25 (or (not ((_ bit2bool 2) E))
                     (not (= ((_ extract 2 2) H) #b1))
                     (= ((_ extract 1 1) A) #b1)
                     (bvule C B)
                     (not (= C K))))
           (a!26 (or (bvule E A)
                     (not ((_ bit2bool 0) A))
                     (not ((_ bit2bool 1) A))
                     (not (= ((_ extract 2 2) H) #b1))
                     (bvule C B)
                     (not (= C I))))
           (a!27 (or (not (= I #b00))
                     (not ((_ bit2bool 2) E))
                     (not (= ((_ extract 2 2) H) #b1))
                     (= ((_ extract 1 1) A) #b1)
                     (bvule C B)
                     (not (= C D))))
           (a!28 (or (not ((_ bit2bool 0) A))
                     (not (= H #b010))
                     (not (bvule I G))
                     (not (= ((_ extract 1 1) A) #b1))
                     (= ((_ extract 2 1) E) #b00)
                     (bvule C G)
                     (not (= C D))))
           (a!29 (or (not (= I #b00))
                     ((_ bit2bool 1) A)
                     (not ((_ bit2bool 0) A))
                     (not ((_ bit2bool 2) E))
                     (not (= ((_ extract 0 0) H) #b1))
                     (bvule C B)
                     (not (= C D))))
           (a!30 (or (not (= H #b000))
                     (bvule B C)
                     (and (= ((_ extract 2 2) E) #b0)
                          (bvule ((_ extract 1 0) E) #b10))
                     (not (= D K))
                     (not (= K B))))
           (a!31 (or (not (= H #b110))
                     (bvule B C)
                     (and (= ((_ extract 2 2) E) #b0)
                          (bvule ((_ extract 1 0) E) #b10))
                     (not (= B K))
                     (not (= K D))))
           (a!32 (or ((_ bit2bool 0) A)
                     (not (bvule I C))
                     (not (= ((_ extract 2 2) H) #b1))
                     (bvule D C)
                     (not (= D K))))
           (a!33 (or (bvule E A)
                     (not (= ((_ extract 2 2) H) #b1))
                     (bvule K B)
                     (bvule K D)
                     (not (= K I))))
           (a!34 (or (not (= H #b000))
                     (not ((_ bit2bool 2) E))
                     (not (= ((_ extract 0 0) A) #b1))
                     (bvule D B)))
           (a!35 (or (not (bvule I G))
                     (not (= ((_ extract 0 0) A) #b1))
                     (= ((_ extract 0 0) H) #b1)
                     (= ((_ extract 2 1) E) #b00)
                     (bvule K G)
                     (not (= G D))))
           (a!36 (or (not (= H #b101))
                     (not (= ((_ extract 0 0) A) #b1))
                     (bvule K B)
                     (not (= K I))))
           (a!37 (or (not (= H #b101))
                     (bvule E (concat ((_ extract 1 0) A) #b1))
                     (bvule I C)
                     (not (= J I))))
           (a!38 (or (not (= H #b011))
                     (not (= ((_ extract 0 0) A) #b1))
                     (bvule K C)
                     (not (= J K))))
           (a!39 (or (not (= H #b000))
                     (not ((_ bit2bool 2) E))
                     (not (= ((_ extract 0 0) A) #b1))
                     (bvule K B)
                     (not (= B I))))
           (a!40 (or (not (= H #b110))
                     (bvule D C)
                     (not (= ((_ extract 1 1) A) #b1))
                     (and (= ((_ extract 2 2) E) #b0)
                          (bvule ((_ extract 1 0) E) #b10))
                     (not (= K D))))
           (a!41 (or (not ((_ bit2bool 1) E))
                     (not ((_ bit2bool 0) E))
                     (not ((_ bit2bool 0) A))
                     (not (bvule I C))
                     (not (= ((_ extract 0 0) H) #b1))
                     (bvule K C)))
           (a!42 (or (not (= H #b101))
                     (bvule E (concat ((_ extract 1 0) A) #b1))
                     (bvule I C)
                     (not (bvule I J))))
           (a!43 (or (= H #b101)
                     (= H #b100)
                     (= H #b011)
                     (= H #b010)
                     (= H #b001)
                     ((_ bit2bool 0) A)
                     (bvule K C)
                     (and (= ((_ extract 2 2) E) #b0)
                          (bvule ((_ extract 1 0) E) #b10))))
           (a!44 (or (not (= H #b111))
                     (bvule I K)
                     (not (= ((_ extract 0 0) A) #b0))))
           (a!46 (or (not (bvule G I))
                     (not (= B #b00))
                     (= G #b00)
                     (not ((_ bit2bool 2) E))
                     (not (= ((_ extract 0 0) H) #b1))
                     (not (= A #b001))))
           (a!47 (or (not (= H #b101))
                     (not (bvule G I))
                     (not (= ((_ extract 0 0) A) #b1))
                     (bvule G B)))
           (a!48 ((_ extract 1 1)
                   (bvadd #xffffffff
                          (concat #b00000000000000000000000000000
                                  (bvadd #b001 A)))))
           (a!50 (or (not ((_ bit2bool 2) E))
                     (not (= ((_ extract 2 2) H) #b1))
                     (not (= G B))
                     (bvule D G)))
           (a!51 (or ((_ bit2bool 0) A)
                     (not (= ((_ extract 2 2) H) #b1))
                     (bvule D K)
                     (bvule D B)
                     (not (= I K))
                     (bvule E (bvadd #b001 A))
                     (not (= C I))))
           (a!52 (or (not ((_ bit2bool 2) E))
                     (not (= ((_ extract 2 2) H) #b1))
                     (bvule C B)
                     (bvule C G)
                     (not (= C D))))
           (a!53 (or (not ((_ bit2bool 1) A))
                     (not (= ((_ extract 0 0) H) #b1))
                     (= D I)
                     (bvule D B)
                     (not (= K I))
                     (bvule E (bvadd #b001 A))))
           (a!54 (or (= ((_ extract 1 0) A) #b01)
                     (bvule I B)
                     (bvule I K)
                     (not ((_ bit2bool 0) A))
                     (not (= ((_ extract 2 2) H) #b1))))
           (a!56 (or ((_ bit2bool 0) A)
                     (not ((_ bit2bool 1) A))
                     (not (= ((_ extract 0 0) H) #b1))
                     (bvule K D)))
           (a!57 (or (= H #b010)
                     (= H #b001)
                     (bvule K C)
                     (not (= A #b001))
                     (and (= ((_ extract 2 2) E) #b0)
                          (bvule ((_ extract 1 0) E) #b10))))
           (a!58 (or (= ((_ extract 1 0) A) #b10)
                     (= ((_ extract 1 0) A) #b01)
                     (not (= H #b010))
                     (not (= ((_ extract 1 0) E) #b11))
                     (bvule G C)))
           (a!59 (or (not ((_ bit2bool 2) A)) (not (= ((_ extract 0 0) H) #b1))))
           (a!61 (concat #b000000000000000000000000000000
                         ((_ extract 2 1)
                           (bvadd #xffffffff
                                  (concat #b00000000000000000000000000000 A)))))
           (a!64 (or (not (= ((_ extract 0 0) A) #b1))
                     (bvule K C)
                     (not (bvule K G))
                     (bvule ((_ extract 1 0) E) #b10)))
           (a!66 (= ((_ extract 1 1)
                      (bvadd #xffffffff
                             (concat #b00000000000000000000000000000 A)))
                    #b0))
           (a!68 (or ((_ bit2bool 1) A)
                     (not ((_ bit2bool 2) E))
                     (not (= ((_ extract 0 0) H) #b1))
                     (bvule D B)
                     (not (= D I))
                     (bvule D J)))
           (a!69 (or (bvule I J)
                     ((_ bit2bool 0) A)
                     (not (= ((_ extract 2 2) H) #b1))
                     (not (= D J))))
           (a!70 (or (not ((_ bit2bool 1) A))
                     (not (bvule I B))
                     (not (= ((_ extract 0 0) H) #b1))
                     (bvule D B)
                     (bvule E (bvadd #b001 A))))
           (a!71 (or (not ((_ bit2bool 2) E))
                     (not (= ((_ extract 2 2) H) #b1))
                     (bvule D C)
                     (not (= K D))))
           (a!72 (or (not (= B #b00))
                     ((_ bit2bool 1) A)
                     (not ((_ bit2bool 0) A))
                     (not ((_ bit2bool 2) E))
                     (not (= ((_ extract 0 0) H) #b1))
                     (= K I)))
           (a!73 (or (not (= B #b00))
                     (not (= ((_ extract 1 0) A) #b11))
                     (not (= H #b011))
                     (bvule D C)))
           (a!74 (or (= ((_ extract 2 2) E) #b0)
                     (not (= ((_ extract 2 2) H) #b1))
                     (bvule D C)
                     (not (= K B))))
           (a!75 (or (not (= K D))
                     (not (= H #b101))
                     (not (= ((_ extract 1 0) A) #b10)))))
     (let ((a!10 (or (not (= H #b000))
                     a!9
                     (bvule B C)
                     (and (= ((_ extract 2 2) E) #b0)
                          (bvule ((_ extract 1 0) E) #b10))
                     (not (= K B))))
           (a!12 (or (= H #b010)
                     (= H #b001)
                     a!9
                     (bvule D C)
                     (not (bvule D K))
                     (and (= ((_ extract 2 2) E) #b0)
                          (bvule ((_ extract 1 0) E) #b10))))
           (a!45 (or (not (= ((_ extract 2 2) H) #b1))
                     (not a!19)
                     (= ((_ extract 2 1) E) #b00)
                     (not (= G I))
                     (bvule D G)))
           (a!49 (or (not (= I #b00))
                     (not (= ((_ extract 2 2) H) #b1))
                     (bvule D C)
                     (bvule D B)
                     (bvule E (bvadd #b001 A))
                     (not (= a!48 #b1))))
           (a!55 (or (= ((_ extract 1 0) A) #b11)
                     (bvule I J)
                     a!21
                     (not (= ((_ extract 2 2) H) #b1))
                     (bvule J D)))
           (a!60 (or (not (= D B))
                     (not (= H #b011))
                     (not (= ((_ extract 0 0) A) #b1))
                     (not a!3)))
           (a!62 (not (= ((_ extract 1 1) (bvadd #xffffffff a!61)) #b1)))
           (a!63 (not (= ((_ extract 2 2) (bvadd #xffffffff a!61)) #b1)))
           (a!65 (or (bvule I B)
                     (bvule I C)
                     (not a!4)
                     (not (= ((_ extract 2 2) H) #b1))))
           (a!67 (or (bvule E A)
                     (not ((_ bit2bool 0) A))
                     (not (bvule I B))
                     (not (= ((_ extract 1 1) H) #b1))
                     (bvule D B)
                     (not a!3))))
     (let ((a!76 (and (or (= H #b011)
                          (= ((_ extract 2 2) E) #b0)
                          ((_ bit2bool 0) A)
                          (bvule D B))
                      (= F #b0)
                      (or (not ((_ bit2bool 2) E)) (= ((_ extract 1 0) E) #b00))
                      (or (not (= H #b111)) (bvule I B) (bvule I K))
                      (or (not (= H #b111)) (bvule I D))
                      (or (not (= H #b111)) (not (bvule I B)) (bvule K B))
                      a!1
                      a!2
                      (not (= A #b101))
                      (or (not ((_ bit2bool 1) A))
                          (= ((_ extract 2 1) E) #b00)
                          (bvule G D)
                          (not (= K G)))
                      (or (= H #b011)
                          (= H #b010)
                          (= H #b001)
                          (not a!3)
                          (bvule B D)
                          (= ((_ extract 2 1) E) #b00)
                          (not (= I B))
                          (not (= I K)))
                      (or (not ((_ bit2bool 1) A))
                          (bvule B D)
                          (= ((_ extract 2 1) E) #b00)
                          (not (= B K)))
                      (or (not a!4) (= ((_ extract 2 1) E) #b00) (bvule K D))
                      (or (not (= H #b111)) (not (bvule I C)) (bvule K C))
                      (or (not (= K B))
                          (not (= H #b000))
                          (bvule B D)
                          (= ((_ extract 2 1) E) #b00))
                      (or (not (= H #b111))
                          (= ((_ extract 1 0) A) #b11)
                          (not a!3))
                      (or (not (= G B))
                          (not (= A #b000))
                          (not (= H #b010))
                          (not (bvule I C))
                          (bvule G C))
                      (or (not (= H #b110))
                          (bvule K C)
                          (bvule E (bvadd #b001 A)))
                      (or ((_ bit2bool 0) A) (not (= H #b111)) (bvule I C))
                      a!5
                      a!6
                      (or (= H #b101)
                          (= H #b100)
                          (= H #b011)
                          (= H #b001)
                          (not (bvule I K))
                          (= ((_ extract 2 1) E) #b00)
                          (= D K)
                          (not (= K B))
                          (not (= D I)))
                      (or (= ((_ extract 1 0) A) #b01)
                          (not (bvule G I))
                          (= ((_ extract 0 0) H) #b1)
                          (= ((_ extract 2 1) E) #b00)
                          (bvule G D)
                          (not (= G C))
                          (not (= C K)))
                      a!7
                      a!8
                      (or (= H #b101)
                          (= H #b100)
                          (= H #b011)
                          (= H #b010)
                          (= H #b001)
                          (bvule B D)
                          (= ((_ extract 2 1) E) #b00)
                          (not (= K B)))
                      (or (not (= H #b110))
                          (bvule E A)
                          (bvule B D)
                          (not (= K B)))
                      a!10
                      (or (not (= H #b000))
                          (not ((_ bit2bool 1) E))
                          (not ((_ bit2bool 0) E))
                          (bvule B C)
                          (not (= K B)))
                      a!11
                      (or (not (= H #b111))
                          (bvule B C)
                          (bvule E (bvadd #b001 A))
                          (not (= K B)))
                      a!12
                      a!13
                      a!14
                      (or (not ((_ bit2bool 1) A))
                          (= ((_ extract 2 1) E) #b00)
                          (bvule K G)
                          (not (= G D)))
                      a!15
                      (or (not (= H #b110))
                          (not ((_ bit2bool 0) A))
                          (not ((_ bit2bool 1) A))
                          (bvule D C)
                          (not (= D I)))
                      (or (not (= H #b011)) (bvule K G))
                      (or (not (= H #b100)) (bvule K G))
                      (or (not (= H #b101)) (bvule K G))
                      (or (= H #b101)
                          (= H #b100)
                          (= H #b011)
                          (= H #b010)
                          (= H #b001)
                          (= ((_ extract 2 1) E) #b00)
                          (bvule C D)
                          (not (= K C)))
                      (or (not (= H #b100)) ((_ bit2bool 0) A) (= D I))
                      (or (not (= H #b101))
                          ((_ bit2bool 0) A)
                          (not (= I K))
                          (= D K))
                      (or (not (= H #b100))
                          (not ((_ bit2bool 1) A))
                          (bvule K D))
                      (or (not (= H #b101))
                          (not ((_ bit2bool 1) A))
                          (bvule K D))
                      (or (not ((_ bit2bool 1) A))
                          (not (= H #b011))
                          (bvule K D))
                      (or (not (= H #b000))
                          (not ((_ bit2bool 2) E))
                          (bvule D C)
                          (not (= B C)))
                      a!16
                      (or (not (= H #b110)) (bvule E A) (bvule D B) (not a!3))
                      a!17
                      (or (not (= H #b110))
                          (bvule E A)
                          (bvule C D)
                          (not (= C K)))
                      (or (not (= G I))
                          (not (= A #b000))
                          (not (= H #b001))
                          (= ((_ extract 2 1) E) #b00))
                      (or (= H #b100)
                          (= H #b011)
                          (= H #b010)
                          (not a!3)
                          (bvule B D)
                          (= ((_ extract 2 1) E) #b00)
                          (not (= K I))
                          (not (= K B)))
                      (or (not (= H #b111)) (not (= a!18 #b1)))
                      (or (not (= H #b110)) (not a!19))
                      (or (not (= H #b111))
                          (= ((_ extract 1 0) A) #b01)
                          ((_ bit2bool 1) A))
                      (or (not (= A #b000))
                          (not (= I #b00))
                          (not (= H #b001))
                          (= ((_ extract 2 1) E) #b00))
                      (or (= A #b000)
                          (bvule I G)
                          ((_ bit2bool 1) A)
                          ((_ bit2bool 1) K)
                          (= G #b00)
                          (not (= H #b010))
                          (= ((_ extract 2 1) E) #b00))
                      (or (not (= I #b00)) (not ((_ bit2bool 2) E)) (bvule K C))
                      (or (not ((_ bit2bool 2) E))
                          (not (bvule I B))
                          (bvule K C)
                          (bvule K B))
                      (or (not (= A #b000))
                          ((_ bit2bool 1) I)
                          (not (= H #b001))
                          (= ((_ extract 2 1) E) #b00)
                          (bvule G B))
                      (or (not ((_ bit2bool 1) E))
                          (not ((_ bit2bool 0) E))
                          (not (= H #b001))
                          (= ((_ extract 1 1) A) #b1)
                          (bvule G C))
                      a!20
                      (or (bvule I J)
                          a!21
                          (not (bvule G J))
                          (not ((_ bit2bool 0) E))
                          (bvule G C)
                          (bvule G B)
                          (not (= G D)))
                      (or (not (= H #b101))
                          (not (bvule G J))
                          ((_ bit2bool 0) A)
                          (bvule G C))
                      (or (not ((_ bit2bool 0) A))
                          (not (= H #b010))
                          (not (bvule I C))
                          (= ((_ extract 2 1) E) #b00)
                          (bvule G C)
                          (not (= G K)))
                      (or (not ((_ bit2bool 1) E))
                          (not ((_ bit2bool 0) E))
                          (not ((_ bit2bool 0) A))
                          (bvule G C)
                          (not (= G K)))
                      (or (= H #b101)
                          (= H #b100)
                          (= H #b011)
                          (= H #b010)
                          (= H #b001)
                          (= ((_ extract 1 1) A) #b1)
                          (= ((_ extract 2 1) E) #b00)
                          (bvule K D))
                      (or (not (bvule G J))
                          (not ((_ bit2bool 1) A))
                          (not (= H #b011)))
                      (or (not (= H #b100))
                          (not (bvule G J))
                          (not ((_ bit2bool 1) A)))
                      (or (not ((_ bit2bool 2) E))
                          (= ((_ extract 0 0) H) #b1)
                          (bvule G C)
                          (not (= K I))
                          (bvule G B)
                          (not (= G D)))
                      (or (not ((_ bit2bool 0) A))
                          (not ((_ bit2bool 1) A))
                          (bvule G C)
                          (not (= G K)))
                      (or (not ((_ bit2bool 2) E)) (bvule G C) (not (= G K)))
                      (or (= ((_ extract 2 2) E) #b0)
                          (not (= H #b000))
                          (bvule K C))
                      (or (bvule I J)
                          a!21
                          (bvule G J)
                          ((_ bit2bool 0) A)
                          (= ((_ extract 1 1) H) #b1)
                          (bvule J D))
                      (or ((_ bit2bool 0) A)
                          (not ((_ bit2bool 1) A))
                          (= ((_ extract 2 1) E) #b00)
                          (bvule K D))
                      a!22
                      (or ((_ bit2bool 0) D)
                          (= G #b00)
                          ((_ bit2bool 1) D)
                          (not ((_ bit2bool 2) E))
                          (not (= C K))
                          (not (= B G))
                          (not (= C B)))
                      (or (not (= H #b101))
                          (not ((_ bit2bool 0) A))
                          (not (= B G))
                          (bvule K I))
                      (or (not ((_ bit2bool 0) A))
                          (not (= H #b011))
                          (not (= B I))
                          (not (bvule G B)))
                      (or (not (= H #b101))
                          (not ((_ bit2bool 0) A))
                          (not (bvule G B))
                          (bvule K I))
                      (or (not (= H #b100))
                          (bvule K D)
                          (not (= B I))
                          (not (bvule G B))
                          (not (= G C))
                          (not (= C K)))
                      (or (not (= H #b101))
                          (not (bvule G I))
                          (not (bvule G J))
                          (bvule K D)
                          (not (= G C)))
                      (or (not ((_ bit2bool 0) A))
                          (not (= H #b011))
                          (not (= G K)))
                      (or (not (= H #b100))
                          (not ((_ bit2bool 0) A))
                          (not (= G K)))
                      (or (not (= H #b101))
                          (not ((_ bit2bool 0) A))
                          (not (= G K)))
                      a!23
                      (or (not (= H #b110))
                          (= ((_ extract 2 1) E) #b00)
                          (bvule K D))
                      (or (not (= H #b000))
                          (not ((_ bit2bool 2) E))
                          (bvule C B)
                          (not (= C K)))
                      a!24
                      a!25
                      (or (not (= H #b110))
                          (not ((_ bit2bool 1) A))
                          (bvule C B)
                          (bvule E (bvadd #b001 A))
                          (not (= C K)))
                      (or (not (= H #b111))
                          (not ((_ bit2bool 1) A))
                          (not ((_ bit2bool 2) E))
                          (bvule C B)
                          (not (= C K)))
                      a!26
                      a!27
                      a!28
                      (or (not (= H #b110))
                          (not ((_ bit2bool 2) E))
                          (bvule C B)
                          (not (= C D)))
                      (or (not (= H #b000))
                          (not ((_ bit2bool 2) E))
                          (bvule C B)
                          (not (= C D)))
                      a!29
                      (or (not (= H #b111))
                          (not ((_ bit2bool 1) A))
                          (not ((_ bit2bool 2) E))
                          (bvule C B)
                          (not (= C D)))
                      (or (not (= H #b110))
                          (bvule E A)
                          (not a!3)
                          (bvule C B)
                          (not (= C D)))
                      (or (not (= I #b00))
                          (= D #b00)
                          (not ((_ bit2bool 0) A))
                          (not ((_ bit2bool 1) A))
                          (not (= H #b010))
                          (= ((_ extract 2 1) E) #b00))
                      (or (= H #b001)
                          (not (= I #b00))
                          ((_ bit2bool 0) B)
                          ((_ bit2bool 1) B)
                          (= D #b00)
                          (not ((_ bit2bool 0) A))
                          (not ((_ bit2bool 2) E)))
                      (or (not ((_ bit2bool 0) A))
                          (not ((_ bit2bool 1) A))
                          (not (= H #b010))
                          (not (bvule I G))
                          (= ((_ extract 2 1) E) #b00)
                          (bvule D G))
                      (or (not ((_ bit2bool 2) E))
                          (not (= H #b010))
                          (= ((_ extract 1 1) A) #b1)
                          (bvule G B))
                      (or (not (= H #b000))
                          (not ((_ bit2bool 2) E))
                          (bvule K B)
                          (not (= B C)))
                      a!30
                      a!31
                      a!32
                      (or (= ((_ extract 1 0) A) #b11)
                          (= ((_ extract 1 0) A) #b01)
                          (= ((_ extract 0 0) H) #b1)
                          (= ((_ extract 2 1) E) #b00)
                          (bvule G D)
                          (not (= G I)))
                      a!33
                      a!34
                      (or (not (= A #b000))
                          (not ((_ bit2bool 2) E))
                          (= ((_ extract 0 0) H) #b1)
                          (not (= B G))
                          (not (= C B)))
                      (or (= H #b011)
                          (not (= B #b00))
                          (not ((_ bit2bool 2) E))
                          (not a!19))
                      (or ((_ bit2bool 1) A)
                          (not ((_ bit2bool 0) A))
                          (not (= H #b010))
                          (= K I)
                          (= ((_ extract 2 1) E) #b00))
                      (or (= A #b000)
                          (not (= H #b010))
                          (= ((_ extract 2 1) E) #b00)
                          (not (= C K))
                          (bvule C I))
                      (or (not ((_ bit2bool 2) E))
                          a!3
                          (bvule C B)
                          (not (= K C)))
                      (or (= A #b000)
                          (not (= H #b010))
                          (= ((_ extract 2 1) E) #b00)
                          (bvule K I))
                      (or (not (= H #b111))
                          (= ((_ extract 1 0) A) #b01)
                          (bvule I B)
                          (not ((_ bit2bool 0) A)))
                      (or (not (= H #b010))
                          (not (bvule I C))
                          (bvule K C)
                          (not (= A #b001)))
                      (or (not (= H #b000))
                          (= ((_ extract 2 1) E) #b00)
                          (bvule K D)
                          (= ((_ extract 2 2) A) #b1))
                      (or (not a!19)
                          (= ((_ extract 2 1) E) #b00)
                          (bvule K G)
                          (not (= G D)))
                      a!35
                      (or ((_ bit2bool 0) A)
                          ((_ bit2bool 1) A)
                          (not (= H #b001))
                          (= ((_ extract 2 1) E) #b00)
                          (bvule G D))
                      (or ((_ bit2bool 0) A)
                          (not (= H #b010))
                          (not a!3)
                          (= ((_ extract 2 1) E) #b00)
                          (bvule G D))
                      (or ((_ bit2bool 1) A)
                          (not ((_ bit2bool 0) A))
                          (not (= H #b010))
                          (not (bvule I G))
                          (bvule K G))
                      (or (not (= A #b000))
                          (not (= H #b001))
                          (= ((_ extract 2 1) E) #b00)
                          (not (= K B))
                          (not (= G D))
                          (not (= C B)))
                      (or (not (= A #b000))
                          ((_ bit2bool 1) C)
                          (not (= H #b001))
                          (= ((_ extract 2 1) E) #b00)
                          (bvule G B)
                          (not (= G D)))
                      a!36
                      (or (not (= A #b000))
                          (not (= H #b010))
                          (bvule G B)
                          (not (= G I)))
                      a!37
                      a!38
                      a!39
                      a!40
                      (or (not (= H #b111))
                          (bvule I C)
                          (not ((_ bit2bool 1) A))
                          (not (= K D)))
                      (or (not (= H #b110))
                          (not ((_ bit2bool 1) A))
                          (not (bvule I C))
                          (bvule K C))
                      a!41
                      a!42
                      a!43
                      a!44
                      (or (= H #b011)
                          (= H #b010)
                          (= H #b001)
                          (bvule K C)
                          (bvule K B)
                          (= ((_ extract 2 1) E) #b00)
                          (bvule K D)
                          (not (= K I)))
                      (or (not ((_ bit2bool 0) A))
                          (not (bvule I G))
                          (= ((_ extract 0 0) H) #b1)
                          (= ((_ extract 2 1) E) #b00)
                          (bvule K D)
                          (bvule K G))
                      (or (= H #b101)
                          (= H #b100)
                          (= H #b011)
                          (= H #b010)
                          (not (= D #b00))
                          (= K #b00)
                          (not a!3)
                          (= ((_ extract 2 1) E) #b00))
                      a!45
                      a!46
                      (or (bvule I G)
                          (= ((_ extract 0 0) A) #b1)
                          (= ((_ extract 0 0) H) #b1)
                          a!19
                          (= ((_ extract 2 1) E) #b00)
                          (bvule G D))
                      (or ((_ bit2bool 0) A)
                          (not (= H #b001))
                          (not a!3)
                          (= ((_ extract 2 1) E) #b00)
                          (bvule G C)
                          (not (= G D)))
                      (or ((_ bit2bool 0) A)
                          ((_ bit2bool 1) A)
                          (not (= H #b010))
                          (= ((_ extract 2 1) E) #b00)
                          (bvule G C)
                          (not (= G D)))
                      (or (not ((_ bit2bool 1) A)) (not ((_ bit2bool 2) A)))
                      (or ((_ bit2bool 0) A)
                          (not ((_ bit2bool 1) A))
                          (not (= H #b010))
                          (not (bvule I G))
                          (bvule K G))
                      (or (not (= A #b000)) (not (= H #b010)) (= I B))
                      (or a!21
                          (not (= B #b00))
                          (= D #b00)
                          (not (= H #b011))
                          (not (= G K)))
                      (or (not (= H #b101))
                          a!21
                          (not (= B #b00))
                          (not (= G #b00))
                          (= D #b00))
                      (or (not (= H #b100))
                          a!21
                          (not (= B #b00))
                          (not (= G #b00))
                          (= D #b00))
                      (or (not (= A #b000))
                          (not (= K #b00))
                          (not (= C #b00))
                          (not (= H #b001))
                          (= ((_ extract 2 1) E) #b00))
                      (or (not (= A #b000))
                          ((_ bit2bool 0) K)
                          ((_ bit2bool 1) K)
                          (not (= C #b00))
                          (not (= H #b010))
                          (= ((_ extract 2 1) E) #b00))
                      (or (not (= B #b00))
                          ((_ bit2bool 1) A)
                          (not ((_ bit2bool 2) E))
                          (not (= H #b001)))
                      (or (not (= B #b00))
                          ((_ bit2bool 1) A)
                          (not ((_ bit2bool 2) E))
                          (not (= H #b010)))
                      (or (not ((_ bit2bool 2) E))
                          (not (= H #b001))
                          (= ((_ extract 1 1) A) #b1)
                          (bvule G B))
                      (or (not (= A #b000))
                          (not (= H #b001))
                          (= ((_ extract 2 1) E) #b00)
                          (not (= G K))
                          (not (= B K))
                          (not (= C B)))
                      (or (not (= A #b000))
                          (not (= H #b010))
                          (= ((_ extract 2 1) E) #b00)
                          (not (= G K))
                          (not (= K B))
                          (not (= C B)))
                      (or (not (= H #b110))
                          (= D I)
                          (not (= K I))
                          (not (= C K))
                          (bvule E (bvadd #b010 A))
                          (not (= C B)))
                      a!47
                      (or (= H #b010)
                          (not (= I #b00))
                          (not ((_ bit2bool 2) E))
                          (bvule D B)
                          (not (= A #b001)))
                      (or (= ((_ extract 0 0) A) #b1)
                          (not ((_ bit2bool 2) E))
                          (not (= H #b001))
                          (bvule D C)
                          (not (= B C)))
                      a!49
                      (or (not (= H #b101))
                          (= ((_ extract 1 0) A) #b11)
                          (= ((_ extract 1 0) A) #b01)
                          (bvule D B)
                          (not (= I B)))
                      a!50
                      (or (not (= H #b110))
                          (bvule D C)
                          (not (= K B))
                          (bvule E (bvadd #b010 A)))
                      (or (= ((_ extract 2 2) E) #b0)
                          (not (= H #b000))
                          (bvule D C)
                          (not (= B K)))
                      (or (not (= H #b111))
                          (bvule D C)
                          (not (= B I))
                          (bvule E (bvadd #b010 A)))
                      a!51
                      (or (not (= A #b000))
                          (not ((_ bit2bool 2) E))
                          (not (= B G))
                          (not (= C D)))
                      (or (= ((_ extract 0 0) A) #b1)
                          (not ((_ bit2bool 2) E))
                          (not (= H #b001))
                          (bvule C B)
                          (not (= C D)))
                      (or (= ((_ extract 0 0) A) #b1)
                          (not ((_ bit2bool 2) E))
                          (not (= H #b010))
                          (bvule C B)
                          (not (= C D)))
                      (or (not (= H #b101))
                          (bvule I J)
                          ((_ bit2bool 0) A)
                          (not (= C D)))
                      a!52
                      (or (not (= H #b110))
                          (not ((_ bit2bool 0) A))
                          (bvule D K)
                          (not a!3)
                          (not (= D I)))
                      (or (not (= H #b111))
                          (bvule D K)
                          (not (= K B))
                          (bvule E (bvadd #b010 A)))
                      (or (bvule I B)
                          (not ((_ bit2bool 2) E))
                          (= ((_ extract 2 2) H) #b1)
                          a!3
                          (not (= D K)))
                      (or ((_ bit2bool 1) A)
                          (bvule I B)
                          (not ((_ bit2bool 2) E))
                          (not (= H #b010)))
                      a!53
                      a!54
                      (or (not (= H #b110))
                          (bvule D B)
                          (bvule E (bvadd #b010 A)))
                      a!55
                      a!56
                      (or (not (= H #b110))
                          ((_ bit2bool 0) A)
                          (bvule E A)
                          (bvule K C))
                      (or (not ((_ bit2bool 0) A))
                          (not ((_ bit2bool 1) A))
                          (bvule K C))
                      a!57
                      (or (not ((_ bit2bool 1) E))
                          (not ((_ bit2bool 0) E))
                          (not (= H #b001))
                          (not a!3)
                          (bvule G C))
                      a!58
                      (or (not ((_ bit2bool 0) E))
                          (not ((_ bit2bool 0) A))
                          (not (= H #b001))
                          (bvule K B)
                          (not (bvule K G)))
                      (or (not ((_ bit2bool 1) E))
                          (not ((_ bit2bool 0) E))
                          (not ((_ bit2bool 0) A))
                          (not (= H #b010))
                          (not (bvule I G))
                          (bvule K B))
                      (or (not ((_ bit2bool 2) A)) (not (= H #b100)))
                      a!59
                      a!60
                      (or (not ((_ bit2bool 0) A))
                          (not ((_ bit2bool 1) A))
                          (not (= H #b011))
                          (not (= G D)))
                      (or (not (= H #b100))
                          (not ((_ bit2bool 0) A))
                          (not ((_ bit2bool 1) A))
                          (not (= G D)))
                      (or (not ((_ bit2bool 2) E))
                          (not (= B G))
                          (bvule D G)
                          a!62)
                      (or (bvule I G)
                          (not ((_ bit2bool 2) E))
                          (not (= G B))
                          (not (= D I))
                          a!63)
                      (or (bvule I G)
                          (not ((_ bit2bool 2) E))
                          (bvule G C)
                          (not (= I K)))
                      (or (not ((_ bit2bool 2) E)) (bvule G C) (bvule K G))
                      (or (not ((_ bit2bool 2) E))
                          (not (= H #b001))
                          (not a!19)
                          (bvule G C))
                      (or (= ((_ extract 1 0) A) #b11)
                          (not ((_ bit2bool 2) E))
                          (not (= H #b010))
                          (bvule G C)
                          (not (= G I)))
                      a!64
                      (or (= H #b011)
                          (= ((_ extract 2 2) E) #b0)
                          (bvule K C)
                          (not (bvule K G)))
                      (or (not (= H #b000))
                          (bvule K C)
                          (bvule ((_ extract 1 0) E) #b10))
                      (or (= ((_ extract 1 0) A) #b01)
                          ((_ bit2bool 1) A)
                          (not (= H #b010))
                          (not (bvule I C))
                          (not (bvule G D))
                          (bvule G C)
                          (not (= G B)))
                      (or (= ((_ extract 1 0) A) #b01)
                          ((_ bit2bool 1) A)
                          (not ((_ bit2bool 2) E))
                          (not (= H #b010))
                          (not (bvule I C))
                          (bvule G C))
                      (or (not (= A #b000))
                          (not ((_ bit2bool 2) E))
                          (not (= H #b010))
                          (bvule G C))
                      (or (= ((_ extract 1 0) A) #b01)
                          ((_ bit2bool 1) A)
                          (not ((_ bit2bool 2) E))
                          (not (= H #b010))
                          (not (bvule I G))
                          (bvule G C))
                      a!65
                      (or (not (= H #b110))
                          (bvule C B)
                          (bvule E (bvadd #b010 A))
                          (not (= C D)))
                      (or (not (= H #b111))
                          (bvule C B)
                          (bvule E (bvadd #b010 A))
                          (not (= C D)))
                      (or ((_ bit2bool 1) A)
                          (not ((_ bit2bool 2) E))
                          (bvule K G)
                          (not (= G B)))
                      (or (= ((_ extract 0 0) A) #b1)
                          (not ((_ bit2bool 2) E))
                          (not (= B G))
                          (bvule D G))
                      (or (bvule I G)
                          (not ((_ bit2bool 2) E))
                          (not (= H #b010))
                          (not a!66)
                          (not (= G B)))
                      (or (not (= H #b110))
                          (bvule D K)
                          (not (= K B))
                          (bvule E (bvadd #b010 A)))
                      (or (not (= H #b000))
                          (not ((_ bit2bool 2) E))
                          (bvule D K)
                          (not (= K B)))
                      (or (not ((_ bit2bool 2) E))
                          (bvule D B)
                          a!3
                          (not (= K D)))
                      (or (bvule I B)
                          (not ((_ bit2bool 2) E))
                          a!3
                          (not (= I K))
                          (not (= K D)))
                      (or ((_ bit2bool 1) A)
                          (not ((_ bit2bool 2) E))
                          (bvule K B)
                          (= ((_ extract 1 1) G) #b1))
                      (or (not (= G #b00))
                          (bvule I B)
                          (not ((_ bit2bool 2) E))
                          (= ((_ extract 2 2) H) #b1)
                          (not a!66))
                      (or (not (= H #b110))
                          (not (bvule K B))
                          (bvule D B)
                          (bvule E (bvadd #b001 A))
                          (not (= a!48 #b1)))
                      a!67
                      (or ((_ bit2bool 0) A)
                          (not ((_ bit2bool 1) A))
                          (not ((_ bit2bool 2) E))
                          (bvule G B)
                          (not (= G D)))
                      a!68
                      (or (not (= H #b101))
                          (bvule I J)
                          a!21
                          ((_ bit2bool 1) E)
                          (not (= J B)))
                      a!69
                      (or ((_ bit2bool 0) A)
                          (not ((_ bit2bool 1) A))
                          (not (= H #b011))
                          (not (= D K)))
                      (or (not (= H #b101))
                          (not ((_ bit2bool 0) A))
                          (not ((_ bit2bool 1) A))
                          (not (= G D)))
                      (or (= H #b101)
                          (= H #b100)
                          (= H #b011)
                          (= H #b010)
                          (= H #b001)
                          a!9
                          (not ((_ bit2bool 2) E))
                          (bvule D B))
                      (or ((_ bit2bool 1) A)
                          (not ((_ bit2bool 2) E))
                          (bvule G B)
                          (not (= G D)))
                      (or (not (= B #b00))
                          (not (= H #b000))
                          (= D #b00)
                          (not ((_ bit2bool 2) E))
                          (= ((_ extract 0 0) K) #b1))
                      (or (not (= H #b110))
                          ((_ bit2bool 0) K)
                          (bvule D B)
                          (bvule E (bvadd #b001 A))
                          (not (= a!48 #b1)))
                      a!70
                      a!71
                      (or ((_ bit2bool 0) A)
                          (not ((_ bit2bool 2) E))
                          (not (= C B))
                          (bvule D J)
                          (not (= J C)))
                      (or ((_ bit2bool 0) A)
                          (not ((_ bit2bool 2) E))
                          (= ((_ extract 0 0) H) #b1)
                          (bvule D C)
                          (not (= B C)))
                      (or (= H #b101)
                          (= H #b100)
                          (= H #b011)
                          ((_ bit2bool 0) A)
                          (not ((_ bit2bool 2) E))
                          (bvule D K)
                          (not (= K B)))
                      (or (not (= H #b111))
                          (bvule D K)
                          (not (= B I))
                          (bvule E (bvadd #b010 A)))
                      a!72
                      a!73
                      (or (not (= H #b100))
                          (not (= B #b00))
                          (not ((_ bit2bool 0) A))
                          (not ((_ bit2bool 1) A))
                          (bvule D C))
                      (or (not (= H #b101)) (not ((_ bit2bool 0) A)) (= I B))
                      a!74
                      (or (not (= H #b100))
                          ((_ bit2bool 0) A)
                          (not ((_ bit2bool 1) A))
                          (not (= K D)))
                      a!75
                      (or (not ((_ bit2bool 1) A))
                          (bvule D B)
                          (bvule E (bvadd #b001 A))
                          (not (= K D)))
                      (or ((_ bit2bool 1) A)
                          (not ((_ bit2bool 0) A))
                          (not (= H #b011))
                          (= K I))
                      (or (not ((_ bit2bool 2) E)) (not (= H #b011)))
                      (or (not ((_ bit2bool 2) E)) (not (= H #b100)))
                      (or (not ((_ bit2bool 2) E)) (not (= H #b101)))
                      (or (not (= B #b00))
                          ((_ bit2bool 1) A)
                          (= D #b00)
                          (not ((_ bit2bool 2) E))
                          (= ((_ extract 0 0) H) #b1)))))
       (= (INV!slice!1 A
                       B
                       C
                       D
                       E
                       F
                       G
                       H
                       I
                       J
                       K
                       L
                       M
                       N
                       O
                       P
                       Q
                       R
                       S
                       T
                       U
                       V
                       W
                       X
                       Y
                       Z
                       A1
                       B1
                       C1
                       D1
                       E1
                       F1
                       G1
                       H1
                       I1
                       J1
                       K1
                       L1
                       M1
                       N1
                       O1
                       P1
                       Q1
                       R1
                       S1
                       T1
                       U1
                       V1
                       W1
                       X1
                       Y1
                       Z1
                       A2
                       B2
                       C2
                       D2
                       E2
                       F2
                       G2
                       H2
                       I2
                       J2
                       K2
                       L2
                       M2
                       N2
                       O2
                       P2
                       Q2
                       R2
                       S2
                       T2
                       U2
                       V2
                       W2
                       X2
                       Y2
                       Z2
                       A3
                       B3
                       C3
                       D3
                       E3
                       F3
                       G3
                       H3
                       I3
                       J3
                       K3
                       L3
                       M3
                       N3
                       O3
                       P3
                       Q3
                       R3
                       S3
                       T3
                       U3
                       V3
                       W3
                       X3
                       Y3
                       Z3
                       A4
                       B4
                       C4
                       D4
                       E4
                       F4
                       G4
                       H4)
          a!76))))
     :weight 0))
