	(output dir: /scratch/network/hongcez/hwmcc/avr-log/btor2/bv/goel/opensource/vcegar_QF_BV_itc99_b13_p06/pr_vcegar_QF_BV_itc99_b13_p06/work_w0)
	(frontend: btor2)
	(property: all (1 assertions))
	(22 / 22 flops initialized)
	(abstraction: sa)
   0	: 0	: 0 s: 0    0s                  
   0	: 1	: 0 0 s: 0    0s                     0	: 1	: 0 1 s: 1    0s                     0	: 1	: 0 2 s: 2    0s                     0	: 1	: 0 3 s: 3    0s                     0	: 1	: 0 3 s: 3    0s                  
   0	: 2	: 0 1 2 s: 3    0s                     0	: 2	: 0 1 3 s: 4    0s                     0	: 2	: 0 1 3 s: 4    0s                  
   0	: 3	: 0 1 1 2 s: 4    0s                     0	: 3	: 0 1 1 3 s: 5    0s                     0	: 3	: 0 1 1 3 s: 5    0s                  
   0	: 4	: 0 1 1 1 2 s: 5    0s                     0	: 4	: 0 1 1 1 3 s: 6    0s                     0	: 4	: 0 1 1 1 3 s: 6    0s                  
   0	: 4	: 0 0 2 1 3 s: 6    0s                  

AVR -- Proof Race 
copyright (c) 2019  Aman Goel and Karem Sakallah, University of Michigan
@     0s  (starting avr proof race)
@     0s  (output dir: /scratch/network/hongcez/hwmcc/avr-log/btor2/bv/goel/opensource/vcegar_QF_BV_itc99_b13_p06/pr_vcegar_QF_BV_itc99_b13_p06)
@     0s  (max 11 workers)
@     0s  (started worker 0 with pid 243515)
@     0s  (started worker 1 with pid 243516)
@     0s  (started worker 2 with pid 243517)
@     0s  (started worker 3 with pid 243518)
@     0s  (started worker 4 with pid 243519)
@     0s  (spawned 5 workers)
@     0s  (total 5 workers using 0 MB)
@     0s  (worker 0 finished with result safe) python3 avr.py -a sa
@     0s  (worker 0 output)
@     0s  (stopping all workers)
@     0s  (copied results from worker 0 in /scratch/network/hongcez/hwmcc/avr-log/btor2/bv/goel/opensource/vcegar_QF_BV_itc99_b13_p06/pr_vcegar_QF_BV_itc99_b13_p06)
@     0s  [0;30;47m(proof race finished with answer safe in 0.21 seconds)[m
