Failed to find a lemma for: (let ((a!1 (or (not (= INV!slice!1_11_n #x1))
               (and (not (= INV!slice!1_18_n #b0))
                    (not (= INV!slice!1_17_n #b1)))))
      (a!2 (or (and (or (= INV!slice!1_17_n #b1) (= INV!slice!1_18_n #b0))
                    (= INV!slice!1_11_n #x1))
               (= INV!slice!1_11_n #x5)
               (= INV!slice!1_11_n #x4)))
      (a!4 (ite (= INV!slice!1_2_n #b101)
                (= ((_ extract 2 2) INV!slice!1_2_n) #b0)
                (= ((_ extract 2 2) (bvadd #b001 INV!slice!1_2_n)) #b0)))
      (a!6 (ite (= INV!slice!1_2_n #b101)
                (= ((_ extract 1 1) INV!slice!1_2_n) #b0)
                (= ((_ extract 1 1) (bvadd #b001 INV!slice!1_2_n)) #b0))))
(let ((a!3 (ite a!2
                (ite (= INV!slice!1_2_n #b101)
                     (= ((_ extract 0 0) INV!slice!1_2_n) #b0)
                     (= ((_ extract 0 0) INV!slice!1_2_n) #b1))
                (= ((_ extract 0 0) INV!slice!1_16_n) #b0)))
      (a!5 (not (ite a!2 a!4 (= ((_ extract 2 2) INV!slice!1_16_n) #b0))))
      (a!7 (not (ite a!2 a!6 (= ((_ extract 1 1) INV!slice!1_16_n) #b0)))))
(let ((a!8 (or (and a!1
                    (not (= INV!slice!1_11_n #x5))
                    (not (= INV!slice!1_11_n #x4)))
               (not a!3)
               a!5
               a!7)))
  (ite a!8
       (= ((_ extract 0 0) INV!slice!1_5_n) #b0)
       (ite a!2
            (= ((_ extract 0 0) INV!slice!1_0_n) #b0)
            (= ((_ extract 0 0) INV!slice!1_9_n) #b0))))))
Available lemmas are: 6: (= INV!slice!1_5_n #x000)
7: (let ((a!1 (or (not (= INV!slice!1_11_n #x1))
               (and (not (= INV!slice!1_18_n #b0))
                    (not (= INV!slice!1_17_n #b1)))))
      (a!2 (or (and (or (= INV!slice!1_17_n #b1) (= INV!slice!1_18_n #b0))
                    (= INV!slice!1_11_n #x1))
               (= INV!slice!1_11_n #x5)
               (= INV!slice!1_11_n #x4)))
      (a!4 (ite (= INV!slice!1_2_n #b101)
                (= ((_ extract 2 2) INV!slice!1_2_n) #b0)
                (= ((_ extract 2 2) (bvadd #b001 INV!slice!1_2_n)) #b0)))
      (a!6 (ite (= INV!slice!1_2_n #b101)
                (= ((_ extract 1 1) INV!slice!1_2_n) #b0)
                (= ((_ extract 1 1) (bvadd #b001 INV!slice!1_2_n)) #b0))))
(let ((a!3 (ite a!2
                (ite (= INV!slice!1_2_n #b101)
                     (= ((_ extract 0 0) INV!slice!1_2_n) #b0)
                     (= ((_ extract 0 0) INV!slice!1_2_n) #b1))
                (= ((_ extract 0 0) INV!slice!1_16_n) #b0)))
      (a!5 (not (ite a!2 a!4 (= ((_ extract 2 2) INV!slice!1_16_n) #b0))))
      (a!7 (not (ite a!2 a!6 (= ((_ extract 1 1) INV!slice!1_16_n) #b0)))))
(let ((a!8 (or (and a!1
                    (not (= INV!slice!1_11_n #x5))
                    (not (= INV!slice!1_11_n #x4)))
               (not a!3)
               a!5
               a!7)))
(let ((a!9 (ite a!8
                (= ((_ extract 0 0) INV!slice!1_5_n) #b0)
                (ite a!2
                     (= ((_ extract 0 0) INV!slice!1_0_n) #b0)
                     (= ((_ extract 0 0) INV!slice!1_9_n) #b0))))
      (a!10 (ite a!8
                 (= ((_ extract 1 1) INV!slice!1_5_n) #b0)
                 (ite a!2
                      (= ((_ extract 1 1) INV!slice!1_0_n) #b0)
                      (= ((_ extract 1 1) INV!slice!1_9_n) #b0))))
      (a!11 (ite a!8
                 (= ((_ extract 2 2) INV!slice!1_5_n) #b0)
                 (ite a!2
                      (= ((_ extract 2 2) INV!slice!1_0_n) #b0)
                      (= ((_ extract 2 2) INV!slice!1_9_n) #b0))))
      (a!12 (ite a!8
                 (= ((_ extract 3 3) INV!slice!1_5_n) #b0)
                 (ite a!2
                      (= ((_ extract 3 3) INV!slice!1_0_n) #b0)
                      (= ((_ extract 3 3) INV!slice!1_9_n) #b0))))
      (a!13 (ite a!8
                 (= ((_ extract 4 4) INV!slice!1_5_n) #b0)
                 (ite a!2
                      (= ((_ extract 4 4) INV!slice!1_0_n) #b0)
                      (= ((_ extract 4 4) INV!slice!1_9_n) #b0))))
      (a!14 (ite a!8
                 (= ((_ extract 5 5) INV!slice!1_5_n) #b0)
                 (ite a!2
                      (= ((_ extract 5 5) INV!slice!1_0_n) #b0)
                      (= ((_ extract 5 5) INV!slice!1_9_n) #b0))))
      (a!15 (ite a!8
                 (= ((_ extract 6 6) INV!slice!1_5_n) #b0)
                 (ite a!2
                      (= ((_ extract 6 6) INV!slice!1_0_n) #b0)
                      (= ((_ extract 6 6) INV!slice!1_9_n) #b0))))
      (a!16 (ite a!8
                 (= ((_ extract 7 7) INV!slice!1_5_n) #b0)
                 (ite a!2
                      (= ((_ extract 7 7) INV!slice!1_0_n) #b0)
                      (= ((_ extract 7 7) INV!slice!1_9_n) #b0))))
      (a!17 (ite a!8
                 (= ((_ extract 8 8) INV!slice!1_5_n) #b0)
                 (ite a!2
                      (= ((_ extract 8 8) INV!slice!1_0_n) #b0)
                      (= ((_ extract 8 8) INV!slice!1_9_n) #b0))))
      (a!18 (ite a!8
                 (= ((_ extract 9 9) INV!slice!1_5_n) #b0)
                 (ite a!2
                      (= ((_ extract 9 9) INV!slice!1_0_n) #b0)
                      (= ((_ extract 9 9) INV!slice!1_9_n) #b0))))
      (a!19 (ite a!8
                 (= ((_ extract 10 10) INV!slice!1_5_n) #b0)
                 (ite a!2
                      (= ((_ extract 10 10) INV!slice!1_0_n) #b0)
                      (= ((_ extract 10 10) INV!slice!1_9_n) #b0))))
      (a!20 (ite a!8
                 (= ((_ extract 11 11) INV!slice!1_5_n) #b0)
                 (ite a!2
                      (= ((_ extract 11 11) INV!slice!1_0_n) #b0)
                      (= ((_ extract 11 11) INV!slice!1_9_n) #b0)))))
  (and a!9 a!10 a!11 a!12 a!13 a!14 a!15 a!16 a!17 a!18 a!19 a!20)))))
8: (let ((a!1 (or (and (not (= INV!slice!1_18_n #b0))
                    (not (= INV!slice!1_17_n #b1)))
               (and (not (= INV!slice!1_11_n #xf))
                    (not (= INV!slice!1_11_n #xb))
                    (not (= INV!slice!1_11_n #xa))
                    (not (= INV!slice!1_11_n #xd)))))
      (a!2 (or (not (= INV!slice!1_1_n #x000))
               (and (not (= INV!slice!1_11_n #xf))
                    (not (= INV!slice!1_11_n #x8)))))
      (a!3 (or (not (= INV!slice!1_11_n #x1))
               (and (not (= INV!slice!1_18_n #b0))
                    (not (= INV!slice!1_17_n #b1)))))
      (a!7 (or (not (or (= INV!slice!1_17_n #b1) (= INV!slice!1_18_n #b0)))
               (not (or (= INV!slice!1_11_n #xb)
                        (= INV!slice!1_11_n #xa)
                        (= INV!slice!1_11_n #xf)
                        (= INV!slice!1_11_n #xd)))))
      (a!8 (or (not (= INV!slice!1_1_n #x000))
               (not (or (= INV!slice!1_11_n #xf) (= INV!slice!1_11_n #x8)))))
      (a!10 (or (not (= INV!slice!1_11_n #x1))
                (not (or (= INV!slice!1_17_n #b1) (= INV!slice!1_18_n #b0))))))
(let ((a!4 (or (= INV!slice!1_2_n #b101)
               (and a!3
                    (not (= INV!slice!1_11_n #x5))
                    (not (= INV!slice!1_11_n #x4)))))
      (a!9 (or (= INV!slice!1_2_n #b000) (not (or (not a!7) (not a!8)))))
      (a!11 (or (not (or (not a!10)
                         (= INV!slice!1_11_n #x5)
                         (= INV!slice!1_11_n #x4)))
                (= INV!slice!1_2_n #b101))))
(let ((a!5 (ite a!4
                (and (not (= INV!slice!1_11_n #x0))
                     (= ((_ extract 0 0) INV!slice!1_2_n) #b1))
                (= ((_ extract 0 0) INV!slice!1_2_n) #b0)))
      (a!12 (ite a!9
                 (ite a!11
                      (ite (= INV!slice!1_11_n #x0) #b000 INV!slice!1_2_n)
                      (bvadd #b001 INV!slice!1_2_n))
                 (bvadd #b111 INV!slice!1_2_n))))
(let ((a!6 (not (ite (or (= INV!slice!1_2_n #b000) (and a!1 a!2))
                     a!5
                     (= ((_ extract 0 0) INV!slice!1_2_n) #b0))))
      (a!13 (not (= ((_ extract 2 2) (bvadd #b001 a!12)) #b0)))
      (a!14 (not (= ((_ extract 1 1) (bvadd #b001 a!12)) #b0))))
  (or a!6 a!13 a!14)))))
9: (let ((a!1 (not (= ((_ extract 2 2) (bvadd #b001 INV!slice!1_2_n)) #b0)))
      (a!2 (not (= ((_ extract 1 1) (bvadd #b001 INV!slice!1_2_n)) #b0))))
  (or a!1 a!2 (not (= ((_ extract 0 0) INV!slice!1_2_n) #b1))))
10: (let ((a!1 (not (= ((_ extract 2 2) (bvadd #b010 INV!slice!1_2_n)) #b0))))
  (or (not ((_ bit2bool 1) INV!slice!1_2_n)) a!1))
Simplified goal is:
0: (= INV!slice!1_5_n #x000)
1: (let ((a!1 (or (not (= INV!slice!1_11_n #x1))
               (and (not (= INV!slice!1_18_n #b0))
                    (not (= INV!slice!1_17_n #b1)))))
      (a!2 (or (and (or (= INV!slice!1_17_n #b1) (= INV!slice!1_18_n #b0))
                    (= INV!slice!1_11_n #x1))
               (= INV!slice!1_11_n #x5)
               (= INV!slice!1_11_n #x4)))
      (a!4 (ite (= INV!slice!1_2_n #b101)
                (= ((_ extract 2 2) INV!slice!1_2_n) #b0)
                (= ((_ extract 2 2) (bvadd #b001 INV!slice!1_2_n)) #b0)))
      (a!6 (ite (= INV!slice!1_2_n #b101)
                (= ((_ extract 1 1) INV!slice!1_2_n) #b0)
                (= ((_ extract 1 1) (bvadd #b001 INV!slice!1_2_n)) #b0))))
(let ((a!3 (ite a!2
                (ite (= INV!slice!1_2_n #b101)
                     (= ((_ extract 0 0) INV!slice!1_2_n) #b0)
                     (= ((_ extract 0 0) INV!slice!1_2_n) #b1))
                (= ((_ extract 0 0) INV!slice!1_16_n) #b0)))
      (a!5 (not (ite a!2 a!4 (= ((_ extract 2 2) INV!slice!1_16_n) #b0))))
      (a!7 (not (ite a!2 a!6 (= ((_ extract 1 1) INV!slice!1_16_n) #b0)))))
(let ((a!8 (or (and a!1
                    (not (= INV!slice!1_11_n #x5))
                    (not (= INV!slice!1_11_n #x4)))
               (not a!3)
               a!5
               a!7)))
  (ite a!8
       (= ((_ extract 0 0) INV!slice!1_5_n) #b0)
       (ite a!2
            (= ((_ extract 0 0) INV!slice!1_0_n) #b0)
            (= ((_ extract 0 0) INV!slice!1_9_n) #b0))))))
2: (let ((a!1 (or (not (= INV!slice!1_11_n #x1))
               (and (not (= INV!slice!1_18_n #b0))
                    (not (= INV!slice!1_17_n #b1)))))
      (a!2 (or (and (or (= INV!slice!1_17_n #b1) (= INV!slice!1_18_n #b0))
                    (= INV!slice!1_11_n #x1))
               (= INV!slice!1_11_n #x5)
               (= INV!slice!1_11_n #x4)))
      (a!4 (ite (= INV!slice!1_2_n #b101)
                (= ((_ extract 2 2) INV!slice!1_2_n) #b0)
                (= ((_ extract 2 2) (bvadd #b001 INV!slice!1_2_n)) #b0)))
      (a!6 (ite (= INV!slice!1_2_n #b101)
                (= ((_ extract 1 1) INV!slice!1_2_n) #b0)
                (= ((_ extract 1 1) (bvadd #b001 INV!slice!1_2_n)) #b0))))
(let ((a!3 (ite a!2
                (ite (= INV!slice!1_2_n #b101)
                     (= ((_ extract 0 0) INV!slice!1_2_n) #b0)
                     (= ((_ extract 0 0) INV!slice!1_2_n) #b1))
                (= ((_ extract 0 0) INV!slice!1_16_n) #b0)))
      (a!5 (not (ite a!2 a!4 (= ((_ extract 2 2) INV!slice!1_16_n) #b0))))
      (a!7 (not (ite a!2 a!6 (= ((_ extract 1 1) INV!slice!1_16_n) #b0)))))
(let ((a!8 (or (and a!1
                    (not (= INV!slice!1_11_n #x5))
                    (not (= INV!slice!1_11_n #x4)))
               (not a!3)
               a!5
               a!7)))
  (ite a!8
       (= ((_ extract 1 1) INV!slice!1_5_n) #b0)
       (ite a!2
            (= ((_ extract 1 1) INV!slice!1_0_n) #b0)
            (= ((_ extract 1 1) INV!slice!1_9_n) #b0))))))
3: (let ((a!1 (or (not (= INV!slice!1_11_n #x1))
               (and (not (= INV!slice!1_18_n #b0))
                    (not (= INV!slice!1_17_n #b1)))))
      (a!2 (or (and (or (= INV!slice!1_17_n #b1) (= INV!slice!1_18_n #b0))
                    (= INV!slice!1_11_n #x1))
               (= INV!slice!1_11_n #x5)
               (= INV!slice!1_11_n #x4)))
      (a!4 (ite (= INV!slice!1_2_n #b101)
                (= ((_ extract 2 2) INV!slice!1_2_n) #b0)
                (= ((_ extract 2 2) (bvadd #b001 INV!slice!1_2_n)) #b0)))
      (a!6 (ite (= INV!slice!1_2_n #b101)
                (= ((_ extract 1 1) INV!slice!1_2_n) #b0)
                (= ((_ extract 1 1) (bvadd #b001 INV!slice!1_2_n)) #b0))))
(let ((a!3 (ite a!2
                (ite (= INV!slice!1_2_n #b101)
                     (= ((_ extract 0 0) INV!slice!1_2_n) #b0)
                     (= ((_ extract 0 0) INV!slice!1_2_n) #b1))
                (= ((_ extract 0 0) INV!slice!1_16_n) #b0)))
      (a!5 (not (ite a!2 a!4 (= ((_ extract 2 2) INV!slice!1_16_n) #b0))))
      (a!7 (not (ite a!2 a!6 (= ((_ extract 1 1) INV!slice!1_16_n) #b0)))))
(let ((a!8 (or (and a!1
                    (not (= INV!slice!1_11_n #x5))
                    (not (= INV!slice!1_11_n #x4)))
               (not a!3)
               a!5
               a!7)))
  (ite a!8
       (= ((_ extract 2 2) INV!slice!1_5_n) #b0)
       (ite a!2
            (= ((_ extract 2 2) INV!slice!1_0_n) #b0)
            (= ((_ extract 2 2) INV!slice!1_9_n) #b0))))))
4: (let ((a!1 (or (not (= INV!slice!1_11_n #x1))
               (and (not (= INV!slice!1_18_n #b0))
                    (not (= INV!slice!1_17_n #b1)))))
      (a!2 (or (and (or (= INV!slice!1_17_n #b1) (= INV!slice!1_18_n #b0))
                    (= INV!slice!1_11_n #x1))
               (= INV!slice!1_11_n #x5)
               (= INV!slice!1_11_n #x4)))
      (a!4 (ite (= INV!slice!1_2_n #b101)
                (= ((_ extract 2 2) INV!slice!1_2_n) #b0)
                (= ((_ extract 2 2) (bvadd #b001 INV!slice!1_2_n)) #b0)))
      (a!6 (ite (= INV!slice!1_2_n #b101)
                (= ((_ extract 1 1) INV!slice!1_2_n) #b0)
                (= ((_ extract 1 1) (bvadd #b001 INV!slice!1_2_n)) #b0))))
(let ((a!3 (ite a!2
                (ite (= INV!slice!1_2_n #b101)
                     (= ((_ extract 0 0) INV!slice!1_2_n) #b0)
                     (= ((_ extract 0 0) INV!slice!1_2_n) #b1))
                (= ((_ extract 0 0) INV!slice!1_16_n) #b0)))
      (a!5 (not (ite a!2 a!4 (= ((_ extract 2 2) INV!slice!1_16_n) #b0))))
      (a!7 (not (ite a!2 a!6 (= ((_ extract 1 1) INV!slice!1_16_n) #b0)))))
(let ((a!8 (or (and a!1
                    (not (= INV!slice!1_11_n #x5))
                    (not (= INV!slice!1_11_n #x4)))
               (not a!3)
               a!5
               a!7)))
  (ite a!8
       (= ((_ extract 3 3) INV!slice!1_5_n) #b0)
       (ite a!2
            (= ((_ extract 3 3) INV!slice!1_0_n) #b0)
            (= ((_ extract 3 3) INV!slice!1_9_n) #b0))))))
5: (let ((a!1 (or (not (= INV!slice!1_11_n #x1))
               (and (not (= INV!slice!1_18_n #b0))
                    (not (= INV!slice!1_17_n #b1)))))
      (a!2 (or (and (or (= INV!slice!1_17_n #b1) (= INV!slice!1_18_n #b0))
                    (= INV!slice!1_11_n #x1))
               (= INV!slice!1_11_n #x5)
               (= INV!slice!1_11_n #x4)))
      (a!4 (ite (= INV!slice!1_2_n #b101)
                (= ((_ extract 2 2) INV!slice!1_2_n) #b0)
                (= ((_ extract 2 2) (bvadd #b001 INV!slice!1_2_n)) #b0)))
      (a!6 (ite (= INV!slice!1_2_n #b101)
                (= ((_ extract 1 1) INV!slice!1_2_n) #b0)
                (= ((_ extract 1 1) (bvadd #b001 INV!slice!1_2_n)) #b0))))
(let ((a!3 (ite a!2
                (ite (= INV!slice!1_2_n #b101)
                     (= ((_ extract 0 0) INV!slice!1_2_n) #b0)
                     (= ((_ extract 0 0) INV!slice!1_2_n) #b1))
                (= ((_ extract 0 0) INV!slice!1_16_n) #b0)))
      (a!5 (not (ite a!2 a!4 (= ((_ extract 2 2) INV!slice!1_16_n) #b0))))
      (a!7 (not (ite a!2 a!6 (= ((_ extract 1 1) INV!slice!1_16_n) #b0)))))
(let ((a!8 (or (and a!1
                    (not (= INV!slice!1_11_n #x5))
                    (not (= INV!slice!1_11_n #x4)))
               (not a!3)
               a!5
               a!7)))
  (ite a!8
       (= ((_ extract 4 4) INV!slice!1_5_n) #b0)
       (ite a!2
            (= ((_ extract 4 4) INV!slice!1_0_n) #b0)
            (= ((_ extract 4 4) INV!slice!1_9_n) #b0))))))
6: (let ((a!1 (or (not (= INV!slice!1_11_n #x1))
               (and (not (= INV!slice!1_18_n #b0))
                    (not (= INV!slice!1_17_n #b1)))))
      (a!2 (or (and (or (= INV!slice!1_17_n #b1) (= INV!slice!1_18_n #b0))
                    (= INV!slice!1_11_n #x1))
               (= INV!slice!1_11_n #x5)
               (= INV!slice!1_11_n #x4)))
      (a!4 (ite (= INV!slice!1_2_n #b101)
                (= ((_ extract 2 2) INV!slice!1_2_n) #b0)
                (= ((_ extract 2 2) (bvadd #b001 INV!slice!1_2_n)) #b0)))
      (a!6 (ite (= INV!slice!1_2_n #b101)
                (= ((_ extract 1 1) INV!slice!1_2_n) #b0)
                (= ((_ extract 1 1) (bvadd #b001 INV!slice!1_2_n)) #b0))))
(let ((a!3 (ite a!2
                (ite (= INV!slice!1_2_n #b101)
                     (= ((_ extract 0 0) INV!slice!1_2_n) #b0)
                     (= ((_ extract 0 0) INV!slice!1_2_n) #b1))
                (= ((_ extract 0 0) INV!slice!1_16_n) #b0)))
      (a!5 (not (ite a!2 a!4 (= ((_ extract 2 2) INV!slice!1_16_n) #b0))))
      (a!7 (not (ite a!2 a!6 (= ((_ extract 1 1) INV!slice!1_16_n) #b0)))))
(let ((a!8 (or (and a!1
                    (not (= INV!slice!1_11_n #x5))
                    (not (= INV!slice!1_11_n #x4)))
               (not a!3)
               a!5
               a!7)))
  (ite a!8
       (= ((_ extract 5 5) INV!slice!1_5_n) #b0)
       (ite a!2
            (= ((_ extract 5 5) INV!slice!1_0_n) #b0)
            (= ((_ extract 5 5) INV!slice!1_9_n) #b0))))))
7: (let ((a!1 (or (not (= INV!slice!1_11_n #x1))
               (and (not (= INV!slice!1_18_n #b0))
                    (not (= INV!slice!1_17_n #b1)))))
      (a!2 (or (and (or (= INV!slice!1_17_n #b1) (= INV!slice!1_18_n #b0))
                    (= INV!slice!1_11_n #x1))
               (= INV!slice!1_11_n #x5)
               (= INV!slice!1_11_n #x4)))
      (a!4 (ite (= INV!slice!1_2_n #b101)
                (= ((_ extract 2 2) INV!slice!1_2_n) #b0)
                (= ((_ extract 2 2) (bvadd #b001 INV!slice!1_2_n)) #b0)))
      (a!6 (ite (= INV!slice!1_2_n #b101)
                (= ((_ extract 1 1) INV!slice!1_2_n) #b0)
                (= ((_ extract 1 1) (bvadd #b001 INV!slice!1_2_n)) #b0))))
(let ((a!3 (ite a!2
                (ite (= INV!slice!1_2_n #b101)
                     (= ((_ extract 0 0) INV!slice!1_2_n) #b0)
                     (= ((_ extract 0 0) INV!slice!1_2_n) #b1))
                (= ((_ extract 0 0) INV!slice!1_16_n) #b0)))
      (a!5 (not (ite a!2 a!4 (= ((_ extract 2 2) INV!slice!1_16_n) #b0))))
      (a!7 (not (ite a!2 a!6 (= ((_ extract 1 1) INV!slice!1_16_n) #b0)))))
(let ((a!8 (or (and a!1
                    (not (= INV!slice!1_11_n #x5))
                    (not (= INV!slice!1_11_n #x4)))
               (not a!3)
               a!5
               a!7)))
  (ite a!8
       (= ((_ extract 6 6) INV!slice!1_5_n) #b0)
       (ite a!2
            (= ((_ extract 6 6) INV!slice!1_0_n) #b0)
            (= ((_ extract 6 6) INV!slice!1_9_n) #b0))))))
8: (let ((a!1 (or (not (= INV!slice!1_11_n #x1))
               (and (not (= INV!slice!1_18_n #b0))
                    (not (= INV!slice!1_17_n #b1)))))
      (a!2 (or (and (or (= INV!slice!1_17_n #b1) (= INV!slice!1_18_n #b0))
                    (= INV!slice!1_11_n #x1))
               (= INV!slice!1_11_n #x5)
               (= INV!slice!1_11_n #x4)))
      (a!4 (ite (= INV!slice!1_2_n #b101)
                (= ((_ extract 2 2) INV!slice!1_2_n) #b0)
                (= ((_ extract 2 2) (bvadd #b001 INV!slice!1_2_n)) #b0)))
      (a!6 (ite (= INV!slice!1_2_n #b101)
                (= ((_ extract 1 1) INV!slice!1_2_n) #b0)
                (= ((_ extract 1 1) (bvadd #b001 INV!slice!1_2_n)) #b0))))
(let ((a!3 (ite a!2
                (ite (= INV!slice!1_2_n #b101)
                     (= ((_ extract 0 0) INV!slice!1_2_n) #b0)
                     (= ((_ extract 0 0) INV!slice!1_2_n) #b1))
                (= ((_ extract 0 0) INV!slice!1_16_n) #b0)))
      (a!5 (not (ite a!2 a!4 (= ((_ extract 2 2) INV!slice!1_16_n) #b0))))
      (a!7 (not (ite a!2 a!6 (= ((_ extract 1 1) INV!slice!1_16_n) #b0)))))
(let ((a!8 (or (and a!1
                    (not (= INV!slice!1_11_n #x5))
                    (not (= INV!slice!1_11_n #x4)))
               (not a!3)
               a!5
               a!7)))
  (ite a!8
       (= ((_ extract 7 7) INV!slice!1_5_n) #b0)
       (ite a!2
            (= ((_ extract 7 7) INV!slice!1_0_n) #b0)
            (= ((_ extract 7 7) INV!slice!1_9_n) #b0))))))
9: (let ((a!1 (or (not (= INV!slice!1_11_n #x1))
               (and (not (= INV!slice!1_18_n #b0))
                    (not (= INV!slice!1_17_n #b1)))))
      (a!2 (or (and (or (= INV!slice!1_17_n #b1) (= INV!slice!1_18_n #b0))
                    (= INV!slice!1_11_n #x1))
               (= INV!slice!1_11_n #x5)
               (= INV!slice!1_11_n #x4)))
      (a!4 (ite (= INV!slice!1_2_n #b101)
                (= ((_ extract 2 2) INV!slice!1_2_n) #b0)
                (= ((_ extract 2 2) (bvadd #b001 INV!slice!1_2_n)) #b0)))
      (a!6 (ite (= INV!slice!1_2_n #b101)
                (= ((_ extract 1 1) INV!slice!1_2_n) #b0)
                (= ((_ extract 1 1) (bvadd #b001 INV!slice!1_2_n)) #b0))))
(let ((a!3 (ite a!2
                (ite (= INV!slice!1_2_n #b101)
                     (= ((_ extract 0 0) INV!slice!1_2_n) #b0)
                     (= ((_ extract 0 0) INV!slice!1_2_n) #b1))
                (= ((_ extract 0 0) INV!slice!1_16_n) #b0)))
      (a!5 (not (ite a!2 a!4 (= ((_ extract 2 2) INV!slice!1_16_n) #b0))))
      (a!7 (not (ite a!2 a!6 (= ((_ extract 1 1) INV!slice!1_16_n) #b0)))))
(let ((a!8 (or (and a!1
                    (not (= INV!slice!1_11_n #x5))
                    (not (= INV!slice!1_11_n #x4)))
               (not a!3)
               a!5
               a!7)))
  (ite a!8
       (= ((_ extract 8 8) INV!slice!1_5_n) #b0)
       (ite a!2
            (= ((_ extract 8 8) INV!slice!1_0_n) #b0)
            (= ((_ extract 8 8) INV!slice!1_9_n) #b0))))))
10: (let ((a!1 (or (not (= INV!slice!1_11_n #x1))
               (and (not (= INV!slice!1_18_n #b0))
                    (not (= INV!slice!1_17_n #b1)))))
      (a!2 (or (and (or (= INV!slice!1_17_n #b1) (= INV!slice!1_18_n #b0))
                    (= INV!slice!1_11_n #x1))
               (= INV!slice!1_11_n #x5)
               (= INV!slice!1_11_n #x4)))
      (a!4 (ite (= INV!slice!1_2_n #b101)
                (= ((_ extract 2 2) INV!slice!1_2_n) #b0)
                (= ((_ extract 2 2) (bvadd #b001 INV!slice!1_2_n)) #b0)))
      (a!6 (ite (= INV!slice!1_2_n #b101)
                (= ((_ extract 1 1) INV!slice!1_2_n) #b0)
                (= ((_ extract 1 1) (bvadd #b001 INV!slice!1_2_n)) #b0))))
(let ((a!3 (ite a!2
                (ite (= INV!slice!1_2_n #b101)
                     (= ((_ extract 0 0) INV!slice!1_2_n) #b0)
                     (= ((_ extract 0 0) INV!slice!1_2_n) #b1))
                (= ((_ extract 0 0) INV!slice!1_16_n) #b0)))
      (a!5 (not (ite a!2 a!4 (= ((_ extract 2 2) INV!slice!1_16_n) #b0))))
      (a!7 (not (ite a!2 a!6 (= ((_ extract 1 1) INV!slice!1_16_n) #b0)))))
(let ((a!8 (or (and a!1
                    (not (= INV!slice!1_11_n #x5))
                    (not (= INV!slice!1_11_n #x4)))
               (not a!3)
               a!5
               a!7)))
  (ite a!8
       (= ((_ extract 9 9) INV!slice!1_5_n) #b0)
       (ite a!2
            (= ((_ extract 9 9) INV!slice!1_0_n) #b0)
            (= ((_ extract 9 9) INV!slice!1_9_n) #b0))))))
11: (let ((a!1 (or (not (= INV!slice!1_11_n #x1))
               (and (not (= INV!slice!1_18_n #b0))
                    (not (= INV!slice!1_17_n #b1)))))
      (a!2 (or (and (or (= INV!slice!1_17_n #b1) (= INV!slice!1_18_n #b0))
                    (= INV!slice!1_11_n #x1))
               (= INV!slice!1_11_n #x5)
               (= INV!slice!1_11_n #x4)))
      (a!4 (ite (= INV!slice!1_2_n #b101)
                (= ((_ extract 2 2) INV!slice!1_2_n) #b0)
                (= ((_ extract 2 2) (bvadd #b001 INV!slice!1_2_n)) #b0)))
      (a!6 (ite (= INV!slice!1_2_n #b101)
                (= ((_ extract 1 1) INV!slice!1_2_n) #b0)
                (= ((_ extract 1 1) (bvadd #b001 INV!slice!1_2_n)) #b0))))
(let ((a!3 (ite a!2
                (ite (= INV!slice!1_2_n #b101)
                     (= ((_ extract 0 0) INV!slice!1_2_n) #b0)
                     (= ((_ extract 0 0) INV!slice!1_2_n) #b1))
                (= ((_ extract 0 0) INV!slice!1_16_n) #b0)))
      (a!5 (not (ite a!2 a!4 (= ((_ extract 2 2) INV!slice!1_16_n) #b0))))
      (a!7 (not (ite a!2 a!6 (= ((_ extract 1 1) INV!slice!1_16_n) #b0)))))
(let ((a!8 (or (and a!1
                    (not (= INV!slice!1_11_n #x5))
                    (not (= INV!slice!1_11_n #x4)))
               (not a!3)
               a!5
               a!7)))
  (ite a!8
       (= ((_ extract 10 10) INV!slice!1_5_n) #b0)
       (ite a!2
            (= ((_ extract 10 10) INV!slice!1_0_n) #b0)
            (= ((_ extract 10 10) INV!slice!1_9_n) #b0))))))
12: (let ((a!1 (or (not (= INV!slice!1_11_n #x1))
               (and (not (= INV!slice!1_18_n #b0))
                    (not (= INV!slice!1_17_n #b1)))))
      (a!2 (or (and (or (= INV!slice!1_17_n #b1) (= INV!slice!1_18_n #b0))
                    (= INV!slice!1_11_n #x1))
               (= INV!slice!1_11_n #x5)
               (= INV!slice!1_11_n #x4)))
      (a!4 (ite (= INV!slice!1_2_n #b101)
                (= ((_ extract 2 2) INV!slice!1_2_n) #b0)
                (= ((_ extract 2 2) (bvadd #b001 INV!slice!1_2_n)) #b0)))
      (a!6 (ite (= INV!slice!1_2_n #b101)
                (= ((_ extract 1 1) INV!slice!1_2_n) #b0)
                (= ((_ extract 1 1) (bvadd #b001 INV!slice!1_2_n)) #b0))))
(let ((a!3 (ite a!2
                (ite (= INV!slice!1_2_n #b101)
                     (= ((_ extract 0 0) INV!slice!1_2_n) #b0)
                     (= ((_ extract 0 0) INV!slice!1_2_n) #b1))
                (= ((_ extract 0 0) INV!slice!1_16_n) #b0)))
      (a!5 (not (ite a!2 a!4 (= ((_ extract 2 2) INV!slice!1_16_n) #b0))))
      (a!7 (not (ite a!2 a!6 (= ((_ extract 1 1) INV!slice!1_16_n) #b0)))))
(let ((a!8 (or (and a!1
                    (not (= INV!slice!1_11_n #x5))
                    (not (= INV!slice!1_11_n #x4)))
               (not a!3)
               a!5
               a!7)))
  (ite a!8
       (= ((_ extract 11 11) INV!slice!1_5_n) #b0)
       (ite a!2
            (= ((_ extract 11 11) INV!slice!1_0_n) #b0)
            (= ((_ extract 11 11) INV!slice!1_9_n) #b0))))))
13: (let ((a!1 (or (and (not (= INV!slice!1_18_n #b0))
                    (not (= INV!slice!1_17_n #b1)))
               (and (not (= INV!slice!1_11_n #xf))
                    (not (= INV!slice!1_11_n #xb))
                    (not (= INV!slice!1_11_n #xa))
                    (not (= INV!slice!1_11_n #xd)))))
      (a!2 (or (not (= INV!slice!1_1_n #x000))
               (and (not (= INV!slice!1_11_n #xf))
                    (not (= INV!slice!1_11_n #x8)))))
      (a!3 (or (not (= INV!slice!1_11_n #x1))
               (and (not (= INV!slice!1_18_n #b0))
                    (not (= INV!slice!1_17_n #b1)))))
      (a!7 (or (not (or (= INV!slice!1_17_n #b1) (= INV!slice!1_18_n #b0)))
               (not (or (= INV!slice!1_11_n #xb)
                        (= INV!slice!1_11_n #xa)
                        (= INV!slice!1_11_n #xf)
                        (= INV!slice!1_11_n #xd)))))
      (a!8 (or (not (= INV!slice!1_1_n #x000))
               (not (or (= INV!slice!1_11_n #xf) (= INV!slice!1_11_n #x8)))))
      (a!10 (or (not (= INV!slice!1_11_n #x1))
                (not (or (= INV!slice!1_17_n #b1) (= INV!slice!1_18_n #b0))))))
(let ((a!4 (or (= INV!slice!1_2_n #b101)
               (and a!3
                    (not (= INV!slice!1_11_n #x5))
                    (not (= INV!slice!1_11_n #x4)))))
      (a!9 (or (= INV!slice!1_2_n #b000) (not (or (not a!7) (not a!8)))))
      (a!11 (or (not (or (not a!10)
                         (= INV!slice!1_11_n #x5)
                         (= INV!slice!1_11_n #x4)))
                (= INV!slice!1_2_n #b101))))
(let ((a!5 (ite a!4
                (and (not (= INV!slice!1_11_n #x0))
                     (= ((_ extract 0 0) INV!slice!1_2_n) #b1))
                (= ((_ extract 0 0) INV!slice!1_2_n) #b0)))
      (a!12 (ite a!9
                 (ite a!11
                      (ite (= INV!slice!1_11_n #x0) #b000 INV!slice!1_2_n)
                      (bvadd #b001 INV!slice!1_2_n))
                 (bvadd #b111 INV!slice!1_2_n))))
(let ((a!6 (not (ite (or (= INV!slice!1_2_n #b000) (and a!1 a!2))
                     a!5
                     (= ((_ extract 0 0) INV!slice!1_2_n) #b0))))
      (a!13 (not (= ((_ extract 2 2) (bvadd #b001 a!12)) #b0)))
      (a!14 (not (= ((_ extract 1 1) (bvadd #b001 a!12)) #b0))))
  (or a!6 a!13 a!14)))))
14: (let ((a!1 (not (= ((_ extract 2 2) (bvadd #b010 INV!slice!1_2_n)) #b0))))
  (or (not ((_ bit2bool 1) INV!slice!1_2_n)) a!1))
ASSERTION VIOLATION
File: ../src/muz/spacer/spacer_context.cpp
Line: 2204
Failed to verify: found

Z3 4.8.9.0
Please file an issue with this message and more detail about how you encountered it at https://github.com/Z3Prover/z3/issues/new
