sat
b0 
#0
@0
0 00000000 DataOut_i@0
1 0 TxValid_i@0
2 0 clk@0
3 0 phy_tx_mode@0
4 1 rst@0
5 0 rxd@0
6 1 rxdn@0
7 0 rxdp@0
8 00000000 input8@0
9 0 input9@0
10 0 input10@0
11 0 input11@0
12 0 input12@0
13 0 input13@0
14 0 input14@0
15 0 input15@0
16 0 input16@0
17 0 input17@0
18 0 input18@0
19 000 input19@0
20 000 input20@0
21 000 input21@0
22 00 input22@0
23 00 input23@0
24 00 input24@0
25 00 input25@0
26 00 input26@0
27 00 input27@0
28 00 input28@0
29 00 input29@0
30 00 input30@0
31 000 input31@0
32 000 input32@0
33 000 input33@0
34 000 input34@0
35 000 input35@0
36 000 input36@0
37 0 input37@0
38 000 input38@0
39 000 input39@0
40 000 input40@0
41 000 input41@0
42 000 input42@0
43 000 input43@0
44 000 input44@0
45 000 input45@0
46 000 input46@0
47 000 input47@0
48 000 input48@0
49 000 input49@0
50 000 input50@0
51 000 input51@0
52 000 input52@0
53 000 input53@0
54 000 input54@0
55 000 input55@0
56 000 input56@0
57 000 input57@0
58 000 input58@0
59 000 input59@0
60 000 input60@0
61 000 input61@0
62 000 input62@0
63 000 input63@0
64 000 input64@0
65 000 input65@0
66 0 input66@0
67 0 input67@0
68 0 input68@0
69 0 input69@0
70 0 input70@0
71 0 input71@0
72 0 input72@0
73 0 input73@0
74 0 input74@0
75 0 input75@0
76 0 input76@0
77 0 input77@0
78 0 input78@0
79 0 input79@0
80 0 input80@0
81 0 input81@0
82 0 input82@0
83 000 input83@0
84 000 input84@0
85 000 input85@0
86 0 input86@0
87 0 input87@0
88 0 input88@0
89 000 input89@0
90 000 input90@0
91 000 input91@0
92 000 input92@0
93 000 input93@0
94 000 input94@0
95 00000000 input95@0
96 0 input96@0
97 0 input97@0
98 0 input98@0
99 0 input99@0
100 0 input100@0
101 0 input101@0
102 0 input102@0
103 0 input103@0
104 0 input104@0
105 0 input105@0
106 0 input106@0
107 0 input107@0
108 000 input108@0
109 000 input109@0
110 000 input110@0
111 000 input111@0
112 000 input112@0
113 000 input113@0
114 000 input114@0
115 000 input115@0
116 000 input116@0
117 000 input117@0
118 000 input118@0
119 000 input119@0
120 000 input120@0
121 0 input121@0
122 0 input122@0
123 0 input123@0
124 0 input124@0
125 0 input125@0
126 0 input126@0
127 0 input127@0
128 00000 input128@0
129 00000 input129@0
130 00000 input130@0
@1
0 00000000 DataOut_i@1
1 0 TxValid_i@1
2 0 clk@1
3 0 phy_tx_mode@1
4 0 rst@1
5 0 rxd@1
6 1 rxdn@1
7 1 rxdp@1
8 00000000 input8@1
9 0 input9@1
10 0 input10@1
11 0 input11@1
12 0 input12@1
13 0 input13@1
14 0 input14@1
15 0 input15@1
16 0 input16@1
17 0 input17@1
18 0 input18@1
19 000 input19@1
20 000 input20@1
21 000 input21@1
22 00 input22@1
23 00 input23@1
24 10 input24@1
25 10 input25@1
26 00 input26@1
27 10 input27@1
28 00 input28@1
29 00 input29@1
30 00 input30@1
31 000 input31@1
32 000 input32@1
33 000 input33@1
34 000 input34@1
35 000 input35@1
36 000 input36@1
37 1 input37@1
38 000 input38@1
39 000 input39@1
40 000 input40@1
41 000 input41@1
42 000 input42@1
43 000 input43@1
44 000 input44@1
45 000 input45@1
46 000 input46@1
47 000 input47@1
48 000 input48@1
49 000 input49@1
50 000 input50@1
51 000 input51@1
52 000 input52@1
53 000 input53@1
54 000 input54@1
55 000 input55@1
56 000 input56@1
57 000 input57@1
58 000 input58@1
59 000 input59@1
60 000 input60@1
61 000 input61@1
62 000 input62@1
63 000 input63@1
64 000 input64@1
65 000 input65@1
66 0 input66@1
67 0 input67@1
68 0 input68@1
69 0 input69@1
70 0 input70@1
71 0 input71@1
72 0 input72@1
73 0 input73@1
74 0 input74@1
75 0 input75@1
76 0 input76@1
77 0 input77@1
78 0 input78@1
79 0 input79@1
80 0 input80@1
81 0 input81@1
82 0 input82@1
83 000 input83@1
84 000 input84@1
85 000 input85@1
86 1 input86@1
87 0 input87@1
88 0 input88@1
89 000 input89@1
90 000 input90@1
91 000 input91@1
92 000 input92@1
93 000 input93@1
94 000 input94@1
95 00000000 input95@1
96 0 input96@1
97 0 input97@1
98 0 input98@1
99 0 input99@1
100 1 input100@1
101 0 input101@1
102 0 input102@1
103 0 input103@1
104 0 input104@1
105 0 input105@1
106 1 input106@1
107 0 input107@1
108 110 input108@1
109 000 input109@1
110 001 input110@1
111 111 input111@1
112 000 input112@1
113 000 input113@1
114 000 input114@1
115 000 input115@1
116 000 input116@1
117 000 input117@1
118 000 input118@1
119 000 input119@1
120 000 input120@1
121 1 input121@1
122 0 input122@1
123 0 input123@1
124 0 input124@1
125 0 input125@1
126 0 input126@1
127 0 input127@1
128 00000 input128@1
129 00000 input129@1
130 00000 input130@1
@2
0 00000000 DataOut_i@2
1 0 TxValid_i@2
2 0 clk@2
3 0 phy_tx_mode@2
4 0 rst@2
5 0 rxd@2
6 1 rxdn@2
7 0 rxdp@2
8 00000000 input8@2
9 0 input9@2
10 0 input10@2
11 0 input11@2
12 0 input12@2
13 0 input13@2
14 0 input14@2
15 0 input15@2
16 0 input16@2
17 0 input17@2
18 0 input18@2
19 000 input19@2
20 000 input20@2
21 000 input21@2
22 10 input22@2
23 11 input23@2
24 00 input24@2
25 11 input25@2
26 11 input26@2
27 10 input27@2
28 00 input28@2
29 11 input29@2
30 00 input30@2
31 000 input31@2
32 000 input32@2
33 000 input33@2
34 000 input34@2
35 000 input35@2
36 000 input36@2
37 1 input37@2
38 000 input38@2
39 000 input39@2
40 000 input40@2
41 000 input41@2
42 000 input42@2
43 000 input43@2
44 000 input44@2
45 000 input45@2
46 000 input46@2
47 000 input47@2
48 000 input48@2
49 000 input49@2
50 000 input50@2
51 000 input51@2
52 000 input52@2
53 000 input53@2
54 000 input54@2
55 000 input55@2
56 000 input56@2
57 000 input57@2
58 000 input58@2
59 000 input59@2
60 000 input60@2
61 000 input61@2
62 000 input62@2
63 000 input63@2
64 000 input64@2
65 000 input65@2
66 0 input66@2
67 0 input67@2
68 0 input68@2
69 0 input69@2
70 0 input70@2
71 0 input71@2
72 0 input72@2
73 0 input73@2
74 0 input74@2
75 0 input75@2
76 0 input76@2
77 0 input77@2
78 0 input78@2
79 0 input79@2
80 0 input80@2
81 0 input81@2
82 0 input82@2
83 000 input83@2
84 000 input84@2
85 000 input85@2
86 0 input86@2
87 0 input87@2
88 0 input88@2
89 000 input89@2
90 000 input90@2
91 000 input91@2
92 000 input92@2
93 000 input93@2
94 000 input94@2
95 00000000 input95@2
96 0 input96@2
97 0 input97@2
98 0 input98@2
99 0 input99@2
100 1 input100@2
101 0 input101@2
102 0 input102@2
103 1 input103@2
104 0 input104@2
105 0 input105@2
106 1 input106@2
107 0 input107@2
108 000 input108@2
109 000 input109@2
110 010 input110@2
111 111 input111@2
112 000 input112@2
113 111 input113@2
114 111 input114@2
115 111 input115@2
116 110 input116@2
117 111 input117@2
118 111 input118@2
119 111 input119@2
120 000 input120@2
121 0 input121@2
122 0 input122@2
123 0 input123@2
124 0 input124@2
125 0 input125@2
126 0 input126@2
127 0 input127@2
128 00000 input128@2
129 11111 input129@2
130 00000 input130@2
@3
0 00000000 DataOut_i@3
1 0 TxValid_i@3
2 0 clk@3
3 0 phy_tx_mode@3
4 1 rst@3
5 0 rxd@3
6 0 rxdn@3
7 1 rxdp@3
8 00000000 input8@3
9 0 input9@3
10 0 input10@3
11 0 input11@3
12 0 input12@3
13 0 input13@3
14 0 input14@3
15 0 input15@3
16 0 input16@3
17 0 input17@3
18 0 input18@3
19 000 input19@3
20 000 input20@3
21 000 input21@3
22 11 input22@3
23 10 input23@3
24 10 input24@3
25 10 input25@3
26 01 input26@3
27 00 input27@3
28 11 input28@3
29 00 input29@3
30 00 input30@3
31 000 input31@3
32 000 input32@3
33 000 input33@3
34 000 input34@3
35 000 input35@3
36 000 input36@3
37 0 input37@3
38 000 input38@3
39 000 input39@3
40 000 input40@3
41 000 input41@3
42 000 input42@3
43 000 input43@3
44 000 input44@3
45 000 input45@3
46 000 input46@3
47 000 input47@3
48 000 input48@3
49 000 input49@3
50 000 input50@3
51 000 input51@3
52 000 input52@3
53 000 input53@3
54 000 input54@3
55 000 input55@3
56 000 input56@3
57 000 input57@3
58 000 input58@3
59 000 input59@3
60 000 input60@3
61 000 input61@3
62 000 input62@3
63 000 input63@3
64 000 input64@3
65 000 input65@3
66 0 input66@3
67 0 input67@3
68 0 input68@3
69 0 input69@3
70 0 input70@3
71 0 input71@3
72 0 input72@3
73 0 input73@3
74 0 input74@3
75 0 input75@3
76 0 input76@3
77 0 input77@3
78 0 input78@3
79 0 input79@3
80 0 input80@3
81 0 input81@3
82 0 input82@3
83 000 input83@3
84 000 input84@3
85 000 input85@3
86 0 input86@3
87 0 input87@3
88 0 input88@3
89 000 input89@3
90 000 input90@3
91 000 input91@3
92 000 input92@3
93 000 input93@3
94 000 input94@3
95 00000000 input95@3
96 0 input96@3
97 1 input97@3
98 0 input98@3
99 0 input99@3
100 1 input100@3
101 0 input101@3
102 0 input102@3
103 0 input103@3
104 0 input104@3
105 0 input105@3
106 0 input106@3
107 0 input107@3
108 000 input108@3
109 000 input109@3
110 111 input110@3
111 000 input111@3
112 111 input112@3
113 000 input113@3
114 111 input114@3
115 000 input115@3
116 111 input116@3
117 000 input117@3
118 111 input118@3
119 000 input119@3
120 000 input120@3
121 0 input121@3
122 0 input122@3
123 0 input123@3
124 0 input124@3
125 0 input125@3
126 0 input126@3
127 0 input127@3
128 11111 input128@3
129 00000 input129@3
130 00000 input130@3
@4
0 00000000 DataOut_i@4
1 0 TxValid_i@4
2 0 clk@4
3 0 phy_tx_mode@4
4 0 rst@4
5 0 rxd@4
6 1 rxdn@4
7 0 rxdp@4
8 00000000 input8@4
9 0 input9@4
10 0 input10@4
11 0 input11@4
12 0 input12@4
13 0 input13@4
14 0 input14@4
15 0 input15@4
16 0 input16@4
17 0 input17@4
18 0 input18@4
19 000 input19@4
20 000 input20@4
21 000 input21@4
22 01 input22@4
23 11 input23@4
24 11 input24@4
25 11 input25@4
26 11 input26@4
27 11 input27@4
28 11 input28@4
29 11 input29@4
30 00 input30@4
31 000 input31@4
32 000 input32@4
33 000 input33@4
34 000 input34@4
35 000 input35@4
36 000 input36@4
37 0 input37@4
38 000 input38@4
39 000 input39@4
40 000 input40@4
41 000 input41@4
42 000 input42@4
43 000 input43@4
44 000 input44@4
45 000 input45@4
46 000 input46@4
47 000 input47@4
48 000 input48@4
49 000 input49@4
50 000 input50@4
51 000 input51@4
52 000 input52@4
53 000 input53@4
54 000 input54@4
55 000 input55@4
56 000 input56@4
57 000 input57@4
58 000 input58@4
59 000 input59@4
60 000 input60@4
61 000 input61@4
62 000 input62@4
63 000 input63@4
64 000 input64@4
65 000 input65@4
66 0 input66@4
67 0 input67@4
68 0 input68@4
69 0 input69@4
70 0 input70@4
71 0 input71@4
72 0 input72@4
73 0 input73@4
74 0 input74@4
75 0 input75@4
76 0 input76@4
77 0 input77@4
78 1 input78@4
79 1 input79@4
80 0 input80@4
81 0 input81@4
82 0 input82@4
83 000 input83@4
84 000 input84@4
85 000 input85@4
86 0 input86@4
87 0 input87@4
88 0 input88@4
89 000 input89@4
90 000 input90@4
91 000 input91@4
92 000 input92@4
93 000 input93@4
94 000 input94@4
95 00000000 input95@4
96 0 input96@4
97 0 input97@4
98 0 input98@4
99 0 input99@4
100 1 input100@4
101 0 input101@4
102 0 input102@4
103 1 input103@4
104 0 input104@4
105 0 input105@4
106 1 input106@4
107 0 input107@4
108 000 input108@4
109 000 input109@4
110 111 input110@4
111 111 input111@4
112 111 input112@4
113 111 input113@4
114 110 input114@4
115 111 input115@4
116 111 input116@4
117 111 input117@4
118 110 input118@4
119 111 input119@4
120 000 input120@4
121 0 input121@4
122 0 input122@4
123 0 input123@4
124 0 input124@4
125 0 input125@4
126 0 input126@4
127 0 input127@4
128 11111 input128@4
129 11111 input129@4
130 00000 input130@4
@5
0 00000000 DataOut_i@5
1 0 TxValid_i@5
2 0 clk@5
3 0 phy_tx_mode@5
4 1 rst@5
5 0 rxd@5
6 0 rxdn@5
7 1 rxdp@5
8 00000000 input8@5
9 0 input9@5
10 0 input10@5
11 0 input11@5
12 0 input12@5
13 0 input13@5
14 0 input14@5
15 0 input15@5
16 0 input16@5
17 0 input17@5
18 0 input18@5
19 000 input19@5
20 000 input20@5
21 000 input21@5
22 11 input22@5
23 00 input23@5
24 11 input24@5
25 01 input25@5
26 01 input26@5
27 00 input27@5
28 11 input28@5
29 00 input29@5
30 00 input30@5
31 000 input31@5
32 000 input32@5
33 000 input33@5
34 000 input34@5
35 000 input35@5
36 000 input36@5
37 0 input37@5
38 110 input38@5
39 110 input39@5
40 000 input40@5
41 000 input41@5
42 000 input42@5
43 000 input43@5
44 000 input44@5
45 000 input45@5
46 000 input46@5
47 000 input47@5
48 000 input48@5
49 000 input49@5
50 000 input50@5
51 000 input51@5
52 000 input52@5
53 000 input53@5
54 000 input54@5
55 000 input55@5
56 000 input56@5
57 000 input57@5
58 000 input58@5
59 000 input59@5
60 000 input60@5
61 000 input61@5
62 000 input62@5
63 000 input63@5
64 000 input64@5
65 000 input65@5
66 0 input66@5
67 0 input67@5
68 0 input68@5
69 0 input69@5
70 0 input70@5
71 1 input71@5
72 0 input72@5
73 0 input73@5
74 0 input74@5
75 0 input75@5
76 0 input76@5
77 0 input77@5
78 0 input78@5
79 0 input79@5
80 0 input80@5
81 0 input81@5
82 0 input82@5
83 000 input83@5
84 000 input84@5
85 000 input85@5
86 0 input86@5
87 0 input87@5
88 0 input88@5
89 000 input89@5
90 000 input90@5
91 000 input91@5
92 000 input92@5
93 000 input93@5
94 000 input94@5
95 00000000 input95@5
96 0 input96@5
97 0 input97@5
98 0 input98@5
99 0 input99@5
100 0 input100@5
101 0 input101@5
102 0 input102@5
103 0 input103@5
104 0 input104@5
105 0 input105@5
106 0 input106@5
107 0 input107@5
108 100 input108@5
109 000 input109@5
110 110 input110@5
111 000 input111@5
112 100 input112@5
113 000 input113@5
114 111 input114@5
115 000 input115@5
116 111 input116@5
117 000 input117@5
118 111 input118@5
119 000 input119@5
120 000 input120@5
121 0 input121@5
122 0 input122@5
123 0 input123@5
124 0 input124@5
125 0 input125@5
126 0 input126@5
127 0 input127@5
128 11111 input128@5
129 00000 input129@5
130 00000 input130@5
@6
0 00000000 DataOut_i@6
1 0 TxValid_i@6
2 0 clk@6
3 0 phy_tx_mode@6
4 1 rst@6
5 0 rxd@6
6 1 rxdn@6
7 0 rxdp@6
8 00000000 input8@6
9 0 input9@6
10 0 input10@6
11 0 input11@6
12 0 input12@6
13 0 input13@6
14 0 input14@6
15 0 input15@6
16 0 input16@6
17 0 input17@6
18 0 input18@6
19 000 input19@6
20 000 input20@6
21 000 input21@6
22 11 input22@6
23 00 input23@6
24 11 input24@6
25 10 input25@6
26 11 input26@6
27 01 input27@6
28 01 input28@6
29 00 input29@6
30 00 input30@6
31 000 input31@6
32 000 input32@6
33 000 input33@6
34 000 input34@6
35 000 input35@6
36 000 input36@6
37 0 input37@6
38 000 input38@6
39 010 input39@6
40 001 input40@6
41 000 input41@6
42 000 input42@6
43 111 input43@6
44 000 input44@6
45 000 input45@6
46 111 input46@6
47 000 input47@6
48 000 input48@6
49 111 input49@6
50 000 input50@6
51 000 input51@6
52 111 input52@6
53 000 input53@6
54 000 input54@6
55 111 input55@6
56 000 input56@6
57 111 input57@6
58 111 input58@6
59 000 input59@6
60 000 input60@6
61 000 input61@6
62 111 input62@6
63 000 input63@6
64 001 input64@6
65 000 input65@6
66 0 input66@6
67 0 input67@6
68 0 input68@6
69 0 input69@6
70 0 input70@6
71 0 input71@6
72 0 input72@6
73 1 input73@6
74 0 input74@6
75 0 input75@6
76 0 input76@6
77 0 input77@6
78 1 input78@6
79 0 input79@6
80 1 input80@6
81 1 input81@6
82 0 input82@6
83 001 input83@6
84 000 input84@6
85 000 input85@6
86 0 input86@6
87 0 input87@6
88 0 input88@6
89 111 input89@6
90 000 input90@6
91 000 input91@6
92 000 input92@6
93 000 input93@6
94 000 input94@6
95 00000000 input95@6
96 0 input96@6
97 0 input97@6
98 0 input98@6
99 0 input99@6
100 0 input100@6
101 0 input101@6
102 1 input102@6
103 1 input103@6
104 0 input104@6
105 0 input105@6
106 0 input106@6
107 1 input107@6
108 000 input108@6
109 000 input109@6
110 111 input110@6
111 000 input111@6
112 100 input112@6
113 000 input113@6
114 111 input114@6
115 000 input115@6
116 111 input116@6
117 000 input117@6
118 111 input118@6
119 000 input119@6
120 000 input120@6
121 0 input121@6
122 0 input122@6
123 0 input123@6
124 0 input124@6
125 0 input125@6
126 0 input126@6
127 0 input127@6
128 11111 input128@6
129 00000 input129@6
130 00000 input130@6
@7
0 00000000 DataOut_i@7
1 0 TxValid_i@7
2 0 clk@7
3 0 phy_tx_mode@7
4 1 rst@7
5 0 rxd@7
6 1 rxdn@7
7 0 rxdp@7
8 00000000 input8@7
9 0 input9@7
10 0 input10@7
11 0 input11@7
12 0 input12@7
13 0 input13@7
14 0 input14@7
15 0 input15@7
16 0 input16@7
17 0 input17@7
18 0 input18@7
19 111 input19@7
20 000 input20@7
21 000 input21@7
22 00 input22@7
23 00 input23@7
24 11 input24@7
25 00 input25@7
26 11 input26@7
27 00 input27@7
28 00 input28@7
29 00 input29@7
30 00 input30@7
31 111 input31@7
32 111 input32@7
33 000 input33@7
34 111 input34@7
35 000 input35@7
36 000 input36@7
37 0 input37@7
38 000 input38@7
39 000 input39@7
40 001 input40@7
41 000 input41@7
42 001 input42@7
43 000 input43@7
44 000 input44@7
45 000 input45@7
46 111 input46@7
47 000 input47@7
48 000 input48@7
49 111 input49@7
50 000 input50@7
51 000 input51@7
52 111 input52@7
53 000 input53@7
54 000 input54@7
55 111 input55@7
56 000 input56@7
57 111 input57@7
58 111 input58@7
59 000 input59@7
60 000 input60@7
61 000 input61@7
62 111 input62@7
63 000 input63@7
64 100 input64@7
65 000 input65@7
66 0 input66@7
67 0 input67@7
68 0 input68@7
69 0 input69@7
70 0 input70@7
71 0 input71@7
72 0 input72@7
73 1 input73@7
74 0 input74@7
75 0 input75@7
76 0 input76@7
77 0 input77@7
78 0 input78@7
79 0 input79@7
80 0 input80@7
81 0 input81@7
82 0 input82@7
83 010 input83@7
84 000 input84@7
85 000 input85@7
86 0 input86@7
87 0 input87@7
88 0 input88@7
89 111 input89@7
90 000 input90@7
91 000 input91@7
92 000 input92@7
93 000 input93@7
94 000 input94@7
95 00000000 input95@7
96 0 input96@7
97 1 input97@7
98 0 input98@7
99 0 input99@7
100 0 input100@7
101 0 input101@7
102 0 input102@7
103 0 input103@7
104 0 input104@7
105 0 input105@7
106 0 input106@7
107 1 input107@7
108 001 input108@7
109 000 input109@7
110 000 input110@7
111 000 input111@7
112 000 input112@7
113 000 input113@7
114 000 input114@7
115 000 input115@7
116 000 input116@7
117 000 input117@7
118 000 input118@7
119 000 input119@7
120 000 input120@7
121 0 input121@7
122 0 input122@7
123 0 input123@7
124 0 input124@7
125 0 input125@7
126 0 input126@7
127 0 input127@7
128 00011 input128@7
129 00000 input129@7
130 00000 input130@7
@8
0 00000000 DataOut_i@8
1 0 TxValid_i@8
2 0 clk@8
3 0 phy_tx_mode@8
4 1 rst@8
5 0 rxd@8
6 1 rxdn@8
7 0 rxdp@8
8 00000000 input8@8
9 0 input9@8
10 0 input10@8
11 0 input11@8
12 0 input12@8
13 0 input13@8
14 0 input14@8
15 0 input15@8
16 0 input16@8
17 0 input17@8
18 0 input18@8
19 111 input19@8
20 000 input20@8
21 000 input21@8
22 01 input22@8
23 00 input23@8
24 11 input24@8
25 00 input25@8
26 00 input26@8
27 00 input27@8
28 00 input28@8
29 00 input29@8
30 00 input30@8
31 000 input31@8
32 111 input32@8
33 000 input33@8
34 110 input34@8
35 000 input35@8
36 000 input36@8
37 0 input37@8
38 000 input38@8
39 001 input39@8
40 000 input40@8
41 000 input41@8
42 000 input42@8
43 010 input43@8
44 000 input44@8
45 010 input45@8
46 011 input46@8
47 000 input47@8
48 100 input48@8
49 111 input49@8
50 000 input50@8
51 100 input51@8
52 111 input52@8
53 000 input53@8
54 000 input54@8
55 111 input55@8
56 000 input56@8
57 111 input57@8
58 111 input58@8
59 000 input59@8
60 000 input60@8
61 000 input61@8
62 111 input62@8
63 100 input63@8
64 110 input64@8
65 000 input65@8
66 0 input66@8
67 0 input67@8
68 0 input68@8
69 0 input69@8
70 0 input70@8
71 0 input71@8
72 0 input72@8
73 1 input73@8
74 0 input74@8
75 0 input75@8
76 0 input76@8
77 0 input77@8
78 0 input78@8
79 0 input79@8
80 0 input80@8
81 0 input81@8
82 1 input82@8
83 001 input83@8
84 000 input84@8
85 000 input85@8
86 0 input86@8
87 0 input87@8
88 0 input88@8
89 111 input89@8
90 000 input90@8
91 000 input91@8
92 000 input92@8
93 000 input93@8
94 000 input94@8
95 00000000 input95@8
96 0 input96@8
97 1 input97@8
98 1 input98@8
99 0 input99@8
100 0 input100@8
101 0 input101@8
102 0 input102@8
103 0 input103@8
104 0 input104@8
105 0 input105@8
106 0 input106@8
107 0 input107@8
108 110 input108@8
109 000 input109@8
110 001 input110@8
111 000 input111@8
112 011 input112@8
113 000 input113@8
114 111 input114@8
115 000 input115@8
116 111 input116@8
117 000 input117@8
118 111 input118@8
119 000 input119@8
120 000 input120@8
121 0 input121@8
122 0 input122@8
123 0 input123@8
124 0 input124@8
125 0 input125@8
126 0 input126@8
127 0 input127@8
128 00001 input128@8
129 00000 input129@8
130 00000 input130@8
@9
0 00000000 DataOut_i@9
1 1 TxValid_i@9
2 0 clk@9
3 0 phy_tx_mode@9
4 1 rst@9
5 0 rxd@9
6 1 rxdn@9
7 0 rxdp@9
8 00000000 input8@9
9 0 input9@9
10 0 input10@9
11 0 input11@9
12 0 input12@9
13 0 input13@9
14 0 input14@9
15 0 input15@9
16 0 input16@9
17 0 input17@9
18 0 input18@9
19 111 input19@9
20 000 input20@9
21 000 input21@9
22 11 input22@9
23 10 input23@9
24 11 input24@9
25 10 input25@9
26 00 input26@9
27 01 input27@9
28 00 input28@9
29 00 input29@9
30 00 input30@9
31 111 input31@9
32 111 input32@9
33 000 input33@9
34 111 input34@9
35 000 input35@9
36 000 input36@9
37 0 input37@9
38 011 input38@9
39 111 input39@9
40 011 input40@9
41 000 input41@9
42 000 input42@9
43 011 input43@9
44 000 input44@9
45 001 input45@9
46 011 input46@9
47 000 input47@9
48 100 input48@9
49 100 input49@9
50 010 input50@9
51 000 input51@9
52 111 input52@9
53 000 input53@9
54 000 input54@9
55 101 input55@9
56 000 input56@9
57 111 input57@9
58 111 input58@9
59 000 input59@9
60 000 input60@9
61 000 input61@9
62 111 input62@9
63 000 input63@9
64 011 input64@9
65 000 input65@9
66 0 input66@9
67 0 input67@9
68 0 input68@9
69 0 input69@9
70 0 input70@9
71 0 input71@9
72 0 input72@9
73 1 input73@9
74 0 input74@9
75 0 input75@9
76 0 input76@9
77 0 input77@9
78 0 input78@9
79 0 input79@9
80 0 input80@9
81 0 input81@9
82 0 input82@9
83 001 input83@9
84 111 input84@9
85 000 input85@9
86 0 input86@9
87 0 input87@9
88 0 input88@9
89 000 input89@9
90 000 input90@9
91 000 input91@9
92 000 input92@9
93 000 input93@9
94 000 input94@9
95 00000000 input95@9
96 0 input96@9
97 0 input97@9
98 0 input98@9
99 0 input99@9
100 0 input100@9
101 0 input101@9
102 0 input102@9
103 0 input103@9
104 0 input104@9
105 0 input105@9
106 0 input106@9
107 0 input107@9
108 110 input108@9
109 000 input109@9
110 000 input110@9
111 101 input111@9
112 111 input112@9
113 000 input113@9
114 111 input114@9
115 000 input115@9
116 111 input116@9
117 000 input117@9
118 111 input118@9
119 000 input119@9
120 000 input120@9
121 0 input121@9
122 0 input122@9
123 0 input123@9
124 0 input124@9
125 0 input125@9
126 0 input126@9
127 0 input127@9
128 11111 input128@9
129 00000 input129@9
130 00000 input130@9
@10
0 00000000 DataOut_i@10
1 1 TxValid_i@10
2 0 clk@10
3 0 phy_tx_mode@10
4 1 rst@10
5 0 rxd@10
6 1 rxdn@10
7 1 rxdp@10
8 00000000 input8@10
9 0 input9@10
10 0 input10@10
11 0 input11@10
12 0 input12@10
13 0 input13@10
14 0 input14@10
15 0 input15@10
16 0 input16@10
17 0 input17@10
18 0 input18@10
19 001 input19@10
20 000 input20@10
21 000 input21@10
22 00 input22@10
23 10 input23@10
24 11 input24@10
25 10 input25@10
26 00 input26@10
27 10 input27@10
28 00 input28@10
29 00 input29@10
30 00 input30@10
31 000 input31@10
32 000 input32@10
33 000 input33@10
34 000 input34@10
35 000 input35@10
36 000 input36@10
37 1 input37@10
38 111 input38@10
39 000 input39@10
40 100 input40@10
41 111 input41@10
42 010 input42@10
43 010 input43@10
44 000 input44@10
45 000 input45@10
46 100 input46@10
47 000 input47@10
48 100 input48@10
49 100 input49@10
50 000 input50@10
51 101 input51@10
52 101 input52@10
53 010 input53@10
54 110 input54@10
55 000 input55@10
56 100 input56@10
57 000 input57@10
58 110 input58@10
59 000 input59@10
60 000 input60@10
61 000 input61@10
62 111 input62@10
63 000 input63@10
64 111 input64@10
65 000 input65@10
66 0 input66@10
67 0 input67@10
68 0 input68@10
69 0 input69@10
70 0 input70@10
71 0 input71@10
72 0 input72@10
73 1 input73@10
74 0 input74@10
75 1 input75@10
76 0 input76@10
77 0 input77@10
78 0 input78@10
79 0 input79@10
80 0 input80@10
81 0 input81@10
82 0 input82@10
83 000 input83@10
84 100 input84@10
85 000 input85@10
86 0 input86@10
87 0 input87@10
88 0 input88@10
89 000 input89@10
90 000 input90@10
91 000 input91@10
92 000 input92@10
93 000 input93@10
94 000 input94@10
95 00000000 input95@10
96 0 input96@10
97 0 input97@10
98 0 input98@10
99 0 input99@10
100 0 input100@10
101 1 input101@10
102 0 input102@10
103 0 input103@10
104 1 input104@10
105 0 input105@10
106 0 input106@10
107 0 input107@10
108 001 input108@10
109 000 input109@10
110 000 input110@10
111 000 input111@10
112 111 input112@10
113 000 input113@10
114 111 input114@10
115 000 input115@10
116 111 input116@10
117 000 input117@10
118 110 input118@10
119 000 input119@10
120 000 input120@10
121 1 input121@10
122 0 input122@10
123 0 input123@10
124 0 input124@10
125 0 input125@10
126 0 input126@10
127 0 input127@10
128 11111 input128@10
129 00000 input129@10
130 00000 input130@10
@11
0 00000000 DataOut_i@11
1 0 TxValid_i@11
2 0 clk@11
3 0 phy_tx_mode@11
4 1 rst@11
5 0 rxd@11
6 1 rxdn@11
7 0 rxdp@11
8 00000000 input8@11
9 0 input9@11
10 0 input10@11
11 0 input11@11
12 0 input12@11
13 0 input13@11
14 0 input14@11
15 0 input15@11
16 0 input16@11
17 0 input17@11
18 0 input18@11
19 001 input19@11
20 010 input20@11
21 000 input21@11
22 10 input22@11
23 00 input23@11
24 11 input24@11
25 10 input25@11
26 00 input26@11
27 00 input27@11
28 00 input28@11
29 01 input29@11
30 00 input30@11
31 000 input31@11
32 000 input32@11
33 000 input33@11
34 000 input34@11
35 000 input35@11
36 000 input36@11
37 1 input37@11
38 111 input38@11
39 101 input39@11
40 001 input40@11
41 000 input41@11
42 100 input42@11
43 000 input43@11
44 100 input44@11
45 001 input45@11
46 011 input46@11
47 000 input47@11
48 101 input48@11
49 101 input49@11
50 000 input50@11
51 111 input51@11
52 101 input52@11
53 010 input53@11
54 111 input54@11
55 111 input55@11
56 111 input56@11
57 111 input57@11
58 111 input58@11
59 000 input59@11
60 000 input60@11
61 111 input61@11
62 111 input62@11
63 000 input63@11
64 100 input64@11
65 000 input65@11
66 0 input66@11
67 0 input67@11
68 0 input68@11
69 0 input69@11
70 0 input70@11
71 0 input71@11
72 0 input72@11
73 0 input73@11
74 0 input74@11
75 1 input75@11
76 0 input76@11
77 0 input77@11
78 0 input78@11
79 0 input79@11
80 0 input80@11
81 0 input81@11
82 0 input82@11
83 001 input83@11
84 000 input84@11
85 000 input85@11
86 0 input86@11
87 0 input87@11
88 0 input88@11
89 000 input89@11
90 001 input90@11
91 000 input91@11
92 000 input92@11
93 000 input93@11
94 000 input94@11
95 00000000 input95@11
96 0 input96@11
97 0 input97@11
98 0 input98@11
99 0 input99@11
100 0 input100@11
101 0 input101@11
102 0 input102@11
103 0 input103@11
104 0 input104@11
105 0 input105@11
106 0 input106@11
107 0 input107@11
108 000 input108@11
109 000 input109@11
110 000 input110@11
111 000 input111@11
112 011 input112@11
113 000 input113@11
114 111 input114@11
115 000 input115@11
116 111 input116@11
117 000 input117@11
118 111 input118@11
119 000 input119@11
120 000 input120@11
121 0 input121@11
122 0 input122@11
123 0 input123@11
124 0 input124@11
125 0 input125@11
126 0 input126@11
127 0 input127@11
128 00011 input128@11
129 00000 input129@11
130 00000 input130@11
@12
0 00000000 DataOut_i@12
1 0 TxValid_i@12
2 0 clk@12
3 0 phy_tx_mode@12
4 1 rst@12
5 0 rxd@12
6 1 rxdn@12
7 0 rxdp@12
8 00000000 input8@12
9 0 input9@12
10 0 input10@12
11 0 input11@12
12 0 input12@12
13 0 input13@12
14 0 input14@12
15 0 input15@12
16 0 input16@12
17 1 input17@12
18 0 input18@12
19 001 input19@12
20 000 input20@12
21 000 input21@12
22 10 input22@12
23 01 input23@12
24 10 input24@12
25 01 input25@12
26 10 input26@12
27 01 input27@12
28 11 input28@12
29 00 input29@12
30 00 input30@12
31 000 input31@12
32 000 input32@12
33 000 input33@12
34 000 input34@12
35 000 input35@12
36 000 input36@12
37 1 input37@12
38 111 input38@12
39 001 input39@12
40 001 input40@12
41 010 input41@12
42 000 input42@12
43 010 input43@12
44 100 input44@12
45 100 input45@12
46 011 input46@12
47 100 input47@12
48 100 input48@12
49 100 input49@12
50 100 input50@12
51 101 input51@12
52 000 input52@12
53 101 input53@12
54 111 input54@12
55 111 input55@12
56 111 input56@12
57 111 input57@12
58 111 input58@12
59 000 input59@12
60 000 input60@12
61 111 input61@12
62 111 input62@12
63 000 input63@12
64 100 input64@12
65 000 input65@12
66 0 input66@12
67 0 input67@12
68 1 input68@12
69 0 input69@12
70 0 input70@12
71 0 input71@12
72 0 input72@12
73 0 input73@12
74 0 input74@12
75 1 input75@12
76 0 input76@12
77 0 input77@12
78 0 input78@12
79 0 input79@12
80 0 input80@12
81 0 input81@12
82 0 input82@12
83 000 input83@12
84 000 input84@12
85 000 input85@12
86 0 input86@12
87 0 input87@12
88 0 input88@12
89 000 input89@12
90 111 input90@12
91 000 input91@12
92 000 input92@12
93 000 input93@12
94 000 input94@12
95 00000000 input95@12
96 0 input96@12
97 0 input97@12
98 0 input98@12
99 0 input99@12
100 0 input100@12
101 0 input101@12
102 0 input102@12
103 0 input103@12
104 0 input104@12
105 0 input105@12
106 0 input106@12
107 0 input107@12
108 000 input108@12
109 000 input109@12
110 110 input110@12
111 000 input111@12
112 111 input112@12
113 000 input113@12
114 111 input114@12
115 000 input115@12
116 111 input116@12
117 000 input117@12
118 111 input118@12
119 000 input119@12
120 000 input120@12
121 0 input121@12
122 0 input122@12
123 0 input123@12
124 0 input124@12
125 0 input125@12
126 0 input126@12
127 0 input127@12
128 11111 input128@12
129 00000 input129@12
130 00000 input130@12
@13
0 00000000 DataOut_i@13
1 0 TxValid_i@13
2 0 clk@13
3 0 phy_tx_mode@13
4 1 rst@13
5 0 rxd@13
6 1 rxdn@13
7 0 rxdp@13
8 00000000 input8@13
9 0 input9@13
10 0 input10@13
11 0 input11@13
12 0 input12@13
13 0 input13@13
14 0 input14@13
15 0 input15@13
16 0 input16@13
17 0 input17@13
18 0 input18@13
19 000 input19@13
20 000 input20@13
21 000 input21@13
22 00 input22@13
23 00 input23@13
24 11 input24@13
25 10 input25@13
26 00 input26@13
27 00 input27@13
28 00 input28@13
29 01 input29@13
30 00 input30@13
31 000 input31@13
32 000 input32@13
33 000 input33@13
34 000 input34@13
35 000 input35@13
36 000 input36@13
37 0 input37@13
38 000 input38@13
39 001 input39@13
40 001 input40@13
41 001 input41@13
42 000 input42@13
43 000 input43@13
44 000 input44@13
45 100 input45@13
46 010 input46@13
47 000 input47@13
48 100 input48@13
49 100 input49@13
50 000 input50@13
51 111 input51@13
52 101 input52@13
53 000 input53@13
54 101 input54@13
55 101 input55@13
56 010 input56@13
57 000 input57@13
58 110 input58@13
59 000 input59@13
60 000 input60@13
61 001 input61@13
62 111 input62@13
63 000 input63@13
64 111 input64@13
65 000 input65@13
66 0 input66@13
67 1 input67@13
68 1 input68@13
69 0 input69@13
70 0 input70@13
71 1 input71@13
72 0 input72@13
73 0 input73@13
74 0 input74@13
75 1 input75@13
76 0 input76@13
77 0 input77@13
78 0 input78@13
79 0 input79@13
80 0 input80@13
81 0 input81@13
82 0 input82@13
83 000 input83@13
84 000 input84@13
85 000 input85@13
86 0 input86@13
87 0 input87@13
88 0 input88@13
89 000 input89@13
90 000 input90@13
91 000 input91@13
92 000 input92@13
93 000 input93@13
94 000 input94@13
95 00000000 input95@13
96 0 input96@13
97 0 input97@13
98 0 input98@13
99 0 input99@13
100 0 input100@13
101 0 input101@13
102 0 input102@13
103 0 input103@13
104 0 input104@13
105 0 input105@13
106 0 input106@13
107 0 input107@13
108 000 input108@13
109 000 input109@13
110 100 input110@13
111 000 input111@13
112 111 input112@13
113 000 input113@13
114 111 input114@13
115 000 input115@13
116 111 input116@13
117 000 input117@13
118 111 input118@13
119 000 input119@13
120 000 input120@13
121 0 input121@13
122 0 input122@13
123 0 input123@13
124 0 input124@13
125 0 input125@13
126 0 input126@13
127 0 input127@13
128 11111 input128@13
129 00000 input129@13
130 00000 input130@13
@14
0 10000000 DataOut_i@14
1 0 TxValid_i@14
2 0 clk@14
3 0 phy_tx_mode@14
4 1 rst@14
5 0 rxd@14
6 0 rxdn@14
7 0 rxdp@14
8 00000000 input8@14
9 0 input9@14
10 0 input10@14
11 0 input11@14
12 0 input12@14
13 0 input13@14
14 0 input14@14
15 0 input15@14
16 1 input16@14
17 0 input17@14
18 1 input18@14
19 000 input19@14
20 000 input20@14
21 000 input21@14
22 00 input22@14
23 00 input23@14
24 10 input24@14
25 00 input25@14
26 00 input26@14
27 00 input27@14
28 00 input28@14
29 00 input29@14
30 00 input30@14
31 000 input31@14
32 000 input32@14
33 000 input33@14
34 000 input34@14
35 000 input35@14
36 000 input36@14
37 0 input37@14
38 100 input38@14
39 100 input39@14
40 001 input40@14
41 000 input41@14
42 010 input42@14
43 010 input43@14
44 000 input44@14
45 100 input45@14
46 111 input46@14
47 110 input47@14
48 100 input48@14
49 100 input49@14
50 010 input50@14
51 101 input51@14
52 101 input52@14
53 000 input53@14
54 111 input54@14
55 111 input55@14
56 110 input56@14
57 111 input57@14
58 110 input58@14
59 000 input59@14
60 000 input60@14
61 110 input61@14
62 110 input62@14
63 000 input63@14
64 000 input64@14
65 000 input65@14
66 0 input66@14
67 0 input67@14
68 0 input68@14
69 0 input69@14
70 0 input70@14
71 0 input71@14
72 1 input72@14
73 0 input73@14
74 0 input74@14
75 1 input75@14
76 1 input76@14
77 0 input77@14
78 0 input78@14
79 0 input79@14
80 0 input80@14
81 0 input81@14
82 0 input82@14
83 000 input83@14
84 000 input84@14
85 000 input85@14
86 0 input86@14
87 0 input87@14
88 0 input88@14
89 000 input89@14
90 000 input90@14
91 000 input91@14
92 000 input92@14
93 000 input93@14
94 000 input94@14
95 00000000 input95@14
96 0 input96@14
97 0 input97@14
98 0 input98@14
99 0 input99@14
100 0 input100@14
101 0 input101@14
102 0 input102@14
103 0 input103@14
104 0 input104@14
105 0 input105@14
106 0 input106@14
107 0 input107@14
108 000 input108@14
109 000 input109@14
110 100 input110@14
111 000 input111@14
112 111 input112@14
113 000 input113@14
114 111 input114@14
115 000 input115@14
116 111 input116@14
117 000 input117@14
118 111 input118@14
119 000 input119@14
120 000 input120@14
121 0 input121@14
122 0 input122@14
123 0 input123@14
124 0 input124@14
125 1 input125@14
126 0 input126@14
127 0 input127@14
128 11111 input128@14
129 00000 input129@14
130 00000 input130@14
@15
0 00000000 DataOut_i@15
1 0 TxValid_i@15
2 0 clk@15
3 0 phy_tx_mode@15
4 1 rst@15
5 0 rxd@15
6 1 rxdn@15
7 1 rxdp@15
8 00000000 input8@15
9 0 input9@15
10 0 input10@15
11 0 input11@15
12 0 input12@15
13 0 input13@15
14 0 input14@15
15 0 input15@15
16 0 input16@15
17 1 input17@15
18 1 input18@15
19 000 input19@15
20 011 input20@15
21 000 input21@15
22 01 input22@15
23 00 input23@15
24 10 input24@15
25 00 input25@15
26 10 input26@15
27 00 input27@15
28 00 input28@15
29 00 input29@15
30 00 input30@15
31 000 input31@15
32 000 input32@15
33 000 input33@15
34 000 input34@15
35 000 input35@15
36 000 input36@15
37 0 input37@15
38 110 input38@15
39 000 input39@15
40 111 input40@15
41 000 input41@15
42 000 input42@15
43 011 input43@15
44 000 input44@15
45 100 input45@15
46 111 input46@15
47 000 input47@15
48 100 input48@15
49 100 input49@15
50 000 input50@15
51 010 input51@15
52 111 input52@15
53 100 input53@15
54 010 input54@15
55 111 input55@15
56 110 input56@15
57 111 input57@15
58 000 input58@15
59 000 input59@15
60 000 input60@15
61 000 input61@15
62 111 input62@15
63 000 input63@15
64 001 input64@15
65 000 input65@15
66 0 input66@15
67 0 input67@15
68 0 input68@15
69 0 input69@15
70 0 input70@15
71 0 input71@15
72 0 input72@15
73 0 input73@15
74 0 input74@15
75 1 input75@15
76 0 input76@15
77 0 input77@15
78 0 input78@15
79 0 input79@15
80 0 input80@15
81 0 input81@15
82 0 input82@15
83 001 input83@15
84 000 input84@15
85 000 input85@15
86 0 input86@15
87 0 input87@15
88 0 input88@15
89 000 input89@15
90 000 input90@15
91 000 input91@15
92 000 input92@15
93 000 input93@15
94 000 input94@15
95 00000000 input95@15
96 0 input96@15
97 0 input97@15
98 1 input98@15
99 0 input99@15
100 0 input100@15
101 0 input101@15
102 0 input102@15
103 0 input103@15
104 0 input104@15
105 0 input105@15
106 0 input106@15
107 0 input107@15
108 000 input108@15
109 000 input109@15
110 111 input110@15
111 000 input111@15
112 111 input112@15
113 000 input113@15
114 111 input114@15
115 000 input115@15
116 111 input116@15
117 000 input117@15
118 111 input118@15
119 000 input119@15
120 000 input120@15
121 0 input121@15
122 0 input122@15
123 0 input123@15
124 0 input124@15
125 0 input125@15
126 0 input126@15
127 0 input127@15
128 11111 input128@15
129 00000 input129@15
130 00000 input130@15
@16
0 00000000 DataOut_i@16
1 0 TxValid_i@16
2 0 clk@16
3 0 phy_tx_mode@16
4 0 rst@16
5 0 rxd@16
6 1 rxdn@16
7 0 rxdp@16
8 00000000 input8@16
9 0 input9@16
10 0 input10@16
11 0 input11@16
12 0 input12@16
13 0 input13@16
14 0 input14@16
15 0 input15@16
16 0 input16@16
17 0 input17@16
18 0 input18@16
19 000 input19@16
20 000 input20@16
21 000 input21@16
22 01 input22@16
23 11 input23@16
24 11 input24@16
25 11 input25@16
26 00 input26@16
27 11 input27@16
28 00 input28@16
29 00 input29@16
30 00 input30@16
31 000 input31@16
32 000 input32@16
33 110 input33@16
34 000 input34@16
35 000 input35@16
36 000 input36@16
37 1 input37@16
38 000 input38@16
39 001 input39@16
40 001 input40@16
41 000 input41@16
42 010 input42@16
43 010 input43@16
44 010 input44@16
45 011 input45@16
46 011 input46@16
47 011 input47@16
48 100 input48@16
49 100 input49@16
50 100 input50@16
51 100 input51@16
52 100 input52@16
53 100 input53@16
54 111 input54@16
55 111 input55@16
56 111 input56@16
57 001 input57@16
58 101 input58@16
59 110 input59@16
60 111 input60@16
61 000 input61@16
62 000 input62@16
63 000 input63@16
64 000 input64@16
65 000 input65@16
66 0 input66@16
67 0 input67@16
68 1 input68@16
69 0 input69@16
70 0 input70@16
71 1 input71@16
72 1 input72@16
73 1 input73@16
74 1 input74@16
75 1 input75@16
76 1 input76@16
77 0 input77@16
78 0 input78@16
79 0 input79@16
80 0 input80@16
81 0 input81@16
82 0 input82@16
83 011 input83@16
84 011 input84@16
85 000 input85@16
86 0 input86@16
87 0 input87@16
88 0 input88@16
89 000 input89@16
90 000 input90@16
91 000 input91@16
92 011 input92@16
93 011 input93@16
94 000 input94@16
95 00000000 input95@16
96 0 input96@16
97 0 input97@16
98 0 input98@16
99 0 input99@16
100 1 input100@16
101 0 input101@16
102 0 input102@16
103 0 input103@16
104 0 input104@16
105 0 input105@16
106 0 input106@16
107 0 input107@16
108 000 input108@16
109 000 input109@16
110 111 input110@16
111 000 input111@16
112 111 input112@16
113 111 input113@16
114 111 input114@16
115 111 input115@16
116 111 input116@16
117 111 input117@16
118 111 input118@16
119 111 input119@16
120 000 input120@16
121 0 input121@16
122 0 input122@16
123 0 input123@16
124 0 input124@16
125 1 input125@16
126 0 input126@16
127 0 input127@16
128 00000 input128@16
129 01111 input129@16
130 00000 input130@16
@17
0 00000000 DataOut_i@17
1 0 TxValid_i@17
2 0 clk@17
3 0 phy_tx_mode@17
4 0 rst@17
5 0 rxd@17
6 1 rxdn@17
7 0 rxdp@17
8 00000000 input8@17
9 0 input9@17
10 0 input10@17
11 0 input11@17
12 0 input12@17
13 0 input13@17
14 0 input14@17
15 0 input15@17
16 0 input16@17
17 1 input17@17
18 0 input18@17
19 000 input19@17
20 010 input20@17
21 000 input21@17
22 00 input22@17
23 00 input23@17
24 10 input24@17
25 01 input25@17
26 01 input26@17
27 01 input27@17
28 00 input28@17
29 00 input29@17
30 00 input30@17
31 000 input31@17
32 000 input32@17
33 000 input33@17
34 000 input34@17
35 000 input35@17
36 000 input36@17
37 1 input37@17
38 000 input38@17
39 001 input39@17
40 001 input40@17
41 000 input41@17
42 100 input42@17
43 100 input43@17
44 100 input44@17
45 001 input45@17
46 001 input46@17
47 000 input47@17
48 100 input48@17
49 100 input49@17
50 100 input50@17
51 101 input51@17
52 101 input52@17
53 100 input53@17
54 111 input54@17
55 111 input55@17
56 111 input56@17
57 111 input57@17
58 100 input58@17
59 111 input59@17
60 111 input60@17
61 111 input61@17
62 111 input62@17
63 111 input63@17
64 000 input64@17
65 000 input65@17
66 0 input66@17
67 0 input67@17
68 0 input68@17
69 0 input69@17
70 0 input70@17
71 0 input71@17
72 1 input72@17
73 1 input73@17
74 1 input74@17
75 1 input75@17
76 1 input76@17
77 0 input77@17
78 0 input78@17
79 0 input79@17
80 0 input80@17
81 0 input81@17
82 0 input82@17
83 011 input83@17
84 111 input84@17
85 000 input85@17
86 0 input86@17
87 0 input87@17
88 0 input88@17
89 000 input89@17
90 000 input90@17
91 000 input91@17
92 011 input92@17
93 011 input93@17
94 000 input94@17
95 00000000 input95@17
96 0 input96@17
97 0 input97@17
98 0 input98@17
99 0 input99@17
100 0 input100@17
101 0 input101@17
102 0 input102@17
103 1 input103@17
104 0 input104@17
105 0 input105@17
106 0 input106@17
107 0 input107@17
108 000 input108@17
109 000 input109@17
110 111 input110@17
111 111 input111@17
112 111 input112@17
113 111 input113@17
114 111 input114@17
115 111 input115@17
116 111 input116@17
117 111 input117@17
118 111 input118@17
119 111 input119@17
120 000 input120@17
121 0 input121@17
122 0 input122@17
123 0 input123@17
124 0 input124@17
125 1 input125@17
126 0 input126@17
127 0 input127@17
128 01111 input128@17
129 01111 input129@17
130 00000 input130@17
@18
0 00000000 DataOut_i@18
1 0 TxValid_i@18
2 0 clk@18
3 0 phy_tx_mode@18
4 0 rst@18
5 0 rxd@18
6 1 rxdn@18
7 0 rxdp@18
8 00000000 input8@18
9 0 input9@18
10 0 input10@18
11 0 input11@18
12 0 input12@18
13 0 input13@18
14 0 input14@18
15 0 input15@18
16 0 input16@18
17 0 input17@18
18 0 input18@18
19 000 input19@18
20 001 input20@18
21 000 input21@18
22 00 input22@18
23 00 input23@18
24 11 input24@18
25 10 input25@18
26 00 input26@18
27 00 input27@18
28 00 input28@18
29 00 input29@18
30 00 input30@18
31 000 input31@18
32 000 input32@18
33 000 input33@18
34 000 input34@18
35 000 input35@18
36 000 input36@18
37 1 input37@18
38 000 input38@18
39 000 input39@18
40 010 input40@18
41 000 input41@18
42 000 input42@18
43 000 input43@18
44 011 input44@18
45 111 input45@18
46 011 input46@18
47 101 input47@18
48 111 input48@18
49 100 input49@18
50 111 input50@18
51 101 input51@18
52 101 input52@18
53 000 input53@18
54 000 input54@18
55 000 input55@18
56 000 input56@18
57 000 input57@18
58 000 input58@18
59 000 input59@18
60 000 input60@18
61 111 input61@18
62 111 input62@18
63 111 input63@18
64 000 input64@18
65 000 input65@18
66 0 input66@18
67 0 input67@18
68 0 input68@18
69 0 input69@18
70 0 input70@18
71 1 input71@18
72 1 input72@18
73 1 input73@18
74 1 input74@18
75 1 input75@18
76 1 input76@18
77 0 input77@18
78 0 input78@18
79 0 input79@18
80 0 input80@18
81 0 input81@18
82 0 input82@18
83 011 input83@18
84 011 input84@18
85 000 input85@18
86 0 input86@18
87 0 input87@18
88 0 input88@18
89 000 input89@18
90 111 input90@18
91 111 input91@18
92 010 input92@18
93 010 input93@18
94 000 input94@18
95 00000000 input95@18
96 0 input96@18
97 0 input97@18
98 0 input98@18
99 0 input99@18
100 0 input100@18
101 0 input101@18
102 0 input102@18
103 0 input103@18
104 0 input104@18
105 0 input105@18
106 1 input106@18
107 0 input107@18
108 000 input108@18
109 000 input109@18
110 111 input110@18
111 111 input111@18
112 111 input112@18
113 111 input113@18
114 111 input114@18
115 111 input115@18
116 111 input116@18
117 111 input117@18
118 111 input118@18
119 111 input119@18
120 000 input120@18
121 0 input121@18
122 0 input122@18
123 0 input123@18
124 0 input124@18
125 1 input125@18
126 0 input126@18
127 0 input127@18
128 11111 input128@18
129 01111 input129@18
130 00000 input130@18
@19
0 00000000 DataOut_i@19
1 0 TxValid_i@19
2 0 clk@19
3 0 phy_tx_mode@19
4 0 rst@19
5 0 rxd@19
6 0 rxdn@19
7 1 rxdp@19
8 00000000 input8@19
9 0 input9@19
10 0 input10@19
11 0 input11@19
12 0 input12@19
13 0 input13@19
14 0 input14@19
15 0 input15@19
16 0 input16@19
17 1 input17@19
18 1 input18@19
19 000 input19@19
20 011 input20@19
21 000 input21@19
22 00 input22@19
23 00 input23@19
24 10 input24@19
25 00 input25@19
26 01 input26@19
27 00 input27@19
28 00 input28@19
29 00 input29@19
30 00 input30@19
31 000 input31@19
32 000 input32@19
33 000 input33@19
34 000 input34@19
35 000 input35@19
36 000 input36@19
37 0 input37@19
38 000 input38@19
39 001 input39@19
40 110 input40@19
41 000 input41@19
42 111 input42@19
43 000 input43@19
44 111 input44@19
45 111 input45@19
46 011 input46@19
47 111 input47@19
48 111 input48@19
49 100 input49@19
50 111 input50@19
51 111 input51@19
52 101 input52@19
53 000 input53@19
54 111 input54@19
55 111 input55@19
56 111 input56@19
57 111 input57@19
58 000 input58@19
59 001 input59@19
60 111 input60@19
61 111 input61@19
62 111 input62@19
63 111 input63@19
64 000 input64@19
65 000 input65@19
66 0 input66@19
67 0 input67@19
68 0 input68@19
69 0 input69@19
70 0 input70@19
71 1 input71@19
72 1 input72@19
73 1 input73@19
74 1 input74@19
75 1 input75@19
76 1 input76@19
77 0 input77@19
78 1 input78@19
79 0 input79@19
80 0 input80@19
81 0 input81@19
82 0 input82@19
83 111 input83@19
84 111 input84@19
85 000 input85@19
86 0 input86@19
87 0 input87@19
88 0 input88@19
89 000 input89@19
90 111 input90@19
91 111 input91@19
92 111 input92@19
93 111 input93@19
94 000 input94@19
95 00000000 input95@19
96 0 input96@19
97 0 input97@19
98 0 input98@19
99 0 input99@19
100 1 input100@19
101 0 input101@19
102 0 input102@19
103 1 input103@19
104 0 input104@19
105 0 input105@19
106 0 input106@19
107 0 input107@19
108 000 input108@19
109 000 input109@19
110 111 input110@19
111 111 input111@19
112 111 input112@19
113 111 input113@19
114 111 input114@19
115 111 input115@19
116 111 input116@19
117 111 input117@19
118 111 input118@19
119 111 input119@19
120 000 input120@19
121 0 input121@19
122 0 input122@19
123 0 input123@19
124 0 input124@19
125 1 input125@19
126 0 input126@19
127 0 input127@19
128 11111 input128@19
129 11111 input129@19
130 00000 input130@19
@20
0 00000000 DataOut_i@20
1 0 TxValid_i@20
2 0 clk@20
3 0 phy_tx_mode@20
4 0 rst@20
5 0 rxd@20
6 1 rxdn@20
7 0 rxdp@20
8 00000000 input8@20
9 0 input9@20
10 0 input10@20
11 0 input11@20
12 0 input12@20
13 0 input13@20
14 0 input14@20
15 0 input15@20
16 0 input16@20
17 0 input17@20
18 1 input18@20
19 001 input19@20
20 010 input20@20
21 000 input21@20
22 01 input22@20
23 01 input23@20
24 01 input24@20
25 01 input25@20
26 00 input26@20
27 00 input27@20
28 00 input28@20
29 00 input29@20
30 00 input30@20
31 000 input31@20
32 000 input32@20
33 000 input33@20
34 000 input34@20
35 000 input35@20
36 000 input36@20
37 1 input37@20
38 001 input38@20
39 001 input39@20
40 000 input40@20
41 000 input41@20
42 001 input42@20
43 001 input43@20
44 001 input44@20
45 111 input45@20
46 111 input46@20
47 111 input47@20
48 111 input48@20
49 111 input49@20
50 111 input50@20
51 111 input51@20
52 111 input52@20
53 000 input53@20
54 111 input54@20
55 111 input55@20
56 110 input56@20
57 110 input57@20
58 111 input58@20
59 110 input59@20
60 111 input60@20
61 000 input61@20
62 000 input62@20
63 000 input63@20
64 000 input64@20
65 000 input65@20
66 0 input66@20
67 0 input67@20
68 0 input68@20
69 0 input69@20
70 0 input70@20
71 1 input71@20
72 0 input72@20
73 1 input73@20
74 1 input74@20
75 0 input75@20
76 1 input76@20
77 0 input77@20
78 0 input78@20
79 0 input79@20
80 0 input80@20
81 0 input81@20
82 0 input82@20
83 111 input83@20
84 001 input84@20
85 000 input85@20
86 0 input86@20
87 1 input87@20
88 0 input88@20
89 000 input89@20
90 111 input90@20
91 000 input91@20
92 110 input92@20
93 111 input93@20
94 000 input94@20
95 00000000 input95@20
96 0 input96@20
97 0 input97@20
98 0 input98@20
99 0 input99@20
100 0 input100@20
101 0 input101@20
102 0 input102@20
103 1 input103@20
104 0 input104@20
105 0 input105@20
106 1 input106@20
107 0 input107@20
108 000 input108@20
109 000 input109@20
110 111 input110@20
111 111 input111@20
112 111 input112@20
113 111 input113@20
114 111 input114@20
115 111 input115@20
116 111 input116@20
117 111 input117@20
118 111 input118@20
119 111 input119@20
120 000 input120@20
121 1 input121@20
122 0 input122@20
123 0 input123@20
124 0 input124@20
125 1 input125@20
126 0 input126@20
127 0 input127@20
128 01111 input128@20
129 01111 input129@20
130 00000 input130@20
@21
0 00000000 DataOut_i@21
1 0 TxValid_i@21
2 0 clk@21
3 0 phy_tx_mode@21
4 1 rst@21
5 1 rxd@21
6 1 rxdn@21
7 0 rxdp@21
8 00000000 input8@21
9 0 input9@21
10 0 input10@21
11 0 input11@21
12 0 input12@21
13 0 input13@21
14 0 input14@21
15 0 input15@21
16 1 input16@21
17 0 input17@21
18 0 input18@21
19 000 input19@21
20 000 input20@21
21 000 input21@21
22 11 input22@21
23 00 input23@21
24 11 input24@21
25 00 input25@21
26 00 input26@21
27 00 input27@21
28 00 input28@21
29 00 input29@21
30 00 input30@21
31 000 input31@21
32 000 input32@21
33 000 input33@21
34 000 input34@21
35 000 input35@21
36 000 input36@21
37 0 input37@21
38 100 input38@21
39 100 input39@21
40 011 input40@21
41 000 input41@21
42 100 input42@21
43 000 input43@21
44 000 input44@21
45 000 input45@21
46 111 input46@21
47 000 input47@21
48 000 input48@21
49 111 input49@21
50 000 input50@21
51 000 input51@21
52 000 input52@21
53 000 input53@21
54 000 input54@21
55 111 input55@21
56 000 input56@21
57 110 input57@21
58 111 input58@21
59 000 input59@21
60 000 input60@21
61 000 input61@21
62 000 input62@21
63 000 input63@21
64 000 input64@21
65 000 input65@21
66 0 input66@21
67 1 input67@21
68 0 input68@21
69 0 input69@21
70 0 input70@21
71 0 input71@21
72 0 input72@21
73 1 input73@21
74 0 input74@21
75 0 input75@21
76 0 input76@21
77 0 input77@21
78 0 input78@21
79 0 input79@21
80 0 input80@21
81 0 input81@21
82 0 input82@21
83 111 input83@21
84 000 input84@21
85 000 input85@21
86 0 input86@21
87 0 input87@21
88 0 input88@21
89 000 input89@21
90 000 input90@21
91 000 input91@21
92 111 input92@21
93 000 input93@21
94 000 input94@21
95 00000000 input95@21
96 0 input96@21
97 0 input97@21
98 0 input98@21
99 0 input99@21
100 0 input100@21
101 0 input101@21
102 0 input102@21
103 0 input103@21
104 0 input104@21
105 0 input105@21
106 0 input106@21
107 0 input107@21
108 000 input108@21
109 000 input109@21
110 111 input110@21
111 000 input111@21
112 111 input112@21
113 000 input113@21
114 111 input114@21
115 000 input115@21
116 111 input116@21
117 000 input117@21
118 111 input118@21
119 000 input119@21
120 000 input120@21
121 0 input121@21
122 0 input122@21
123 0 input123@21
124 0 input124@21
125 0 input125@21
126 0 input126@21
127 0 input127@21
128 01111 input128@21
129 00000 input129@21
130 00000 input130@21
@22
0 00000000 DataOut_i@22
1 1 TxValid_i@22
2 0 clk@22
3 0 phy_tx_mode@22
4 1 rst@22
5 0 rxd@22
6 0 rxdn@22
7 1 rxdp@22
8 00000000 input8@22
9 0 input9@22
10 0 input10@22
11 0 input11@22
12 0 input12@22
13 0 input13@22
14 0 input14@22
15 0 input15@22
16 0 input16@22
17 0 input17@22
18 0 input18@22
19 000 input19@22
20 010 input20@22
21 000 input21@22
22 11 input22@22
23 00 input23@22
24 10 input24@22
25 00 input25@22
26 11 input26@22
27 00 input27@22
28 10 input28@22
29 00 input29@22
30 00 input30@22
31 001 input31@22
32 000 input32@22
33 000 input33@22
34 000 input34@22
35 000 input35@22
36 000 input36@22
37 0 input37@22
38 000 input38@22
39 111 input39@22
40 001 input40@22
41 000 input41@22
42 111 input42@22
43 010 input43@22
44 000 input44@22
45 111 input45@22
46 111 input46@22
47 000 input47@22
48 111 input48@22
49 111 input49@22
50 000 input50@22
51 111 input51@22
52 000 input52@22
53 000 input53@22
54 111 input54@22
55 111 input55@22
56 001 input56@22
57 001 input57@22
58 111 input58@22
59 000 input59@22
60 000 input60@22
61 111 input61@22
62 111 input62@22
63 000 input63@22
64 000 input64@22
65 000 input65@22
66 0 input66@22
67 0 input67@22
68 0 input68@22
69 0 input69@22
70 0 input70@22
71 1 input71@22
72 1 input72@22
73 1 input73@22
74 0 input74@22
75 0 input75@22
76 0 input76@22
77 0 input77@22
78 0 input78@22
79 0 input79@22
80 0 input80@22
81 0 input81@22
82 0 input82@22
83 111 input83@22
84 000 input84@22
85 000 input85@22
86 0 input86@22
87 0 input87@22
88 0 input88@22
89 000 input89@22
90 000 input90@22
91 000 input91@22
92 111 input92@22
93 000 input93@22
94 000 input94@22
95 00000000 input95@22
96 0 input96@22
97 0 input97@22
98 0 input98@22
99 0 input99@22
100 0 input100@22
101 0 input101@22
102 0 input102@22
103 0 input103@22
104 0 input104@22
105 0 input105@22
106 0 input106@22
107 0 input107@22
108 000 input108@22
109 000 input109@22
110 111 input110@22
111 000 input111@22
112 111 input112@22
113 000 input113@22
114 111 input114@22
115 000 input115@22
116 111 input116@22
117 000 input117@22
118 111 input118@22
119 000 input119@22
120 000 input120@22
121 0 input121@22
122 0 input122@22
123 0 input123@22
124 0 input124@22
125 0 input125@22
126 0 input126@22
127 0 input127@22
128 00001 input128@22
129 00000 input129@22
130 00000 input130@22
@23
0 00000000 DataOut_i@23
1 1 TxValid_i@23
2 0 clk@23
3 0 phy_tx_mode@23
4 1 rst@23
5 0 rxd@23
6 1 rxdn@23
7 0 rxdp@23
8 00000000 input8@23
9 0 input9@23
10 0 input10@23
11 0 input11@23
12 0 input12@23
13 0 input13@23
14 0 input14@23
15 0 input15@23
16 0 input16@23
17 0 input17@23
18 0 input18@23
19 100 input19@23
20 000 input20@23
21 000 input21@23
22 10 input22@23
23 00 input23@23
24 11 input24@23
25 00 input25@23
26 00 input26@23
27 00 input27@23
28 00 input28@23
29 00 input29@23
30 00 input30@23
31 111 input31@23
32 000 input32@23
33 000 input33@23
34 000 input34@23
35 000 input35@23
36 000 input36@23
37 0 input37@23
38 111 input38@23
39 111 input39@23
40 010 input40@23
41 000 input41@23
42 111 input42@23
43 010 input43@23
44 000 input44@23
45 111 input45@23
46 010 input46@23
47 000 input47@23
48 111 input48@23
49 010 input49@23
50 000 input50@23
51 111 input51@23
52 010 input52@23
53 000 input53@23
54 111 input54@23
55 010 input55@23
56 001 input56@23
57 111 input57@23
58 111 input58@23
59 000 input59@23
60 000 input60@23
61 111 input61@23
62 010 input62@23
63 000 input63@23
64 000 input64@23
65 000 input65@23
66 0 input66@23
67 0 input67@23
68 0 input68@23
69 0 input69@23
70 0 input70@23
71 0 input71@23
72 0 input72@23
73 0 input73@23
74 0 input74@23
75 0 input75@23
76 0 input76@23
77 0 input77@23
78 0 input78@23
79 0 input79@23
80 0 input80@23
81 0 input81@23
82 0 input82@23
83 111 input83@23
84 000 input84@23
85 000 input85@23
86 0 input86@23
87 0 input87@23
88 0 input88@23
89 000 input89@23
90 000 input90@23
91 000 input91@23
92 111 input92@23
93 000 input93@23
94 000 input94@23
95 00000000 input95@23
96 0 input96@23
97 0 input97@23
98 0 input98@23
99 0 input99@23
100 0 input100@23
101 0 input101@23
102 0 input102@23
103 0 input103@23
104 1 input104@23
105 0 input105@23
106 0 input106@23
107 0 input107@23
108 001 input108@23
109 000 input109@23
110 000 input110@23
111 000 input111@23
112 111 input112@23
113 000 input113@23
114 111 input114@23
115 000 input115@23
116 111 input116@23
117 000 input117@23
118 111 input118@23
119 000 input119@23
120 000 input120@23
121 1 input121@23
122 0 input122@23
123 0 input123@23
124 0 input124@23
125 0 input125@23
126 0 input126@23
127 0 input127@23
128 00010 input128@23
129 00000 input129@23
130 00000 input130@23
@24
0 00000000 DataOut_i@24
1 0 TxValid_i@24
2 0 clk@24
3 0 phy_tx_mode@24
4 1 rst@24
5 0 rxd@24
6 1 rxdn@24
7 0 rxdp@24
8 00000000 input8@24
9 0 input9@24
10 0 input10@24
11 0 input11@24
12 0 input12@24
13 0 input13@24
14 0 input14@24
15 0 input15@24
16 0 input16@24
17 0 input17@24
18 0 input18@24
19 111 input19@24
20 000 input20@24
21 000 input21@24
22 01 input22@24
23 00 input23@24
24 10 input24@24
25 00 input25@24
26 00 input26@24
27 00 input27@24
28 00 input28@24
29 00 input29@24
30 00 input30@24
31 000 input31@24
32 000 input32@24
33 000 input33@24
34 000 input34@24
35 000 input35@24
36 000 input36@24
37 0 input37@24
38 000 input38@24
39 000 input39@24
40 000 input40@24
41 000 input41@24
42 000 input42@24
43 000 input43@24
44 000 input44@24
45 000 input45@24
46 011 input46@24
47 000 input47@24
48 000 input48@24
49 110 input49@24
50 000 input50@24
51 000 input51@24
52 101 input52@24
53 000 input53@24
54 000 input54@24
55 100 input55@24
56 000 input56@24
57 000 input57@24
58 001 input58@24
59 000 input59@24
60 000 input60@24
61 000 input61@24
62 000 input62@24
63 000 input63@24
64 000 input64@24
65 000 input65@24
66 0 input66@24
67 0 input67@24
68 0 input68@24
69 0 input69@24
70 0 input70@24
71 0 input71@24
72 0 input72@24
73 0 input73@24
74 0 input74@24
75 0 input75@24
76 0 input76@24
77 0 input77@24
78 0 input78@24
79 0 input79@24
80 0 input80@24
81 0 input81@24
82 0 input82@24
83 011 input83@24
84 000 input84@24
85 000 input85@24
86 0 input86@24
87 0 input87@24
88 0 input88@24
89 000 input89@24
90 000 input90@24
91 000 input91@24
92 011 input92@24
93 000 input93@24
94 000 input94@24
95 00000000 input95@24
96 0 input96@24
97 0 input97@24
98 0 input98@24
99 0 input99@24
100 0 input100@24
101 0 input101@24
102 0 input102@24
103 0 input103@24
104 0 input104@24
105 0 input105@24
106 0 input106@24
107 0 input107@24
108 001 input108@24
109 000 input109@24
110 000 input110@24
111 000 input111@24
112 111 input112@24
113 000 input113@24
114 111 input114@24
115 000 input115@24
116 111 input116@24
117 000 input117@24
118 111 input118@24
119 000 input119@24
120 000 input120@24
121 0 input121@24
122 0 input122@24
123 0 input123@24
124 0 input124@24
125 0 input125@24
126 0 input126@24
127 0 input127@24
128 00011 input128@24
129 00000 input129@24
130 00000 input130@24
@25
0 00000000 DataOut_i@25
1 0 TxValid_i@25
2 0 clk@25
3 0 phy_tx_mode@25
4 1 rst@25
5 0 rxd@25
6 0 rxdn@25
7 0 rxdp@25
8 00000000 input8@25
9 0 input9@25
10 0 input10@25
11 0 input11@25
12 0 input12@25
13 0 input13@25
14 0 input14@25
15 0 input15@25
16 0 input16@25
17 0 input17@25
18 0 input18@25
19 010 input19@25
20 000 input20@25
21 000 input21@25
22 11 input22@25
23 00 input23@25
24 11 input24@25
25 00 input25@25
26 00 input26@25
27 00 input27@25
28 10 input28@25
29 00 input29@25
30 00 input30@25
31 111 input31@25
32 000 input32@25
33 000 input33@25
34 000 input34@25
35 000 input35@25
36 000 input36@25
37 0 input37@25
38 111 input38@25
39 111 input39@25
40 111 input40@25
41 000 input41@25
42 111 input42@25
43 010 input43@25
44 000 input44@25
45 111 input45@25
46 101 input46@25
47 000 input47@25
48 111 input48@25
49 100 input49@25
50 000 input50@25
51 111 input51@25
52 100 input52@25
53 000 input53@25
54 111 input54@25
55 100 input55@25
56 001 input56@25
57 100 input57@25
58 100 input58@25
59 000 input59@25
60 000 input60@25
61 000 input61@25
62 100 input62@25
63 000 input63@25
64 000 input64@25
65 000 input65@25
66 0 input66@25
67 1 input67@25
68 0 input68@25
69 0 input69@25
70 0 input70@25
71 0 input71@25
72 0 input72@25
73 0 input73@25
74 0 input74@25
75 0 input75@25
76 0 input76@25
77 0 input77@25
78 0 input78@25
79 0 input79@25
80 0 input80@25
81 0 input81@25
82 0 input82@25
83 000 input83@25
84 000 input84@25
85 000 input85@25
86 0 input86@25
87 0 input87@25
88 0 input88@25
89 000 input89@25
90 000 input90@25
91 000 input91@25
92 000 input92@25
93 000 input93@25
94 000 input94@25
95 00000000 input95@25
96 0 input96@25
97 0 input97@25
98 0 input98@25
99 0 input99@25
100 0 input100@25
101 0 input101@25
102 0 input102@25
103 0 input103@25
104 0 input104@25
105 0 input105@25
106 0 input106@25
107 0 input107@25
108 001 input108@25
109 000 input109@25
110 100 input110@25
111 000 input111@25
112 111 input112@25
113 000 input113@25
114 111 input114@25
115 000 input115@25
116 111 input116@25
117 000 input117@25
118 111 input118@25
119 000 input119@25
120 000 input120@25
121 0 input121@25
122 0 input122@25
123 0 input123@25
124 0 input124@25
125 0 input125@25
126 0 input126@25
127 0 input127@25
128 01111 input128@25
129 00000 input129@25
130 00000 input130@25
@26
0 00000000 DataOut_i@26
1 0 TxValid_i@26
2 0 clk@26
3 0 phy_tx_mode@26
4 1 rst@26
5 0 rxd@26
6 1 rxdn@26
7 0 rxdp@26
8 00000000 input8@26
9 0 input9@26
10 0 input10@26
11 0 input11@26
12 0 input12@26
13 0 input13@26
14 0 input14@26
15 0 input15@26
16 0 input16@26
17 0 input17@26
18 0 input18@26
19 000 input19@26
20 000 input20@26
21 000 input21@26
22 00 input22@26
23 00 input23@26
24 10 input24@26
25 00 input25@26
26 01 input26@26
27 00 input27@26
28 00 input28@26
29 00 input29@26
30 00 input30@26
31 111 input31@26
32 000 input32@26
33 000 input33@26
34 000 input34@26
35 000 input35@26
36 000 input36@26
37 0 input37@26
38 000 input38@26
39 000 input39@26
40 100 input40@26
41 000 input41@26
42 000 input42@26
43 000 input43@26
44 000 input44@26
45 000 input45@26
46 000 input46@26
47 000 input47@26
48 000 input48@26
49 100 input49@26
50 000 input50@26
51 000 input51@26
52 101 input52@26
53 000 input53@26
54 000 input54@26
55 100 input55@26
56 000 input56@26
57 000 input57@26
58 110 input58@26
59 000 input59@26
60 000 input60@26
61 000 input61@26
62 100 input62@26
63 000 input63@26
64 000 input64@26
65 000 input65@26
66 1 input66@26
67 0 input67@26
68 0 input68@26
69 0 input69@26
70 0 input70@26
71 0 input71@26
72 0 input72@26
73 0 input73@26
74 0 input74@26
75 0 input75@26
76 0 input76@26
77 0 input77@26
78 0 input78@26
79 0 input79@26
80 0 input80@26
81 0 input81@26
82 0 input82@26
83 000 input83@26
84 000 input84@26
85 000 input85@26
86 0 input86@26
87 0 input87@26
88 0 input88@26
89 000 input89@26
90 000 input90@26
91 000 input91@26
92 000 input92@26
93 000 input93@26
94 000 input94@26
95 00000000 input95@26
96 0 input96@26
97 0 input97@26
98 0 input98@26
99 0 input99@26
100 0 input100@26
101 0 input101@26
102 0 input102@26
103 0 input103@26
104 0 input104@26
105 0 input105@26
106 0 input106@26
107 0 input107@26
108 001 input108@26
109 000 input109@26
110 000 input110@26
111 000 input111@26
112 111 input112@26
113 000 input113@26
114 111 input114@26
115 000 input115@26
116 111 input116@26
117 000 input117@26
118 111 input118@26
119 000 input119@26
120 000 input120@26
121 0 input121@26
122 0 input122@26
123 0 input123@26
124 0 input124@26
125 0 input125@26
126 0 input126@26
127 0 input127@26
128 01111 input128@26
129 00000 input129@26
130 00000 input130@26
@27
0 00000000 DataOut_i@27
1 0 TxValid_i@27
2 0 clk@27
3 0 phy_tx_mode@27
4 1 rst@27
5 0 rxd@27
6 0 rxdn@27
7 0 rxdp@27
8 00000000 input8@27
9 0 input9@27
10 0 input10@27
11 0 input11@27
12 0 input12@27
13 0 input13@27
14 0 input14@27
15 0 input15@27
16 0 input16@27
17 1 input17@27
18 1 input18@27
19 111 input19@27
20 000 input20@27
21 000 input21@27
22 01 input22@27
23 00 input23@27
24 10 input24@27
25 00 input25@27
26 01 input26@27
27 00 input27@27
28 00 input28@27
29 00 input29@27
30 00 input30@27
31 000 input31@27
32 000 input32@27
33 000 input33@27
34 000 input34@27
35 000 input35@27
36 000 input36@27
37 0 input37@27
38 111 input38@27
39 111 input39@27
40 000 input40@27
41 000 input41@27
42 111 input42@27
43 101 input43@27
44 000 input44@27
45 111 input45@27
46 011 input46@27
47 000 input47@27
48 111 input48@27
49 100 input49@27
50 000 input50@27
51 000 input51@27
52 000 input52@27
53 000 input53@27
54 111 input54@27
55 111 input55@27
56 111 input56@27
57 111 input57@27
58 000 input58@27
59 000 input59@27
60 000 input60@27
61 111 input61@27
62 000 input62@27
63 000 input63@27
64 000 input64@27
65 000 input65@27
66 0 input66@27
67 0 input67@27
68 1 input68@27
69 0 input69@27
70 0 input70@27
71 0 input71@27
72 0 input72@27
73 0 input73@27
74 0 input74@27
75 0 input75@27
76 0 input76@27
77 0 input77@27
78 0 input78@27
79 0 input79@27
80 0 input80@27
81 0 input81@27
82 0 input82@27
83 000 input83@27
84 000 input84@27
85 000 input85@27
86 0 input86@27
87 0 input87@27
88 0 input88@27
89 000 input89@27
90 000 input90@27
91 000 input91@27
92 000 input92@27
93 000 input93@27
94 000 input94@27
95 00000000 input95@27
96 0 input96@27
97 0 input97@27
98 0 input98@27
99 0 input99@27
100 0 input100@27
101 0 input101@27
102 0 input102@27
103 0 input103@27
104 0 input104@27
105 0 input105@27
106 0 input106@27
107 0 input107@27
108 111 input108@27
109 000 input109@27
110 000 input110@27
111 000 input111@27
112 111 input112@27
113 000 input113@27
114 111 input114@27
115 000 input115@27
116 111 input116@27
117 000 input117@27
118 111 input118@27
119 000 input119@27
120 000 input120@27
121 0 input121@27
122 0 input122@27
123 0 input123@27
124 0 input124@27
125 0 input125@27
126 0 input126@27
127 0 input127@27
128 00000 input128@27
129 00000 input129@27
130 00000 input130@27
@28
0 00000000 DataOut_i@28
1 0 TxValid_i@28
2 0 clk@28
3 0 phy_tx_mode@28
4 1 rst@28
5 0 rxd@28
6 0 rxdn@28
7 0 rxdp@28
8 00000000 input8@28
9 0 input9@28
10 0 input10@28
11 0 input11@28
12 0 input12@28
13 0 input13@28
14 0 input14@28
15 0 input15@28
16 0 input16@28
17 0 input17@28
18 0 input18@28
19 111 input19@28
20 000 input20@28
21 000 input21@28
22 10 input22@28
23 00 input23@28
24 11 input24@28
25 00 input25@28
26 10 input26@28
27 00 input27@28
28 10 input28@28
29 00 input29@28
30 00 input30@28
31 111 input31@28
32 000 input32@28
33 000 input33@28
34 000 input34@28
35 000 input35@28
36 000 input36@28
37 0 input37@28
38 111 input38@28
39 111 input39@28
40 000 input40@28
41 000 input41@28
42 111 input42@28
43 101 input43@28
44 000 input44@28
45 111 input45@28
46 011 input46@28
47 000 input47@28
48 111 input48@28
49 100 input49@28
50 000 input50@28
51 111 input51@28
52 000 input52@28
53 000 input53@28
54 111 input54@28
55 111 input55@28
56 111 input56@28
57 000 input57@28
58 000 input58@28
59 000 input59@28
60 000 input60@28
61 111 input61@28
62 000 input62@28
63 000 input63@28
64 000 input64@28
65 000 input65@28
66 0 input66@28
67 1 input67@28
68 0 input68@28
69 0 input69@28
70 0 input70@28
71 0 input71@28
72 0 input72@28
73 0 input73@28
74 0 input74@28
75 0 input75@28
76 0 input76@28
77 0 input77@28
78 0 input78@28
79 0 input79@28
80 0 input80@28
81 0 input81@28
82 0 input82@28
83 000 input83@28
84 000 input84@28
85 000 input85@28
86 0 input86@28
87 0 input87@28
88 0 input88@28
89 000 input89@28
90 000 input90@28
91 000 input91@28
92 000 input92@28
93 000 input93@28
94 000 input94@28
95 00000000 input95@28
96 0 input96@28
97 0 input97@28
98 0 input98@28
99 0 input99@28
100 0 input100@28
101 0 input101@28
102 0 input102@28
103 0 input103@28
104 0 input104@28
105 0 input105@28
106 0 input106@28
107 0 input107@28
108 111 input108@28
109 000 input109@28
110 000 input110@28
111 000 input111@28
112 111 input112@28
113 000 input113@28
114 111 input114@28
115 000 input115@28
116 111 input116@28
117 000 input117@28
118 111 input118@28
119 000 input119@28
120 000 input120@28
121 0 input121@28
122 0 input122@28
123 0 input123@28
124 0 input124@28
125 0 input125@28
126 0 input126@28
127 0 input127@28
128 00000 input128@28
129 00000 input129@28
130 00000 input130@28
@29
0 00000000 DataOut_i@29
1 0 TxValid_i@29
2 0 clk@29
3 0 phy_tx_mode@29
4 1 rst@29
5 1 rxd@29
6 0 rxdn@29
7 0 rxdp@29
8 00000000 input8@29
9 0 input9@29
10 0 input10@29
11 0 input11@29
12 0 input12@29
13 0 input13@29
14 0 input14@29
15 0 input15@29
16 0 input16@29
17 0 input17@29
18 0 input18@29
19 111 input19@29
20 000 input20@29
21 000 input21@29
22 10 input22@29
23 00 input23@29
24 11 input24@29
25 00 input25@29
26 01 input26@29
27 00 input27@29
28 00 input28@29
29 00 input29@29
30 00 input30@29
31 000 input31@29
32 000 input32@29
33 000 input33@29
34 000 input34@29
35 000 input35@29
36 000 input36@29
37 0 input37@29
38 000 input38@29
39 000 input39@29
40 100 input40@29
41 000 input41@29
42 000 input42@29
43 101 input43@29
44 000 input44@29
45 000 input45@29
46 100 input46@29
47 000 input47@29
48 000 input48@29
49 000 input49@29
50 000 input50@29
51 000 input51@29
52 000 input52@29
53 000 input53@29
54 000 input54@29
55 000 input55@29
56 000 input56@29
57 000 input57@29
58 101 input58@29
59 000 input59@29
60 000 input60@29
61 000 input61@29
62 101 input62@29
63 000 input63@29
64 000 input64@29
65 000 input65@29
66 0 input66@29
67 0 input67@29
68 0 input68@29
69 0 input69@29
70 0 input70@29
71 0 input71@29
72 0 input72@29
73 0 input73@29
74 0 input74@29
75 0 input75@29
76 0 input76@29
77 0 input77@29
78 0 input78@29
79 0 input79@29
80 0 input80@29
81 0 input81@29
82 0 input82@29
83 000 input83@29
84 000 input84@29
85 000 input85@29
86 0 input86@29
87 0 input87@29
88 0 input88@29
89 000 input89@29
90 000 input90@29
91 000 input91@29
92 000 input92@29
93 000 input93@29
94 000 input94@29
95 00000000 input95@29
96 0 input96@29
97 0 input97@29
98 0 input98@29
99 0 input99@29
100 0 input100@29
101 0 input101@29
102 0 input102@29
103 0 input103@29
104 0 input104@29
105 0 input105@29
106 0 input106@29
107 0 input107@29
108 000 input108@29
109 000 input109@29
110 000 input110@29
111 000 input111@29
112 000 input112@29
113 000 input113@29
114 000 input114@29
115 000 input115@29
116 000 input116@29
117 000 input117@29
118 000 input118@29
119 000 input119@29
120 000 input120@29
121 0 input121@29
122 0 input122@29
123 0 input123@29
124 0 input124@29
125 0 input125@29
126 0 input126@29
127 0 input127@29
128 00000 input128@29
129 00000 input129@29
130 00000 input130@29
@30
0 00000000 DataOut_i@30
1 0 TxValid_i@30
2 0 clk@30
3 0 phy_tx_mode@30
4 1 rst@30
5 1 rxd@30
6 1 rxdn@30
7 0 rxdp@30
8 00000000 input8@30
9 0 input9@30
10 0 input10@30
11 0 input11@30
12 0 input12@30
13 0 input13@30
14 0 input14@30
15 0 input15@30
16 0 input16@30
17 0 input17@30
18 0 input18@30
19 000 input19@30
20 000 input20@30
21 000 input21@30
22 00 input22@30
23 00 input23@30
24 00 input24@30
25 00 input25@30
26 00 input26@30
27 00 input27@30
28 00 input28@30
29 00 input29@30
30 00 input30@30
31 111 input31@30
32 000 input32@30
33 000 input33@30
34 000 input34@30
35 000 input35@30
36 000 input36@30
37 0 input37@30
38 111 input38@30
39 111 input39@30
40 110 input40@30
41 000 input41@30
42 111 input42@30
43 010 input43@30
44 000 input44@30
45 111 input45@30
46 011 input46@30
47 000 input47@30
48 111 input48@30
49 100 input49@30
50 000 input50@30
51 000 input51@30
52 101 input52@30
53 000 input53@30
54 111 input54@30
55 111 input55@30
56 111 input56@30
57 111 input57@30
58 000 input58@30
59 000 input59@30
60 000 input60@30
61 111 input61@30
62 000 input62@30
63 000 input63@30
64 000 input64@30
65 000 input65@30
66 0 input66@30
67 0 input67@30
68 0 input68@30
69 0 input69@30
70 0 input70@30
71 0 input71@30
72 0 input72@30
73 0 input73@30
74 0 input74@30
75 0 input75@30
76 0 input76@30
77 0 input77@30
78 0 input78@30
79 0 input79@30
80 0 input80@30
81 0 input81@30
82 0 input82@30
83 000 input83@30
84 000 input84@30
85 000 input85@30
86 0 input86@30
87 0 input87@30
88 0 input88@30
89 000 input89@30
90 000 input90@30
91 000 input91@30
92 000 input92@30
93 000 input93@30
94 000 input94@30
95 00000000 input95@30
96 0 input96@30
97 0 input97@30
98 0 input98@30
99 0 input99@30
100 0 input100@30
101 0 input101@30
102 0 input102@30
103 0 input103@30
104 0 input104@30
105 0 input105@30
106 0 input106@30
107 0 input107@30
108 000 input108@30
109 000 input109@30
110 000 input110@30
111 000 input111@30
112 000 input112@30
113 000 input113@30
114 000 input114@30
115 000 input115@30
116 000 input116@30
117 000 input117@30
118 000 input118@30
119 000 input119@30
120 000 input120@30
121 0 input121@30
122 0 input122@30
123 0 input123@30
124 0 input124@30
125 0 input125@30
126 0 input126@30
127 0 input127@30
128 00000 input128@30
129 00000 input129@30
130 00000 input130@30
@31
0 00000000 DataOut_i@31
1 0 TxValid_i@31
2 0 clk@31
3 0 phy_tx_mode@31
4 1 rst@31
5 0 rxd@31
6 1 rxdn@31
7 0 rxdp@31
8 00000000 input8@31
9 0 input9@31
10 0 input10@31
11 0 input11@31
12 0 input12@31
13 0 input13@31
14 0 input14@31
15 0 input15@31
16 0 input16@31
17 0 input17@31
18 0 input18@31
19 000 input19@31
20 000 input20@31
21 000 input21@31
22 00 input22@31
23 00 input23@31
24 00 input24@31
25 00 input25@31
26 00 input26@31
27 00 input27@31
28 00 input28@31
29 00 input29@31
30 00 input30@31
31 111 input31@31
32 000 input32@31
33 000 input33@31
34 000 input34@31
35 000 input35@31
36 000 input36@31
37 0 input37@31
38 111 input38@31
39 111 input39@31
40 111 input40@31
41 000 input41@31
42 111 input42@31
43 010 input43@31
44 000 input44@31
45 111 input45@31
46 011 input46@31
47 000 input47@31
48 111 input48@31
49 100 input49@31
50 000 input50@31
51 111 input51@31
52 101 input52@31
53 000 input53@31
54 111 input54@31
55 111 input55@31
56 110 input56@31
57 111 input57@31
58 111 input58@31
59 000 input59@31
60 000 input60@31
61 111 input61@31
62 000 input62@31
63 000 input63@31
64 000 input64@31
65 000 input65@31
66 0 input66@31
67 1 input67@31
68 1 input68@31
69 0 input69@31
70 0 input70@31
71 1 input71@31
72 0 input72@31
73 0 input73@31
74 0 input74@31
75 0 input75@31
76 0 input76@31
77 0 input77@31
78 0 input78@31
79 0 input79@31
80 0 input80@31
81 0 input81@31
82 0 input82@31
83 000 input83@31
84 000 input84@31
85 000 input85@31
86 0 input86@31
87 0 input87@31
88 0 input88@31
89 000 input89@31
90 000 input90@31
91 000 input91@31
92 000 input92@31
93 000 input93@31
94 000 input94@31
95 00000000 input95@31
96 0 input96@31
97 0 input97@31
98 0 input98@31
99 0 input99@31
100 0 input100@31
101 0 input101@31
102 0 input102@31
103 0 input103@31
104 0 input104@31
105 0 input105@31
106 0 input106@31
107 0 input107@31
108 000 input108@31
109 000 input109@31
110 000 input110@31
111 000 input111@31
112 000 input112@31
113 000 input113@31
114 000 input114@31
115 000 input115@31
116 000 input116@31
117 000 input117@31
118 000 input118@31
119 000 input119@31
120 000 input120@31
121 0 input121@31
122 0 input122@31
123 0 input123@31
124 0 input124@31
125 0 input125@31
126 0 input126@31
127 0 input127@31
128 00000 input128@31
129 00000 input129@31
130 00000 input130@31
@32
0 00000000 DataOut_i@32
1 0 TxValid_i@32
2 0 clk@32
3 0 phy_tx_mode@32
4 1 rst@32
5 0 rxd@32
6 1 rxdn@32
7 0 rxdp@32
8 00000000 input8@32
9 0 input9@32
10 0 input10@32
11 0 input11@32
12 0 input12@32
13 0 input13@32
14 0 input14@32
15 0 input15@32
16 0 input16@32
17 0 input17@32
18 0 input18@32
19 000 input19@32
20 000 input20@32
21 000 input21@32
22 00 input22@32
23 00 input23@32
24 00 input24@32
25 00 input25@32
26 00 input26@32
27 00 input27@32
28 00 input28@32
29 00 input29@32
30 00 input30@32
31 000 input31@32
32 000 input32@32
33 000 input33@32
34 000 input34@32
35 000 input35@32
36 000 input36@32
37 0 input37@32
38 000 input38@32
39 000 input39@32
40 111 input40@32
41 000 input41@32
42 000 input42@32
43 111 input43@32
44 000 input44@32
45 000 input45@32
46 111 input46@32
47 000 input47@32
48 000 input48@32
49 111 input49@32
50 000 input50@32
51 000 input51@32
52 000 input52@32
53 000 input53@32
54 000 input54@32
55 111 input55@32
56 000 input56@32
57 110 input57@32
58 111 input58@32
59 000 input59@32
60 000 input60@32
61 000 input61@32
62 000 input62@32
63 000 input63@32
64 000 input64@32
65 000 input65@32
66 0 input66@32
67 1 input67@32
68 1 input68@32
69 0 input69@32
70 0 input70@32
71 0 input71@32
72 0 input72@32
73 0 input73@32
74 0 input74@32
75 0 input75@32
76 0 input76@32
77 0 input77@32
78 0 input78@32
79 0 input79@32
80 0 input80@32
81 0 input81@32
82 0 input82@32
83 000 input83@32
84 000 input84@32
85 000 input85@32
86 0 input86@32
87 0 input87@32
88 0 input88@32
89 000 input89@32
90 000 input90@32
91 000 input91@32
92 000 input92@32
93 000 input93@32
94 000 input94@32
95 00000000 input95@32
96 0 input96@32
97 0 input97@32
98 0 input98@32
99 0 input99@32
100 0 input100@32
101 0 input101@32
102 0 input102@32
103 0 input103@32
104 0 input104@32
105 0 input105@32
106 0 input106@32
107 0 input107@32
108 000 input108@32
109 000 input109@32
110 000 input110@32
111 000 input111@32
112 000 input112@32
113 000 input113@32
114 000 input114@32
115 000 input115@32
116 000 input116@32
117 000 input117@32
118 000 input118@32
119 000 input119@32
120 000 input120@32
121 0 input121@32
122 0 input122@32
123 0 input123@32
124 0 input124@32
125 0 input125@32
126 0 input126@32
127 0 input127@32
128 00011 input128@32
129 00000 input129@32
130 00000 input130@32
@33
0 00000000 DataOut_i@33
1 0 TxValid_i@33
2 0 clk@33
3 0 phy_tx_mode@33
4 1 rst@33
5 0 rxd@33
6 0 rxdn@33
7 0 rxdp@33
8 00000000 input8@33
9 0 input9@33
10 0 input10@33
11 0 input11@33
12 0 input12@33
13 0 input13@33
14 0 input14@33
15 0 input15@33
16 0 input16@33
17 0 input17@33
18 0 input18@33
19 000 input19@33
20 000 input20@33
21 000 input21@33
22 00 input22@33
23 00 input23@33
24 00 input24@33
25 00 input25@33
26 00 input26@33
27 00 input27@33
28 00 input28@33
29 00 input29@33
30 00 input30@33
31 111 input31@33
32 000 input32@33
33 000 input33@33
34 000 input34@33
35 000 input35@33
36 000 input36@33
37 0 input37@33
38 111 input38@33
39 000 input39@33
40 001 input40@33
41 000 input41@33
42 111 input42@33
43 010 input43@33
44 000 input44@33
45 111 input45@33
46 011 input46@33
47 000 input47@33
48 111 input48@33
49 100 input49@33
50 000 input50@33
51 000 input51@33
52 101 input52@33
53 000 input53@33
54 111 input54@33
55 111 input55@33
56 110 input56@33
57 111 input57@33
58 111 input58@33
59 000 input59@33
60 000 input60@33
61 000 input61@33
62 111 input62@33
63 000 input63@33
64 000 input64@33
65 000 input65@33
66 0 input66@33
67 1 input67@33
68 0 input68@33
69 0 input69@33
70 0 input70@33
71 0 input71@33
72 0 input72@33
73 0 input73@33
74 0 input74@33
75 0 input75@33
76 0 input76@33
77 0 input77@33
78 0 input78@33
79 0 input79@33
80 0 input80@33
81 0 input81@33
82 0 input82@33
83 000 input83@33
84 000 input84@33
85 000 input85@33
86 0 input86@33
87 0 input87@33
88 0 input88@33
89 000 input89@33
90 000 input90@33
91 000 input91@33
92 000 input92@33
93 000 input93@33
94 000 input94@33
95 00000000 input95@33
96 0 input96@33
97 0 input97@33
98 0 input98@33
99 0 input99@33
100 0 input100@33
101 0 input101@33
102 0 input102@33
103 0 input103@33
104 0 input104@33
105 0 input105@33
106 0 input106@33
107 0 input107@33
108 000 input108@33
109 000 input109@33
110 000 input110@33
111 000 input111@33
112 000 input112@33
113 000 input113@33
114 000 input114@33
115 000 input115@33
116 000 input116@33
117 000 input117@33
118 000 input118@33
119 000 input119@33
120 000 input120@33
121 0 input121@33
122 0 input122@33
123 0 input123@33
124 0 input124@33
125 0 input125@33
126 0 input126@33
127 0 input127@33
128 11110 input128@33
129 00000 input129@33
130 00000 input130@33
@34
0 00000000 DataOut_i@34
1 0 TxValid_i@34
2 0 clk@34
3 0 phy_tx_mode@34
4 1 rst@34
5 0 rxd@34
6 0 rxdn@34
7 0 rxdp@34
8 00000000 input8@34
9 0 input9@34
10 0 input10@34
11 0 input11@34
12 0 input12@34
13 0 input13@34
14 0 input14@34
15 0 input15@34
16 0 input16@34
17 0 input17@34
18 0 input18@34
19 000 input19@34
20 000 input20@34
21 000 input21@34
22 00 input22@34
23 00 input23@34
24 00 input24@34
25 00 input25@34
26 00 input26@34
27 00 input27@34
28 00 input28@34
29 00 input29@34
30 00 input30@34
31 111 input31@34
32 000 input32@34
33 000 input33@34
34 000 input34@34
35 000 input35@34
36 000 input36@34
37 0 input37@34
38 000 input38@34
39 000 input39@34
40 000 input40@34
41 000 input41@34
42 000 input42@34
43 000 input43@34
44 000 input44@34
45 000 input45@34
46 000 input46@34
47 000 input47@34
48 000 input48@34
49 000 input49@34
50 000 input50@34
51 000 input51@34
52 000 input52@34
53 000 input53@34
54 000 input54@34
55 000 input55@34
56 000 input56@34
57 000 input57@34
58 000 input58@34
59 000 input59@34
60 000 input60@34
61 000 input61@34
62 000 input62@34
63 000 input63@34
64 000 input64@34
65 000 input65@34
66 1 input66@34
67 0 input67@34
68 0 input68@34
69 0 input69@34
70 0 input70@34
71 0 input71@34
72 0 input72@34
73 1 input73@34
74 0 input74@34
75 0 input75@34
76 0 input76@34
77 0 input77@34
78 0 input78@34
79 0 input79@34
80 0 input80@34
81 0 input81@34
82 0 input82@34
83 000 input83@34
84 000 input84@34
85 000 input85@34
86 0 input86@34
87 0 input87@34
88 0 input88@34
89 000 input89@34
90 000 input90@34
91 000 input91@34
92 000 input92@34
93 000 input93@34
94 000 input94@34
95 00000000 input95@34
96 0 input96@34
97 0 input97@34
98 0 input98@34
99 0 input99@34
100 0 input100@34
101 0 input101@34
102 0 input102@34
103 0 input103@34
104 0 input104@34
105 0 input105@34
106 0 input106@34
107 0 input107@34
108 000 input108@34
109 000 input109@34
110 000 input110@34
111 000 input111@34
112 000 input112@34
113 000 input113@34
114 000 input114@34
115 000 input115@34
116 000 input116@34
117 000 input117@34
118 000 input118@34
119 000 input119@34
120 000 input120@34
121 0 input121@34
122 0 input122@34
123 0 input123@34
124 0 input124@34
125 0 input125@34
126 0 input126@34
127 0 input127@34
128 00000 input128@34
129 00000 input129@34
130 00000 input130@34
@35
0 00000000 DataOut_i@35
1 0 TxValid_i@35
2 0 clk@35
3 0 phy_tx_mode@35
4 0 rst@35
5 0 rxd@35
6 0 rxdn@35
7 0 rxdp@35
8 00000000 input8@35
9 0 input9@35
10 0 input10@35
11 0 input11@35
12 0 input12@35
13 0 input13@35
14 0 input14@35
15 0 input15@35
16 0 input16@35
17 1 input17@35
18 0 input18@35
19 000 input19@35
20 000 input20@35
21 000 input21@35
22 00 input22@35
23 00 input23@35
24 00 input24@35
25 00 input25@35
26 00 input26@35
27 00 input27@35
28 00 input28@35
29 00 input29@35
30 00 input30@35
31 000 input31@35
32 000 input32@35
33 000 input33@35
34 000 input34@35
35 000 input35@35
36 000 input36@35
37 0 input37@35
38 000 input38@35
39 000 input39@35
40 000 input40@35
41 000 input41@35
42 000 input42@35
43 000 input43@35
44 000 input44@35
45 000 input45@35
46 000 input46@35
47 000 input47@35
48 000 input48@35
49 000 input49@35
50 000 input50@35
51 000 input51@35
52 000 input52@35
53 000 input53@35
54 000 input54@35
55 000 input55@35
56 000 input56@35
57 000 input57@35
58 000 input58@35
59 000 input59@35
60 000 input60@35
61 000 input61@35
62 000 input62@35
63 000 input63@35
64 000 input64@35
65 000 input65@35
66 0 input66@35
67 0 input67@35
68 0 input68@35
69 0 input69@35
70 0 input70@35
71 0 input71@35
72 0 input72@35
73 0 input73@35
74 0 input74@35
75 0 input75@35
76 0 input76@35
77 0 input77@35
78 0 input78@35
79 0 input79@35
80 0 input80@35
81 0 input81@35
82 0 input82@35
83 000 input83@35
84 000 input84@35
85 000 input85@35
86 0 input86@35
87 0 input87@35
88 0 input88@35
89 000 input89@35
90 000 input90@35
91 000 input91@35
92 000 input92@35
93 000 input93@35
94 000 input94@35
95 00000000 input95@35
96 0 input96@35
97 0 input97@35
98 0 input98@35
99 0 input99@35
100 0 input100@35
101 0 input101@35
102 0 input102@35
103 0 input103@35
104 0 input104@35
105 0 input105@35
106 0 input106@35
107 0 input107@35
108 000 input108@35
109 000 input109@35
110 000 input110@35
111 000 input111@35
112 000 input112@35
113 000 input113@35
114 000 input114@35
115 000 input115@35
116 000 input116@35
117 000 input117@35
118 000 input118@35
119 000 input119@35
120 000 input120@35
121 0 input121@35
122 0 input122@35
123 0 input123@35
124 0 input124@35
125 0 input125@35
126 0 input126@35
127 0 input127@35
128 00000 input128@35
129 00000 input129@35
130 00000 input130@35
@36
0 00000000 DataOut_i@36
1 0 TxValid_i@36
2 0 clk@36
3 0 phy_tx_mode@36
4 0 rst@36
5 0 rxd@36
6 0 rxdn@36
7 0 rxdp@36
8 00000000 input8@36
9 0 input9@36
10 0 input10@36
11 0 input11@36
12 0 input12@36
13 0 input13@36
14 0 input14@36
15 0 input15@36
16 0 input16@36
17 0 input17@36
18 0 input18@36
19 000 input19@36
20 000 input20@36
21 000 input21@36
22 00 input22@36
23 00 input23@36
24 00 input24@36
25 00 input25@36
26 00 input26@36
27 00 input27@36
28 00 input28@36
29 00 input29@36
30 00 input30@36
31 000 input31@36
32 000 input32@36
33 000 input33@36
34 000 input34@36
35 000 input35@36
36 000 input36@36
37 0 input37@36
38 000 input38@36
39 000 input39@36
40 000 input40@36
41 000 input41@36
42 000 input42@36
43 000 input43@36
44 000 input44@36
45 000 input45@36
46 000 input46@36
47 000 input47@36
48 000 input48@36
49 000 input49@36
50 000 input50@36
51 000 input51@36
52 000 input52@36
53 000 input53@36
54 000 input54@36
55 000 input55@36
56 000 input56@36
57 000 input57@36
58 000 input58@36
59 000 input59@36
60 000 input60@36
61 000 input61@36
62 000 input62@36
63 000 input63@36
64 000 input64@36
65 000 input65@36
66 0 input66@36
67 0 input67@36
68 0 input68@36
69 0 input69@36
70 0 input70@36
71 0 input71@36
72 0 input72@36
73 0 input73@36
74 0 input74@36
75 0 input75@36
76 0 input76@36
77 0 input77@36
78 0 input78@36
79 0 input79@36
80 0 input80@36
81 0 input81@36
82 0 input82@36
83 000 input83@36
84 000 input84@36
85 000 input85@36
86 0 input86@36
87 0 input87@36
88 0 input88@36
89 000 input89@36
90 000 input90@36
91 000 input91@36
92 000 input92@36
93 000 input93@36
94 000 input94@36
95 00000000 input95@36
96 0 input96@36
97 0 input97@36
98 0 input98@36
99 0 input99@36
100 0 input100@36
101 0 input101@36
102 0 input102@36
103 0 input103@36
104 0 input104@36
105 0 input105@36
106 0 input106@36
107 0 input107@36
108 000 input108@36
109 000 input109@36
110 000 input110@36
111 000 input111@36
112 000 input112@36
113 000 input113@36
114 000 input114@36
115 000 input115@36
116 000 input116@36
117 000 input117@36
118 000 input118@36
119 000 input119@36
120 000 input120@36
121 0 input121@36
122 0 input122@36
123 0 input123@36
124 0 input124@36
125 0 input125@36
126 0 input126@36
127 0 input127@36
128 00000 input128@36
129 00000 input129@36
130 00000 input130@36
.
