sat
b0 
#0
0 0000000000000000 f.entry_gen[16].ff_entry_inst.Q#0
1 000000 f.ff_rdPtr.Q#0
2 0000000000000000 f.entry_gen[15].ff_entry_inst.Q#0
3 0000000000000000 f.entry_gen[14].ff_entry_inst.Q#0
4 0000000000000000 f.entry_gen[13].ff_entry_inst.Q#0
5 0000000000000000 f.entry_gen[12].ff_entry_inst.Q#0
6 0000000000000000 f.entry_gen[11].ff_entry_inst.Q#0
7 0000000000000000 f.entry_gen[10].ff_entry_inst.Q#0
8 0000000000000000 f.entry_gen[9].ff_entry_inst.Q#0
9 0000000000000000 f.entry_gen[8].ff_entry_inst.Q#0
10 0000000000000000 f.entry_gen[7].ff_entry_inst.Q#0
11 0000000000000000 f.entry_gen[6].ff_entry_inst.Q#0
12 0000000000000000 f.entry_gen[5].ff_entry_inst.Q#0
13 0000000000000000 f.entry_gen[4].ff_entry_inst.Q#0
14 0000000000000000 f.entry_gen[3].ff_entry_inst.Q#0
15 0000000000000000 f.entry_gen[2].ff_entry_inst.Q#0
16 0000000000000000 f.entry_gen[1].ff_entry_inst.Q#0
17 0000000000000000 f.entry_gen[0].ff_entry_inst.Q#0
18 100000 f.cnt#0
19 0 sb.ff_en.Q#0
20 0 sb.ff_magic_packet_exited.Q#0
21 000000 sb.mpt.ff_cnt.Q#0
22 0000000000000000 sb.ff_magic_packet.Q#0
24 000000 f.ff_wrPtr.Q#0
@0
0 0 clk@0
1 0000000000000000 data_in@0
2 1 pop@0
3 1 push@0
4 1 rst@0
5 0 start@0
6 0000000000000000 input6@0
7 0 input7@0
@1
0 0 clk@1
1 0111000000001000 data_in@1
2 0 pop@1
3 1 push@1
4 0 rst@1
5 0 start@1
6 0000000000000000 input6@1
7 0 input7@1
@2
0 0 clk@2
1 0000000000000010 data_in@2
2 1 pop@2
3 1 push@2
4 0 rst@2
5 0 start@2
6 0000000000000000 input6@2
7 0 input7@2
@3
0 0 clk@3
1 1001011101011011 data_in@3
2 1 pop@3
3 1 push@3
4 0 rst@3
5 0 start@3
6 0000000000000000 input6@3
7 0 input7@3
@4
0 0 clk@4
1 0000000000000000 data_in@4
2 1 pop@4
3 1 push@4
4 0 rst@4
5 0 start@4
6 0000010000000000 input6@4
7 0 input7@4
@5
0 0 clk@5
1 0000000000000000 data_in@5
2 1 pop@5
3 1 push@5
4 0 rst@5
5 0 start@5
6 0000010000000000 input6@5
7 0 input7@5
@6
0 0 clk@6
1 0001000000000000 data_in@6
2 1 pop@6
3 1 push@6
4 0 rst@6
5 0 start@6
6 0000010000000000 input6@6
7 0 input7@6
@7
0 0 clk@7
1 0000000100000000 data_in@7
2 1 pop@7
3 1 push@7
4 0 rst@7
5 0 start@7
6 0000000000000000 input6@7
7 0 input7@7
@8
0 0 clk@8
1 0000000000000000 data_in@8
2 1 pop@8
3 1 push@8
4 0 rst@8
5 0 start@8
6 0000000000000000 input6@8
7 0 input7@8
@9
0 0 clk@9
1 0000000000000000 data_in@9
2 1 pop@9
3 1 push@9
4 0 rst@9
5 0 start@9
6 0000000000000000 input6@9
7 0 input7@9
@10
0 0 clk@10
1 0000000000000000 data_in@10
2 1 pop@10
3 1 push@10
4 0 rst@10
5 0 start@10
6 0000000000000000 input6@10
7 0 input7@10
@11
0 0 clk@11
1 0000000000000000 data_in@11
2 1 pop@11
3 1 push@11
4 0 rst@11
5 0 start@11
6 0000000000000000 input6@11
7 0 input7@11
@12
0 0 clk@12
1 0000000000000000 data_in@12
2 1 pop@12
3 1 push@12
4 0 rst@12
5 0 start@12
6 0000000000000000 input6@12
7 0 input7@12
@13
0 0 clk@13
1 0000000000000000 data_in@13
2 1 pop@13
3 1 push@13
4 0 rst@13
5 0 start@13
6 0000000000000000 input6@13
7 0 input7@13
@14
0 0 clk@14
1 0000000000000000 data_in@14
2 1 pop@14
3 1 push@14
4 0 rst@14
5 0 start@14
6 0000000000000000 input6@14
7 0 input7@14
@15
0 0 clk@15
1 0100010010100001 data_in@15
2 1 pop@15
3 1 push@15
4 0 rst@15
5 0 start@15
6 0000000000000000 input6@15
7 0 input7@15
@16
0 0 clk@16
1 0101111100110011 data_in@16
2 1 pop@16
3 1 push@16
4 0 rst@16
5 0 start@16
6 0000001000000000 input6@16
7 0 input7@16
@17
0 0 clk@17
1 1010100100010011 data_in@17
2 1 pop@17
3 1 push@17
4 0 rst@17
5 0 start@17
6 0000001000100000 input6@17
7 0 input7@17
@18
0 0 clk@18
1 0101111100100011 data_in@18
2 1 pop@18
3 1 push@18
4 0 rst@18
5 1 start@18
6 1011010000000011 input6@18
7 0 input7@18
@19
0 0 clk@19
1 0000000000000000 data_in@19
2 1 pop@19
3 1 push@19
4 0 rst@19
5 0 start@19
6 0101111100110011 input6@19
7 0 input7@19
.
