sat
b0 
#0
0 00000000000000000000000000000000 dut.regs[0].reg_inst.Q#0
1 1101 dut.count#0
2 0 sb.ff_en.Q#0
3 0 sb.ff_magic_packet_exited.Q#0
4 0000 sb.mpt.ff_cnt.Q#0
5 00000000000000000000000000000000 sb.ff_magic_packet.Q#0
7 00000000000000000000000000000000 dut.regs[1].reg_inst.Q#0
8 00000000000000000000000000000000 dut.regs[2].reg_inst.Q#0
9 00000000000000000000000000000000 dut.regs[3].reg_inst.Q#0
10 00000000000000000000000000000000 dut.regs[4].reg_inst.Q#0
11 00000000000000000000000000000000 dut.regs[5].reg_inst.Q#0
12 00000000000000000000000000000000 dut.regs[6].reg_inst.Q#0
13 00000000000000000000000000000000 dut.regs[7].reg_inst.Q#0
@0
0 0 clk@0
1 00000000000000000000000000000000 data_in@0
2 00000000000000000000000000000000 dut.regs[7].reg_inst.D@0
3 0 pop@0
4 0 push@0
5 1 rst@0
6 0 start@0
7 0 input7@0
@1
0 0 clk@1
1 00000000000000000100000000000010 data_in@1
2 00000000000000000000000000000000 dut.regs[7].reg_inst.D@1
3 0 pop@1
4 1 push@1
5 0 rst@1
6 0 start@1
7 0 input7@1
@2
0 0 clk@2
1 01000000000100000100000000001000 data_in@2
2 11111111111111111111111111111111 dut.regs[7].reg_inst.D@2
3 0 pop@2
4 1 push@2
5 0 rst@2
6 0 start@2
7 0 input7@2
@3
0 0 clk@3
1 01010000000100001000100010000010 data_in@3
2 11111111111111111111111111111111 dut.regs[7].reg_inst.D@3
3 0 pop@3
4 1 push@3
5 0 rst@3
6 0 start@3
7 0 input7@3
@4
0 0 clk@4
1 01000010001100000001000000000000 data_in@4
2 11111111111111111111111111111111 dut.regs[7].reg_inst.D@4
3 0 pop@4
4 1 push@4
5 0 rst@4
6 0 start@4
7 0 input7@4
@5
0 0 clk@5
1 11000001001100011000100110000101 data_in@5
2 11111111111111111111111111111111 dut.regs[7].reg_inst.D@5
3 0 pop@5
4 1 push@5
5 0 rst@5
6 0 start@5
7 0 input7@5
@6
0 0 clk@6
1 11000001001100110011110111010001 data_in@6
2 11111111111111111111111111111111 dut.regs[7].reg_inst.D@6
3 0 pop@6
4 1 push@6
5 0 rst@6
6 0 start@6
7 0 input7@6
@7
0 0 clk@7
1 00100101110111010100111110001110 data_in@7
2 11111111111111111111111111111111 dut.regs[7].reg_inst.D@7
3 0 pop@7
4 1 push@7
5 0 rst@7
6 0 start@7
7 0 input7@7
@8
0 0 clk@8
1 00000101110111010100101110001110 data_in@8
2 00000101110111010100111110001110 dut.regs[7].reg_inst.D@8
3 0 pop@8
4 1 push@8
5 0 rst@8
6 1 start@8
7 0 input7@8
@9
0 0 clk@9
1 11011011011001110001101100110001 data_in@9
2 00000000000000000000000000000000 dut.regs[7].reg_inst.D@9
3 1 pop@9
4 0 push@9
5 0 rst@9
6 1 start@9
7 0 input7@9
@10
0 0 clk@10
1 11010100101001111000111000010011 data_in@10
2 00000000000000000000000000000000 dut.regs[7].reg_inst.D@10
3 1 pop@10
4 1 push@10
5 0 rst@10
6 0 start@10
7 0 input7@10
@11
0 0 clk@11
1 11010011001011111111100000111111 data_in@11
2 00000000000000000000000000000000 dut.regs[7].reg_inst.D@11
3 1 pop@11
4 1 push@11
5 0 rst@11
6 0 start@11
7 0 input7@11
@12
0 0 clk@12
1 01010010011001110010101010111001 data_in@12
2 00000000000000000000000000000000 dut.regs[7].reg_inst.D@12
3 1 pop@12
4 0 push@12
5 0 rst@12
6 1 start@12
7 0 input7@12
@13
0 0 clk@13
1 00111111110101010010010010101001 data_in@13
2 00000000000000000000000000000000 dut.regs[7].reg_inst.D@13
3 1 pop@13
4 1 push@13
5 0 rst@13
6 0 start@13
7 0 input7@13
@14
0 0 clk@14
1 11111111111111111111111111111111 data_in@14
2 00000000000000000000000000000000 dut.regs[7].reg_inst.D@14
3 1 pop@14
4 1 push@14
5 0 rst@14
6 0 start@14
7 0 input7@14
@15
0 0 clk@15
1 11111111111111111111111111111111 data_in@15
2 00000000000000000000000000000000 dut.regs[7].reg_inst.D@15
3 1 pop@15
4 1 push@15
5 0 rst@15
6 1 start@15
7 0 input7@15
@16
0 0 clk@16
1 00000000000000000000000000000000 data_in@16
2 00000000000000000000000000000000 dut.regs[7].reg_inst.D@16
3 1 pop@16
4 0 push@16
5 0 rst@16
6 0 start@16
7 0 input7@16
.
