sat
b0 
#0
0 0000000000000000000000000000000000000000000000000000000000000000 dut.regs[0].reg_inst.Q#0
1 0100 dut.count#0
2 0 sb.ff_en.Q#0
3 0 sb.ff_magic_packet_exited.Q#0
4 0000 sb.mpt.ff_cnt.Q#0
5 0000000000000000000000000000000000000000000000000000000000000000 sb.ff_magic_packet.Q#0
7 0000000000000000000000000000000000000000000000000000000000000000 dut.regs[1].reg_inst.Q#0
8 0000000000000000000000000000000000000000000000000000000000000000 dut.regs[2].reg_inst.Q#0
9 0000000000000000000000000000000000000000000000000000000000000000 dut.regs[3].reg_inst.Q#0
10 0000000000000000000000000000000000000000000000000000000000000000 dut.regs[4].reg_inst.Q#0
11 0000000000000000000000000000000000000000000000000000000000000000 dut.regs[5].reg_inst.Q#0
12 0000000000000000000000000000000000000000000000000000000000000000 dut.regs[6].reg_inst.Q#0
13 0000000000000000000000000000000000000000000000000000000000000000 dut.regs[7].reg_inst.Q#0
@0
0 0 clk@0
1 0000000000000000000000000000000000000000000000000000000000000000 data_in@0
2 0000000000000000000000000000000000000000000000000000000000000000 dut.regs[7].reg_inst.D@0
3 1 pop@0
4 1 push@0
5 1 rst@0
6 0 start@0
7 0 input7@0
@1
0 0 clk@1
1 1000001010000111000111001000100101100010000000110100110100100000 data_in@1
2 0000000000000000000000000000000000000000000000000000000000000000 dut.regs[7].reg_inst.D@1
3 0 pop@1
4 1 push@1
5 0 rst@1
6 0 start@1
7 0 input7@1
@2
0 0 clk@2
1 1100010010010001010001001000100000000011000010000000000000000000 data_in@2
2 0000001001000101000000000000000001000000000000000000000000000001 dut.regs[7].reg_inst.D@2
3 0 pop@2
4 1 push@2
5 0 rst@2
6 0 start@2
7 0 input7@2
@3
0 0 clk@3
1 0001000110010000000001000000000010000010000000001000000000000100 data_in@3
2 0000000000000000000000000000000000000000000000000000000000000000 dut.regs[7].reg_inst.D@3
3 0 pop@3
4 1 push@3
5 0 rst@3
6 0 start@3
7 0 input7@3
@4
0 0 clk@4
1 1100000000000001001100000001000111000000000111000000000110000010 data_in@4
2 0000111111000101100011010010000001010001011000001100100000000000 dut.regs[7].reg_inst.D@4
3 0 pop@4
4 1 push@4
5 0 rst@4
6 0 start@4
7 0 input7@4
@5
0 0 clk@5
1 1000000000010100000001100001000000100000000001101000001100010001 data_in@5
2 0000000000000000000000000000000000000001000000000001000000100000 dut.regs[7].reg_inst.D@5
3 0 pop@5
4 1 push@5
5 0 rst@5
6 0 start@5
7 0 input7@5
@6
0 0 clk@6
1 1000000001000001110101000110000001000011100000101000010011111111 data_in@6
2 1000000000000000000100000010000000000000000000000010000000001000 dut.regs[7].reg_inst.D@6
3 0 pop@6
4 1 push@6
5 0 rst@6
6 0 start@6
7 0 input7@6
@7
0 0 clk@7
1 1000000001000001110101000110000001000011100000101000010011101111 data_in@7
2 0011111100001010100111110010001000101100100101111100110010011101 dut.regs[7].reg_inst.D@7
3 0 pop@7
4 1 push@7
5 0 rst@7
6 0 start@7
7 0 input7@7
@8
0 0 clk@8
1 0000000001000000000100000000000001000000001000101000000000101000 data_in@8
2 0000000001000000000100000000000001000000000000101000000000101000 dut.regs[7].reg_inst.D@8
3 0 pop@8
4 1 push@8
5 0 rst@8
6 1 start@8
7 0 input7@8
@9
0 0 clk@9
1 0001111001100001011110111110011111111111010111100101000101111001 data_in@9
2 0000000000000000000000000000000000000000000000000000000000000000 dut.regs[7].reg_inst.D@9
3 1 pop@9
4 0 push@9
5 0 rst@9
6 0 start@9
7 0 input7@9
@10
0 0 clk@10
1 0011111100001010100111110010001000101100100101111100110010001101 data_in@10
2 0000000000000000000000000000000000000000000000000000000000000000 dut.regs[7].reg_inst.D@10
3 1 pop@10
4 0 push@10
5 0 rst@10
6 1 start@10
7 0 input7@10
@11
0 0 clk@11
1 0011101011000110010110001111101010010101010000000010000011101100 data_in@11
2 0000000000000000000000000000000000000000000000000000000000000000 dut.regs[7].reg_inst.D@11
3 1 pop@11
4 0 push@11
5 0 rst@11
6 1 start@11
7 0 input7@11
@12
0 0 clk@12
1 0000100001010010001001101100001110100001100000001010010000001001 data_in@12
2 0000000000000000000000000000000000000000000000000000000000000000 dut.regs[7].reg_inst.D@12
3 1 pop@12
4 1 push@12
5 0 rst@12
6 0 start@12
7 0 input7@12
@13
0 0 clk@13
1 1101110001100010001001111101001110111111110011101011010100101001 data_in@13
2 0000000000000000000000000000000000000000000000000000000000000000 dut.regs[7].reg_inst.D@13
3 1 pop@13
4 1 push@13
5 0 rst@13
6 0 start@13
7 0 input7@13
@14
0 0 clk@14
1 1100101001111100100111010110010000011011011101000110001100000001 data_in@14
2 0000000000000000000000000000000000000000000000000000000000000000 dut.regs[7].reg_inst.D@14
3 1 pop@14
4 0 push@14
5 0 rst@14
6 1 start@14
7 0 input7@14
@15
0 0 clk@15
1 0100110010000000111001010011010011100101110110111001110111100100 data_in@15
2 0000000000000000000000000000000000000000000000000000000000000000 dut.regs[7].reg_inst.D@15
3 1 pop@15
4 1 push@15
5 0 rst@15
6 1 start@15
7 0 input7@15
@16
0 0 clk@16
1 0000000000000000000000000000000000000000000000000000000000000000 data_in@16
2 0000000000000000000000000000000000000000000000000000000000000000 dut.regs[7].reg_inst.D@16
3 1 pop@16
4 0 push@16
5 0 rst@16
6 0 start@16
7 0 input7@16
.
