Failed to find a lemma for: (= ((_ extract 2 2) INV!slice!1_4_n) #b0)
Available lemmas are: 8: (not ((_ bit2bool 1) INV!slice!1_0_n))
9: (or (not ((_ bit2bool 1) INV!slice!1_7_n))
    (= INV!slice!1_7_n #b010)
    (bvule INV!slice!1_4_n INV!slice!1_0_n))
10: (or (not ((_ bit2bool 1) INV!slice!1_7_n))
    (= INV!slice!1_7_n #b010)
    ((_ bit2bool 0) INV!slice!1_7_n)
    (bvule INV!slice!1_4_n INV!slice!1_0_n))
11: (or (= INV!slice!1_7_n #b001)
    (= ((_ extract 2 1) INV!slice!1_4_n) #b00)
    (not (bvule INV!slice!1_8_n INV!slice!1_6_n))
    (bvule INV!slice!1_10_n INV!slice!1_6_n))
12: (or (= ((_ extract 0 0) INV!slice!1_7_n) #b1)
    ((_ bit2bool 0) INV!slice!1_0_n)
    (= ((_ extract 2 1) INV!slice!1_4_n) #b00))
13: (or (= ((_ extract 0 0) INV!slice!1_7_n) #b1)
    (= ((_ extract 1 0) INV!slice!1_0_n) #b01)
    (= ((_ extract 2 1) INV!slice!1_4_n) #b00))
14: (or (not (= ((_ extract 2 2) INV!slice!1_7_n) #b1))
    (= ((_ extract 2 1) INV!slice!1_4_n) #b00))
15: (or (not ((_ bit2bool 0) INV!slice!1_4_n))
    (not ((_ bit2bool 1) INV!slice!1_4_n)))
16: (and (= ((_ extract 2 2) INV!slice!1_4_n) #b0)
     (bvule ((_ extract 1 0) INV!slice!1_4_n) #b10))
17: (or ((_ bit2bool 0) INV!slice!1_0_n)
    (= ((_ extract 2 1) INV!slice!1_4_n) #b00)
    (bvule INV!slice!1_6_n INV!slice!1_3_n))
Simplified goal is:
0: (not ((_ bit2bool 1) INV!slice!1_0_n))
1: (or (not ((_ bit2bool 1) INV!slice!1_7_n))
    (= INV!slice!1_7_n #b010)
    (bvule INV!slice!1_4_n INV!slice!1_0_n))
2: (or (= INV!slice!1_7_n #b001)
    (= ((_ extract 2 1) INV!slice!1_4_n) #b00)
    (not (bvule INV!slice!1_8_n INV!slice!1_6_n))
    (bvule INV!slice!1_10_n INV!slice!1_6_n))
3: (or (= ((_ extract 0 0) INV!slice!1_7_n) #b1)
    (= ((_ extract 1 0) INV!slice!1_0_n) #b01)
    (= ((_ extract 2 1) INV!slice!1_4_n) #b00))
4: (or (not (= ((_ extract 2 2) INV!slice!1_7_n) #b1))
    (= ((_ extract 2 1) INV!slice!1_4_n) #b00))
5: (= ((_ extract 2 2) INV!slice!1_4_n) #b0)
6: (bvule ((_ extract 1 0) INV!slice!1_4_n) #b10)
7: (or ((_ bit2bool 0) INV!slice!1_0_n)
    (= ((_ extract 2 1) INV!slice!1_4_n) #b00)
    (bvule INV!slice!1_6_n INV!slice!1_3_n))
ASSERTION VIOLATION
File: ../src/muz/spacer/spacer_context.cpp
Line: 2204
Failed to verify: found

Z3 4.8.9.0
Please file an issue with this message and more detail about how you encountered it at https://github.com/Z3Prover/z3/issues/new
