sat
b0 
#0
0 0 ref_uut.trap_gold#0
1 0 ref_uut.trap_gate#0
2 1 ref_uut.mem_valid_gold#0
3 0 ref_uut.mem_valid_gate#0
4 0 ref_uut.mem_instr_gold#0
5 0 ref_uut.mem_instr_gate#0
6 00000000000000000000000000000000 ref_uut.mem_addr_gold#0
7 00000000000000000000000000000000 ref_uut.mem_addr_gate#0
8 0000 ref_uut.mem_wstrb_gold#0
9 1100 ref_uut.mem_wstrb_gate#0
10 00000000000000000000000000000000 ref_uut.mem_wdata_gold#0
11 00000000000000000000000000000000 ref_uut.mem_wdata_gate#0
13 01111111111001111101111110111100 ref_uut.reg_next_pc_gold#0
14 10 ref_uut.irq_state_gold#0
15 00000000000000000000000000000000 ref_uut.reg_out_gold#0
16 11111111111111111111111111111110 ref_uut.alu_out_q_gold#0
17 1 ref_uut.latched_stalu_gold#0
18 0 ref_uut.latched_store_gold#0
19 0 ref_uut.latched_branch_gold#0
20 1 ref_uut.compressed_instr_gold#0
21 00100011111001000010001000001101 ref_uut.reg_next_pc_gate#0
22 10 ref_uut.irq_state_gate#0
23 00000000000000000000000000000000 ref_uut.reg_out_gate#0
24 11111111111111111111111111111110 ref_uut.alu_out_q_gate#0
25 1 ref_uut.latched_stalu_gate#0
26 0 ref_uut.latched_store_gate#0
27 0 ref_uut.latched_branch_gate#0
28 1 ref_uut.compressed_instr_gate#0
29 1 ref_uut.mem_do_prefetch_gold#0
30 0 ref_uut.mem_do_rinst_gold#0
31 0 ref_uut.mem_la_secondword_gold#0
32 0 ref_uut.prefetched_high_word_gold#0
33 0 ref_uut.clear_prefetched_high_word_q_gold#0
34 0 ref_uut.mem_la_firstword_reg_gold#0
35 1 ref_uut.last_mem_valid_gold#0
36 0 ref_uut.mem_do_prefetch_gate#0
37 0 ref_uut.mem_do_rinst_gate#0
38 1 ref_uut.mem_la_secondword_gate#0
39 0 ref_uut.prefetched_high_word_gate#0
40 0 ref_uut.clear_prefetched_high_word_q_gate#0
41 0 ref_uut.mem_la_firstword_reg_gate#0
42 1 ref_uut.last_mem_valid_gate#0
43 0000 state43#0
44 01111111111111111111111111110000 ref_uut.reg_op1_gold#0
45 11 ref_uut.mem_wordsize_gold#0
46 10 ref_uut.mem_state_gold#0
47 0 ref_uut.mem_do_wdata_gold#0
48 0000 state48#0
49 01111111111111111111111111110000 ref_uut.reg_op1_gate#0
50 11 ref_uut.mem_wordsize_gate#0
51 00 ref_uut.mem_state_gate#0
52 1 ref_uut.mem_do_wdata_gate#0
53 01001111000100000000011000000000 ref_uut.mem_rdata_q_gold#0
54 0000100100001011 ref_uut.mem_16bit_buffer_gold#0
55 00110000000001111110001100100011 ref_uut.mem_rdata_q_gate#0
56 1000110100001011 ref_uut.mem_16bit_buffer_gate#0
57 11000000 ref_uut.cpu_state_gold#0
58 00010000 ref_uut.cpu_state_gate#0
59 10000000000000000000000001000000 ref_uut.timer_gold#0
60 01100000000000000000000000000100 ref_uut.timer_gate#0
61 1 ref_uut.is_alu_reg_imm_gold#0
62 1 ref_uut.is_alu_reg_imm_gate#0
63 0 ref_uut.is_alu_reg_reg_gold#0
64 0 ref_uut.is_alu_reg_reg_gate#0
65 1 ref_uut.decoder_trigger_gold#0
66 1 ref_uut.do_waitirq_gold#0
67 1 ref_uut.decoder_trigger_gate#0
68 0 ref_uut.do_waitirq_gate#0
69 0 ref_uut.irq_active_gold#0
70 1 ref_uut.irq_delay_gold#0
71 1 ref_uut.irq_active_gate#0
72 0 ref_uut.irq_delay_gate#0
73 00000000000000000000000000000000 ref_uut.irq_pending_gold#0
74 00000000000000000000000000000010 ref_uut.irq_mask_gold#0
75 01000000000000000000000000000010 ref_uut.irq_pending_gate#0
76 01000000000000000000000000000000 ref_uut.irq_mask_gate#0
77 0 ref_uut.instr_jalr_gold#0
78 0 ref_uut.instr_retirq_gold#0
79 0 ref_uut.instr_jalr_gate#0
80 0 ref_uut.instr_retirq_gate#0
81 0 ref_uut.mem_do_rdata_gold#0
82 0 ref_uut.mem_do_rdata_gate#0
83 00000000000000000000000000000000 ref_uut.reg_op2_gold#0
84 00000000000000000000000000000000 ref_uut.reg_op2_gate#0
85 1 ref_uut.instr_timer_gold#0
86 0 ref_uut.instr_waitirq_gold#0
87 0 ref_uut.instr_maskirq_gold#0
88 0 ref_uut.instr_rdinstrh_gold#0
89 0 ref_uut.instr_rdinstr_gold#0
90 0 ref_uut.instr_rdcycleh_gold#0
91 0 ref_uut.instr_rdcycle_gold#0
92 0 ref_uut.instr_and_gold#0
93 0 ref_uut.instr_or_gold#0
94 1 ref_uut.instr_sra_gold#0
95 1 ref_uut.instr_srl_gold#0
96 0 ref_uut.instr_xor_gold#0
97 0 ref_uut.instr_sltu_gold#0
98 0 ref_uut.instr_slt_gold#0
99 1 ref_uut.instr_sll_gold#0
100 0 ref_uut.instr_sub_gold#0
101 0 ref_uut.instr_add_gold#0
102 0 ref_uut.instr_srai_gold#0
103 0 ref_uut.instr_srli_gold#0
104 0 ref_uut.instr_slli_gold#0
105 0 ref_uut.instr_andi_gold#0
106 0 ref_uut.instr_ori_gold#0
107 0 ref_uut.instr_xori_gold#0
108 0 ref_uut.instr_sltiu_gold#0
109 0 ref_uut.instr_slti_gold#0
110 0 ref_uut.instr_addi_gold#0
111 0 ref_uut.instr_sw_gold#0
112 0 ref_uut.instr_sh_gold#0
113 0 ref_uut.instr_sb_gold#0
114 0 ref_uut.instr_lhu_gold#0
115 0 ref_uut.instr_lbu_gold#0
116 0 ref_uut.instr_lw_gold#0
117 0 ref_uut.instr_lh_gold#0
118 0 ref_uut.instr_lb_gold#0
119 0 ref_uut.instr_bgeu_gold#0
120 0 ref_uut.instr_bltu_gold#0
121 0 ref_uut.instr_bge_gold#0
122 0 ref_uut.instr_blt_gold#0
123 0 ref_uut.instr_bne_gold#0
124 0 ref_uut.instr_beq_gold#0
125 1 ref_uut.instr_jal_gold#0
126 1 ref_uut.instr_auipc_gold#0
127 0 ref_uut.instr_lui_gold#0
128 0 ref_uut.instr_timer_gate#0
129 1 ref_uut.instr_waitirq_gate#0
130 0 ref_uut.instr_maskirq_gate#0
131 0 ref_uut.instr_rdinstrh_gate#0
132 0 ref_uut.instr_rdinstr_gate#0
133 0 ref_uut.instr_rdcycleh_gate#0
134 0 ref_uut.instr_rdcycle_gate#0
135 0 ref_uut.instr_and_gate#0
136 0 ref_uut.instr_or_gate#0
137 1 ref_uut.instr_sra_gate#0
138 1 ref_uut.instr_srl_gate#0
139 0 ref_uut.instr_xor_gate#0
140 0 ref_uut.instr_sltu_gate#0
141 0 ref_uut.instr_slt_gate#0
142 1 ref_uut.instr_sll_gate#0
143 0 ref_uut.instr_sub_gate#0
144 0 ref_uut.instr_add_gate#0
145 0 ref_uut.instr_srai_gate#0
146 0 ref_uut.instr_srli_gate#0
147 0 ref_uut.instr_slli_gate#0
148 0 ref_uut.instr_andi_gate#0
149 0 ref_uut.instr_ori_gate#0
150 0 ref_uut.instr_xori_gate#0
151 0 ref_uut.instr_sltiu_gate#0
152 0 ref_uut.instr_slti_gate#0
153 0 ref_uut.instr_addi_gate#0
154 0 ref_uut.instr_sw_gate#0
155 0 ref_uut.instr_sh_gate#0
156 0 ref_uut.instr_sb_gate#0
157 0 ref_uut.instr_lhu_gate#0
158 0 ref_uut.instr_lbu_gate#0
159 0 ref_uut.instr_lw_gate#0
160 0 ref_uut.instr_lh_gate#0
161 0 ref_uut.instr_lb_gate#0
162 0 ref_uut.instr_bgeu_gate#0
163 0 ref_uut.instr_bltu_gate#0
164 0 ref_uut.instr_bge_gate#0
165 0 ref_uut.instr_blt_gate#0
166 0 ref_uut.instr_bne_gate#0
167 0 ref_uut.instr_beq_gate#0
168 1 ref_uut.instr_jal_gate#0
169 1 ref_uut.instr_auipc_gate#0
170 0 ref_uut.instr_lui_gate#0
171 1 state171#0
172 1 state172#0
173 111111111111111111111111111111 state173#0
174 00000000000000000000000000000000 ref_uut.reg_pc_gold#0
175 0 state175#0
176 0 state176#0
177 000000000000000000000000000000 state177#0
178 00000000000000000000000000000000 ref_uut.reg_pc_gate#0
179 0 state179#0
180 0 ref_uut.is_sltiu_bltu_sltu_gold#0
181 0 ref_uut.is_slti_blt_slt_gold#0
182 0 ref_uut.is_beq_bne_blt_bge_bltu_bgeu_gold#0
183 0 state183#0
184 0 ref_uut.is_sltiu_bltu_sltu_gate#0
185 0 ref_uut.is_slti_blt_slt_gate#0
186 0 ref_uut.is_beq_bne_blt_bge_bltu_bgeu_gate#0
187 10010 ref_uut.reg_sh_gold#0
188 00100 ref_uut.reg_sh_gate#0
189 0 ref_uut.is_sb_sh_sw_gold#0
190 0 ref_uut.is_jalr_addi_slti_sltiu_xori_ori_andi_gold#0
191 1 ref_uut.is_lui_auipc_jal_gold#0
192 0 ref_uut.is_slli_srli_srai_gold#0
193 0 ref_uut.is_lb_lh_lw_lbu_lhu_gold#0
194 0 ref_uut.is_sb_sh_sw_gate#0
195 0 ref_uut.is_jalr_addi_slti_sltiu_xori_ori_andi_gate#0
196 1 ref_uut.is_lui_auipc_jal_gate#0
197 0 ref_uut.is_slli_srli_srai_gate#0
198 0 ref_uut.is_lb_lh_lw_lbu_lhu_gate#0
201 00000 ref_uut.decoded_rs1_gold#0
234 00000 ref_uut.decoded_rs1_gate#0
265 10000000001000001000000010000100 ref_uut.decoded_imm_j_gold#0
266 11111101110111111101111111110011 ref_uut.decoded_imm_j_gate#0
267 00000000000000000000000000000000 state267#0
268 0 ref_uut.is_compare_gate#0
269 0 ref_uut.is_lui_auipc_jal_jalr_addi_add_sub_gate#0
270 00000000000000000000000000000000 state270#0
271 0 ref_uut.is_compare_gold#0
272 0 ref_uut.is_lui_auipc_jal_jalr_addi_add_sub_gold#0
273 0000000000000000000000000000000000000000000000000000000000000000 ref_uut.count_cycle_gate#0
274 0000000000000000000000000000000000000000000000000000000000000000 ref_uut.count_cycle_gold#0
275 0000000000000000000000000000000000000000000000000000000000000000 ref_uut.count_instr_gate#0
276 0000000000000000000000000000000000000000000000000000000000000000 ref_uut.count_instr_gold#0
277 00000 ref_uut.decoded_rs2_gate#0
278 00000 ref_uut.decoded_rs2_gold#0
279 00000000000000000000000000000000 state279#0
280 0 ref_uut.latched_compr_gate#0
281 00000000000000000000000000000000 state281#0
282 0 ref_uut.latched_compr_gold#0
283 11111111111111111111111111111111 ref_uut.decoded_imm_gate#0
284 11111111111111111111111111111111 ref_uut.decoded_imm_gold#0
285 11111 ref_uut.decoded_rd_gate#0
286 11111 ref_uut.decoded_rd_gold#0
287 1 ref_uut.decoder_pseudo_trigger_gate#0
288 1 ref_uut.decoder_pseudo_trigger_gold#0
289 0 ref_uut.is_lbu_lhu_lw_gate#0
290 0 ref_uut.is_lbu_lhu_lw_gold#0
291 0 ref_uut.latched_is_lb_gate#0
292 0 ref_uut.latched_is_lb_gold#0
293 0 ref_uut.latched_is_lh_gate#0
294 0 ref_uut.latched_is_lh_gold#0
295 0 ref_uut.latched_is_lu_gate#0
296 0 ref_uut.latched_is_lu_gold#0
297 00000 ref_uut.latched_rd_gate#0
298 00000 ref_uut.latched_rd_gold#0
299 00000000000000000000000000000000 state299#0
300 00000000000000000000000000000000 state300#0
301 00000000000000000000000000000000 state301#0
302 00000000 state302#0
303 0000000000000000 state303#0
304 00000000000000000000000000000000 state304#0
305 00000000 state305#0
306 0000000000000000 state306#0
307 00000000000000000000000000000000 state307#0
308 00000000000000000000000000000000 state308#0
309 00000000000000000000000000000000 state309#0
310 00000000000000000000000000000000 state310#0
311 00000000000000000000000000000000 state311#0
312 00000000000000000000000000000000 state312#0
313 00000000000000000000000000000000 state313#0
314 00000000000000000000000000000000 state314#0
315 0 state315#0
316 0 state316#0
317 00000000000000000000000000000000 state317#0
318 0 state318#0
319 00000000000000000000000000000000 state319#0
320 0 state320#0
321 0 state321#0
322 0 state322#0
323 00000000000000000000000000000000 state323#0
324 00000000000000000000000000000000 state324#0
325 11111 state325#0
326 11111 state326#0
327 0 state327#0
328 0 state328#0
@0
0 0 clk@0
1 11111111111111111111111111111101 irq@0
2 10110000000001111110001110100011 mem_rdata@0
3 1 mem_ready@0
4 0 resetn@0
#1
43 0000 state43#1
48 0000 state48#1
171 0 state171#1
172 0 state172#1
173 000000000000000000000000000000 state173#1
175 0 state175#1
176 0 state176#1
177 000000000000000000000000000000 state177#1
179 0 state179#1
183 0 state183#1
267 00000000000000000000000000000000 state267#1
270 00000000000000000000000000000000 state270#1
279 00000000000000000000000000000000 state279#1
281 00000000000000000000000000000000 state281#1
299 00000000000000000000000000000000 state299#1
300 00000000000000000000000000000000 state300#1
301 00000000000000000000000000000000 state301#1
302 00000000 state302#1
303 0000000000000000 state303#1
304 00000000000000000000000000000000 state304#1
305 00000000 state305#1
306 0000000000000000 state306#1
307 00000000000000000000000000000000 state307#1
308 00000000000000000000000000000000 state308#1
309 00000000000000000000000000000000 state309#1
310 00000000000000000000000000000000 state310#1
311 00000000000000000000000000000000 state311#1
312 00000000000000000000000000000000 state312#1
313 00000000000000000000000000000000 state313#1
314 00000000000000000000000000000000 state314#1
315 0 state315#1
316 0 state316#1
317 00000000000000000000000000000000 state317#1
318 0 state318#1
319 00000000000000000000000000000000 state319#1
320 0 state320#1
321 0 state321#1
322 0 state322#1
323 00000000000000000000000000000000 state323#1
324 00000000000000000000000000000000 state324#1
325 10011 state325#1
326 00100 state326#1
327 0 state327#1
328 0 state328#1
@1
0 0 clk@1
1 00000000000000000000000000000000 irq@1
2 00000000000000000000000000000000 mem_rdata@1
3 0 mem_ready@1
4 1 resetn@1
#2
43 0000 state43#2
48 0000 state48#2
171 0 state171#2
172 0 state172#2
173 000000000000000000000000000000 state173#2
175 0 state175#2
176 0 state176#2
177 000000000000000000000000000000 state177#2
179 0 state179#2
183 0 state183#2
267 00000000000000000000000000000000 state267#2
270 00000000000000000000000000000000 state270#2
279 00000000000000000000000000000000 state279#2
281 00000000000000000000000000000000 state281#2
299 00000000000000000000000000000000 state299#2
300 00000000000000000000000000000000 state300#2
301 00000000000000000000000000000000 state301#2
302 00000000 state302#2
303 0000000000000000 state303#2
304 00000000000000000000000000000000 state304#2
305 00000000 state305#2
306 0000000000000000 state306#2
307 00000000000000000000000000000000 state307#2
308 00000000000000000000000000000000 state308#2
309 00000000000000000000000000000000 state309#2
310 00000000000000000000000000000000 state310#2
311 00000000000000000000000000000000 state311#2
312 00000000000000000000000000000000 state312#2
313 00000000000000000000000000000000 state313#2
314 00000000000000000000000000000000 state314#2
315 0 state315#2
316 0 state316#2
317 00000000000000000000000000000000 state317#2
318 0 state318#2
319 00000000000000000000000000000000 state319#2
320 0 state320#2
321 0 state321#2
322 0 state322#2
323 00000000000000000000000000000000 state323#2
324 00000000000000000000000000000000 state324#2
325 10011 state325#2
326 00100 state326#2
327 0 state327#2
328 0 state328#2
@2
0 0 clk@2
1 00000000000000000000000000000000 irq@2
2 00000000000000000000000000000000 mem_rdata@2
3 0 mem_ready@2
4 1 resetn@2
#3
43 0000 state43#3
48 0000 state48#3
171 0 state171#3
172 0 state172#3
173 000000000000000000000000000000 state173#3
175 0 state175#3
176 0 state176#3
177 000000000000000000000000000000 state177#3
179 0 state179#3
183 0 state183#3
267 00000000000000000000000000000000 state267#3
270 00000000000000000000000000000000 state270#3
279 00000000000000000000000000000000 state279#3
281 00000000000000000000000000000000 state281#3
299 00000000000000000000000000000000 state299#3
300 00000000000000000000000000000000 state300#3
301 00000000000000000000000000000000 state301#3
302 00000000 state302#3
303 0000000000000000 state303#3
304 00000000000000000000000000000000 state304#3
305 00000000 state305#3
306 0000000000000000 state306#3
307 00000000000000000000000000000000 state307#3
308 00000000000000000000000000000000 state308#3
309 00000000000000000000000000000000 state309#3
310 00000000000000000000000000000000 state310#3
311 00000000000000000000000000000000 state311#3
312 00000000000000000000000000000000 state312#3
313 00000000000000000000000000000000 state313#3
314 00000000000000000000000000000000 state314#3
315 0 state315#3
316 0 state316#3
317 00000000000000000000000000000000 state317#3
318 0 state318#3
319 00000000000000000000000000000000 state319#3
320 0 state320#3
321 0 state321#3
322 0 state322#3
323 00000000000000000000000000000000 state323#3
324 00000000000000000000000000000000 state324#3
325 10011 state325#3
326 00100 state326#3
327 0 state327#3
328 0 state328#3
@3
0 0 clk@3
1 00000000000000000000000000000000 irq@3
2 00000110000010000010110000001011 mem_rdata@3
3 1 mem_ready@3
4 1 resetn@3
#4
43 0000 state43#4
48 0000 state48#4
171 0 state171#4
172 0 state172#4
173 000000000000000000000000000000 state173#4
175 0 state175#4
176 0 state176#4
177 000000000000000000000000000000 state177#4
179 0 state179#4
183 0 state183#4
267 00000000000000000000000000000000 state267#4
270 00000000000000000000000000000000 state270#4
279 00000000000000000000000000000000 state279#4
281 00000000000000000000000000000000 state281#4
299 00000000000000000000000000000000 state299#4
300 00000000000000000000000000000000 state300#4
301 00000000000000000000000000000000 state301#4
302 00000000 state302#4
303 0000000000000000 state303#4
304 00000000000000000000000000000000 state304#4
305 00000000 state305#4
306 0000000000000000 state306#4
307 00000000000000000000000000000000 state307#4
308 00000000000000000000000000000000 state308#4
309 00000000000000000000000000000000 state309#4
310 00000000000000000000000000000000 state310#4
311 00000000000000000000000000000000 state311#4
312 00000000000000000000000000000000 state312#4
313 00000000000000000000000000000000 state313#4
314 00000000000000000000000000000000 state314#4
315 0 state315#4
316 0 state316#4
317 00000000000000000000000000000000 state317#4
318 0 state318#4
319 00000000000000000000000000000000 state319#4
320 0 state320#4
321 0 state321#4
322 0 state322#4
323 00000000000000000000000000000000 state323#4
324 00000000000000000000000000000000 state324#4
325 10011 state325#4
326 00100 state326#4
327 0 state327#4
328 0 state328#4
@4
0 0 clk@4
1 00000000000000000000000000000000 irq@4
2 00000110000000000000000000000011 mem_rdata@4
3 0 mem_ready@4
4 1 resetn@4
#5
43 0000 state43#5
48 0000 state48#5
171 0 state171#5
172 0 state172#5
173 000000000000000000000000000000 state173#5
175 0 state175#5
176 0 state176#5
177 000000000000000000000000000000 state177#5
179 0 state179#5
183 0 state183#5
267 00000000000000000000000000000000 state267#5
270 00000000000000000000000000000000 state270#5
279 00000000000000000000000000000110 state279#5
281 00000000000000000000000000000110 state281#5
299 00000000000000000000000000000000 state299#5
300 00000000000000000000000000000000 state300#5
301 00000000000000000000000000000000 state301#5
302 00000000 state302#5
303 0000000000000000 state303#5
304 00000000000000000000000000000000 state304#5
305 00000000 state305#5
306 0000000000000000 state306#5
307 00000000000000000000000000000000 state307#5
308 00000000000000000000000000000000 state308#5
309 00000000000000000000000000000000 state309#5
310 00000000000000000000000000000111 state310#5
311 00000000000000000000000000000000 state311#5
312 00000000000000000000000000000000 state312#5
313 00000000000000000000000000000000 state313#5
314 00000000000000000000000000000111 state314#5
315 0 state315#5
316 0 state316#5
317 00000000000000000000000000000000 state317#5
318 0 state318#5
319 00000000000000000000000000000000 state319#5
320 0 state320#5
321 0 state321#5
322 0 state322#5
323 00000000000000000000000000000000 state323#5
324 00000000000000000000000000000000 state324#5
325 00010 state325#5
326 00010 state326#5
327 0 state327#5
328 0 state328#5
@5
0 0 clk@5
1 00000000000000000000000000000000 irq@5
2 00000000000100101010100000100011 mem_rdata@5
3 0 mem_ready@5
4 1 resetn@5
#6
43 0000 state43#6
48 0000 state48#6
171 1 state171#6
172 0 state172#6
173 111111111111111111111111111110 state173#6
175 1 state175#6
176 0 state176#6
177 111111111111111111111111111110 state177#6
179 0 state179#6
183 0 state183#6
267 11111111111111111111111111111111 state267#6
270 00000000000000000000000000000001 state270#6
279 00000000000000000000000000000000 state279#6
281 00000000000000000000000000000000 state281#6
299 00000000000000000000000000000000 state299#6
300 00000000000000000000000000000000 state300#6
301 00000000000000000000000000000000 state301#6
302 00000000 state302#6
303 0000000000000000 state303#6
304 00000000000000000000000000000000 state304#6
305 00000000 state305#6
306 0000000000000000 state306#6
307 11111111111111111111111111111111 state307#6
308 00000000000000000000000000000000 state308#6
309 00000000000000000000000000000000 state309#6
310 00000000000000000000000000001111 state310#6
311 11111111111111111111111111111111 state311#6
312 00000000000000000000000000000000 state312#6
313 00000000000000000000000000000000 state313#6
314 00000000000000000000000000001111 state314#6
315 0 state315#6
316 0 state316#6
317 11111111111111111111111111111111 state317#6
318 0 state318#6
319 11111111111111111111111111111110 state319#6
320 0 state320#6
321 0 state321#6
322 0 state322#6
323 11111111111111111111111111111111 state323#6
324 11111111111111111111111111111111 state324#6
325 11010 state325#6
326 01101 state326#6
327 0 state327#6
328 0 state328#6
@6
0 0 clk@6
1 00000000000000000000000000000000 irq@6
2 00001000000010110000100000001011 mem_rdata@6
3 1 mem_ready@6
4 1 resetn@6
#7
43 1111 state43#7
48 1111 state48#7
171 0 state171#7
172 0 state172#7
173 000000000000000000000000000001 state173#7
175 0 state175#7
176 0 state176#7
177 000000000000000000000000000001 state177#7
179 0 state179#7
183 0 state183#7
267 11111111111111111111111111111111 state267#7
270 11111111111111111111111111111111 state270#7
279 11111111111111111111111111111111 state279#7
281 11111111111111111111111111111111 state281#7
299 00000000000000000000000000000000 state299#7
300 00000000000000000000000000000000 state300#7
301 00000000000000000111111101111111 state301#7
302 11111111 state302#7
303 0000000000000000 state303#7
304 00000000000000000111111101111111 state304#7
305 11111111 state305#7
306 0000000000000000 state306#7
307 00000000000000000000000011101000 state307#7
308 11111111111111111111111111111111 state308#7
309 11111111111111111111111111111111 state309#7
310 00000000000000000000000000011111 state310#7
311 00000000000000000000000011101000 state311#7
312 11111111111111111111111111111111 state312#7
313 11111111111111111111111111111111 state313#7
314 00000000000000000000000000011111 state314#7
315 0 state315#7
316 0 state316#7
317 11111111111111111111111111111110 state317#7
318 0 state318#7
319 11111111111111111111111111111110 state319#7
320 0 state320#7
321 0 state321#7
322 0 state322#7
323 11111111111111111111111111111111 state323#7
324 11111111111111111111111111111111 state324#7
325 11010 state325#7
326 01101 state326#7
327 1 state327#7
328 1 state328#7
@7
0 0 clk@7
1 00000000000000000000000000000010 irq@7
2 00001000000010110000100010001001 mem_rdata@7
3 1 mem_ready@7
4 1 resetn@7
#8
43 1111 state43#8
48 1111 state48#8
171 0 state171#8
172 0 state172#8
173 000000000000000000000000000001 state173#8
175 0 state175#8
176 0 state176#8
177 000000000000000000000000000001 state177#8
179 0 state179#8
183 0 state183#8
267 11111111111111111111111111111111 state267#8
270 11111111111111111111111111111101 state270#8
279 00000000000000000000000000000000 state279#8
281 00000000000000000000000000000010 state281#8
299 00000000000000000000000000000000 state299#8
300 00000000000000000000000000000000 state300#8
301 00000000000000000111111101111111 state301#8
302 11111111 state302#8
303 0000000000000000 state303#8
304 00000000000000000111111101111111 state304#8
305 11111111 state305#8
306 0000000000000000 state306#8
307 00000000000000000000010000000001 state307#8
308 11111111111111111111111111111111 state308#8
309 11111111111111111111111111111111 state309#8
310 00000000000000000000000000111111 state310#8
311 00000000000000000000000000000001 state311#8
312 11111111111111111111111111111111 state312#8
313 11111111111111111111111111111111 state313#8
314 00000000000000000000000000111111 state314#8
315 0 state315#8
316 0 state316#8
317 11111111111111111111111111111110 state317#8
318 0 state318#8
319 11111111111111111111111111111110 state319#8
320 0 state320#8
321 0 state321#8
322 0 state322#8
323 11111111111111111111111111111111 state323#8
324 00101010101010101010101010111111 state324#8
325 11010 state325#8
326 01111 state326#8
327 0 state327#8
328 0 state328#8
@8
0 0 clk@8
1 00000000000000000000000000000000 irq@8
2 00001000100000110000100000001010 mem_rdata@8
3 1 mem_ready@8
4 1 resetn@8
#9
43 0001 state43#9
48 0001 state48#9
171 0 state171#9
172 0 state172#9
173 111111111111111111111111111111 state173#9
175 0 state175#9
176 0 state176#9
177 111111111111111111111111111111 state177#9
179 0 state179#9
183 0 state183#9
267 11111111111111111111111111111111 state267#9
270 11111111111111111111111111111111 state270#9
279 00000000000000000000000000000000 state279#9
281 11111111111111111111111111111111 state281#9
299 00000000000000000000000000000000 state299#9
300 00000000000000000000000000000000 state300#9
301 00000000000000000111111101111111 state301#9
302 11111111 state302#9
303 0000000000000000 state303#9
304 00000000000000000111111101111111 state304#9
305 11111111 state305#9
306 0000000000000000 state306#9
307 11111111111111111111111110001111 state307#9
308 11111111111111111111111111111111 state308#9
309 11111111111111111111111111110001 state309#9
310 00000000000000000000000001111111 state310#9
311 11111111111111111111111110001010 state311#9
312 11111111111111111111111111111111 state312#9
313 11111111111111111111111111110101 state313#9
314 00000000000000000000000001111111 state314#9
315 0 state315#9
316 0 state316#9
317 00000000000000000000000000000000 state317#9
318 0 state318#9
319 00000000000000000000000000000000 state319#9
320 0 state320#9
321 0 state321#9
322 0 state322#9
323 00000000000000000000000000000000 state323#9
324 00000000000000000000000000000000 state324#9
325 11111 state325#9
326 00010 state326#9
327 1 state327#9
328 1 state328#9
@9
0 0 clk@9
1 00000000000000000000000000000000 irq@9
2 00001000010001101000100001000111 mem_rdata@9
3 1 mem_ready@9
4 1 resetn@9
#10
43 1111 state43#10
48 1111 state48#10
171 0 state171#10
172 0 state172#10
173 000000000000000000000000000000 state173#10
175 0 state175#10
176 0 state176#10
177 000000000000000000000000000001 state177#10
179 1 state179#10
183 0 state183#10
267 11111111111111111111111111111111 state267#10
270 11111111111111111111111111111101 state270#10
279 00000000000000000000000000000000 state279#10
281 00000000000000000000000000000000 state281#10
299 00000000000000000000000000000000 state299#10
300 00000000000000000000000000000000 state300#10
301 00000000000000000111111101111111 state301#10
302 11111111 state302#10
303 0000000000000000 state303#10
304 00000000000000000111111101111111 state304#10
305 11111111 state305#10
306 0000000000000000 state306#10
307 11111111111111111111111100000001 state307#10
308 11111111111111111111111111111111 state308#10
309 11111111111111111111111111111111 state309#10
310 00000000000000000000000011111111 state310#10
311 11111111111111111111111100000001 state311#10
312 11111111111111111111111111111111 state312#10
313 11111111111111111111111111111111 state313#10
314 00000000000000000000000011111111 state314#10
315 0 state315#10
316 0 state316#10
317 00000000000000000000000000000000 state317#10
318 0 state318#10
319 00000000000000000000000000000000 state319#10
320 0 state320#10
321 0 state321#10
322 0 state322#10
323 00000000000000000000000000000000 state323#10
324 00000000000000000000000000000000 state324#10
325 11011 state325#10
326 01110 state326#10
327 1 state327#10
328 0 state328#10
@10
0 0 clk@10
1 01000000000000000000000000000000 irq@10
2 00101001101010110000010001001111 mem_rdata@10
3 1 mem_ready@10
4 1 resetn@10
#11
43 0001 state43#11
48 0001 state48#11
171 0 state171#11
172 0 state172#11
173 000000000000000000000000000001 state173#11
175 0 state175#11
176 0 state176#11
177 000000000000000000000000000001 state177#11
179 1 state179#11
183 1 state183#11
267 11111111111111111111111111111011 state267#11
270 11111111111111111111111111111011 state270#11
279 00000000000000000000000000000010 state279#11
281 00000000000000000000000000000000 state281#11
299 00000000000000000000000000000000 state299#11
300 00000000000000000000000000000000 state300#11
301 00000000000000000111111101111111 state301#11
302 11111111 state302#11
303 0000000000000000 state303#11
304 00000000000000000111111101111111 state304#11
305 11111111 state305#11
306 0000000000000000 state306#11
307 11111111111111111111111000101011 state307#11
308 11111111111111111111111111111111 state308#11
309 11111111111111111111111111010011 state309#11
310 00000000000000000000000111111111 state310#11
311 11111111111111111111111000111111 state311#11
312 11111111111111111111111111111111 state312#11
313 11111111111111111111111111000001 state313#11
314 00000000000000000000000111111111 state314#11
315 0 state315#11
316 0 state316#11
317 00000000000000000000000000000000 state317#11
318 0 state318#11
319 00000000000000000000000000000000 state319#11
320 0 state320#11
321 0 state321#11
322 0 state322#11
323 00000000000000000000000000000000 state323#11
324 00000000000000000000000000000000 state324#11
325 11011 state325#11
326 01110 state326#11
327 1 state327#11
328 1 state328#11
@11
0 0 clk@11
1 00000000000000000000000000000000 irq@11
2 00001000100010110000100010001011 mem_rdata@11
3 1 mem_ready@11
4 1 resetn@11
#12
43 0001 state43#12
48 0001 state48#12
171 0 state171#12
172 0 state172#12
173 111111111111111111111111111110 state173#12
175 0 state175#12
176 0 state176#12
177 111111111111111111111111111110 state177#12
179 1 state179#12
183 1 state183#12
267 00000000000000000000000000000001 state267#12
270 00000000000000000000000010000001 state270#12
279 00000000000000000000000000000010 state279#12
281 00000000000000000000000000000010 state281#12
299 00000000000000000000000000000000 state299#12
300 00000000000000000000000000000000 state300#12
301 00000000000000000111111101111111 state301#12
302 11111111 state302#12
303 0000000000000000 state303#12
304 00000000000000000111111101111111 state304#12
305 11111111 state305#12
306 0000000000000000 state306#12
307 11111111111111111111110000111111 state307#12
308 11111111111111111111111111111111 state308#12
309 11111111111111111111111111000011 state309#12
310 00000000000000000000001111101111 state310#12
311 11111111111111111111110000101111 state311#12
312 11111111111111111111111111111111 state312#12
313 11111111111111111111111111010101 state313#12
314 00000000000000000000001111110111 state314#12
315 0 state315#12
316 0 state316#12
317 00000000000000000000000000000000 state317#12
318 0 state318#12
319 00000000000000000000000000000000 state319#12
320 0 state320#12
321 0 state321#12
322 0 state322#12
323 00000000000000000000000000000000 state323#12
324 00000000000000000000000000000000 state324#12
325 11111 state325#12
326 00010 state326#12
327 0 state327#12
328 0 state328#12
@12
0 0 clk@12
1 00000000000000000000000000000000 irq@12
2 00110000001011110000000000100110 mem_rdata@12
3 0 mem_ready@12
4 1 resetn@12
#13
43 0001 state43#13
48 0001 state48#13
171 0 state171#13
172 1 state172#13
173 111111111111111111111111111111 state173#13
175 1 state175#13
176 0 state176#13
177 111111111111111111111111111111 state177#13
179 0 state179#13
183 0 state183#13
267 00000000000000000000000000000001 state267#13
270 00000000000000000000000010000001 state270#13
279 11111111111111111111111111111111 state279#13
281 00000000000000000000000000001000 state281#13
299 00000000000000000000000000000000 state299#13
300 00000000000000000000000000000000 state300#13
301 00000000000000000111111101111111 state301#13
302 11111111 state302#13
303 0000000000000000 state303#13
304 00000000000000000111111101111111 state304#13
305 11111111 state305#13
306 0000000000000000 state306#13
307 11111111111111111111100000111111 state307#13
308 11111111111111111111111111111111 state308#13
309 11111111111111111111111111000001 state309#13
310 00000000000000000000011111111111 state310#13
311 11111111111111111111100000111111 state311#13
312 11111111111111111111111111111111 state312#13
313 11111111111111111111111111000001 state313#13
314 00000000000000000000011111101111 state314#13
315 0 state315#13
316 0 state316#13
317 00000000000000000000000000000000 state317#13
318 0 state318#13
319 00000000000000000000000000000000 state319#13
320 0 state320#13
321 0 state321#13
322 0 state322#13
323 00000000000000000000000000000000 state323#13
324 00000000000000000000000000000000 state324#13
325 11011 state325#13
326 01110 state326#13
327 0 state327#13
328 0 state328#13
@13
0 0 clk@13
1 11101110111010101110111011101100 irq@13
2 00000000000010111000000010000000 mem_rdata@13
3 1 mem_ready@13
4 1 resetn@13
#14
43 0001 state43#14
48 0001 state48#14
171 0 state171#14
172 0 state172#14
173 111111111111111111111111111110 state173#14
175 0 state175#14
176 0 state176#14
177 111111111111111111111111111110 state177#14
179 1 state179#14
183 1 state183#14
267 00000000000000000000000000000000 state267#14
270 00000000000000000000000000000000 state270#14
279 00000000000000000000000000000000 state279#14
281 00000000000000000000000000000000 state281#14
299 00000000000000000000000000000000 state299#14
300 00000000000000000000000000000000 state300#14
301 00000000000000000000000000000000 state301#14
302 00000000 state302#14
303 0000000000000000 state303#14
304 00000000000000000000000000000000 state304#14
305 00000000 state305#14
306 0000000000000000 state306#14
307 00000000000000000000000000000000 state307#14
308 00000000000000000000000000000000 state308#14
309 00000000000000000000000000000000 state309#14
310 00000000000000000000000000000000 state310#14
311 00000000000000000000000000000000 state311#14
312 00000000000000000000000000000000 state312#14
313 00000000000000000000000000000000 state313#14
314 00000000000000000000000000000000 state314#14
315 0 state315#14
316 0 state316#14
317 00000000000000000000000000000000 state317#14
318 0 state318#14
319 00000000000000000000000000000000 state319#14
320 0 state320#14
321 0 state321#14
322 0 state322#14
323 00000000000000000000000000000000 state323#14
324 00000000000000000000000000000000 state324#14
325 00000 state325#14
326 00000 state326#14
327 0 state327#14
328 0 state328#14
@14
0 0 clk@14
1 00000000000000000000000000000000 irq@14
2 00000000000000001001000000000001 mem_rdata@14
3 1 mem_ready@14
4 1 resetn@14
.
