Failed to find a lemma for: (not (= INV!slice!1_29_n #b1))
Available lemmas are: 28: (or (not (= INV!slice!1_71_n #b0)) (= INV!slice!1_31_n INV!slice!1_52_n))
29: (let ((a!1 (ite (= INV!slice!1_66_n #b1)
                (bvadd INV!slice!1_31_n (bvmul #xf INV!slice!1_52_n))
                #x0)))
(let ((a!2 (ite (= INV!slice!1_107_n #b1)
                (ite (= INV!slice!1_38_n #b1)
                     (bvadd #x1 (concat #b000 INV!slice!1_68_n) a!1)
                     (bvadd (concat #b000 INV!slice!1_68_n)
                            (concat #b000 INV!slice!1_59_n)
                            a!1))
                #x0)))
(let ((a!3 (= (ite (= INV!slice!1_107_n #b1)
                   (bvadd (bvmul #xf INV!slice!1_13_n) INV!slice!1_43_n)
                   #x0)
              a!2)))
  (or (not (= INV!slice!1_41_n #b1)) a!3))))
30: (or (not (= INV!slice!1_71_n #b0))
    (not (= INV!slice!1_21_n #b0))
    (not (= INV!slice!1_107_n #b1))
    (= (bvadd (bvmul #xf INV!slice!1_13_n) INV!slice!1_43_n)
       (bvadd INV!slice!1_31_n
              (bvmul #xf INV!slice!1_52_n)
              (concat #b000 INV!slice!1_68_n)
              (concat #b000 INV!slice!1_59_n))))
31: (or (not (= INV!slice!1_46_n #b0))
    (not (= INV!slice!1_58_n #b0))
    (not (= INV!slice!1_61_n #b0))
    (not (= INV!slice!1_75_n #b0))
    (not (= INV!slice!1_66_n #b1)))
32: (and (not (= INV!slice!1_29_n #b1)) (not (= INV!slice!1_12_n #b1)))
33: (let ((a!1 (= (ite (= INV!slice!1_66_n #b1)
                   (bvadd INV!slice!1_31_n (bvmul #xf INV!slice!1_52_n))
                   #x0)
              #x0)))
  (or a!1 (not (= INV!slice!1_10_n #b1))))
34: (or (not (= INV!slice!1_46_n #b0)) (not (= INV!slice!1_10_n #b1)))
35: (or (not (= INV!slice!1_10_n #b1))
    (= ((_ extract 5 1) (bvadd #b000001 INV!slice!1_45_n)) #b00000))
36: (let ((a!1 (or (= INV!slice!1_89_n #b0)
               (not (= ((_ extract 29 10) INV!slice!1_11_n) INV!slice!1_51_n))
               (= INV!slice!1_74_n #b1)
               (not (or (= INV!slice!1_65_n #b0) (= INV!slice!1_85_n #b0))))))
  (or (ite (= INV!slice!1_59_n #b1)
           (= INV!slice!1_10_n #b0)
           (or (= INV!slice!1_38_n #b0)
               (= INV!slice!1_62_n #b1)
               (= INV!slice!1_101_n #b0)))
      (and (not (= INV!slice!1_59_n #b1)) a!1)))
37: (or (not (= INV!slice!1_41_n #b1)) (= INV!slice!1_10_n #b0))
38: (let ((a!1 (or (= INV!slice!1_89_n #b0)
               (not (= ((_ extract 29 10) INV!slice!1_11_n) INV!slice!1_51_n))
               (= INV!slice!1_74_n #b1)
               (not (or (= INV!slice!1_65_n #b0) (= INV!slice!1_85_n #b0))))))
  (or (= INV!slice!1_10_n #b0) (and (not (= INV!slice!1_59_n #b1)) a!1)))
39: (let ((a!1 (= (ite (or (= INV!slice!1_74_n #b0) (= INV!slice!1_41_n #b1))
                   INV!slice!1_13_n
                   (bvadd #x1 INV!slice!1_13_n))
              (bvadd #x1 INV!slice!1_43_n))))
  (or (not a!1)
      (and (not (= INV!slice!1_41_n #b1))
           (or (= INV!slice!1_59_n #b0) (= INV!slice!1_105_n #b1)))))
40: (or (not (= INV!slice!1_41_n #b0))
    ((_ bit2bool 0) INV!slice!1_8_n)
    (= INV!slice!1_31_n INV!slice!1_52_n))
41: (or (not (= INV!slice!1_21_n #b0))
    (not (= INV!slice!1_41_n #b1))
    (not (= INV!slice!1_38_n #b1)))
42: (or (not (= INV!slice!1_68_n #b1)) (= INV!slice!1_31_n INV!slice!1_52_n))
43: (or (= INV!slice!1_38_n #b0)
    (= INV!slice!1_31_n INV!slice!1_52_n)
    (= INV!slice!1_31_n (bvadd #x1 INV!slice!1_52_n)))
Simplified goal is:
0: (or (not (= INV!slice!1_71_n #b0)) (= INV!slice!1_31_n INV!slice!1_52_n))
1: (let ((a!1 (ite (= INV!slice!1_66_n #b1)
                (bvadd INV!slice!1_31_n (bvmul #xf INV!slice!1_52_n))
                #x0)))
(let ((a!2 (ite (= INV!slice!1_107_n #b1)
                (ite (= INV!slice!1_38_n #b1)
                     (bvadd #x1 (concat #b000 INV!slice!1_68_n) a!1)
                     (bvadd (concat #b000 INV!slice!1_68_n)
                            (concat #b000 INV!slice!1_59_n)
                            a!1))
                #x0)))
(let ((a!3 (= (ite (= INV!slice!1_107_n #b1)
                   (bvadd (bvmul #xf INV!slice!1_13_n) INV!slice!1_43_n)
                   #x0)
              a!2)))
  (or (not (= INV!slice!1_41_n #b1)) a!3))))
2: (or (not (= INV!slice!1_71_n #b0))
    (not (= INV!slice!1_21_n #b0))
    (not (= INV!slice!1_107_n #b1))
    (= (bvadd (bvmul #xf INV!slice!1_13_n) INV!slice!1_43_n)
       (bvadd INV!slice!1_31_n
              (bvmul #xf INV!slice!1_52_n)
              (concat #b000 INV!slice!1_68_n)
              (concat #b000 INV!slice!1_59_n))))
3: (or (not (= INV!slice!1_46_n #b0))
    (not (= INV!slice!1_58_n #b0))
    (not (= INV!slice!1_61_n #b0))
    (not (= INV!slice!1_75_n #b0))
    (not (= INV!slice!1_66_n #b1)))
4: (not (= INV!slice!1_29_n #b1))
5: (not (= INV!slice!1_12_n #b1))
6: (let ((a!1 (= (ite (= INV!slice!1_66_n #b1)
                   (bvadd INV!slice!1_31_n (bvmul #xf INV!slice!1_52_n))
                   #x0)
              #x0)))
  (or a!1 (not (= INV!slice!1_10_n #b1))))
7: (or (not (= INV!slice!1_46_n #b0)) (not (= INV!slice!1_10_n #b1)))
8: (or (not (= INV!slice!1_10_n #b1))
    (= ((_ extract 5 1) (bvadd #b000001 INV!slice!1_45_n)) #b00000))
9: (let ((a!1 (or (= INV!slice!1_89_n #b0)
               (not (= ((_ extract 29 10) INV!slice!1_11_n) INV!slice!1_51_n))
               (= INV!slice!1_74_n #b1)
               (not (or (= INV!slice!1_65_n #b0) (= INV!slice!1_85_n #b0))))))
  (or (ite (= INV!slice!1_59_n #b1)
           (= INV!slice!1_10_n #b0)
           (or (= INV!slice!1_38_n #b0)
               (= INV!slice!1_62_n #b1)
               (= INV!slice!1_101_n #b0)))
      (and (not (= INV!slice!1_59_n #b1)) a!1)))
10: (or (not (= INV!slice!1_41_n #b1)) (= INV!slice!1_10_n #b0))
11: (let ((a!1 (or (= INV!slice!1_89_n #b0)
               (not (= ((_ extract 29 10) INV!slice!1_11_n) INV!slice!1_51_n))
               (= INV!slice!1_74_n #b1)
               (not (or (= INV!slice!1_65_n #b0) (= INV!slice!1_85_n #b0))))))
  (or (= INV!slice!1_10_n #b0) (and (not (= INV!slice!1_59_n #b1)) a!1)))
12: (let ((a!1 (= (ite (or (= INV!slice!1_74_n #b0) (= INV!slice!1_41_n #b1))
                   INV!slice!1_13_n
                   (bvadd #x1 INV!slice!1_13_n))
              (bvadd #x1 INV!slice!1_43_n))))
  (or (not a!1)
      (and (not (= INV!slice!1_41_n #b1))
           (or (= INV!slice!1_59_n #b0) (= INV!slice!1_105_n #b1)))))
13: (or (not (= INV!slice!1_41_n #b0))
    ((_ bit2bool 0) INV!slice!1_8_n)
    (= INV!slice!1_31_n INV!slice!1_52_n))
14: (or (not (= INV!slice!1_21_n #b0))
    (not (= INV!slice!1_41_n #b1))
    (not (= INV!slice!1_38_n #b1)))
15: (or (not (= INV!slice!1_68_n #b1)) (= INV!slice!1_31_n INV!slice!1_52_n))
16: (or (= INV!slice!1_38_n #b0)
    (= INV!slice!1_31_n INV!slice!1_52_n)
    (= INV!slice!1_31_n (bvadd #x1 INV!slice!1_52_n)))
Failed to verify: found
