Failed to find a lemma for: (not (= INV!slice!1_8_n #b1))
Available lemmas are: 10: (not (= INV!slice!1_32_n #b1))
11: (and (not (= INV!slice!1_32_n #b1)) (not (= INV!slice!1_8_n #b1)))
12: (let ((a!1 (or (= INV!slice!1_74_n #b1)
               (= INV!slice!1_42_n INV!slice!1_9_n)
               (not (or (= INV!slice!1_79_n #b0) (= INV!slice!1_40_n #b1))))))
(let ((a!2 (bvule #x8 (bvadd #x5 (ite a!1 #x0 (bvadd #x1 INV!slice!1_47_n))))))
  (not a!2)))
13: (let ((a!1 (bvadd #x5
                  (ite (or (= INV!slice!1_68_n #b1)
                           (= INV!slice!1_74_n #b1)
                           (= INV!slice!1_42_n INV!slice!1_9_n))
                       #x0
                       (bvadd #x1 INV!slice!1_47_n)))))
  (not (bvule #x8 a!1)))
14: (or (not (= INV!slice!1_19_n #b0))
    (not (= INV!slice!1_32_n #b1))
    (not (= INV!slice!1_38_n #b1)))
15: (or (not (= INV!slice!1_65_n #b0))
    (not (= INV!slice!1_49_n #b0))
    (= INV!slice!1_38_n #b0)
    (not (= INV!slice!1_51_n #b1)))
16: (or (not (= INV!slice!1_65_n #b0))
    (not (= INV!slice!1_77_n #b0))
    (= INV!slice!1_51_n #b0)
    (not (= INV!slice!1_38_n #b1)))
17: (or (= INV!slice!1_84_n #b0)
    (not (= INV!slice!1_49_n #b0))
    (not (= INV!slice!1_51_n #b1)))
18: (or (= INV!slice!1_84_n #b0)
    (not (= INV!slice!1_77_n #b0))
    (not (= INV!slice!1_51_n #b1)))
19: (or (not (= INV!slice!1_65_n #b0))
    (not (= INV!slice!1_77_n #b0))
    (= INV!slice!1_38_n #b0)
    (not (= INV!slice!1_51_n #b1)))
20: (let ((a!1 (ite (= INV!slice!1_51_n #b1)
                (= INV!slice!1_49_n #b0)
                (= ((_ extract 2 2) (select INV!slice!1_69_n INV!slice!1_88_n))
                   #b0)))
      (a!2 (or (= INV!slice!1_68_n #b1)
               (not (= INV!slice!1_65_n #b1))
               (= INV!slice!1_79_n #b1)
               (and (not (= INV!slice!1_65_n #b0))
                    (not (= INV!slice!1_106_n #b0)))))
      (a!3 (or (= INV!slice!1_80_n #b0)
               (= INV!slice!1_84_n #b0)
               (= INV!slice!1_77_n #b0)
               (= ((_ extract 2 2) (select INV!slice!1_69_n INV!slice!1_88_n))
                  #b0)))
      (a!4 (or (= INV!slice!1_51_n #b0)
               (not (= ((_ extract 29 10) INV!slice!1_107_n) INV!slice!1_53_n)))))
(let ((a!5 (ite a!2
                (ite (= INV!slice!1_51_n #b1)
                     (= INV!slice!1_51_n #b0)
                     (or (= INV!slice!1_80_n #b0) (not a!3)))
                a!4)))
  (or (not (= INV!slice!1_21_n #b0))
      ((_ bit2bool 0) INV!slice!1_74_n)
      (= INV!slice!1_38_n #b0)
      (and (= INV!slice!1_65_n #b1) (= INV!slice!1_84_n #b0))
      ((_ bit2bool 1)
        (ite (= INV!slice!1_65_n #b1) #b00 (bvadd #b01 INV!slice!1_72_n)))
      (not a!1)
      a!5)))
21: (or (not (= INV!slice!1_21_n #b0))
    (not (= INV!slice!1_64_n #b0))
    (not (= INV!slice!1_24_n #b1))
    (not (= INV!slice!1_5_n #b0))
    (= INV!slice!1_80_n #b0))
22: (or (not (= INV!slice!1_21_n #b0))
    (= INV!slice!1_80_n #b0)
    (not (= INV!slice!1_4_n #b0))
    (= INV!slice!1_38_n #b0))
Simplified goal is:
0: (not (= INV!slice!1_32_n #b1))
1: (not (= INV!slice!1_8_n #b1))
2: (let ((a!1 (or (= INV!slice!1_74_n #b1)
               (= INV!slice!1_42_n INV!slice!1_9_n)
               (not (or (= INV!slice!1_79_n #b0) (= INV!slice!1_40_n #b1))))))
(let ((a!2 (bvule #x8 (bvadd #x5 (ite a!1 #x0 (bvadd #x1 INV!slice!1_47_n))))))
  (not a!2)))
3: (let ((a!1 (bvadd #x5
                  (ite (or (= INV!slice!1_68_n #b1)
                           (= INV!slice!1_74_n #b1)
                           (= INV!slice!1_42_n INV!slice!1_9_n))
                       #x0
                       (bvadd #x1 INV!slice!1_47_n)))))
  (not (bvule #x8 a!1)))
4: (or (not (= INV!slice!1_65_n #b0))
    (not (= INV!slice!1_49_n #b0))
    (= INV!slice!1_38_n #b0)
    (not (= INV!slice!1_51_n #b1)))
5: (or (= INV!slice!1_84_n #b0)
    (not (= INV!slice!1_49_n #b0))
    (not (= INV!slice!1_51_n #b1)))
6: (or (= INV!slice!1_84_n #b0)
    (not (= INV!slice!1_77_n #b0))
    (not (= INV!slice!1_51_n #b1)))
7: (or (not (= INV!slice!1_65_n #b0))
    (not (= INV!slice!1_77_n #b0))
    (= INV!slice!1_38_n #b0)
    (not (= INV!slice!1_51_n #b1)))
8: (let ((a!1 (ite (= INV!slice!1_51_n #b1)
                (= INV!slice!1_49_n #b0)
                (= ((_ extract 2 2) (select INV!slice!1_69_n INV!slice!1_88_n))
                   #b0)))
      (a!2 (or (= INV!slice!1_68_n #b1)
               (not (= INV!slice!1_65_n #b1))
               (= INV!slice!1_79_n #b1)
               (and (not (= INV!slice!1_65_n #b0))
                    (not (= INV!slice!1_106_n #b0)))))
      (a!3 (or (= INV!slice!1_80_n #b0)
               (= INV!slice!1_84_n #b0)
               (= INV!slice!1_77_n #b0)
               (= ((_ extract 2 2) (select INV!slice!1_69_n INV!slice!1_88_n))
                  #b0)))
      (a!4 (or (= INV!slice!1_51_n #b0)
               (not (= ((_ extract 29 10) INV!slice!1_107_n) INV!slice!1_53_n)))))
(let ((a!5 (ite a!2
                (ite (= INV!slice!1_51_n #b1)
                     (= INV!slice!1_51_n #b0)
                     (or (= INV!slice!1_80_n #b0) (not a!3)))
                a!4)))
  (or (not (= INV!slice!1_21_n #b0))
      ((_ bit2bool 0) INV!slice!1_74_n)
      (= INV!slice!1_38_n #b0)
      (and (= INV!slice!1_65_n #b1) (= INV!slice!1_84_n #b0))
      ((_ bit2bool 1)
        (ite (= INV!slice!1_65_n #b1) #b00 (bvadd #b01 INV!slice!1_72_n)))
      (not a!1)
      a!5)))
9: (or (not (= INV!slice!1_21_n #b0))
    (not (= INV!slice!1_64_n #b0))
    (not (= INV!slice!1_24_n #b1))
    (not (= INV!slice!1_5_n #b0))
    (= INV!slice!1_80_n #b0))
10: (or (not (= INV!slice!1_21_n #b0))
    (= INV!slice!1_80_n #b0)
    (not (= INV!slice!1_4_n #b0))
    (= INV!slice!1_38_n #b0))
Failed to verify: found
