sat
(let ((a!1 (forall ((A (_ BitVec 1))
                    (B (_ BitVec 1))
                    (C (_ BitVec 1))
                    (D (_ BitVec 1))
                    (E (_ BitVec 1))
                    (F (_ BitVec 1))
                    (G (_ BitVec 1))
                    (H (_ BitVec 1))
                    (I (_ BitVec 1))
                    (J (_ BitVec 1))
                    (K (_ BitVec 1))
                    (L (_ BitVec 1))
                    (M (_ BitVec 1))
                    (N (_ BitVec 1))
                    (O (_ BitVec 1))
                    (P (_ BitVec 1))
                    (Q (_ BitVec 1))
                    (R (_ BitVec 1))
                    (S (_ BitVec 1))
                    (T (_ BitVec 1))
                    (U (_ BitVec 1))
                    (V (_ BitVec 1))
                    (W (_ BitVec 1))
                    (X (_ BitVec 1))
                    (Y (_ BitVec 1))
                    (Z (_ BitVec 1))
                    (A1 (_ BitVec 1))
                    (B1 (_ BitVec 1))
                    (C1 (_ BitVec 1))
                    (D1 (_ BitVec 1))
                    (E1 (_ BitVec 1))
                    (F1 (_ BitVec 1))
                    (G1 (_ BitVec 1))
                    (H1 (_ BitVec 1))
                    (I1 (_ BitVec 1))
                    (J1 (_ BitVec 1))
                    (K1 (_ BitVec 1))
                    (L1 (_ BitVec 1))
                    (M1 (_ BitVec 1))
                    (N1 (_ BitVec 1))
                    (O1 (_ BitVec 1))
                    (P1 (_ BitVec 4))
                    (Q1 (_ BitVec 1))
                    (R1 (_ BitVec 1))
                    (S1 (_ BitVec 1))
                    (T1 (_ BitVec 1))
                    (U1 (_ BitVec 1))
                    (V1 (_ BitVec 1))
                    (W1 (_ BitVec 1))
                    (X1 (_ BitVec 1))
                    (Y1 (_ BitVec 1))
                    (Z1 (_ BitVec 1))
                    (A2 (_ BitVec 1))
                    (B2 (_ BitVec 1))
                    (C2 (_ BitVec 4))
                    (D2 (_ BitVec 4))
                    (E2 (_ BitVec 4))
                    (F2 (_ BitVec 1))
                    (G2 (_ BitVec 1))
                    (H2 (_ BitVec 1))
                    (I2 (_ BitVec 1))
                    (J2 (_ BitVec 1))
                    (K2 (_ BitVec 1))
                    (L2 (_ BitVec 1))
                    (M2 (_ BitVec 1))
                    (N2 (_ BitVec 1))
                    (O2 (_ BitVec 1))
                    (P2 (_ BitVec 1))
                    (Q2 (_ BitVec 1))
                    (R2 (_ BitVec 1))
                    (S2 (_ BitVec 1))
                    (T2 (_ BitVec 1))
                    (U2 (_ BitVec 1))
                    (V2 (_ BitVec 4))
                    (W2 (_ BitVec 2))
                    (X2 (_ BitVec 4))
                    (Y2 (_ BitVec 2))
                    (Z2 (_ BitVec 6))
                    (A3 (_ BitVec 5))
                    (B3 (_ BitVec 5))
                    (C3 (_ BitVec 1))
                    (D3 (_ BitVec 5))
                    (E3 (_ BitVec 4))
                    (F3 (_ BitVec 1)))
             (! (let ((a!1 (ite (= Z2 #b000000)
                                B
                                (ite (= ((_ extract 0 0) X2) #b1)
                                     (ite (= W2 #b00) G1 #b1)
                                     C)))
                      (a!3 (ite (= ((_ extract 0 0) X2) #b1)
                                H
                                (ite (= ((_ extract 1 1) X2) #b1)
                                     (ite (= W2 #b01) G1 #b1)
                                     I)))
                      (a!5 (ite (= ((_ extract 1 1) X2) #b1)
                                P
                                (ite (= ((_ extract 2 2) X2) #b1)
                                     (ite (= W2 #b10) G1 #b1)
                                     Q)))
                      (a!8 (ite (= ((_ extract 2 2) X2) #b1)
                                Z
                                (ite (= ((_ extract 3 3) X2) #b1)
                                     (ite (= W2 #b11) G1 #b1)
                                     A1)))
                      (a!21 (ite (= (ite (= C3 #b1) #b00001 D3) #b00001) #b0 G1))
                      (a!23 (not (= (ite (= C3 #b1) #b00001 D3) #b10011)))
                      (a!24 (not (= (ite (= C3 #b1) #b00001 D3) #b10100)))
                      (a!25 (not (= (ite (= C3 #b1) #b00001 D3) #b10101)))
                      (a!26 (not (= (ite (= C3 #b1) #b00001 D3) #b10110)))
                      (a!27 (not (= (ite (= C3 #b1) #b00001 D3) #b10111)))
                      (a!28 (not (= (ite (= C3 #b1) #b00001 D3) #b11000)))
                      (a!29 (not (= (ite (= C3 #b1) #b00001 D3) #b11001)))
                      (a!30 (not (= (ite (= C3 #b1) #b00001 D3) #b01011)))
                      (a!31 (not (= (ite (= C3 #b1) #b00001 D3) #b01100)))
                      (a!32 (not (= (ite (= C3 #b1) #b00001 D3) #b01110)))
                      (a!33 (not (= (ite (= C3 #b1) #b00001 D3) #b01111)))
                      (a!34 (or (= (ite (= C3 #b1) #b00001 D3) #b00101)
                                (= (ite (= C3 #b1) #b00001 D3) #b00110)))
                      (a!35 (ite (or (= W2 #b10) (= W2 #b11))
                                 (ite (= W2 #b11) #b1 ((_ extract 3 3) V2))
                                 ((_ extract 3 3) V2)))
                      (a!37 (ite (or (= W2 #b10) (= W2 #b11))
                                 (ite (= W2 #b11) ((_ extract 2 2) V2) #b1)
                                 ((_ extract 2 2) V2)))
                      (a!39 (ite (or (= W2 #b10) (= W2 #b11))
                                 ((_ extract 1 1) V2)
                                 (ite (= W2 #b01) #b1 ((_ extract 1 1) V2))))
                      (a!41 (ite (or (= W2 #b01) (= W2 #b10) (= W2 #b11))
                                 ((_ extract 0 0) V2)
                                 #b1))
                      (a!44 (ite (= (ite (= C3 #b1) #b00001 D3) #b00001) #x0 V2))
                      (a!45 (or (= (ite (= C3 #b1) #b00001 D3) #b01110)
                                (= (ite (= C3 #b1) #b00001 D3) #b01111)))
                      (a!46 (ite (or (= Y2 #b11) (= Y2 #b10))
                                 (ite (= Y2 #b11) #b1 ((_ extract 3 3) V2))
                                 ((_ extract 3 3) V2)))
                      (a!48 (ite (or (= Y2 #b11) (= Y2 #b10))
                                 (ite (= Y2 #b11) ((_ extract 2 2) V2) #b1)
                                 ((_ extract 2 2) V2)))
                      (a!50 (ite (or (= Y2 #b11) (= Y2 #b10))
                                 ((_ extract 1 1) V2)
                                 (ite (= Y2 #b01) #b1 ((_ extract 1 1) V2))))
                      (a!52 (ite (or (= Y2 #b11) (= Y2 #b10) (= Y2 #b01))
                                 ((_ extract 0 0) V2)
                                 #b1))
                      (a!60 (or (= (ite (= C3 #b1) #b00001 D3) #b10101)
                                (= (ite (= C3 #b1) #b00001 D3) #b10110))))
                (let ((a!2 (ite (= (ite (= C3 #b1) #b00001 D3) #b01010) a!1 D))
                      (a!4 (ite (= (ite (= C3 #b1) #b00001 D3) #b01010)
                                (ite (= Z2 #b000000) G a!3)
                                J))
                      (a!6 (ite (= Z2 #b000000)
                                N
                                (ite (= ((_ extract 0 0) X2) #b1) O a!5)))
                      (a!9 (ite (= ((_ extract 0 0) X2) #b1)
                                X
                                (ite (= ((_ extract 1 1) X2) #b1) Y a!8)))
                      (a!36 (ite (= (ite (= C3 #b1) #b00001 D3) #b00101)
                                 a!35
                                 R2))
                      (a!38 (ite (= (ite (= C3 #b1) #b00001 D3) #b00101)
                                 a!37
                                 S2))
                      (a!40 (ite (= (ite (= C3 #b1) #b00001 D3) #b00101)
                                 a!39
                                 T2))
                      (a!42 (ite (= (ite (= C3 #b1) #b00001 D3) #b00101)
                                 a!41
                                 U2))
                      (a!47 (ite (= (ite (= C3 #b1) #b00001 D3) #b01110)
                                 a!46
                                 J2))
                      (a!49 (ite (= (ite (= C3 #b1) #b00001 D3) #b01110)
                                 a!48
                                 K2))
                      (a!51 (ite (= (ite (= C3 #b1) #b00001 D3) #b01110)
                                 a!50
                                 L2))
                      (a!53 (ite (= (ite (= C3 #b1) #b00001 D3) #b01110)
                                 a!52
                                 M2))
                      (a!55 (ite (= (ite (= C3 #b1) #b00001 D3) #b01011)
                                 a!46
                                 N2))
                      (a!56 (ite (= (ite (= C3 #b1) #b00001 D3) #b01011)
                                 a!48
                                 O2))
                      (a!57 (ite (= (ite (= C3 #b1) #b00001 D3) #b01011)
                                 a!50
                                 P2))
                      (a!58 (ite (= (ite (= C3 #b1) #b00001 D3) #b01011)
                                 a!52
                                 Q2))
                      (a!61 (ite (= (ite (= C3 #b1) #b00001 D3) #b10101)
                                 (ite (= Z2 #b000000)
                                      (ite (= B3 A3) a!35 Q1)
                                      R1)
                                 S1))
                      (a!62 (ite (= (ite (= C3 #b1) #b00001 D3) #b10101)
                                 (ite (= Z2 #b000000)
                                      (ite (= B3 A3) a!37 T1)
                                      U1)
                                 V1))
                      (a!63 (ite (= (ite (= C3 #b1) #b00001 D3) #b10101)
                                 (ite (= Z2 #b000000)
                                      (ite (= B3 A3) a!39 W1)
                                      X1)
                                 Y1))
                      (a!64 (ite (= (ite (= C3 #b1) #b00001 D3) #b10101)
                                 (ite (= Z2 #b000000)
                                      (ite (= B3 A3) a!41 Z1)
                                      A2)
                                 B2))
                      (a!68 (ite (= (ite (= C3 #b1) #b00001 D3) #b10011)
                                 a!35
                                 F2))
                      (a!69 (ite (= (ite (= C3 #b1) #b00001 D3) #b10011)
                                 a!37
                                 G2))
                      (a!70 (ite (= (ite (= C3 #b1) #b00001 D3) #b10011)
                                 a!39
                                 H2))
                      (a!71 (ite (= (ite (= C3 #b1) #b00001 D3) #b10011)
                                 a!41
                                 I2))
                      (a!73 (ite (= (ite (= C3 #b1) #b00001 D3) #b10111)
                                 (ite (= Z2 #b000000) a!35 H1)
                                 I1))
                      (a!74 (ite (= (ite (= C3 #b1) #b00001 D3) #b10111)
                                 (ite (= Z2 #b000000) a!37 J1)
                                 K1))
                      (a!75 (ite (= (ite (= C3 #b1) #b00001 D3) #b10111)
                                 (ite (= Z2 #b000000) a!39 L1)
                                 M1))
                      (a!76 (ite (= (ite (= C3 #b1) #b00001 D3) #b10111)
                                 (ite (= Z2 #b000000) a!41 N1)
                                 O1)))
                (let ((a!7 (ite (= (ite (= C3 #b1) #b00001 D3) #b01010) a!6 R))
                      (a!10 (ite (= (ite (= C3 #b1) #b00001 D3) #b01010)
                                 (ite (= Z2 #b000000) W a!9)
                                 B1))
                      (a!43 (ite (= (ite (= C3 #b1) #b00001 D3) #b00110)
                                 (ite (= Z2 #b000000) #x0 V2)
                                 (concat a!36 a!38 a!40 a!42)))
                      (a!54 (ite (= (ite (= C3 #b1) #b00001 D3) #b01111)
                                 (ite (= Z2 #b000000) #x0 V2)
                                 (concat a!47 a!49 a!51 a!53)))
                      (a!59 (ite (= (ite (= C3 #b1) #b00001 D3) #b01100)
                                 (ite (= Z2 #b000000) #x0 V2)
                                 (concat a!55 a!56 a!57 a!58)))
                      (a!65 (ite (= (ite (= C3 #b1) #b00001 D3) #b10101)
                                 (ite (= Z2 #b000000)
                                      (ite (= B3 A3)
                                           (concat a!61 a!62 a!63 a!64)
                                           V2)
                                      C2)
                                 D2))
                      (a!72 (ite (= (ite (= C3 #b1) #b00001 D3) #b10100)
                                 (ite (= Z2 #b000000) #x0 V2)
                                 (concat a!68 a!69 a!70 a!71)))
                      (a!77 (ite (= (ite (= C3 #b1) #b00001 D3) #b10111)
                                 (ite (= Z2 #b000000)
                                      (concat a!73 a!74 a!75 a!76)
                                      V2)
                                 P1)))
                (let ((a!11 (ite (= ((_ extract 2 2) X2) #b1)
                                 V
                                 (ite (= ((_ extract 3 3) X2) #b1) a!10 G1)))
                      (a!66 (ite (= (ite (= C3 #b1) #b00001 D3) #b10101)
                                 (ite (= Z2 #b000000) a!65 V2)
                                 E2))
                      (a!78 (ite (= (ite (= C3 #b1) #b00001 D3) #b11000)
                                 (ite (= Z2 #b000000) #xf V2)
                                 a!77)))
                (let ((a!12 (ite (= ((_ extract 0 0) X2) #b1)
                                 T
                                 (ite (= ((_ extract 1 1) X2) #b1) U a!11)))
                      (a!67 (ite (= (ite (= C3 #b1) #b00001 D3) #b10110)
                                 (ite (= Z2 #b000000) #x0 V2)
                                 a!66))
                      (a!79 (ite (= (ite (= C3 #b1) #b00001 D3) #b11001)
                                 (ite (= Z2 #b000000) #x0 V2)
                                 a!78)))
                (let ((a!13 (ite (= (ite (= C3 #b1) #b00001 D3) #b01010)
                                 (ite (= Z2 #b000000) S a!12)
                                 C1))
                      (a!80 (= E3
                               (ite (and a!23 a!24 a!25 a!26 a!27 a!28 a!29)
                                    (ite (and a!30 a!31 a!32 a!33)
                                         (ite a!34 a!43 a!44)
                                         (ite a!45 a!54 a!59))
                                    (ite (and a!27 a!28 a!29)
                                         (ite a!60 a!67 a!72)
                                         a!79)))))
                (let ((a!14 (ite (= ((_ extract 1 1) X2) #b1)
                                 M
                                 (ite (= ((_ extract 2 2) X2) #b1) a!7 a!13))))
                (let ((a!15 (ite (= Z2 #b000000)
                                 K
                                 (ite (= ((_ extract 0 0) X2) #b1) L a!14))))
                (let ((a!16 (ite (= (ite (= C3 #b1) #b00001 D3) #b01010)
                                 a!15
                                 D1)))
                (let ((a!17 (ite (= ((_ extract 0 0) X2) #b1)
                                 F
                                 (ite (= ((_ extract 1 1) X2) #b1) a!4 a!16))))
                (let ((a!18 (ite (= (ite (= C3 #b1) #b00001 D3) #b01010)
                                 (ite (= Z2 #b000000) E a!17)
                                 E1)))
                (let ((a!19 (ite (= Z2 #b000000)
                                 A
                                 (ite (= ((_ extract 0 0) X2) #b1) a!2 a!18))))
                (let ((a!20 (ite (= (ite (= C3 #b1) #b00001 D3) #b01010)
                                 a!19
                                 F1)))
                (let ((a!22 (ite (= (ite (= C3 #b1) #b00001 D3) #b01010)
                                 (ite (= Z2 #b000000) #b1 a!20)
                                 a!21)))
                  (=> (and (INV!slice!1 V2 G1) (= F3 a!22) a!80)
                      (INV!slice!1 E3 F3))))))))))))))))
                :weight 0))))
(let ((a!2 ((_ hyper-res 0 0 0 1)
             (asserted a!1)
             ((_ hyper-res 0 0)
               (asserted (INV!slice!1 #x0 #b0))
               (INV!slice!1 #x0 #b0))
             (INV!slice!1 #xf #b0))))
(let ((a!3 ((_ hyper-res 0 0 0 1)
             (asserted (=> (INV!slice!1 #xf #b0) query!0))
             a!2
             query!0)))
  (mp a!3 (asserted (=> query!0 false)) false))))
