Failed to find a lemma for: (= ((_ extract 38 12) INV!slice!1_7_n)
   (bvmul #b111111111111111111111111111 (concat #x0 INV!slice!1_1_n)))
Available lemmas are: 44: (and (= ((_ extract 11 0) INV!slice!1_7_n) #x000)
     (= ((_ extract 38 12) INV!slice!1_7_n)
        (bvmul #b111111111111111111111111111 (concat #x0 INV!slice!1_1_n))))
45: (= ((_ extract 11 0) INV!slice!1_7_n) #x000)
46: (or (= INV!slice!1_36_n #b1) (= ((_ extract 11 0) INV!slice!1_7_n) #x000))
47: (let ((a!1 (and (= ((_ extract 11 0) INV!slice!1_7_n) #x000)
                (= ((_ extract 38 12) INV!slice!1_7_n)
                   (bvmul #b111111111111111111111111111
                          (concat #x0 INV!slice!1_1_n))))))
  (or (= INV!slice!1_36_n #b1) (= INV!slice!1_33_n #b1) a!1))
48: (or (not (= INV!slice!1_36_n #b1)) (= ((_ extract 11 0) INV!slice!1_7_n) #x000))
49: (or (= ((_ extract 11 0) INV!slice!1_7_n) #x000)
    (= ((_ extract 0 0) INV!slice!1_6_n) #b1))
50: (or (not (= INV!slice!1_26_n #b1))
    (= ((_ extract 11 0) INV!slice!1_7_n) #x000)
    (not (= INV!slice!1_6_n #b001)))
51: (or (not (= INV!slice!1_36_n #b1))
    (not (= INV!slice!1_50_n #b0))
    (= ((_ extract 11 0) INV!slice!1_7_n) #x000))
52: (or (not (= INV!slice!1_18_n #b1))
    (not (= INV!slice!1_39_n #b1))
    (= ((_ extract 11 0) INV!slice!1_7_n) #x000))
53: (or (= INV!slice!1_26_n #b1)
    (not (= INV!slice!1_6_n #b001))
    (= ((_ extract 9 0) INV!slice!1_20_n) #b0000000000))
54: (or (= INV!slice!1_36_n #b1)
    (not (= INV!slice!1_6_n #b000))
    (= ((_ extract 9 0) INV!slice!1_20_n) #b0000000000))
55: (or (= INV!slice!1_33_n #b1)
    (not (= INV!slice!1_6_n #b001))
    (= ((_ extract 9 0) INV!slice!1_20_n) #b0000000000))
56: (or (= INV!slice!1_36_n #b1)
    (= INV!slice!1_33_n #b1)
    (= ((_ extract 11 0) INV!slice!1_7_n) #x000))
Simplified goal is:
0: (= ((_ extract 38 12) INV!slice!1_7_n)
   (bvmul #b111111111111111111111111111 (concat #x0 INV!slice!1_1_n)))
1: (or (= INV!slice!1_36_n #b1) (= ((_ extract 11 0) INV!slice!1_7_n) #x000))
2: (or (not (= INV!slice!1_36_n #b1)) (= ((_ extract 11 0) INV!slice!1_7_n) #x000))
3: (or (= INV!slice!1_26_n #b1)
    (not (= INV!slice!1_6_n #b001))
    (= ((_ extract 9 0) INV!slice!1_20_n) #b0000000000))
4: (or (= INV!slice!1_36_n #b1)
    (not (= INV!slice!1_6_n #b000))
    (= ((_ extract 9 0) INV!slice!1_20_n) #b0000000000))
5: (or (= INV!slice!1_33_n #b1)
    (not (= INV!slice!1_6_n #b001))
    (= ((_ extract 9 0) INV!slice!1_20_n) #b0000000000))
ASSERTION VIOLATION
File: ../src/muz/spacer/spacer_context.cpp
Line: 2204
Failed to verify: found

Z3 4.8.9.0
Please file an issue with this message and more detail about how you encountered it at https://github.com/Z3Prover/z3/issues/new
