Failed to find a lemma for: (= ((_ extract 37 10) INV!slice!1_38_n)
   (bvmul #xfffffff (concat #b000000 INV!slice!1_69_n)))
Available lemmas are: 34: (= ((_ extract 9 0) INV!slice!1_38_n) #b0000000000)
35: (and (= ((_ extract 9 0) INV!slice!1_38_n) #b0000000000)
     (= ((_ extract 37 10) INV!slice!1_38_n)
        (bvmul #xfffffff (concat #b000000 INV!slice!1_69_n))))
36: (or (= INV!slice!1_34_n #b1) (= ((_ extract 7 0) INV!slice!1_25_n) #x00))
37: (or (= INV!slice!1_25_n #b00000000000000000000000000000000000000)
    ((_ bit2bool 2) INV!slice!1_37_n)
    ((_ bit2bool 0) INV!slice!1_37_n))
38: (or ((_ bit2bool 2) INV!slice!1_51_n)
    ((_ bit2bool 2) INV!slice!1_37_n)
    (= ((_ extract 7 0) INV!slice!1_25_n) #x00))
39: (or ((_ bit2bool 2) INV!slice!1_51_n)
    (= ((_ extract 7 0) INV!slice!1_25_n) #x00))
Simplified goal is:
0: (= ((_ extract 9 0) INV!slice!1_38_n) #b0000000000)
1: (= ((_ extract 37 10) INV!slice!1_38_n)
   (bvmul #xfffffff (concat #b000000 INV!slice!1_69_n)))
2: (or (= INV!slice!1_34_n #b1) (= ((_ extract 7 0) INV!slice!1_25_n) #x00))
3: (or (= INV!slice!1_25_n #b00000000000000000000000000000000000000)
    ((_ bit2bool 2) INV!slice!1_37_n)
    ((_ bit2bool 0) INV!slice!1_37_n))
4: (or ((_ bit2bool 2) INV!slice!1_51_n)
    (= ((_ extract 7 0) INV!slice!1_25_n) #x00))
ASSERTION VIOLATION
File: ../src/muz/spacer/spacer_context.cpp
Line: 2204
Failed to verify: found

Z3 4.8.9.0
Please file an issue with this message and more detail about how you encountered it at https://github.com/Z3Prover/z3/issues/new
