Failed to find a lemma for: (= ((_ extract 34 10) INV!slice!1_21_n)
   (bvmul #b1111111111111111111111111 (concat #b00 INV!slice!1_61_n)))
Available lemmas are: 40: (= ((_ extract 9 0) INV!slice!1_21_n) #b0000000000)
41: (and (= ((_ extract 9 0) INV!slice!1_21_n) #b0000000000)
     (= ((_ extract 34 10) INV!slice!1_21_n)
        (bvmul #b1111111111111111111111111 (concat #b00 INV!slice!1_61_n))))
42: (let ((a!1 (ite (= INV!slice!1_6_n #b1)
                (concat (bvadd ((_ extract 34 10) INV!slice!1_21_n)
                               (concat #b00 INV!slice!1_61_n))
                        ((_ extract 9 0) INV!slice!1_21_n))
                INV!slice!1_49_n)))
  (= a!1 #b00000000000000000000000000000000000))
43: (or (not (= INV!slice!1_75_n #b1))
    (not (= INV!slice!1_33_n #b1))
    (= ((_ extract 7 0) INV!slice!1_47_n) #x00))
44: (let ((a!1 (and (= ((_ extract 9 0) INV!slice!1_21_n) #b0000000000)
                (= ((_ extract 34 10) INV!slice!1_21_n)
                   (bvmul #b1111111111111111111111111
                          (concat #b00 INV!slice!1_61_n))))))
  (or (not (= INV!slice!1_6_n #b1))
      ((_ bit2bool 0) INV!slice!1_61_n)
      ((_ bit2bool 1) INV!slice!1_61_n)
      ((_ bit2bool 2) INV!slice!1_61_n)
      ((_ bit2bool 3) INV!slice!1_61_n)
      ((_ bit2bool 4) INV!slice!1_61_n)
      ((_ bit2bool 5) INV!slice!1_61_n)
      ((_ bit2bool 6) INV!slice!1_61_n)
      ((_ bit2bool 7) INV!slice!1_61_n)
      ((_ bit2bool 8) INV!slice!1_61_n)
      ((_ bit2bool 9) INV!slice!1_61_n)
      ((_ bit2bool 10) INV!slice!1_61_n)
      ((_ bit2bool 11) INV!slice!1_61_n)
      ((_ bit2bool 12) INV!slice!1_61_n)
      ((_ bit2bool 13) INV!slice!1_61_n)
      ((_ bit2bool 14) INV!slice!1_61_n)
      ((_ bit2bool 15) INV!slice!1_61_n)
      ((_ bit2bool 16) INV!slice!1_61_n)
      ((_ bit2bool 17) INV!slice!1_61_n)
      ((_ bit2bool 18) INV!slice!1_61_n)
      ((_ bit2bool 19) INV!slice!1_61_n)
      ((_ bit2bool 20) INV!slice!1_61_n)
      ((_ bit2bool 21) INV!slice!1_61_n)
      a!1))
45: (let ((a!1 (and (= ((_ extract 9 0) INV!slice!1_21_n) #b0000000000)
                (= ((_ extract 34 10) INV!slice!1_21_n)
                   (bvmul #b1111111111111111111111111
                          (concat #b00 INV!slice!1_61_n))))))
  (or (not (= INV!slice!1_46_n #b1)) a!1))
46: (or (= INV!slice!1_30_n #b1)
    (= ((_ extract 9 0) INV!slice!1_21_n) #b0000000000))
47: (or (not (= INV!slice!1_46_n #b1)) (= ((_ extract 7 0) INV!slice!1_47_n) #x00))
Simplified goal is:
0: (= ((_ extract 9 0) INV!slice!1_21_n) #b0000000000)
1: (= ((_ extract 34 10) INV!slice!1_21_n)
   (bvmul #b1111111111111111111111111 (concat #b00 INV!slice!1_61_n)))
2: (let ((a!1 (ite (= INV!slice!1_6_n #b1)
                (concat (bvadd ((_ extract 34 10) INV!slice!1_21_n)
                               (concat #b00 INV!slice!1_61_n))
                        ((_ extract 9 0) INV!slice!1_21_n))
                INV!slice!1_49_n)))
  (= a!1 #b00000000000000000000000000000000000))
3: (or (not (= INV!slice!1_75_n #b1))
    (not (= INV!slice!1_33_n #b1))
    (= ((_ extract 7 0) INV!slice!1_47_n) #x00))
4: (or (not (= INV!slice!1_46_n #b1)) (= ((_ extract 7 0) INV!slice!1_47_n) #x00))
ASSERTION VIOLATION
File: ../src/muz/spacer/spacer_context.cpp
Line: 2204
Failed to verify: found

Z3 4.8.9.0
Please file an issue with this message and more detail about how you encountered it at https://github.com/Z3Prover/z3/issues/new
