Failed to find a lemma for: (= ((_ extract 38 14) INV!slice!1_57_n)
   (bvmul #b1111111111111111111111111 (concat #b00 INV!slice!1_65_n)))
Available lemmas are: 97: (= ((_ extract 13 0) INV!slice!1_57_n) #b00000000000000)
98: (and (= ((_ extract 13 0) INV!slice!1_57_n) #b00000000000000)
     (= ((_ extract 38 14) INV!slice!1_57_n)
        (bvmul #b1111111111111111111111111 (concat #b00 INV!slice!1_65_n))))
99: (and (= ((_ extract 13 0) INV!slice!1_57_n) #b00000000000000)
     (= (concat #b00 INV!slice!1_65_n)
        (bvmul #b1111111111111111111111111 ((_ extract 38 14) INV!slice!1_57_n))))
100: (or (not (= INV!slice!1_36_n #b1)) (= ((_ extract 11 0) INV!slice!1_8_n) #x000))
101: (let ((a!1 (= (concat ((_ extract 19 19) INV!slice!1_59_n)
                      ((_ extract 19 0) INV!slice!1_59_n))
              (bvmul #b111111111111111111111
                     (concat ((_ extract 39 39) INV!slice!1_59_n)
                             ((_ extract 39 20) INV!slice!1_59_n))))))
  (or (not ((_ bit2bool 20) INV!slice!1_58_n))
      (= ((_ extract 11 0) INV!slice!1_8_n) #x000)
      (not a!1)))
102: (or (not (= INV!slice!1_29_n #b1)) (= ((_ extract 11 0) INV!slice!1_8_n) #x000))
103: (or (not (= INV!slice!1_53_n #b1))
    (= ((_ extract 13 0) INV!slice!1_57_n) #b00000000000000))
104: (or (not ((_ bit2bool 0) INV!slice!1_7_n))
    (not (= INV!slice!1_36_n #b0))
    (= ((_ extract 1 1) INV!slice!1_7_n) #b1)
    (= ((_ extract 11 0) INV!slice!1_8_n) #x000))
105: (or (= INV!slice!1_39_n #b1)
    (not (= INV!slice!1_7_n #b000))
    (= ((_ extract 11 0) INV!slice!1_8_n) #x000))
106: (or (= ((_ extract 1 1) INV!slice!1_7_n) #b1)
    (= ((_ extract 11 0) INV!slice!1_8_n) #x000))
107: (or (not (= INV!slice!1_36_n #b1))
    ((_ bit2bool 0) INV!slice!1_7_n)
    (= ((_ extract 9 0) INV!slice!1_22_n) #b0000000000))
108: (or (= INV!slice!1_39_n #b1)
    (not (= INV!slice!1_53_n #b1))
    (= ((_ extract 11 0) INV!slice!1_8_n) #x000))
109: (or (= INV!slice!1_39_n #b1)
    (not (= INV!slice!1_20_n #b0))
    (= ((_ extract 11 0) INV!slice!1_8_n) #x000))
110: (or (not (= INV!slice!1_36_n #b1))
    (= INV!slice!1_29_n #b1)
    (= ((_ extract 11 0) INV!slice!1_8_n) #x000))
111: (or (not (= INV!slice!1_53_n #b1)) (= ((_ extract 11 0) INV!slice!1_8_n) #x000))
112: (or (not (= INV!slice!1_39_n #b1)) (= ((_ extract 11 0) INV!slice!1_8_n) #x000))
113: (or (not (= INV!slice!1_20_n #b0)) (= ((_ extract 11 0) INV!slice!1_8_n) #x000))
114: (or (= ((_ extract 11 0) INV!slice!1_8_n) #x000) (not (= INV!slice!1_41_n #b0)))
Simplified goal is:
0: (= ((_ extract 38 14) INV!slice!1_57_n)
   (bvmul #b1111111111111111111111111 (concat #b00 INV!slice!1_65_n)))
1: (= ((_ extract 13 0) INV!slice!1_57_n) #b00000000000000)
2: (= (concat #b00 INV!slice!1_65_n)
   (bvmul #b1111111111111111111111111 ((_ extract 38 14) INV!slice!1_57_n)))
3: (let ((a!1 (= (concat ((_ extract 19 19) INV!slice!1_59_n)
                      ((_ extract 19 0) INV!slice!1_59_n))
              (bvmul #b111111111111111111111
                     (concat ((_ extract 39 39) INV!slice!1_59_n)
                             ((_ extract 39 20) INV!slice!1_59_n))))))
  (or (not ((_ bit2bool 20) INV!slice!1_58_n))
      (= ((_ extract 11 0) INV!slice!1_8_n) #x000)
      (not a!1)))
4: (or (not (= INV!slice!1_29_n #b1)) (= ((_ extract 11 0) INV!slice!1_8_n) #x000))
5: (or (= ((_ extract 1 1) INV!slice!1_7_n) #b1)
    (= ((_ extract 11 0) INV!slice!1_8_n) #x000))
6: (or (not (= INV!slice!1_36_n #b1))
    ((_ bit2bool 0) INV!slice!1_7_n)
    (= ((_ extract 9 0) INV!slice!1_22_n) #b0000000000))
7: (or (not (= INV!slice!1_36_n #b1))
    (= INV!slice!1_29_n #b1)
    (= ((_ extract 11 0) INV!slice!1_8_n) #x000))
8: (or (not (= INV!slice!1_53_n #b1)) (= ((_ extract 11 0) INV!slice!1_8_n) #x000))
9: (or (not (= INV!slice!1_39_n #b1)) (= ((_ extract 11 0) INV!slice!1_8_n) #x000))
10: (or (not (= INV!slice!1_20_n #b0)) (= ((_ extract 11 0) INV!slice!1_8_n) #x000))
11: (or (= ((_ extract 11 0) INV!slice!1_8_n) #x000) (not (= INV!slice!1_41_n #b0)))
ASSERTION VIOLATION
File: ../src/muz/spacer/spacer_context.cpp
Line: 2204
Failed to verify: found

Z3 4.8.9.0
Please file an issue with this message and more detail about how you encountered it at https://github.com/Z3Prover/z3/issues/new
