Failed to find a lemma for: (= ((_ extract 38 8) INV!slice!1_28_n)
   (bvmul #b1111111111111111111111111111111 (concat #x00 INV!slice!1_7_n)))
Available lemmas are: 23: (= ((_ extract 7 0) INV!slice!1_28_n) #x00)
24: (and (= ((_ extract 7 0) INV!slice!1_28_n) #x00)
     (= ((_ extract 38 8) INV!slice!1_28_n)
        (bvmul #b1111111111111111111111111111111 (concat #x00 INV!slice!1_7_n))))
25: (or (not (= INV!slice!1_30_n #b1))
    (= ((_ extract 5 0) INV!slice!1_17_n) #b000000))
26: (let ((a!1 (ite (= ((_ extract 2 1) INV!slice!1_4_n) #b00)
                (concat (bvadd ((_ extract 38 8) INV!slice!1_28_n)
                               (concat #x00 INV!slice!1_7_n))
                        ((_ extract 7 0) INV!slice!1_28_n))
                INV!slice!1_15_n)))
  (or (not (= INV!slice!1_30_n #b1))
      ((_ bit2bool 6) INV!slice!1_7_n)
      ((_ bit2bool 11) INV!slice!1_7_n)
      ((_ bit2bool 20) INV!slice!1_7_n)
      ((_ bit2bool 17) INV!slice!1_7_n)
      ((_ bit2bool 16) INV!slice!1_7_n)
      ((_ bit2bool 15) INV!slice!1_7_n)
      ((_ bit2bool 14) INV!slice!1_7_n)
      ((_ bit2bool 12) INV!slice!1_7_n)
      ((_ bit2bool 10) INV!slice!1_7_n)
      ((_ bit2bool 9) INV!slice!1_7_n)
      ((_ bit2bool 8) INV!slice!1_7_n)
      ((_ bit2bool 7) INV!slice!1_7_n)
      ((_ bit2bool 5) INV!slice!1_7_n)
      ((_ bit2bool 4) INV!slice!1_7_n)
      ((_ bit2bool 3) INV!slice!1_7_n)
      ((_ bit2bool 2) INV!slice!1_7_n)
      ((_ bit2bool 1) INV!slice!1_7_n)
      ((_ bit2bool 0) INV!slice!1_7_n)
      ((_ bit2bool 13) INV!slice!1_7_n)
      ((_ bit2bool 18) INV!slice!1_7_n)
      ((_ bit2bool 19) INV!slice!1_7_n)
      (= a!1 #b000000000000000000000000000000000000000)))
27: (let ((a!1 (ite (= ((_ extract 2 1) INV!slice!1_4_n) #b00)
                (concat (bvadd ((_ extract 38 8) INV!slice!1_28_n)
                               (concat #x00 INV!slice!1_7_n))
                        ((_ extract 7 0) INV!slice!1_28_n))
                INV!slice!1_15_n)))
  (or (not (= INV!slice!1_30_n #b1))
      (= a!1 #b000000000000000000000000000000000000000)))
28: (or ((_ bit2bool 1) INV!slice!1_4_n)
    (= ((_ extract 5 0) INV!slice!1_17_n) #b000000)
    (= ((_ extract 1 1) (bvadd #b001 INV!slice!1_4_n)) #b1))
29: (or ((_ bit2bool 1) INV!slice!1_4_n)
    (= ((_ extract 7 0) INV!slice!1_28_n) #x00))
30: (let ((a!1 (and (= ((_ extract 7 0) INV!slice!1_28_n) #x00)
                (= ((_ extract 38 8) INV!slice!1_28_n)
                   (bvmul #b1111111111111111111111111111111
                          (concat #x00 INV!slice!1_7_n))))))
  (or (= INV!slice!1_44_n #b1) a!1))
31: (or (not (= INV!slice!1_27_n #b1))
    (= ((_ extract 5 0) INV!slice!1_17_n) #b000000))
32: (or (= INV!slice!1_30_n #b1)
    ((_ bit2bool 1) INV!slice!1_4_n)
    (= ((_ extract 5 0) INV!slice!1_17_n) #b000000))
33: (or ((_ bit2bool 1) INV!slice!1_4_n)
    (= INV!slice!1_4_n #b000)
    (= ((_ extract 5 0) INV!slice!1_17_n) #b000000))
Simplified goal is:
0: (= ((_ extract 7 0) INV!slice!1_28_n) #x00)
1: (= ((_ extract 38 8) INV!slice!1_28_n)
   (bvmul #b1111111111111111111111111111111 (concat #x00 INV!slice!1_7_n)))
2: (or (not (= INV!slice!1_30_n #b1))
    (= ((_ extract 5 0) INV!slice!1_17_n) #b000000))
3: (let ((a!1 (ite (= ((_ extract 2 1) INV!slice!1_4_n) #b00)
                (concat (bvadd ((_ extract 38 8) INV!slice!1_28_n)
                               (concat #x00 INV!slice!1_7_n))
                        ((_ extract 7 0) INV!slice!1_28_n))
                INV!slice!1_15_n)))
  (or (not (= INV!slice!1_30_n #b1))
      (= a!1 #b000000000000000000000000000000000000000)))
4: (or (not (= INV!slice!1_27_n #b1))
    (= ((_ extract 5 0) INV!slice!1_17_n) #b000000))
5: (or (= INV!slice!1_30_n #b1)
    ((_ bit2bool 1) INV!slice!1_4_n)
    (= ((_ extract 5 0) INV!slice!1_17_n) #b000000))
ASSERTION VIOLATION
File: ../src/muz/spacer/spacer_context.cpp
Line: 2204
Failed to verify: found

Z3 4.8.9.0
Please file an issue with this message and more detail about how you encountered it at https://github.com/Z3Prover/z3/issues/new
