sat
b0 
#0
0 1 uut.serdes_en_r#0
1 0 uut.serdes_out_r#0
2 0 $formal$ponylink-slaveTXlen-sat.sv:2951$1696_CHECK#0
4 1 uut.pack_8bits.packer.queue_tvalid#0
5 0000 uut.txrx.reset_counter#0
6 000001110 uut.pack_8bits.packer.ser_tdata#0
7 11010001 uut.txrx.in_fifo_iptr#0
8 11011110 uut.txrx.peer_out_fifo_iptr#0
9 0 uut.pack_8bits.packer.ser_tvalid#0
10 0 uut.unpack_8bits.unpacker.ser_tready#0
11 11010111 uut.txrx.out_fifo_iptr#0
12 10110111 uut.txrx.out_fifo_optr#0
13 0 uut.pack_8bits.packer.queue_send_tuser#0
14 1 uut.pack_8bits.packer.queue_send_tuser2#0
15 1 uut.pack_8bits.packer.queue_tlast#0
16 11100000 uut.pack_8bits.packer.queue_tuser#0
17 00001100000010000100101010111100 uut.pack_8bits.packer.rng#0
18 111111111011 uut.pack_8bits.packer.rng_counter#0
19 00000 uut.pack_8bits.packer.rng_cursor#0
20 1 uut.txrx.encode_1.encoder.serdes_en#0
21 0 uut.serdes_in_r#0
22 0 uut.txrx.encode_1.encoder.serdes_out#0
23 00011111111110010001011110010110 uut.txrx.crc32.lfsr_q#0
24 1 uut.txrx.checksum_lock#0
26 0 uut.txrx.encode_1.encoder.send_ready#0
27 1 uut.txrx.hd_send_mode#0
28 1 uut.txrx.decode_1.decoder.recv_word_en#0
29 010110101 uut.txrx.send_word#0
30 1001011101 uut.txrx.decode_1.decoder.recv_wbits#0
33 1 uut.txrx.decode_1.decoder.de8b10b.dispout_q#0
34 1010 uut.txrx.decode_1.decoder.de8b10b.reset_state#0
35 0 uut.txrx.decode_1.decoder.de8b10b.rstdetect#0
37 111011100101001 uut.txrx.encode_1.encoder.buffer#0
38 111111111111111 uut.txrx.encode_1.encoder.buffer_en#0
40 0 uut.txrx.encode_1.encoder.send_disp#0
41 1 uut.txrx.encode_1.encoder.en8b10b.lastbit#0
44 0 uut.txrx.encode_1.encoder.stage2_bits#0
45 1 uut.txrx.encode_1.encoder.stage2_enable#0
46 1 uut.txrx.encode_1.encoder.stage2_shift#0
47 111 uut.txrx.hd_recv_wait#0
48 00000 uut.txrx.hd_send_wait#0
49 0 uut.txrx.hd_switch_to_recv#0
50 0 uut.txrx.hd_switch_to_send#0
51 00111111001111110011111000111101 uut.txrx.ichecksum#0
52 000000100 uut.txrx.in_fifo_buffer[0]#0
53 010110010 uut.txrx.in_fifo_buffer[100]#0
54 001011001 uut.txrx.in_fifo_buffer[101]#0
55 011011100 uut.txrx.in_fifo_buffer[102]#0
56 000011100 uut.txrx.in_fifo_buffer[103]#0
57 000011100 uut.txrx.in_fifo_buffer[104]#0
58 010001110 uut.txrx.in_fifo_buffer[105]#0
59 000011100 uut.txrx.in_fifo_buffer[106]#0
60 001111100 uut.txrx.in_fifo_buffer[107]#0
61 001011100 uut.txrx.in_fifo_buffer[108]#0
62 000011100 uut.txrx.in_fifo_buffer[109]#0
63 000001111 uut.txrx.in_fifo_buffer[10]#0
64 001011100 uut.txrx.in_fifo_buffer[110]#0
65 001011100 uut.txrx.in_fifo_buffer[111]#0
66 001011100 uut.txrx.in_fifo_buffer[112]#0
67 001011000 uut.txrx.in_fifo_buffer[113]#0
68 000010100 uut.txrx.in_fifo_buffer[114]#0
69 011000011 uut.txrx.in_fifo_buffer[115]#0
70 001011100 uut.txrx.in_fifo_buffer[116]#0
71 000011100 uut.txrx.in_fifo_buffer[117]#0
72 001011101 uut.txrx.in_fifo_buffer[118]#0
73 001011100 uut.txrx.in_fifo_buffer[119]#0
74 001011010 uut.txrx.in_fifo_buffer[11]#0
75 010011100 uut.txrx.in_fifo_buffer[120]#0
76 000111100 uut.txrx.in_fifo_buffer[121]#0
77 001011100 uut.txrx.in_fifo_buffer[122]#0
78 001010000 uut.txrx.in_fifo_buffer[123]#0
79 000111101 uut.txrx.in_fifo_buffer[124]#0
80 101111100 uut.txrx.in_fifo_buffer[125]#0
81 101011100 uut.txrx.in_fifo_buffer[126]#0
82 001010001 uut.txrx.in_fifo_buffer[127]#0
83 001111101 uut.txrx.in_fifo_buffer[128]#0
84 101001100 uut.txrx.in_fifo_buffer[129]#0
85 011110000 uut.txrx.in_fifo_buffer[12]#0
86 011100100 uut.txrx.in_fifo_buffer[130]#0
87 001111100 uut.txrx.in_fifo_buffer[131]#0
88 100010100 uut.txrx.in_fifo_buffer[132]#0
89 001110010 uut.txrx.in_fifo_buffer[133]#0
90 001011100 uut.txrx.in_fifo_buffer[134]#0
91 010100110 uut.txrx.in_fifo_buffer[135]#0
92 000000011 uut.txrx.in_fifo_buffer[136]#0
93 000000101 uut.txrx.in_fifo_buffer[137]#0
94 000000111 uut.txrx.in_fifo_buffer[138]#0
95 001111101 uut.txrx.in_fifo_buffer[139]#0
96 110111110 uut.txrx.in_fifo_buffer[13]#0
97 011000000 uut.txrx.in_fifo_buffer[140]#0
98 110011000 uut.txrx.in_fifo_buffer[141]#0
99 010101110 uut.txrx.in_fifo_buffer[142]#0
100 000011100 uut.txrx.in_fifo_buffer[143]#0
101 011111101 uut.txrx.in_fifo_buffer[144]#0
102 000011100 uut.txrx.in_fifo_buffer[145]#0
103 001010100 uut.txrx.in_fifo_buffer[146]#0
104 001001100 uut.txrx.in_fifo_buffer[147]#0
105 000011100 uut.txrx.in_fifo_buffer[148]#0
106 101111100 uut.txrx.in_fifo_buffer[149]#0
107 011111110 uut.txrx.in_fifo_buffer[14]#0
108 001011100 uut.txrx.in_fifo_buffer[150]#0
109 001111100 uut.txrx.in_fifo_buffer[151]#0
110 101011100 uut.txrx.in_fifo_buffer[152]#0
111 001111100 uut.txrx.in_fifo_buffer[153]#0
112 001011100 uut.txrx.in_fifo_buffer[154]#0
113 000001100 uut.txrx.in_fifo_buffer[155]#0
114 000011100 uut.txrx.in_fifo_buffer[156]#0
115 100011100 uut.txrx.in_fifo_buffer[157]#0
116 010011100 uut.txrx.in_fifo_buffer[158]#0
117 000011100 uut.txrx.in_fifo_buffer[159]#0
118 000011100 uut.txrx.in_fifo_buffer[15]#0
119 000110000 uut.txrx.in_fifo_buffer[160]#0
120 111011010 uut.txrx.in_fifo_buffer[161]#0
121 011000111 uut.txrx.in_fifo_buffer[162]#0
122 101111100 uut.txrx.in_fifo_buffer[163]#0
123 101011100 uut.txrx.in_fifo_buffer[164]#0
124 000110100 uut.txrx.in_fifo_buffer[165]#0
125 000010101 uut.txrx.in_fifo_buffer[166]#0
126 101011110 uut.txrx.in_fifo_buffer[167]#0
127 010101101 uut.txrx.in_fifo_buffer[168]#0
128 011011101 uut.txrx.in_fifo_buffer[169]#0
129 001100100 uut.txrx.in_fifo_buffer[16]#0
130 100011100 uut.txrx.in_fifo_buffer[170]#0
131 001010101 uut.txrx.in_fifo_buffer[171]#0
132 000010011 uut.txrx.in_fifo_buffer[172]#0
133 001000101 uut.txrx.in_fifo_buffer[173]#0
134 001111100 uut.txrx.in_fifo_buffer[174]#0
135 010011001 uut.txrx.in_fifo_buffer[175]#0
136 010110000 uut.txrx.in_fifo_buffer[176]#0
137 100101110 uut.txrx.in_fifo_buffer[177]#0
138 101010000 uut.txrx.in_fifo_buffer[178]#0
139 001010010 uut.txrx.in_fifo_buffer[179]#0
140 000110110 uut.txrx.in_fifo_buffer[17]#0
141 010110101 uut.txrx.in_fifo_buffer[180]#0
142 110101000 uut.txrx.in_fifo_buffer[181]#0
143 000101010 uut.txrx.in_fifo_buffer[182]#0
144 000011100 uut.txrx.in_fifo_buffer[183]#0
145 000110101 uut.txrx.in_fifo_buffer[184]#0
146 000111100 uut.txrx.in_fifo_buffer[185]#0
147 010001000 uut.txrx.in_fifo_buffer[186]#0
148 001110101 uut.txrx.in_fifo_buffer[187]#0
149 001011100 uut.txrx.in_fifo_buffer[188]#0
150 000010101 uut.txrx.in_fifo_buffer[189]#0
151 010010111 uut.txrx.in_fifo_buffer[18]#0
152 001110101 uut.txrx.in_fifo_buffer[190]#0
153 001011100 uut.txrx.in_fifo_buffer[191]#0
154 000010100 uut.txrx.in_fifo_buffer[192]#0
155 000011100 uut.txrx.in_fifo_buffer[193]#0
156 000011110 uut.txrx.in_fifo_buffer[194]#0
157 000001100 uut.txrx.in_fifo_buffer[195]#0
158 000011100 uut.txrx.in_fifo_buffer[196]#0
159 001011100 uut.txrx.in_fifo_buffer[197]#0
160 001111100 uut.txrx.in_fifo_buffer[198]#0
161 000010100 uut.txrx.in_fifo_buffer[199]#0
162 000010111 uut.txrx.in_fifo_buffer[19]#0
163 101011100 uut.txrx.in_fifo_buffer[1]#0
164 000011100 uut.txrx.in_fifo_buffer[200]#0
165 000011100 uut.txrx.in_fifo_buffer[201]#0
166 010100101 uut.txrx.in_fifo_buffer[202]#0
167 000011100 uut.txrx.in_fifo_buffer[203]#0
168 000011100 uut.txrx.in_fifo_buffer[204]#0
169 000110110 uut.txrx.in_fifo_buffer[205]#0
170 010111111 uut.txrx.in_fifo_buffer[206]#0
171 011110111 uut.txrx.in_fifo_buffer[207]#0
172 001011101 uut.txrx.in_fifo_buffer[208]#0
173 100001110 uut.txrx.in_fifo_buffer[209]#0
174 011111110 uut.txrx.in_fifo_buffer[20]#0
175 100001100 uut.txrx.in_fifo_buffer[210]#0
176 011100001 uut.txrx.in_fifo_buffer[211]#0
177 011011111 uut.txrx.in_fifo_buffer[212]#0
178 011111111 uut.txrx.in_fifo_buffer[213]#0
179 001111100 uut.txrx.in_fifo_buffer[214]#0
180 001011000 uut.txrx.in_fifo_buffer[215]#0
181 011010111 uut.txrx.in_fifo_buffer[216]#0
182 000101100 uut.txrx.in_fifo_buffer[217]#0
183 010011100 uut.txrx.in_fifo_buffer[218]#0
184 010111101 uut.txrx.in_fifo_buffer[219]#0
185 000000000 uut.txrx.in_fifo_buffer[21]#0
186 010011100 uut.txrx.in_fifo_buffer[220]#0
187 000011100 uut.txrx.in_fifo_buffer[221]#0
188 111111100 uut.txrx.in_fifo_buffer[222]#0
189 010111010 uut.txrx.in_fifo_buffer[223]#0
190 101001001 uut.txrx.in_fifo_buffer[224]#0
191 000001111 uut.txrx.in_fifo_buffer[225]#0
192 001011010 uut.txrx.in_fifo_buffer[226]#0
193 010010001 uut.txrx.in_fifo_buffer[227]#0
194 110101000 uut.txrx.in_fifo_buffer[228]#0
195 111010001 uut.txrx.in_fifo_buffer[229]#0
196 010010111 uut.txrx.in_fifo_buffer[22]#0
197 001011000 uut.txrx.in_fifo_buffer[230]#0
198 001111001 uut.txrx.in_fifo_buffer[231]#0
199 010001110 uut.txrx.in_fifo_buffer[232]#0
200 010011100 uut.txrx.in_fifo_buffer[233]#0
201 101111100 uut.txrx.in_fifo_buffer[234]#0
202 001011100 uut.txrx.in_fifo_buffer[235]#0
203 000011100 uut.txrx.in_fifo_buffer[236]#0
204 000011100 uut.txrx.in_fifo_buffer[237]#0
205 000011100 uut.txrx.in_fifo_buffer[238]#0
206 001111100 uut.txrx.in_fifo_buffer[239]#0
207 000010111 uut.txrx.in_fifo_buffer[23]#0
208 001000001 uut.txrx.in_fifo_buffer[240]#0
209 000011110 uut.txrx.in_fifo_buffer[241]#0
210 001011000 uut.txrx.in_fifo_buffer[242]#0
211 000011100 uut.txrx.in_fifo_buffer[243]#0
212 101111100 uut.txrx.in_fifo_buffer[244]#0
213 000011110 uut.txrx.in_fifo_buffer[245]#0
214 001111100 uut.txrx.in_fifo_buffer[246]#0
215 000011100 uut.txrx.in_fifo_buffer[247]#0
216 000011100 uut.txrx.in_fifo_buffer[248]#0
217 001011001 uut.txrx.in_fifo_buffer[249]#0
218 001111111 uut.txrx.in_fifo_buffer[24]#0
219 010011110 uut.txrx.in_fifo_buffer[250]#0
220 010111100 uut.txrx.in_fifo_buffer[251]#0
221 011111010 uut.txrx.in_fifo_buffer[252]#0
222 101111100 uut.txrx.in_fifo_buffer[253]#0
223 101011100 uut.txrx.in_fifo_buffer[254]#0
224 010010011 uut.txrx.in_fifo_buffer[255]#0
225 001010110 uut.txrx.in_fifo_buffer[25]#0
226 010010111 uut.txrx.in_fifo_buffer[26]#0
227 101011100 uut.txrx.in_fifo_buffer[27]#0
228 011111000 uut.txrx.in_fifo_buffer[28]#0
229 001100000 uut.txrx.in_fifo_buffer[29]#0
230 001001000 uut.txrx.in_fifo_buffer[2]#0
231 100011100 uut.txrx.in_fifo_buffer[30]#0
232 001011100 uut.txrx.in_fifo_buffer[31]#0
233 011111111 uut.txrx.in_fifo_buffer[32]#0
234 001011100 uut.txrx.in_fifo_buffer[33]#0
235 000011100 uut.txrx.in_fifo_buffer[34]#0
236 000011100 uut.txrx.in_fifo_buffer[35]#0
237 000000100 uut.txrx.in_fifo_buffer[36]#0
238 000011100 uut.txrx.in_fifo_buffer[37]#0
239 001111100 uut.txrx.in_fifo_buffer[38]#0
240 000010100 uut.txrx.in_fifo_buffer[39]#0
241 011000110 uut.txrx.in_fifo_buffer[3]#0
242 100011100 uut.txrx.in_fifo_buffer[40]#0
243 001011100 uut.txrx.in_fifo_buffer[41]#0
244 001100110 uut.txrx.in_fifo_buffer[42]#0
245 001101100 uut.txrx.in_fifo_buffer[43]#0
246 101011100 uut.txrx.in_fifo_buffer[44]#0
247 000111100 uut.txrx.in_fifo_buffer[45]#0
248 001101110 uut.txrx.in_fifo_buffer[46]#0
249 010011100 uut.txrx.in_fifo_buffer[47]#0
250 100011100 uut.txrx.in_fifo_buffer[48]#0
251 010011011 uut.txrx.in_fifo_buffer[49]#0
252 100011100 uut.txrx.in_fifo_buffer[4]#0
253 001011100 uut.txrx.in_fifo_buffer[50]#0
254 000011100 uut.txrx.in_fifo_buffer[51]#0
255 001011100 uut.txrx.in_fifo_buffer[52]#0
256 100011100 uut.txrx.in_fifo_buffer[53]#0
257 101111100 uut.txrx.in_fifo_buffer[54]#0
258 001011100 uut.txrx.in_fifo_buffer[55]#0
259 001000101 uut.txrx.in_fifo_buffer[56]#0
260 001111100 uut.txrx.in_fifo_buffer[57]#0
261 001011100 uut.txrx.in_fifo_buffer[58]#0
262 000011100 uut.txrx.in_fifo_buffer[59]#0
263 000011111 uut.txrx.in_fifo_buffer[5]#0
264 100011100 uut.txrx.in_fifo_buffer[60]#0
265 000011100 uut.txrx.in_fifo_buffer[61]#0
266 001010100 uut.txrx.in_fifo_buffer[62]#0
267 001111100 uut.txrx.in_fifo_buffer[63]#0
268 000011100 uut.txrx.in_fifo_buffer[64]#0
269 101011100 uut.txrx.in_fifo_buffer[65]#0
270 000011100 uut.txrx.in_fifo_buffer[66]#0
271 000011101 uut.txrx.in_fifo_buffer[67]#0
272 011100100 uut.txrx.in_fifo_buffer[68]#0
273 001011100 uut.txrx.in_fifo_buffer[69]#0
274 001110000 uut.txrx.in_fifo_buffer[6]#0
275 000011100 uut.txrx.in_fifo_buffer[70]#0
276 001011100 uut.txrx.in_fifo_buffer[71]#0
277 001011100 uut.txrx.in_fifo_buffer[72]#0
278 001111000 uut.txrx.in_fifo_buffer[73]#0
279 000001100 uut.txrx.in_fifo_buffer[74]#0
280 001101101 uut.txrx.in_fifo_buffer[75]#0
281 001001111 uut.txrx.in_fifo_buffer[76]#0
282 001100100 uut.txrx.in_fifo_buffer[77]#0
283 010101000 uut.txrx.in_fifo_buffer[78]#0
284 010011101 uut.txrx.in_fifo_buffer[79]#0
285 011110000 uut.txrx.in_fifo_buffer[7]#0
286 010000001 uut.txrx.in_fifo_buffer[80]#0
287 010110010 uut.txrx.in_fifo_buffer[81]#0
288 000010110 uut.txrx.in_fifo_buffer[82]#0
289 000011100 uut.txrx.in_fifo_buffer[83]#0
290 001011100 uut.txrx.in_fifo_buffer[84]#0
291 000011100 uut.txrx.in_fifo_buffer[85]#0
292 001011100 uut.txrx.in_fifo_buffer[86]#0
293 101111100 uut.txrx.in_fifo_buffer[87]#0
294 001011100 uut.txrx.in_fifo_buffer[88]#0
295 001011100 uut.txrx.in_fifo_buffer[89]#0
296 000010000 uut.txrx.in_fifo_buffer[8]#0
297 000011100 uut.txrx.in_fifo_buffer[90]#0
298 000011100 uut.txrx.in_fifo_buffer[91]#0
299 000111100 uut.txrx.in_fifo_buffer[92]#0
300 001111100 uut.txrx.in_fifo_buffer[93]#0
301 000011100 uut.txrx.in_fifo_buffer[94]#0
302 000010000 uut.txrx.in_fifo_buffer[95]#0
303 000011110 uut.txrx.in_fifo_buffer[96]#0
304 001001110 uut.txrx.in_fifo_buffer[97]#0
305 001110110 uut.txrx.in_fifo_buffer[98]#0
306 001011100 uut.txrx.in_fifo_buffer[99]#0
307 000000101 uut.txrx.in_fifo_buffer[9]#0
308 11010100 uut.txrx.in_fifo_optr#0
309 0001 uut.txrx.istate#0
310 11000000 uut.txrx.next_sent_gpio#0
311 01111110 uut.txrx.next_sent_gpio_at#0
312 0000 uut.txrx.ostate#0
313 0000000 uut.txrx.ostate_counter#0
314 0 uut.txrx.ostate_reset#0
315 00111111 uut.txrx.peer_out_fifo_iptr_next#0
316 010000000 uut.txrx.sent_gpio#0
317 01111111 uut.txrx.work_out_fifo_iptr#0
318 1 uut.txrx.work_out_fifo_iptr_apply#0
@0
0 0 clk@0
1 1 serdes_in@0
@1
0 0 clk@1
1 0 serdes_in@1
@2
0 0 clk@2
1 0 serdes_in@2
@3
0 0 clk@3
1 0 serdes_in@3
@4
0 0 clk@4
1 0 serdes_in@4
@5
0 0 clk@5
1 1 serdes_in@5
@6
0 0 clk@6
1 1 serdes_in@6
@7
0 0 clk@7
1 0 serdes_in@7
@8
0 0 clk@8
1 0 serdes_in@8
@9
0 0 clk@9
1 0 serdes_in@9
@10
0 0 clk@10
1 0 serdes_in@10
@11
0 0 clk@11
1 0 serdes_in@11
@12
0 0 clk@12
1 0 serdes_in@12
@13
0 0 clk@13
1 0 serdes_in@13
@14
0 0 clk@14
1 0 serdes_in@14
@15
0 0 clk@15
1 0 serdes_in@15
@16
0 0 clk@16
1 0 serdes_in@16
@17
0 0 clk@17
1 0 serdes_in@17
@18
0 0 clk@18
1 0 serdes_in@18
@19
0 0 clk@19
1 0 serdes_in@19
@20
0 0 clk@20
1 0 serdes_in@20
@21
0 0 clk@21
1 0 serdes_in@21
@22
0 0 clk@22
1 0 serdes_in@22
@23
0 0 clk@23
1 0 serdes_in@23
@24
0 0 clk@24
1 0 serdes_in@24
@25
0 0 clk@25
1 0 serdes_in@25
@26
0 0 clk@26
1 0 serdes_in@26
@27
0 0 clk@27
1 0 serdes_in@27
@28
0 0 clk@28
1 0 serdes_in@28
@29
0 0 clk@29
1 0 serdes_in@29
@30
0 0 clk@30
1 0 serdes_in@30
@31
0 0 clk@31
1 0 serdes_in@31
@32
0 0 clk@32
1 0 serdes_in@32
@33
0 0 clk@33
1 0 serdes_in@33
@34
0 0 clk@34
1 0 serdes_in@34
@35
0 0 clk@35
1 0 serdes_in@35
@36
0 0 clk@36
1 0 serdes_in@36
@37
0 0 clk@37
1 0 serdes_in@37
@38
0 0 clk@38
1 0 serdes_in@38
@39
0 0 clk@39
1 0 serdes_in@39
@40
0 0 clk@40
1 0 serdes_in@40
@41
0 0 clk@41
1 0 serdes_in@41
@42
0 0 clk@42
1 0 serdes_in@42
@43
0 0 clk@43
1 0 serdes_in@43
@44
0 0 clk@44
1 0 serdes_in@44
@45
0 0 clk@45
1 0 serdes_in@45
@46
0 0 clk@46
1 0 serdes_in@46
@47
0 0 clk@47
1 0 serdes_in@47
@48
0 0 clk@48
1 0 serdes_in@48
@49
0 0 clk@49
1 0 serdes_in@49
@50
0 0 clk@50
1 0 serdes_in@50
@51
0 0 clk@51
1 0 serdes_in@51
@52
0 0 clk@52
1 0 serdes_in@52
@53
0 0 clk@53
1 0 serdes_in@53
@54
0 0 clk@54
1 0 serdes_in@54
@55
0 0 clk@55
1 0 serdes_in@55
@56
0 0 clk@56
1 0 serdes_in@56
@57
0 0 clk@57
1 0 serdes_in@57
@58
0 0 clk@58
1 0 serdes_in@58
@59
0 0 clk@59
1 0 serdes_in@59
@60
0 0 clk@60
1 0 serdes_in@60
@61
0 0 clk@61
1 0 serdes_in@61
@62
0 0 clk@62
1 0 serdes_in@62
@63
0 0 clk@63
1 0 serdes_in@63
@64
0 0 clk@64
1 0 serdes_in@64
@65
0 0 clk@65
1 0 serdes_in@65
@66
0 0 clk@66
1 0 serdes_in@66
@67
0 0 clk@67
1 0 serdes_in@67
@68
0 0 clk@68
1 0 serdes_in@68
@69
0 0 clk@69
1 0 serdes_in@69
@70
0 0 clk@70
1 0 serdes_in@70
@71
0 0 clk@71
1 0 serdes_in@71
@72
0 0 clk@72
1 0 serdes_in@72
@73
0 0 clk@73
1 0 serdes_in@73
@74
0 0 clk@74
1 0 serdes_in@74
@75
0 0 clk@75
1 0 serdes_in@75
@76
0 0 clk@76
1 0 serdes_in@76
@77
0 0 clk@77
1 0 serdes_in@77
@78
0 0 clk@78
1 0 serdes_in@78
@79
0 0 clk@79
1 0 serdes_in@79
@80
0 0 clk@80
1 0 serdes_in@80
@81
0 0 clk@81
1 0 serdes_in@81
@82
0 0 clk@82
1 0 serdes_in@82
@83
0 0 clk@83
1 0 serdes_in@83
@84
0 0 clk@84
1 0 serdes_in@84
@85
0 0 clk@85
1 0 serdes_in@85
@86
0 0 clk@86
1 0 serdes_in@86
@87
0 0 clk@87
1 0 serdes_in@87
@88
0 0 clk@88
1 0 serdes_in@88
@89
0 0 clk@89
1 0 serdes_in@89
@90
0 0 clk@90
1 0 serdes_in@90
@91
0 0 clk@91
1 0 serdes_in@91
@92
0 0 clk@92
1 0 serdes_in@92
@93
0 0 clk@93
1 0 serdes_in@93
@94
0 0 clk@94
1 0 serdes_in@94
@95
0 0 clk@95
1 0 serdes_in@95
@96
0 0 clk@96
1 0 serdes_in@96
@97
0 0 clk@97
1 0 serdes_in@97
@98
0 0 clk@98
1 0 serdes_in@98
@99
0 0 clk@99
1 0 serdes_in@99
@100
0 0 clk@100
1 0 serdes_in@100
@101
0 0 clk@101
1 0 serdes_in@101
@102
0 0 clk@102
1 0 serdes_in@102
@103
0 0 clk@103
1 0 serdes_in@103
@104
0 0 clk@104
1 0 serdes_in@104
@105
0 0 clk@105
1 0 serdes_in@105
@106
0 0 clk@106
1 0 serdes_in@106
@107
0 0 clk@107
1 0 serdes_in@107
@108
0 0 clk@108
1 0 serdes_in@108
@109
0 0 clk@109
1 0 serdes_in@109
@110
0 0 clk@110
1 0 serdes_in@110
@111
0 0 clk@111
1 0 serdes_in@111
@112
0 0 clk@112
1 0 serdes_in@112
@113
0 0 clk@113
1 0 serdes_in@113
@114
0 0 clk@114
1 0 serdes_in@114
@115
0 0 clk@115
1 0 serdes_in@115
@116
0 0 clk@116
1 0 serdes_in@116
@117
0 0 clk@117
1 0 serdes_in@117
@118
0 0 clk@118
1 0 serdes_in@118
@119
0 0 clk@119
1 0 serdes_in@119
@120
0 0 clk@120
1 0 serdes_in@120
@121
0 0 clk@121
1 0 serdes_in@121
@122
0 0 clk@122
1 0 serdes_in@122
@123
0 0 clk@123
1 0 serdes_in@123
@124
0 0 clk@124
1 0 serdes_in@124
@125
0 0 clk@125
1 0 serdes_in@125
@126
0 0 clk@126
1 0 serdes_in@126
@127
0 0 clk@127
1 0 serdes_in@127
@128
0 0 clk@128
1 0 serdes_in@128
@129
0 0 clk@129
1 0 serdes_in@129
@130
0 0 clk@130
1 0 serdes_in@130
@131
0 0 clk@131
1 0 serdes_in@131
@132
0 0 clk@132
1 0 serdes_in@132
@133
0 0 clk@133
1 0 serdes_in@133
@134
0 0 clk@134
1 0 serdes_in@134
@135
0 0 clk@135
1 0 serdes_in@135
@136
0 0 clk@136
1 0 serdes_in@136
@137
0 0 clk@137
1 0 serdes_in@137
@138
0 0 clk@138
1 0 serdes_in@138
@139
0 0 clk@139
1 0 serdes_in@139
@140
0 0 clk@140
1 0 serdes_in@140
@141
0 0 clk@141
1 0 serdes_in@141
@142
0 0 clk@142
1 0 serdes_in@142
@143
0 0 clk@143
1 0 serdes_in@143
@144
0 0 clk@144
1 0 serdes_in@144
@145
0 0 clk@145
1 0 serdes_in@145
@146
0 0 clk@146
1 0 serdes_in@146
@147
0 0 clk@147
1 0 serdes_in@147
@148
0 0 clk@148
1 0 serdes_in@148
@149
0 0 clk@149
1 0 serdes_in@149
@150
0 0 clk@150
1 0 serdes_in@150
@151
0 0 clk@151
1 0 serdes_in@151
@152
0 0 clk@152
1 0 serdes_in@152
@153
0 0 clk@153
1 0 serdes_in@153
@154
0 0 clk@154
1 0 serdes_in@154
@155
0 0 clk@155
1 0 serdes_in@155
@156
0 0 clk@156
1 0 serdes_in@156
@157
0 0 clk@157
1 0 serdes_in@157
@158
0 0 clk@158
1 0 serdes_in@158
@159
0 0 clk@159
1 0 serdes_in@159
@160
0 0 clk@160
1 0 serdes_in@160
@161
0 0 clk@161
1 0 serdes_in@161
@162
0 0 clk@162
1 0 serdes_in@162
@163
0 0 clk@163
1 0 serdes_in@163
@164
0 0 clk@164
1 0 serdes_in@164
@165
0 0 clk@165
1 0 serdes_in@165
@166
0 0 clk@166
1 0 serdes_in@166
@167
0 0 clk@167
1 0 serdes_in@167
@168
0 0 clk@168
1 0 serdes_in@168
@169
0 0 clk@169
1 0 serdes_in@169
@170
0 0 clk@170
1 0 serdes_in@170
@171
0 0 clk@171
1 0 serdes_in@171
@172
0 0 clk@172
1 0 serdes_in@172
@173
0 0 clk@173
1 0 serdes_in@173
@174
0 0 clk@174
1 0 serdes_in@174
@175
0 0 clk@175
1 0 serdes_in@175
@176
0 0 clk@176
1 0 serdes_in@176
@177
0 0 clk@177
1 0 serdes_in@177
@178
0 0 clk@178
1 0 serdes_in@178
@179
0 0 clk@179
1 0 serdes_in@179
@180
0 0 clk@180
1 0 serdes_in@180
@181
0 0 clk@181
1 0 serdes_in@181
@182
0 0 clk@182
1 0 serdes_in@182
@183
0 0 clk@183
1 0 serdes_in@183
@184
0 0 clk@184
1 0 serdes_in@184
@185
0 0 clk@185
1 0 serdes_in@185
@186
0 0 clk@186
1 0 serdes_in@186
@187
0 0 clk@187
1 0 serdes_in@187
@188
0 0 clk@188
1 0 serdes_in@188
@189
0 0 clk@189
1 0 serdes_in@189
@190
0 0 clk@190
1 0 serdes_in@190
@191
0 0 clk@191
1 0 serdes_in@191
@192
0 0 clk@192
1 0 serdes_in@192
@193
0 0 clk@193
1 0 serdes_in@193
@194
0 0 clk@194
1 0 serdes_in@194
@195
0 0 clk@195
1 0 serdes_in@195
@196
0 0 clk@196
1 0 serdes_in@196
@197
0 0 clk@197
1 0 serdes_in@197
@198
0 0 clk@198
1 0 serdes_in@198
@199
0 0 clk@199
1 0 serdes_in@199
@200
0 0 clk@200
1 0 serdes_in@200
@201
0 0 clk@201
1 0 serdes_in@201
@202
0 0 clk@202
1 0 serdes_in@202
@203
0 0 clk@203
1 0 serdes_in@203
@204
0 0 clk@204
1 0 serdes_in@204
@205
0 0 clk@205
1 0 serdes_in@205
@206
0 0 clk@206
1 1 serdes_in@206
@207
0 0 clk@207
1 1 serdes_in@207
@208
0 0 clk@208
1 1 serdes_in@208
@209
0 0 clk@209
1 1 serdes_in@209
@210
0 0 clk@210
1 1 serdes_in@210
@211
0 0 clk@211
1 1 serdes_in@211
@212
0 0 clk@212
1 1 serdes_in@212
@213
0 0 clk@213
1 1 serdes_in@213
@214
0 0 clk@214
1 1 serdes_in@214
@215
0 0 clk@215
1 1 serdes_in@215
@216
0 0 clk@216
1 1 serdes_in@216
@217
0 0 clk@217
1 1 serdes_in@217
@218
0 0 clk@218
1 1 serdes_in@218
@219
0 0 clk@219
1 0 serdes_in@219
@220
0 0 clk@220
1 0 serdes_in@220
@221
0 0 clk@221
1 0 serdes_in@221
@222
0 0 clk@222
1 0 serdes_in@222
@223
0 0 clk@223
1 0 serdes_in@223
@224
0 0 clk@224
1 0 serdes_in@224
@225
0 0 clk@225
1 0 serdes_in@225
@226
0 0 clk@226
1 0 serdes_in@226
@227
0 0 clk@227
1 0 serdes_in@227
@228
0 0 clk@228
1 0 serdes_in@228
@229
0 0 clk@229
1 0 serdes_in@229
.
