	(output dir: /scratch/network/hongcez/hwmcc/avr-log/btor2/bv/goel/industry/cal5/pr_cal5/work_w3)
	(frontend: btor2)
	(property: all (1 assertions))
	(101 / 101 flops initialized)
	(abstraction: sa+uf)
   0	: 0	: 0 s: 0    0s                  
   0	: 1	: 0 0 s: 0    0s                     0	: 1	: 0 1 s: 1    0s                     0	: 1	: 0 1 s: 1    0s                  
   0	: 2	: 0 1 0 s: 1    0s                     0	: 2	: 0 1 1 s: 2    0s                     0	: 2	: 0 1 2 s: 3    0s                     0	: 2	: 0 1 3 s: 4    0s                     0	: 2	: 0 1 4 s: 5    0s                     0	: 2	: 0 1 5 s: 6    0s                     0	: 2	: 0 1 6 s: 7    0s                     0	: 2	: 0 1 7 s: 8    0s                     0	: 2	: 0 1 8 s: 9    0s                     0	: 2	: 0 1 9 s: 10    0s                     0	: 2	: 0 1 10 s: 11    0s                     0	: 2	: 0 1 10 s: 11    0s                  
   0	: 2	: 0 1 0 s: 1    0s                  

AVR -- Proof Race 
copyright (c) 2019  Aman Goel and Karem Sakallah, University of Michigan
@     0s  (starting avr proof race)
@     0s  (output dir: /scratch/network/hongcez/hwmcc/avr-log/btor2/bv/goel/industry/cal5/pr_cal5)
@     0s  (max 11 workers)
@     0s  (started worker 0 with pid 239825)
@     0s  (started worker 1 with pid 239826)
@     0s  (started worker 2 with pid 239827)
@     0s  (started worker 3 with pid 239828)
@     0s  (started worker 4 with pid 239829)
@     0s  (spawned 5 workers)
@     0s  (total 5 workers using 0 MB)
@     0s  (worker 3 finished with result safe) python3 avr.py -b bin_y2 -s
@     0s  (worker 3 output)
@     0s  (stopping all workers)
@     0s  (copied results from worker 3 in /scratch/network/hongcez/hwmcc/avr-log/btor2/bv/goel/industry/cal5/pr_cal5)
@     0s  [0;30;47m(proof race finished with answer safe in 0.21 seconds)[m
