sat
b0 
#0
0 0 ref_uut.trap_gold#0
1 0 ref_uut.trap_gate#0
2 0 ref_uut.mem_valid_gold#0
3 1 ref_uut.mem_valid_gate#0
4 0 ref_uut.mem_instr_gold#0
5 0 ref_uut.mem_instr_gate#0
6 10010000000000000000010000000000 ref_uut.mem_addr_gold#0
7 10010000000000000000010000000000 ref_uut.mem_addr_gate#0
8 1110 ref_uut.mem_wstrb_gold#0
9 1111 ref_uut.mem_wstrb_gate#0
10 00000000000000000000000000000000 ref_uut.mem_wdata_gold#0
11 00000000000000000000000000000000 ref_uut.mem_wdata_gate#0
13 01111111110111111111110011110011 ref_uut.reg_next_pc_gold#0
14 10 ref_uut.irq_state_gold#0
15 11111111111111111111111111111111 ref_uut.reg_out_gold#0
16 00000000000000000000000000000001 ref_uut.alu_out_q_gold#0
17 1 ref_uut.latched_stalu_gold#0
18 0 ref_uut.latched_store_gold#0
19 1 ref_uut.latched_branch_gold#0
20 0 ref_uut.compressed_instr_gold#0
21 01111111111111111110000001110011 ref_uut.reg_next_pc_gate#0
22 10 ref_uut.irq_state_gate#0
23 11111111111111111111111111111111 ref_uut.reg_out_gate#0
24 00000000000000000000000000000001 ref_uut.alu_out_q_gate#0
25 1 ref_uut.latched_stalu_gate#0
26 0 ref_uut.latched_store_gate#0
27 1 ref_uut.latched_branch_gate#0
28 0 ref_uut.compressed_instr_gate#0
29 1 ref_uut.mem_do_prefetch_gold#0
30 0 ref_uut.mem_do_rinst_gold#0
31 0 ref_uut.mem_la_secondword_gold#0
32 0 ref_uut.prefetched_high_word_gold#0
33 0 ref_uut.clear_prefetched_high_word_q_gold#0
34 1 ref_uut.mem_la_firstword_reg_gold#0
35 1 ref_uut.last_mem_valid_gold#0
36 1 ref_uut.mem_do_prefetch_gate#0
37 0 ref_uut.mem_do_rinst_gate#0
38 0 ref_uut.mem_la_secondword_gate#0
39 0 ref_uut.prefetched_high_word_gate#0
40 0 ref_uut.clear_prefetched_high_word_q_gate#0
41 0 ref_uut.mem_la_firstword_reg_gate#0
42 1 ref_uut.last_mem_valid_gate#0
43 0000 state43#0
44 00000000000000000000000000000000 ref_uut.reg_op1_gold#0
45 01 ref_uut.mem_wordsize_gold#0
46 11 ref_uut.mem_state_gold#0
47 1 ref_uut.mem_do_wdata_gold#0
48 0000 state48#0
49 00000000000000000000000000000000 ref_uut.reg_op1_gate#0
50 01 ref_uut.mem_wordsize_gate#0
51 11 ref_uut.mem_state_gate#0
52 1 ref_uut.mem_do_wdata_gate#0
53 10010111111001001001111100001011 ref_uut.mem_rdata_q_gold#0
54 1001001000000010 ref_uut.mem_16bit_buffer_gold#0
55 10101100010010111000000011111111 ref_uut.mem_rdata_q_gate#0
56 1001001000000010 ref_uut.mem_16bit_buffer_gate#0
57 00000010 ref_uut.cpu_state_gold#0
58 00000000 ref_uut.cpu_state_gate#0
59 00000000000100100000000000000100 ref_uut.timer_gold#0
60 00000010000100000010000000000001 ref_uut.timer_gate#0
61 0 ref_uut.is_alu_reg_imm_gold#0
62 0 ref_uut.is_alu_reg_imm_gate#0
63 0 ref_uut.is_alu_reg_reg_gold#0
64 0 ref_uut.is_alu_reg_reg_gate#0
65 1 ref_uut.decoder_trigger_gold#0
66 1 ref_uut.do_waitirq_gold#0
67 1 ref_uut.decoder_trigger_gate#0
68 1 ref_uut.do_waitirq_gate#0
69 0 ref_uut.irq_active_gold#0
70 1 ref_uut.irq_delay_gold#0
71 0 ref_uut.irq_active_gate#0
72 1 ref_uut.irq_delay_gate#0
73 11111010101011111101101111101101 ref_uut.irq_pending_gold#0
74 11111011111001111111111111011001 ref_uut.irq_mask_gold#0
75 11101110000110011101101111101101 ref_uut.irq_pending_gate#0
76 11101111010010011010010000111001 ref_uut.irq_mask_gate#0
77 0 ref_uut.instr_jalr_gold#0
78 1 ref_uut.instr_retirq_gold#0
79 0 ref_uut.instr_jalr_gate#0
80 0 ref_uut.instr_retirq_gate#0
81 0 ref_uut.mem_do_rdata_gold#0
82 0 ref_uut.mem_do_rdata_gate#0
83 11111111111111111111111111111111 ref_uut.reg_op2_gold#0
84 11111111111111111111111111111111 ref_uut.reg_op2_gate#0
85 0 ref_uut.instr_timer_gold#0
86 0 ref_uut.instr_waitirq_gold#0
87 1 ref_uut.instr_maskirq_gold#0
88 0 ref_uut.instr_rdinstrh_gold#0
89 1 ref_uut.instr_rdinstr_gold#0
90 0 ref_uut.instr_rdcycleh_gold#0
91 0 ref_uut.instr_rdcycle_gold#0
92 1 ref_uut.instr_and_gold#0
93 1 ref_uut.instr_or_gold#0
94 1 ref_uut.instr_sra_gold#0
95 1 ref_uut.instr_srl_gold#0
96 1 ref_uut.instr_xor_gold#0
97 1 ref_uut.instr_sltu_gold#0
98 1 ref_uut.instr_slt_gold#0
99 1 ref_uut.instr_sll_gold#0
100 1 ref_uut.instr_sub_gold#0
101 1 ref_uut.instr_add_gold#0
102 0 ref_uut.instr_srai_gold#0
103 0 ref_uut.instr_srli_gold#0
104 0 ref_uut.instr_slli_gold#0
105 1 ref_uut.instr_andi_gold#0
106 1 ref_uut.instr_ori_gold#0
107 1 ref_uut.instr_xori_gold#0
108 1 ref_uut.instr_sltiu_gold#0
109 1 ref_uut.instr_slti_gold#0
110 1 ref_uut.instr_addi_gold#0
111 0 ref_uut.instr_sw_gold#0
112 0 ref_uut.instr_sh_gold#0
113 0 ref_uut.instr_sb_gold#0
114 0 ref_uut.instr_lhu_gold#0
115 0 ref_uut.instr_lbu_gold#0
116 0 ref_uut.instr_lw_gold#0
117 0 ref_uut.instr_lh_gold#0
118 0 ref_uut.instr_lb_gold#0
119 1 ref_uut.instr_bgeu_gold#0
120 0 ref_uut.instr_bltu_gold#0
121 0 ref_uut.instr_bge_gold#0
122 0 ref_uut.instr_blt_gold#0
123 0 ref_uut.instr_bne_gold#0
124 0 ref_uut.instr_beq_gold#0
125 0 ref_uut.instr_jal_gold#0
126 0 ref_uut.instr_auipc_gold#0
127 0 ref_uut.instr_lui_gold#0
128 0 ref_uut.instr_timer_gate#0
129 0 ref_uut.instr_waitirq_gate#0
130 0 ref_uut.instr_maskirq_gate#0
131 1 ref_uut.instr_rdinstrh_gate#0
132 1 ref_uut.instr_rdinstr_gate#0
133 0 ref_uut.instr_rdcycleh_gate#0
134 0 ref_uut.instr_rdcycle_gate#0
135 1 ref_uut.instr_and_gate#0
136 1 ref_uut.instr_or_gate#0
137 1 ref_uut.instr_sra_gate#0
138 1 ref_uut.instr_srl_gate#0
139 1 ref_uut.instr_xor_gate#0
140 1 ref_uut.instr_sltu_gate#0
141 1 ref_uut.instr_slt_gate#0
142 1 ref_uut.instr_sll_gate#0
143 1 ref_uut.instr_sub_gate#0
144 1 ref_uut.instr_add_gate#0
145 0 ref_uut.instr_srai_gate#0
146 0 ref_uut.instr_srli_gate#0
147 0 ref_uut.instr_slli_gate#0
148 1 ref_uut.instr_andi_gate#0
149 1 ref_uut.instr_ori_gate#0
150 1 ref_uut.instr_xori_gate#0
151 1 ref_uut.instr_sltiu_gate#0
152 1 ref_uut.instr_slti_gate#0
153 1 ref_uut.instr_addi_gate#0
154 0 ref_uut.instr_sw_gate#0
155 0 ref_uut.instr_sh_gate#0
156 0 ref_uut.instr_sb_gate#0
157 0 ref_uut.instr_lhu_gate#0
158 0 ref_uut.instr_lbu_gate#0
159 0 ref_uut.instr_lw_gate#0
160 0 ref_uut.instr_lh_gate#0
161 0 ref_uut.instr_lb_gate#0
162 1 ref_uut.instr_bgeu_gate#0
163 0 ref_uut.instr_bltu_gate#0
164 0 ref_uut.instr_bge_gate#0
165 0 ref_uut.instr_blt_gate#0
166 0 ref_uut.instr_bne_gate#0
167 0 ref_uut.instr_beq_gate#0
168 0 ref_uut.instr_jal_gate#0
169 0 ref_uut.instr_auipc_gate#0
170 0 ref_uut.instr_lui_gate#0
171 1 state171#0
172 1 state172#0
173 111111111111111111111111111111 state173#0
174 00000000000000000000000000000000 ref_uut.reg_pc_gold#0
175 1 state175#0
176 1 state176#0
177 000000000000000000000000000000 state177#0
178 00000000000000000000000000000000 ref_uut.reg_pc_gate#0
179 0 state179#0
180 0 ref_uut.is_sltiu_bltu_sltu_gold#0
181 0 ref_uut.is_slti_blt_slt_gold#0
182 0 ref_uut.is_beq_bne_blt_bge_bltu_bgeu_gold#0
183 0 state183#0
184 0 ref_uut.is_sltiu_bltu_sltu_gate#0
185 0 ref_uut.is_slti_blt_slt_gate#0
186 0 ref_uut.is_beq_bne_blt_bge_bltu_bgeu_gate#0
187 00100 ref_uut.reg_sh_gold#0
188 00001 ref_uut.reg_sh_gate#0
189 0 ref_uut.is_sb_sh_sw_gold#0
190 0 ref_uut.is_jalr_addi_slti_sltiu_xori_ori_andi_gold#0
191 1 ref_uut.is_lui_auipc_jal_gold#0
192 0 ref_uut.is_slli_srli_srai_gold#0
193 0 ref_uut.is_lb_lh_lw_lbu_lhu_gold#0
194 0 ref_uut.is_sb_sh_sw_gate#0
195 0 ref_uut.is_jalr_addi_slti_sltiu_xori_ori_andi_gate#0
196 1 ref_uut.is_lui_auipc_jal_gate#0
197 0 ref_uut.is_slli_srli_srai_gate#0
198 0 ref_uut.is_lb_lh_lw_lbu_lhu_gate#0
201 11111 ref_uut.decoded_rs1_gold#0
234 11111 ref_uut.decoded_rs1_gate#0
265 11111111111111111111111111111111 ref_uut.decoded_imm_j_gold#0
266 11111111111111111111111111111111 ref_uut.decoded_imm_j_gate#0
267 00000000000000000000000000000000 state267#0
268 0 ref_uut.is_compare_gate#0
269 0 ref_uut.is_lui_auipc_jal_jalr_addi_add_sub_gate#0
270 00000000000000000000000000000000 state270#0
271 0 ref_uut.is_compare_gold#0
272 0 ref_uut.is_lui_auipc_jal_jalr_addi_add_sub_gold#0
273 0000000000000000000000000000000000000000000000000000000000000000 ref_uut.count_cycle_gate#0
274 0000000000000000000000000000000000000000000000000000000000000000 ref_uut.count_cycle_gold#0
275 0000000000000000000000000000000000000000000000000000000000000000 ref_uut.count_instr_gate#0
276 0000000000000000000000000000000000000000000000000000000000000000 ref_uut.count_instr_gold#0
277 11111 ref_uut.decoded_rs2_gate#0
278 11111 ref_uut.decoded_rs2_gold#0
279 00000000000000000000000000000000 state279#0
280 1 ref_uut.latched_compr_gate#0
281 00000000000000000000000000000000 state281#0
282 1 ref_uut.latched_compr_gold#0
283 00000000000000000000000000000000 ref_uut.decoded_imm_gate#0
284 00000000000000000000000000000000 ref_uut.decoded_imm_gold#0
285 11111 ref_uut.decoded_rd_gate#0
286 11110 ref_uut.decoded_rd_gold#0
287 1 ref_uut.decoder_pseudo_trigger_gate#0
288 1 ref_uut.decoder_pseudo_trigger_gold#0
289 0 ref_uut.is_lbu_lhu_lw_gate#0
290 0 ref_uut.is_lbu_lhu_lw_gold#0
291 0 ref_uut.latched_is_lb_gate#0
292 0 ref_uut.latched_is_lb_gold#0
293 0 ref_uut.latched_is_lh_gate#0
294 0 ref_uut.latched_is_lh_gold#0
295 0 ref_uut.latched_is_lu_gate#0
296 0 ref_uut.latched_is_lu_gold#0
297 11111 ref_uut.latched_rd_gate#0
298 11111 ref_uut.latched_rd_gold#0
299 00000000000000000000000000000000 state299#0
300 00000000000000000000000000000000 state300#0
301 00000000000000000000000000000000 state301#0
302 00000000 state302#0
303 0000000000000000 state303#0
304 00000000000000000000000000000000 state304#0
305 00000000 state305#0
306 0000000000000000 state306#0
307 00000000000000000000000000000000 state307#0
308 00000000000000000000000000000000 state308#0
309 00000000000000000000000000000000 state309#0
310 00000000000000000000000000000000 state310#0
311 00000000000000000000000000000000 state311#0
312 00000000000000000000000000000000 state312#0
313 00000000000000000000000000000000 state313#0
314 00000000000000000000000000000000 state314#0
315 0 state315#0
316 0 state316#0
317 00000000000000000000000000000000 state317#0
318 0 state318#0
319 00000000000000000000000000000000 state319#0
320 0 state320#0
321 0 state321#0
322 0 state322#0
323 00000000000000000000000000000000 state323#0
324 00000000000000000000000000000000 state324#0
325 00001 state325#0
326 00100 state326#0
327 0 state327#0
328 0 state328#0
@0
0 0 clk@0
1 11111110101111111101101111101111 irq@0
2 10011111000010111000001111000111 mem_rdata@0
3 1 mem_ready@0
4 0 resetn@0
@1
0 0 clk@1
1 00000000000000000000000000000000 irq@1
2 00000000000000000000000000000000 mem_rdata@1
3 0 mem_ready@1
4 1 resetn@1
@2
0 0 clk@2
1 00000000000000000000000000000000 irq@2
2 00000000000000000000000000000000 mem_rdata@2
3 0 mem_ready@2
4 1 resetn@2
@3
0 0 clk@3
1 00000000000000000000000000000000 irq@3
2 00000110000000010001001000001011 mem_rdata@3
3 1 mem_ready@3
4 1 resetn@3
@4
0 0 clk@4
1 00000000000000000000000000000000 irq@4
2 11111111111111111111111111111110 mem_rdata@4
3 1 mem_ready@4
4 1 resetn@4
@5
0 0 clk@5
1 00000000000000000000000000000000 irq@5
2 10010111111001011111111111111111 mem_rdata@5
3 1 mem_ready@5
4 1 resetn@5
@6
0 0 clk@6
1 00000000000000000000000000000000 irq@6
2 00000010000000111000000101000000 mem_rdata@6
3 1 mem_ready@6
4 1 resetn@6
@7
0 0 clk@7
1 00000000000000000000000000000000 irq@7
2 00101010010001100000010100001010 mem_rdata@7
3 1 mem_ready@7
4 1 resetn@7
@8
0 0 clk@8
1 00000000000000000000000000000000 irq@8
2 00001001110111110000010110001011 mem_rdata@8
3 1 mem_ready@8
4 1 resetn@8
@9
0 0 clk@9
1 00000000000000000000000000000000 irq@9
2 00001001100100000010000000001111 mem_rdata@9
3 1 mem_ready@9
4 1 resetn@9
@10
0 0 clk@10
1 11111111111111111111111111111111 irq@10
2 00000010000000110000000010000011 mem_rdata@10
3 1 mem_ready@10
4 1 resetn@10
@11
0 0 clk@11
1 00000000000000000000000000000111 irq@11
2 00000000111110111001000010000011 mem_rdata@11
3 0 mem_ready@11
4 1 resetn@11
@12
0 0 clk@12
1 11111111111111111111111111111111 irq@12
2 00000001000001001111111111111111 mem_rdata@12
3 1 mem_ready@12
4 1 resetn@12
.
