sat
b0 
@0
0 0 clock@0
1 011 from@0
2 111 to@0
3 111 input3@0
4 111 input4@0
5 000 input5@0
6 111 input6@0
@1
0 0 clock@1
1 010 from@1
2 011 to@1
3 111 input3@1
4 111 input4@1
5 000 input5@1
6 111 input6@1
@2
0 0 clock@2
1 001 from@2
2 010 to@2
3 000 input3@2
4 110 input4@2
5 000 input5@2
6 011 input6@2
@3
0 0 clock@3
1 000 from@3
2 001 to@3
3 010 input3@3
4 101 input4@3
5 000 input5@3
6 001 input6@3
@4
0 0 clock@4
1 100 from@4
2 000 to@4
3 010 input3@4
4 101 input4@4
5 000 input5@4
6 000 input6@4
@5
0 0 clock@5
1 101 from@5
2 100 to@5
3 010 input3@5
4 111 input4@5
5 000 input5@5
6 101 input6@5
@6
0 0 clock@6
1 110 from@6
2 101 to@6
3 010 input3@6
4 110 input4@6
5 000 input5@6
6 101 input6@6
@7
0 0 clock@7
1 111 from@7
2 110 to@7
3 110 input3@7
4 010 input4@7
5 000 input5@7
6 001 input6@7
@8
0 0 clock@8
1 011 from@8
2 111 to@8
3 001 input3@8
4 001 input4@8
5 000 input5@8
6 000 input6@8
@9
0 0 clock@9
1 010 from@9
2 011 to@9
3 100 input3@9
4 000 input4@9
5 000 input5@9
6 100 input6@9
@10
0 0 clock@10
1 001 from@10
2 010 to@10
3 100 input3@10
4 010 input4@10
5 000 input5@10
6 111 input6@10
@11
0 0 clock@11
1 000 from@11
2 001 to@11
3 111 input3@11
4 110 input4@11
5 000 input5@11
6 100 input6@11
@12
0 0 clock@12
1 100 from@12
2 000 to@12
3 101 input3@12
4 001 input4@12
5 000 input5@12
6 010 input6@12
@13
0 0 clock@13
1 101 from@13
2 100 to@13
3 100 input3@13
4 110 input4@13
5 000 input5@13
6 010 input6@13
@14
0 0 clock@14
1 110 from@14
2 101 to@14
3 111 input3@14
4 001 input4@14
5 000 input5@14
6 000 input6@14
@15
0 0 clock@15
1 111 from@15
2 110 to@15
3 010 input3@15
4 100 input4@15
5 000 input5@15
6 010 input6@15
@16
0 0 clock@16
1 011 from@16
2 111 to@16
3 001 input3@16
4 000 input4@16
5 000 input5@16
6 001 input6@16
@17
0 0 clock@17
1 010 from@17
2 011 to@17
3 011 input3@17
4 000 input4@17
5 000 input5@17
6 001 input6@17
@18
0 0 clock@18
1 001 from@18
2 010 to@18
3 110 input3@18
4 111 input4@18
5 000 input5@18
6 010 input6@18
@19
0 0 clock@19
1 000 from@19
2 001 to@19
3 011 input3@19
4 110 input4@19
5 000 input5@19
6 011 input6@19
@20
0 0 clock@20
1 100 from@20
2 000 to@20
3 110 input3@20
4 010 input4@20
5 000 input5@20
6 011 input6@20
@21
0 0 clock@21
1 101 from@21
2 100 to@21
3 000 input3@21
4 000 input4@21
5 000 input5@21
6 000 input6@21
@22
0 0 clock@22
1 110 from@22
2 101 to@22
3 110 input3@22
4 110 input4@22
5 000 input5@22
6 010 input6@22
@23
0 0 clock@23
1 111 from@23
2 110 to@23
3 000 input3@23
4 000 input4@23
5 000 input5@23
6 000 input6@23
@24
0 0 clock@24
1 011 from@24
2 111 to@24
3 111 input3@24
4 111 input4@24
5 000 input5@24
6 111 input6@24
@25
0 0 clock@25
1 010 from@25
2 011 to@25
3 010 input3@25
4 010 input4@25
5 000 input5@25
6 001 input6@25
@26
0 0 clock@26
1 001 from@26
2 010 to@26
3 100 input3@26
4 100 input4@26
5 000 input5@26
6 000 input6@26
@27
0 0 clock@27
1 000 from@27
2 001 to@27
3 000 input3@27
4 000 input4@27
5 000 input5@27
6 000 input6@27
@28
0 0 clock@28
1 000 from@28
2 000 to@28
3 000 input3@28
4 000 input4@28
5 000 input5@28
6 000 input6@28
@29
0 0 clock@29
1 000 from@29
2 000 to@29
3 000 input3@29
4 000 input4@29
5 000 input5@29
6 000 input6@29
.
