AVR -- Proof Race 
copyright (c) 2019  Aman Goel and Karem Sakallah, University of Michigan
@     0s  (starting avr proof race)
@     0s  (output dir: /scratch/network/hongcez/hwmcc/avr-log/btor2/bv/beem/pr_cambridge.7.prop2-back-serstep)
@     0s  (max 11 workers)
@     0s  (started worker 0 with pid 112695)
@     0s  (started worker 1 with pid 112696)
@     0s  (started worker 2 with pid 112697)
@     0s  (started worker 3 with pid 112698)
@     0s  (started worker 4 with pid 112699)
@     0s  (spawned 5 workers)
@     0s  (total 5 workers using 0 MB)
@     1s  (started worker 5 with pid 112815)
@     1s  (spawned 1 workers)
@     1s  (total 6 workers using 471 MB)
@     2s  (started worker 6 with pid 112854)
@     2s  (spawned 1 workers)
@     2s  (total 7 workers using 524 MB)
@     3s  (started worker 7 with pid 112897)
@     3s  (spawned 1 workers)
@     3s  (total 8 workers using 622 MB)
@     5s  (started worker 8 with pid 112944)
@     5s  (spawned 1 workers)
@     5s  (total 9 workers using 758 MB)
@    10s  (started worker 9 with pid 113004)
@    10s  (spawned 1 workers)
@    10s  (total 10 workers using 934 MB)
@    13s  (started worker 10 with pid 113057)
@    13s  (spawned 1 workers)
@    13s  (total 11 workers using 1046 MB)
@    26s  (total 11 workers using 1385 MB)
@    43s  (total 11 workers using 1504 MB)
@    59s  (total 11 workers using 1659 MB)
@    74s  (total 11 workers using 1690 MB)
@    89s  (total 11 workers using 1771 MB)
@   105s  (total 11 workers using 1793 MB)
@   119s  (total 11 workers using 1854 MB)
@   134s  (total 11 workers using 1917 MB)
@   147s  (total 11 workers using 1949 MB)
@   162s  (total 11 workers using 1978 MB)
@   175s  (total 11 workers using 2013 MB)
@   190s  (total 11 workers using 2010 MB)
@   204s  (total 11 workers using 2063 MB)
@   219s  (total 11 workers using 2103 MB)
@   232s  (total 11 workers using 2127 MB)
@   247s  (total 11 workers using 2220 MB)
@   261s  (total 11 workers using 2226 MB)
@   275s  (total 11 workers using 2299 MB)
@   289s  (total 11 workers using 2369 MB)
@   303s  (total 11 workers using 2404 MB)
@   317s  (total 11 workers using 2357 MB)
@   332s  (total 11 workers using 2416 MB)
@   345s  (total 11 workers using 2442 MB)
@   359s  (total 11 workers using 2497 MB)
@   373s  (total 11 workers using 2474 MB)
@   387s  (total 11 workers using 2530 MB)
@   401s  (total 11 workers using 2571 MB)
@   415s  (total 11 workers using 2597 MB)
@   429s  (total 11 workers using 2643 MB)
@   443s  (total 11 workers using 2658 MB)
@   457s  (total 11 workers using 2695 MB)
@   471s  (total 11 workers using 2732 MB)
@   485s  (total 11 workers using 2755 MB)
@   500s  (total 11 workers using 2840 MB)
@   513s  (total 11 workers using 2884 MB)
@   528s  (total 11 workers using 2904 MB)
@   541s  (total 11 workers using 2790 MB)
@   556s  (total 11 workers using 2844 MB)
@   569s  (total 11 workers using 2854 MB)
@   584s  (total 11 workers using 2974 MB)
@   598s  (total 11 workers using 3015 MB)
@   612s  (total 11 workers using 3084 MB)
@   626s  (total 11 workers using 3095 MB)
@   641s  (total 11 workers using 3516 MB)
@   654s  (total 11 workers using 3649 MB)
@   669s  (total 11 workers using 3675 MB)
@   682s  (total 11 workers using 3751 MB)
@   697s  (total 11 workers using 3814 MB)
@   711s  (total 11 workers using 3889 MB)
@   726s  (total 11 workers using 3819 MB)
@   739s  (total 11 workers using 3886 MB)
@   754s  (total 11 workers using 3925 MB)
@   767s  (total 11 workers using 3907 MB)
@   782s  (total 11 workers using 3960 MB)
@   795s  (total 11 workers using 3917 MB)
@   810s  (total 11 workers using 3965 MB)
@   824s  (total 11 workers using 4019 MB)
@   838s  (total 11 workers using 4053 MB)
@   852s  (total 11 workers using 4100 MB)
@   866s  (total 11 workers using 4179 MB)
@   880s  (total 11 workers using 4285 MB)
@   894s  (total 11 workers using 4322 MB)
@   908s  (total 11 workers using 4327 MB)
@   922s  (total 11 workers using 4367 MB)
@   936s  (total 11 workers using 4471 MB)
@   951s  (total 11 workers using 4517 MB)
@   964s  (total 11 workers using 4571 MB)
@   979s  (total 11 workers using 4586 MB)
@   992s  (total 11 workers using 4560 MB)
@  1007s  (total 11 workers using 4654 MB)
@  1020s  (total 11 workers using 4677 MB)
@  1035s  (total 11 workers using 4703 MB)
@  1048s  (total 11 workers using 4535 MB)
@  1063s  (total 11 workers using 4663 MB)
@  1077s  (total 11 workers using 4736 MB)
@  1091s  (total 11 workers using 4755 MB)
@  1105s  (total 11 workers using 4761 MB)
@  1119s  (total 11 workers using 4755 MB)
@  1133s  (total 11 workers using 4845 MB)
@  1147s  (total 11 workers using 4864 MB)
@  1161s  (total 11 workers using 4873 MB)
@  1176s  (total 11 workers using 4956 MB)
@  1189s  (total 11 workers using 4965 MB)
@  1204s  (total 11 workers using 5010 MB)
@  1218s  (total 11 workers using 5021 MB)
@  1232s  (total 11 workers using 5050 MB)
@  1246s  (total 11 workers using 5103 MB)
@  1260s  (total 11 workers using 5127 MB)
@  1274s  (total 11 workers using 5135 MB)
@  1288s  (total 11 workers using 5195 MB)
@  1301s  (total 11 workers using 5144 MB)
@  1316s  (total 11 workers using 5215 MB)
@  1330s  (total 11 workers using 5216 MB)
@  1345s  (total 11 workers using 5261 MB)
@  1358s  (total 11 workers using 5349 MB)
@  1373s  (total 11 workers using 5350 MB)
@  1386s  (total 11 workers using 5385 MB)
@  1401s  (total 11 workers using 5393 MB)
@  1414s  (total 11 workers using 5430 MB)
@  1429s  (total 11 workers using 5440 MB)
@  1443s  (total 11 workers using 5494 MB)
@  1457s  (total 11 workers using 5527 MB)
@  1471s  (total 11 workers using 5540 MB)
@  1485s  (total 11 workers using 5525 MB)
@  1499s  (total 11 workers using 5597 MB)
@  1514s  (total 11 workers using 5637 MB)
@  1527s  (total 11 workers using 5683 MB)
@  1542s  (total 11 workers using 5696 MB)
@  1556s  (total 11 workers using 5720 MB)
@  1570s  (total 11 workers using 5770 MB)
@  1584s  (total 11 workers using 5760 MB)
@  1598s  (total 11 workers using 5825 MB)
@  1612s  (total 11 workers using 5843 MB)
@  1627s  (total 11 workers using 5851 MB)
@  1640s  (total 11 workers using 5918 MB)
@  1655s  (total 11 workers using 5952 MB)
@  1668s  (total 11 workers using 5916 MB)
@  1683s  (total 11 workers using 5934 MB)
@  1697s  (total 11 workers using 5941 MB)
@  1712s  (total 11 workers using 6020 MB)
@  1725s  (total 11 workers using 6029 MB)
@  1740s  (total 11 workers using 6047 MB)
@  1753s  (total 11 workers using 6096 MB)
@  1768s  (total 11 workers using 6130 MB)
@  1781s  (total 11 workers using 6130 MB)
@  1796s  (total 11 workers using 6195 MB)
@  1810s  (total 11 workers using 6268 MB)
@  1824s  (total 11 workers using 6296 MB)
@  1838s  (total 11 workers using 6374 MB)
@  1852s  (total 11 workers using 6362 MB)
@  1866s  (total 11 workers using 6409 MB)
@  1881s  (total 11 workers using 6420 MB)
@  1894s  (total 11 workers using 6452 MB)
@  1909s  (total 11 workers using 6461 MB)
@  1923s  (total 11 workers using 6466 MB)
@  1938s  (total 11 workers using 6534 MB)
@  1951s  (total 11 workers using 6525 MB)
@  1965s  (total 11 workers using 6570 MB)
@  1979s  (total 11 workers using 6560 MB)
@  1994s  (total 11 workers using 6534 MB)
@  2007s  (total 11 workers using 6587 MB)
@  2022s  (total 11 workers using 6592 MB)
@  2035s  (total 11 workers using 6614 MB)
@  2050s  (total 11 workers using 6450 MB)
@  2063s  (total 11 workers using 6508 MB)
@  2078s  (total 11 workers using 6543 MB)
@  2091s  (total 11 workers using 6559 MB)
@  2106s  (total 11 workers using 6694 MB)
@  2120s  (total 11 workers using 6731 MB)
@  2134s  (total 11 workers using 6754 MB)
@  2147s  (total 11 workers using 6709 MB)
@  2162s  (total 11 workers using 6813 MB)
@  2176s  (total 11 workers using 6803 MB)
@  2190s  (total 11 workers using 6830 MB)
@  2203s  (total 11 workers using 6848 MB)
@  2218s  (total 11 workers using 6872 MB)
@  2232s  (total 11 workers using 6843 MB)
@  2246s  (total 11 workers using 6906 MB)
@  2259s  (total 11 workers using 6947 MB)
@  2274s  (total 11 workers using 6972 MB)
@  2288s  (total 11 workers using 6869 MB)
@  2303s  (total 11 workers using 6930 MB)
@  2317s  (total 11 workers using 6951 MB)
@  2331s  (total 11 workers using 6994 MB)
@  2345s  (total 11 workers using 7155 MB)
@  2360s  (total 11 workers using 7184 MB)
@  2373s  (total 11 workers using 7192 MB)
@  2388s  (total 11 workers using 7234 MB)
@  2401s  (total 11 workers using 7251 MB)
@  2416s  (total 11 workers using 7263 MB)
@  2430s  (total 11 workers using 7324 MB)
@  2444s  (total 11 workers using 7320 MB)
@  2457s  (total 11 workers using 7351 MB)
@  2472s  (total 11 workers using 7303 MB)
@  2486s  (total 11 workers using 7291 MB)
@  2500s  (total 11 workers using 7369 MB)
@  2513s  (total 11 workers using 7421 MB)
@  2528s  (total 11 workers using 7429 MB)
@  2542s  (total 11 workers using 7479 MB)
@  2556s  (total 11 workers using 7477 MB)
@  2570s  (total 11 workers using 7837 MB)
@  2584s  (total 11 workers using 7879 MB)
@  2598s  (total 11 workers using 7905 MB)
@  2612s  (total 11 workers using 7935 MB)
@  2626s  (total 11 workers using 7917 MB)
@  2640s  (total 11 workers using 7950 MB)
@  2654s  (total 11 workers using 7980 MB)
@  2669s  (total 11 workers using 8008 MB)
@  2682s  (total 11 workers using 8035 MB)
@  2697s  (total 11 workers using 8063 MB)
@  2711s  (total 11 workers using 8047 MB)
@  2725s  (total 11 workers using 8116 MB)
@  2739s  (total 11 workers using 8136 MB)
@  2753s  (total 11 workers using 8223 MB)
@  2767s  (total 11 workers using 8236 MB)
@  2782s  (total 11 workers using 8252 MB)
@  2795s  (total 11 workers using 8274 MB)
@  2810s  (total 11 workers using 8287 MB)
@  2823s  (total 11 workers using 8316 MB)
@  2838s  (total 11 workers using 8343 MB)
@  2852s  (total 11 workers using 8354 MB)
@  2866s  (total 11 workers using 8327 MB)
@  2880s  (total 11 workers using 8448 MB)
@  2895s  (total 11 workers using 8468 MB)
@  2908s  (total 11 workers using 8478 MB)
@  2923s  (total 11 workers using 8499 MB)
@  2937s  (total 11 workers using 8461 MB)
@  2952s  (total 11 workers using 8540 MB)
@  2966s  (total 11 workers using 8556 MB)
@  2981s  (total 11 workers using 8549 MB)
@  2994s  (total 11 workers using 8592 MB)
@  3009s  (total 11 workers using 8598 MB)
@  3023s  (total 11 workers using 8604 MB)
@  3038s  (total 11 workers using 8624 MB)
@  3052s  (total 11 workers using 8619 MB)
@  3067s  (total 11 workers using 8650 MB)
@  3080s  (total 11 workers using 8649 MB)
@  3095s  (total 11 workers using 8689 MB)
@  3109s  (total 11 workers using 8701 MB)
@  3124s  (total 11 workers using 8707 MB)
@  3137s  (total 11 workers using 8763 MB)
@  3152s  (total 11 workers using 8836 MB)
@  3166s  (total 11 workers using 8863 MB)
@  3181s  (total 11 workers using 8901 MB)
@  3194s  (total 11 workers using 8917 MB)
@  3210s  (total 11 workers using 8927 MB)
@  3224s  (total 11 workers using 8941 MB)
@  3238s  (total 11 workers using 8943 MB)
@  3252s  (total 11 workers using 8954 MB)
@  3267s  (total 11 workers using 8957 MB)
@  3281s  (total 11 workers using 8913 MB)
@  3296s  (total 11 workers using 8952 MB)
@  3310s  (total 11 workers using 8963 MB)
@  3325s  (total 11 workers using 8986 MB)
@  3339s  (total 11 workers using 9004 MB)
@  3354s  (total 11 workers using 9019 MB)
@  3367s  (total 11 workers using 9000 MB)
@  3382s  (total 11 workers using 9012 MB)
@  3396s  (total 11 workers using 9058 MB)
@  3411s  (total 11 workers using 9069 MB)
@  3424s  (total 11 workers using 9083 MB)
@  3439s  (total 11 workers using 9050 MB)
@  3453s  (total 11 workers using 9092 MB)
@  3468s  (total 11 workers using 9107 MB)
@  3481s  (total 11 workers using 9122 MB)
@  3497s  (total 11 workers using 9182 MB)
@  3510s  (total 11 workers using 9182 MB)
@  3526s  (total 11 workers using 9186 MB)
@  3539s  (total 11 workers using 9200 MB)
@  3554s  (total 11 workers using 9181 MB)
@  3568s  (total 11 workers using 9236 MB)
@  3576s  (stopping all workers)
@  3576s  (worker 0 finished with result unknown) python3 avr.py -a sa
@  3576s  (worker 2 finished with result unknown) python3 avr.py
@  3576s  (worker 4 finished with result unknown) python3 avr.py -b bin_y2 --bmc
@  3576s  (worker 6 finished with result unknown) python3 avr.py -a sa --interpol 1 -f 1
@  3576s  (worker 8 finished with result unknown) python3 avr.py -l 5 -g 3 -a sa8 --interpol 1 -f 1
@  3576s  (worker 10 finished with result unknown) python3 avr.py --bmc
@  3576s  (worker 1 finished with result unknown) python3 avr.py -b bin_bt_cadical -s --bmc
@  3576s  (worker 5 finished with result unknown) python3 avr.py -b bin_bt_cadical -g 3 -l 0 -a sa32
@  3576s  (worker 9 finished with result unknown) python3 avr.py -b bin_y2 -s -a sa4 --interpol 1 -f 1
@  3576s  (worker 3 finished with result unknown) python3 avr.py -b bin_y2 -s
@  3577s  (worker 7 finished with result unknown) python3 avr.py -s -l 0
@  3577s  (copied results from worker 0 in /scratch/network/hongcez/hwmcc/avr-log/btor2/bv/beem/pr_cambridge.7.prop2-back-serstep)
@  3577s  [0;30;47m(proof race finished with answer unknown in 3576.69 seconds)[m
