AVR -- Proof Race 
copyright (c) 2019  Aman Goel and Karem Sakallah, University of Michigan
@     0s  (starting avr proof race)
@     0s  (output dir: /scratch/network/hongcez/hwmcc/avr-log/btor2/bv/beem/pr_collision.6.prop1-func-interl)
@     0s  (max 11 workers)
@     0s  (started worker 0 with pid 186878)
@     0s  (started worker 1 with pid 186879)
@     0s  (started worker 2 with pid 186880)
@     0s  (started worker 3 with pid 186881)
@     0s  (started worker 4 with pid 186882)
@     0s  (spawned 5 workers)
@     0s  (total 5 workers using 0 MB)
@     1s  (started worker 5 with pid 187004)
@     1s  (spawned 1 workers)
@     1s  (total 6 workers using 306 MB)
@     2s  (started worker 6 with pid 187044)
@     2s  (spawned 1 workers)
@     2s  (total 7 workers using 457 MB)
@     3s  (started worker 7 with pid 187088)
@     3s  (spawned 1 workers)
@     3s  (total 8 workers using 587 MB)
@     6s  (started worker 8 with pid 187156)
@     6s  (spawned 1 workers)
@     6s  (total 9 workers using 709 MB)
@     9s  (started worker 9 with pid 187226)
@     9s  (spawned 1 workers)
@     9s  (total 10 workers using 863 MB)
@    12s  (started worker 10 with pid 187299)
@    12s  (spawned 1 workers)
@    12s  (total 11 workers using 914 MB)
@    25s  (total 11 workers using 1276 MB)
@    42s  (total 11 workers using 1694 MB)
@    58s  (total 11 workers using 1890 MB)
@    73s  (total 11 workers using 2286 MB)
@    88s  (total 11 workers using 2418 MB)
@   103s  (total 11 workers using 2519 MB)
@   117s  (total 11 workers using 2616 MB)
@   131s  (total 11 workers using 2789 MB)
@   145s  (total 11 workers using 2924 MB)
@   159s  (total 11 workers using 2983 MB)
@   173s  (total 11 workers using 2946 MB)
@   187s  (total 11 workers using 3214 MB)
@   201s  (total 11 workers using 3334 MB)
@   215s  (total 11 workers using 3415 MB)
@   229s  (total 11 workers using 3521 MB)
@   243s  (total 11 workers using 3568 MB)
@   257s  (total 11 workers using 3692 MB)
@   271s  (total 11 workers using 3954 MB)
@   284s  (total 11 workers using 4069 MB)
@   299s  (total 11 workers using 4170 MB)
@   312s  (total 11 workers using 4221 MB)
@   327s  (total 11 workers using 4393 MB)
@   340s  (total 11 workers using 4425 MB)
@   355s  (total 11 workers using 4451 MB)
@   368s  (total 11 workers using 4518 MB)
@   382s  (total 11 workers using 4501 MB)
@   396s  (total 11 workers using 4660 MB)
@   410s  (total 11 workers using 5004 MB)
@   424s  (total 11 workers using 5090 MB)
@   439s  (total 11 workers using 5229 MB)
@   452s  (total 11 workers using 5357 MB)
@   466s  (total 11 workers using 5411 MB)
@   480s  (total 11 workers using 5486 MB)
@   494s  (total 11 workers using 5613 MB)
@   507s  (total 11 workers using 5889 MB)
@   522s  (total 11 workers using 5963 MB)
@   535s  (total 11 workers using 6323 MB)
@   550s  (total 11 workers using 6400 MB)
@   563s  (total 11 workers using 6589 MB)
@   578s  (total 11 workers using 6694 MB)
@   591s  (total 11 workers using 6787 MB)
@   606s  (total 11 workers using 6927 MB)
@   620s  (total 11 workers using 6939 MB)
@   634s  (total 11 workers using 6997 MB)
@   648s  (total 11 workers using 7072 MB)
@   662s  (total 11 workers using 7161 MB)
@   675s  (total 11 workers using 7249 MB)
@   690s  (total 11 workers using 7312 MB)
@   703s  (total 11 workers using 7386 MB)
@   718s  (total 11 workers using 7509 MB)
@   731s  (total 11 workers using 7583 MB)
@   746s  (total 11 workers using 7663 MB)
@   759s  (total 11 workers using 7756 MB)
@   774s  (total 11 workers using 7888 MB)
@   787s  (total 11 workers using 7889 MB)
@   802s  (total 11 workers using 7995 MB)
@   815s  (total 11 workers using 8032 MB)
@   830s  (total 11 workers using 8193 MB)
@   843s  (total 11 workers using 8231 MB)
@   858s  (total 11 workers using 8355 MB)
@   871s  (total 11 workers using 8415 MB)
@   886s  (total 11 workers using 8365 MB)
@   899s  (total 11 workers using 8491 MB)
@   914s  (total 11 workers using 8603 MB)
@   927s  (total 11 workers using 8677 MB)
@   942s  (total 11 workers using 8781 MB)
@   955s  (total 11 workers using 8902 MB)
@   969s  (total 11 workers using 8855 MB)
@   983s  (total 11 workers using 8891 MB)
@   997s  (total 11 workers using 9114 MB)
@  1011s  (total 11 workers using 9235 MB)
@  1025s  (total 11 workers using 9291 MB)
@  1038s  (total 11 workers using 9357 MB)
@  1053s  (total 11 workers using 9489 MB)
@  1066s  (total 11 workers using 9565 MB)
@  1081s  (total 11 workers using 9709 MB)
@  1095s  (total 11 workers using 9761 MB)
@  1109s  (total 11 workers using 9793 MB)
@  1123s  (total 11 workers using 9945 MB)
@  1137s  (total 11 workers using 10094 MB)
@  1151s  (total 11 workers using 10312 MB)
@  1165s  (total 11 workers using 10298 MB)
@  1179s  (total 11 workers using 10287 MB)
@  1194s  (total 11 workers using 10359 MB)
@  1207s  (total 11 workers using 10475 MB)
@  1222s  (total 11 workers using 10529 MB)
@  1235s  (total 11 workers using 10635 MB)
@  1250s  (total 11 workers using 10670 MB)
@  1264s  (total 11 workers using 10706 MB)
@  1278s  (total 11 workers using 10809 MB)
@  1292s  (total 11 workers using 10887 MB)
@  1307s  (total 11 workers using 11046 MB)
@  1320s  (total 11 workers using 11112 MB)
@  1335s  (total 11 workers using 11114 MB)
@  1348s  (total 11 workers using 11154 MB)
@  1365s  (total 11 workers using 11199 MB)
@  1378s  (total 11 workers using 11238 MB)
@  1392s  (total 11 workers using 11299 MB)
@  1406s  (total 11 workers using 11340 MB)
@  1420s  (total 11 workers using 11451 MB)
@  1433s  (total 11 workers using 11577 MB)
@  1448s  (total 11 workers using 11707 MB)
@  1461s  (total 11 workers using 11908 MB)
@  1476s  (total 11 workers using 11966 MB)
@  1489s  (total 11 workers using 12132 MB)
@  1503s  (total 11 workers using 12157 MB)
@  1517s  (total 11 workers using 12159 MB)
@  1531s  (total 11 workers using 11948 MB)
@  1545s  (total 11 workers using 12030 MB)
@  1559s  (total 11 workers using 12087 MB)
@  1572s  (total 11 workers using 12106 MB)
@  1587s  (total 11 workers using 12158 MB)
@  1601s  (total 11 workers using 12187 MB)
@  1615s  (total 11 workers using 12212 MB)
@  1628s  (total 11 workers using 12353 MB)
@  1643s  (total 11 workers using 12454 MB)
@  1656s  (total 11 workers using 12845 MB)
@  1670s  (total 11 workers using 13065 MB)
@  1684s  (total 11 workers using 13137 MB)
@  1698s  (total 11 workers using 13128 MB)
@  1712s  (total 11 workers using 13250 MB)
@  1726s  (total 11 workers using 13299 MB)
@  1739s  (total 11 workers using 13388 MB)
@  1754s  (total 11 workers using 13602 MB)
@  1767s  (total 11 workers using 13628 MB)
@  1781s  (total 11 workers using 13661 MB)
@  1795s  (total 11 workers using 13703 MB)
@  1809s  (total 11 workers using 13760 MB)
@  1823s  (total 11 workers using 13796 MB)
@  1837s  (total 11 workers using 13814 MB)
@  1851s  (total 11 workers using 13857 MB)
@  1865s  (total 11 workers using 13997 MB)
@  1878s  (total 11 workers using 14083 MB)
@  1892s  (total 11 workers using 14185 MB)
@  1906s  (total 11 workers using 14321 MB)
@  1920s  (total 11 workers using 14432 MB)
@  1933s  (total 11 workers using 14598 MB)
@  1947s  (total 11 workers using 14732 MB)
@  1961s  (total 11 workers using 14709 MB)
@  1975s  (total 11 workers using 14777 MB)
@  1988s  (total 11 workers using 14823 MB)
@  2002s  (total 11 workers using 15103 MB)
@  2015s  (total 11 workers using 15272 MB)
@  2030s  (total 11 workers using 15343 MB)
@  2043s  (total 11 workers using 15472 MB)
@  2058s  (total 11 workers using 15399 MB)
@  2071s  (total 11 workers using 15453 MB)
@  2086s  (total 11 workers using 15519 MB)
@  2099s  (total 11 workers using 15582 MB)
@  2113s  (total 11 workers using 15653 MB)
@  2127s  (total 11 workers using 15865 MB)
@  2141s  (total 11 workers using 15835 MB)
@  2155s  (total 11 workers using 15906 MB)
@  2169s  (total 11 workers using 15904 MB)
@  2182s  (total 11 workers using 15946 MB)
@  2197s  (total 11 workers using 15946 MB)
@  2210s  (total 11 workers using 15913 MB)
@  2225s  (total 11 workers using 15866 MB)
@  2238s  (total 11 workers using 15904 MB)
@  2252s  (total 11 workers using 15887 MB)
@  2266s  (total 11 workers using 15949 MB)
@  2280s  (total 11 workers using 15974 MB)
@  2293s  (total 11 workers using 15993 MB)
@  2307s  (total 11 workers using 16017 MB)
@  2321s  (total 11 workers using 16046 MB)
@  2335s  (total 11 workers using 16067 MB)
@  2348s  (total 11 workers using 16037 MB)
@  2363s  (total 11 workers using 16098 MB)
@  2376s  (total 11 workers using 16124 MB)
@  2390s  (total 11 workers using 16142 MB)
@  2404s  (total 11 workers using 16158 MB)
@  2418s  (total 11 workers using 16181 MB)
@  2432s  (total 11 workers using 16107 MB)
@  2446s  (total 11 workers using 16290 MB)
@  2459s  (total 11 workers using 16310 MB)
@  2474s  (total 11 workers using 16449 MB)
@  2487s  (total 11 workers using 16477 MB)
@  2502s  (total 11 workers using 16384 MB)
@  2515s  (total 11 workers using 16427 MB)
@  2529s  (total 11 workers using 16421 MB)
@  2542s  (total 11 workers using 16378 MB)
@  2557s  (total 11 workers using 16294 MB)
@  2571s  (total 11 workers using 16320 MB)
@  2585s  (total 11 workers using 16350 MB)
@  2598s  (total 11 workers using 16396 MB)
@  2613s  (total 11 workers using 16434 MB)
@  2626s  (total 11 workers using 16437 MB)
@  2641s  (total 11 workers using 16561 MB)
@  2654s  (total 11 workers using 16555 MB)
@  2668s  (total 11 workers using 16574 MB)
@  2681s  (total 11 workers using 16593 MB)
@  2696s  (total 11 workers using 16636 MB)
@  2709s  (total 11 workers using 16543 MB)
@  2724s  (total 11 workers using 16623 MB)
@  2737s  (total 11 workers using 16699 MB)
@  2751s  (total 11 workers using 16774 MB)
@  2765s  (total 11 workers using 16884 MB)
@  2779s  (total 11 workers using 16999 MB)
@  2792s  (total 11 workers using 17034 MB)
@  2807s  (total 11 workers using 17129 MB)
@  2820s  (total 11 workers using 17366 MB)
@  2835s  (total 11 workers using 17433 MB)
@  2848s  (total 11 workers using 17501 MB)
@  2862s  (total 11 workers using 17542 MB)
@  2875s  (total 11 workers using 17697 MB)
@  2890s  (total 11 workers using 17693 MB)
@  2904s  (total 11 workers using 17778 MB)
@  2919s  (total 11 workers using 17927 MB)
@  2932s  (total 11 workers using 17995 MB)
@  2946s  (total 11 workers using 18133 MB)
@  2960s  (total 11 workers using 18199 MB)
@  2974s  (total 11 workers using 18390 MB)
@  2987s  (total 11 workers using 18449 MB)
@  3002s  (total 11 workers using 18496 MB)
@  3015s  (total 11 workers using 18452 MB)
@  3030s  (total 11 workers using 18390 MB)
@  3043s  (total 11 workers using 18571 MB)
@  3058s  (total 11 workers using 18730 MB)
@  3071s  (total 11 workers using 18869 MB)
@  3085s  (total 11 workers using 18958 MB)
@  3098s  (total 11 workers using 19084 MB)
@  3113s  (total 11 workers using 18781 MB)
@  3126s  (total 11 workers using 18914 MB)
@  3141s  (total 11 workers using 18915 MB)
@  3154s  (total 11 workers using 18973 MB)
@  3168s  (total 11 workers using 19049 MB)
@  3182s  (total 11 workers using 19107 MB)
@  3196s  (total 11 workers using 19174 MB)
@  3209s  (total 11 workers using 19168 MB)
@  3224s  (total 11 workers using 19338 MB)
@  3237s  (total 11 workers using 19409 MB)
@  3252s  (total 11 workers using 19487 MB)
@  3265s  (total 11 workers using 19654 MB)
@  3280s  (total 11 workers using 19679 MB)
@  3293s  (total 11 workers using 19719 MB)
@  3307s  (total 11 workers using 19807 MB)
@  3321s  (total 11 workers using 19877 MB)
@  3335s  (total 11 workers using 19981 MB)
@  3349s  (total 11 workers using 20039 MB)
@  3363s  (total 11 workers using 20239 MB)
@  3376s  (total 11 workers using 20275 MB)
@  3391s  (total 11 workers using 20286 MB)
@  3404s  (total 11 workers using 20338 MB)
@  3418s  (total 11 workers using 20406 MB)
@  3432s  (total 11 workers using 20499 MB)
@  3446s  (total 11 workers using 20572 MB)
@  3459s  (total 11 workers using 20808 MB)
@  3474s  (total 11 workers using 20905 MB)
@  3487s  (total 11 workers using 20963 MB)
@  3501s  (total 11 workers using 20994 MB)
@  3514s  (total 11 workers using 21002 MB)
@  3529s  (total 11 workers using 21048 MB)
@  3542s  (total 11 workers using 21073 MB)
@  3557s  (total 11 workers using 21130 MB)
@  3570s  (total 11 workers using 21149 MB)
@  3573s  (stopping all workers)
@  3574s  (worker 0 finished with result unknown) python3 avr.py -a sa
@  3574s  (worker 2 finished with result unknown) python3 avr.py
@  3574s  (worker 4 finished with result unknown) python3 avr.py -b bin_y2 --bmc
@  3574s  (worker 6 finished with result unknown) python3 avr.py -a sa --interpol 1 -f 1
@  3574s  (worker 8 finished with result unknown) python3 avr.py -l 5 -g 3 -a sa8 --interpol 1 -f 1
@  3574s  (worker 10 finished with result unknown) python3 avr.py --bmc
@  3574s  (worker 1 finished with result unknown) python3 avr.py -b bin_bt_cadical -s --bmc
@  3574s  (worker 5 finished with result unknown) python3 avr.py -b bin_bt_cadical -g 3 -l 0 -a sa32
@  3574s  (worker 9 finished with result unknown) python3 avr.py -b bin_y2 -s -a sa4 --interpol 1 -f 1
@  3574s  (worker 3 finished with result unknown) python3 avr.py -b bin_y2 -s
@  3574s  (worker 7 finished with result unknown) python3 avr.py -s -l 0
@  3574s  (copied results from worker 0 in /scratch/network/hongcez/hwmcc/avr-log/btor2/bv/beem/pr_collision.6.prop1-func-interl)
@  3574s  [0;30;47m(proof race finished with answer unknown in 3574.02 seconds)[m
