AVR -- Proof Race 
copyright (c) 2019  Aman Goel and Karem Sakallah, University of Michigan
@     0s  (starting avr proof race)
@     0s  (output dir: /scratch/network/hongcez/hwmcc/avr-log/btor2/bv/beem/pr_lamport_nonatomic.5.prop1-func-interl)
@     0s  (max 11 workers)
@     0s  (started worker 0 with pid 107373)
@     0s  (started worker 1 with pid 107374)
@     0s  (started worker 2 with pid 107375)
@     0s  (started worker 3 with pid 107376)
@     0s  (started worker 4 with pid 107377)
@     0s  (spawned 5 workers)
@     0s  (total 5 workers using 0 MB)
@     1s  (started worker 5 with pid 107502)
@     1s  (spawned 1 workers)
@     1s  (total 6 workers using 339 MB)
@     2s  (started worker 6 with pid 107555)
@     2s  (spawned 1 workers)
@     2s  (total 7 workers using 538 MB)
@     3s  (started worker 7 with pid 107599)
@     3s  (spawned 1 workers)
@     3s  (total 8 workers using 673 MB)
@     5s  (started worker 8 with pid 107646)
@     5s  (spawned 1 workers)
@     5s  (total 9 workers using 893 MB)
@     9s  (started worker 9 with pid 107716)
@     9s  (spawned 1 workers)
@     9s  (total 10 workers using 1210 MB)
@    12s  (started worker 10 with pid 107772)
@    12s  (spawned 1 workers)
@    12s  (total 11 workers using 1466 MB)
@    24s  (total 11 workers using 2065 MB)
@    40s  (total 11 workers using 2926 MB)
@    56s  (total 11 workers using 3562 MB)
@    70s  (total 11 workers using 3637 MB)
@    84s  (total 11 workers using 3781 MB)
@    99s  (total 11 workers using 3876 MB)
@   112s  (total 11 workers using 4050 MB)
@   126s  (total 11 workers using 4300 MB)
@   139s  (total 11 workers using 4370 MB)
@   154s  (total 11 workers using 4528 MB)
@   167s  (total 11 workers using 4694 MB)
@   181s  (total 11 workers using 4805 MB)
@   194s  (total 11 workers using 4970 MB)
@   208s  (total 11 workers using 5081 MB)
@   221s  (total 11 workers using 5181 MB)
@   235s  (total 11 workers using 5288 MB)
@   249s  (total 11 workers using 5396 MB)
@   263s  (total 11 workers using 5543 MB)
@   276s  (total 11 workers using 5596 MB)
@   290s  (total 11 workers using 5832 MB)
@   303s  (total 11 workers using 5971 MB)
@   317s  (total 11 workers using 6177 MB)
@   330s  (total 11 workers using 6347 MB)
@   344s  (total 11 workers using 6430 MB)
@   358s  (total 11 workers using 6576 MB)
@   371s  (total 11 workers using 6712 MB)
@   385s  (total 11 workers using 6815 MB)
@   399s  (total 11 workers using 6885 MB)
@   412s  (total 11 workers using 7051 MB)
@   426s  (total 11 workers using 7302 MB)
@   439s  (total 11 workers using 7568 MB)
@   453s  (total 11 workers using 7729 MB)
@   466s  (total 11 workers using 7751 MB)
@   481s  (total 11 workers using 7846 MB)
@   494s  (total 11 workers using 7954 MB)
@   508s  (total 11 workers using 8317 MB)
@   521s  (total 11 workers using 8343 MB)
@   535s  (total 11 workers using 8430 MB)
@   548s  (total 11 workers using 8627 MB)
@   562s  (total 11 workers using 8774 MB)
@   576s  (total 11 workers using 8933 MB)
@   590s  (total 11 workers using 9087 MB)
@   603s  (total 11 workers using 9213 MB)
@   617s  (total 11 workers using 9348 MB)
@   630s  (total 11 workers using 9245 MB)
@   644s  (total 11 workers using 9390 MB)
@   657s  (total 11 workers using 9616 MB)
@   671s  (total 11 workers using 9781 MB)
@   685s  (total 11 workers using 9871 MB)
@   699s  (total 11 workers using 10006 MB)
@   712s  (total 11 workers using 10356 MB)
@   726s  (total 11 workers using 10450 MB)
@   739s  (total 11 workers using 10594 MB)
@   753s  (total 11 workers using 10473 MB)
@   766s  (total 11 workers using 10566 MB)
@   780s  (total 11 workers using 10678 MB)
@   793s  (total 11 workers using 10931 MB)
@   807s  (total 11 workers using 11043 MB)
@   821s  (total 11 workers using 11212 MB)
@   835s  (total 11 workers using 11335 MB)
@   848s  (total 11 workers using 11433 MB)
@   862s  (total 11 workers using 11587 MB)
@   875s  (total 11 workers using 11995 MB)
@   889s  (total 11 workers using 12073 MB)
@   902s  (total 11 workers using 12093 MB)
@   916s  (total 11 workers using 12219 MB)
@   929s  (total 11 workers using 12319 MB)
@   943s  (total 11 workers using 12458 MB)
@   957s  (total 11 workers using 12222 MB)
@   971s  (total 11 workers using 12339 MB)
@   984s  (total 11 workers using 12467 MB)
@   998s  (total 11 workers using 12861 MB)
@  1011s  (total 11 workers using 12894 MB)
@  1025s  (total 11 workers using 12979 MB)
@  1038s  (total 11 workers using 13051 MB)
@  1052s  (total 11 workers using 13331 MB)
@  1065s  (total 11 workers using 13425 MB)
@  1079s  (total 11 workers using 13542 MB)
@  1092s  (total 11 workers using 13625 MB)
@  1106s  (total 11 workers using 13762 MB)
@  1119s  (total 11 workers using 13890 MB)
@  1133s  (total 11 workers using 13937 MB)
@  1146s  (total 11 workers using 14068 MB)
@  1160s  (total 11 workers using 14236 MB)
@  1173s  (total 11 workers using 14367 MB)
@  1187s  (total 11 workers using 14502 MB)
@  1200s  (total 11 workers using 14284 MB)
@  1214s  (total 11 workers using 14409 MB)
@  1227s  (total 11 workers using 14489 MB)
@  1241s  (total 11 workers using 14666 MB)
@  1254s  (total 11 workers using 14758 MB)
@  1268s  (total 11 workers using 14943 MB)
@  1280s  (total 11 workers using 15068 MB)
@  1295s  (total 11 workers using 15178 MB)
@  1308s  (total 11 workers using 15273 MB)
@  1322s  (total 11 workers using 15369 MB)
@  1335s  (total 11 workers using 15570 MB)
@  1349s  (total 11 workers using 15689 MB)
@  1362s  (total 11 workers using 15789 MB)
@  1376s  (total 11 workers using 15918 MB)
@  1389s  (total 11 workers using 15903 MB)
@  1403s  (total 11 workers using 15971 MB)
@  1416s  (total 11 workers using 15998 MB)
@  1430s  (total 11 workers using 16103 MB)
@  1443s  (total 11 workers using 16382 MB)
@  1458s  (total 11 workers using 16521 MB)
@  1471s  (total 11 workers using 16684 MB)
@  1485s  (total 11 workers using 16781 MB)
@  1498s  (total 11 workers using 17081 MB)
@  1512s  (total 11 workers using 17408 MB)
@  1525s  (total 11 workers using 17488 MB)
@  1539s  (total 11 workers using 17538 MB)
@  1552s  (total 11 workers using 17592 MB)
@  1566s  (total 11 workers using 17457 MB)
@  1579s  (total 11 workers using 17552 MB)
@  1593s  (total 11 workers using 17645 MB)
@  1606s  (total 11 workers using 17958 MB)
@  1620s  (total 11 workers using 17668 MB)
@  1633s  (total 11 workers using 17599 MB)
@  1647s  (total 11 workers using 17678 MB)
@  1660s  (total 11 workers using 17759 MB)
@  1674s  (total 11 workers using 18014 MB)
@  1687s  (total 11 workers using 18120 MB)
@  1702s  (total 11 workers using 18244 MB)
@  1715s  (total 11 workers using 18338 MB)
@  1729s  (total 11 workers using 18361 MB)
@  1742s  (total 11 workers using 18443 MB)
@  1756s  (total 11 workers using 18566 MB)
@  1769s  (total 11 workers using 18675 MB)
@  1783s  (total 11 workers using 18894 MB)
@  1796s  (total 11 workers using 18977 MB)
@  1810s  (total 11 workers using 19083 MB)
@  1824s  (total 11 workers using 19210 MB)
@  1837s  (total 11 workers using 19332 MB)
@  1851s  (total 11 workers using 19428 MB)
@  1864s  (total 11 workers using 19611 MB)
@  1878s  (total 11 workers using 19718 MB)
@  1891s  (total 11 workers using 19774 MB)
@  1905s  (total 11 workers using 19826 MB)
@  1919s  (total 11 workers using 19900 MB)
@  1932s  (total 11 workers using 19950 MB)
@  1948s  (total 11 workers using 20204 MB)
@  1961s  (total 11 workers using 20660 MB)
@  1975s  (total 11 workers using 20782 MB)
@  1988s  (total 11 workers using 20903 MB)
@  2002s  (total 11 workers using 21016 MB)
@  2015s  (total 11 workers using 21131 MB)
@  2030s  (total 11 workers using 21236 MB)
@  2043s  (total 11 workers using 21322 MB)
@  2057s  (total 11 workers using 21658 MB)
@  2070s  (total 11 workers using 21746 MB)
@  2084s  (total 11 workers using 21910 MB)
@  2097s  (total 11 workers using 22103 MB)
@  2111s  (total 11 workers using 22183 MB)
@  2124s  (total 11 workers using 22422 MB)
@  2138s  (total 11 workers using 22579 MB)
@  2152s  (total 11 workers using 22744 MB)
@  2166s  (total 11 workers using 22781 MB)
@  2179s  (total 11 workers using 22882 MB)
@  2193s  (total 11 workers using 22993 MB)
@  2206s  (total 11 workers using 23115 MB)
@  2220s  (total 11 workers using 23161 MB)
@  2233s  (total 11 workers using 23278 MB)
@  2247s  (total 11 workers using 23683 MB)
@  2260s  (total 11 workers using 22669 MB)
@  2274s  (total 11 workers using 22703 MB)
@  2287s  (total 11 workers using 22915 MB)
@  2301s  (total 11 workers using 22996 MB)
@  2314s  (total 11 workers using 23036 MB)
@  2328s  (total 11 workers using 23043 MB)
@  2341s  (total 11 workers using 23082 MB)
@  2355s  (total 11 workers using 23146 MB)
@  2368s  (total 11 workers using 23210 MB)
@  2382s  (total 11 workers using 23485 MB)
@  2395s  (total 11 workers using 23560 MB)
@  2409s  (total 11 workers using 23643 MB)
@  2422s  (total 11 workers using 23814 MB)
@  2436s  (total 11 workers using 23870 MB)
@  2449s  (total 11 workers using 24024 MB)
@  2463s  (total 11 workers using 24194 MB)
@  2476s  (total 11 workers using 24313 MB)
@  2490s  (total 11 workers using 24497 MB)
@  2503s  (total 11 workers using 24492 MB)
@  2517s  (total 11 workers using 24630 MB)
@  2530s  (total 11 workers using 24777 MB)
@  2544s  (total 11 workers using 24922 MB)
@  2557s  (total 11 workers using 24972 MB)
@  2571s  (total 11 workers using 25121 MB)
@  2584s  (total 11 workers using 25286 MB)
@  2598s  (total 11 workers using 25471 MB)
@  2611s  (total 11 workers using 25844 MB)
@  2625s  (total 11 workers using 25998 MB)
@  2638s  (total 11 workers using 26089 MB)
@  2652s  (total 11 workers using 25633 MB)
@  2665s  (total 11 workers using 25736 MB)
@  2679s  (total 11 workers using 25852 MB)
@  2692s  (total 11 workers using 25954 MB)
@  2706s  (total 11 workers using 26126 MB)
@  2719s  (total 11 workers using 26237 MB)
@  2733s  (total 11 workers using 26319 MB)
@  2746s  (total 11 workers using 26368 MB)
@  2760s  (total 11 workers using 26478 MB)
@  2773s  (total 11 workers using 26556 MB)
@  2787s  (total 11 workers using 26890 MB)
@  2799s  (total 11 workers using 26976 MB)
@  2813s  (total 11 workers using 27037 MB)
@  2827s  (total 11 workers using 27093 MB)
@  2841s  (total 11 workers using 27015 MB)
@  2854s  (total 11 workers using 27130 MB)
@  2868s  (total 11 workers using 27331 MB)
@  2881s  (total 11 workers using 27611 MB)
@  2894s  (total 11 workers using 27981 MB)
@  2905s  (total 11 workers using 28525 MB)
@  2917s  (total 11 workers using 28595 MB)
@  2929s  (total 11 workers using 28588 MB)
@  2940s  (total 11 workers using 28622 MB)
@  2952s  (total 11 workers using 28639 MB)
@  2963s  (total 11 workers using 28679 MB)
@  2975s  (total 11 workers using 28738 MB)
@  2986s  (total 11 workers using 28786 MB)
@  2998s  (total 11 workers using 28861 MB)
@  3010s  (total 11 workers using 28899 MB)
@  3021s  (total 11 workers using 28971 MB)
@  3033s  (total 11 workers using 29027 MB)
@  3044s  (total 11 workers using 29074 MB)
@  3056s  (total 11 workers using 29158 MB)
@  3067s  (total 11 workers using 29200 MB)
@  3079s  (total 11 workers using 29386 MB)
@  3090s  (total 11 workers using 29443 MB)
@  3102s  (total 11 workers using 29523 MB)
@  3113s  (total 11 workers using 29541 MB)
@  3125s  (total 11 workers using 29594 MB)
@  3136s  (total 11 workers using 29669 MB)
@  3148s  (total 11 workers using 29699 MB)
@  3160s  (total 11 workers using 30845 MB)
@  3172s  (total 11 workers using 29664 MB)
@  3183s  (total 11 workers using 29590 MB)
@  3195s  (total 11 workers using 29663 MB)
@  3206s  (total 11 workers using 29642 MB)
@  3218s  (total 11 workers using 29684 MB)
@  3229s  (total 11 workers using 29717 MB)
@  3241s  (total 11 workers using 29756 MB)
@  3253s  (total 11 workers using 29767 MB)
@  3264s  (total 11 workers using 29819 MB)
@  3276s  (total 11 workers using 29910 MB)
@  3288s  (total 11 workers using 29901 MB)
@  3299s  (total 11 workers using 29966 MB)
@  3311s  (total 11 workers using 30011 MB)
@  3322s  (total 11 workers using 30022 MB)
@  3334s  (total 11 workers using 30052 MB)
@  3345s  (total 11 workers using 30091 MB)
@  3357s  (total 11 workers using 30135 MB)
@  3369s  (total 11 workers using 30167 MB)
@  3380s  (total 11 workers using 30214 MB)
@  3392s  (total 11 workers using 30280 MB)
@  3403s  (total 11 workers using 30335 MB)
@  3415s  (total 11 workers using 30336 MB)
@  3427s  (total 11 workers using 30397 MB)
@  3438s  (total 11 workers using 30446 MB)
@  3450s  (total 11 workers using 30524 MB)
@  3461s  (total 11 workers using 30337 MB)
@  3473s  (total 11 workers using 30403 MB)
@  3485s  (total 11 workers using 30478 MB)
@  3496s  (total 11 workers using 30525 MB)
@  3508s  (total 11 workers using 30596 MB)
@  3520s  (total 11 workers using 30595 MB)
@  3531s  (total 11 workers using 30653 MB)
@  3543s  (total 11 workers using 30701 MB)
@  3554s  (total 11 workers using 30761 MB)
@  3566s  (total 11 workers using 30787 MB)
@  3575s  (stopping all workers)
@  3575s  (worker 0 finished with result unknown) python3 avr.py -a sa
@  3575s  (worker 2 finished with result unknown) python3 avr.py
@  3575s  (worker 4 finished with result unknown) python3 avr.py -b bin_y2 --bmc
@  3575s  (worker 6 finished with result unknown) python3 avr.py -a sa --interpol 1 -f 1
@  3575s  (worker 8 finished with result unknown) python3 avr.py -l 5 -g 3 -a sa8 --interpol 1 -f 1
@  3575s  (worker 10 finished with result unknown) python3 avr.py --bmc
@  3576s  (worker 1 finished with result unknown) python3 avr.py -b bin_bt_cadical -s --bmc
@  3576s  (worker 5 finished with result unknown) python3 avr.py -b bin_bt_cadical -g 3 -l 0 -a sa32
@  3576s  (worker 9 finished with result unknown) python3 avr.py -b bin_y2 -s -a sa4 --interpol 1 -f 1
@  3576s  (worker 3 finished with result unknown) python3 avr.py -b bin_y2 -s
@  3576s  (worker 7 finished with result unknown) python3 avr.py -s -l 0
@  3576s  (copied results from worker 0 in /scratch/network/hongcez/hwmcc/avr-log/btor2/bv/beem/pr_lamport_nonatomic.5.prop1-func-interl)
@  3576s  [0;30;47m(proof race finished with answer unknown in 3575.90 seconds)[m
