AVR -- Proof Race 
copyright (c) 2019  Aman Goel and Karem Sakallah, University of Michigan
@     0s  (starting avr proof race)
@     0s  (output dir: /scratch/network/hongcez/hwmcc/avr-log/btor2/bv/beem/pr_lann.4.prop1-back-serstep)
@     0s  (max 11 workers)
@     0s  (started worker 0 with pid 91658)
@     0s  (started worker 1 with pid 91659)
@     0s  (started worker 2 with pid 91660)
@     0s  (started worker 3 with pid 91661)
@     0s  (started worker 4 with pid 91662)
@     0s  (spawned 5 workers)
@     0s  (total 5 workers using 0 MB)
@     1s  (started worker 5 with pid 91776)
@     1s  (spawned 1 workers)
@     1s  (total 6 workers using 121 MB)
@     2s  (started worker 6 with pid 91816)
@     2s  (spawned 1 workers)
@     2s  (total 7 workers using 163 MB)
@     3s  (started worker 7 with pid 91860)
@     3s  (spawned 1 workers)
@     3s  (total 8 workers using 177 MB)
@     5s  (started worker 8 with pid 91916)
@     5s  (spawned 1 workers)
@     5s  (total 9 workers using 230 MB)
@     8s  (started worker 9 with pid 91982)
@     8s  (spawned 1 workers)
@     8s  (total 10 workers using 295 MB)
@    11s  (started worker 10 with pid 92043)
@    11s  (spawned 1 workers)
@    11s  (total 11 workers using 345 MB)
@    23s  (total 11 workers using 541 MB)
@    39s  (total 11 workers using 778 MB)
@    55s  (total 11 workers using 971 MB)
@    69s  (total 11 workers using 1182 MB)
@    82s  (total 11 workers using 1289 MB)
@    97s  (total 11 workers using 1515 MB)
@   110s  (total 11 workers using 1722 MB)
@   124s  (total 11 workers using 1947 MB)
@   137s  (total 11 workers using 2134 MB)
@   151s  (total 11 workers using 2357 MB)
@   164s  (total 11 workers using 2518 MB)
@   178s  (total 11 workers using 2742 MB)
@   191s  (total 11 workers using 2929 MB)
@   205s  (total 11 workers using 3173 MB)
@   218s  (total 11 workers using 3451 MB)
@   232s  (total 11 workers using 3572 MB)
@   245s  (total 11 workers using 3857 MB)
@   259s  (total 11 workers using 4126 MB)
@   272s  (total 11 workers using 4347 MB)
@   286s  (total 11 workers using 4569 MB)
@   298s  (total 11 workers using 4803 MB)
@   313s  (total 11 workers using 5045 MB)
@   326s  (total 11 workers using 5220 MB)
@   340s  (total 11 workers using 5415 MB)
@   353s  (total 11 workers using 5612 MB)
@   367s  (total 11 workers using 5827 MB)
@   380s  (total 11 workers using 6071 MB)
@   394s  (total 11 workers using 6328 MB)
@   407s  (total 11 workers using 6554 MB)
@   421s  (total 11 workers using 6808 MB)
@   434s  (total 11 workers using 7021 MB)
@   448s  (total 11 workers using 7274 MB)
@   461s  (total 11 workers using 7477 MB)
@   475s  (total 11 workers using 7658 MB)
@   489s  (total 11 workers using 7825 MB)
@   503s  (total 11 workers using 8116 MB)
@   516s  (total 11 workers using 8309 MB)
@   530s  (total 11 workers using 8633 MB)
@   543s  (total 11 workers using 8868 MB)
@   557s  (total 11 workers using 9124 MB)
@   570s  (total 11 workers using 9362 MB)
@   584s  (total 11 workers using 9602 MB)
@   597s  (total 11 workers using 9864 MB)
@   611s  (total 11 workers using 10094 MB)
@   624s  (total 11 workers using 10342 MB)
@   638s  (total 11 workers using 10587 MB)
@   650s  (total 11 workers using 10793 MB)
@   664s  (total 11 workers using 10959 MB)
@   677s  (total 11 workers using 11136 MB)
@   691s  (total 11 workers using 11388 MB)
@   703s  (total 11 workers using 11589 MB)
@   717s  (total 11 workers using 11828 MB)
@   730s  (total 11 workers using 12041 MB)
@   744s  (total 11 workers using 12203 MB)
@   757s  (total 11 workers using 12472 MB)
@   770s  (total 11 workers using 12738 MB)
@   783s  (total 11 workers using 12998 MB)
@   797s  (total 11 workers using 13288 MB)
@   810s  (total 11 workers using 13544 MB)
@   823s  (total 11 workers using 13809 MB)
@   836s  (total 11 workers using 14015 MB)
@   850s  (total 11 workers using 14219 MB)
@   863s  (total 11 workers using 14428 MB)
@   876s  (total 11 workers using 14571 MB)
@   889s  (total 11 workers using 14794 MB)
@   903s  (total 11 workers using 15100 MB)
@   916s  (total 11 workers using 15321 MB)
@   930s  (total 11 workers using 15553 MB)
@   943s  (total 11 workers using 15728 MB)
@   956s  (total 11 workers using 15884 MB)
@   969s  (total 11 workers using 16084 MB)
@   983s  (total 11 workers using 16267 MB)
@   996s  (total 11 workers using 16530 MB)
@  1009s  (total 11 workers using 16718 MB)
@  1022s  (total 11 workers using 16948 MB)
@  1036s  (total 11 workers using 17121 MB)
@  1049s  (total 11 workers using 17301 MB)
@  1062s  (total 11 workers using 17515 MB)
@  1075s  (total 11 workers using 17721 MB)
@  1089s  (total 11 workers using 17923 MB)
@  1102s  (total 11 workers using 18151 MB)
@  1116s  (total 11 workers using 18376 MB)
@  1128s  (total 11 workers using 18564 MB)
@  1142s  (total 11 workers using 18825 MB)
@  1155s  (total 11 workers using 19071 MB)
@  1169s  (total 11 workers using 19299 MB)
@  1181s  (total 11 workers using 19543 MB)
@  1195s  (total 11 workers using 19734 MB)
@  1208s  (total 11 workers using 19931 MB)
@  1222s  (total 11 workers using 20140 MB)
@  1235s  (total 11 workers using 20207 MB)
@  1248s  (total 11 workers using 20423 MB)
@  1261s  (total 11 workers using 20586 MB)
@  1275s  (total 11 workers using 20806 MB)
@  1288s  (total 11 workers using 20975 MB)
@  1302s  (total 11 workers using 21220 MB)
@  1314s  (total 11 workers using 21428 MB)
@  1328s  (total 11 workers using 21643 MB)
@  1341s  (total 11 workers using 21812 MB)
@  1355s  (total 11 workers using 22009 MB)
@  1367s  (total 11 workers using 22096 MB)
@  1381s  (total 11 workers using 22300 MB)
@  1394s  (total 11 workers using 22502 MB)
@  1408s  (total 11 workers using 22701 MB)
@  1421s  (total 11 workers using 22878 MB)
@  1435s  (total 11 workers using 23056 MB)
@  1447s  (total 11 workers using 23249 MB)
@  1461s  (total 11 workers using 23450 MB)
@  1474s  (total 11 workers using 23617 MB)
@  1488s  (total 11 workers using 23805 MB)
@  1501s  (total 11 workers using 23952 MB)
@  1514s  (total 11 workers using 24157 MB)
@  1527s  (total 11 workers using 24328 MB)
@  1541s  (total 11 workers using 24499 MB)
@  1554s  (total 11 workers using 24654 MB)
@  1567s  (total 11 workers using 24836 MB)
@  1581s  (total 11 workers using 24994 MB)
@  1594s  (total 11 workers using 25152 MB)
@  1607s  (total 11 workers using 25316 MB)
@  1621s  (total 11 workers using 25520 MB)
@  1634s  (total 11 workers using 25716 MB)
@  1648s  (total 11 workers using 25929 MB)
@  1661s  (total 11 workers using 26101 MB)
@  1675s  (total 11 workers using 26290 MB)
@  1688s  (total 11 workers using 26470 MB)
@  1702s  (total 11 workers using 26660 MB)
@  1715s  (total 11 workers using 26816 MB)
@  1729s  (total 11 workers using 26982 MB)
@  1742s  (total 11 workers using 27121 MB)
@  1756s  (total 11 workers using 27235 MB)
@  1769s  (total 11 workers using 27356 MB)
@  1783s  (total 11 workers using 27491 MB)
@  1796s  (total 11 workers using 27620 MB)
@  1810s  (total 11 workers using 27814 MB)
@  1823s  (total 11 workers using 27995 MB)
@  1837s  (total 11 workers using 28187 MB)
@  1850s  (total 11 workers using 28373 MB)
@  1864s  (total 11 workers using 28579 MB)
@  1878s  (total 11 workers using 28761 MB)
@  1892s  (total 11 workers using 28986 MB)
@  1905s  (total 11 workers using 29149 MB)
@  1919s  (total 11 workers using 29405 MB)
@  1932s  (total 11 workers using 29638 MB)
@  1946s  (total 11 workers using 29894 MB)
@  1959s  (total 11 workers using 30142 MB)
@  1973s  (total 11 workers using 30365 MB)
@  1986s  (total 11 workers using 30569 MB)
@  2000s  (total 11 workers using 30817 MB)
@  2014s  (total 11 workers using 31030 MB)
@  2028s  (total 11 workers using 31240 MB)
@  2041s  (total 11 workers using 31421 MB)
@  2055s  (total 11 workers using 31652 MB)
@  2068s  (total 11 workers using 31879 MB)
@  2082s  (total 11 workers using 32075 MB)
@  2095s  (total 11 workers using 32276 MB)
@  2110s  (total 11 workers using 32482 MB)
@  2123s  (total 11 workers using 32624 MB)
@  2137s  (total 11 workers using 32781 MB)
@  2150s  (total 11 workers using 32955 MB)
@  2164s  (total 11 workers using 33090 MB)
@  2178s  (total 11 workers using 33171 MB)
@  2192s  (total 11 workers using 33330 MB)
@  2205s  (total 11 workers using 33509 MB)
@  2220s  (total 11 workers using 33581 MB)
@  2234s  (total 11 workers using 33552 MB)
@  2248s  (total 11 workers using 33570 MB)
@  2261s  (total 11 workers using 33512 MB)
@  2274s  (total 11 workers using 33421 MB)
@  2287s  (total 11 workers using 33584 MB)
@  2301s  (total 11 workers using 33510 MB)
@  2315s  (total 11 workers using 33570 MB)
@  2329s  (total 11 workers using 33578 MB)
@  2342s  (total 11 workers using 33502 MB)
@  2357s  (total 11 workers using 33597 MB)
