AVR -- Proof Race 
copyright (c) 2019  Aman Goel and Karem Sakallah, University of Michigan
@     0s  (starting avr proof race)
@     0s  (output dir: /scratch/network/hongcez/hwmcc/avr-log/btor2/bv/beem/pr_leader_election.3.prop1-back-serstep)
@     0s  (max 11 workers)
@     0s  (started worker 0 with pid 172260)
@     0s  (started worker 1 with pid 172261)
@     0s  (started worker 2 with pid 172262)
@     0s  (started worker 3 with pid 172263)
@     0s  (started worker 4 with pid 172264)
@     0s  (spawned 5 workers)
@     0s  (total 5 workers using 0 MB)
@     1s  (started worker 5 with pid 172390)
@     1s  (spawned 1 workers)
@     1s  (total 6 workers using 470 MB)
@     2s  (started worker 6 with pid 172434)
@     2s  (spawned 1 workers)
@     2s  (total 7 workers using 654 MB)
@     4s  (started worker 7 with pid 172490)
@     4s  (spawned 1 workers)
@     4s  (total 8 workers using 838 MB)
@     6s  (started worker 8 with pid 172548)
@     6s  (spawned 1 workers)
@     6s  (total 9 workers using 934 MB)
@    10s  (started worker 9 with pid 172623)
@    10s  (spawned 1 workers)
@    10s  (total 10 workers using 1036 MB)
@    14s  (started worker 10 with pid 172704)
@    14s  (spawned 1 workers)
@    14s  (total 11 workers using 1205 MB)
@    27s  (total 11 workers using 1553 MB)
@    44s  (total 11 workers using 1847 MB)
@    61s  (total 11 workers using 1914 MB)
@    76s  (total 11 workers using 2043 MB)
@    91s  (total 11 workers using 2208 MB)
@   107s  (total 11 workers using 2264 MB)
@   121s  (total 11 workers using 2376 MB)
@   136s  (total 11 workers using 2419 MB)
@   149s  (total 11 workers using 2459 MB)
@   165s  (total 11 workers using 2544 MB)
@   179s  (total 11 workers using 2532 MB)
@   194s  (total 11 workers using 2567 MB)
@   207s  (total 11 workers using 2664 MB)
@   222s  (total 11 workers using 2765 MB)
@   236s  (total 11 workers using 2799 MB)
@   251s  (total 11 workers using 2861 MB)
@   265s  (total 11 workers using 2925 MB)
@   281s  (total 11 workers using 3060 MB)
@   295s  (total 11 workers using 3062 MB)
@   310s  (total 11 workers using 3205 MB)
@   324s  (total 11 workers using 3225 MB)
@   339s  (total 11 workers using 3237 MB)
@   353s  (total 11 workers using 3354 MB)
@   368s  (total 11 workers using 3433 MB)
@   382s  (total 11 workers using 3499 MB)
@   397s  (total 11 workers using 3592 MB)
@   411s  (total 11 workers using 3688 MB)
@   426s  (total 11 workers using 3748 MB)
@   440s  (total 11 workers using 3854 MB)
@   454s  (total 11 workers using 3863 MB)
@   468s  (total 11 workers using 3875 MB)
@   482s  (total 11 workers using 3922 MB)
@   496s  (total 11 workers using 3910 MB)
@   511s  (total 11 workers using 3951 MB)
@   525s  (total 11 workers using 3991 MB)
@   540s  (total 11 workers using 4055 MB)
@   554s  (total 11 workers using 4064 MB)
@   569s  (total 11 workers using 4092 MB)
@   582s  (total 11 workers using 3915 MB)
@   597s  (total 11 workers using 3918 MB)
@   611s  (total 11 workers using 4005 MB)
@   626s  (total 11 workers using 4057 MB)
@   639s  (total 11 workers using 4089 MB)
@   654s  (total 11 workers using 4163 MB)
@   668s  (total 11 workers using 4201 MB)
@   683s  (total 11 workers using 4151 MB)
@   696s  (total 11 workers using 4086 MB)
@   711s  (total 11 workers using 4099 MB)
@   725s  (total 11 workers using 4220 MB)
@   741s  (total 11 workers using 4268 MB)
@   754s  (total 11 workers using 4186 MB)
@   769s  (total 11 workers using 4157 MB)
@   783s  (total 11 workers using 4178 MB)
@   798s  (total 11 workers using 4260 MB)
@   812s  (total 11 workers using 4251 MB)
@   827s  (total 11 workers using 4331 MB)
@   840s  (total 11 workers using 4410 MB)
@   855s  (total 11 workers using 4586 MB)
@   869s  (total 11 workers using 4637 MB)
@   884s  (total 11 workers using 4705 MB)
@   897s  (total 11 workers using 4739 MB)
@   912s  (total 11 workers using 4764 MB)
@   925s  (total 11 workers using 4772 MB)
@   940s  (total 11 workers using 4875 MB)
@   954s  (total 11 workers using 4980 MB)
@   969s  (total 11 workers using 5063 MB)
@   982s  (total 11 workers using 4817 MB)
@   997s  (total 11 workers using 4929 MB)
@  1011s  (total 11 workers using 5012 MB)
@  1026s  (total 11 workers using 5015 MB)
@  1039s  (total 11 workers using 5045 MB)
@  1054s  (total 11 workers using 5120 MB)
@  1067s  (total 11 workers using 5137 MB)
@  1081s  (total 11 workers using 5146 MB)
@  1095s  (total 11 workers using 5056 MB)
@  1110s  (total 11 workers using 5068 MB)
@  1123s  (total 11 workers using 5080 MB)
@  1143s  (total 11 workers using 5109 MB)
@  1158s  (total 11 workers using 5178 MB)
@  1173s  (total 11 workers using 5194 MB)
@  1186s  (total 11 workers using 5243 MB)
@  1203s  (total 11 workers using 5247 MB)
@  1216s  (total 11 workers using 5262 MB)
@  1231s  (total 11 workers using 5280 MB)
@  1245s  (total 11 workers using 5226 MB)
@  1259s  (total 11 workers using 5272 MB)
@  1272s  (total 11 workers using 5306 MB)
@  1287s  (total 11 workers using 5356 MB)
@  1300s  (total 11 workers using 5382 MB)
@  1315s  (total 11 workers using 5392 MB)
@  1328s  (total 11 workers using 5527 MB)
@  1343s  (total 11 workers using 5532 MB)
@  1356s  (total 11 workers using 5606 MB)
@  1371s  (total 11 workers using 5998 MB)
@  1384s  (total 11 workers using 6292 MB)
@  1399s  (total 11 workers using 6239 MB)
@  1412s  (total 11 workers using 6238 MB)
@  1427s  (total 11 workers using 6293 MB)
@  1440s  (total 11 workers using 6297 MB)
@  1455s  (total 11 workers using 6442 MB)
@  1468s  (total 11 workers using 6433 MB)
@  1483s  (total 11 workers using 6474 MB)
@  1496s  (total 11 workers using 6558 MB)
@  1510s  (total 11 workers using 6510 MB)
@  1523s  (total 11 workers using 6546 MB)
@  1538s  (total 11 workers using 6623 MB)
@  1552s  (total 11 workers using 6654 MB)
@  1566s  (total 11 workers using 6661 MB)
@  1579s  (total 11 workers using 6676 MB)
@  1594s  (total 11 workers using 6715 MB)
@  1607s  (total 11 workers using 6726 MB)
@  1622s  (total 11 workers using 6779 MB)
@  1635s  (total 11 workers using 6669 MB)
@  1650s  (total 11 workers using 6685 MB)
@  1663s  (total 11 workers using 6727 MB)
@  1678s  (total 11 workers using 6720 MB)
@  1691s  (total 11 workers using 6776 MB)
@  1706s  (total 11 workers using 6774 MB)
@  1719s  (total 11 workers using 6788 MB)
@  1734s  (total 11 workers using 6991 MB)
@  1748s  (total 11 workers using 6922 MB)
@  1762s  (total 11 workers using 6928 MB)
@  1776s  (total 11 workers using 6942 MB)
@  1790s  (total 11 workers using 6970 MB)
@  1804s  (total 11 workers using 6928 MB)
@  1818s  (total 11 workers using 6908 MB)
@  1832s  (total 11 workers using 6939 MB)
@  1846s  (total 11 workers using 6958 MB)
@  1860s  (total 11 workers using 6985 MB)
@  1874s  (total 11 workers using 6992 MB)
@  1888s  (total 11 workers using 7017 MB)
@  1902s  (total 11 workers using 7058 MB)
@  1915s  (total 11 workers using 7101 MB)
@  1930s  (total 11 workers using 7367 MB)
@  1943s  (total 11 workers using 7384 MB)
@  1958s  (total 11 workers using 7124 MB)
@  1971s  (total 11 workers using 7097 MB)
@  1986s  (total 11 workers using 7106 MB)
@  1999s  (total 11 workers using 7143 MB)
@  2014s  (total 11 workers using 7152 MB)
@  2028s  (total 11 workers using 7192 MB)
@  2042s  (total 11 workers using 7194 MB)
@  2056s  (total 11 workers using 7203 MB)
@  2071s  (total 11 workers using 7328 MB)
@  2084s  (total 11 workers using 7345 MB)
@  2099s  (total 11 workers using 7352 MB)
@  2112s  (total 11 workers using 7343 MB)
@  2127s  (total 11 workers using 7590 MB)
@  2140s  (total 11 workers using 7405 MB)
@  2154s  (total 11 workers using 7437 MB)
@  2168s  (total 11 workers using 7459 MB)
@  2182s  (total 11 workers using 7466 MB)
@  2195s  (total 11 workers using 7465 MB)
@  2210s  (total 11 workers using 7438 MB)
@  2224s  (total 11 workers using 7450 MB)
@  2238s  (total 11 workers using 7501 MB)
@  2251s  (total 11 workers using 7509 MB)
@  2266s  (total 11 workers using 7516 MB)
@  2279s  (total 11 workers using 7519 MB)
@  2294s  (total 11 workers using 7540 MB)
@  2307s  (total 11 workers using 7555 MB)
@  2322s  (total 11 workers using 7578 MB)
@  2335s  (total 11 workers using 7536 MB)
@  2350s  (total 11 workers using 7554 MB)
@  2363s  (total 11 workers using 7591 MB)
@  2378s  (total 11 workers using 7597 MB)
@  2391s  (total 11 workers using 7615 MB)
@  2406s  (total 11 workers using 7656 MB)
@  2419s  (total 11 workers using 7688 MB)
@  2434s  (total 11 workers using 7713 MB)
@  2447s  (total 11 workers using 7742 MB)
@  2462s  (total 11 workers using 7764 MB)
@  2475s  (total 11 workers using 7757 MB)
@  2490s  (total 11 workers using 7769 MB)
@  2503s  (total 11 workers using 7777 MB)
@  2518s  (total 11 workers using 7792 MB)
@  2531s  (total 11 workers using 7814 MB)
@  2546s  (total 11 workers using 7937 MB)
@  2559s  (total 11 workers using 7946 MB)
@  2574s  (total 11 workers using 8008 MB)
@  2587s  (total 11 workers using 8099 MB)
@  2602s  (total 11 workers using 8112 MB)
@  2615s  (total 11 workers using 8111 MB)
@  2630s  (total 11 workers using 8125 MB)
@  2643s  (total 11 workers using 8147 MB)
@  2658s  (total 11 workers using 8160 MB)
@  2672s  (total 11 workers using 8214 MB)
@  2686s  (total 11 workers using 8247 MB)
@  2700s  (total 11 workers using 8262 MB)
@  2714s  (total 11 workers using 8292 MB)
@  2728s  (total 11 workers using 8312 MB)
@  2742s  (total 11 workers using 8325 MB)
@  2756s  (total 11 workers using 8370 MB)
@  2770s  (total 11 workers using 8422 MB)
@  2783s  (total 11 workers using 8427 MB)
@  2798s  (total 11 workers using 8433 MB)
@  2811s  (total 11 workers using 8442 MB)
@  2826s  (total 11 workers using 8452 MB)
@  2839s  (total 11 workers using 8290 MB)
@  2854s  (total 11 workers using 8333 MB)
@  2867s  (total 11 workers using 8355 MB)
@  2883s  (total 11 workers using 8379 MB)
@  2896s  (total 11 workers using 8414 MB)
@  2911s  (total 11 workers using 8396 MB)
@  2924s  (total 11 workers using 8405 MB)
@  2939s  (total 11 workers using 8390 MB)
@  2952s  (total 11 workers using 8417 MB)
@  2968s  (total 11 workers using 8428 MB)
@  2981s  (total 11 workers using 8465 MB)
@  2996s  (total 11 workers using 8608 MB)
@  3009s  (total 11 workers using 8346 MB)
@  3023s  (total 11 workers using 8418 MB)
@  3037s  (total 11 workers using 8439 MB)
@  3051s  (total 11 workers using 8470 MB)
@  3065s  (total 11 workers using 8487 MB)
@  3079s  (total 11 workers using 8500 MB)
@  3093s  (total 11 workers using 8517 MB)
@  3107s  (total 11 workers using 8594 MB)
@  3121s  (total 11 workers using 8625 MB)
@  3135s  (total 11 workers using 8645 MB)
@  3148s  (total 11 workers using 8710 MB)
@  3163s  (total 11 workers using 8785 MB)
@  3177s  (total 11 workers using 8841 MB)
@  3191s  (total 11 workers using 8909 MB)
@  3205s  (total 11 workers using 8876 MB)
@  3219s  (total 11 workers using 8933 MB)
@  3233s  (total 11 workers using 8939 MB)
@  3247s  (total 11 workers using 8953 MB)
@  3261s  (total 11 workers using 8961 MB)
@  3275s  (total 11 workers using 8972 MB)
@  3289s  (total 11 workers using 8965 MB)
@  3304s  (total 11 workers using 8976 MB)
@  3317s  (total 11 workers using 8981 MB)
@  3332s  (total 11 workers using 8984 MB)
@  3345s  (total 11 workers using 8934 MB)
@  3360s  (total 11 workers using 8955 MB)
@  3373s  (total 11 workers using 8981 MB)
@  3388s  (total 11 workers using 9004 MB)
@  3401s  (total 11 workers using 9025 MB)
@  3416s  (total 11 workers using 9047 MB)
@  3429s  (total 11 workers using 9068 MB)
@  3444s  (total 11 workers using 9116 MB)
@  3457s  (total 11 workers using 9144 MB)
@  3471s  (total 11 workers using 9172 MB)
@  3485s  (total 11 workers using 9249 MB)
@  3499s  (total 11 workers using 9276 MB)
@  3513s  (total 11 workers using 9348 MB)
@  3527s  (total 11 workers using 9377 MB)
@  3541s  (total 11 workers using 9392 MB)
@  3556s  (total 11 workers using 9413 MB)
@  3569s  (total 11 workers using 9434 MB)
@  3577s  (stopping all workers)
@  3577s  (worker 0 finished with result unknown) python3 avr.py -a sa
@  3577s  (worker 2 finished with result unknown) python3 avr.py
@  3577s  (worker 4 finished with result unknown) python3 avr.py -b bin_y2 --bmc
@  3577s  (worker 6 finished with result unknown) python3 avr.py -a sa --interpol 1 -f 1
@  3577s  (worker 8 finished with result unknown) python3 avr.py -l 5 -g 3 -a sa8 --interpol 1 -f 1
@  3577s  (worker 10 finished with result unknown) python3 avr.py --bmc
@  3577s  (worker 1 finished with result unknown) python3 avr.py -b bin_bt_cadical -s --bmc
@  3577s  (worker 5 finished with result unknown) python3 avr.py -b bin_bt_cadical -g 3 -l 0 -a sa32
@  3577s  (worker 9 finished with result unknown) python3 avr.py -b bin_y2 -s -a sa4 --interpol 1 -f 1
@  3577s  (worker 3 finished with result unknown) python3 avr.py -b bin_y2 -s
@  3577s  (worker 7 finished with result unknown) python3 avr.py -s -l 0
@  3578s  (copied results from worker 0 in /scratch/network/hongcez/hwmcc/avr-log/btor2/bv/beem/pr_leader_election.3.prop1-back-serstep)
@  3578s  [0;30;47m(proof race finished with answer unknown in 3577.58 seconds)[m
