AVR -- Proof Race 
copyright (c) 2019  Aman Goel and Karem Sakallah, University of Michigan
@     0s  (starting avr proof race)
@     0s  (output dir: /scratch/network/hongcez/hwmcc/avr-log/btor2/bv/beem/pr_pgm_protocol.4.prop2-func-interl)
@     0s  (max 11 workers)
@     0s  (started worker 0 with pid 102074)
@     0s  (started worker 1 with pid 102075)
@     0s  (started worker 2 with pid 102076)
@     0s  (started worker 3 with pid 102077)
@     0s  (started worker 4 with pid 102078)
@     0s  (spawned 5 workers)
@     0s  (total 5 workers using 0 MB)
@     1s  (started worker 5 with pid 102192)
@     1s  (spawned 1 workers)
@     1s  (total 6 workers using 345 MB)
@     2s  (started worker 6 with pid 102242)
@     2s  (spawned 1 workers)
@     2s  (total 7 workers using 544 MB)
@     3s  (started worker 7 with pid 102287)
@     3s  (spawned 1 workers)
@     3s  (total 8 workers using 750 MB)
@     5s  (started worker 8 with pid 102344)
@     5s  (spawned 1 workers)
@     5s  (total 9 workers using 1010 MB)
@     9s  (started worker 9 with pid 102414)
@     9s  (spawned 1 workers)
@     9s  (total 10 workers using 1316 MB)
@    12s  (started worker 10 with pid 102463)
@    12s  (spawned 1 workers)
@    12s  (total 11 workers using 1525 MB)
@    23s  (total 11 workers using 2356 MB)
@    39s  (total 11 workers using 3335 MB)
@    55s  (total 11 workers using 3518 MB)
@    69s  (total 11 workers using 3918 MB)
@    83s  (total 11 workers using 4380 MB)
@    98s  (total 11 workers using 4749 MB)
@   111s  (total 11 workers using 5000 MB)
@   126s  (total 11 workers using 5177 MB)
@   139s  (total 11 workers using 5506 MB)
@   152s  (total 11 workers using 5641 MB)
@   166s  (total 11 workers using 6085 MB)
@   180s  (total 11 workers using 6297 MB)
@   193s  (total 11 workers using 6452 MB)
@   207s  (total 11 workers using 6658 MB)
@   220s  (total 11 workers using 6852 MB)
@   234s  (total 11 workers using 7202 MB)
@   247s  (total 11 workers using 7392 MB)
@   261s  (total 11 workers using 7572 MB)
@   274s  (total 11 workers using 7885 MB)
@   288s  (total 11 workers using 8046 MB)
@   302s  (total 11 workers using 8235 MB)
@   316s  (total 11 workers using 8441 MB)
@   329s  (total 11 workers using 8590 MB)
@   343s  (total 11 workers using 8828 MB)
@   356s  (total 11 workers using 8944 MB)
@   370s  (total 11 workers using 9151 MB)
@   384s  (total 11 workers using 9553 MB)
@   398s  (total 11 workers using 9608 MB)
@   411s  (total 11 workers using 9919 MB)
@   425s  (total 11 workers using 10116 MB)
@   438s  (total 11 workers using 10210 MB)
@   452s  (total 11 workers using 10496 MB)
@   465s  (total 11 workers using 10453 MB)
@   480s  (total 11 workers using 10800 MB)
@   493s  (total 11 workers using 10926 MB)
@   507s  (total 11 workers using 11058 MB)
@   520s  (total 11 workers using 11241 MB)
@   534s  (total 11 workers using 11344 MB)
@   548s  (total 11 workers using 11385 MB)
@   562s  (total 11 workers using 11728 MB)
@   575s  (total 11 workers using 11951 MB)
@   588s  (total 11 workers using 12026 MB)
@   601s  (total 11 workers using 12212 MB)
@   615s  (total 11 workers using 12403 MB)
@   628s  (total 11 workers using 12692 MB)
@   642s  (total 11 workers using 12850 MB)
@   655s  (total 11 workers using 13217 MB)
@   669s  (total 11 workers using 13159 MB)
@   682s  (total 11 workers using 13263 MB)
@   696s  (total 11 workers using 13409 MB)
@   709s  (total 11 workers using 13523 MB)
@   723s  (total 11 workers using 13712 MB)
@   736s  (total 11 workers using 13821 MB)
@   750s  (total 11 workers using 13933 MB)
@   763s  (total 11 workers using 14058 MB)
@   777s  (total 11 workers using 14162 MB)
@   790s  (total 11 workers using 14286 MB)
@   804s  (total 11 workers using 14380 MB)
@   817s  (total 11 workers using 14527 MB)
@   831s  (total 11 workers using 14875 MB)
@   845s  (total 11 workers using 14982 MB)
@   859s  (total 11 workers using 15136 MB)
@   872s  (total 11 workers using 15267 MB)
@   886s  (total 11 workers using 15560 MB)
@   899s  (total 11 workers using 15611 MB)
@   913s  (total 11 workers using 15821 MB)
@   927s  (total 11 workers using 16004 MB)
@   940s  (total 11 workers using 16282 MB)
@   954s  (total 11 workers using 16424 MB)
@   968s  (total 11 workers using 16588 MB)
@   981s  (total 11 workers using 16856 MB)
@   995s  (total 11 workers using 17193 MB)
@  1008s  (total 11 workers using 17331 MB)
@  1023s  (total 11 workers using 17438 MB)
@  1036s  (total 11 workers using 17530 MB)
@  1050s  (total 11 workers using 17613 MB)
@  1063s  (total 11 workers using 17751 MB)
@  1077s  (total 11 workers using 17777 MB)
@  1090s  (total 11 workers using 17863 MB)
@  1104s  (total 11 workers using 17983 MB)
@  1117s  (total 11 workers using 18129 MB)
@  1131s  (total 11 workers using 18274 MB)
@  1145s  (total 11 workers using 18523 MB)
@  1159s  (total 11 workers using 18645 MB)
@  1172s  (total 11 workers using 18752 MB)
@  1186s  (total 11 workers using 18868 MB)
@  1199s  (total 11 workers using 19036 MB)
@  1213s  (total 11 workers using 19160 MB)
@  1226s  (total 11 workers using 19251 MB)
@  1241s  (total 11 workers using 19392 MB)
@  1254s  (total 11 workers using 19447 MB)
@  1268s  (total 11 workers using 19549 MB)
@  1281s  (total 11 workers using 19750 MB)
@  1295s  (total 11 workers using 19805 MB)
@  1308s  (total 11 workers using 19913 MB)
@  1322s  (total 11 workers using 20139 MB)
@  1335s  (total 11 workers using 20474 MB)
@  1349s  (total 11 workers using 20571 MB)
@  1363s  (total 11 workers using 20643 MB)
@  1376s  (total 11 workers using 20834 MB)
@  1390s  (total 11 workers using 21062 MB)
@  1404s  (total 11 workers using 21151 MB)
@  1417s  (total 11 workers using 21173 MB)
@  1431s  (total 11 workers using 21390 MB)
@  1444s  (total 11 workers using 21606 MB)
@  1457s  (total 11 workers using 21813 MB)
@  1470s  (total 11 workers using 22043 MB)
@  1485s  (total 11 workers using 22287 MB)
@  1498s  (total 11 workers using 22467 MB)
@  1512s  (total 11 workers using 23403 MB)
@  1524s  (total 11 workers using 22585 MB)
@  1538s  (total 11 workers using 22661 MB)
@  1551s  (total 11 workers using 22776 MB)
@  1565s  (total 11 workers using 22826 MB)
@  1578s  (total 11 workers using 22963 MB)
@  1592s  (total 11 workers using 23018 MB)
@  1605s  (total 11 workers using 23156 MB)
@  1619s  (total 11 workers using 23280 MB)
@  1632s  (total 11 workers using 23293 MB)
@  1646s  (total 11 workers using 23291 MB)
@  1659s  (total 11 workers using 23386 MB)
@  1673s  (total 11 workers using 23479 MB)
@  1687s  (total 11 workers using 23596 MB)
@  1700s  (total 11 workers using 23740 MB)
@  1713s  (total 11 workers using 23825 MB)
@  1727s  (total 11 workers using 24004 MB)
@  1740s  (total 11 workers using 24091 MB)
@  1755s  (total 11 workers using 24237 MB)
@  1768s  (total 11 workers using 24339 MB)
@  1782s  (total 11 workers using 24640 MB)
@  1795s  (total 11 workers using 24780 MB)
@  1809s  (total 11 workers using 24864 MB)
@  1821s  (total 11 workers using 25028 MB)
@  1835s  (total 11 workers using 25112 MB)
@  1848s  (total 11 workers using 25249 MB)
@  1862s  (total 11 workers using 25302 MB)
@  1876s  (total 11 workers using 25478 MB)
@  1890s  (total 11 workers using 25582 MB)
@  1903s  (total 11 workers using 25706 MB)
@  1917s  (total 11 workers using 25883 MB)
@  1930s  (total 11 workers using 26005 MB)
@  1944s  (total 11 workers using 26169 MB)
@  1957s  (total 11 workers using 26297 MB)
@  1971s  (total 11 workers using 26419 MB)
@  1984s  (total 11 workers using 26550 MB)
@  1998s  (total 11 workers using 26571 MB)
@  2011s  (total 11 workers using 26718 MB)
@  2025s  (total 11 workers using 26835 MB)
@  2038s  (total 11 workers using 26996 MB)
@  2052s  (total 11 workers using 27206 MB)
@  2065s  (total 11 workers using 27368 MB)
@  2079s  (total 11 workers using 27577 MB)
@  2092s  (total 11 workers using 27681 MB)
@  2106s  (total 11 workers using 27813 MB)
@  2119s  (total 11 workers using 28053 MB)
@  2133s  (total 11 workers using 28176 MB)
@  2146s  (total 11 workers using 28251 MB)
@  2160s  (total 11 workers using 28385 MB)
@  2173s  (total 11 workers using 28467 MB)
@  2186s  (total 11 workers using 28597 MB)
@  2199s  (total 11 workers using 28707 MB)
@  2213s  (total 11 workers using 28853 MB)
@  2226s  (total 11 workers using 28940 MB)
@  2240s  (total 11 workers using 29097 MB)
@  2253s  (total 11 workers using 29244 MB)
@  2267s  (total 11 workers using 29343 MB)
@  2280s  (total 11 workers using 29419 MB)
@  2295s  (total 11 workers using 29584 MB)
@  2308s  (total 11 workers using 29650 MB)
@  2321s  (total 11 workers using 29748 MB)
@  2334s  (total 11 workers using 29951 MB)
@  2348s  (total 11 workers using 30056 MB)
@  2362s  (total 11 workers using 30242 MB)
@  2376s  (total 11 workers using 30277 MB)
@  2389s  (total 11 workers using 30623 MB)
@  2402s  (total 11 workers using 30662 MB)
@  2416s  (total 11 workers using 30817 MB)
@  2430s  (total 11 workers using 30915 MB)
@  2443s  (total 11 workers using 30974 MB)
@  2456s  (total 11 workers using 31152 MB)
@  2469s  (total 11 workers using 31342 MB)
@  2484s  (total 11 workers using 31464 MB)
@  2497s  (total 11 workers using 31627 MB)
@  2511s  (total 11 workers using 31752 MB)
@  2524s  (total 11 workers using 31957 MB)
@  2538s  (total 11 workers using 32142 MB)
@  2551s  (total 11 workers using 32236 MB)
@  2565s  (total 11 workers using 32383 MB)
@  2578s  (total 11 workers using 32464 MB)
@  2592s  (total 11 workers using 32568 MB)
@  2605s  (total 11 workers using 32846 MB)
@  2619s  (total 11 workers using 32547 MB)
@  2632s  (total 11 workers using 32574 MB)
@  2646s  (total 11 workers using 32654 MB)
@  2660s  (total 11 workers using 32818 MB)
@  2674s  (total 11 workers using 32918 MB)
@  2690s  (total 11 workers using 33412 MB)
@  2704s  (total 11 workers using 33500 MB)
@  2716s  (total 11 workers using 33004 MB)
@  2730s  (total 11 workers using 33125 MB)
@  2743s  (total 11 workers using 33265 MB)
@  2757s  (total 11 workers using 33366 MB)
@  2770s  (total 11 workers using 33514 MB)
@  2784s  (total 11 workers using 33550 MB)
@  2797s  (total 11 workers using 33560 MB)
@  2811s  (total 11 workers using 33596 MB)
@  2824s  (total 11 workers using 33579 MB)
@  2838s  (total 11 workers using 33557 MB)
@  2852s  (total 11 workers using 33567 MB)
@  2866s  (total 11 workers using 33581 MB)
@  2879s  (total 11 workers using 33586 MB)
@  2894s  (total 11 workers using 33585 MB)
@  2906s  (total 11 workers using 33546 MB)
@  2920s  (total 11 workers using 33586 MB)
@  2933s  (total 11 workers using 33580 MB)
@  2944s  (worker 2 finished with result unknown) python3 avr.py
@  2948s  (total 10 workers using 25531 MB)
@  2960s  (total 10 workers using 25610 MB)
@  2974s  (total 10 workers using 25698 MB)
@  2986s  (total 10 workers using 25872 MB)
@  2999s  (total 10 workers using 26088 MB)
@  3012s  (total 10 workers using 26139 MB)
@  3025s  (total 10 workers using 26221 MB)
@  3037s  (total 10 workers using 26386 MB)
@  3051s  (total 10 workers using 26500 MB)
@  3063s  (total 10 workers using 26835 MB)
@  3077s  (total 10 workers using 26793 MB)
@  3090s  (total 10 workers using 26924 MB)
@  3103s  (total 10 workers using 26977 MB)
@  3114s  (total 10 workers using 27562 MB)
@  3127s  (total 10 workers using 27691 MB)
@  3140s  (total 10 workers using 27823 MB)
@  3154s  (total 10 workers using 27986 MB)
@  3166s  (total 10 workers using 28137 MB)
@  3180s  (total 10 workers using 28296 MB)
@  3192s  (total 10 workers using 28478 MB)
@  3206s  (total 10 workers using 28120 MB)
@  3218s  (total 10 workers using 28246 MB)
@  3232s  (total 10 workers using 28421 MB)
@  3244s  (total 10 workers using 28510 MB)
@  3258s  (total 10 workers using 28651 MB)
@  3271s  (total 10 workers using 28765 MB)
@  3284s  (total 10 workers using 28885 MB)
@  3297s  (total 10 workers using 28956 MB)
@  3310s  (total 10 workers using 29037 MB)
@  3323s  (total 10 workers using 29165 MB)
@  3336s  (total 10 workers using 29320 MB)
@  3349s  (total 10 workers using 29467 MB)
@  3362s  (total 10 workers using 29621 MB)
@  3375s  (total 10 workers using 29764 MB)
@  3389s  (total 10 workers using 30159 MB)
@  3401s  (total 10 workers using 30277 MB)
@  3415s  (total 10 workers using 30424 MB)
@  3427s  (total 10 workers using 30569 MB)
@  3441s  (total 10 workers using 30668 MB)
@  3453s  (total 10 workers using 30800 MB)
@  3467s  (total 10 workers using 31011 MB)
@  3479s  (total 10 workers using 31601 MB)
@  3493s  (total 10 workers using 31764 MB)
@  3505s  (total 10 workers using 31951 MB)
@  3519s  (total 10 workers using 32151 MB)
@  3532s  (total 10 workers using 32007 MB)
@  3545s  (total 10 workers using 32106 MB)
@  3558s  (total 10 workers using 32186 MB)
@  3571s  (total 10 workers using 32264 MB)
@  3576s  (stopping all workers)
@  3576s  (worker 0 finished with result unknown) python3 avr.py -a sa
@  3576s  (worker 3 finished with result unknown) python3 avr.py -b bin_y2 -s
@  3576s  (worker 5 finished with result unknown) python3 avr.py -b bin_bt_cadical -g 3 -l 0 -a sa32
@  3576s  (worker 7 finished with result unknown) python3 avr.py -s -l 0
@  3576s  (worker 9 finished with result unknown) python3 avr.py -b bin_y2 -s -a sa4 --interpol 1 -f 1
@  3576s  (worker 1 finished with result unknown) python3 avr.py -b bin_bt_cadical -s --bmc
@  3576s  (worker 6 finished with result unknown) python3 avr.py -a sa --interpol 1 -f 1
@  3576s  (worker 10 finished with result unknown) python3 avr.py --bmc
@  3576s  (worker 4 finished with result unknown) python3 avr.py -b bin_y2 --bmc
@  3577s  (worker 8 finished with result unknown) python3 avr.py -l 5 -g 3 -a sa8 --interpol 1 -f 1
@  3577s  (copied results from worker 0 in /scratch/network/hongcez/hwmcc/avr-log/btor2/bv/beem/pr_pgm_protocol.4.prop2-func-interl)
@  3577s  [0;30;47m(proof race finished with answer unknown in 3576.70 seconds)[m
