AVR -- Proof Race 
copyright (c) 2019  Aman Goel and Karem Sakallah, University of Michigan
@     0s  (starting avr proof race)
@     0s  (output dir: /scratch/network/hongcez/hwmcc/avr-log/btor2/bv/beem/pr_pgm_protocol.2.prop5-back-serstep)
@     0s  (max 11 workers)
@     0s  (started worker 0 with pid 192181)
@     0s  (started worker 1 with pid 192182)
@     0s  (started worker 2 with pid 192183)
@     0s  (started worker 3 with pid 192184)
@     0s  (started worker 4 with pid 192185)
@     0s  (spawned 5 workers)
@     0s  (total 5 workers using 0 MB)
@     1s  (started worker 5 with pid 192310)
@     1s  (spawned 1 workers)
@     1s  (total 6 workers using 428 MB)
@     2s  (started worker 6 with pid 192360)
@     2s  (spawned 1 workers)
@     2s  (total 7 workers using 770 MB)
@     4s  (started worker 7 with pid 192404)
@     4s  (spawned 1 workers)
@     4s  (total 8 workers using 968 MB)
@     6s  (started worker 8 with pid 192471)
@     6s  (spawned 1 workers)
@     6s  (total 9 workers using 1282 MB)
@     9s  (started worker 9 with pid 192554)
@     9s  (spawned 1 workers)
@     9s  (total 10 workers using 1559 MB)
@    13s  (started worker 10 with pid 192620)
@    13s  (spawned 1 workers)
@    13s  (total 11 workers using 1673 MB)
@    25s  (total 11 workers using 2301 MB)
@    42s  (total 11 workers using 2807 MB)
@    59s  (total 11 workers using 2828 MB)
@    73s  (total 11 workers using 3011 MB)
@    88s  (total 11 workers using 3110 MB)
@   103s  (total 11 workers using 3217 MB)
@   117s  (total 11 workers using 3337 MB)
@   131s  (total 11 workers using 3440 MB)
@   145s  (total 11 workers using 3441 MB)
@   159s  (total 11 workers using 3589 MB)
@   173s  (total 11 workers using 3607 MB)
@   187s  (total 11 workers using 3741 MB)
@   200s  (total 11 workers using 3835 MB)
@   215s  (total 11 workers using 3981 MB)
@   228s  (total 11 workers using 4170 MB)
@   242s  (total 11 workers using 4308 MB)
@   256s  (total 11 workers using 4229 MB)
@   270s  (total 11 workers using 4346 MB)
@   284s  (total 11 workers using 4412 MB)
@   298s  (total 11 workers using 4495 MB)
@   311s  (total 11 workers using 4530 MB)
@   326s  (total 11 workers using 4624 MB)
@   339s  (total 11 workers using 4689 MB)
@   354s  (total 11 workers using 4776 MB)
@   367s  (total 11 workers using 4885 MB)
@   381s  (total 11 workers using 4996 MB)
@   395s  (total 11 workers using 5095 MB)
@   410s  (total 11 workers using 5191 MB)
@   422s  (total 11 workers using 5169 MB)
@   437s  (total 11 workers using 5325 MB)
@   450s  (total 11 workers using 5398 MB)
@   464s  (total 11 workers using 5494 MB)
@   478s  (total 11 workers using 5568 MB)
@   492s  (total 11 workers using 5648 MB)
@   506s  (total 11 workers using 5723 MB)
@   520s  (total 11 workers using 5836 MB)
@   533s  (total 11 workers using 5882 MB)
@   548s  (total 11 workers using 5900 MB)
@   561s  (total 11 workers using 6005 MB)
@   576s  (total 11 workers using 6043 MB)
@   590s  (total 11 workers using 6077 MB)
@   604s  (total 11 workers using 6010 MB)
@   618s  (total 11 workers using 6091 MB)
@   632s  (total 11 workers using 6118 MB)
@   646s  (total 11 workers using 6155 MB)
@   661s  (total 11 workers using 6141 MB)
@   674s  (total 11 workers using 6302 MB)
@   689s  (total 11 workers using 6322 MB)
@   703s  (total 11 workers using 6417 MB)
@   718s  (total 11 workers using 6434 MB)
@   731s  (total 11 workers using 6500 MB)
@   745s  (total 11 workers using 6514 MB)
@   759s  (total 11 workers using 6523 MB)
@   773s  (total 11 workers using 6529 MB)
@   787s  (total 11 workers using 6456 MB)
@   802s  (total 11 workers using 6524 MB)
@   815s  (total 11 workers using 6593 MB)
@   829s  (total 11 workers using 6687 MB)
@   843s  (total 11 workers using 6739 MB)
@   858s  (total 11 workers using 6693 MB)
@   871s  (total 11 workers using 6759 MB)
@   886s  (total 11 workers using 6729 MB)
@   899s  (total 11 workers using 6774 MB)
@   913s  (total 11 workers using 6831 MB)
@   927s  (total 11 workers using 6846 MB)
@   942s  (total 11 workers using 6843 MB)
@   955s  (total 11 workers using 6924 MB)
@   970s  (total 11 workers using 6983 MB)
@   984s  (total 11 workers using 6986 MB)
@   998s  (total 11 workers using 7022 MB)
@  1012s  (total 11 workers using 7071 MB)
@  1027s  (total 11 workers using 7123 MB)
@  1040s  (total 11 workers using 7194 MB)
@  1055s  (total 11 workers using 7229 MB)
@  1068s  (total 11 workers using 7311 MB)
@  1083s  (total 11 workers using 7419 MB)
@  1096s  (total 11 workers using 7416 MB)
@  1110s  (total 11 workers using 7477 MB)
@  1124s  (total 11 workers using 7516 MB)
@  1138s  (total 11 workers using 7547 MB)
@  1152s  (total 11 workers using 7562 MB)
@  1167s  (total 11 workers using 7596 MB)
@  1180s  (total 11 workers using 7755 MB)
@  1194s  (total 11 workers using 7718 MB)
@  1208s  (total 11 workers using 7775 MB)
@  1223s  (total 11 workers using 7848 MB)
@  1236s  (total 11 workers using 7871 MB)
@  1250s  (total 11 workers using 7924 MB)
@  1264s  (total 11 workers using 7876 MB)
@  1278s  (total 11 workers using 7927 MB)
@  1292s  (total 11 workers using 7993 MB)
@  1306s  (total 11 workers using 8000 MB)
@  1320s  (total 11 workers using 8095 MB)
@  1334s  (total 11 workers using 8119 MB)
@  1348s  (total 11 workers using 7945 MB)
@  1362s  (total 11 workers using 7964 MB)
@  1375s  (total 11 workers using 8066 MB)
@  1390s  (total 11 workers using 8020 MB)
@  1404s  (total 11 workers using 8078 MB)
@  1418s  (total 11 workers using 8223 MB)
@  1432s  (total 11 workers using 8037 MB)
@  1446s  (total 11 workers using 8100 MB)
@  1460s  (total 11 workers using 8100 MB)
@  1474s  (total 11 workers using 8109 MB)
@  1488s  (total 11 workers using 8137 MB)
@  1503s  (total 11 workers using 8340 MB)
@  1516s  (total 11 workers using 8322 MB)
@  1531s  (total 11 workers using 8323 MB)
@  1544s  (total 11 workers using 8347 MB)
@  1559s  (total 11 workers using 8360 MB)
@  1572s  (total 11 workers using 8361 MB)
@  1587s  (total 11 workers using 8544 MB)
@  1601s  (total 11 workers using 8482 MB)
@  1615s  (total 11 workers using 8529 MB)
@  1628s  (total 11 workers using 8493 MB)
@  1643s  (total 11 workers using 8498 MB)
@  1656s  (total 11 workers using 8573 MB)
@  1671s  (total 11 workers using 8509 MB)
@  1684s  (total 11 workers using 8602 MB)
@  1699s  (total 11 workers using 8572 MB)
@  1712s  (total 11 workers using 8607 MB)
@  1727s  (total 11 workers using 8611 MB)
@  1740s  (total 11 workers using 8725 MB)
@  1755s  (total 11 workers using 8628 MB)
@  1768s  (total 11 workers using 8708 MB)
@  1783s  (total 11 workers using 8674 MB)
@  1796s  (total 11 workers using 8789 MB)
@  1811s  (total 11 workers using 8700 MB)
@  1825s  (total 11 workers using 8768 MB)
@  1839s  (total 11 workers using 8828 MB)
@  1853s  (total 11 workers using 8890 MB)
@  1867s  (total 11 workers using 8880 MB)
@  1881s  (total 11 workers using 8904 MB)
@  1895s  (total 11 workers using 8881 MB)
@  1909s  (total 11 workers using 8968 MB)
@  1923s  (total 11 workers using 8934 MB)
@  1937s  (total 11 workers using 9143 MB)
@  1951s  (total 11 workers using 9145 MB)
@  1965s  (total 11 workers using 9150 MB)
@  1979s  (total 11 workers using 9152 MB)
@  1993s  (total 11 workers using 9154 MB)
@  2008s  (total 11 workers using 9229 MB)
@  2021s  (total 11 workers using 8920 MB)
@  2036s  (total 11 workers using 8933 MB)
@  2049s  (total 11 workers using 8947 MB)
@  2064s  (total 11 workers using 8940 MB)
@  2077s  (total 11 workers using 8946 MB)
@  2092s  (total 11 workers using 8950 MB)
@  2105s  (total 11 workers using 8982 MB)
@  2120s  (total 11 workers using 9008 MB)
@  2134s  (total 11 workers using 9019 MB)
@  2148s  (total 11 workers using 9448 MB)
@  2162s  (total 11 workers using 9175 MB)
@  2177s  (total 11 workers using 9172 MB)
@  2190s  (total 11 workers using 9186 MB)
@  2205s  (total 11 workers using 9247 MB)
@  2218s  (total 11 workers using 9231 MB)
@  2233s  (total 11 workers using 9306 MB)
@  2246s  (total 11 workers using 9219 MB)
@  2261s  (total 11 workers using 9232 MB)
@  2275s  (total 11 workers using 9230 MB)
@  2289s  (total 11 workers using 9290 MB)
@  2303s  (total 11 workers using 9308 MB)
@  2318s  (total 11 workers using 9383 MB)
@  2331s  (total 11 workers using 9392 MB)
@  2346s  (total 11 workers using 9490 MB)
@  2359s  (total 11 workers using 9495 MB)
@  2374s  (total 11 workers using 9511 MB)
@  2387s  (total 11 workers using 9573 MB)
@  2403s  (total 11 workers using 9602 MB)
@  2417s  (total 11 workers using 9605 MB)
@  2431s  (total 11 workers using 9676 MB)
@  2445s  (total 11 workers using 9735 MB)
@  2459s  (total 11 workers using 9735 MB)
@  2473s  (total 11 workers using 9735 MB)
@  2487s  (total 11 workers using 9692 MB)
@  2501s  (total 11 workers using 9775 MB)
@  2515s  (total 11 workers using 9723 MB)
@  2529s  (total 11 workers using 9763 MB)
@  2543s  (total 11 workers using 9727 MB)
@  2556s  (total 11 workers using 9772 MB)
@  2571s  (total 11 workers using 9872 MB)
@  2585s  (total 11 workers using 9803 MB)
@  2599s  (total 11 workers using 9910 MB)
@  2613s  (total 11 workers using 9795 MB)
@  2627s  (total 11 workers using 9854 MB)
@  2641s  (total 11 workers using 9887 MB)
@  2655s  (total 11 workers using 9986 MB)
@  2669s  (total 11 workers using 9990 MB)
@  2683s  (total 11 workers using 10078 MB)
@  2696s  (total 11 workers using 10115 MB)
@  2711s  (total 11 workers using 10190 MB)
@  2725s  (total 11 workers using 10238 MB)
@  2739s  (total 11 workers using 10231 MB)
@  2752s  (total 11 workers using 10242 MB)
@  2767s  (total 11 workers using 10263 MB)
@  2780s  (total 11 workers using 10331 MB)
@  2795s  (total 11 workers using 10345 MB)
@  2808s  (total 11 workers using 10378 MB)
@  2823s  (total 11 workers using 10430 MB)
@  2836s  (total 11 workers using 10470 MB)
@  2851s  (total 11 workers using 10526 MB)
@  2864s  (total 11 workers using 10661 MB)
@  2879s  (total 11 workers using 10771 MB)
@  2892s  (total 11 workers using 10759 MB)
@  2907s  (total 11 workers using 10771 MB)
@  2920s  (total 11 workers using 10826 MB)
@  2935s  (total 11 workers using 10795 MB)
@  2948s  (total 11 workers using 10680 MB)
@  2963s  (total 11 workers using 10713 MB)
@  2976s  (total 11 workers using 10690 MB)
@  2991s  (total 11 workers using 10661 MB)
@  3004s  (total 11 workers using 10653 MB)
@  3019s  (total 11 workers using 10905 MB)
@  3032s  (total 11 workers using 10843 MB)
@  3047s  (total 11 workers using 11002 MB)
@  3060s  (total 11 workers using 10990 MB)
@  3075s  (total 11 workers using 10996 MB)
@  3088s  (total 11 workers using 11051 MB)
@  3103s  (total 11 workers using 11103 MB)
@  3116s  (total 11 workers using 11191 MB)
@  3130s  (total 11 workers using 11229 MB)
@  3145s  (total 11 workers using 11282 MB)
@  3159s  (total 11 workers using 11333 MB)
@  3171s  (total 11 workers using 11324 MB)
@  3186s  (total 11 workers using 11376 MB)
@  3200s  (total 11 workers using 11405 MB)
@  3214s  (total 11 workers using 11506 MB)
@  3227s  (total 11 workers using 11630 MB)
@  3242s  (total 11 workers using 11632 MB)
@  3256s  (total 11 workers using 11548 MB)
@  3271s  (total 11 workers using 11584 MB)
@  3285s  (total 11 workers using 11618 MB)
@  3299s  (total 11 workers using 11670 MB)
@  3313s  (total 11 workers using 11730 MB)
@  3328s  (total 11 workers using 11732 MB)
@  3341s  (total 11 workers using 11602 MB)
@  3356s  (total 11 workers using 11540 MB)
@  3369s  (total 11 workers using 11590 MB)
@  3384s  (total 11 workers using 11554 MB)
@  3397s  (total 11 workers using 11596 MB)
@  3412s  (total 11 workers using 11699 MB)
@  3425s  (total 11 workers using 11759 MB)
@  3440s  (total 11 workers using 11764 MB)
@  3454s  (total 11 workers using 11961 MB)
@  3468s  (total 11 workers using 11824 MB)
@  3482s  (total 11 workers using 11864 MB)
@  3497s  (total 11 workers using 11921 MB)
@  3510s  (total 11 workers using 11996 MB)
@  3525s  (total 11 workers using 12115 MB)
@  3539s  (total 11 workers using 12495 MB)
@  3554s  (total 11 workers using 12550 MB)
@  3567s  (total 11 workers using 12364 MB)
@  3575s  (stopping all workers)
@  3575s  (worker 0 finished with result unknown) python3 avr.py -a sa
@  3576s  (worker 2 finished with result unknown) python3 avr.py
@  3576s  (worker 4 finished with result unknown) python3 avr.py -b bin_y2 --bmc
@  3576s  (worker 6 finished with result unknown) python3 avr.py -a sa --interpol 1 -f 1
@  3576s  (worker 8 finished with result unknown) python3 avr.py -l 5 -g 3 -a sa8 --interpol 1 -f 1
@  3576s  (worker 10 finished with result unknown) python3 avr.py --bmc
@  3576s  (worker 1 finished with result unknown) python3 avr.py -b bin_bt_cadical -s --bmc
@  3576s  (worker 5 finished with result unknown) python3 avr.py -b bin_bt_cadical -g 3 -l 0 -a sa32
@  3576s  (worker 9 finished with result unknown) python3 avr.py -b bin_y2 -s -a sa4 --interpol 1 -f 1
@  3576s  (worker 3 finished with result unknown) python3 avr.py -b bin_y2 -s
@  3576s  (worker 7 finished with result unknown) python3 avr.py -s -l 0
@  3576s  (copied results from worker 0 in /scratch/network/hongcez/hwmcc/avr-log/btor2/bv/beem/pr_pgm_protocol.2.prop5-back-serstep)
@  3576s  [0;30;47m(proof race finished with answer unknown in 3575.95 seconds)[m
