AVR -- Proof Race 
copyright (c) 2019  Aman Goel and Karem Sakallah, University of Michigan
@     0s  (starting avr proof race)
@     0s  (output dir: /scratch/network/hongcez/hwmcc/avr-log/btor2/bv/beem/pr_synapse.7.prop1-func-interl)
@     0s  (max 11 workers)
@     0s  (started worker 0 with pid 245833)
@     0s  (started worker 1 with pid 245834)
@     0s  (started worker 2 with pid 245835)
@     0s  (started worker 3 with pid 245836)
@     0s  (started worker 4 with pid 245837)
@     0s  (spawned 5 workers)
@     0s  (total 5 workers using 0 MB)
@     1s  (started worker 5 with pid 245951)
@     1s  (spawned 1 workers)
@     1s  (total 6 workers using 332 MB)
@     2s  (started worker 6 with pid 245991)
@     2s  (spawned 1 workers)
@     2s  (total 7 workers using 526 MB)
@     3s  (started worker 7 with pid 246034)
@     3s  (spawned 1 workers)
@     3s  (total 8 workers using 693 MB)
@     6s  (started worker 8 with pid 246081)
@     6s  (spawned 1 workers)
@     6s  (total 9 workers using 917 MB)
@     9s  (started worker 9 with pid 246140)
@     9s  (spawned 1 workers)
@     9s  (total 10 workers using 1077 MB)
@    13s  (started worker 10 with pid 246192)
@    13s  (spawned 1 workers)
@    13s  (total 11 workers using 1211 MB)
@    25s  (total 11 workers using 1633 MB)
@    42s  (total 11 workers using 1984 MB)
@    59s  (total 11 workers using 2399 MB)
@    73s  (total 11 workers using 2624 MB)
@    88s  (total 11 workers using 2753 MB)
@   104s  (total 11 workers using 2895 MB)
@   117s  (total 11 workers using 3107 MB)
@   131s  (total 11 workers using 3310 MB)
@   145s  (total 11 workers using 3438 MB)
@   160s  (total 11 workers using 3522 MB)
@   173s  (total 11 workers using 3744 MB)
@   188s  (total 11 workers using 3881 MB)
@   201s  (total 11 workers using 3962 MB)
@   216s  (total 11 workers using 4050 MB)
@   229s  (total 11 workers using 4493 MB)
@   243s  (total 11 workers using 4582 MB)
@   257s  (total 11 workers using 4664 MB)
@   272s  (total 11 workers using 4785 MB)
@   285s  (total 11 workers using 4943 MB)
@   300s  (total 11 workers using 5006 MB)
@   313s  (total 11 workers using 5051 MB)
@   328s  (total 11 workers using 5244 MB)
@   342s  (total 11 workers using 5102 MB)
@   357s  (total 11 workers using 5252 MB)
@   371s  (total 11 workers using 5379 MB)
@   386s  (total 11 workers using 5496 MB)
@   399s  (total 11 workers using 5565 MB)
@   414s  (total 11 workers using 5882 MB)
@   428s  (total 11 workers using 5843 MB)
@   443s  (total 11 workers using 5908 MB)
@   457s  (total 11 workers using 6132 MB)
@   471s  (total 11 workers using 6203 MB)
@   485s  (total 11 workers using 6332 MB)
@   500s  (total 11 workers using 6416 MB)
@   514s  (total 11 workers using 6450 MB)
@   529s  (total 11 workers using 6580 MB)
@   543s  (total 11 workers using 6668 MB)
@   558s  (total 11 workers using 6956 MB)
@   571s  (total 11 workers using 6621 MB)
@   586s  (total 11 workers using 6814 MB)
@   600s  (total 11 workers using 6943 MB)
@   615s  (total 11 workers using 7006 MB)
@   629s  (total 11 workers using 7175 MB)
@   644s  (total 11 workers using 7262 MB)
@   657s  (total 11 workers using 7390 MB)
@   672s  (total 11 workers using 7472 MB)
@   686s  (total 11 workers using 7567 MB)
@   701s  (total 11 workers using 7698 MB)
@   715s  (total 11 workers using 7777 MB)
@   730s  (total 11 workers using 7958 MB)
@   744s  (total 11 workers using 8137 MB)
@   759s  (total 11 workers using 8556 MB)
@   772s  (total 11 workers using 8567 MB)
@   787s  (total 11 workers using 8638 MB)
@   801s  (total 11 workers using 8760 MB)
@   816s  (total 11 workers using 8806 MB)
@   829s  (total 11 workers using 8889 MB)
@   844s  (total 11 workers using 9078 MB)
@   858s  (total 11 workers using 9103 MB)
@   873s  (total 11 workers using 9222 MB)
@   886s  (total 11 workers using 9347 MB)
@   902s  (total 11 workers using 9365 MB)
@   915s  (total 11 workers using 9419 MB)
@   930s  (total 11 workers using 9506 MB)
@   944s  (total 11 workers using 9561 MB)
@   959s  (total 11 workers using 9652 MB)
@   973s  (total 11 workers using 9778 MB)
@   988s  (total 11 workers using 9951 MB)
@  1002s  (total 11 workers using 10117 MB)
@  1017s  (total 11 workers using 10446 MB)
@  1030s  (total 11 workers using 10219 MB)
@  1045s  (total 11 workers using 10395 MB)
@  1059s  (total 11 workers using 10549 MB)
@  1074s  (total 11 workers using 10742 MB)
@  1087s  (total 11 workers using 10913 MB)
@  1103s  (total 11 workers using 11045 MB)
@  1116s  (total 11 workers using 11124 MB)
@  1131s  (total 11 workers using 11220 MB)
@  1145s  (total 11 workers using 11276 MB)
@  1160s  (total 11 workers using 11335 MB)
@  1173s  (total 11 workers using 11405 MB)
@  1188s  (total 11 workers using 11485 MB)
@  1202s  (total 11 workers using 11575 MB)
@  1217s  (total 11 workers using 11944 MB)
@  1231s  (total 11 workers using 12031 MB)
@  1246s  (total 11 workers using 12101 MB)
@  1259s  (total 11 workers using 12192 MB)
@  1274s  (total 11 workers using 12164 MB)
@  1288s  (total 11 workers using 11999 MB)
@  1303s  (total 11 workers using 12046 MB)
@  1316s  (total 11 workers using 12089 MB)
@  1332s  (total 11 workers using 12302 MB)
@  1345s  (total 11 workers using 12347 MB)
@  1360s  (total 11 workers using 12387 MB)
@  1374s  (total 11 workers using 12407 MB)
@  1390s  (total 11 workers using 12402 MB)
@  1403s  (total 11 workers using 12467 MB)
@  1418s  (total 11 workers using 12545 MB)
@  1432s  (total 11 workers using 12606 MB)
@  1447s  (total 11 workers using 12669 MB)
@  1460s  (total 11 workers using 12946 MB)
@  1475s  (total 11 workers using 12890 MB)
@  1489s  (total 11 workers using 12936 MB)
@  1504s  (total 11 workers using 12996 MB)
@  1518s  (total 11 workers using 13061 MB)
@  1533s  (total 11 workers using 13175 MB)
@  1547s  (total 11 workers using 13204 MB)
@  1562s  (total 11 workers using 13343 MB)
@  1576s  (total 11 workers using 13406 MB)
@  1591s  (total 11 workers using 13469 MB)
@  1604s  (total 11 workers using 13542 MB)
@  1620s  (total 11 workers using 13617 MB)
@  1633s  (total 11 workers using 13689 MB)
@  1649s  (total 11 workers using 13767 MB)
@  1662s  (total 11 workers using 13841 MB)
@  1677s  (total 11 workers using 13981 MB)
@  1690s  (total 11 workers using 14215 MB)
@  1706s  (total 11 workers using 14256 MB)
@  1719s  (total 11 workers using 14481 MB)
@  1734s  (total 11 workers using 14628 MB)
@  1747s  (total 11 workers using 14760 MB)
@  1763s  (total 11 workers using 14641 MB)
@  1776s  (total 11 workers using 14704 MB)
@  1791s  (total 11 workers using 14757 MB)
@  1805s  (total 11 workers using 14835 MB)
@  1820s  (total 11 workers using 14931 MB)
@  1833s  (total 11 workers using 15006 MB)
@  1848s  (total 11 workers using 15063 MB)
@  1862s  (total 11 workers using 15168 MB)
@  1876s  (total 11 workers using 15285 MB)
@  1890s  (total 11 workers using 15506 MB)
@  1905s  (total 11 workers using 15690 MB)
@  1919s  (total 11 workers using 15743 MB)
@  1933s  (total 11 workers using 15812 MB)
@  1947s  (total 11 workers using 15889 MB)
@  1962s  (total 11 workers using 15986 MB)
@  1975s  (total 11 workers using 16043 MB)
@  1991s  (total 11 workers using 15651 MB)
@  2004s  (total 11 workers using 15738 MB)
@  2019s  (total 11 workers using 15817 MB)
@  2033s  (total 11 workers using 15901 MB)
@  2048s  (total 11 workers using 15972 MB)
@  2061s  (total 11 workers using 16038 MB)
@  2076s  (total 11 workers using 16115 MB)
@  2090s  (total 11 workers using 16215 MB)
@  2105s  (total 11 workers using 16299 MB)
@  2118s  (total 11 workers using 16581 MB)
@  2133s  (total 11 workers using 16646 MB)
@  2147s  (total 11 workers using 16699 MB)
@  2162s  (total 11 workers using 16792 MB)
@  2176s  (total 11 workers using 16886 MB)
@  2191s  (total 11 workers using 16966 MB)
@  2204s  (total 11 workers using 17024 MB)
@  2219s  (total 11 workers using 17085 MB)
@  2233s  (total 11 workers using 17140 MB)
@  2248s  (total 11 workers using 17214 MB)
@  2262s  (total 11 workers using 17291 MB)
@  2277s  (total 11 workers using 17387 MB)
@  2290s  (total 11 workers using 17463 MB)
@  2305s  (total 11 workers using 17626 MB)
@  2319s  (total 11 workers using 17699 MB)
@  2334s  (total 11 workers using 17763 MB)
@  2347s  (total 11 workers using 17749 MB)
@  2362s  (total 11 workers using 17676 MB)
@  2376s  (total 11 workers using 17749 MB)
@  2391s  (total 11 workers using 17815 MB)
@  2405s  (total 11 workers using 17865 MB)
@  2420s  (total 11 workers using 17981 MB)
@  2433s  (total 11 workers using 18324 MB)
@  2448s  (total 11 workers using 18369 MB)
@  2462s  (total 11 workers using 18399 MB)
@  2477s  (total 11 workers using 18466 MB)
@  2490s  (total 11 workers using 18526 MB)
@  2506s  (total 11 workers using 18589 MB)
@  2519s  (total 11 workers using 18670 MB)
@  2534s  (total 11 workers using 18741 MB)
@  2548s  (total 11 workers using 18828 MB)
@  2563s  (total 11 workers using 18911 MB)
@  2576s  (total 11 workers using 18977 MB)
@  2591s  (total 11 workers using 19148 MB)
@  2606s  (total 11 workers using 19217 MB)
@  2620s  (total 11 workers using 19278 MB)
@  2634s  (total 11 workers using 19372 MB)
@  2649s  (total 11 workers using 19383 MB)
@  2663s  (total 11 workers using 19437 MB)
@  2677s  (total 11 workers using 19494 MB)
@  2691s  (total 11 workers using 19550 MB)
@  2706s  (total 11 workers using 19620 MB)
@  2720s  (total 11 workers using 19680 MB)
@  2734s  (total 11 workers using 19835 MB)
@  2748s  (total 11 workers using 19879 MB)
@  2763s  (total 11 workers using 19944 MB)
@  2777s  (total 11 workers using 20005 MB)
@  2791s  (total 11 workers using 19989 MB)
@  2805s  (total 11 workers using 20045 MB)
@  2820s  (total 11 workers using 20104 MB)
@  2834s  (total 11 workers using 20151 MB)
@  2849s  (total 11 workers using 20185 MB)
@  2862s  (total 11 workers using 20228 MB)
@  2877s  (total 11 workers using 20291 MB)
@  2891s  (total 11 workers using 20342 MB)
@  2906s  (total 11 workers using 20397 MB)
@  2919s  (total 11 workers using 20452 MB)
@  2934s  (total 11 workers using 20523 MB)
@  2948s  (total 11 workers using 20577 MB)
@  2963s  (total 11 workers using 20625 MB)
@  2977s  (total 11 workers using 20689 MB)
@  2991s  (total 11 workers using 20763 MB)
@  3005s  (total 11 workers using 20838 MB)
@  3020s  (total 11 workers using 20920 MB)
@  3034s  (total 11 workers using 20997 MB)
@  3049s  (total 11 workers using 21070 MB)
@  3063s  (total 11 workers using 21146 MB)
@  3078s  (total 11 workers using 21238 MB)
@  3091s  (total 11 workers using 21315 MB)
@  3106s  (total 11 workers using 21397 MB)
@  3119s  (total 11 workers using 21439 MB)
@  3134s  (total 11 workers using 21504 MB)
@  3148s  (total 11 workers using 21584 MB)
@  3163s  (total 11 workers using 21715 MB)
@  3176s  (total 11 workers using 21783 MB)
@  3192s  (total 11 workers using 22025 MB)
@  3206s  (total 11 workers using 22002 MB)
@  3221s  (total 11 workers using 22045 MB)
@  3235s  (total 11 workers using 21592 MB)
@  3250s  (total 11 workers using 21632 MB)
@  3263s  (total 11 workers using 21624 MB)
@  3278s  (total 11 workers using 21726 MB)
@  3292s  (total 11 workers using 21745 MB)
@  3307s  (total 11 workers using 21779 MB)
@  3321s  (total 11 workers using 21846 MB)
@  3336s  (total 11 workers using 21951 MB)
@  3350s  (total 11 workers using 22034 MB)
@  3365s  (total 11 workers using 22119 MB)
@  3378s  (total 11 workers using 22164 MB)
@  3393s  (total 11 workers using 22214 MB)
@  3407s  (total 11 workers using 22278 MB)
@  3422s  (total 11 workers using 22327 MB)
@  3435s  (total 11 workers using 22385 MB)
@  3450s  (total 11 workers using 22445 MB)
@  3464s  (total 11 workers using 22922 MB)
@  3479s  (total 11 workers using 22962 MB)
@  3492s  (total 11 workers using 23002 MB)
@  3507s  (total 11 workers using 23055 MB)
@  3521s  (total 11 workers using 23103 MB)
@  3536s  (total 11 workers using 23187 MB)
@  3550s  (total 11 workers using 23259 MB)
@  3564s  (total 11 workers using 23330 MB)
@  3575s  (stopping all workers)
@  3575s  (worker 0 finished with result unknown) python3 avr.py -a sa
@  3575s  (worker 2 finished with result unknown) python3 avr.py
@  3575s  (worker 4 finished with result unknown) python3 avr.py -b bin_y2 --bmc
@  3575s  (worker 6 finished with result unknown) python3 avr.py -a sa --interpol 1 -f 1
@  3575s  (worker 8 finished with result unknown) python3 avr.py -l 5 -g 3 -a sa8 --interpol 1 -f 1
@  3575s  (worker 10 finished with result unknown) python3 avr.py --bmc
@  3576s  (worker 1 finished with result unknown) python3 avr.py -b bin_bt_cadical -s --bmc
@  3576s  (worker 5 finished with result unknown) python3 avr.py -b bin_bt_cadical -g 3 -l 0 -a sa32
@  3576s  (worker 9 finished with result unknown) python3 avr.py -b bin_y2 -s -a sa4 --interpol 1 -f 1
@  3576s  (worker 3 finished with result unknown) python3 avr.py -b bin_y2 -s
@  3576s  (worker 7 finished with result unknown) python3 avr.py -s -l 0
@  3576s  (copied results from worker 0 in /scratch/network/hongcez/hwmcc/avr-log/btor2/bv/beem/pr_synapse.7.prop1-func-interl)
@  3576s  [0;30;47m(proof race finished with answer unknown in 3575.89 seconds)[m
