	(output dir: /scratch/network/hongcez/hwmcc/avr-log/btor2/bv/beem/pr_telephony.6.prop1-func-interl/work_w1)
	(frontend: btor2)
	(property: all (1 assertions))
	(217 / 217 flops initialized)
	(abstraction: sa+uf)
	(bmc: safe till step 0)
	(bmc: safe till step 10)
	(bmc: found cex at step 19)
   0	: 0	: 0 s: 0    87s                  

AVR -- Proof Race 
copyright (c) 2019  Aman Goel and Karem Sakallah, University of Michigan
@     0s  (starting avr proof race)
@     0s  (output dir: /scratch/network/hongcez/hwmcc/avr-log/btor2/bv/beem/pr_telephony.6.prop1-func-interl)
@     0s  (max 11 workers)
@     0s  (started worker 0 with pid 159773)
@     0s  (started worker 1 with pid 159774)
@     0s  (started worker 2 with pid 159775)
@     0s  (started worker 3 with pid 159776)
@     0s  (started worker 4 with pid 159777)
@     0s  (spawned 5 workers)
@     0s  (total 5 workers using 0 MB)
@     1s  (started worker 5 with pid 159891)
@     1s  (spawned 1 workers)
@     1s  (total 6 workers using 252 MB)
@     2s  (started worker 6 with pid 159951)
@     2s  (spawned 1 workers)
@     2s  (total 7 workers using 373 MB)
@     4s  (started worker 7 with pid 159996)
@     4s  (spawned 1 workers)
@     4s  (total 8 workers using 486 MB)
@     7s  (started worker 8 with pid 160070)
@     7s  (spawned 1 workers)
@     7s  (total 9 workers using 677 MB)
@    11s  (started worker 9 with pid 160141)
@    11s  (spawned 1 workers)
@    11s  (total 10 workers using 745 MB)
@    14s  (started worker 10 with pid 160212)
@    14s  (spawned 1 workers)
@    14s  (total 11 workers using 831 MB)
@    27s  (total 11 workers using 1212 MB)
@    44s  (total 11 workers using 1427 MB)
@    61s  (total 11 workers using 1646 MB)
@    75s  (total 11 workers using 1742 MB)
@    89s  (worker 1 finished with result unsafe) python3 avr.py -b bin_bt_cadical -s --bmc
@    90s  (worker 1 output)
@    90s  (stopping all workers)
@    90s  (copied results from worker 1 in /scratch/network/hongcez/hwmcc/avr-log/btor2/bv/beem/pr_telephony.6.prop1-func-interl)
@    90s  [0;30;47m(proof race finished with answer unsafe in 89.59 seconds)[m
