sat
b0
#0
0 0000000000000000 v_c@0
1 0000000000000000 v_x1@0
2 0000000000000000 v_x2@0
3 0 a_Q_a1@0
4 0 a_R_a1@0
5 0 a_S_a1@0
6 0 a_Q_a2@0
7 0 a_R_a2@0
8 0 a_S_a2@0
9 0 dve_invalid@0
@0
0 0 f5@0
1 0 f2@0
2 0 f1@0
3 0 f0@0
4 0 f4@0
5 1 f3@0
@1
0 0 f5@1
1 0 f2@1
2 0 f1@1
3 1 f0@1
4 0 f4@1
5 0 f3@1
@2
0 0 f5@2
1 0 f2@2
2 1 f1@2
3 0 f0@2
4 0 f4@2
5 0 f3@2
@3
0 0 f5@3
1 1 f2@3
2 0 f1@3
3 0 f0@3
4 0 f4@3
5 0 f3@3
@4
0 0 f5@4
1 0 f2@4
2 0 f1@4
3 1 f0@4
4 0 f4@4
5 0 f3@4
@5
0 0 f5@5
1 0 f2@5
2 1 f1@5
3 0 f0@5
4 0 f4@5
5 0 f3@5
@6
0 0 f5@6
1 1 f2@6
2 0 f1@6
3 0 f0@6
4 0 f4@6
5 0 f3@6
@7
0 0 f5@7
1 0 f2@7
2 0 f1@7
3 1 f0@7
4 0 f4@7
5 0 f3@7
@8
0 0 f5@8
1 0 f2@8
2 1 f1@8
3 0 f0@8
4 0 f4@8
5 0 f3@8
@9
0 0 f5@9
1 1 f2@9
2 0 f1@9
3 0 f0@9
4 0 f4@9
5 0 f3@9
@10
0 0 f5@10
1 0 f2@10
2 0 f1@10
3 0 f0@10
4 1 f4@10
5 0 f3@10
@11
0 0 f5@11
1 0 f2@11
2 0 f1@11
3 1 f0@11
4 0 f4@11
5 0 f3@11
@12
0 1 f5@12
1 0 f2@12
2 0 f1@12
3 0 f0@12
4 0 f4@12
5 0 f3@12
@13
0 0 f5@13
1 0 f2@13
2 0 f1@13
3 0 f0@13
4 0 f4@13
5 1 f3@13
@14
0 0 f5@14
1 0 f2@14
2 1 f1@14
3 0 f0@14
4 0 f4@14
5 0 f3@14
@15
0 0 f5@15
1 1 f2@15
2 0 f1@15
3 0 f0@15
4 0 f4@15
5 0 f3@15
@16
0 0 f5@16
1 0 f2@16
2 0 f1@16
3 0 f0@16
4 1 f4@16
5 0 f3@16
@17
0 0 f5@17
1 0 f2@17
2 0 f1@17
3 1 f0@17
4 0 f4@17
5 0 f3@17
@18
0 1 f5@18
1 0 f2@18
2 0 f1@18
3 0 f0@18
4 0 f4@18
5 0 f3@18
@19
0 0 f5@19
1 0 f2@19
2 0 f1@19
3 0 f0@19
4 0 f4@19
5 1 f3@19
@20
0 0 f5@20
1 0 f2@20
2 0 f1@20
3 0 f0@20
4 1 f4@20
5 0 f3@20
@21
0 1 f5@21
1 0 f2@21
2 0 f1@21
3 0 f0@21
4 0 f4@21
5 0 f3@21
@22
0 0 f5@22
1 0 f2@22
2 0 f1@22
3 0 f0@22
4 0 f4@22
5 1 f3@22
@23
0 0 f5@23
1 0 f2@23
2 0 f1@23
3 0 f0@23
4 1 f4@23
5 0 f3@23
@24
0 1 f5@24
1 0 f2@24
2 0 f1@24
3 0 f0@24
4 0 f4@24
5 0 f3@24
@25
0 0 f5@25
1 0 f2@25
2 0 f1@25
3 0 f0@25
4 0 f4@25
5 1 f3@25
@26
0 0 f5@26
1 0 f2@26
2 0 f1@26
3 0 f0@26
4 1 f4@26
5 0 f3@26
@27
0 1 f5@27
1 0 f2@27
2 0 f1@27
3 0 f0@27
4 0 f4@27
5 0 f3@27
@28
0 0 f5@28
1 0 f2@28
2 0 f1@28
3 0 f0@28
4 0 f4@28
5 1 f3@28
@29
0 0 f5@29
1 0 f2@29
2 0 f1@29
3 0 f0@29
4 1 f4@29
5 0 f3@29
@30
0 1 f5@30
1 0 f2@30
2 0 f1@30
3 0 f0@30
4 0 f4@30
5 0 f3@30
@31
0 0 f5@31
1 0 f2@31
2 0 f1@31
3 0 f0@31
4 0 f4@31
5 1 f3@31
@32
0 0 f5@32
1 0 f2@32
2 0 f1@32
3 0 f0@32
4 1 f4@32
5 0 f3@32
@33
0 1 f5@33
1 0 f2@33
2 0 f1@33
3 0 f0@33
4 0 f4@33
5 0 f3@33
@34
0 0 f5@34
1 0 f2@34
2 1 f1@34
3 0 f0@34
4 0 f4@34
5 0 f3@34
@35
0 0 f5@35
1 1 f2@35
2 0 f1@35
3 0 f0@35
4 0 f4@35
5 0 f3@35
@36
0 0 f5@36
1 0 f2@36
2 0 f1@36
3 0 f0@36
4 0 f4@36
5 0 f3@36
.

