sat
b0
#0
0 0 ref_uut.trap_gold@0
1 0 ref_uut.trap_gate@0
2 1 ref_uut.mem_valid_gold@0
3 0 ref_uut.mem_valid_gate@0
4 0 ref_uut.mem_instr_gold@0
5 0 ref_uut.mem_instr_gate@0
6 00000000000000000000000000000000 ref_uut.mem_addr_gold@0
7 00000000000000000000000000000000 ref_uut.mem_addr_gate@0
8 1100 ref_uut.mem_wstrb_gold@0
9 0000 ref_uut.mem_wstrb_gate@0
10 00000000000000000000000000000000 ref_uut.mem_wdata_gold@0
11 00000000000000000000000000000000 ref_uut.mem_wdata_gate@0
12 1 state82@0
13 10011000111010101101011000000000 ref_uut.reg_next_pc_gold@0
14 10 ref_uut.irq_state_gold@0
15 00000000000000000000000000000000 ref_uut.reg_out_gold@0
16 11111111111111111111111111111110 ref_uut.alu_out_q_gold@0
17 1 ref_uut.latched_stalu_gold@0
18 0 ref_uut.latched_store_gold@0
19 0 ref_uut.latched_branch_gold@0
20 0 ref_uut.compressed_instr_gold@0
21 00000000000000000000000000000000 ref_uut.reg_next_pc_gate@0
22 10 ref_uut.irq_state_gate@0
23 01111111100111011011100111111110 ref_uut.reg_out_gate@0
24 10011000111010101101010111111100 ref_uut.alu_out_q_gate@0
25 1 ref_uut.latched_stalu_gate@0
26 1 ref_uut.latched_store_gate@0
27 1 ref_uut.latched_branch_gate@0
28 1 ref_uut.compressed_instr_gate@0
29 0 ref_uut.mem_do_prefetch_gold@0
30 1 ref_uut.mem_do_rinst_gold@0
31 0 ref_uut.mem_la_secondword_gold@0
32 0 ref_uut.prefetched_high_word_gold@0
33 0 ref_uut.clear_prefetched_high_word_q_gold@0
34 0 ref_uut.mem_la_firstword_reg_gold@0
35 1 ref_uut.last_mem_valid_gold@0
36 0 ref_uut.mem_do_prefetch_gate@0
37 1 ref_uut.mem_do_rinst_gate@0
38 0 ref_uut.mem_la_secondword_gate@0
39 0 ref_uut.prefetched_high_word_gate@0
40 0 ref_uut.clear_prefetched_high_word_q_gate@0
41 0 ref_uut.mem_la_firstword_reg_gate@0
42 1 ref_uut.last_mem_valid_gate@0
43 0000 state213@0
44 01111111111111111111111111110010 ref_uut.reg_op1_gold@0
45 11 ref_uut.mem_wordsize_gold@0
46 10 ref_uut.mem_state_gold@0
47 0 ref_uut.mem_do_wdata_gold@0
48 0000 state245@0
49 01111111111111111111111111110010 ref_uut.reg_op1_gate@0
50 11 ref_uut.mem_wordsize_gate@0
51 10 ref_uut.mem_state_gate@0
52 0 ref_uut.mem_do_wdata_gate@0
53 11111111111111111111111111100111 ref_uut.mem_rdata_q_gold@0
54 0000000000001000 ref_uut.mem_16bit_buffer_gold@0
55 00001000000000000100000001000000 ref_uut.mem_rdata_q_gate@0
56 0000100000000000 ref_uut.mem_16bit_buffer_gate@0
57 11000000 ref_uut.cpu_state_gold@0
58 00010000 ref_uut.cpu_state_gate@0
59 10000000000000000000000000000100 ref_uut.timer_gold@0
60 01000000000000000000000000010000 ref_uut.timer_gate@0
61 0 ref_uut.is_alu_reg_imm_gold@0
62 0 ref_uut.is_alu_reg_imm_gate@0
63 0 ref_uut.is_alu_reg_reg_gold@0
64 0 ref_uut.is_alu_reg_reg_gate@0
65 1 ref_uut.decoder_trigger_gold@0
66 1 ref_uut.do_waitirq_gold@0
67 1 ref_uut.decoder_trigger_gate@0
68 0 ref_uut.do_waitirq_gate@0
69 0 ref_uut.irq_active_gold@0
70 1 ref_uut.irq_delay_gold@0
71 1 ref_uut.irq_active_gate@0
72 0 ref_uut.irq_delay_gate@0
73 00000000000000000000000000000000 ref_uut.irq_pending_gold@0
74 00000000000000000000000000000110 ref_uut.irq_mask_gold@0
75 11111111110110011101110110011000 ref_uut.irq_pending_gate@0
76 10000000000000000100010000000000 ref_uut.irq_mask_gate@0
77 1 ref_uut.instr_jalr_gold@0
78 0 ref_uut.instr_retirq_gold@0
79 1 ref_uut.instr_jalr_gate@0
80 0 ref_uut.instr_retirq_gate@0
81 0 ref_uut.mem_do_rdata_gold@0
82 0 ref_uut.mem_do_rdata_gate@0
83 00000000000000000000000000000000 ref_uut.reg_op2_gold@0
84 00000000000000000000000000000000 ref_uut.reg_op2_gate@0
85 1 ref_uut.instr_timer_gold@0
86 1 ref_uut.instr_waitirq_gold@0
87 0 ref_uut.instr_maskirq_gold@0
88 0 ref_uut.instr_rdinstrh_gold@0
89 0 ref_uut.instr_rdinstr_gold@0
90 0 ref_uut.instr_rdcycleh_gold@0
91 0 ref_uut.instr_rdcycle_gold@0
92 0 ref_uut.instr_and_gold@0
93 0 ref_uut.instr_or_gold@0
94 1 ref_uut.instr_sra_gold@0
95 1 ref_uut.instr_srl_gold@0
96 0 ref_uut.instr_xor_gold@0
97 0 ref_uut.instr_sltu_gold@0
98 0 ref_uut.instr_slt_gold@0
99 1 ref_uut.instr_sll_gold@0
100 0 ref_uut.instr_sub_gold@0
101 0 ref_uut.instr_add_gold@0
102 0 ref_uut.instr_srai_gold@0
103 0 ref_uut.instr_srli_gold@0
104 0 ref_uut.instr_slli_gold@0
105 0 ref_uut.instr_andi_gold@0
106 0 ref_uut.instr_ori_gold@0
107 0 ref_uut.instr_xori_gold@0
108 0 ref_uut.instr_sltiu_gold@0
109 0 ref_uut.instr_slti_gold@0
110 0 ref_uut.instr_addi_gold@0
111 0 ref_uut.instr_sw_gold@0
112 0 ref_uut.instr_sh_gold@0
113 0 ref_uut.instr_sb_gold@0
114 0 ref_uut.instr_lhu_gold@0
115 0 ref_uut.instr_lbu_gold@0
116 0 ref_uut.instr_lw_gold@0
117 0 ref_uut.instr_lh_gold@0
118 0 ref_uut.instr_lb_gold@0
119 0 ref_uut.instr_bgeu_gold@0
120 0 ref_uut.instr_bltu_gold@0
121 0 ref_uut.instr_bge_gold@0
122 0 ref_uut.instr_blt_gold@0
123 0 ref_uut.instr_bne_gold@0
124 0 ref_uut.instr_beq_gold@0
125 1 ref_uut.instr_jal_gold@0
126 1 ref_uut.instr_auipc_gold@0
127 0 ref_uut.instr_lui_gold@0
128 0 ref_uut.instr_timer_gate@0
129 0 ref_uut.instr_waitirq_gate@0
130 0 ref_uut.instr_maskirq_gate@0
131 0 ref_uut.instr_rdinstrh_gate@0
132 0 ref_uut.instr_rdinstr_gate@0
133 0 ref_uut.instr_rdcycleh_gate@0
134 0 ref_uut.instr_rdcycle_gate@0
135 0 ref_uut.instr_and_gate@0
136 0 ref_uut.instr_or_gate@0
137 1 ref_uut.instr_sra_gate@0
138 1 ref_uut.instr_srl_gate@0
139 0 ref_uut.instr_xor_gate@0
140 0 ref_uut.instr_sltu_gate@0
141 0 ref_uut.instr_slt_gate@0
142 1 ref_uut.instr_sll_gate@0
143 0 ref_uut.instr_sub_gate@0
144 0 ref_uut.instr_add_gate@0
145 0 ref_uut.instr_srai_gate@0
146 0 ref_uut.instr_srli_gate@0
147 0 ref_uut.instr_slli_gate@0
148 0 ref_uut.instr_andi_gate@0
149 0 ref_uut.instr_ori_gate@0
150 0 ref_uut.instr_xori_gate@0
151 0 ref_uut.instr_sltiu_gate@0
152 0 ref_uut.instr_slti_gate@0
153 0 ref_uut.instr_addi_gate@0
154 0 ref_uut.instr_sw_gate@0
155 0 ref_uut.instr_sh_gate@0
156 0 ref_uut.instr_sb_gate@0
157 0 ref_uut.instr_lhu_gate@0
158 0 ref_uut.instr_lbu_gate@0
159 0 ref_uut.instr_lw_gate@0
160 0 ref_uut.instr_lh_gate@0
161 0 ref_uut.instr_lb_gate@0
162 0 ref_uut.instr_bgeu_gate@0
163 0 ref_uut.instr_bltu_gate@0
164 0 ref_uut.instr_bge_gate@0
165 0 ref_uut.instr_blt_gate@0
166 0 ref_uut.instr_bne_gate@0
167 0 ref_uut.instr_beq_gate@0
168 1 ref_uut.instr_jal_gate@0
169 1 ref_uut.instr_auipc_gate@0
170 0 ref_uut.instr_lui_gate@0
171 1 state3555@0
172 1 state3573@0
173 111111111111111111111111111111 state3581@0
174 00000000000000000000000000000000 ref_uut.reg_pc_gold@0
175 0 state3605@0
176 0 state3622@0
177 000000000000000000000000000000 state3630@0
178 00000000000000000000000000000000 ref_uut.reg_pc_gate@0
179 0 state3724@0
180 0 ref_uut.is_sltiu_bltu_sltu_gold@0
181 0 ref_uut.is_slti_blt_slt_gold@0
182 0 ref_uut.is_beq_bne_blt_bge_bltu_bgeu_gold@0
183 0 state3738@0
184 0 ref_uut.is_sltiu_bltu_sltu_gate@0
185 0 ref_uut.is_slti_blt_slt_gate@0
186 0 ref_uut.is_beq_bne_blt_bge_bltu_bgeu_gate@0
187 00010 ref_uut.reg_sh_gold@0
188 00100 ref_uut.reg_sh_gate@0
189 0 ref_uut.is_sb_sh_sw_gold@0
190 0 ref_uut.is_jalr_addi_slti_sltiu_xori_ori_andi_gold@0
191 1 ref_uut.is_lui_auipc_jal_gold@0
192 0 ref_uut.is_slli_srli_srai_gold@0
193 0 ref_uut.is_lb_lh_lw_lbu_lhu_gold@0
194 0 ref_uut.is_sb_sh_sw_gate@0
195 0 ref_uut.is_jalr_addi_slti_sltiu_xori_ori_andi_gate@0
196 1 ref_uut.is_lui_auipc_jal_gate@0
197 0 ref_uut.is_slli_srli_srai_gate@0
198 0 ref_uut.is_lb_lh_lw_lbu_lhu_gate@0
199 00000000000000000000000000000000 $memory\ref_uut.cpuregs_gold[0]$q$7837@0
200 00000000000000000000000000000000 $memory\ref_uut.cpuregs_gold[1]$q$7840@0
201 00000 ref_uut.decoded_rs1_gold@0
202 00000000000000000000000000000000 $memory\ref_uut.cpuregs_gold[2]$q$7843@0
203 00000000000000000000000000000000 $memory\ref_uut.cpuregs_gold[3]$q$7846@0
204 00000000000000000000000000000000 $memory\ref_uut.cpuregs_gold[4]$q$7849@0
205 00000000000000000000000000000000 $memory\ref_uut.cpuregs_gold[5]$q$7852@0
206 00000000000000000000000000000000 $memory\ref_uut.cpuregs_gold[6]$q$7855@0
207 00000000000000000000000000000000 $memory\ref_uut.cpuregs_gold[7]$q$7858@0
208 00000000000000000000000000000000 $memory\ref_uut.cpuregs_gold[8]$q$7861@0
209 00000000000000000000000000000000 $memory\ref_uut.cpuregs_gold[9]$q$7864@0
210 00000000000000000000000000000000 $memory\ref_uut.cpuregs_gold[10]$q$7867@0
211 00000000000000000000000000000000 $memory\ref_uut.cpuregs_gold[11]$q$7870@0
212 00000000000000000000000000000000 $memory\ref_uut.cpuregs_gold[12]$q$7873@0
213 00000000000000000000000000000000 $memory\ref_uut.cpuregs_gold[13]$q$7876@0
214 00000000000000000000000000000000 $memory\ref_uut.cpuregs_gold[14]$q$7879@0
215 00000000000000000000000000000000 $memory\ref_uut.cpuregs_gold[15]$q$7882@0
216 00000000000000000000000000000000 $memory\ref_uut.cpuregs_gold[16]$q$7885@0
217 00000000000000000000000000000000 $memory\ref_uut.cpuregs_gold[17]$q$7888@0
218 00000000000000000000000000000000 $memory\ref_uut.cpuregs_gold[18]$q$7891@0
219 00000000000000000000000000000000 $memory\ref_uut.cpuregs_gold[19]$q$7894@0
220 00000000000000000000000000000000 $memory\ref_uut.cpuregs_gold[20]$q$7897@0
221 00000000000000000000000000000000 $memory\ref_uut.cpuregs_gold[21]$q$7900@0
222 00000000000000000000000000000000 $memory\ref_uut.cpuregs_gold[22]$q$7903@0
223 00000000000000000000000000000000 $memory\ref_uut.cpuregs_gold[23]$q$7906@0
224 00000000000000000000000000000000 $memory\ref_uut.cpuregs_gold[24]$q$7909@0
225 00000000000000000000000000000000 $memory\ref_uut.cpuregs_gold[25]$q$7912@0
226 00000000000000000000000000000000 $memory\ref_uut.cpuregs_gold[26]$q$7915@0
227 00000000000000000000000000000000 $memory\ref_uut.cpuregs_gold[27]$q$7918@0
228 00000000000000000000000000000000 $memory\ref_uut.cpuregs_gold[28]$q$7921@0
229 00000000000000000000000000000000 $memory\ref_uut.cpuregs_gold[29]$q$7924@0
230 00000000000000000000000000000000 $memory\ref_uut.cpuregs_gold[30]$q$7927@0
231 00000000000000000000000000000000 $memory\ref_uut.cpuregs_gold[31]$q$7930@0
232 00000000000000000000000000000000 ref_uut.cpuregs[0]@0
233 00000000000000000000000000000000 ref_uut.cpuregs[1]@0
234 00000 ref_uut.decoded_rs1_gate@0
235 00000000000000000000000000000000 ref_uut.cpuregs[2]@0
236 00000000000000000000000000000000 ref_uut.cpuregs[3]@0
237 00000000000000000000000000000000 ref_uut.cpuregs[4]@0
238 00000000000000000000000000000000 ref_uut.cpuregs[5]@0
239 00000000000000000000000000000000 ref_uut.cpuregs[6]@0
240 00000000000000000000000000000000 ref_uut.cpuregs[7]@0
241 00000000000000000000000000000000 ref_uut.cpuregs[8]@0
242 00000000000000000000000000000000 ref_uut.cpuregs[9]@0
243 00000000000000000000000000000000 ref_uut.cpuregs[10]@0
244 00000000000000000000000000000000 ref_uut.cpuregs[11]@0
245 00000000000000000000000000000000 ref_uut.cpuregs[12]@0
246 00000000000000000000000000000000 ref_uut.cpuregs[13]@0
247 00000000000000000000000000000000 ref_uut.cpuregs[14]@0
248 00000000000000000000000000000000 ref_uut.cpuregs[15]@0
249 00000000000000000000000000000000 ref_uut.cpuregs[16]@0
250 00000000000000000000000000000000 ref_uut.cpuregs[17]@0
251 00000000000000000000000000000000 ref_uut.cpuregs[18]@0
252 00000000000000000000000000000000 ref_uut.cpuregs[19]@0
253 00000000000000000000000000000000 ref_uut.cpuregs[20]@0
254 00000000000000000000000000000000 ref_uut.cpuregs[21]@0
255 00000000000000000000000000000000 ref_uut.cpuregs[22]@0
256 00000000000000000000000000000000 ref_uut.cpuregs[23]@0
257 00000000000000000000000000000000 ref_uut.cpuregs[24]@0
258 00000000000000000000000000000000 ref_uut.cpuregs[25]@0
259 00000000000000000000000000000000 ref_uut.cpuregs[26]@0
260 00000000000000000000000000000000 ref_uut.cpuregs[27]@0
261 00000000000000000000000000000000 ref_uut.cpuregs[28]@0
262 00000000000000000000000000000000 ref_uut.cpuregs[29]@0
263 00000000000000000000000000000000 ref_uut.cpuregs[30]@0
264 00000000000000000000000000000000 ref_uut.cpuregs[31]@0
265 01111111101001011000100111100000 ref_uut.decoded_imm_j_gold@0
266 01100111100111010110111010010100 ref_uut.decoded_imm_j_gate@0
267 00000000000000000000000000000000 state4403@0
268 0 ref_uut.is_compare_gate@0
269 0 ref_uut.is_lui_auipc_jal_jalr_addi_add_sub_gate@0
270 00000000000000000000000000000000 state4433@0
271 0 ref_uut.is_compare_gold@0
272 0 ref_uut.is_lui_auipc_jal_jalr_addi_add_sub_gold@0
273 0000000000000000000000000000000000000000000000000000000000000000 ref_uut.count_cycle_gate@0
274 0000000000000000000000000000000000000000000000000000000000000000 ref_uut.count_cycle_gold@0
275 0000000000000000000000000000000000000000000000000000000000000000 ref_uut.count_instr_gate@0
276 0000000000000000000000000000000000000000000000000000000000000000 ref_uut.count_instr_gold@0
277 00000 ref_uut.decoded_rs2_gate@0
278 00000 ref_uut.decoded_rs2_gold@0
279 00000000000000000000000000000000 state4557@0
280 0 ref_uut.latched_compr_gate@0
281 00000000000000000000000000000000 state4574@0
282 0 ref_uut.latched_compr_gold@0
283 11111111111111111111111111111111 ref_uut.decoded_imm_gate@0
284 11111111111111111111111111111111 ref_uut.decoded_imm_gold@0
285 11111 ref_uut.decoded_rd_gate@0
286 11111 ref_uut.decoded_rd_gold@0
287 1 ref_uut.decoder_pseudo_trigger_gate@0
288 1 ref_uut.decoder_pseudo_trigger_gold@0
289 0 ref_uut.is_lbu_lhu_lw_gate@0
290 0 ref_uut.is_lbu_lhu_lw_gold@0
291 0 ref_uut.latched_is_lb_gate@0
292 0 ref_uut.latched_is_lb_gold@0
293 0 ref_uut.latched_is_lh_gate@0
294 0 ref_uut.latched_is_lh_gold@0
295 0 ref_uut.latched_is_lu_gate@0
296 0 ref_uut.latched_is_lu_gold@0
297 00000 ref_uut.latched_rd_gate@0
298 00000 ref_uut.latched_rd_gold@0
299 00000000000000000000000000000000 state4669@0
300 00000000000000000000000000000000 state4684@0
301 00000000000000000000000000000000 state4709@0
302 00000000 state4710@0
303 0000000000000000 state4728@0
304 00000000000000000000000000000000 state4738@0
305 00000000 state4739@0
306 0000000000000000 state4752@0
307 00000000000000000000000000000000 state4823@0
308 00000000000000000000000000000000 state4824@0
309 00000000000000000000000000000000 state4914@0
310 00000000000000000000000000000000 state4920@0
311 00000000000000000000000000000000 state4974@0
312 00000000000000000000000000000000 state4975@0
313 00000000000000000000000000000000 state5065@0
314 00000000000000000000000000000000 state5071@0
315 0 state5139@0
316 0 state5191@0
317 00000000000000000000000000000000 state5224@0
318 0 state5250@0
319 00000000000000000000000000000000 state5267@0
320 0 state5293@0
321 0 state5410@0
322 0 state5419@0
323 00000000000000000000000000000000 state5434@0
324 00000000000000000000000000000000 state5455@0
325 11111 state5763@0
326 11111 state5768@0
327 0 state6286@0
328 0 state6433@0
@0
0 0 clk@0
1 00000000001001100010001001100111 irq@0
2 10000000000000000000000000000000 mem_rdata@0
3 1 mem_ready@0
4 0 resetn@0
#1
43 0000 state213@1
48 0000 state245@1
171 0 state3555@1
172 0 state3573@1
173 000000000000000000000000000000 state3581@1
175 0 state3605@1
176 0 state3622@1
177 000000000000000000000000000000 state3630@1
179 0 state3724@1
183 0 state3738@1
267 00000000000000000000000000000000 state4403@1
270 00000000000000000000000000000000 state4433@1
279 00000000000000000000000000000000 state4557@1
281 00000000000000000000000000000000 state4574@1
299 00000000000000000000000000000000 state4669@1
300 00000000000000000000000000000000 state4684@1
301 00000000000000000000000000000000 state4709@1
302 00000000 state4710@1
303 0000000000000000 state4728@1
304 00000000000000000000000000000000 state4738@1
305 00000000 state4739@1
306 0000000000000000 state4752@1
307 00000000000000000000000000000000 state4823@1
308 00000000000000000000000000000000 state4824@1
309 00000000000000000000000000000000 state4914@1
310 00000000000000000000000000000000 state4920@1
311 00000000000000000000000000000000 state4974@1
312 00000000000000000000000000000000 state4975@1
313 00000000000000000000000000000000 state5065@1
314 00000000000000000000000000000000 state5071@1
315 0 state5139@1
316 0 state5191@1
317 00000000000000000000000000000000 state5224@1
318 0 state5250@1
319 00000000000000000000000000000000 state5267@1
320 0 state5293@1
321 0 state5410@1
322 0 state5419@1
323 00000000000000000000000000000000 state5434@1
324 00000000000000000000000000000000 state5455@1
325 00010 state5763@1
326 10101 state5768@1
327 0 state6286@1
328 0 state6433@1
@1
0 0 clk@1
1 00000000000000000000000000000000 irq@1
2 00000000000000000000000000000000 mem_rdata@1
3 0 mem_ready@1
4 1 resetn@1
#2
43 0000 state213@2
48 0000 state245@2
171 0 state3555@2
172 0 state3573@2
173 000000000000000000000000000000 state3581@2
175 0 state3605@2
176 0 state3622@2
177 000000000000000000000000000000 state3630@2
179 0 state3724@2
183 0 state3738@2
267 00000000000000000000000000000000 state4403@2
270 00000000000000000000000000000000 state4433@2
279 00000000000000000000000000000000 state4557@2
281 00000000000000000000000000000000 state4574@2
299 00000000000000000000000000000000 state4669@2
300 00000000000000000000000000000000 state4684@2
301 00000000000000000000000000000000 state4709@2
302 00000000 state4710@2
303 0000000000000000 state4728@2
304 00000000000000000000000000000000 state4738@2
305 00000000 state4739@2
306 0000000000000000 state4752@2
307 00000000000000000000000000000000 state4823@2
308 00000000000000000000000000000000 state4824@2
309 00000000000000000000000000000000 state4914@2
310 00000000000000000000000000000000 state4920@2
311 00000000000000000000000000000000 state4974@2
312 00000000000000000000000000000000 state4975@2
313 00000000000000000000000000000000 state5065@2
314 00000000000000000000000000000000 state5071@2
315 0 state5139@2
316 0 state5191@2
317 00000000000000000000000000000000 state5224@2
318 0 state5250@2
319 00000000000000000000000000000000 state5267@2
320 0 state5293@2
321 0 state5410@2
322 0 state5419@2
323 00000000000000000000000000000000 state5434@2
324 00000000000000000000000000000000 state5455@2
325 10011 state5763@2
326 00100 state5768@2
327 0 state6286@2
328 0 state6433@2
@2
0 0 clk@2
1 00000000000000000000000000000000 irq@2
2 00000000000000000000000000000000 mem_rdata@2
3 0 mem_ready@2
4 1 resetn@2
#3
43 0000 state213@3
48 0000 state245@3
171 0 state3555@3
172 0 state3573@3
173 000000000000000000000000000000 state3581@3
175 0 state3605@3
176 0 state3622@3
177 000000000000000000000000000000 state3630@3
179 0 state3724@3
183 0 state3738@3
267 00000000000000000000000000000000 state4403@3
270 00000000000000000000000000000000 state4433@3
279 00000000000000000000000000000000 state4557@3
281 00000000000000000000000000000000 state4574@3
299 00000000000000000000000000000000 state4669@3
300 00000000000000000000000000000000 state4684@3
301 00000000000000000000000000000000 state4709@3
302 00000000 state4710@3
303 0000000000000000 state4728@3
304 00000000000000000000000000000000 state4738@3
305 00000000 state4739@3
306 0000000000000000 state4752@3
307 00000000000000000000000000000000 state4823@3
308 00000000000000000000000000000000 state4824@3
309 00000000000000000000000000000000 state4914@3
310 00000000000000000000000000000000 state4920@3
311 00000000000000000000000000000000 state4974@3
312 00000000000000000000000000000000 state4975@3
313 00000000000000000000000000000000 state5065@3
314 00000000000000000000000000000000 state5071@3
315 0 state5139@3
316 0 state5191@3
317 00000000000000000000000000000000 state5224@3
318 0 state5250@3
319 00000000000000000000000000000000 state5267@3
320 0 state5293@3
321 0 state5410@3
322 0 state5419@3
323 00000000000000000000000000000000 state5434@3
324 00000000000000000000000000000000 state5455@3
325 10011 state5763@3
326 00100 state5768@3
327 0 state6286@3
328 0 state6433@3
@3
0 0 clk@3
1 11111111111111111111111111111000 irq@3
2 00000110000010000000000000001011 mem_rdata@3
3 1 mem_ready@3
4 1 resetn@3
#4
43 0000 state213@4
48 0000 state245@4
171 0 state3555@4
172 0 state3573@4
173 000000000000000000000000000000 state3581@4
175 0 state3605@4
176 0 state3622@4
177 000000000000000000000000000000 state3630@4
179 0 state3724@4
183 0 state3738@4
267 00000000000000000000000000000000 state4403@4
270 00000000000000000000000000000000 state4433@4
279 00000000000000000000000000000000 state4557@4
281 00000000000000000000000000000000 state4574@4
299 00000000000000000000000000000000 state4669@4
300 00000000000000000000000000000000 state4684@4
301 00000000000000000000000000000000 state4709@4
302 00000000 state4710@4
303 0000000000000000 state4728@4
304 00000000000000000000000000000000 state4738@4
305 00000000 state4739@4
306 0000000000000000 state4752@4
307 00000000000000000000000000000000 state4823@4
308 00000000000000000000000000000000 state4824@4
309 00000000000000000000000000000000 state4914@4
310 00000000000000000000000000000000 state4920@4
311 00000000000000000000000000000000 state4974@4
312 00000000000000000000000000000000 state4975@4
313 00000000000000000000000000000000 state5065@4
314 00000000000000000000000000000000 state5071@4
315 0 state5139@4
316 0 state5191@4
317 00000000000000000000000000000000 state5224@4
318 0 state5250@4
319 00000000000000000000000000000000 state5267@4
320 0 state5293@4
321 0 state5410@4
322 0 state5419@4
323 00000000000000000000000000000000 state5434@4
324 00000000000000000000000000000000 state5455@4
325 10011 state5763@4
326 00100 state5768@4
327 0 state6286@4
328 0 state6433@4
@4
0 0 clk@4
1 00000000000000000000000000000000 irq@4
2 11111111111111110000000000000011 mem_rdata@4
3 0 mem_ready@4
4 1 resetn@4
#5
43 0000 state213@5
48 0000 state245@5
171 0 state3555@5
172 0 state3573@5
173 000000000000000000000000000000 state3581@5
175 0 state3605@5
176 0 state3622@5
177 000000000000000000000000000000 state3630@5
179 0 state3724@5
183 0 state3738@5
267 00000000000000000000000000000000 state4403@5
270 00000000000000000000000000000000 state4433@5
279 00000000000000000000000000000100 state4557@5
281 00000000000000000000000000000100 state4574@5
299 00000000000000000000000000000000 state4669@5
300 00000000000000000000000000000000 state4684@5
301 00000000000000000000000000000000 state4709@5
302 00000000 state4710@5
303 0000000000000000 state4728@5
304 00000000000000000000000000000000 state4738@5
305 00000000 state4739@5
306 0000000000000000 state4752@5
307 00000000000000000000000000000000 state4823@5
308 00000000000000000000000000000000 state4824@5
309 00000000000000000000000000000000 state4914@5
310 00000000000000000000000000000111 state4920@5
311 00000000000000000000000000000000 state4974@5
312 00000000000000000000000000000000 state4975@5
313 00000000000000000000000000000000 state5065@5
314 00000000000000000000000000000111 state5071@5
315 0 state5139@5
316 0 state5191@5
317 00000000000000000000000000000000 state5224@5
318 0 state5250@5
319 00000000000000000000000000000000 state5267@5
320 0 state5293@5
321 0 state5410@5
322 0 state5419@5
323 00000000000000000000000000000000 state5434@5
324 00000000000000000000000000000000 state5455@5
325 00010 state5763@5
326 00010 state5768@5
327 0 state6286@5
328 0 state6433@5
@5
0 0 clk@5
1 00000000000000000000000000000000 irq@5
2 00000001000000000000000000000011 mem_rdata@5
3 0 mem_ready@5
4 1 resetn@5
#6
43 0000 state213@6
48 0000 state245@6
171 0 state3555@6
172 0 state3573@6
173 111111111111111111111111111110 state3581@6
175 0 state3605@6
176 0 state3622@6
177 111111111111111111111111111110 state3630@6
179 0 state3724@6
183 0 state3738@6
267 11111111111111111111111111111111 state4403@6
270 11111111111111111111111111111111 state4433@6
279 00000000000000000000000000000000 state4557@6
281 00000000000000000000000000000000 state4574@6
299 00000000000000000000000000000000 state4669@6
300 00000000000000000000000000000000 state4684@6
301 00000000000000000000000000000000 state4709@6
302 00000000 state4710@6
303 0000000000000000 state4728@6
304 00000000000000000000000000000000 state4738@6
305 00000000 state4739@6
306 0000000000000000 state4752@6
307 00000000000000000000000000000001 state4823@6
308 00000000000000000000000000000000 state4824@6
309 00000000000000000000000000000000 state4914@6
310 00000000000000000000000000001111 state4920@6
311 00000000000000000000000000000001 state4974@6
312 00000000000000000000000000000000 state4975@6
313 00000000000000000000000000000000 state5065@6
314 00000000000000000000000000001111 state5071@6
315 0 state5139@6
316 0 state5191@6
317 11111111111111111111111111111110 state5224@6
318 0 state5250@6
319 11111111111111111111111111111110 state5267@6
320 0 state5293@6
321 0 state5410@6
322 0 state5419@6
323 11111111111111111111111111111111 state5434@6
324 11111111111111111111111111111111 state5455@6
325 11010 state5763@6
326 01111 state5768@6
327 0 state6286@6
328 0 state6433@6
@6
0 0 clk@6
1 00000000000000000000000000000000 irq@6
2 00000110000010000000000000000011 mem_rdata@6
3 0 mem_ready@6
4 1 resetn@6
#7
43 1111 state213@7
48 1111 state245@7
171 0 state3555@7
172 0 state3573@7
173 000000000000000000000000000000 state3581@7
175 0 state3605@7
176 0 state3622@7
177 000000000000000000000000000000 state3630@7
179 0 state3724@7
183 1 state3738@7
267 11111111111111111111111111111111 state4403@7
270 11111111111111111111111111111111 state4433@7
279 00000000000000000000000000000001 state4557@7
281 00000000000000000000000000000001 state4574@7
299 00000000000000000000000000000000 state4669@7
300 00000000000000000000000000000000 state4684@7
301 00000000000000000111111101111111 state4709@7
302 11111111 state4710@7
303 0000000000000000 state4728@7
304 00000000000000000111111101111111 state4738@7
305 11111111 state4739@7
306 0000000000000000 state4752@7
307 00000000000000000000000011100000 state4823@7
308 11111111111111111111111111111111 state4824@7
309 11111111111111111111111111111111 state4914@7
310 00000000000000000000000000011111 state4920@7
311 00000000000000000000000011100000 state4974@7
312 11111111111111111111111111111111 state4975@7
313 11111111111111111111111111111111 state5065@7
314 00000000000000000000000000011111 state5071@7
315 0 state5139@7
316 0 state5191@7
317 11111111111111111111111111111110 state5224@7
318 0 state5250@7
319 11111111111111111111111111111110 state5267@7
320 0 state5293@7
321 0 state5410@7
322 0 state5419@7
323 11111111111111111111111111111111 state5434@7
324 11111111111111111111111111111111 state5455@7
325 11010 state5763@7
326 01111 state5768@7
327 1 state6286@7
328 1 state6433@7
@7
0 0 clk@7
1 00000000000000000000000000000000 irq@7
2 00000110000101001000000000001011 mem_rdata@7
3 1 mem_ready@7
4 1 resetn@7
#8
43 1111 state213@8
48 1111 state245@8
171 0 state3555@8
172 0 state3573@8
173 000000000000000000000000000000 state3581@8
175 0 state3605@8
176 0 state3622@8
177 000000000000000000000000000000 state3630@8
179 0 state3724@8
183 0 state3738@8
267 11111111111111111111111111111111 state4403@8
270 11111111111111111111111111111111 state4433@8
279 00000000000000000000000000000001 state4557@8
281 00000000000000000000000000000001 state4574@8
299 00000000000000000000000000000000 state4669@8
300 00000000000000000000000000000000 state4684@8
301 00000000000000000111111101111111 state4709@8
302 11111111 state4710@8
303 0000000000000000 state4728@8
304 00000000000000000111111101111111 state4738@8
305 11111111 state4739@8
306 0000000000000000 state4752@8
307 11111111111111111111111111111111 state4823@8
308 11111111111111111111111111111111 state4824@8
309 11111111111111111111111111111111 state4914@8
310 00000000000000000000000000111111 state4920@8
311 11111111111111111111111111111111 state4974@8
312 11111111111111111111111111111111 state4975@8
313 11111111111111111111111111111111 state5065@8
314 00000000000000000000000000111111 state5071@8
315 0 state5139@8
316 0 state5191@8
317 11111111111111111111111111111110 state5224@8
318 0 state5250@8
319 11111111111111111111111111111110 state5267@8
320 0 state5293@8
321 0 state5410@8
322 0 state5419@8
323 11111111111111111111111111111111 state5434@8
324 11111111111111111111111111111111 state5455@8
325 11010 state5763@8
326 01111 state5768@8
327 0 state6286@8
328 0 state6433@8
@8
0 0 clk@8
1 11111111111111111111111111111111 irq@8
2 11011111111111101111111011111111 mem_rdata@8
3 1 mem_ready@8
4 1 resetn@8
#9
43 1111 state213@9
48 1111 state245@9
171 0 state3555@9
172 0 state3573@9
173 000000000000000000000000000000 state3581@9
175 0 state3605@9
176 0 state3622@9
177 000000000000000000000000000000 state3630@9
179 1 state3724@9
183 1 state3738@9
267 11111111111111111111111111111101 state4403@9
270 11111111111111111111111111111101 state4433@9
279 00000000000000000000000000000000 state4557@9
281 11111111111111111111111111111111 state4574@9
299 00000000000000000000000000000000 state4669@9
300 00000000000000000000000000000000 state4684@9
301 00000000000000000111111101111111 state4709@9
302 11111111 state4710@9
303 0000000000000000 state4728@9
304 00000000000000000111111101111111 state4738@9
305 11111111 state4739@9
306 0000000000000000 state4752@9
307 00000000000000000000000000000001 state4823@9
308 11111111111111111111111111111111 state4824@9
309 11111111111111111111111111111111 state4914@9
310 00000000000000000000000001111111 state4920@9
311 00000000000000000000000000000001 state4974@9
312 11111111111111111111111111111111 state4975@9
313 11111111111111111111111111111111 state5065@9
314 00000000000000000000000001111111 state5071@9
315 0 state5139@9
316 0 state5191@9
317 11111111111111111111111111111111 state5224@9
318 0 state5250@9
319 11111111111111111111111111111111 state5267@9
320 0 state5293@9
321 0 state5410@9
322 0 state5419@9
323 11111111111111111111111111111111 state5434@9
324 11111111111111111111111111111111 state5455@9
325 11010 state5763@9
326 10111 state5768@9
327 1 state6286@9
328 1 state6433@9
@9
0 0 clk@9
1 11111111111111111111111111111000 irq@9
2 00001000001101001000000000001011 mem_rdata@9
3 1 mem_ready@9
4 1 resetn@9
#10
43 1111 state213@10
48 1111 state245@10
171 0 state3555@10
172 0 state3573@10
173 000000000000000000000000000000 state3581@10
175 0 state3605@10
176 0 state3622@10
177 000000000000000000000000000000 state3630@10
179 1 state3724@10
183 1 state3738@10
267 11111111111111111111111111111111 state4403@10
270 11111111111111111111111111111111 state4433@10
279 00000000000000000000000000000001 state4557@10
281 00000000000000000000000000000000 state4574@10
299 00000000000000000000000000000000 state4669@10
300 00000000000000000000000000000000 state4684@10
301 00000000000000000111111101111111 state4709@10
302 11111111 state4710@10
303 0000000000000000 state4728@10
304 00000000000000000111111101111111 state4738@10
305 11111111 state4739@10
306 0000000000000000 state4752@10
307 11111111111111111111111111111111 state4823@10
308 11111111111111111111111111111111 state4824@10
309 11111111111111111111111111111111 state4914@10
310 00000000000000000000000011111111 state4920@10
311 00000000000000000000000000000011 state4974@10
312 11111111111111111111111111111111 state4975@10
313 11111111111111111111111111111111 state5065@10
314 00000000000000000000000011111111 state5071@10
315 0 state5139@10
316 0 state5191@10
317 11111111111111111111111111111111 state5224@10
318 0 state5250@10
319 11111111111111111111111111111111 state5267@10
320 0 state5293@10
321 0 state5410@10
322 0 state5419@10
323 11111111111111111111111111111111 state5434@10
324 11111111111111111111111111111111 state5455@10
325 11010 state5763@10
326 01101 state5768@10
327 1 state6286@10
328 1 state6433@10
@10
0 0 clk@10
1 11111111111111111111111111111111 irq@10
2 11111111111111111111111111111111 mem_rdata@10
3 1 mem_ready@10
4 1 resetn@10
#11
43 1111 state213@11
48 1111 state245@11
171 0 state3555@11
172 0 state3573@11
173 000000000000000000000000000000 state3581@11
175 0 state3605@11
176 0 state3622@11
177 000000000000000000000000000000 state3630@11
179 1 state3724@11
183 1 state3738@11
267 11111111111111111111111111111111 state4403@11
270 11111111111111111111111111111111 state4433@11
279 00000000000000000000000000000000 state4557@11
281 00000000000000000000000000000000 state4574@11
299 00000000000000000000000000000000 state4669@11
300 00000000000000000000000000000000 state4684@11
301 00000000000000000111111101111111 state4709@11
302 11111111 state4710@11
303 0000000000000000 state4728@11
304 00000000000000000111111101111111 state4738@11
305 11111111 state4739@11
306 0000000000000000 state4752@11
307 11111111111111111000000000000011 state4823@11
308 11111111111111111111111111111111 state4824@11
309 11111111111111111111111111111111 state4914@11
310 00000000000000000000000111111111 state4920@11
311 11111111111111111000000000000011 state4974@11
312 11111111111111111111111111111111 state4975@11
313 11111111111111111111111111111111 state5065@11
314 00000000000000000000000111111111 state5071@11
315 0 state5139@11
316 0 state5191@11
317 11111111111111111111111111111111 state5224@11
318 0 state5250@11
319 11111111111111111111111111111111 state5267@11
320 0 state5293@11
321 0 state5410@11
322 0 state5419@11
323 11111111111111111111111111111111 state5434@11
324 11111111111111111111111111111111 state5455@11
325 11010 state5763@11
326 10111 state5768@11
327 0 state6286@11
328 0 state6433@11
@11
0 0 clk@11
1 00000000000000000000000000000000 irq@11
2 00001001111111001111111110001011 mem_rdata@11
3 1 mem_ready@11
4 1 resetn@11
#12
43 1111 state213@12
48 1111 state245@12
171 0 state3555@12
172 0 state3573@12
173 000000000000000000000000000000 state3581@12
175 0 state3605@12
176 0 state3622@12
177 000000000000000000000000000000 state3630@12
179 0 state3724@12
183 0 state3738@12
267 11111111111111111111111111111011 state4403@12
270 11111111111111111111111111111011 state4433@12
279 00000000000011000000000000000100 state4557@12
281 00000000000011000000000000000100 state4574@12
299 00000000000000000000000000000000 state4669@12
300 00000000000000000000000000000000 state4684@12
301 00000000000000000111111101111111 state4709@12
302 11111111 state4710@12
303 0000000000000000 state4728@12
304 00000000000000000111111101111111 state4738@12
305 11111111 state4739@12
306 0000000000000000 state4752@12
307 11111111111111111000000001001111 state4823@12
308 11111111111111111111111111111111 state4824@12
309 11111111111111111111111111111111 state4914@12
310 00000000000000000000001111101111 state4920@12
311 11111111111111111000000001001111 state4974@12
312 11111111111111111111111111111111 state4975@12
313 11111111111111111111111111111111 state5065@12
314 00000000000000000000001111101111 state5071@12
315 0 state5139@12
316 0 state5191@12
317 11111111111111111111111111111111 state5224@12
318 0 state5250@12
319 11111111111111111111111111111111 state5267@12
320 0 state5293@12
321 0 state5410@12
322 0 state5419@12
323 11111111111111111111111111111111 state5434@12
324 11111111111111111111111111111111 state5455@12
325 11010 state5763@12
326 10111 state5768@12
327 0 state6286@12
328 0 state6433@12
@12
0 0 clk@12
1 11111111111101111111110011111111 irq@12
2 11111111111111111111111111111111 mem_rdata@12
3 1 mem_ready@12
4 1 resetn@12
#13
43 1111 state213@13
48 1111 state245@13
171 0 state3555@13
172 0 state3573@13
173 111111111111111111111111111110 state3581@13
175 0 state3605@13
176 1 state3622@13
177 111111111111111111111111111110 state3630@13
179 1 state3724@13
183 0 state3738@13
267 00000000000000000000000000000000 state4403@13
270 00000000000000000000000000000000 state4433@13
279 11111111111111111111111111111111 state4557@13
281 11111111111111111111111111111111 state4574@13
299 00000000000000000000000000000000 state4669@13
300 00000000000000000000000000000000 state4684@13
301 00000000000000000111111101111110 state4709@13
302 11111111 state4710@13
303 0000000000000000 state4728@13
304 00000000000000000111111101111110 state4738@13
305 11111111 state4739@13
306 0000000000000000 state4752@13
307 11111111111111111111100001101110 state4823@13
308 11111111111111111111111111111110 state4824@13
309 11111111111111111111111111010000 state4914@13
310 00000000000000000000011111110110 state4920@13
311 11111111111111111111100001111110 state4974@13
312 11111111111111111111111111111110 state4975@13
313 11111111111111111111111111000000 state5065@13
314 00000000000000000000011111101110 state5071@13
315 0 state5139@13
316 0 state5191@13
317 00000000000000000000000000000000 state5224@13
318 1 state5250@13
319 00000000000000000000000000000000 state5267@13
320 1 state5293@13
321 1 state5410@13
322 1 state5419@13
323 11111111111111111111111111111111 state5434@13
324 11111111111111111111111111111111 state5455@13
325 00000 state5763@13
326 00000 state5768@13
327 1 state6286@13
328 1 state6433@13
@13
0 0 clk@13
1 10111111111101110000100001011000 irq@13
2 00001000011000110000011011101110 mem_rdata@13
3 0 mem_ready@13
4 1 resetn@13
#14
43 1111 state213@14
48 1111 state245@14
171 1 state3555@14
172 1 state3573@14
173 111111111111111111111111111111 state3581@14
175 1 state3605@14
176 1 state3622@14
177 111111111111111111111111111111 state3630@14
179 1 state3724@14
183 1 state3738@14
267 11111111111111111111111111111111 state4403@14
270 11111111111111111111111111111111 state4433@14
279 11111111111111111111111111111111 state4557@14
281 11111111111111111111111111111111 state4574@14
299 00000000000000000000000000000000 state4669@14
300 00000000000000000000000000000000 state4684@14
301 11111111111111111111111111111111 state4709@14
302 11111111 state4710@14
303 0000000000000000 state4728@14
304 11111111111111111111111111111111 state4738@14
305 11111111 state4739@14
306 0000000000000000 state4752@14
307 11111111111111111111111111111111 state4823@14
308 11111111111111111111111111111111 state4824@14
309 11111111111111111111111111111111 state4914@14
310 11111111111111111111111111111111 state4920@14
311 11111111111111111111111111111111 state4974@14
312 11111111111111111111111111111111 state4975@14
313 11111111111111111111111111111111 state5065@14
314 11111111111111111111111111111111 state5071@14
315 1 state5139@14
316 1 state5191@14
317 11111111111111111111111111111111 state5224@14
318 0 state5250@14
319 11111111111111111111111111111111 state5267@14
320 0 state5293@14
321 0 state5410@14
322 0 state5419@14
323 00000000000000000000000000000000 state5434@14
324 00000000000000000000000000000000 state5455@14
325 11111 state5763@14
326 11111 state5768@14
327 0 state6286@14
328 0 state6433@14
@14
0 0 clk@14
1 11111111111111111111111111111111 irq@14
2 11111111111111111111111111111111 mem_rdata@14
3 1 mem_ready@14
4 1 resetn@14
#15
43 0000 state213@15
48 0000 state245@15
171 0 state3555@15
172 0 state3573@15
173 000000000000000000000000000000 state3581@15
175 0 state3605@15
176 0 state3622@15
177 000000000000000000000000000000 state3630@15
179 0 state3724@15
183 0 state3738@15
267 00000000000000000000000000000000 state4403@15
270 00000000000000000000000000000000 state4433@15
279 00000000000000000000000000000000 state4557@15
281 00000000000000000000000000000000 state4574@15
299 00000000000000000000000000000000 state4669@15
300 00000000000000000000000000000000 state4684@15
301 00000000000000000000000000000000 state4709@15
302 00000000 state4710@15
303 0000000000000000 state4728@15
304 00000000000000000000000000000000 state4738@15
305 00000000 state4739@15
306 0000000000000000 state4752@15
307 00000000000000000000000000000000 state4823@15
308 00000000000000000000000000000000 state4824@15
309 00000000000000000000000000000000 state4914@15
310 00000000000000000000000000000000 state4920@15
311 00000000000000000000000000000000 state4974@15
312 00000000000000000000000000000000 state4975@15
313 00000000000000000000000000000000 state5065@15
314 00000000000000000000000000000000 state5071@15
315 0 state5139@15
316 0 state5191@15
317 00000000000000000000000000000000 state5224@15
318 0 state5250@15
319 00000000000000000000000000000000 state5267@15
320 0 state5293@15
321 0 state5410@15
322 0 state5419@15
323 00000000000000000000000000000000 state5434@15
324 00000000000000000000000000000000 state5455@15
325 00000 state5763@15
326 00000 state5768@15
327 0 state6286@15
328 0 state6433@15
@15
0 0 clk@15
1 00000000000000000000000000000000 irq@15
2 00000000000000000000000000000000 mem_rdata@15
3 0 mem_ready@15
4 0 resetn@15
.

