sat
b0
#0
0 0 ref_uut.trap_gold@0
1 0 ref_uut.trap_gate@0
2 0 ref_uut.mem_valid_gold@0
3 0 ref_uut.mem_valid_gate@0
4 0 ref_uut.mem_instr_gold@0
5 0 ref_uut.mem_instr_gate@0
6 00000000000000000000000000000000 ref_uut.mem_addr_gold@0
7 00000000000000000000000000000000 ref_uut.mem_addr_gate@0
8 1100 ref_uut.mem_wstrb_gold@0
9 0000 ref_uut.mem_wstrb_gate@0
10 00000000000000000000000000000000 ref_uut.mem_wdata_gold@0
11 00000000000000000000000000000000 ref_uut.mem_wdata_gate@0
12 1 state82@0
13 00011001100110011001100110011001 ref_uut.reg_next_pc_gold@0
14 10 ref_uut.irq_state_gold@0
15 00000000000000000000000000000000 ref_uut.reg_out_gold@0
16 11111111111111111111111111111110 ref_uut.alu_out_q_gold@0
17 1 ref_uut.latched_stalu_gold@0
18 0 ref_uut.latched_store_gold@0
19 0 ref_uut.latched_branch_gold@0
20 1 ref_uut.compressed_instr_gold@0
21 11111111111111111111111111111111 ref_uut.reg_next_pc_gate@0
22 10 ref_uut.irq_state_gate@0
23 00000000000000000000000000000000 ref_uut.reg_out_gate@0
24 11111111111111111111111111111110 ref_uut.alu_out_q_gate@0
25 1 ref_uut.latched_stalu_gate@0
26 0 ref_uut.latched_store_gate@0
27 0 ref_uut.latched_branch_gate@0
28 1 ref_uut.compressed_instr_gate@0
29 0 ref_uut.mem_do_prefetch_gold@0
30 1 ref_uut.mem_do_rinst_gold@0
31 0 ref_uut.mem_la_secondword_gold@0
32 0 ref_uut.prefetched_high_word_gold@0
33 0 ref_uut.clear_prefetched_high_word_q_gold@0
34 0 ref_uut.mem_la_firstword_reg_gold@0
35 1 ref_uut.last_mem_valid_gold@0
36 0 ref_uut.mem_do_prefetch_gate@0
37 0 ref_uut.mem_do_rinst_gate@0
38 0 ref_uut.mem_la_secondword_gate@0
39 0 ref_uut.prefetched_high_word_gate@0
40 0 ref_uut.clear_prefetched_high_word_q_gate@0
41 0 ref_uut.mem_la_firstword_reg_gate@0
42 1 ref_uut.last_mem_valid_gate@0
43 0000 state213@0
44 00000000000000000000000000000000 ref_uut.reg_op1_gold@0
45 10 ref_uut.mem_wordsize_gold@0
46 10 ref_uut.mem_state_gold@0
47 0 ref_uut.mem_do_wdata_gold@0
48 0000 state245@0
49 00000000000000000000000000000000 ref_uut.reg_op1_gate@0
50 10 ref_uut.mem_wordsize_gate@0
51 10 ref_uut.mem_state_gate@0
52 0 ref_uut.mem_do_wdata_gate@0
53 01000011111100011000111000000110 ref_uut.mem_rdata_q_gold@0
54 0000010100000110 ref_uut.mem_16bit_buffer_gold@0
55 10001100001111111000000101111010 ref_uut.mem_rdata_q_gate@0
56 0000010100000110 ref_uut.mem_16bit_buffer_gate@0
57 11000000 ref_uut.cpu_state_gold@0
58 00100000 ref_uut.cpu_state_gate@0
59 00000000000000000000000100000000 ref_uut.timer_gold@0
60 11111111111111111111111100000001 ref_uut.timer_gate@0
61 0 ref_uut.is_alu_reg_imm_gold@0
62 1 ref_uut.is_alu_reg_imm_gate@0
63 0 ref_uut.is_alu_reg_reg_gold@0
64 0 ref_uut.is_alu_reg_reg_gate@0
65 1 ref_uut.decoder_trigger_gold@0
66 0 ref_uut.do_waitirq_gold@0
67 0 ref_uut.decoder_trigger_gate@0
68 1 ref_uut.do_waitirq_gate@0
69 0 ref_uut.irq_active_gold@0
70 1 ref_uut.irq_delay_gold@0
71 1 ref_uut.irq_active_gate@0
72 0 ref_uut.irq_delay_gate@0
73 11101110011001111111111101110000 ref_uut.irq_pending_gold@0
74 00100000000000000001100000000110 ref_uut.irq_mask_gold@0
75 00000000000000000000000000000000 ref_uut.irq_pending_gate@0
76 00000000000000000000000000000000 ref_uut.irq_mask_gate@0
77 0 ref_uut.instr_jalr_gold@0
78 0 ref_uut.instr_retirq_gold@0
79 0 ref_uut.instr_jalr_gate@0
80 0 ref_uut.instr_retirq_gate@0
81 0 ref_uut.mem_do_rdata_gold@0
82 1 ref_uut.mem_do_rdata_gate@0
83 00000000000000000000000000000000 ref_uut.reg_op2_gold@0
84 00000000000000000000000000000000 ref_uut.reg_op2_gate@0
85 0 ref_uut.instr_timer_gold@0
86 1 ref_uut.instr_waitirq_gold@0
87 0 ref_uut.instr_maskirq_gold@0
88 0 ref_uut.instr_rdinstrh_gold@0
89 0 ref_uut.instr_rdinstr_gold@0
90 0 ref_uut.instr_rdcycleh_gold@0
91 0 ref_uut.instr_rdcycle_gold@0
92 0 ref_uut.instr_and_gold@0
93 0 ref_uut.instr_or_gold@0
94 1 ref_uut.instr_sra_gold@0
95 0 ref_uut.instr_srl_gold@0
96 0 ref_uut.instr_xor_gold@0
97 0 ref_uut.instr_sltu_gold@0
98 0 ref_uut.instr_slt_gold@0
99 1 ref_uut.instr_sll_gold@0
100 0 ref_uut.instr_sub_gold@0
101 0 ref_uut.instr_add_gold@0
102 0 ref_uut.instr_srai_gold@0
103 1 ref_uut.instr_srli_gold@0
104 0 ref_uut.instr_slli_gold@0
105 0 ref_uut.instr_andi_gold@0
106 0 ref_uut.instr_ori_gold@0
107 0 ref_uut.instr_xori_gold@0
108 0 ref_uut.instr_sltiu_gold@0
109 0 ref_uut.instr_slti_gold@0
110 0 ref_uut.instr_addi_gold@0
111 0 ref_uut.instr_sw_gold@0
112 0 ref_uut.instr_sh_gold@0
113 0 ref_uut.instr_sb_gold@0
114 0 ref_uut.instr_lhu_gold@0
115 0 ref_uut.instr_lbu_gold@0
116 0 ref_uut.instr_lw_gold@0
117 0 ref_uut.instr_lh_gold@0
118 0 ref_uut.instr_lb_gold@0
119 0 ref_uut.instr_bgeu_gold@0
120 0 ref_uut.instr_bltu_gold@0
121 0 ref_uut.instr_bge_gold@0
122 0 ref_uut.instr_blt_gold@0
123 0 ref_uut.instr_bne_gold@0
124 0 ref_uut.instr_beq_gold@0
125 1 ref_uut.instr_jal_gold@0
126 0 ref_uut.instr_auipc_gold@0
127 0 ref_uut.instr_lui_gold@0
128 0 ref_uut.instr_timer_gate@0
129 0 ref_uut.instr_waitirq_gate@0
130 0 ref_uut.instr_maskirq_gate@0
131 0 ref_uut.instr_rdinstrh_gate@0
132 0 ref_uut.instr_rdinstr_gate@0
133 0 ref_uut.instr_rdcycleh_gate@0
134 0 ref_uut.instr_rdcycle_gate@0
135 0 ref_uut.instr_and_gate@0
136 0 ref_uut.instr_or_gate@0
137 1 ref_uut.instr_sra_gate@0
138 1 ref_uut.instr_srl_gate@0
139 0 ref_uut.instr_xor_gate@0
140 0 ref_uut.instr_sltu_gate@0
141 0 ref_uut.instr_slt_gate@0
142 1 ref_uut.instr_sll_gate@0
143 0 ref_uut.instr_sub_gate@0
144 0 ref_uut.instr_add_gate@0
145 0 ref_uut.instr_srai_gate@0
146 0 ref_uut.instr_srli_gate@0
147 0 ref_uut.instr_slli_gate@0
148 0 ref_uut.instr_andi_gate@0
149 0 ref_uut.instr_ori_gate@0
150 0 ref_uut.instr_xori_gate@0
151 0 ref_uut.instr_sltiu_gate@0
152 0 ref_uut.instr_slti_gate@0
153 0 ref_uut.instr_addi_gate@0
154 0 ref_uut.instr_sw_gate@0
155 0 ref_uut.instr_sh_gate@0
156 0 ref_uut.instr_sb_gate@0
157 0 ref_uut.instr_lhu_gate@0
158 0 ref_uut.instr_lbu_gate@0
159 0 ref_uut.instr_lw_gate@0
160 0 ref_uut.instr_lh_gate@0
161 0 ref_uut.instr_lb_gate@0
162 0 ref_uut.instr_bgeu_gate@0
163 0 ref_uut.instr_bltu_gate@0
164 0 ref_uut.instr_bge_gate@0
165 0 ref_uut.instr_blt_gate@0
166 0 ref_uut.instr_bne_gate@0
167 0 ref_uut.instr_beq_gate@0
168 1 ref_uut.instr_jal_gate@0
169 0 ref_uut.instr_auipc_gate@0
170 1 ref_uut.instr_lui_gate@0
171 1 state3555@0
172 1 state3573@0
173 111111111111111111111111111111 state3581@0
174 00000000000000000000000000000000 ref_uut.reg_pc_gold@0
175 0 state3605@0
176 0 state3622@0
177 000000000000000000000000000000 state3630@0
178 00000000000000000000000000000000 ref_uut.reg_pc_gate@0
179 0 state3724@0
180 0 ref_uut.is_sltiu_bltu_sltu_gold@0
181 0 ref_uut.is_slti_blt_slt_gold@0
182 0 ref_uut.is_beq_bne_blt_bge_bltu_bgeu_gold@0
183 0 state3738@0
184 0 ref_uut.is_sltiu_bltu_sltu_gate@0
185 0 ref_uut.is_slti_blt_slt_gate@0
186 0 ref_uut.is_beq_bne_blt_bge_bltu_bgeu_gate@0
187 11110 ref_uut.reg_sh_gold@0
188 00001 ref_uut.reg_sh_gate@0
189 0 ref_uut.is_sb_sh_sw_gold@0
190 0 ref_uut.is_jalr_addi_slti_sltiu_xori_ori_andi_gold@0
191 1 ref_uut.is_lui_auipc_jal_gold@0
192 0 ref_uut.is_slli_srli_srai_gold@0
193 0 ref_uut.is_lb_lh_lw_lbu_lhu_gold@0
194 0 ref_uut.is_sb_sh_sw_gate@0
195 0 ref_uut.is_jalr_addi_slti_sltiu_xori_ori_andi_gate@0
196 1 ref_uut.is_lui_auipc_jal_gate@0
197 0 ref_uut.is_slli_srli_srai_gate@0
198 0 ref_uut.is_lb_lh_lw_lbu_lhu_gate@0
199 00000000000000000000000000000000 $memory\ref_uut.cpuregs_gold[0]$q$7839@0
200 00000000000000000000000000000000 $memory\ref_uut.cpuregs_gold[1]$q$7842@0
201 00000 ref_uut.decoded_rs1_gold@0
202 00000000000000000000000000000000 $memory\ref_uut.cpuregs_gold[2]$q$7845@0
203 00000000000000000000000000000000 $memory\ref_uut.cpuregs_gold[3]$q$7848@0
204 00000000000000000000000000000000 $memory\ref_uut.cpuregs_gold[4]$q$7851@0
205 00000000000000000000000000000000 $memory\ref_uut.cpuregs_gold[5]$q$7854@0
206 00000000000000000000000000000000 $memory\ref_uut.cpuregs_gold[6]$q$7857@0
207 00000000000000000000000000000000 $memory\ref_uut.cpuregs_gold[7]$q$7860@0
208 00000000000000000000000000000000 $memory\ref_uut.cpuregs_gold[8]$q$7863@0
209 00000000000000000000000000000000 $memory\ref_uut.cpuregs_gold[9]$q$7866@0
210 00000000000000000000000000000000 $memory\ref_uut.cpuregs_gold[10]$q$7869@0
211 00000000000000000000000000000000 $memory\ref_uut.cpuregs_gold[11]$q$7872@0
212 00000000000000000000000000000000 $memory\ref_uut.cpuregs_gold[12]$q$7875@0
213 00000000000000000000000000000000 $memory\ref_uut.cpuregs_gold[13]$q$7878@0
214 00000000000000000000000000000000 $memory\ref_uut.cpuregs_gold[14]$q$7881@0
215 00000000000000000000000000000000 $memory\ref_uut.cpuregs_gold[15]$q$7884@0
216 00000000000000000000000000000000 $memory\ref_uut.cpuregs_gold[16]$q$7887@0
217 00000000000000000000000000000000 $memory\ref_uut.cpuregs_gold[17]$q$7890@0
218 00000000000000000000000000000000 $memory\ref_uut.cpuregs_gold[18]$q$7893@0
219 00000000000000000000000000000000 $memory\ref_uut.cpuregs_gold[19]$q$7896@0
220 00000000000000000000000000000000 $memory\ref_uut.cpuregs_gold[20]$q$7899@0
221 00000000000000000000000000000000 $memory\ref_uut.cpuregs_gold[21]$q$7902@0
222 00000000000000000000000000000000 $memory\ref_uut.cpuregs_gold[22]$q$7905@0
223 00000000000000000000000000000000 $memory\ref_uut.cpuregs_gold[23]$q$7908@0
224 00000000000000000000000000000000 $memory\ref_uut.cpuregs_gold[24]$q$7911@0
225 00000000000000000000000000000000 $memory\ref_uut.cpuregs_gold[25]$q$7914@0
226 00000000000000000000000000000000 $memory\ref_uut.cpuregs_gold[26]$q$7917@0
227 00000000000000000000000000000000 $memory\ref_uut.cpuregs_gold[27]$q$7920@0
228 00000000000000000000000000000000 $memory\ref_uut.cpuregs_gold[28]$q$7923@0
229 00000000000000000000000000000000 $memory\ref_uut.cpuregs_gold[29]$q$7926@0
230 00000000000000000000000000000000 $memory\ref_uut.cpuregs_gold[30]$q$7929@0
231 00000000000000000000000000000000 $memory\ref_uut.cpuregs_gold[31]$q$7932@0
232 00000000000000000000000000000000 ref_uut.cpuregs[0]@0
233 00000000000000000000000000000000 ref_uut.cpuregs[1]@0
234 00000 ref_uut.decoded_rs1_gate@0
235 00000000000000000000000000000000 ref_uut.cpuregs[2]@0
236 00000000000000000000000000000000 ref_uut.cpuregs[3]@0
237 00000000000000000000000000000000 ref_uut.cpuregs[4]@0
238 00000000000000000000000000000000 ref_uut.cpuregs[5]@0
239 00000000000000000000000000000000 ref_uut.cpuregs[6]@0
240 00000000000000000000000000000000 ref_uut.cpuregs[7]@0
241 00000000000000000000000000000000 ref_uut.cpuregs[8]@0
242 00000000000000000000000000000000 ref_uut.cpuregs[9]@0
243 00000000000000000000000000000000 ref_uut.cpuregs[10]@0
244 00000000000000000000000000000000 ref_uut.cpuregs[11]@0
245 00000000000000000000000000000000 ref_uut.cpuregs[12]@0
246 00000000000000000000000000000000 ref_uut.cpuregs[13]@0
247 00000000000000000000000000000000 ref_uut.cpuregs[14]@0
248 00000000000000000000000000000000 ref_uut.cpuregs[15]@0
249 00000000000000000000000000000000 ref_uut.cpuregs[16]@0
250 00000000000000000000000000000000 ref_uut.cpuregs[17]@0
251 00000000000000000000000000000000 ref_uut.cpuregs[18]@0
252 00000000000000000000000000000000 ref_uut.cpuregs[19]@0
253 00000000000000000000000000000000 ref_uut.cpuregs[20]@0
254 00000000000000000000000000000000 ref_uut.cpuregs[21]@0
255 00000000000000000000000000000000 ref_uut.cpuregs[22]@0
256 00000000000000000000000000000000 ref_uut.cpuregs[23]@0
257 00000000000000000000000000000000 ref_uut.cpuregs[24]@0
258 00000000000000000000000000000000 ref_uut.cpuregs[25]@0
259 00000000000000000000000000000000 ref_uut.cpuregs[26]@0
260 00000000000000000000000000000000 ref_uut.cpuregs[27]@0
261 00000000000000000000000000000000 ref_uut.cpuregs[28]@0
262 00000000000000000000000000000000 ref_uut.cpuregs[29]@0
263 00000000000000000000000000000000 ref_uut.cpuregs[30]@0
264 00000000000000000000000000000000 ref_uut.cpuregs[31]@0
265 11100110011001100110011001101110 ref_uut.decoded_imm_j_gold@0
266 11111111111111111111111111111100 ref_uut.decoded_imm_j_gate@0
267 00000000000000000000000000000000 state4406@0
268 0 ref_uut.is_compare_gate@0
269 0 ref_uut.is_lui_auipc_jal_jalr_addi_add_sub_gate@0
270 00000000000000000000000000000000 state4436@0
271 0 ref_uut.is_compare_gold@0
272 0 ref_uut.is_lui_auipc_jal_jalr_addi_add_sub_gold@0
273 0000000000000000000000000000000000000000000000000000000000000000 ref_uut.count_cycle_gate@0
274 0000000000000000000000000000000000000000000000000000000000000000 ref_uut.count_cycle_gold@0
275 0000000000000000000000000000000000000000000000000000000000000000 ref_uut.count_instr_gate@0
276 0000000000000000000000000000000000000000000000000000000000000000 ref_uut.count_instr_gold@0
277 00000 ref_uut.decoded_rs2_gate@0
278 00000 ref_uut.decoded_rs2_gold@0
279 00000000000000000000000000000000 state4560@0
280 0 ref_uut.latched_compr_gate@0
281 00000000000000000000000000000000 state4577@0
282 0 ref_uut.latched_compr_gold@0
283 11111111111111111111111111111111 ref_uut.decoded_imm_gate@0
284 11111111111111111111111111111111 ref_uut.decoded_imm_gold@0
285 11111 ref_uut.decoded_rd_gate@0
286 11111 ref_uut.decoded_rd_gold@0
287 0 ref_uut.decoder_pseudo_trigger_gate@0
288 1 ref_uut.decoder_pseudo_trigger_gold@0
289 0 ref_uut.is_lbu_lhu_lw_gate@0
290 0 ref_uut.is_lbu_lhu_lw_gold@0
291 0 ref_uut.latched_is_lb_gate@0
292 0 ref_uut.latched_is_lb_gold@0
293 0 ref_uut.latched_is_lh_gate@0
294 0 ref_uut.latched_is_lh_gold@0
295 0 ref_uut.latched_is_lu_gate@0
296 0 ref_uut.latched_is_lu_gold@0
297 00000 ref_uut.latched_rd_gate@0
298 00000 ref_uut.latched_rd_gold@0
299 00000000000000000000000000000000 state4672@0
300 00000000000000000000000000000000 state4687@0
301 00000000000000000000000000000000 state4712@0
302 00000000 state4713@0
303 0000000000000000 state4731@0
304 00000000000000000000000000000000 state4741@0
305 00000000 state4742@0
306 0000000000000000 state4755@0
307 00000000000000000000000000000000 state4826@0
308 00000000000000000000000000000000 state4827@0
309 00000000000000000000000000000000 state4917@0
310 00000000000000000000000000000000 state4923@0
311 00000000000000000000000000000000 state4977@0
312 00000000000000000000000000000000 state4978@0
313 00000000000000000000000000000000 state5068@0
314 00000000000000000000000000000000 state5074@0
315 0 state5142@0
316 0 state5194@0
317 00000000000000000000000000000000 state5227@0
318 0 state5253@0
319 00000000000000000000000000000000 state5270@0
320 0 state5296@0
321 0 state5413@0
322 0 state5422@0
323 00000000000000000000000000000000 state5437@0
324 00000000000000000000000000000000 state5458@0
325 00011 state5766@0
326 11111 state5771@0
327 0 state6289@0
328 1 state6436@0
@0
0 0 clk@0
1 00010001100110000000000010001111 irq@0
2 00000000000000000000000000000000 mem_rdata@0
3 0 mem_ready@0
4 0 resetn@0
#1
43 0000 state213@1
48 0000 state245@1
171 0 state3555@1
172 0 state3573@1
173 000000000000000000000000000000 state3581@1
175 0 state3605@1
176 0 state3622@1
177 000000000000000000000000000000 state3630@1
179 0 state3724@1
183 0 state3738@1
267 00000000000000000000000000000000 state4406@1
270 00000000000000000000000000000000 state4436@1
279 00000000000000000000000000000000 state4560@1
281 00000000000000000000000000000000 state4577@1
299 00000000000000000000000000000000 state4672@1
300 00000000000000000000000000000000 state4687@1
301 00000000000000000000000000000000 state4712@1
302 00000000 state4713@1
303 0000000000000000 state4731@1
304 00000000000000000000000000000000 state4741@1
305 00000000 state4742@1
306 0000000000000000 state4755@1
307 00000000000000000000000000000000 state4826@1
308 00000000000000000000000000000000 state4827@1
309 00000000000000000000000000000000 state4917@1
310 00000000000000000000000000000000 state4923@1
311 00000000000000000000000000000000 state4977@1
312 00000000000000000000000000000000 state4978@1
313 00000000000000000000000000000000 state5068@1
314 00000000000000000000000000000000 state5074@1
315 0 state5142@1
316 0 state5194@1
317 00000000000000000000000000000000 state5227@1
318 0 state5253@1
319 00000000000000000000000000000000 state5270@1
320 0 state5296@1
321 0 state5413@1
322 0 state5422@1
323 00000000000000000000000000000000 state5437@1
324 00000000000000000000000000000000 state5458@1
325 00010 state5766@1
326 10101 state5771@1
327 0 state6289@1
328 0 state6436@1
@1
0 0 clk@1
1 00000000000000000000000000000000 irq@1
2 00000000000000000000000000000000 mem_rdata@1
3 0 mem_ready@1
4 1 resetn@1
#2
43 0000 state213@2
48 0000 state245@2
171 0 state3555@2
172 0 state3573@2
173 000000000000000000000000000000 state3581@2
175 0 state3605@2
176 0 state3622@2
177 000000000000000000000000000000 state3630@2
179 0 state3724@2
183 0 state3738@2
267 00000000000000000000000000000000 state4406@2
270 00000000000000000000000000000000 state4436@2
279 00000000000000000000000000000000 state4560@2
281 00000000000000000000000000000000 state4577@2
299 00000000000000000000000000000000 state4672@2
300 00000000000000000000000000000000 state4687@2
301 00000000000000000000000000000000 state4712@2
302 00000000 state4713@2
303 0000000000000000 state4731@2
304 00000000000000000000000000000000 state4741@2
305 00000000 state4742@2
306 0000000000000000 state4755@2
307 00000000000000000000000000000000 state4826@2
308 00000000000000000000000000000000 state4827@2
309 00000000000000000000000000000000 state4917@2
310 00000000000000000000000000000000 state4923@2
311 00000000000000000000000000000000 state4977@2
312 00000000000000000000000000000000 state4978@2
313 00000000000000000000000000000000 state5068@2
314 00000000000000000000000000000000 state5074@2
315 0 state5142@2
316 0 state5194@2
317 00000000000000000000000000000000 state5227@2
318 0 state5253@2
319 00000000000000000000000000000000 state5270@2
320 0 state5296@2
321 0 state5413@2
322 0 state5422@2
323 00000000000000000000000000000000 state5437@2
324 00000000000000000000000000000000 state5458@2
325 10011 state5766@2
326 00100 state5771@2
327 0 state6289@2
328 0 state6436@2
@2
0 0 clk@2
1 00000000000000000000000000000000 irq@2
2 00000000000000000000000000000000 mem_rdata@2
3 0 mem_ready@2
4 1 resetn@2
#3
43 0000 state213@3
48 0000 state245@3
171 0 state3555@3
172 0 state3573@3
173 000000000000000000000000000000 state3581@3
175 0 state3605@3
176 0 state3622@3
177 000000000000000000000000000000 state3630@3
179 0 state3724@3
183 0 state3738@3
267 00000000000000000000000000000000 state4406@3
270 00000000000000000000000000000000 state4436@3
279 00000000000000000000000000000000 state4560@3
281 00000000000000000000000000000000 state4577@3
299 00000000000000000000000000000000 state4672@3
300 00000000000000000000000000000000 state4687@3
301 00000000000000000000000000000000 state4712@3
302 00000000 state4713@3
303 0000000000000000 state4731@3
304 00000000000000000000000000000000 state4741@3
305 00000000 state4742@3
306 0000000000000000 state4755@3
307 00000000000000000000000000000000 state4826@3
308 00000000000000000000000000000000 state4827@3
309 00000000000000000000000000000000 state4917@3
310 00000000000000000000000000000000 state4923@3
311 00000000000000000000000000000000 state4977@3
312 00000000000000000000000000000000 state4978@3
313 00000000000000000000000000000000 state5068@3
314 00000000000000000000000000000000 state5074@3
315 0 state5142@3
316 0 state5194@3
317 00000000000000000000000000000000 state5227@3
318 0 state5253@3
319 00000000000000000000000000000000 state5270@3
320 0 state5296@3
321 0 state5413@3
322 0 state5422@3
323 00000000000000000000000000000000 state5437@3
324 00000000000000000000000000000000 state5458@3
325 10011 state5766@3
326 00100 state5771@3
327 0 state6289@3
328 0 state6436@3
@3
0 0 clk@3
1 00000000000000000000000000000000 irq@3
2 00000110000000001100000000001011 mem_rdata@3
3 1 mem_ready@3
4 1 resetn@3
#4
43 0000 state213@4
48 0000 state245@4
171 0 state3555@4
172 0 state3573@4
173 000000000000000000000000000000 state3581@4
175 0 state3605@4
176 0 state3622@4
177 000000000000000000000000000000 state3630@4
179 0 state3724@4
183 0 state3738@4
267 00000000000000000000000000000000 state4406@4
270 00000000000000000000000000000000 state4436@4
279 00000000000000000000000000000000 state4560@4
281 00000000000000000000000000000000 state4577@4
299 00000000000000000000000000000000 state4672@4
300 00000000000000000000000000000000 state4687@4
301 00000000000000000000000000000000 state4712@4
302 00000000 state4713@4
303 0000000000000000 state4731@4
304 00000000000000000000000000000000 state4741@4
305 00000000 state4742@4
306 0000000000000000 state4755@4
307 00000000000000000000000000000000 state4826@4
308 00000000000000000000000000000000 state4827@4
309 00000000000000000000000000000000 state4917@4
310 00000000000000000000000000000000 state4923@4
311 00000000000000000000000000000000 state4977@4
312 00000000000000000000000000000000 state4978@4
313 00000000000000000000000000000000 state5068@4
314 00000000000000000000000000000000 state5074@4
315 0 state5142@4
316 0 state5194@4
317 00000000000000000000000000000000 state5227@4
318 0 state5253@4
319 00000000000000000000000000000000 state5270@4
320 0 state5296@4
321 0 state5413@4
322 0 state5422@4
323 00000000000000000000000000000000 state5437@4
324 00000000000000000000000000000000 state5458@4
325 10011 state5766@4
326 00100 state5771@4
327 0 state6289@4
328 0 state6436@4
@4
0 0 clk@4
1 00000000000000000000000000000000 irq@4
2 11001000000000000000000000000011 mem_rdata@4
3 0 mem_ready@4
4 1 resetn@4
#5
43 0000 state213@5
48 0000 state245@5
171 0 state3555@5
172 0 state3573@5
173 000000000000000000000000000000 state3581@5
175 0 state3605@5
176 0 state3622@5
177 000000000000000000000000000000 state3630@5
179 0 state3724@5
183 0 state3738@5
267 00000000000000000000000000000000 state4406@5
270 00000000000000000000000000000000 state4436@5
279 01110111111111111111111111111100 state4560@5
281 01111111111111111111111111110100 state4577@5
299 00000000000000000000000000000000 state4672@5
300 00000000000000000000000000000000 state4687@5
301 00000000000000000000000000000000 state4712@5
302 00000000 state4713@5
303 0000000000000000 state4731@5
304 00000000000000000000000000000000 state4741@5
305 00000000 state4742@5
306 0000000000000000 state4755@5
307 00000000000000000000000000000000 state4826@5
308 00000000000000000000000000000000 state4827@5
309 00000000000000000000000000000000 state4917@5
310 00000000000000000000000000000111 state4923@5
311 00000000000000000000000000000000 state4977@5
312 00000000000000000000000000000000 state4978@5
313 00000000000000000000000000000000 state5068@5
314 00000000000000000000000000000110 state5074@5
315 0 state5142@5
316 0 state5194@5
317 00000000000000000000000000000000 state5227@5
318 0 state5253@5
319 00000000000000000000000000000000 state5270@5
320 0 state5296@5
321 0 state5413@5
322 0 state5422@5
323 00000000000000000000000000000000 state5437@5
324 00000000000000000000000000000000 state5458@5
325 00010 state5766@5
326 00010 state5771@5
327 0 state6289@5
328 0 state6436@5
@5
0 0 clk@5
1 00000000000000000000000000000000 irq@5
2 00001001110111000000000000000011 mem_rdata@5
3 0 mem_ready@5
4 1 resetn@5
#6
43 0000 state213@6
48 0000 state245@6
171 0 state3555@6
172 0 state3573@6
173 111111111111111111111111111110 state3581@6
175 0 state3605@6
176 0 state3622@6
177 111111111111111111111111111110 state3630@6
179 0 state3724@6
183 1 state3738@6
267 11111111111111111111111111111111 state4406@6
270 11111111111111111111111111111111 state4436@6
279 00000000000000000000000000000000 state4560@6
281 00000000000000000000000000000000 state4577@6
299 00000000000000000000000000000000 state4672@6
300 00000000000000000000000000000000 state4687@6
301 00000000000000000000000000000000 state4712@6
302 00000000 state4713@6
303 0000000000000000 state4731@6
304 00000000000000000000000000000000 state4741@6
305 00000000 state4742@6
306 0000000000000000 state4755@6
307 00000000000000000000000000000001 state4826@6
308 00000000000000000000000000000000 state4827@6
309 00000000000000000000000000000000 state4917@6
310 00000000000000000000000000001111 state4923@6
311 00000000000000000000000000000001 state4977@6
312 00000000000000000000000000000000 state4978@6
313 00000000000000000000000000000000 state5068@6
314 00000000000000000000000000001111 state5074@6
315 0 state5142@6
316 0 state5194@6
317 11111111111111111111111111111110 state5227@6
318 0 state5253@6
319 11111111111111111111111111111110 state5270@6
320 0 state5296@6
321 0 state5413@6
322 0 state5422@6
323 11111111111111111111111111111111 state5437@6
324 11111111111111111111111111111111 state5458@6
325 11010 state5766@6
326 01111 state5771@6
327 0 state6289@6
328 0 state6436@6
@6
0 0 clk@6
1 00000000000000000000000000000000 irq@6
2 00000000101110100000000000000011 mem_rdata@6
3 0 mem_ready@6
4 1 resetn@6
#7
43 1111 state213@7
48 1111 state245@7
171 0 state3555@7
172 0 state3573@7
173 000000000000000000000000000000 state3581@7
175 0 state3605@7
176 0 state3622@7
177 000000000000000000000000000000 state3630@7
179 0 state3724@7
183 0 state3738@7
267 11111111111111111111111111111111 state4406@7
270 11111111111111111111111111111111 state4436@7
279 00000000000000000000000000000001 state4560@7
281 00000000000000000000000000000000 state4577@7
299 00000000000000000000000000000000 state4672@7
300 00000000000000000000000000000000 state4687@7
301 00000000000000001111111111111111 state4712@7
302 11111111 state4713@7
303 0000000000000000 state4731@7
304 00000000000000001111111111111111 state4741@7
305 11111111 state4742@7
306 0000000000000000 state4755@7
307 11111111111111111111010010000000 state4826@7
308 11111111111111111111111111111111 state4827@7
309 11111111111111111111111111111111 state4917@7
310 00000000000000000000000000011111 state4923@7
311 11111111111111111111010010001000 state4977@7
312 11111111111111111111111111111111 state4978@7
313 11111111111111111111111111111111 state5068@7
314 00000000000000000000000000011111 state5074@7
315 0 state5142@7
316 0 state5194@7
317 11111111111111111111111111111110 state5227@7
318 0 state5253@7
319 11111111111111111111111111111110 state5270@7
320 0 state5296@7
321 0 state5413@7
322 0 state5422@7
323 11111111111111111111111111111111 state5437@7
324 11111111111111111111111111111111 state5458@7
325 11010 state5766@7
326 01111 state5771@7
327 1 state6289@7
328 1 state6436@7
@7
0 0 clk@7
1 00000000000000000000000000000000 irq@7
2 00000000010010111000000000000010 mem_rdata@7
3 1 mem_ready@7
4 1 resetn@7
#8
43 1111 state213@8
48 1111 state245@8
171 0 state3555@8
172 0 state3573@8
173 000000000000000000000000000000 state3581@8
175 0 state3605@8
176 0 state3622@8
177 000000000000000000000000000000 state3630@8
179 1 state3724@8
183 1 state3738@8
267 11111111111111111111111111111111 state4406@8
270 11111111111111111111111111111111 state4436@8
279 00000000000000000000000000000100 state4560@8
281 00000000000000000000000000000100 state4577@8
299 00000000000000000000000000000000 state4672@8
300 00000000000000000000000000000000 state4687@8
301 00000000000000001111111111111111 state4712@8
302 11111111 state4713@8
303 0000000000000000 state4731@8
304 00000000000000001111111111111111 state4741@8
305 11111111 state4742@8
306 0000000000000000 state4755@8
307 11111111111111111111111111000001 state4826@8
308 11111111111111111111111111111111 state4827@8
309 11111111111111111111111111111111 state4917@8
310 00000000000000000000000000111111 state4923@8
311 11111111111111111111111111000001 state4977@8
312 11111111111111111111111111111111 state4978@8
313 11111111111111111111111111111111 state5068@8
314 00000000000000000000000000111111 state5074@8
315 0 state5142@8
316 0 state5194@8
317 11111111111111111111111111111110 state5227@8
318 0 state5253@8
319 11111111111111111111111111111110 state5270@8
320 0 state5296@8
321 0 state5413@8
322 0 state5422@8
323 11111111111111111111111111111111 state5437@8
324 11111111111111111111111111111111 state5458@8
325 11010 state5766@8
326 01111 state5771@8
327 0 state6289@8
328 0 state6436@8
@8
0 0 clk@8
1 00000000000000000000000000000000 irq@8
2 00101001100000100101111011101111 mem_rdata@8
3 1 mem_ready@8
4 1 resetn@8
#9
43 1111 state213@9
48 1111 state245@9
171 0 state3555@9
172 0 state3573@9
173 000000000000000000000000000000 state3581@9
175 0 state3605@9
176 0 state3622@9
177 000000000000000000000000000000 state3630@9
179 1 state3724@9
183 1 state3738@9
267 11111111111111111111111111111111 state4406@9
270 11111111111111111111111111111111 state4436@9
279 00000000000000000000000000000100 state4560@9
281 00000000000000000000000000000100 state4577@9
299 00000000000000000000000000000000 state4672@9
300 00000000000000000000000000000000 state4687@9
301 00000000000000001111111111111111 state4712@9
302 11111111 state4713@9
303 0000000000000000 state4731@9
304 00000000000000001111111111111111 state4741@9
305 11111111 state4742@9
306 0000000000000000 state4755@9
307 11111111111111111111111111111111 state4826@9
308 11111111111111111111111111111111 state4827@9
309 00000000000000000000000000000001 state4917@9
310 00000000000000000000000001111111 state4923@9
311 11111111111111111111111111111111 state4977@9
312 11111111111111111111111111111111 state4978@9
313 00000000000000000000000000000001 state5068@9
314 00000000000000000000000001111111 state5074@9
315 0 state5142@9
316 0 state5194@9
317 00000000000000000000000000000000 state5227@9
318 0 state5253@9
319 00000000000000000000000000000000 state5270@9
320 0 state5296@9
321 0 state5413@9
322 0 state5422@9
323 00000000000000000000000000000000 state5437@9
324 00000000000000000000000000000000 state5458@9
325 00000 state5766@9
326 00000 state5771@9
327 1 state6289@9
328 1 state6436@9
@9
0 0 clk@9
1 00000000000000000000000000000000 irq@9
2 00001001111101110000100110001011 mem_rdata@9
3 1 mem_ready@9
4 1 resetn@9
#10
43 1111 state213@10
48 1111 state245@10
171 0 state3555@10
172 0 state3573@10
173 011111111111111111111111111100 state3581@10
175 1 state3605@10
176 0 state3622@10
177 001100101011001000010011111111 state3630@10
179 1 state3724@10
183 1 state3738@10
267 00000000000000000111111111101101 state4406@10
270 00000000000000000000000000011101 state4436@10
279 00000000000000000000000000000100 state4560@10
281 00000000000000000000000000000100 state4577@10
299 00000000000000000000000000000000 state4672@10
300 00000000000000000000000000000000 state4687@10
301 00000000000000001111111111111111 state4712@10
302 11111111 state4713@10
303 0000000000000000 state4731@10
304 00000000000000001111111111111111 state4741@10
305 11111111 state4742@10
306 0000000000000000 state4755@10
307 00000000000000000000000000000101 state4826@10
308 11111111111111111111111111111111 state4827@10
309 11111111111111111111111111111111 state4917@10
310 00000000000000000000000011111111 state4923@10
311 00000000000000000000000000000101 state4977@10
312 11111111111111111111111111111111 state4978@10
313 11111111111111111111111111100001 state5068@10
314 00000000000000000000000011111111 state5074@10
315 0 state5142@10
316 0 state5194@10
317 11111111111111111111111111111111 state5227@10
318 0 state5253@10
319 11111111111111111111111111111111 state5270@10
320 0 state5296@10
321 0 state5413@10
322 0 state5422@10
323 11111111111111111111111111111111 state5437@10
324 11111111111111111111111111111111 state5458@10
325 00000 state5766@10
326 00000 state5771@10
327 0 state6289@10
328 0 state6436@10
@10
0 0 clk@10
1 00000000000000000000000000000001 irq@10
2 00110111100010101111111111110110 mem_rdata@10
3 0 mem_ready@10
4 1 resetn@10
#11
43 1111 state213@11
48 1111 state245@11
171 0 state3555@11
172 0 state3573@11
173 011111111111111111111111111100 state3581@11
175 1 state3605@11
176 1 state3622@11
177 000100100010000000000000001011 state3630@11
179 1 state3724@11
183 1 state3738@11
267 00000000000000000000000000000001 state4406@11
270 00000000000000000000000000011101 state4436@11
279 00000000000000000000000000000110 state4560@11
281 00000000000000000000000000000001 state4577@11
299 00000000000000000000000000000000 state4672@11
300 00000000000000000000000000000000 state4687@11
301 00000000000000001111111111111111 state4712@11
302 11111111 state4713@11
303 0000000000000000 state4731@11
304 00000000000000001111111111111111 state4741@11
305 11111111 state4742@11
306 0000000000000000 state4755@11
307 11111111111111111000000000000111 state4826@11
308 11111111111111111111111111111111 state4827@11
309 11111111111111111111111110110001 state4917@11
310 00000000000000000000000111111111 state4923@11
311 00000000000000000000000110000101 state4977@11
312 11111111111111111111111111111111 state4978@11
313 11111111111111111111111110000001 state5068@11
314 00000000000000000000000111111111 state5074@11
315 0 state5142@11
316 0 state5194@11
317 11111111111111111111111111111111 state5227@11
318 0 state5253@11
319 11111111111111111111111111111111 state5270@11
320 0 state5296@11
321 0 state5413@11
322 1 state5422@11
323 11111111111111111111111111111111 state5437@11
324 11111111111111111111111111111111 state5458@11
325 00001 state5766@11
326 00010 state5771@11
327 1 state6289@11
328 1 state6436@11
@11
0 0 clk@11
1 00000000000000000000000000000010 irq@11
2 00001101110011111111111111111100 mem_rdata@11
3 0 mem_ready@11
4 1 resetn@11
#12
43 1111 state213@12
48 1111 state245@12
171 0 state3555@12
172 0 state3573@12
173 000000000000000000000000000000 state3581@12
175 0 state3605@12
176 0 state3622@12
177 000000000000000000000000000000 state3630@12
179 1 state3724@12
183 1 state3738@12
267 00000000000000000000000000000001 state4406@12
270 00000000000000000000000000000001 state4436@12
279 00000000000000000000000000000000 state4560@12
281 00000000000000000000000000000000 state4577@12
299 00000000000000000000000000000000 state4672@12
300 00000000000000000000000000000000 state4687@12
301 00000000000000001111111111111111 state4712@12
302 11111111 state4713@12
303 0000000000000000 state4731@12
304 00000000000000001111111111111111 state4741@12
305 11111111 state4742@12
306 0000000000000000 state4755@12
307 11111111111111111111111111111111 state4826@12
308 11111111111111111111111111111111 state4827@12
309 11111111111111111111111111111111 state4917@12
310 00000000000000000000001111110111 state4923@12
311 11111111111111111111110000101001 state4977@12
312 11111111111111111111111111111111 state4978@12
313 11111111111111111111111111111111 state5068@12
314 00000000000000000000001111101111 state5074@12
315 0 state5142@12
316 0 state5194@12
317 11111111111111111111111111111111 state5227@12
318 0 state5253@12
319 11111111111111111111111111111111 state5270@12
320 0 state5296@12
321 0 state5413@12
322 0 state5422@12
323 00000000000000000000000000000000 state5437@12
324 00000000000000000000000000000000 state5458@12
325 00001 state5766@12
326 00010 state5771@12
327 0 state6289@12
328 0 state6436@12
@12
0 0 clk@12
1 00000000000000000000000000000000 irq@12
2 11111111101101000111111111111110 mem_rdata@12
3 1 mem_ready@12
4 1 resetn@12
#13
43 0000 state213@13
48 0000 state245@13
171 0 state3555@13
172 0 state3573@13
173 000000000000000000000000000000 state3581@13
175 0 state3605@13
176 0 state3622@13
177 000000000000000000000000000000 state3630@13
179 0 state3724@13
183 0 state3738@13
267 00000000000000000000000000000000 state4406@13
270 00000000000000000000000000000000 state4436@13
279 00000000000000000000000000000000 state4560@13
281 00000000000000000000000000000000 state4577@13
299 00000000000000000000000000000000 state4672@13
300 00000000000000000000000000000000 state4687@13
301 00000000000000000000000000000000 state4712@13
302 00000000 state4713@13
303 0000000000000000 state4731@13
304 00000000000000000000000000000000 state4741@13
305 00000000 state4742@13
306 0000000000000000 state4755@13
307 00000000000000000000000000000000 state4826@13
308 00000000000000000000000000000000 state4827@13
309 00000000000000000000000000000000 state4917@13
310 00000000000000000000000000000000 state4923@13
311 00000000000000000000000000000000 state4977@13
312 00000000000000000000000000000000 state4978@13
313 00000000000000000000000000000000 state5068@13
314 00000000000000000000000000000000 state5074@13
315 0 state5142@13
316 0 state5194@13
317 00000000000000000000000000000000 state5227@13
318 0 state5253@13
319 00000000000000000000000000000000 state5270@13
320 0 state5296@13
321 0 state5413@13
322 0 state5422@13
323 00000000000000000000000000000000 state5437@13
324 00000000000000000000000000000000 state5458@13
325 00000 state5766@13
326 00000 state5771@13
327 0 state6289@13
328 0 state6436@13
@13
0 0 clk@13
1 00000000000000000000000000000000 irq@13
2 00000000000000000000000000000000 mem_rdata@13
3 0 mem_ready@13
4 0 resetn@13
.

