sat
b0
#0
0 0 ref.trap@0
1 0 uut.trap@0
2 1 ref.mem_valid@0
3 1 uut.mem_valid@0
4 0 ref.mem_instr@0
5 0 uut.mem_instr@0
6 00000000000000000000000000000000 ref.mem_addr@0
7 00000000000000000000000000000000 uut.mem_addr@0
8 0000 ref.mem_wstrb@0
9 0000 uut.mem_wstrb@0
10 00000000000000000000000000000000 ref.mem_wdata@0
11 00000000000000000000000000000000 uut.mem_wdata@0
12 1 state82@0
13 00000000000000000000000000000000 ref.reg_op1@0
14 00000000000000000000000000000000 ref.reg_op2@0
15 0 ref.instr_sub@0
16 00000000000000000000000000000000 state101@0
17 0 ref.instr_sra@0
18 0 ref.instr_srai@0
19 0 ref.instr_srl@0
20 0 ref.instr_srli@0
21 0 ref.instr_sll@0
22 0 ref.instr_slli@0
23 0 ref.instr_andi@0
24 0 ref.instr_and@0
25 0 ref.instr_ori@0
26 0 ref.instr_or@0
27 0 ref.instr_xori@0
28 0 ref.instr_xor@0
29 0 state141@0
30 0 ref.is_sltiu_bltu_sltu@0
31 0 ref.is_slti_blt_slt@0
32 0 ref.instr_bgeu@0
33 0 ref.instr_bge@0
34 0 ref.instr_bne@0
35 0 ref.instr_beq@0
36 0 ref.is_compare@0
37 0 ref.is_lui_auipc_jal_jalr_addi_add_sub@0
38 00000000000000000000000000000000 ref.alu_out_q@0
39 0 ref.prefetched_high_word@0
40 0 ref.clear_prefetched_high_word_q@0
41 1 ref.latched_branch@0
42 00 ref.irq_state@0
43 0 ref.compressed_instr@0
44 0000000000000000000000000000000000000000000000000000000000000000 ref.count_cycle@0
45 0000000000000000000000000000000000000000000000000000000000000000 ref.count_instr@0
46 00000000 ref.cpu_state@0
47 00000000000000000000000000000000 ref.cpuregs[0]@0
48 00000000000000000000000000000000 ref.cpuregs[10]@0
49 00000000000000000000000000000000 ref.cpuregs[11]@0
50 00000000000000000000000000000000 ref.cpuregs[12]@0
51 00000000000000000000000000000000 ref.cpuregs[13]@0
52 00000000000000000000000000000000 ref.cpuregs[14]@0
53 00000000000000000000000000000000 ref.cpuregs[15]@0
54 00000000000000000000000000000000 ref.cpuregs[16]@0
55 00000000000000000000000000000000 ref.cpuregs[17]@0
56 00000000000000000000000000000000 ref.cpuregs[18]@0
57 00000000000000000000000000000000 ref.cpuregs[19]@0
58 00000000000000000000000000000000 ref.cpuregs[1]@0
59 00000000000000000000000000000000 ref.cpuregs[20]@0
60 00000000000000000000000000000000 ref.cpuregs[21]@0
61 00000000000000000000000000000000 ref.cpuregs[22]@0
62 00000000000000000000000000000000 ref.cpuregs[23]@0
63 00000000000000000000000000000000 ref.cpuregs[24]@0
64 00000000000000000000000000000000 ref.cpuregs[25]@0
65 00000000000000000000000000000000 ref.cpuregs[26]@0
66 00000000000000000000000000000000 ref.cpuregs[27]@0
67 00000000000000000000000000000000 ref.cpuregs[28]@0
68 00000000000000000000000000000000 ref.cpuregs[29]@0
69 00000000000000000000000000000000 ref.cpuregs[2]@0
70 00000000000000000000000000000000 ref.cpuregs[30]@0
71 00000000000000000000000000000000 ref.cpuregs[31]@0
72 00000000000000000000000000000000 ref.cpuregs[3]@0
73 00000000000000000000000000000000 ref.cpuregs[4]@0
74 00000000000000000000000000000000 ref.cpuregs[5]@0
75 00000000000000000000000000000000 ref.cpuregs[6]@0
76 00000000000000000000000000000000 ref.cpuregs[7]@0
77 00000000000000000000000000000000 ref.cpuregs[8]@0
78 00000000000000000000000000000000 ref.cpuregs[9]@0
79 00000 ref.decoded_rs1@0
80 00000 ref.decoded_rs2@0
81 00000000000000000000000000000000 state331@0
82 00000000000000000000000000000000 ref.irq_pending@0
83 00000000000000000000000000000000 ref.irq_mask@0
84 00000000000000000000000000000000 ref.reg_next_pc@0
85 0 ref.latched_compr@0
86 00000000000000000000000000000000 ref.reg_out@0
87 0 ref.latched_stalu@0
88 1 ref.latched_store@0
89 00000000000000000000000000000000 ref.reg_pc@0
90 11111111111111111111111111111111 ref.decoded_imm@0
91 00000000000000000000000000000000 ref.decoded_imm_j@0
92 11111 ref.decoded_rd@0
93 0 ref.decoder_pseudo_trigger@0
94 0 ref.decoder_trigger@0
95 0 ref.do_waitirq@0
96 0 ref.instr_add@0
97 0 ref.instr_addi@0
98 1 ref.instr_auipc@0
99 0 ref.instr_blt@0
100 0 ref.instr_bltu@0
101 0 ref.instr_jal@0
102 1 ref.instr_jalr@0
103 0 ref.instr_lb@0
104 0 ref.instr_lbu@0
105 0 ref.instr_lh@0
106 0 ref.instr_lhu@0
107 0 ref.instr_lui@0
108 0 ref.instr_lw@0
109 0 ref.instr_maskirq@0
110 0 ref.instr_rdcycle@0
111 0 ref.instr_rdcycleh@0
112 0 ref.instr_rdinstr@0
113 0 ref.instr_rdinstrh@0
114 0 ref.instr_retirq@0
115 0 ref.instr_sb@0
116 0 ref.instr_sh@0
117 0 ref.instr_slt@0
118 0 ref.instr_slti@0
119 0 ref.instr_sltiu@0
120 0 ref.instr_sltu@0
121 0 ref.instr_sw@0
122 0 ref.instr_timer@0
123 0 ref.instr_waitirq@0
124 0 ref.irq_active@0
125 0 ref.irq_delay@0
126 0 ref.is_alu_reg_imm@0
127 0 ref.is_alu_reg_reg@0
128 0 ref.is_beq_bne_blt_bge_bltu_bgeu@0
129 0 ref.is_jalr_addi_slti_sltiu_xori_ori_andi@0
130 0 ref.is_lb_lh_lw_lbu_lhu@0
131 0 ref.is_lbu_lhu_lw@0
132 0 ref.is_lui_auipc_jal@0
133 0 ref.is_sb_sh_sw@0
134 0 ref.is_slli_srli_srai@0
135 0 ref.last_mem_valid@0
136 0 ref.latched_is_lb@0
137 0 ref.latched_is_lh@0
138 0 ref.latched_is_lu@0
139 00000 ref.latched_rd@0
140 0000000000000011 ref.mem_16bit_buffer@0
141 1 ref.mem_do_prefetch@0
142 0 ref.mem_do_rdata@0
143 0 ref.mem_do_rinst@0
144 0 ref.mem_do_wdata@0
145 1 ref.mem_la_secondword@0
146 00 ref.mem_state@0
147 11001111011111001001111101101100 ref.mem_rdata_q@0
148 0 ref.mem_la_firstword_reg@0
149 00000000000000000000000000000000 state601@0
150 00 ref.mem_wordsize@0
151 0000 state625@0
152 00000000000000000000000000000000 state644@0
153 00000000 state645@0
154 0000000000000000 state664@0
155 00000 ref.reg_sh@0
156 00000000000000000000000000000000 ref.timer@0
157 00000000000000000000000000000000 uut.reg_op1@0
158 00000000000000000000000000000000 uut.reg_op2@0
159 0 uut.instr_sub@0
160 00000000000000000000000000000000 state702@0
161 0 uut.instr_sra@0
162 0 uut.instr_srai@0
163 0 uut.instr_srl@0
164 0 uut.instr_srli@0
165 0 uut.instr_sll@0
166 0 uut.instr_slli@0
167 0 uut.instr_andi@0
168 0 uut.instr_and@0
169 0 uut.instr_ori@0
170 0 uut.instr_or@0
171 0 uut.instr_xori@0
172 0 uut.instr_xor@0
173 0 state740@0
174 0 uut.is_sltiu_bltu_sltu@0
175 0 uut.is_slti_blt_slt@0
176 0 uut.instr_bgeu@0
177 0 uut.instr_bge@0
178 0 uut.instr_bne@0
179 0 uut.instr_beq@0
180 0 uut.is_compare@0
181 0 uut.is_lui_auipc_jal_jalr_addi_add_sub@0
182 00000000000000000000000000000000 uut.alu_out_q@0
183 0 uut.prefetched_high_word@0
184 0 uut.clear_prefetched_high_word_q@0
185 0 uut.latched_branch@0
186 00 uut.irq_state@0
187 0 uut.compressed_instr@0
188 0000000000000000000000000000000000000000000000000000000000000000 uut.count_cycle@0
189 0000000000000000000000000000000000000000000000000000000000000000 uut.count_instr@0
190 00000000 uut.cpu_state@0
191 00000000000000000000000000000000 uut.cpuregs[0]@0
192 00000000000000000000000000000000 uut.cpuregs[10]@0
193 00000000000000000000000000000000 uut.cpuregs[11]@0
194 00000000000000000000000000000000 uut.cpuregs[12]@0
195 00000000000000000000000000000000 uut.cpuregs[13]@0
196 00000000000000000000000000000000 uut.cpuregs[14]@0
197 00000000000000000000000000000000 uut.cpuregs[15]@0
198 00000000000000000000000000000000 uut.cpuregs[16]@0
199 00000000000000000000000000000000 uut.cpuregs[17]@0
200 00000000000000000000000000000000 uut.cpuregs[18]@0
201 00000000000000000000000000000000 uut.cpuregs[19]@0
202 00000000000000000000000000000000 uut.cpuregs[1]@0
203 00000000000000000000000000000000 uut.cpuregs[20]@0
204 00000000000000000000000000000000 uut.cpuregs[21]@0
205 00000000000000000000000000000000 uut.cpuregs[22]@0
206 00000000000000000000000000000000 uut.cpuregs[23]@0
207 00000000000000000000000000000000 uut.cpuregs[24]@0
208 00000000000000000000000000000000 uut.cpuregs[25]@0
209 00000000000000000000000000000000 uut.cpuregs[26]@0
210 00000000000000000000000000000000 uut.cpuregs[27]@0
211 00000000000000000000000000000000 uut.cpuregs[28]@0
212 00000000000000000000000000000000 uut.cpuregs[29]@0
213 00000000000000000000000000000000 uut.cpuregs[2]@0
214 00000000000000000000000000000000 uut.cpuregs[30]@0
215 00000000000000000000000000000000 uut.cpuregs[31]@0
216 00000000000000000000000000000000 uut.cpuregs[3]@0
217 00000000000000000000000000000000 uut.cpuregs[4]@0
218 00000000000000000000000000000000 uut.cpuregs[5]@0
219 00000000000000000000000000000000 uut.cpuregs[6]@0
220 00000000000000000000000000000000 uut.cpuregs[7]@0
221 00000000000000000000000000000000 uut.cpuregs[8]@0
222 00000000000000000000000000000000 uut.cpuregs[9]@0
223 00000 uut.decoded_rs1@0
224 00000 uut.decoded_rs2@0
225 00000000000000000000000000000000 state925@0
226 00000000000000000000000000000000 uut.irq_pending@0
227 00000000000000000000000000000000 uut.irq_mask@0
228 00000000000000000000000000000010 uut.reg_next_pc@0
229 0 uut.latched_compr@0
230 00000000000000000000000000000000 uut.reg_out@0
231 0 uut.latched_stalu@0
232 0 uut.latched_store@0
233 00000000000000000000000000000000 uut.reg_pc@0
234 11111111111111111111111111111111 uut.decoded_imm@0
235 00000000000000000000000000000000 uut.decoded_imm_j@0
236 11111 uut.decoded_rd@0
237 0 uut.decoder_pseudo_trigger@0
238 0 uut.decoder_trigger@0
239 0 uut.do_waitirq@0
240 0 uut.instr_add@0
241 0 uut.instr_addi@0
242 1 uut.instr_auipc@0
243 0 uut.instr_blt@0
244 0 uut.instr_bltu@0
245 0 uut.instr_jal@0
246 1 uut.instr_jalr@0
247 0 uut.instr_lb@0
248 0 uut.instr_lbu@0
249 0 uut.instr_lh@0
250 0 uut.instr_lhu@0
251 0 uut.instr_lui@0
252 0 uut.instr_lw@0
253 0 uut.instr_maskirq@0
254 0 uut.instr_rdcycle@0
255 0 uut.instr_rdcycleh@0
256 0 uut.instr_rdinstr@0
257 0 uut.instr_rdinstrh@0
258 0 uut.instr_retirq@0
259 0 uut.instr_sb@0
260 0 uut.instr_sh@0
261 0 uut.instr_slt@0
262 0 uut.instr_slti@0
263 0 uut.instr_sltiu@0
264 0 uut.instr_sltu@0
265 0 uut.instr_sw@0
266 0 uut.instr_timer@0
267 0 uut.instr_waitirq@0
268 0 uut.irq_active@0
269 0 uut.irq_delay@0
270 0 uut.is_alu_reg_imm@0
271 0 uut.is_alu_reg_reg@0
272 0 uut.is_beq_bne_blt_bge_bltu_bgeu@0
273 0 uut.is_jalr_addi_slti_sltiu_xori_ori_andi@0
274 0 uut.is_lb_lh_lw_lbu_lhu@0
275 0 uut.is_lbu_lhu_lw@0
276 0 uut.is_lui_auipc_jal@0
277 0 uut.is_sb_sh_sw@0
278 0 uut.is_slli_srli_srai@0
279 0 uut.last_mem_valid@0
280 0 uut.latched_is_lb@0
281 0 uut.latched_is_lh@0
282 0 uut.latched_is_lu@0
283 00000 uut.latched_rd@0
284 0010010000000011 uut.mem_16bit_buffer@0
285 0 uut.mem_do_prefetch@0
286 0 uut.mem_do_rdata@0
287 1 uut.mem_do_rinst@0
288 0 uut.mem_do_wdata@0
289 0 uut.mem_la_secondword@0
290 00 uut.mem_state@0
291 01001111000000001011101101100101 uut.mem_rdata_q@0
292 0 uut.mem_la_firstword_reg@0
293 00000000000000000000000000000000 state1154@0
294 00 uut.mem_wordsize@0
295 0000 state1178@0
296 00000000000000000000000000000000 state1196@0
297 00000000 state1197@0
298 0000000000000000 state1210@0
299 00000 uut.reg_sh@0
300 00000000000000000000000000000000 uut.timer@0
301 00000000000000000000000000000000 state1364@0
302 00000000000000000000000000000000 state1392@0
303 0 state2035@0
304 0 state2063@0
305 000000000000000000000000000000 state2077@0
306 00000000000000000000000000000000 state2127@0
307 00000000000000000000000000000000 state2128@0
308 00000000000000000000000000000000 state2218@0
309 00000000000000000000000000000000 state2224@0
310 0 state2257@0
311 0 state2855@0
312 0 state2889@0
313 0 state2904@0
314 00000 state3198@0
315 00000000000000000000000000000000 state3267@0
316 00000000000000000000000000000000 state3292@0
317 0 state3918@0
318 0 state3945@0
319 000000000000000000000000000000 state3959@0
320 00000000000000000000000000000000 state4008@0
321 00000000000000000000000000000000 state4009@0
322 00000000000000000000000000000000 state4099@0
323 00000000000000000000000000000000 state4105@0
324 0 state4138@0
325 0 state4719@0
326 0 state4753@0
327 0 state4768@0
328 00000 state5059@0
@0
0 0 clk@0
1 00000000000000000000000000000000 irq@0
2 10000000000000001010000000100000 mem_rdata@0
3 1 mem_ready@0
4 0 resetn@0
#1
16 00000000000000000000000000000000 state101@1
29 0 state141@1
81 00000000000000000000000000000000 state331@1
149 00000000000000000000000000000000 state601@1
151 0000 state625@1
152 00000000000000000000000000000000 state644@1
153 00000000 state645@1
154 0000000000000000 state664@1
160 00000000000000000000000000000000 state702@1
173 0 state740@1
225 00000000000000000000000000000000 state925@1
293 00000000000000000000000000000000 state1154@1
295 0000 state1178@1
296 00000000000000000000000000000000 state1196@1
297 00000000 state1197@1
298 0000000000000000 state1210@1
301 00000000000000000000000000000000 state1364@1
302 00000000000000000000000000000000 state1392@1
303 0 state2035@1
304 0 state2063@1
305 000000000000000000000000000000 state2077@1
306 00000000000000000000000000000000 state2127@1
307 00000000000000000000000000000000 state2128@1
308 00000000000000000000000000000000 state2218@1
309 00000000000000000000000000000000 state2224@1
310 0 state2257@1
311 0 state2855@1
312 0 state2889@1
313 0 state2904@1
314 00000 state3198@1
315 00000000000000000000000000000000 state3267@1
316 00000000000000000000000000000000 state3292@1
317 0 state3918@1
318 0 state3945@1
319 000000000000000000000000000000 state3959@1
320 00000000000000000000000000000000 state4008@1
321 00000000000000000000000000000000 state4009@1
322 00000000000000000000000000000000 state4099@1
323 00000000000000000000000000000000 state4105@1
324 0 state4138@1
325 0 state4719@1
326 0 state4753@1
327 0 state4768@1
328 00000 state5059@1
@1
0 0 clk@1
1 00000000000000000000000000000000 irq@1
2 00000000000000000000000000000000 mem_rdata@1
3 0 mem_ready@1
4 1 resetn@1
#2
16 00000000000000000000000000000000 state101@2
29 0 state141@2
81 00000000000000000000000000000000 state331@2
149 00000000000000000000000000000000 state601@2
151 0000 state625@2
152 00000000000000000000000000000000 state644@2
153 00000000 state645@2
154 0000000000000000 state664@2
160 00000000000000000000000000000000 state702@2
173 0 state740@2
225 00000000000000000000000000000000 state925@2
293 00000000000000000000000000000000 state1154@2
295 0000 state1178@2
296 00000000000000000000000000000000 state1196@2
297 00000000 state1197@2
298 0000000000000000 state1210@2
301 00000000000000000000000000000000 state1364@2
302 00000000000000000000000000000000 state1392@2
303 0 state2035@2
304 0 state2063@2
305 000000000000000000000000000000 state2077@2
306 00000000000000000000000000000000 state2127@2
307 00000000000000000000000000000000 state2128@2
308 00000000000000000000000000000000 state2218@2
309 00000000000000000000000000000000 state2224@2
310 0 state2257@2
311 0 state2855@2
312 0 state2889@2
313 0 state2904@2
314 00000 state3198@2
315 00000000000000000000000000000000 state3267@2
316 00000000000000000000000000000000 state3292@2
317 0 state3918@2
318 0 state3945@2
319 000000000000000000000000000000 state3959@2
320 00000000000000000000000000000000 state4008@2
321 00000000000000000000000000000000 state4009@2
322 00000000000000000000000000000000 state4099@2
323 00000000000000000000000000000000 state4105@2
324 0 state4138@2
325 0 state4719@2
326 0 state4753@2
327 0 state4768@2
328 00000 state5059@2
@2
0 0 clk@2
1 00000000000000000000000000000000 irq@2
2 00000000000000000000000000000000 mem_rdata@2
3 0 mem_ready@2
4 1 resetn@2
#3
16 00000000000000000000000000000000 state101@3
29 0 state141@3
81 00000000000000000000000000000000 state331@3
149 00000000000000000000000000000000 state601@3
151 0000 state625@3
152 00000000000000000000000000000000 state644@3
153 00000000 state645@3
154 0000000000000000 state664@3
160 00000000000000000000000000000000 state702@3
173 0 state740@3
225 00000000000000000000000000000000 state925@3
293 00000000000000000000000000000000 state1154@3
295 0000 state1178@3
296 00000000000000000000000000000000 state1196@3
297 00000000 state1197@3
298 0000000000000000 state1210@3
301 00000000000000000000000000000000 state1364@3
302 00000000000000000000000000000000 state1392@3
303 0 state2035@3
304 0 state2063@3
305 000000000000000000000000000000 state2077@3
306 00000000000000000000000000000000 state2127@3
307 00000000000000000000000000000000 state2128@3
308 00000000000000000000000000000000 state2218@3
309 00000000000000000000000000000000 state2224@3
310 0 state2257@3
311 0 state2855@3
312 0 state2889@3
313 0 state2904@3
314 00000 state3198@3
315 00000000000000000000000000000000 state3267@3
316 00000000000000000000000000000000 state3292@3
317 0 state3918@3
318 0 state3945@3
319 000000000000000000000000000000 state3959@3
320 00000000000000000000000000000000 state4008@3
321 00000000000000000000000000000000 state4009@3
322 00000000000000000000000000000000 state4099@3
323 00000000000000000000000000000000 state4105@3
324 0 state4138@3
325 0 state4719@3
326 0 state4753@3
327 0 state4768@3
328 00000 state5059@3
@3
0 0 clk@3
1 00000000000000000000000000000000 irq@3
2 00000110001000000010011110001011 mem_rdata@3
3 1 mem_ready@3
4 1 resetn@3
#4
16 00000000000000000000000000000000 state101@4
29 0 state141@4
81 00000000000000000000000000000000 state331@4
149 00000000000000000000000000000000 state601@4
151 0000 state625@4
152 00000000000000000000000000000000 state644@4
153 00000000 state645@4
154 0000000000000000 state664@4
160 00000000000000000000000000000000 state702@4
173 0 state740@4
225 00000000000000000000000000000000 state925@4
293 00000000000000000000000000000000 state1154@4
295 0000 state1178@4
296 00000000000000000000000000000000 state1196@4
297 00000000 state1197@4
298 0000000000000000 state1210@4
301 00000000000000000000000000000000 state1364@4
302 00000000000000000000000000000000 state1392@4
303 0 state2035@4
304 0 state2063@4
305 000000000000000000000000000000 state2077@4
306 00000000000000000000000000000000 state2127@4
307 00000000000000000000000000000000 state2128@4
308 00000000000000000000000000000000 state2218@4
309 00000000000000000000000000000000 state2224@4
310 0 state2257@4
311 0 state2855@4
312 0 state2889@4
313 0 state2904@4
314 00000 state3198@4
315 00000000000000000000000000000000 state3267@4
316 00000000000000000000000000000000 state3292@4
317 0 state3918@4
318 0 state3945@4
319 000000000000000000000000000000 state3959@4
320 00000000000000000000000000000000 state4008@4
321 00000000000000000000000000000000 state4009@4
322 00000000000000000000000000000000 state4099@4
323 00000000000000000000000000000000 state4105@4
324 0 state4138@4
325 0 state4719@4
326 0 state4753@4
327 0 state4768@4
328 00000 state5059@4
@4
0 0 clk@4
1 00000000000000000000000000000000 irq@4
2 00001001110111110000000000000011 mem_rdata@4
3 0 mem_ready@4
4 1 resetn@4
#5
16 00000000000000000000000000000000 state101@5
29 0 state141@5
81 00000000000000000000000000000010 state331@5
149 00000000000000000000000000000000 state601@5
151 0000 state625@5
152 00000000000000000000000000000000 state644@5
153 00000000 state645@5
154 0000000000000000 state664@5
160 00000000000000000000000000000000 state702@5
173 0 state740@5
225 00000000000000000000000000000010 state925@5
293 00000000000000000000000000000000 state1154@5
295 0000 state1178@5
296 00000000000000000000000000000000 state1196@5
297 00000000 state1197@5
298 0000000000000000 state1210@5
301 00000000000000000000000000000000 state1364@5
302 00000000000000000000000000000000 state1392@5
303 0 state2035@5
304 0 state2063@5
305 000000000000000000000000000000 state2077@5
306 00000000000000000000000000000000 state2127@5
307 00000000000000000000000000000000 state2128@5
308 00000000000000000000000000000000 state2218@5
309 00000000000000000000000000000111 state2224@5
310 1 state2257@5
311 0 state2855@5
312 0 state2889@5
313 0 state2904@5
314 10000 state3198@5
315 00000000000000000000000000000000 state3267@5
316 00000000000000000000000000000000 state3292@5
317 0 state3918@5
318 0 state3945@5
319 000000000000000000000000000000 state3959@5
320 00000000000000000000000000000000 state4008@5
321 00000000000000000000000000000000 state4009@5
322 00000000000000000000000000000000 state4099@5
323 00000000000000000000000000000111 state4105@5
324 1 state4138@5
325 0 state4719@5
326 0 state4753@5
327 0 state4768@5
328 10000 state5059@5
@5
0 0 clk@5
1 00000000000000000000000000000000 irq@5
2 11111111111111110000000000000011 mem_rdata@5
3 0 mem_ready@5
4 1 resetn@5
#6
16 11111111111111111111111111111101 state101@6
29 0 state141@6
81 00000000000000000000000000000000 state331@6
149 00000000000000000000000000000000 state601@6
151 0000 state625@6
152 00000000000000000000000000000000 state644@6
153 00000000 state645@6
154 0000000000000000 state664@6
160 11111111111111111111111111111101 state702@6
173 0 state740@6
225 00000000000000000000000000000000 state925@6
293 00000000000000000000000000000000 state1154@6
295 0000 state1178@6
296 00000000000000000000000000000000 state1196@6
297 00000000 state1197@6
298 0000000000000000 state1210@6
301 11111111111111111111111111111110 state1364@6
302 11111111111111111111111111111111 state1392@6
303 0 state2035@6
304 1 state2063@6
305 111111111111111111111111111110 state2077@6
306 01111111111111111111111111110101 state2127@6
307 00000000000000000000000000000000 state2128@6
308 00000000000000000000000000000000 state2218@6
309 00000000000000000000000000001111 state2224@6
310 1 state2257@6
311 0 state2855@6
312 0 state2889@6
313 0 state2904@6
314 11111 state3198@6
315 11111111111111111111111111111110 state3267@6
316 11111111111111111111111111111111 state3292@6
317 0 state3918@6
318 1 state3945@6
319 111111111111111111111111111110 state3959@6
320 01111111111111111111111111110101 state4008@6
321 00000000000000000000000000000000 state4009@6
322 00000000000000000000000000000000 state4099@6
323 00000000000000000000000000001111 state4105@6
324 1 state4138@6
325 0 state4719@6
326 0 state4753@6
327 0 state4768@6
328 11111 state5059@6
@6
0 0 clk@6
1 00000000000000000000000000000000 irq@6
2 00101010000000110000000000000000 mem_rdata@6
3 0 mem_ready@6
4 1 resetn@6
#7
16 00000000000000000000000000000000 state101@7
29 1 state141@7
81 00000000000000000000000000000100 state331@7
149 00000000000000000000000000000000 state601@7
151 0000 state625@7
152 00000000000000000000000000000010 state644@7
153 00000010 state645@7
154 0000000000000000 state664@7
160 00000000000000000000000000000000 state702@7
173 1 state740@7
225 01000000000000000000000000000000 state925@7
293 00000000000000000000000000000000 state1154@7
295 0000 state1178@7
296 00000000000000000000000000000010 state1196@7
297 00000010 state1197@7
298 0000000000000000 state1210@7
301 11111111111111111111111111111110 state1364@7
302 11111111111111111111111111111111 state1392@7
303 0 state2035@7
304 1 state2063@7
305 000000000000000000000000000000 state2077@7
306 00000000000000000000000000000000 state2127@7
307 00000000000000000000000000000010 state2128@7
308 11111111111111111111111111111111 state2218@7
309 00000000000000000000000000000011 state2224@7
310 1 state2257@7
311 0 state2855@7
312 0 state2889@7
313 0 state2904@7
314 11111 state3198@7
315 11111111111111111111111111111110 state3267@7
316 11111111111111111111111111111111 state3292@7
317 0 state3918@7
318 1 state3945@7
319 000000000000000000000000000000 state3959@7
320 00000000000000000000000000000000 state4008@7
321 00000000000000000000000000000010 state4009@7
322 11111111111111111111111111111111 state4099@7
323 00000000000000000000000000000011 state4105@7
324 1 state4138@7
325 0 state4719@7
326 0 state4753@7
327 0 state4768@7
328 11111 state5059@7
@7
0 0 clk@7
1 00000000000000000000000000000000 irq@7
2 10100001000000110101000000000110 mem_rdata@7
3 1 mem_ready@7
4 1 resetn@7
#8
16 00000000000000000000000000000000 state101@8
29 0 state141@8
81 00000000000000000000000000000000 state331@8
149 00000000000000000000000000000000 state601@8
151 0000 state625@8
152 00000000000000000000000000000010 state644@8
153 00000010 state645@8
154 0000000000000000 state664@8
160 00000000000000000000000000000000 state702@8
173 0 state740@8
225 00000000000000000000000000000100 state925@8
293 00000000000000000000000000000000 state1154@8
295 0000 state1178@8
296 00000000000000000000000000000010 state1196@8
297 00000010 state1197@8
298 0000000000000000 state1210@8
301 00000000000000000000000000000010 state1364@8
302 11111111111111111111111111111111 state1392@8
303 0 state2035@8
304 1 state2063@8
305 111111111111111111111111111110 state2077@8
306 00000000000000000000000000000010 state2127@8
307 00000000000000000000000000000010 state2128@8
308 11111111111111111111111111111111 state2218@8
309 00000000000000000000000000000011 state2224@8
310 0 state2257@8
311 0 state2855@8
312 0 state2889@8
313 0 state2904@8
314 00000 state3198@8
315 00000000000000000000000000000110 state3267@8
316 11111111111111111111111111111111 state3292@8
317 0 state3918@8
318 1 state3945@8
319 111111111111111111111111111110 state3959@8
320 00000000000000000000000000000010 state4008@8
321 00000000000000000000000000000010 state4009@8
322 11111111111111111111111111111111 state4099@8
323 00000000000000000000000000000011 state4105@8
324 0 state4138@8
325 0 state4719@8
326 0 state4753@8
327 0 state4768@8
328 00000 state5059@8
@8
0 0 clk@8
1 00000000000000000000000000000000 irq@8
2 00000000000000000010000000000011 mem_rdata@8
3 1 mem_ready@8
4 1 resetn@8
#9
16 00000000000000000000000000000000 state101@9
29 0 state141@9
81 00000000000000000000000000000110 state331@9
149 00000000000000000000000000000000 state601@9
151 0000 state625@9
152 00000000000000000000000000000011 state644@9
153 00000011 state645@9
154 0000000000000000 state664@9
160 00000000000000000000000000000000 state702@9
173 0 state740@9
225 00000000000000000000000000000110 state925@9
293 00000000000000000000000000000000 state1154@9
295 0000 state1178@9
296 00000000000000000000000000000011 state1196@9
297 00000011 state1197@9
298 0000000000000000 state1210@9
301 00000000000000000000000000001000 state1364@9
302 00000000000000000000000000000000 state1392@9
303 1 state2035@9
304 1 state2063@9
305 111111111111111111111111111111 state2077@9
306 00000000000000000000000000000001 state2127@9
307 00000000000000000000000000000001 state2128@9
308 00000000000000000000000000000001 state2218@9
309 11111111111111111111111111111011 state2224@9
310 0 state2257@9
311 0 state2855@9
312 0 state2889@9
313 0 state2904@9
314 11111 state3198@9
315 00000000000000000000000000000000 state3267@9
316 00000000000000000000000000000000 state3292@9
317 1 state3918@9
318 1 state3945@9
319 111111111111111111111111111111 state3959@9
320 00000000000000000000000000000001 state4008@9
321 00000000000000000000000000000001 state4009@9
322 00000000000000000000000000000001 state4099@9
323 11111111111111111111111111110011 state4105@9
324 0 state4138@9
325 0 state4719@9
326 0 state4753@9
327 0 state4768@9
328 11111 state5059@9
@9
0 0 clk@9
1 00000000000000000000000000000010 irq@9
2 00001000000010001010000000001011 mem_rdata@9
3 1 mem_ready@9
4 1 resetn@9
#10
16 00000000000000000000000000000000 state101@10
29 0 state141@10
81 00000000000000000000000000000000 state331@10
149 00000000000000000000000000000000 state601@10
151 0000 state625@10
152 00000000000000000000000000000000 state644@10
153 00000000 state645@10
154 0000000000000000 state664@10
160 00000000000000000000000000000000 state702@10
173 1 state740@10
225 00000000000000000000000000000000 state925@10
293 00000000000000000000000000000000 state1154@10
295 0000 state1178@10
296 00000000000000000000000000000000 state1196@10
297 00000000 state1197@10
298 0000000000000000 state1210@10
301 00000000000000000000000000000000 state1364@10
302 00000000000000000000000000000000 state1392@10
303 0 state2035@10
304 0 state2063@10
305 000000000000000000000000000000 state2077@10
306 11111111111111111111111100110100 state2127@10
307 00000000000000000000000000000000 state2128@10
308 00000000000000000000000000000000 state2218@10
309 11111111111111111111111100000010 state2224@10
310 0 state2257@10
311 1 state2855@10
312 0 state2889@10
313 0 state2904@10
314 00000 state3198@10
315 00000000000000000000000000000000 state3267@10
316 00000000000000000000000000000000 state3292@10
317 0 state3918@10
318 0 state3945@10
319 000000000000000000000000000000 state3959@10
320 11111111111111111111111100110100 state4008@10
321 00000000000000000000000000000000 state4009@10
322 00000000000000000000000000000000 state4099@10
323 00000000000000000000000000000101 state4105@10
324 0 state4138@10
325 0 state4719@10
326 0 state4753@10
327 1 state4768@10
328 00000 state5059@10
@10
0 0 clk@10
1 00000000000000000000000000000000 irq@10
2 00000100011001110000000010000001 mem_rdata@10
3 1 mem_ready@10
4 1 resetn@10
#11
16 00000000000000000000000000000000 state101@11
29 0 state141@11
81 00000000000000000000000000000000 state331@11
149 00000000000000000000000000000000 state601@11
151 0000 state625@11
152 00000000000000000000000000000000 state644@11
153 00000000 state645@11
154 0000000000000000 state664@11
160 00000000000000000000000000000000 state702@11
173 0 state740@11
225 00000000000000000000000000000000 state925@11
293 00000000000000000000000000000000 state1154@11
295 0000 state1178@11
296 00000000000000000000000000000000 state1196@11
297 00000000 state1197@11
298 0000000000000000 state1210@11
301 00000000000000000000000000000000 state1364@11
302 00000000000000000000000000000000 state1392@11
303 0 state2035@11
304 0 state2063@11
305 000000000000000000000000000000 state2077@11
306 00000000000000000000000000000000 state2127@11
307 00000000000000000000000000000000 state2128@11
308 00000000000000000000000000000000 state2218@11
309 00000000000000000000000000000000 state2224@11
310 0 state2257@11
311 0 state2855@11
312 0 state2889@11
313 0 state2904@11
314 00000 state3198@11
315 00000000000000000000000000000000 state3267@11
316 00000000000000000000000000000000 state3292@11
317 0 state3918@11
318 0 state3945@11
319 000000000000000000000000000000 state3959@11
320 00000000000000000000000000000000 state4008@11
321 00000000000000000000000000000000 state4009@11
322 00000000000000000000000000000000 state4099@11
323 00000000000000000000000000000000 state4105@11
324 0 state4138@11
325 0 state4719@11
326 0 state4753@11
327 0 state4768@11
328 00000 state5059@11
@11
0 0 clk@11
1 00000000000000000000000000000000 irq@11
2 10000001000000011010000100001001 mem_rdata@11
3 1 mem_ready@11
4 1 resetn@11
#12
16 00000000000000000000000000000000 state101@12
29 0 state141@12
81 00000000000000000000000000000000 state331@12
149 00000000000000000000000000000000 state601@12
151 0000 state625@12
152 00000000000000000000000000000000 state644@12
153 00000000 state645@12
154 0000000000000000 state664@12
160 00000000000000000000000000000000 state702@12
173 0 state740@12
225 00000000000000000000000000000000 state925@12
293 00000000000000000000000000000000 state1154@12
295 0000 state1178@12
296 00000000000000000000000000000000 state1196@12
297 00000000 state1197@12
298 0000000000000000 state1210@12
301 00000000000000000000000000000000 state1364@12
302 00000000000000000000000000000000 state1392@12
303 0 state2035@12
304 0 state2063@12
305 000000000000000000000000000000 state2077@12
306 00000000000000000000000000000000 state2127@12
307 00000000000000000000000000000000 state2128@12
308 00000000000000000000000000000000 state2218@12
309 00000000000000000000000000000000 state2224@12
310 0 state2257@12
311 0 state2855@12
312 0 state2889@12
313 0 state2904@12
314 00000 state3198@12
315 00000000000000000000000000000000 state3267@12
316 00000000000000000000000000000000 state3292@12
317 0 state3918@12
318 0 state3945@12
319 000000000000000000000000000000 state3959@12
320 00000000000000000000000000000000 state4008@12
321 00000000000000000000000000000000 state4009@12
322 00000000000000000000000000000000 state4099@12
323 00000000000000000000000000000000 state4105@12
324 0 state4138@12
325 0 state4719@12
326 0 state4753@12
327 0 state4768@12
328 00000 state5059@12
@12
0 0 clk@12
1 00000000000000000000000000000000 irq@12
2 00000000000000000000000000000000 mem_rdata@12
3 0 mem_ready@12
4 1 resetn@12
#13
16 00000000000000000000000000000000 state101@13
29 0 state141@13
81 00000000000000000000000000000000 state331@13
149 00000000000000000000000000000000 state601@13
151 0000 state625@13
152 00000000000000000000000000000000 state644@13
153 00000000 state645@13
154 0000000000000000 state664@13
160 00000000000000000000000000000000 state702@13
173 0 state740@13
225 00000000000000000000000000000000 state925@13
293 00000000000000000000000000000000 state1154@13
295 0000 state1178@13
296 00000000000000000000000000000000 state1196@13
297 00000000 state1197@13
298 0000000000000000 state1210@13
301 00000000000000000000000000000000 state1364@13
302 00000000000000000000000000000000 state1392@13
303 0 state2035@13
304 0 state2063@13
305 000000000000000000000000000000 state2077@13
306 00000000000000000000000000000000 state2127@13
307 00000000000000000000000000000000 state2128@13
308 00000000000000000000000000000000 state2218@13
309 00000000000000000000000000000000 state2224@13
310 0 state2257@13
311 0 state2855@13
312 0 state2889@13
313 0 state2904@13
314 00000 state3198@13
315 00000000000000000000000000000000 state3267@13
316 00000000000000000000000000000000 state3292@13
317 0 state3918@13
318 0 state3945@13
319 000000000000000000000000000000 state3959@13
320 00000000000000000000000000000000 state4008@13
321 00000000000000000000000000000000 state4009@13
322 00000000000000000000000000000000 state4099@13
323 00000000000000000000000000000000 state4105@13
324 0 state4138@13
325 0 state4719@13
326 0 state4753@13
327 0 state4768@13
328 00000 state5059@13
@13
0 0 clk@13
1 00000000000000000000000000000000 irq@13
2 00000000000000000000000000000000 mem_rdata@13
3 0 mem_ready@13
4 0 resetn@13
.

