AVR -- Proof Race 
copyright (c) 2019  Aman Goel and Karem Sakallah, University of Michigan
@     0s  (starting avr proof race)
@     0s  (output dir: /scratch/network/hongcez/hwmcc/avr-log/btor2/bv/mann/data-integrity/unsafe/pr_arbitrated_top_n5_w64_d128_e0)
@     0s  (max 11 workers)
@     0s  (started worker 0 with pid 159669)
@     0s  (started worker 1 with pid 159670)
@     0s  (started worker 2 with pid 159671)
@     0s  (started worker 3 with pid 159672)
@     0s  (started worker 4 with pid 159673)
@     0s  (spawned 5 workers)
@     0s  (total 5 workers using 0 MB)
@     1s  (started worker 5 with pid 159791)
@     1s  (spawned 1 workers)
@     1s  (total 6 workers using 589 MB)
@     2s  (started worker 6 with pid 159830)
@     2s  (spawned 1 workers)
@     2s  (total 7 workers using 930 MB)
@     3s  (started worker 7 with pid 159887)
@     3s  (spawned 1 workers)
@     3s  (total 8 workers using 1313 MB)
@     6s  (started worker 8 with pid 159944)
@     6s  (spawned 1 workers)
@     6s  (total 9 workers using 1616 MB)
@     9s  (started worker 9 with pid 160025)
@     9s  (spawned 1 workers)
@     9s  (total 10 workers using 1865 MB)
@    12s  (started worker 10 with pid 160088)
@    12s  (spawned 1 workers)
@    12s  (total 11 workers using 2358 MB)
@    24s  (total 11 workers using 4247 MB)
@    41s  (total 11 workers using 5191 MB)
@    57s  (total 11 workers using 6127 MB)
@    71s  (total 11 workers using 6537 MB)
@    86s  (total 11 workers using 6638 MB)
@   101s  (total 11 workers using 6756 MB)
@   114s  (total 11 workers using 6889 MB)
@   129s  (total 11 workers using 7030 MB)
@   142s  (total 11 workers using 7092 MB)
@   157s  (total 11 workers using 7125 MB)
@   170s  (total 11 workers using 7315 MB)
@   184s  (total 11 workers using 7425 MB)
@   197s  (total 11 workers using 7593 MB)
@   212s  (total 11 workers using 7854 MB)
@   225s  (total 11 workers using 7969 MB)
@   239s  (total 11 workers using 7839 MB)
@   253s  (total 11 workers using 7835 MB)
@   267s  (total 11 workers using 7990 MB)
@   280s  (total 11 workers using 7992 MB)
@   295s  (total 11 workers using 8266 MB)
@   308s  (total 11 workers using 8271 MB)
@   322s  (total 11 workers using 8288 MB)
@   335s  (total 11 workers using 8250 MB)
@   350s  (total 11 workers using 8325 MB)
@   363s  (total 11 workers using 8423 MB)
@   377s  (total 11 workers using 8392 MB)
@   391s  (total 11 workers using 8454 MB)
@   405s  (total 11 workers using 8471 MB)
@   418s  (total 11 workers using 8606 MB)
@   433s  (total 11 workers using 8553 MB)
@   446s  (total 11 workers using 8555 MB)
@   460s  (total 11 workers using 8781 MB)
@   473s  (total 11 workers using 8947 MB)
@   488s  (total 11 workers using 8718 MB)
@   501s  (total 11 workers using 8826 MB)
@   515s  (total 11 workers using 8965 MB)
@   529s  (total 11 workers using 8980 MB)
@   543s  (total 11 workers using 8925 MB)
@   556s  (total 11 workers using 8994 MB)
@   571s  (total 11 workers using 8963 MB)
@   584s  (total 11 workers using 9076 MB)
@   598s  (total 11 workers using 9156 MB)
@   612s  (total 11 workers using 9285 MB)
@   626s  (total 11 workers using 9282 MB)
@   639s  (total 11 workers using 9196 MB)
@   653s  (total 11 workers using 9286 MB)
@   666s  (total 11 workers using 9321 MB)
@   681s  (total 11 workers using 9304 MB)
@   694s  (total 11 workers using 9391 MB)
@   708s  (total 11 workers using 9404 MB)
@   722s  (total 11 workers using 9501 MB)
@   736s  (total 11 workers using 9643 MB)
@   749s  (total 11 workers using 9728 MB)
@   764s  (total 11 workers using 9986 MB)
@   777s  (total 11 workers using 10018 MB)
@   791s  (total 11 workers using 10036 MB)
@   804s  (total 11 workers using 9981 MB)
@   819s  (total 11 workers using 10016 MB)
@   832s  (total 11 workers using 10004 MB)
@   846s  (total 11 workers using 10138 MB)
@   860s  (total 11 workers using 10052 MB)
@   874s  (total 11 workers using 10079 MB)
@   888s  (total 11 workers using 10014 MB)
@   902s  (total 11 workers using 10391 MB)
@   915s  (total 11 workers using 10375 MB)
@   930s  (total 11 workers using 10056 MB)
@   943s  (total 11 workers using 10190 MB)
@   958s  (total 11 workers using 10206 MB)
@   971s  (total 11 workers using 10133 MB)
@   985s  (total 11 workers using 10269 MB)
@   999s  (total 11 workers using 10189 MB)
@  1013s  (total 11 workers using 10591 MB)
@  1026s  (total 11 workers using 10582 MB)
@  1041s  (total 11 workers using 10503 MB)
@  1054s  (total 11 workers using 10507 MB)
@  1068s  (total 11 workers using 10578 MB)
@  1081s  (total 11 workers using 10574 MB)
@  1096s  (total 11 workers using 10824 MB)
@  1109s  (total 11 workers using 11285 MB)
@  1123s  (total 11 workers using 11322 MB)
@  1137s  (total 11 workers using 11366 MB)
@  1151s  (total 11 workers using 11282 MB)
@  1164s  (total 11 workers using 11282 MB)
@  1178s  (total 11 workers using 11301 MB)
@  1192s  (total 11 workers using 11526 MB)
@  1206s  (total 11 workers using 11551 MB)
@  1219s  (total 11 workers using 11553 MB)
@  1234s  (total 11 workers using 11599 MB)
@  1247s  (total 11 workers using 11797 MB)
@  1261s  (total 11 workers using 11771 MB)
@  1274s  (total 11 workers using 11434 MB)
@  1289s  (total 11 workers using 11793 MB)
@  1302s  (total 11 workers using 11826 MB)
@  1317s  (total 11 workers using 11870 MB)
@  1330s  (total 11 workers using 11756 MB)
@  1344s  (total 11 workers using 11740 MB)
@  1358s  (total 11 workers using 11841 MB)
@  1372s  (total 11 workers using 12116 MB)
@  1385s  (total 11 workers using 11968 MB)
@  1400s  (total 11 workers using 12486 MB)
@  1413s  (total 11 workers using 12295 MB)
@  1427s  (total 11 workers using 12337 MB)
@  1441s  (total 11 workers using 12338 MB)
@  1455s  (total 11 workers using 12414 MB)
@  1468s  (total 11 workers using 12415 MB)
@  1482s  (total 11 workers using 12513 MB)
@  1496s  (total 11 workers using 12404 MB)
@  1510s  (total 11 workers using 12454 MB)
@  1523s  (total 11 workers using 12090 MB)
@  1538s  (total 11 workers using 12363 MB)
@  1551s  (total 11 workers using 12724 MB)
@  1566s  (total 11 workers using 12830 MB)
@  1579s  (total 11 workers using 12778 MB)
@  1593s  (total 11 workers using 12827 MB)
@  1607s  (total 11 workers using 12933 MB)
@  1621s  (total 11 workers using 13434 MB)
@  1634s  (total 11 workers using 13434 MB)
@  1649s  (total 11 workers using 13433 MB)
@  1662s  (total 11 workers using 13372 MB)
@  1677s  (total 11 workers using 13481 MB)
@  1690s  (total 11 workers using 13487 MB)
@  1704s  (total 11 workers using 13475 MB)
@  1717s  (total 11 workers using 13522 MB)
@  1732s  (total 11 workers using 13608 MB)
@  1745s  (total 11 workers using 13632 MB)
@  1760s  (total 11 workers using 13497 MB)
@  1773s  (total 11 workers using 13506 MB)
@  1788s  (total 11 workers using 13176 MB)
@  1801s  (total 11 workers using 13177 MB)
@  1815s  (total 11 workers using 13224 MB)
@  1828s  (total 11 workers using 13104 MB)
@  1843s  (total 11 workers using 13272 MB)
@  1856s  (total 11 workers using 13371 MB)
@  1871s  (total 11 workers using 13393 MB)
@  1884s  (total 11 workers using 14083 MB)
@  1898s  (total 11 workers using 13877 MB)
@  1911s  (total 11 workers using 14159 MB)
@  1926s  (total 11 workers using 14201 MB)
@  1939s  (total 11 workers using 14540 MB)
@  1953s  (total 11 workers using 14545 MB)
@  1967s  (total 11 workers using 14580 MB)
@  1981s  (total 11 workers using 13993 MB)
@  1994s  (total 11 workers using 14327 MB)
@  2009s  (total 11 workers using 14275 MB)
@  2022s  (total 11 workers using 14102 MB)
@  2036s  (total 11 workers using 14084 MB)
@  2049s  (total 11 workers using 14205 MB)
@  2064s  (total 11 workers using 14267 MB)
@  2077s  (total 11 workers using 14419 MB)
@  2092s  (total 11 workers using 14471 MB)
@  2105s  (total 11 workers using 14470 MB)
@  2119s  (total 11 workers using 14977 MB)
@  2132s  (total 11 workers using 14984 MB)
@  2147s  (total 11 workers using 15013 MB)
@  2160s  (total 11 workers using 14825 MB)
@  2174s  (total 11 workers using 15237 MB)
@  2188s  (total 11 workers using 15132 MB)
@  2202s  (total 11 workers using 15403 MB)
@  2215s  (total 11 workers using 15261 MB)
@  2229s  (total 11 workers using 15466 MB)
@  2242s  (total 11 workers using 14915 MB)
@  2257s  (total 11 workers using 14921 MB)
@  2270s  (total 11 workers using 15045 MB)
@  2285s  (total 11 workers using 15074 MB)
@  2298s  (total 11 workers using 15003 MB)
@  2312s  (total 11 workers using 15476 MB)
@  2326s  (total 11 workers using 15471 MB)
@  2340s  (total 11 workers using 15470 MB)
@  2353s  (total 11 workers using 15496 MB)
@  2368s  (total 11 workers using 15550 MB)
@  2381s  (total 11 workers using 15806 MB)
@  2395s  (total 11 workers using 15655 MB)
@  2409s  (total 11 workers using 15727 MB)
@  2423s  (total 11 workers using 15851 MB)
@  2436s  (total 11 workers using 15643 MB)
@  2450s  (total 11 workers using 15451 MB)
@  2463s  (total 11 workers using 15694 MB)
@  2478s  (total 11 workers using 15630 MB)
@  2491s  (total 11 workers using 15735 MB)
@  2505s  (total 11 workers using 15786 MB)
@  2519s  (total 11 workers using 15786 MB)
@  2533s  (total 11 workers using 15786 MB)
@  2546s  (total 11 workers using 15811 MB)
@  2561s  (total 11 workers using 15868 MB)
@  2574s  (total 11 workers using 16382 MB)
@  2588s  (total 11 workers using 16227 MB)
@  2602s  (total 11 workers using 16386 MB)
@  2616s  (total 11 workers using 16382 MB)
@  2629s  (total 11 workers using 16407 MB)
@  2643s  (total 11 workers using 16225 MB)
@  2657s  (total 11 workers using 16258 MB)
@  2671s  (total 11 workers using 16304 MB)
@  2684s  (total 11 workers using 16505 MB)
@  2698s  (total 11 workers using 16547 MB)
@  2712s  (total 11 workers using 16752 MB)
@  2726s  (total 11 workers using 16788 MB)
@  2739s  (total 11 workers using 16945 MB)
@  2754s  (total 11 workers using 17119 MB)
@  2767s  (total 11 workers using 17235 MB)
@  2781s  (total 11 workers using 17252 MB)
@  2794s  (total 11 workers using 17346 MB)
@  2808s  (total 11 workers using 17220 MB)
@  2822s  (total 11 workers using 17314 MB)
@  2836s  (total 11 workers using 17319 MB)
@  2849s  (total 11 workers using 16963 MB)
@  2863s  (total 11 workers using 16976 MB)
@  2877s  (total 11 workers using 16981 MB)
@  2891s  (total 11 workers using 16988 MB)
@  2905s  (total 11 workers using 16924 MB)
@  2918s  (total 11 workers using 16954 MB)
@  2929s  (total 11 workers using 16960 MB)
@  2941s  (total 11 workers using 16968 MB)
@  2952s  (total 11 workers using 16976 MB)
@  2964s  (total 11 workers using 17484 MB)
@  2976s  (total 11 workers using 17493 MB)
@  2988s  (total 11 workers using 17501 MB)
@  2999s  (total 11 workers using 17509 MB)
@  3011s  (total 11 workers using 17515 MB)
@  3022s  (total 11 workers using 17525 MB)
@  3034s  (total 11 workers using 17637 MB)
@  3046s  (total 11 workers using 17651 MB)
@  3057s  (total 11 workers using 17698 MB)
@  3069s  (total 11 workers using 17774 MB)
@  3081s  (total 11 workers using 17749 MB)
@  3092s  (total 11 workers using 17716 MB)
@  3104s  (total 11 workers using 17544 MB)
@  3115s  (total 11 workers using 17740 MB)
@  3127s  (total 11 workers using 17718 MB)
@  3138s  (total 11 workers using 17591 MB)
@  3150s  (total 11 workers using 17751 MB)
@  3162s  (total 11 workers using 17669 MB)
@  3174s  (total 11 workers using 17759 MB)
@  3185s  (total 11 workers using 17800 MB)
@  3197s  (total 11 workers using 17738 MB)
@  3208s  (total 11 workers using 17606 MB)
@  3220s  (total 11 workers using 17821 MB)
@  3232s  (total 11 workers using 17623 MB)
@  3244s  (total 11 workers using 17311 MB)
@  3255s  (total 11 workers using 17367 MB)
@  3267s  (total 11 workers using 17385 MB)
@  3278s  (total 11 workers using 17280 MB)
@  3290s  (total 11 workers using 17371 MB)
@  3302s  (total 11 workers using 17280 MB)
@  3314s  (total 11 workers using 18091 MB)
@  3325s  (total 11 workers using 18083 MB)
@  3337s  (total 11 workers using 18067 MB)
@  3348s  (total 11 workers using 17952 MB)
@  3360s  (total 11 workers using 17959 MB)
@  3372s  (total 11 workers using 17969 MB)
@  3384s  (total 11 workers using 17979 MB)
@  3395s  (total 11 workers using 17986 MB)
@  3407s  (total 11 workers using 17986 MB)
@  3419s  (total 11 workers using 17982 MB)
@  3430s  (total 11 workers using 17993 MB)
@  3442s  (total 11 workers using 18006 MB)
@  3454s  (total 11 workers using 18036 MB)
@  3465s  (total 11 workers using 18030 MB)
@  3477s  (total 11 workers using 17832 MB)
@  3489s  (total 11 workers using 17842 MB)
@  3501s  (total 11 workers using 17844 MB)
@  3512s  (total 11 workers using 18080 MB)
@  3524s  (total 11 workers using 18062 MB)
@  3535s  (total 11 workers using 18093 MB)
@  3547s  (total 11 workers using 18227 MB)
@  3558s  (total 11 workers using 18230 MB)
@  3570s  (total 11 workers using 18296 MB)
@  3575s  (stopping all workers)
@  3575s  (worker 0 finished with result unknown) python3 avr.py -a sa
@  3575s  (worker 2 finished with result unknown) python3 avr.py
@  3575s  (worker 4 finished with result unknown) python3 avr.py -b bin_y2 --bmc
@  3575s  (worker 6 finished with result unknown) python3 avr.py -a sa --interpol 1 -f 1
@  3575s  (worker 8 finished with result unknown) python3 avr.py -l 5 -g 3 -a sa8 --interpol 1 -f 1
@  3575s  (worker 10 finished with result unknown) python3 avr.py --bmc
@  3575s  (worker 1 finished with result unknown) python3 avr.py -b bin_bt_cadical -s --bmc
@  3575s  (worker 5 finished with result unknown) python3 avr.py -b bin_bt_cadical -g 3 -l 0 -a sa32
@  3575s  (worker 9 finished with result unknown) python3 avr.py -b bin_y2 -s -a sa4 --interpol 1 -f 1
@  3575s  (worker 3 finished with result unknown) python3 avr.py -b bin_y2 -s
@  3575s  (worker 7 finished with result unknown) python3 avr.py -s -l 0
@  3575s  (copied results from worker 0 in /scratch/network/hongcez/hwmcc/avr-log/btor2/bv/mann/data-integrity/unsafe/pr_arbitrated_top_n5_w64_d128_e0)
@  3575s  [0;30;47m(proof race finished with answer unknown in 3575.27 seconds)[m
