	(output dir: /scratch/network/hongcez/hwmcc/avr-log/btor2/bv/mann/data-integrity/unsafe/pr_arbitrated_top_n3_w32_d32_e0/work_w1)
	(frontend: btor2)
	(property: all (1 assertions))
	(1 / 3186 flops initialized)
	(abstraction: sa+uf)
	(bmc: safe till step 0)
	(bmc: safe till step 10)
	(bmc: safe till step 20)
	(bmc: safe till step 30)
	(bmc: found cex at step 34)
   0	: 0	: 0 s: 0    480s                  

AVR -- Proof Race 
copyright (c) 2019  Aman Goel and Karem Sakallah, University of Michigan
@     0s  (starting avr proof race)
@     0s  (output dir: /scratch/network/hongcez/hwmcc/avr-log/btor2/bv/mann/data-integrity/unsafe/pr_arbitrated_top_n3_w32_d32_e0)
@     0s  (max 11 workers)
@     0s  (started worker 0 with pid 195286)
@     0s  (started worker 1 with pid 195287)
@     0s  (started worker 2 with pid 195288)
@     0s  (started worker 3 with pid 195289)
@     0s  (started worker 4 with pid 195290)
@     0s  (spawned 5 workers)
@     0s  (total 5 workers using 0 MB)
@     1s  (started worker 5 with pid 195405)
@     1s  (spawned 1 workers)
@     1s  (total 6 workers using 215 MB)
@     2s  (started worker 6 with pid 195445)
@     2s  (spawned 1 workers)
@     2s  (total 7 workers using 308 MB)
@     3s  (started worker 7 with pid 195489)
@     3s  (spawned 1 workers)
@     3s  (total 8 workers using 399 MB)
@     5s  (started worker 8 with pid 195556)
@     5s  (spawned 1 workers)
@     5s  (total 9 workers using 478 MB)
@     9s  (started worker 9 with pid 195641)
@     9s  (spawned 1 workers)
@     9s  (total 10 workers using 546 MB)
@    12s  (started worker 10 with pid 195707)
@    12s  (spawned 1 workers)
@    12s  (total 11 workers using 682 MB)
@    25s  (total 11 workers using 983 MB)
@    41s  (total 11 workers using 1243 MB)
@    58s  (total 11 workers using 1493 MB)
@    72s  (total 11 workers using 1618 MB)
@    86s  (total 11 workers using 1771 MB)
@   101s  (total 11 workers using 2065 MB)
@   115s  (total 11 workers using 2156 MB)
@   129s  (total 11 workers using 2320 MB)
@   142s  (total 11 workers using 2464 MB)
@   157s  (total 11 workers using 2608 MB)
@   170s  (total 11 workers using 2766 MB)
@   184s  (total 11 workers using 2881 MB)
@   197s  (total 11 workers using 2947 MB)
@   212s  (total 11 workers using 3020 MB)
@   225s  (total 11 workers using 3046 MB)
@   239s  (total 11 workers using 3122 MB)
@   253s  (total 11 workers using 3118 MB)
@   267s  (total 11 workers using 3151 MB)
@   280s  (total 11 workers using 3162 MB)
@   295s  (total 11 workers using 3285 MB)
@   308s  (total 11 workers using 3366 MB)
@   322s  (total 11 workers using 3408 MB)
@   335s  (total 11 workers using 3430 MB)
@   350s  (total 11 workers using 3477 MB)
@   363s  (total 11 workers using 3602 MB)
@   377s  (total 11 workers using 3600 MB)
@   390s  (total 11 workers using 3622 MB)
@   405s  (total 11 workers using 3696 MB)
@   418s  (total 11 workers using 3726 MB)
@   432s  (total 11 workers using 3732 MB)
@   445s  (total 11 workers using 3786 MB)
@   459s  (total 11 workers using 3828 MB)
@   473s  (total 11 workers using 3922 MB)
@   487s  (total 11 workers using 3986 MB)
@   500s  (total 11 workers using 4017 MB)
@   515s  (total 11 workers using 4240 MB)
@   528s  (total 11 workers using 4326 MB)
@   542s  (total 11 workers using 4350 MB)
@   555s  (total 11 workers using 4399 MB)
@   570s  (total 11 workers using 4444 MB)
@   572s  (worker 1 finished with result unsafe) python3 avr.py -b bin_bt_cadical -s --bmc
@   572s  (worker 1 output)
@   572s  (stopping all workers)
@   572s  (copied results from worker 1 in /scratch/network/hongcez/hwmcc/avr-log/btor2/bv/mann/data-integrity/unsafe/pr_arbitrated_top_n3_w32_d32_e0)
@   572s  [0;30;47m(proof race finished with answer unsafe in 572.10 seconds)[m
