	(output dir: /scratch/network/hongcez/hwmcc/avr-log/btor2/bv/mann/data-integrity/unsafe/pr_arbitrated_top_n2_w16_d32_e0/work_w1)
	(frontend: btor2)
	(property: all (1 assertions))
	(1 / 1098 flops initialized)
	(abstraction: sa+uf)
	(bmc: safe till step 0)
	(bmc: safe till step 10)
	(bmc: safe till step 20)
	(bmc: safe till step 30)
	(bmc: found cex at step 34)
   0	: 0	: 0 s: 0    468s                  

AVR -- Proof Race 
copyright (c) 2019  Aman Goel and Karem Sakallah, University of Michigan
@     0s  (starting avr proof race)
@     0s  (output dir: /scratch/network/hongcez/hwmcc/avr-log/btor2/bv/mann/data-integrity/unsafe/pr_arbitrated_top_n2_w16_d32_e0)
@     0s  (max 11 workers)
@     0s  (started worker 0 with pid 204691)
@     0s  (started worker 1 with pid 204692)
@     0s  (started worker 2 with pid 204693)
@     0s  (started worker 3 with pid 204694)
@     0s  (started worker 4 with pid 204695)
@     0s  (spawned 5 workers)
@     0s  (total 5 workers using 0 MB)
@     1s  (started worker 5 with pid 204808)
@     1s  (spawned 1 workers)
@     1s  (total 6 workers using 160 MB)
@     2s  (started worker 6 with pid 204852)
@     2s  (spawned 1 workers)
@     2s  (total 7 workers using 201 MB)
@     3s  (started worker 7 with pid 204912)
@     3s  (spawned 1 workers)
@     3s  (total 8 workers using 269 MB)
@     6s  (started worker 8 with pid 204971)
@     6s  (spawned 1 workers)
@     6s  (total 9 workers using 333 MB)
@     9s  (started worker 9 with pid 205042)
@     9s  (spawned 1 workers)
@     9s  (total 10 workers using 458 MB)
@    12s  (started worker 10 with pid 205112)
@    12s  (spawned 1 workers)
@    12s  (total 11 workers using 560 MB)
@    25s  (total 11 workers using 855 MB)
@    41s  (total 11 workers using 1156 MB)
@    58s  (total 11 workers using 1459 MB)
@    72s  (total 11 workers using 1683 MB)
@    86s  (total 11 workers using 1817 MB)
@   102s  (total 11 workers using 2030 MB)
@   115s  (total 11 workers using 2240 MB)
@   129s  (total 11 workers using 2427 MB)
@   143s  (total 11 workers using 2594 MB)
@   157s  (total 11 workers using 2673 MB)
@   171s  (total 11 workers using 2758 MB)
@   185s  (total 11 workers using 2909 MB)
@   198s  (total 11 workers using 3094 MB)
@   212s  (total 11 workers using 3262 MB)
@   226s  (total 11 workers using 3403 MB)
@   240s  (total 11 workers using 3495 MB)
@   253s  (total 11 workers using 3674 MB)
@   268s  (total 11 workers using 3835 MB)
@   281s  (total 11 workers using 3917 MB)
@   295s  (total 11 workers using 3971 MB)
@   309s  (total 11 workers using 4009 MB)
@   323s  (total 11 workers using 4066 MB)
@   336s  (total 11 workers using 4088 MB)
@   351s  (total 11 workers using 4199 MB)
@   364s  (total 11 workers using 4286 MB)
@   378s  (total 11 workers using 4288 MB)
@   392s  (total 11 workers using 4343 MB)
@   406s  (total 11 workers using 4531 MB)
@   419s  (total 11 workers using 4587 MB)
@   434s  (total 11 workers using 4792 MB)
@   447s  (total 11 workers using 4838 MB)
@   461s  (total 11 workers using 4889 MB)
@   474s  (total 11 workers using 4917 MB)
@   489s  (total 11 workers using 4963 MB)
@   502s  (total 11 workers using 5045 MB)
@   516s  (total 11 workers using 5140 MB)
@   530s  (total 11 workers using 5295 MB)
@   544s  (total 11 workers using 5368 MB)
@   557s  (total 11 workers using 5453 MB)
@   564s  (worker 1 finished with result unsafe) python3 avr.py -b bin_bt_cadical -s --bmc
@   564s  (worker 1 output)
@   564s  (stopping all workers)
@   564s  (copied results from worker 1 in /scratch/network/hongcez/hwmcc/avr-log/btor2/bv/mann/data-integrity/unsafe/pr_arbitrated_top_n2_w16_d32_e0)
@   564s  [0;30;47m(proof race finished with answer unsafe in 564.20 seconds)[m
