AVR -- Proof Race 
copyright (c) 2019  Aman Goel and Karem Sakallah, University of Michigan
@     0s  (starting avr proof race)
@     0s  (output dir: /scratch/network/hongcez/hwmcc/avr-log/btor2/bv/mann/data-integrity/unsafe/pr_arbitrated_top_n3_w64_d128_e0)
@     0s  (max 11 workers)
@     0s  (started worker 0 with pid 190965)
@     0s  (started worker 1 with pid 190966)
@     0s  (started worker 2 with pid 190967)
@     0s  (started worker 3 with pid 190968)
@     0s  (started worker 4 with pid 190969)
@     0s  (spawned 5 workers)
@     0s  (total 5 workers using 0 MB)
@     1s  (started worker 5 with pid 191096)
@     1s  (spawned 1 workers)
@     1s  (total 6 workers using 458 MB)
@     2s  (started worker 6 with pid 191139)
@     2s  (spawned 1 workers)
@     2s  (total 7 workers using 702 MB)
@     3s  (started worker 7 with pid 191190)
@     3s  (spawned 1 workers)
@     3s  (total 8 workers using 906 MB)
@     5s  (started worker 8 with pid 191242)
@     5s  (spawned 1 workers)
@     5s  (total 9 workers using 1286 MB)
@     9s  (started worker 9 with pid 191320)
@     9s  (spawned 1 workers)
@     9s  (total 10 workers using 1930 MB)
@    12s  (started worker 10 with pid 191400)
@    12s  (spawned 1 workers)
@    12s  (total 11 workers using 1951 MB)
@    24s  (total 11 workers using 3103 MB)
@    41s  (total 11 workers using 3812 MB)
@    57s  (total 11 workers using 3956 MB)
@    72s  (total 11 workers using 4281 MB)
@    86s  (total 11 workers using 4450 MB)
@   102s  (total 11 workers using 4555 MB)
@   115s  (total 11 workers using 4554 MB)
@   130s  (total 11 workers using 4556 MB)
@   143s  (total 11 workers using 4800 MB)
@   157s  (total 11 workers using 4864 MB)
@   171s  (total 11 workers using 5000 MB)
@   185s  (total 11 workers using 5173 MB)
@   199s  (total 11 workers using 5188 MB)
@   213s  (total 11 workers using 5141 MB)
@   226s  (total 11 workers using 5222 MB)
@   241s  (total 11 workers using 5374 MB)
@   254s  (total 11 workers using 5368 MB)
@   269s  (total 11 workers using 5447 MB)
@   282s  (total 11 workers using 5463 MB)
@   297s  (total 11 workers using 5483 MB)
@   310s  (total 11 workers using 5498 MB)
@   324s  (total 11 workers using 5620 MB)
@   338s  (total 11 workers using 5675 MB)
@   352s  (total 11 workers using 5700 MB)
@   365s  (total 11 workers using 5768 MB)
@   379s  (total 11 workers using 5985 MB)
@   393s  (total 11 workers using 6045 MB)
@   407s  (total 11 workers using 6099 MB)
@   420s  (total 11 workers using 6082 MB)
@   434s  (total 11 workers using 6112 MB)
@   448s  (total 11 workers using 6141 MB)
@   462s  (total 11 workers using 6254 MB)
@   475s  (total 11 workers using 6537 MB)
@   489s  (total 11 workers using 6652 MB)
@   502s  (total 11 workers using 6607 MB)
@   517s  (total 11 workers using 6701 MB)
@   530s  (total 11 workers using 6684 MB)
@   544s  (total 11 workers using 6730 MB)
@   557s  (total 11 workers using 6784 MB)
@   571s  (total 11 workers using 6860 MB)
@   585s  (total 11 workers using 6873 MB)
@   599s  (total 11 workers using 7283 MB)
@   612s  (total 11 workers using 7268 MB)
@   626s  (total 11 workers using 7443 MB)
@   639s  (total 11 workers using 7486 MB)
@   654s  (total 11 workers using 7461 MB)
@   667s  (total 11 workers using 7256 MB)
@   681s  (total 11 workers using 7448 MB)
@   695s  (total 11 workers using 7478 MB)
@   708s  (total 11 workers using 7569 MB)
@   721s  (total 11 workers using 7579 MB)
@   735s  (total 11 workers using 7608 MB)
@   749s  (total 11 workers using 7595 MB)
@   763s  (total 11 workers using 7761 MB)
@   776s  (total 11 workers using 8204 MB)
@   791s  (total 11 workers using 8318 MB)
@   804s  (total 11 workers using 8363 MB)
@   818s  (total 11 workers using 8389 MB)
@   831s  (total 11 workers using 8435 MB)
@   845s  (total 11 workers using 8808 MB)
@   859s  (total 11 workers using 8760 MB)
@   873s  (total 11 workers using 8484 MB)
@   887s  (total 11 workers using 8491 MB)
@   901s  (total 11 workers using 8494 MB)
@   915s  (total 11 workers using 8539 MB)
@   929s  (total 11 workers using 8547 MB)
@   942s  (total 11 workers using 8859 MB)
@   957s  (total 11 workers using 8839 MB)
@   970s  (total 11 workers using 8927 MB)
@   984s  (total 11 workers using 9005 MB)
@   997s  (total 11 workers using 9042 MB)
@  1012s  (total 11 workers using 8983 MB)
@  1025s  (total 11 workers using 8834 MB)
@  1039s  (total 11 workers using 8952 MB)
@  1053s  (total 11 workers using 8870 MB)
@  1067s  (total 11 workers using 8870 MB)
@  1080s  (total 11 workers using 8975 MB)
@  1095s  (total 11 workers using 9001 MB)
@  1108s  (total 11 workers using 9503 MB)
@  1122s  (total 11 workers using 9674 MB)
@  1135s  (total 11 workers using 9779 MB)
@  1150s  (total 11 workers using 9772 MB)
@  1163s  (total 11 workers using 10011 MB)
@  1177s  (total 11 workers using 10211 MB)
@  1191s  (total 11 workers using 10215 MB)
@  1205s  (total 11 workers using 10058 MB)
@  1218s  (total 11 workers using 9951 MB)
@  1232s  (total 11 workers using 10035 MB)
@  1245s  (total 11 workers using 10298 MB)
@  1260s  (total 11 workers using 10348 MB)
@  1273s  (total 11 workers using 10398 MB)
@  1287s  (total 11 workers using 10415 MB)
@  1300s  (total 11 workers using 10360 MB)
@  1314s  (total 11 workers using 10360 MB)
@  1328s  (total 11 workers using 10122 MB)
@  1342s  (total 11 workers using 10127 MB)
@  1356s  (total 11 workers using 10185 MB)
@  1370s  (total 11 workers using 10230 MB)
@  1383s  (total 11 workers using 10314 MB)
@  1397s  (total 11 workers using 10361 MB)
@  1410s  (total 11 workers using 10430 MB)
@  1425s  (total 11 workers using 10669 MB)
@  1438s  (total 11 workers using 10626 MB)
@  1452s  (total 11 workers using 10626 MB)
@  1465s  (total 11 workers using 10626 MB)
@  1479s  (total 11 workers using 10634 MB)
@  1493s  (total 11 workers using 10682 MB)
@  1507s  (total 11 workers using 10742 MB)
@  1520s  (total 11 workers using 10801 MB)
@  1535s  (total 11 workers using 10764 MB)
@  1548s  (total 11 workers using 10647 MB)
@  1562s  (total 11 workers using 10647 MB)
@  1575s  (total 11 workers using 10678 MB)
@  1590s  (total 11 workers using 10991 MB)
@  1603s  (total 11 workers using 11033 MB)
@  1618s  (total 11 workers using 11157 MB)
@  1631s  (total 11 workers using 11135 MB)
@  1645s  (total 11 workers using 11136 MB)
@  1659s  (total 11 workers using 11136 MB)
@  1673s  (total 11 workers using 11134 MB)
@  1686s  (total 11 workers using 11137 MB)
@  1701s  (total 11 workers using 11157 MB)
@  1714s  (total 11 workers using 11194 MB)
@  1728s  (total 11 workers using 11485 MB)
@  1741s  (total 11 workers using 11553 MB)
@  1755s  (total 11 workers using 11471 MB)
@  1768s  (total 11 workers using 11485 MB)
@  1783s  (total 11 workers using 11624 MB)
@  1796s  (total 11 workers using 11745 MB)
@  1810s  (total 11 workers using 12256 MB)
@  1823s  (total 11 workers using 12494 MB)
@  1838s  (total 11 workers using 12857 MB)
@  1851s  (total 11 workers using 12540 MB)
@  1865s  (total 11 workers using 12952 MB)
@  1878s  (total 11 workers using 13033 MB)
@  1893s  (total 11 workers using 13089 MB)
@  1906s  (total 11 workers using 13106 MB)
@  1921s  (total 11 workers using 13144 MB)
@  1934s  (total 11 workers using 13157 MB)
@  1948s  (total 11 workers using 13198 MB)
@  1962s  (total 11 workers using 13174 MB)
@  1976s  (total 11 workers using 13011 MB)
@  1989s  (total 11 workers using 13076 MB)
@  2003s  (total 11 workers using 13071 MB)
@  2016s  (total 11 workers using 13088 MB)
@  2031s  (total 11 workers using 13110 MB)
@  2044s  (total 11 workers using 13134 MB)
@  2058s  (total 11 workers using 13433 MB)
@  2071s  (total 11 workers using 13253 MB)
@  2086s  (total 11 workers using 13311 MB)
@  2099s  (total 11 workers using 13260 MB)
@  2113s  (total 11 workers using 13436 MB)
@  2127s  (total 11 workers using 13461 MB)
@  2141s  (total 11 workers using 13274 MB)
@  2154s  (total 11 workers using 13274 MB)
@  2168s  (total 11 workers using 13573 MB)
@  2181s  (total 11 workers using 13571 MB)
@  2196s  (total 11 workers using 13337 MB)
@  2209s  (total 11 workers using 13118 MB)
@  2223s  (total 11 workers using 13118 MB)
@  2236s  (total 11 workers using 13118 MB)
@  2250s  (total 11 workers using 13191 MB)
@  2264s  (total 11 workers using 13191 MB)
@  2277s  (total 11 workers using 13231 MB)
@  2289s  (total 11 workers using 13231 MB)
@  2300s  (total 11 workers using 13488 MB)
@  2312s  (total 11 workers using 13488 MB)
@  2323s  (total 11 workers using 13488 MB)
@  2334s  (total 11 workers using 13488 MB)
@  2346s  (total 11 workers using 13488 MB)
@  2357s  (total 11 workers using 13493 MB)
@  2369s  (total 11 workers using 13467 MB)
@  2380s  (total 11 workers using 13465 MB)
@  2392s  (total 11 workers using 13512 MB)
@  2403s  (total 11 workers using 13469 MB)
@  2415s  (total 11 workers using 13469 MB)
@  2426s  (total 11 workers using 13502 MB)
@  2438s  (total 11 workers using 13502 MB)
@  2449s  (total 11 workers using 13470 MB)
@  2461s  (total 11 workers using 13515 MB)
@  2472s  (total 11 workers using 13469 MB)
@  2484s  (total 11 workers using 13508 MB)
@  2495s  (total 11 workers using 13509 MB)
@  2507s  (total 11 workers using 13369 MB)
@  2518s  (total 11 workers using 13469 MB)
@  2530s  (total 11 workers using 13413 MB)
@  2541s  (total 11 workers using 13413 MB)
@  2552s  (total 11 workers using 13417 MB)
@  2564s  (total 11 workers using 13330 MB)
@  2575s  (total 11 workers using 13379 MB)
@  2586s  (total 11 workers using 13381 MB)
@  2598s  (total 11 workers using 13327 MB)
@  2609s  (total 11 workers using 13337 MB)
@  2621s  (total 11 workers using 13567 MB)
@  2632s  (total 11 workers using 13600 MB)
@  2644s  (total 11 workers using 13602 MB)
@  2655s  (total 11 workers using 13603 MB)
@  2666s  (total 11 workers using 13607 MB)
@  2678s  (total 11 workers using 13609 MB)
@  2689s  (total 11 workers using 13610 MB)
@  2700s  (total 11 workers using 13612 MB)
@  2712s  (total 11 workers using 13615 MB)
@  2723s  (total 11 workers using 13619 MB)
@  2735s  (total 11 workers using 13621 MB)
@  2746s  (total 11 workers using 13630 MB)
@  2758s  (total 11 workers using 13748 MB)
@  2769s  (total 11 workers using 13752 MB)
@  2780s  (total 11 workers using 13732 MB)
@  2792s  (total 11 workers using 13609 MB)
@  2803s  (total 11 workers using 13621 MB)
@  2814s  (total 11 workers using 13657 MB)
@  2826s  (total 11 workers using 13700 MB)
@  2837s  (total 11 workers using 13706 MB)
@  2849s  (total 11 workers using 13709 MB)
@  2860s  (total 11 workers using 13723 MB)
@  2871s  (total 11 workers using 13756 MB)
@  2883s  (total 11 workers using 13717 MB)
@  2894s  (total 11 workers using 13600 MB)
@  2905s  (total 11 workers using 13601 MB)
@  2917s  (total 11 workers using 13716 MB)
@  2928s  (total 11 workers using 13716 MB)
@  2940s  (total 11 workers using 13718 MB)
@  2951s  (total 11 workers using 14085 MB)
@  2963s  (total 11 workers using 14093 MB)
@  2974s  (total 11 workers using 14093 MB)
@  2985s  (total 11 workers using 14094 MB)
@  2996s  (total 11 workers using 14029 MB)
@  3008s  (total 11 workers using 14116 MB)
@  3019s  (total 11 workers using 14119 MB)
@  3031s  (total 11 workers using 14098 MB)
@  3042s  (total 11 workers using 14100 MB)
@  3053s  (total 11 workers using 14100 MB)
@  3065s  (total 11 workers using 14100 MB)
@  3076s  (total 11 workers using 14100 MB)
@  3087s  (total 11 workers using 14097 MB)
@  3099s  (total 11 workers using 14138 MB)
@  3110s  (total 11 workers using 14189 MB)
@  3122s  (total 11 workers using 14238 MB)
@  3133s  (total 11 workers using 14247 MB)
@  3145s  (total 11 workers using 14247 MB)
@  3156s  (total 11 workers using 14093 MB)
@  3167s  (total 11 workers using 14147 MB)
@  3178s  (total 11 workers using 14108 MB)
@  3190s  (total 11 workers using 14108 MB)
@  3201s  (total 11 workers using 14109 MB)
@  3213s  (total 11 workers using 14108 MB)
@  3224s  (total 11 workers using 14107 MB)
@  3235s  (total 11 workers using 14106 MB)
@  3247s  (total 11 workers using 14106 MB)
@  3258s  (total 11 workers using 14118 MB)
@  3269s  (total 11 workers using 14336 MB)
@  3281s  (total 11 workers using 14336 MB)
@  3292s  (total 11 workers using 14334 MB)
@  3304s  (total 11 workers using 14324 MB)
@  3315s  (total 11 workers using 14346 MB)
@  3326s  (total 11 workers using 14346 MB)
@  3337s  (total 11 workers using 14346 MB)
@  3349s  (total 11 workers using 14346 MB)
@  3360s  (total 11 workers using 14346 MB)
@  3372s  (total 11 workers using 14334 MB)
@  3383s  (total 11 workers using 14332 MB)
@  3395s  (total 11 workers using 14337 MB)
@  3406s  (total 11 workers using 14371 MB)
@  3417s  (total 11 workers using 14337 MB)
@  3429s  (total 11 workers using 14342 MB)
@  3440s  (total 11 workers using 14342 MB)
@  3451s  (total 11 workers using 14416 MB)
@  3463s  (total 11 workers using 14430 MB)
@  3474s  (total 11 workers using 14483 MB)
@  3486s  (total 11 workers using 14501 MB)
@  3497s  (total 11 workers using 14508 MB)
@  3509s  (total 11 workers using 14424 MB)
@  3520s  (total 11 workers using 14495 MB)
@  3531s  (total 11 workers using 14504 MB)
@  3543s  (total 11 workers using 14590 MB)
@  3554s  (total 11 workers using 14597 MB)
@  3565s  (total 11 workers using 14597 MB)
@  3572s  (stopping all workers)
@  3572s  (worker 0 finished with result unknown) python3 avr.py -a sa
@  3572s  (worker 2 finished with result unknown) python3 avr.py
@  3572s  (worker 4 finished with result unknown) python3 avr.py -b bin_y2 --bmc
@  3572s  (worker 6 finished with result unknown) python3 avr.py -a sa --interpol 1 -f 1
@  3572s  (worker 8 finished with result unknown) python3 avr.py -l 5 -g 3 -a sa8 --interpol 1 -f 1
@  3572s  (worker 10 finished with result unknown) python3 avr.py --bmc
@  3572s  (worker 1 finished with result unknown) python3 avr.py -b bin_bt_cadical -s --bmc
@  3572s  (worker 5 finished with result unknown) python3 avr.py -b bin_bt_cadical -g 3 -l 0 -a sa32
@  3572s  (worker 9 finished with result unknown) python3 avr.py -b bin_y2 -s -a sa4 --interpol 1 -f 1
@  3573s  (worker 3 finished with result unknown) python3 avr.py -b bin_y2 -s
@  3573s  (worker 7 finished with result unknown) python3 avr.py -s -l 0
@  3573s  (copied results from worker 0 in /scratch/network/hongcez/hwmcc/avr-log/btor2/bv/mann/data-integrity/unsafe/pr_arbitrated_top_n3_w64_d128_e0)
@  3573s  [0;30;47m(proof race finished with answer unknown in 3572.73 seconds)[m
