AVR -- Proof Race 
copyright (c) 2019  Aman Goel and Karem Sakallah, University of Michigan
@     0s  (starting avr proof race)
@     0s  (output dir: /scratch/network/hongcez/hwmcc/avr-log/btor2/bv/mann/data-integrity/unsafe/pr_arbitrated_top_n5_w64_d64_e0)
@     0s  (max 11 workers)
@     0s  (started worker 0 with pid 66153)
@     0s  (started worker 1 with pid 66154)
@     0s  (started worker 2 with pid 66155)
@     0s  (started worker 3 with pid 66156)
@     0s  (started worker 4 with pid 66157)
@     0s  (spawned 5 workers)
@     0s  (total 5 workers using 0 MB)
@     1s  (started worker 5 with pid 66280)
@     1s  (spawned 1 workers)
@     1s  (total 6 workers using 404 MB)
@     2s  (started worker 6 with pid 66320)
@     2s  (spawned 1 workers)
@     2s  (total 7 workers using 676 MB)
@     3s  (started worker 7 with pid 66365)
@     3s  (spawned 1 workers)
@     3s  (total 8 workers using 791 MB)
@     6s  (started worker 8 with pid 66419)
@     6s  (spawned 1 workers)
@     6s  (total 9 workers using 965 MB)
@     9s  (started worker 9 with pid 66492)
@     9s  (spawned 1 workers)
@     9s  (total 10 workers using 1627 MB)
@    12s  (started worker 10 with pid 66556)
@    12s  (spawned 1 workers)
@    12s  (total 11 workers using 1699 MB)
@    24s  (total 11 workers using 2677 MB)
@    41s  (total 11 workers using 3321 MB)
@    57s  (total 11 workers using 3660 MB)
@    72s  (total 11 workers using 3848 MB)
@    86s  (total 11 workers using 3964 MB)
@   101s  (total 11 workers using 4011 MB)
@   114s  (total 11 workers using 4100 MB)
@   128s  (total 11 workers using 4298 MB)
@   141s  (total 11 workers using 4696 MB)
@   156s  (total 11 workers using 4579 MB)
@   169s  (total 11 workers using 4573 MB)
@   183s  (total 11 workers using 4596 MB)
@   196s  (total 11 workers using 4744 MB)
@   210s  (total 11 workers using 4804 MB)
@   224s  (total 11 workers using 4879 MB)
@   238s  (total 11 workers using 4969 MB)
@   251s  (total 11 workers using 5106 MB)
@   265s  (total 11 workers using 5116 MB)
@   278s  (total 11 workers using 5138 MB)
@   292s  (total 11 workers using 5234 MB)
@   306s  (total 11 workers using 5268 MB)
@   320s  (total 11 workers using 5344 MB)
@   333s  (total 11 workers using 5408 MB)
@   347s  (total 11 workers using 5543 MB)
@   360s  (total 11 workers using 5768 MB)
@   375s  (total 11 workers using 5756 MB)
@   388s  (total 11 workers using 5949 MB)
@   402s  (total 11 workers using 6060 MB)
@   415s  (total 11 workers using 6203 MB)
@   429s  (total 11 workers using 6430 MB)
@   442s  (total 11 workers using 6507 MB)
@   456s  (total 11 workers using 6316 MB)
@   469s  (total 11 workers using 6319 MB)
@   483s  (total 11 workers using 6572 MB)
@   497s  (total 11 workers using 6563 MB)
@   511s  (total 11 workers using 6695 MB)
@   524s  (total 11 workers using 6873 MB)
@   538s  (total 11 workers using 7067 MB)
@   551s  (total 11 workers using 7043 MB)
@   566s  (total 11 workers using 7099 MB)
@   579s  (total 11 workers using 7112 MB)
@   593s  (total 11 workers using 7200 MB)
@   606s  (total 11 workers using 7283 MB)
@   620s  (total 11 workers using 7351 MB)
@   633s  (total 11 workers using 7434 MB)
@   647s  (total 11 workers using 7441 MB)
@   661s  (total 11 workers using 7359 MB)
@   675s  (total 11 workers using 7403 MB)
@   688s  (total 11 workers using 7442 MB)
@   702s  (total 11 workers using 7395 MB)
@   715s  (total 11 workers using 7375 MB)
@   730s  (total 11 workers using 7417 MB)
@   743s  (total 11 workers using 7426 MB)
@   757s  (total 11 workers using 7498 MB)
@   770s  (total 11 workers using 7589 MB)
@   784s  (total 11 workers using 7609 MB)
@   797s  (total 11 workers using 7893 MB)
@   811s  (total 11 workers using 8124 MB)
@   824s  (total 11 workers using 8436 MB)
@   838s  (total 11 workers using 8721 MB)
@   852s  (total 11 workers using 8734 MB)
@   866s  (total 11 workers using 8630 MB)
@   879s  (total 11 workers using 8745 MB)
@   893s  (total 11 workers using 8676 MB)
@   906s  (total 11 workers using 8711 MB)
@   920s  (total 11 workers using 8733 MB)
@   933s  (total 11 workers using 8606 MB)
@   947s  (total 11 workers using 8673 MB)
@   960s  (total 11 workers using 8751 MB)
@   974s  (total 11 workers using 8926 MB)
@   987s  (total 11 workers using 8946 MB)
@  1001s  (total 11 workers using 8964 MB)
@  1014s  (total 11 workers using 8817 MB)
@  1028s  (total 11 workers using 9024 MB)
@  1042s  (total 11 workers using 8791 MB)
@  1055s  (total 11 workers using 8860 MB)
@  1068s  (total 11 workers using 8883 MB)
@  1082s  (total 11 workers using 9127 MB)
@  1096s  (total 11 workers using 8989 MB)
@  1110s  (total 11 workers using 9184 MB)
@  1123s  (total 11 workers using 9182 MB)
@  1136s  (total 11 workers using 9191 MB)
@  1149s  (total 11 workers using 9188 MB)
@  1164s  (total 11 workers using 9207 MB)
@  1177s  (total 11 workers using 9298 MB)
@  1191s  (total 11 workers using 9295 MB)
@  1204s  (total 11 workers using 9334 MB)
@  1218s  (total 11 workers using 9366 MB)
@  1231s  (total 11 workers using 9726 MB)
@  1245s  (total 11 workers using 9733 MB)
@  1259s  (total 11 workers using 9654 MB)
@  1273s  (total 11 workers using 9701 MB)
@  1286s  (total 11 workers using 9938 MB)
@  1300s  (total 11 workers using 10032 MB)
@  1313s  (total 11 workers using 10200 MB)
@  1327s  (total 11 workers using 10302 MB)
@  1340s  (total 11 workers using 10699 MB)
@  1354s  (total 11 workers using 10732 MB)
@  1368s  (total 11 workers using 10828 MB)
@  1382s  (total 11 workers using 11071 MB)
@  1395s  (total 11 workers using 10889 MB)
@  1409s  (total 11 workers using 10911 MB)
@  1422s  (total 11 workers using 10941 MB)
@  1436s  (total 11 workers using 10897 MB)
@  1449s  (total 11 workers using 10897 MB)
@  1463s  (total 11 workers using 10916 MB)
@  1476s  (total 11 workers using 10771 MB)
@  1491s  (total 11 workers using 10841 MB)
@  1504s  (total 11 workers using 10816 MB)
@  1518s  (total 11 workers using 10813 MB)
@  1532s  (total 11 workers using 10742 MB)
@  1546s  (total 11 workers using 10774 MB)
@  1559s  (total 11 workers using 11094 MB)
@  1573s  (total 11 workers using 11416 MB)
@  1587s  (total 11 workers using 11541 MB)
@  1601s  (total 11 workers using 11861 MB)
@  1614s  (total 11 workers using 11778 MB)
@  1628s  (total 11 workers using 11657 MB)
@  1642s  (total 11 workers using 12109 MB)
@  1656s  (total 11 workers using 11887 MB)
@  1669s  (total 11 workers using 11771 MB)
@  1683s  (total 11 workers using 11812 MB)
@  1696s  (total 11 workers using 11617 MB)
@  1710s  (total 11 workers using 11662 MB)
@  1723s  (total 11 workers using 11700 MB)
@  1737s  (total 11 workers using 11942 MB)
@  1751s  (total 11 workers using 11932 MB)
@  1765s  (total 11 workers using 11935 MB)
@  1778s  (total 11 workers using 12164 MB)
@  1793s  (total 11 workers using 12235 MB)
@  1806s  (total 11 workers using 12233 MB)
@  1820s  (total 11 workers using 12035 MB)
@  1833s  (total 11 workers using 12079 MB)
@  1847s  (total 11 workers using 11868 MB)
@  1860s  (total 11 workers using 11929 MB)
@  1875s  (total 11 workers using 12090 MB)
@  1888s  (total 11 workers using 11909 MB)
@  1902s  (total 11 workers using 12326 MB)
@  1915s  (total 11 workers using 12114 MB)
@  1929s  (total 11 workers using 12489 MB)
@  1942s  (total 11 workers using 12334 MB)
@  1956s  (total 11 workers using 12507 MB)
@  1970s  (total 11 workers using 12262 MB)
@  1984s  (total 11 workers using 12410 MB)
@  1997s  (total 11 workers using 12281 MB)
@  2011s  (total 11 workers using 12493 MB)
@  2024s  (total 11 workers using 12283 MB)
@  2038s  (total 11 workers using 12312 MB)
@  2051s  (total 11 workers using 12355 MB)
@  2066s  (total 11 workers using 12266 MB)
@  2079s  (total 11 workers using 12484 MB)
@  2093s  (total 11 workers using 12246 MB)
@  2106s  (total 11 workers using 12278 MB)
@  2120s  (total 11 workers using 12318 MB)
@  2134s  (total 11 workers using 12318 MB)
@  2148s  (total 11 workers using 12356 MB)
@  2161s  (total 11 workers using 12605 MB)
@  2175s  (total 11 workers using 12574 MB)
@  2188s  (total 11 workers using 12589 MB)
@  2202s  (total 11 workers using 12650 MB)
@  2215s  (total 11 workers using 12660 MB)
@  2229s  (total 11 workers using 12694 MB)
@  2242s  (total 11 workers using 12668 MB)
@  2257s  (total 11 workers using 12799 MB)
@  2270s  (total 11 workers using 12838 MB)
@  2284s  (total 11 workers using 12817 MB)
@  2297s  (total 11 workers using 12836 MB)
@  2311s  (total 11 workers using 12908 MB)
@  2324s  (total 11 workers using 13135 MB)
@  2338s  (total 11 workers using 13028 MB)
@  2352s  (total 11 workers using 13068 MB)
@  2366s  (total 11 workers using 13006 MB)
@  2379s  (total 11 workers using 13087 MB)
@  2393s  (total 11 workers using 12839 MB)
@  2406s  (total 11 workers using 13183 MB)
@  2421s  (total 11 workers using 13379 MB)
@  2432s  (total 11 workers using 13161 MB)
@  2444s  (total 11 workers using 13376 MB)
@  2455s  (total 11 workers using 13301 MB)
@  2467s  (total 11 workers using 13655 MB)
@  2478s  (total 11 workers using 13500 MB)
@  2490s  (total 11 workers using 13436 MB)
@  2501s  (total 11 workers using 13426 MB)
@  2513s  (total 11 workers using 13212 MB)
@  2524s  (total 11 workers using 13430 MB)
@  2536s  (total 11 workers using 13255 MB)
@  2547s  (total 11 workers using 13281 MB)
@  2559s  (total 11 workers using 13250 MB)
@  2570s  (total 11 workers using 13224 MB)
@  2582s  (total 11 workers using 13441 MB)
@  2593s  (total 11 workers using 13276 MB)
@  2605s  (total 11 workers using 13229 MB)
@  2616s  (total 11 workers using 13029 MB)
@  2628s  (total 11 workers using 13198 MB)
@  2639s  (total 11 workers using 13218 MB)
@  2651s  (total 11 workers using 13343 MB)
@  2662s  (total 11 workers using 13344 MB)
@  2674s  (total 11 workers using 13194 MB)
@  2685s  (total 11 workers using 13370 MB)
@  2697s  (total 11 workers using 13647 MB)
@  2708s  (total 11 workers using 13622 MB)
@  2720s  (total 11 workers using 13716 MB)
@  2731s  (total 11 workers using 13492 MB)
@  2743s  (total 11 workers using 13717 MB)
@  2754s  (total 11 workers using 13788 MB)
@  2766s  (total 11 workers using 13777 MB)
@  2777s  (total 11 workers using 13595 MB)
@  2789s  (total 11 workers using 13764 MB)
@  2800s  (total 11 workers using 13746 MB)
@  2812s  (total 11 workers using 13856 MB)
@  2823s  (total 11 workers using 13857 MB)
@  2835s  (total 11 workers using 14132 MB)
@  2846s  (total 11 workers using 13693 MB)
@  2858s  (total 11 workers using 13843 MB)
@  2869s  (total 11 workers using 13716 MB)
@  2881s  (total 11 workers using 13864 MB)
@  2892s  (total 11 workers using 13960 MB)
@  2904s  (total 11 workers using 13859 MB)
@  2915s  (total 11 workers using 13855 MB)
@  2927s  (total 11 workers using 13862 MB)
@  2938s  (total 11 workers using 14013 MB)
@  2950s  (total 11 workers using 13780 MB)
@  2961s  (total 11 workers using 13702 MB)
@  2973s  (total 11 workers using 13586 MB)
@  2984s  (total 11 workers using 13834 MB)
@  2996s  (total 11 workers using 13834 MB)
@  3007s  (total 11 workers using 13864 MB)
@  3019s  (total 11 workers using 14213 MB)
@  3030s  (total 11 workers using 14225 MB)
@  3042s  (total 11 workers using 14299 MB)
@  3053s  (total 11 workers using 14255 MB)
@  3065s  (total 11 workers using 14256 MB)
@  3076s  (total 11 workers using 14125 MB)
@  3087s  (total 11 workers using 14145 MB)
@  3098s  (total 11 workers using 14137 MB)
@  3110s  (total 11 workers using 14157 MB)
@  3121s  (total 11 workers using 14156 MB)
@  3132s  (total 11 workers using 14170 MB)
@  3144s  (total 11 workers using 14170 MB)
@  3155s  (total 11 workers using 14208 MB)
@  3166s  (total 11 workers using 14221 MB)
@  3178s  (total 11 workers using 14228 MB)
@  3189s  (total 11 workers using 14228 MB)
@  3200s  (total 11 workers using 14221 MB)
@  3212s  (total 11 workers using 14221 MB)
@  3223s  (total 11 workers using 14180 MB)
@  3234s  (total 11 workers using 13971 MB)
@  3246s  (total 11 workers using 13960 MB)
@  3257s  (total 11 workers using 13960 MB)
@  3268s  (total 11 workers using 13970 MB)
@  3280s  (total 11 workers using 13958 MB)
@  3291s  (total 11 workers using 13956 MB)
@  3302s  (total 11 workers using 13956 MB)
@  3314s  (total 11 workers using 13977 MB)
@  3325s  (total 11 workers using 13978 MB)
@  3336s  (total 11 workers using 14238 MB)
@  3347s  (total 11 workers using 14238 MB)
@  3359s  (total 11 workers using 14240 MB)
@  3370s  (total 11 workers using 14304 MB)
@  3382s  (total 11 workers using 14304 MB)
@  3393s  (total 11 workers using 14304 MB)
@  3404s  (total 11 workers using 14341 MB)
@  3415s  (total 11 workers using 14341 MB)
@  3427s  (total 11 workers using 14341 MB)
@  3438s  (total 11 workers using 14369 MB)
@  3450s  (total 11 workers using 14418 MB)
@  3461s  (total 11 workers using 14344 MB)
@  3472s  (total 11 workers using 14344 MB)
@  3483s  (total 11 workers using 14352 MB)
@  3495s  (total 11 workers using 14352 MB)
@  3506s  (total 11 workers using 14346 MB)
@  3517s  (total 11 workers using 14353 MB)
@  3529s  (total 11 workers using 14375 MB)
@  3540s  (total 11 workers using 14382 MB)
@  3551s  (total 11 workers using 14407 MB)
@  3563s  (total 11 workers using 14473 MB)
@  3574s  (total 11 workers using 14473 MB)
@  3576s  (stopping all workers)
@  3576s  (worker 0 finished with result unknown) python3 avr.py -a sa
@  3576s  (worker 2 finished with result unknown) python3 avr.py
@  3576s  (worker 4 finished with result unknown) python3 avr.py -b bin_y2 --bmc
@  3576s  (worker 6 finished with result unknown) python3 avr.py -a sa --interpol 1 -f 1
@  3576s  (worker 8 finished with result unknown) python3 avr.py -l 5 -g 3 -a sa8 --interpol 1 -f 1
@  3576s  (worker 10 finished with result unknown) python3 avr.py --bmc
@  3576s  (worker 1 finished with result unknown) python3 avr.py -b bin_bt_cadical -s --bmc
@  3576s  (worker 5 finished with result unknown) python3 avr.py -b bin_bt_cadical -g 3 -l 0 -a sa32
@  3576s  (worker 9 finished with result unknown) python3 avr.py -b bin_y2 -s -a sa4 --interpol 1 -f 1
@  3576s  (worker 3 finished with result unknown) python3 avr.py -b bin_y2 -s
@  3577s  (worker 7 finished with result unknown) python3 avr.py -s -l 0
@  3577s  (copied results from worker 0 in /scratch/network/hongcez/hwmcc/avr-log/btor2/bv/mann/data-integrity/unsafe/pr_arbitrated_top_n5_w64_d64_e0)
@  3577s  [0;30;47m(proof race finished with answer unknown in 3576.64 seconds)[m
