	(output dir: /scratch/network/hongcez/hwmcc/avr-log/btor2/bv/mann/data-integrity/unsafe/pr_arbitrated_top_n5_w32_d32_e0/work_w1)
	(frontend: btor2)
	(property: all (1 assertions))
	(1 / 5282 flops initialized)
	(abstraction: sa+uf)
	(bmc: safe till step 0)
	(bmc: safe till step 10)
	(bmc: safe till step 20)
	(bmc: safe till step 30)
	(bmc: found cex at step 34)
   0	: 0	: 0 s: 0    558s                  

AVR -- Proof Race 
copyright (c) 2019  Aman Goel and Karem Sakallah, University of Michigan
@     0s  (starting avr proof race)
@     0s  (output dir: /scratch/network/hongcez/hwmcc/avr-log/btor2/bv/mann/data-integrity/unsafe/pr_arbitrated_top_n5_w32_d32_e0)
@     0s  (max 11 workers)
@     0s  (started worker 0 with pid 126831)
@     0s  (started worker 1 with pid 126832)
@     0s  (started worker 2 with pid 126833)
@     0s  (started worker 3 with pid 126834)
@     0s  (started worker 4 with pid 126835)
@     0s  (spawned 5 workers)
@     0s  (total 5 workers using 0 MB)
@     1s  (started worker 5 with pid 126948)
@     1s  (spawned 1 workers)
@     1s  (total 6 workers using 242 MB)
@     2s  (started worker 6 with pid 126988)
@     2s  (spawned 1 workers)
@     2s  (total 7 workers using 404 MB)
@     3s  (started worker 7 with pid 127033)
@     3s  (spawned 1 workers)
@     3s  (total 8 workers using 522 MB)
@     5s  (started worker 8 with pid 127079)
@     5s  (spawned 1 workers)
@     5s  (total 9 workers using 681 MB)
@     9s  (started worker 9 with pid 127138)
@     9s  (spawned 1 workers)
@     9s  (total 10 workers using 755 MB)
@    13s  (started worker 10 with pid 127189)
@    13s  (spawned 1 workers)
@    13s  (total 11 workers using 866 MB)
@    25s  (total 11 workers using 1334 MB)
@    43s  (total 11 workers using 1523 MB)
@    60s  (total 11 workers using 1663 MB)
@    74s  (total 11 workers using 1720 MB)
@    89s  (total 11 workers using 1758 MB)
@   105s  (total 11 workers using 1822 MB)
@   119s  (total 11 workers using 1984 MB)
@   133s  (total 11 workers using 2079 MB)
@   147s  (total 11 workers using 2204 MB)
@   162s  (total 11 workers using 2269 MB)
@   175s  (total 11 workers using 2346 MB)
@   190s  (total 11 workers using 2430 MB)
@   204s  (total 11 workers using 2518 MB)
@   218s  (total 11 workers using 2663 MB)
@   232s  (total 11 workers using 2891 MB)
@   246s  (total 11 workers using 2991 MB)
@   260s  (total 11 workers using 3099 MB)
@   275s  (total 11 workers using 3130 MB)
@   289s  (total 11 workers using 3297 MB)
@   303s  (total 11 workers using 3469 MB)
@   317s  (total 11 workers using 3547 MB)
@   331s  (total 11 workers using 3685 MB)
@   344s  (total 11 workers using 3724 MB)
@   359s  (total 11 workers using 3804 MB)
@   373s  (total 11 workers using 3823 MB)
@   387s  (total 11 workers using 3845 MB)
@   401s  (total 11 workers using 3895 MB)
@   416s  (total 11 workers using 3901 MB)
@   429s  (total 11 workers using 4056 MB)
@   444s  (total 11 workers using 4119 MB)
@   457s  (total 11 workers using 4216 MB)
@   471s  (total 11 workers using 4306 MB)
@   485s  (total 11 workers using 4360 MB)
@   500s  (total 11 workers using 4376 MB)
@   513s  (total 11 workers using 4427 MB)
@   527s  (total 11 workers using 4430 MB)
@   541s  (total 11 workers using 4447 MB)
@   555s  (total 11 workers using 4460 MB)
@   568s  (total 11 workers using 4487 MB)
@   583s  (total 11 workers using 4498 MB)
@   597s  (total 11 workers using 4591 MB)
@   611s  (total 11 workers using 4671 MB)
@   624s  (total 11 workers using 4703 MB)
@   638s  (total 11 workers using 4720 MB)
@   652s  (total 11 workers using 4747 MB)
@   667s  (total 11 workers using 4747 MB)
@   680s  (total 11 workers using 4799 MB)
@   694s  (total 11 workers using 4817 MB)
@   707s  (total 11 workers using 4892 MB)
@   722s  (total 11 workers using 5013 MB)
@   736s  (total 11 workers using 5003 MB)
@   750s  (total 11 workers using 5114 MB)
@   763s  (total 11 workers using 5469 MB)
@   778s  (total 11 workers using 5465 MB)
@   791s  (total 11 workers using 5502 MB)
@   806s  (total 11 workers using 5537 MB)
@   819s  (total 11 workers using 5572 MB)
@   834s  (total 11 workers using 5626 MB)
@   847s  (total 11 workers using 5675 MB)
@   862s  (total 11 workers using 5662 MB)
@   875s  (total 11 workers using 5709 MB)
@   879s  (worker 1 finished with result unsafe) python3 avr.py -b bin_bt_cadical -s --bmc
@   879s  (worker 1 output)
@   879s  (stopping all workers)
@   879s  (copied results from worker 1 in /scratch/network/hongcez/hwmcc/avr-log/btor2/bv/mann/data-integrity/unsafe/pr_arbitrated_top_n5_w32_d32_e0)
@   879s  [0;30;47m(proof race finished with answer unsafe in 879.43 seconds)[m
