	(output dir: /scratch/network/hongcez/hwmcc/avr-log/btor2/bv/mann/data-integrity/unsafe/pr_arbitrated_top_n4_w128_d16_e0/work_w1)
	(frontend: btor2)
	(property: all (1 assertions))
	(1 / 8409 flops initialized)
	(abstraction: sa+uf)
	(bmc: safe till step 0)
	(bmc: safe till step 10)
	(bmc: found cex at step 18)
   0	: 0	: 0 s: 0    9s                  

AVR -- Proof Race 
copyright (c) 2019  Aman Goel and Karem Sakallah, University of Michigan
@     0s  (starting avr proof race)
@     0s  (output dir: /scratch/network/hongcez/hwmcc/avr-log/btor2/bv/mann/data-integrity/unsafe/pr_arbitrated_top_n4_w128_d16_e0)
@     0s  (max 11 workers)
@     0s  (started worker 0 with pid 186987)
@     0s  (started worker 1 with pid 186988)
@     0s  (started worker 2 with pid 186989)
@     0s  (started worker 3 with pid 186990)
@     0s  (started worker 4 with pid 186991)
@     0s  (spawned 5 workers)
@     0s  (total 5 workers using 0 MB)
@     1s  (started worker 5 with pid 187114)
@     1s  (spawned 1 workers)
@     1s  (total 6 workers using 266 MB)
@     2s  (started worker 6 with pid 187154)
@     2s  (spawned 1 workers)
@     2s  (total 7 workers using 387 MB)
@     3s  (started worker 7 with pid 187198)
@     3s  (spawned 1 workers)
@     3s  (total 8 workers using 493 MB)
@     5s  (started worker 8 with pid 187273)
@     5s  (spawned 1 workers)
@     5s  (total 9 workers using 735 MB)
@     9s  (started worker 9 with pid 187334)
@     9s  (spawned 1 workers)
@     9s  (total 10 workers using 834 MB)
@    12s  (started worker 10 with pid 187412)
@    12s  (spawned 1 workers)
@    12s  (total 11 workers using 850 MB)
@    13s  (worker 1 finished with result unsafe) python3 avr.py -b bin_bt_cadical -s --bmc
@    13s  (worker 1 output)
@    13s  (stopping all workers)
@    13s  (copied results from worker 1 in /scratch/network/hongcez/hwmcc/avr-log/btor2/bv/mann/data-integrity/unsafe/pr_arbitrated_top_n4_w128_d16_e0)
@    13s  [0;30;47m(proof race finished with answer unsafe in 13.10 seconds)[m
