	(output dir: /scratch/network/hongcez/hwmcc/avr-log/btor2/bv/mann/data-integrity/unsafe/pr_arbitrated_top_n2_w128_d16_e0/work_w1)
	(frontend: btor2)
	(property: all (1 assertions))
	(1 / 4273 flops initialized)
	(abstraction: sa+uf)
	(bmc: safe till step 0)
	(bmc: safe till step 10)
	(bmc: found cex at step 18)
   0	: 0	: 0 s: 0    6s                  

AVR -- Proof Race 
copyright (c) 2019  Aman Goel and Karem Sakallah, University of Michigan
@     0s  (starting avr proof race)
@     0s  (output dir: /scratch/network/hongcez/hwmcc/avr-log/btor2/bv/mann/data-integrity/unsafe/pr_arbitrated_top_n2_w128_d16_e0)
@     0s  (max 11 workers)
@     0s  (started worker 0 with pid 240141)
@     0s  (started worker 1 with pid 240142)
@     0s  (started worker 2 with pid 240143)
@     0s  (started worker 3 with pid 240144)
@     0s  (started worker 4 with pid 240145)
@     0s  (spawned 5 workers)
@     0s  (total 5 workers using 0 MB)
@     1s  (started worker 5 with pid 240278)
@     1s  (spawned 1 workers)
@     1s  (total 6 workers using 175 MB)
@     2s  (started worker 6 with pid 240320)
@     2s  (spawned 1 workers)
@     2s  (total 7 workers using 273 MB)
@     3s  (started worker 7 with pid 240367)
@     3s  (spawned 1 workers)
@     3s  (total 8 workers using 336 MB)
@     6s  (started worker 8 with pid 240428)
@     6s  (spawned 1 workers)
@     6s  (total 9 workers using 475 MB)
@     7s  (worker 1 finished with result unsafe) python3 avr.py -b bin_bt_cadical -s --bmc
@     7s  (worker 1 output)
@     7s  (stopping all workers)
@     7s  (copied results from worker 1 in /scratch/network/hongcez/hwmcc/avr-log/btor2/bv/mann/data-integrity/unsafe/pr_arbitrated_top_n2_w128_d16_e0)
@     7s  [0;30;47m(proof race finished with answer unsafe in 7.29 seconds)[m
