AVR -- Proof Race 
copyright (c) 2019  Aman Goel and Karem Sakallah, University of Michigan
@     0s  (starting avr proof race)
@     0s  (output dir: /scratch/network/hongcez/hwmcc/avr-log/btor2/bv/mann/data-integrity/unsafe/pr_arbitrated_top_n3_w16_d64_e0)
@     0s  (max 11 workers)
@     0s  (started worker 0 with pid 168493)
@     0s  (started worker 1 with pid 168494)
@     0s  (started worker 2 with pid 168495)
@     0s  (started worker 3 with pid 168496)
@     0s  (started worker 4 with pid 168497)
@     0s  (spawned 5 workers)
@     0s  (total 5 workers using 0 MB)
@     1s  (started worker 5 with pid 168624)
@     1s  (spawned 1 workers)
@     1s  (total 6 workers using 262 MB)
@     2s  (started worker 6 with pid 168666)
@     2s  (spawned 1 workers)
@     2s  (total 7 workers using 376 MB)
@     3s  (started worker 7 with pid 168722)
@     3s  (spawned 1 workers)
@     3s  (total 8 workers using 438 MB)
@     6s  (started worker 8 with pid 168785)
@     6s  (spawned 1 workers)
@     6s  (total 9 workers using 571 MB)
@     9s  (started worker 9 with pid 168866)
@     9s  (spawned 1 workers)
@     9s  (total 10 workers using 675 MB)
@    12s  (started worker 10 with pid 168936)
@    12s  (spawned 1 workers)
@    12s  (total 11 workers using 803 MB)
@    25s  (total 11 workers using 1184 MB)
@    41s  (total 11 workers using 1439 MB)
@    58s  (total 11 workers using 1580 MB)
@    72s  (total 11 workers using 1794 MB)
@    86s  (total 11 workers using 1969 MB)
@   102s  (total 11 workers using 2124 MB)
@   115s  (total 11 workers using 2346 MB)
@   129s  (total 11 workers using 2576 MB)
@   143s  (total 11 workers using 2857 MB)
@   157s  (total 11 workers using 2964 MB)
@   170s  (total 11 workers using 3046 MB)
@   185s  (total 11 workers using 3163 MB)
@   198s  (total 11 workers using 3180 MB)
@   212s  (total 11 workers using 3183 MB)
@   226s  (total 11 workers using 3233 MB)
@   240s  (total 11 workers using 3429 MB)
@   254s  (total 11 workers using 3480 MB)
@   268s  (total 11 workers using 3780 MB)
@   281s  (total 11 workers using 3867 MB)
@   296s  (total 11 workers using 3909 MB)
@   309s  (total 11 workers using 3981 MB)
@   323s  (total 11 workers using 4062 MB)
@   336s  (total 11 workers using 4212 MB)
@   351s  (total 11 workers using 4332 MB)
@   364s  (total 11 workers using 4336 MB)
@   378s  (total 11 workers using 4428 MB)
@   392s  (total 11 workers using 4420 MB)
@   406s  (total 11 workers using 4467 MB)
@   419s  (total 11 workers using 4580 MB)
@   434s  (total 11 workers using 4633 MB)
@   447s  (total 11 workers using 4761 MB)
@   461s  (total 11 workers using 4885 MB)
@   475s  (total 11 workers using 4930 MB)
@   489s  (total 11 workers using 4952 MB)
@   502s  (total 11 workers using 5012 MB)
@   516s  (total 11 workers using 5036 MB)
@   530s  (total 11 workers using 5100 MB)
@   544s  (total 11 workers using 5137 MB)
@   557s  (total 11 workers using 5181 MB)
@   572s  (total 11 workers using 5201 MB)
@   585s  (total 11 workers using 5216 MB)
@   600s  (total 11 workers using 5284 MB)
@   613s  (total 11 workers using 5350 MB)
@   627s  (total 11 workers using 5362 MB)
@   640s  (total 11 workers using 5348 MB)
@   655s  (total 11 workers using 5423 MB)
@   668s  (total 11 workers using 5445 MB)
@   683s  (total 11 workers using 5442 MB)
@   696s  (total 11 workers using 5513 MB)
@   710s  (total 11 workers using 5511 MB)
@   724s  (total 11 workers using 5599 MB)
@   738s  (total 11 workers using 5574 MB)
@   752s  (total 11 workers using 5565 MB)
@   766s  (total 11 workers using 5592 MB)
@   779s  (total 11 workers using 5632 MB)
@   794s  (total 11 workers using 5673 MB)
@   807s  (total 11 workers using 5841 MB)
@   821s  (total 11 workers using 5889 MB)
@   835s  (total 11 workers using 6062 MB)
@   849s  (total 11 workers using 6092 MB)
@   862s  (total 11 workers using 6159 MB)
@   877s  (total 11 workers using 6180 MB)
@   890s  (total 11 workers using 6200 MB)
@   904s  (total 11 workers using 6217 MB)
@   918s  (total 11 workers using 6253 MB)
@   932s  (total 11 workers using 6274 MB)
@   945s  (total 11 workers using 6349 MB)
@   959s  (total 11 workers using 6455 MB)
@   973s  (total 11 workers using 6396 MB)
@   987s  (total 11 workers using 6470 MB)
@  1000s  (total 11 workers using 6589 MB)
@  1015s  (total 11 workers using 6602 MB)
@  1028s  (total 11 workers using 6598 MB)
@  1042s  (total 11 workers using 6647 MB)
@  1055s  (total 11 workers using 6720 MB)
@  1070s  (total 11 workers using 6854 MB)
@  1083s  (total 11 workers using 6902 MB)
@  1097s  (total 11 workers using 6951 MB)
@  1111s  (total 11 workers using 7016 MB)
@  1125s  (total 11 workers using 7093 MB)
@  1138s  (total 11 workers using 7094 MB)
@  1152s  (total 11 workers using 7094 MB)
@  1166s  (total 11 workers using 7129 MB)
@  1180s  (total 11 workers using 7164 MB)
@  1194s  (total 11 workers using 7107 MB)
@  1208s  (total 11 workers using 7135 MB)
@  1221s  (total 11 workers using 7137 MB)
@  1236s  (total 11 workers using 7166 MB)
@  1249s  (total 11 workers using 7196 MB)
@  1263s  (total 11 workers using 7323 MB)
@  1277s  (total 11 workers using 7347 MB)
@  1291s  (total 11 workers using 7496 MB)
@  1304s  (total 11 workers using 7543 MB)
@  1319s  (total 11 workers using 7585 MB)
@  1332s  (total 11 workers using 7674 MB)
@  1346s  (total 11 workers using 7696 MB)
@  1360s  (total 11 workers using 7636 MB)
@  1374s  (total 11 workers using 7650 MB)
@  1387s  (total 11 workers using 7710 MB)
@  1401s  (total 11 workers using 7715 MB)
@  1415s  (total 11 workers using 7898 MB)
@  1429s  (total 11 workers using 7942 MB)
@  1442s  (total 11 workers using 8212 MB)
@  1457s  (total 11 workers using 8259 MB)
@  1470s  (total 11 workers using 8500 MB)
@  1485s  (total 11 workers using 8561 MB)
@  1498s  (total 11 workers using 8651 MB)
@  1512s  (total 11 workers using 8647 MB)
@  1526s  (total 11 workers using 8645 MB)
@  1540s  (total 11 workers using 8728 MB)
@  1553s  (total 11 workers using 8737 MB)
@  1567s  (total 11 workers using 8797 MB)
@  1581s  (total 11 workers using 8808 MB)
@  1595s  (total 11 workers using 8780 MB)
@  1608s  (total 11 workers using 8794 MB)
@  1623s  (total 11 workers using 8837 MB)
@  1636s  (total 11 workers using 8786 MB)
@  1651s  (total 11 workers using 8836 MB)
@  1664s  (total 11 workers using 8856 MB)
@  1678s  (total 11 workers using 8867 MB)
@  1691s  (total 11 workers using 8875 MB)
@  1706s  (total 11 workers using 8902 MB)
@  1719s  (total 11 workers using 8924 MB)
@  1733s  (total 11 workers using 8967 MB)
@  1747s  (total 11 workers using 8958 MB)
@  1761s  (total 11 workers using 9263 MB)
@  1774s  (total 11 workers using 9275 MB)
@  1789s  (total 11 workers using 9315 MB)
@  1802s  (total 11 workers using 9494 MB)
@  1816s  (total 11 workers using 9536 MB)
@  1829s  (total 11 workers using 9559 MB)
@  1844s  (total 11 workers using 9665 MB)
@  1857s  (total 11 workers using 9754 MB)
@  1871s  (total 11 workers using 9751 MB)
@  1885s  (total 11 workers using 9822 MB)
@  1899s  (total 11 workers using 9894 MB)
@  1912s  (total 11 workers using 9875 MB)
@  1927s  (total 11 workers using 9974 MB)
@  1940s  (total 11 workers using 9902 MB)
@  1954s  (total 11 workers using 9991 MB)
@  1968s  (total 11 workers using 10015 MB)
@  1982s  (total 11 workers using 10041 MB)
@  1995s  (total 11 workers using 10048 MB)
@  2010s  (total 11 workers using 10050 MB)
@  2023s  (total 11 workers using 10205 MB)
@  2037s  (total 11 workers using 10312 MB)
@  2051s  (total 11 workers using 10317 MB)
@  2065s  (total 11 workers using 10331 MB)
@  2078s  (total 11 workers using 10396 MB)
@  2093s  (total 11 workers using 10399 MB)
@  2106s  (total 11 workers using 10505 MB)
@  2120s  (total 11 workers using 10379 MB)
@  2134s  (total 11 workers using 10459 MB)
@  2148s  (total 11 workers using 10492 MB)
@  2161s  (total 11 workers using 10695 MB)
@  2176s  (total 11 workers using 10764 MB)
@  2189s  (total 11 workers using 10834 MB)
@  2203s  (total 11 workers using 10806 MB)
@  2217s  (total 11 workers using 10904 MB)
@  2231s  (total 11 workers using 10943 MB)
@  2244s  (total 11 workers using 10965 MB)
@  2259s  (total 11 workers using 10960 MB)
@  2272s  (total 11 workers using 10989 MB)
@  2287s  (total 11 workers using 11046 MB)
@  2300s  (total 11 workers using 11054 MB)
@  2314s  (total 11 workers using 11029 MB)
@  2327s  (total 11 workers using 11026 MB)
@  2342s  (total 11 workers using 10993 MB)
@  2355s  (total 11 workers using 11045 MB)
@  2370s  (total 11 workers using 11051 MB)
@  2383s  (total 11 workers using 11089 MB)
@  2395s  (total 11 workers using 11100 MB)
@  2406s  (total 11 workers using 11135 MB)
@  2418s  (total 11 workers using 11167 MB)
@  2429s  (total 11 workers using 11175 MB)
@  2441s  (total 11 workers using 11177 MB)
@  2453s  (total 11 workers using 11188 MB)
@  2464s  (total 11 workers using 11158 MB)
@  2476s  (total 11 workers using 11184 MB)
@  2487s  (total 11 workers using 11186 MB)
@  2498s  (total 11 workers using 11189 MB)
@  2510s  (total 11 workers using 11217 MB)
@  2521s  (total 11 workers using 11222 MB)
@  2533s  (total 11 workers using 11320 MB)
@  2544s  (total 11 workers using 11351 MB)
@  2556s  (total 11 workers using 11361 MB)
@  2567s  (total 11 workers using 11449 MB)
@  2579s  (total 11 workers using 11412 MB)
@  2590s  (total 11 workers using 11662 MB)
@  2602s  (total 11 workers using 11675 MB)
@  2613s  (total 11 workers using 11694 MB)
@  2624s  (total 11 workers using 11735 MB)
@  2636s  (total 11 workers using 11822 MB)
@  2647s  (total 11 workers using 11650 MB)
@  2659s  (total 11 workers using 11650 MB)
@  2670s  (total 11 workers using 11718 MB)
@  2681s  (total 11 workers using 11718 MB)
@  2693s  (total 11 workers using 11796 MB)
@  2704s  (total 11 workers using 11797 MB)
@  2716s  (total 11 workers using 11798 MB)
@  2727s  (total 11 workers using 11798 MB)
@  2739s  (total 11 workers using 11794 MB)
@  2750s  (total 11 workers using 11849 MB)
@  2762s  (total 11 workers using 11884 MB)
@  2773s  (total 11 workers using 12171 MB)
@  2784s  (total 11 workers using 12193 MB)
@  2796s  (total 11 workers using 12203 MB)
@  2807s  (total 11 workers using 12234 MB)
@  2818s  (total 11 workers using 12309 MB)
@  2830s  (total 11 workers using 12310 MB)
@  2841s  (total 11 workers using 12311 MB)
@  2853s  (total 11 workers using 12372 MB)
@  2864s  (total 11 workers using 12417 MB)
@  2876s  (total 11 workers using 12372 MB)
@  2887s  (total 11 workers using 12401 MB)
@  2899s  (total 11 workers using 12403 MB)
@  2910s  (total 11 workers using 12405 MB)
@  2921s  (total 11 workers using 12694 MB)
@  2933s  (total 11 workers using 12694 MB)
@  2944s  (total 11 workers using 12630 MB)
@  2955s  (total 11 workers using 12630 MB)
@  2967s  (total 11 workers using 12671 MB)
@  2978s  (total 11 workers using 12687 MB)
@  2990s  (total 11 workers using 12699 MB)
@  3001s  (total 11 workers using 12704 MB)
@  3013s  (total 11 workers using 12724 MB)
@  3024s  (total 11 workers using 12725 MB)
@  3036s  (total 11 workers using 12750 MB)
@  3047s  (total 11 workers using 12750 MB)
@  3058s  (total 11 workers using 12754 MB)
@  3070s  (total 11 workers using 12791 MB)
@  3081s  (total 11 workers using 12911 MB)
@  3092s  (total 11 workers using 12916 MB)
@  3104s  (total 11 workers using 12968 MB)
@  3115s  (total 11 workers using 12994 MB)
@  3127s  (total 11 workers using 13040 MB)
@  3138s  (total 11 workers using 13041 MB)
@  3150s  (total 11 workers using 13002 MB)
@  3161s  (total 11 workers using 13002 MB)
@  3172s  (total 11 workers using 13002 MB)
@  3184s  (total 11 workers using 13041 MB)
@  3195s  (total 11 workers using 12932 MB)
@  3206s  (total 11 workers using 12961 MB)
@  3218s  (total 11 workers using 12965 MB)
@  3229s  (total 11 workers using 12965 MB)
@  3241s  (total 11 workers using 12965 MB)
@  3252s  (total 11 workers using 12970 MB)
@  3264s  (total 11 workers using 13004 MB)
@  3275s  (total 11 workers using 13004 MB)
@  3286s  (total 11 workers using 13225 MB)
@  3298s  (total 11 workers using 13129 MB)
@  3309s  (total 11 workers using 13129 MB)
@  3320s  (total 11 workers using 13129 MB)
@  3332s  (total 11 workers using 13129 MB)
@  3343s  (total 11 workers using 13129 MB)
@  3355s  (total 11 workers using 13154 MB)
@  3366s  (total 11 workers using 13154 MB)
@  3378s  (total 11 workers using 13088 MB)
@  3389s  (total 11 workers using 13088 MB)
@  3400s  (total 11 workers using 13088 MB)
@  3412s  (total 11 workers using 13088 MB)
@  3423s  (total 11 workers using 13088 MB)
@  3434s  (total 11 workers using 13088 MB)
@  3446s  (total 11 workers using 13115 MB)
@  3457s  (total 11 workers using 13115 MB)
@  3469s  (total 11 workers using 13116 MB)
@  3480s  (total 11 workers using 13152 MB)
@  3492s  (total 11 workers using 13152 MB)
@  3503s  (total 11 workers using 13152 MB)
@  3514s  (total 11 workers using 13152 MB)
@  3526s  (total 11 workers using 13116 MB)
@  3537s  (total 11 workers using 13116 MB)
@  3548s  (total 11 workers using 13116 MB)
@  3560s  (total 11 workers using 13085 MB)
@  3571s  (total 11 workers using 13039 MB)
@  3574s  (stopping all workers)
@  3574s  (worker 0 finished with result unknown) python3 avr.py -a sa
@  3574s  (worker 2 finished with result unknown) python3 avr.py
@  3574s  (worker 4 finished with result unknown) python3 avr.py -b bin_y2 --bmc
@  3574s  (worker 6 finished with result unknown) python3 avr.py -a sa --interpol 1 -f 1
@  3574s  (worker 8 finished with result unknown) python3 avr.py -l 5 -g 3 -a sa8 --interpol 1 -f 1
@  3574s  (worker 10 finished with result unknown) python3 avr.py --bmc
@  3574s  (worker 1 finished with result unknown) python3 avr.py -b bin_bt_cadical -s --bmc
@  3574s  (worker 5 finished with result unknown) python3 avr.py -b bin_bt_cadical -g 3 -l 0 -a sa32
@  3574s  (worker 9 finished with result unknown) python3 avr.py -b bin_y2 -s -a sa4 --interpol 1 -f 1
@  3574s  (worker 3 finished with result unknown) python3 avr.py -b bin_y2 -s
@  3574s  (worker 7 finished with result unknown) python3 avr.py -s -l 0
@  3574s  (copied results from worker 0 in /scratch/network/hongcez/hwmcc/avr-log/btor2/bv/mann/data-integrity/unsafe/pr_arbitrated_top_n3_w16_d64_e0)
@  3574s  [0;30;47m(proof race finished with answer unknown in 3574.08 seconds)[m
