	(output dir: /scratch/network/hongcez/hwmcc/avr-log/btor2/bv/mann/data-integrity/unsafe/pr_arbitrated_top_n4_w32_d16_e0/work_w1)
	(frontend: btor2)
	(property: all (1 assertions))
	(1 / 2169 flops initialized)
	(abstraction: sa+uf)
	(bmc: safe till step 0)
	(bmc: safe till step 10)
	(bmc: found cex at step 18)
   0	: 0	: 0 s: 0    8s                  

AVR -- Proof Race 
copyright (c) 2019  Aman Goel and Karem Sakallah, University of Michigan
@     0s  (starting avr proof race)
@     0s  (output dir: /scratch/network/hongcez/hwmcc/avr-log/btor2/bv/mann/data-integrity/unsafe/pr_arbitrated_top_n4_w32_d16_e0)
@     0s  (max 11 workers)
@     0s  (started worker 0 with pid 226044)
@     0s  (started worker 1 with pid 226045)
@     0s  (started worker 2 with pid 226046)
@     0s  (started worker 3 with pid 226047)
@     0s  (started worker 4 with pid 226048)
@     0s  (spawned 5 workers)
@     0s  (total 5 workers using 0 MB)
@     1s  (started worker 5 with pid 226165)
@     1s  (spawned 1 workers)
@     1s  (total 6 workers using 198 MB)
@     2s  (started worker 6 with pid 226209)
@     2s  (spawned 1 workers)
@     2s  (total 7 workers using 249 MB)
@     4s  (started worker 7 with pid 226263)
@     4s  (spawned 1 workers)
@     4s  (total 8 workers using 325 MB)
@     6s  (started worker 8 with pid 226327)
@     6s  (spawned 1 workers)
@     6s  (total 9 workers using 393 MB)
@     9s  (started worker 9 with pid 226396)
@     9s  (spawned 1 workers)
@     9s  (total 10 workers using 397 MB)
@    10s  (worker 1 finished with result unsafe) python3 avr.py -b bin_bt_cadical -s --bmc
@    10s  (worker 1 output)
@    10s  (stopping all workers)
@    10s  (copied results from worker 1 in /scratch/network/hongcez/hwmcc/avr-log/btor2/bv/mann/data-integrity/unsafe/pr_arbitrated_top_n4_w32_d16_e0)
@    10s  [0;30;47m(proof race finished with answer unsafe in 10.02 seconds)[m
