AVR -- Proof Race 
copyright (c) 2019  Aman Goel and Karem Sakallah, University of Michigan
@     0s  (starting avr proof race)
@     0s  (output dir: /scratch/network/hongcez/hwmcc/avr-log/btor2/bv/mann/data-integrity/unsafe/pr_arbitrated_top_n4_w64_d128_e0)
@     0s  (max 11 workers)
@     0s  (started worker 0 with pid 221045)
@     0s  (started worker 1 with pid 221046)
@     0s  (started worker 2 with pid 221047)
@     0s  (started worker 3 with pid 221048)
@     0s  (started worker 4 with pid 221049)
@     0s  (spawned 5 workers)
@     0s  (total 5 workers using 0 MB)
@     1s  (started worker 5 with pid 221165)
@     1s  (spawned 1 workers)
@     1s  (total 6 workers using 560 MB)
@     2s  (started worker 6 with pid 221216)
@     2s  (spawned 1 workers)
@     2s  (total 7 workers using 895 MB)
@     3s  (started worker 7 with pid 221273)
@     3s  (spawned 1 workers)
@     3s  (total 8 workers using 1103 MB)
@     6s  (started worker 8 with pid 221330)
@     6s  (spawned 1 workers)
@     6s  (total 9 workers using 1335 MB)
@     9s  (started worker 9 with pid 221409)
@     9s  (spawned 1 workers)
@     9s  (total 10 workers using 1845 MB)
@    13s  (started worker 10 with pid 221475)
@    13s  (spawned 1 workers)
@    13s  (total 11 workers using 2445 MB)
@    25s  (total 11 workers using 3764 MB)
@    42s  (total 11 workers using 4584 MB)
@    59s  (total 11 workers using 4982 MB)
@    73s  (total 11 workers using 5104 MB)
@    88s  (total 11 workers using 5213 MB)
@   104s  (total 11 workers using 5343 MB)
@   117s  (total 11 workers using 5431 MB)
@   132s  (total 11 workers using 5683 MB)
@   146s  (total 11 workers using 5663 MB)
@   160s  (total 11 workers using 5926 MB)
@   173s  (total 11 workers using 5755 MB)
@   188s  (total 11 workers using 5765 MB)
@   201s  (total 11 workers using 5708 MB)
@   216s  (total 11 workers using 5842 MB)
@   229s  (total 11 workers using 5969 MB)
@   244s  (total 11 workers using 6072 MB)
@   257s  (total 11 workers using 6114 MB)
@   272s  (total 11 workers using 6140 MB)
@   285s  (total 11 workers using 6278 MB)
@   299s  (total 11 workers using 6304 MB)
@   313s  (total 11 workers using 6317 MB)
@   327s  (total 11 workers using 6633 MB)
@   341s  (total 11 workers using 6637 MB)
@   355s  (total 11 workers using 6478 MB)
@   369s  (total 11 workers using 6489 MB)
@   383s  (total 11 workers using 6475 MB)
@   396s  (total 11 workers using 6613 MB)
@   411s  (total 11 workers using 6627 MB)
@   424s  (total 11 workers using 6639 MB)
@   439s  (total 11 workers using 6945 MB)
@   452s  (total 11 workers using 6651 MB)
@   466s  (total 11 workers using 6668 MB)
@   480s  (total 11 workers using 6732 MB)
@   494s  (total 11 workers using 6797 MB)
@   508s  (total 11 workers using 6853 MB)
@   522s  (total 11 workers using 6890 MB)
@   535s  (total 11 workers using 6908 MB)
@   550s  (total 11 workers using 7139 MB)
@   563s  (total 11 workers using 7174 MB)
@   578s  (total 11 workers using 7199 MB)
@   592s  (total 11 workers using 7044 MB)
@   606s  (total 11 workers using 7100 MB)
@   620s  (total 11 workers using 7085 MB)
@   634s  (total 11 workers using 7167 MB)
@   648s  (total 11 workers using 7275 MB)
@   663s  (total 11 workers using 7283 MB)
@   676s  (total 11 workers using 7335 MB)
@   691s  (total 11 workers using 7466 MB)
@   704s  (total 11 workers using 7777 MB)
@   719s  (total 11 workers using 7821 MB)
@   733s  (total 11 workers using 7758 MB)
@   748s  (total 11 workers using 7943 MB)
@   761s  (total 11 workers using 8049 MB)
@   776s  (total 11 workers using 8079 MB)
@   789s  (total 11 workers using 8096 MB)
@   803s  (total 11 workers using 8035 MB)
@   817s  (total 11 workers using 8049 MB)
@   831s  (total 11 workers using 8074 MB)
@   845s  (total 11 workers using 8378 MB)
@   860s  (total 11 workers using 8432 MB)
@   873s  (total 11 workers using 8548 MB)
@   888s  (total 11 workers using 8524 MB)
@   901s  (total 11 workers using 8642 MB)
@   915s  (total 11 workers using 8744 MB)
@   929s  (total 11 workers using 8697 MB)
@   943s  (total 11 workers using 8821 MB)
@   956s  (total 11 workers using 8786 MB)
@   971s  (total 11 workers using 8780 MB)
@   985s  (total 11 workers using 8781 MB)
@  1000s  (total 11 workers using 8812 MB)
@  1014s  (total 11 workers using 9446 MB)
@  1029s  (total 11 workers using 9551 MB)
@  1042s  (total 11 workers using 9787 MB)
@  1057s  (total 11 workers using 9919 MB)
@  1070s  (total 11 workers using 9885 MB)
@  1085s  (total 11 workers using 9815 MB)
@  1099s  (total 11 workers using 9630 MB)
@  1113s  (total 11 workers using 9647 MB)
@  1126s  (total 11 workers using 9661 MB)
@  1141s  (total 11 workers using 9703 MB)
@  1154s  (total 11 workers using 9709 MB)
@  1169s  (total 11 workers using 9736 MB)
@  1182s  (total 11 workers using 9750 MB)
@  1197s  (total 11 workers using 10039 MB)
@  1210s  (total 11 workers using 10044 MB)
@  1224s  (total 11 workers using 10237 MB)
@  1237s  (total 11 workers using 10264 MB)
@  1252s  (total 11 workers using 10351 MB)
@  1265s  (total 11 workers using 10355 MB)
@  1279s  (total 11 workers using 10445 MB)
@  1293s  (total 11 workers using 10466 MB)
@  1307s  (total 11 workers using 10494 MB)
@  1320s  (total 11 workers using 10337 MB)
@  1334s  (total 11 workers using 10363 MB)
@  1348s  (total 11 workers using 10365 MB)
@  1362s  (total 11 workers using 10370 MB)
@  1375s  (total 11 workers using 10432 MB)
@  1390s  (total 11 workers using 10850 MB)
@  1403s  (total 11 workers using 10799 MB)
@  1418s  (total 11 workers using 10813 MB)
@  1431s  (total 11 workers using 10835 MB)
@  1446s  (total 11 workers using 10616 MB)
@  1459s  (total 11 workers using 10549 MB)
@  1474s  (total 11 workers using 10590 MB)
@  1487s  (total 11 workers using 10593 MB)
@  1501s  (total 11 workers using 10596 MB)
@  1515s  (total 11 workers using 10600 MB)
@  1529s  (total 11 workers using 10602 MB)
@  1543s  (total 11 workers using 10828 MB)
@  1557s  (total 11 workers using 10886 MB)
@  1570s  (total 11 workers using 10890 MB)
@  1585s  (total 11 workers using 10906 MB)
@  1598s  (total 11 workers using 10927 MB)
@  1612s  (total 11 workers using 10927 MB)
@  1625s  (total 11 workers using 11048 MB)
@  1640s  (total 11 workers using 11061 MB)
@  1653s  (total 11 workers using 11096 MB)
@  1667s  (total 11 workers using 11143 MB)
@  1680s  (total 11 workers using 10874 MB)
@  1695s  (total 11 workers using 10875 MB)
@  1708s  (total 11 workers using 10876 MB)
@  1723s  (total 11 workers using 10881 MB)
@  1736s  (total 11 workers using 10890 MB)
@  1750s  (total 11 workers using 10894 MB)
@  1763s  (total 11 workers using 10922 MB)
@  1778s  (total 11 workers using 10933 MB)
@  1791s  (total 11 workers using 11239 MB)
@  1805s  (total 11 workers using 11137 MB)
@  1818s  (total 11 workers using 11400 MB)
@  1832s  (total 11 workers using 11409 MB)
@  1846s  (total 11 workers using 11410 MB)
@  1860s  (total 11 workers using 11674 MB)
@  1874s  (total 11 workers using 11665 MB)
@  1888s  (total 11 workers using 11675 MB)
@  1901s  (total 11 workers using 11680 MB)
@  1916s  (total 11 workers using 11709 MB)
@  1929s  (total 11 workers using 11718 MB)
@  1944s  (total 11 workers using 11727 MB)
@  1957s  (total 11 workers using 11759 MB)
@  1971s  (total 11 workers using 11581 MB)
@  1985s  (total 11 workers using 11615 MB)
@  1999s  (total 11 workers using 11654 MB)
@  2013s  (total 11 workers using 11653 MB)
@  2027s  (total 11 workers using 11729 MB)
@  2040s  (total 11 workers using 12075 MB)
@  2055s  (total 11 workers using 12080 MB)
@  2068s  (total 11 workers using 12084 MB)
@  2082s  (total 11 workers using 12250 MB)
@  2095s  (total 11 workers using 12490 MB)
@  2110s  (total 11 workers using 12816 MB)
@  2123s  (total 11 workers using 12919 MB)
@  2138s  (total 11 workers using 12941 MB)
@  2151s  (total 11 workers using 13165 MB)
@  2166s  (total 11 workers using 12919 MB)
@  2179s  (total 11 workers using 12935 MB)
@  2193s  (total 11 workers using 12973 MB)
@  2207s  (total 11 workers using 13061 MB)
@  2221s  (total 11 workers using 13132 MB)
@  2234s  (total 11 workers using 13137 MB)
@  2249s  (total 11 workers using 13223 MB)
@  2262s  (total 11 workers using 13456 MB)
@  2276s  (total 11 workers using 13470 MB)
@  2290s  (total 11 workers using 13474 MB)
@  2304s  (total 11 workers using 13479 MB)
@  2317s  (total 11 workers using 13599 MB)
@  2332s  (total 11 workers using 13643 MB)
@  2345s  (total 11 workers using 13664 MB)
@  2359s  (total 11 workers using 13672 MB)
@  2372s  (total 11 workers using 13561 MB)
@  2386s  (total 11 workers using 13560 MB)
@  2399s  (total 11 workers using 13571 MB)
@  2413s  (total 11 workers using 13574 MB)
@  2427s  (total 11 workers using 13579 MB)
@  2441s  (total 11 workers using 13607 MB)
@  2453s  (total 11 workers using 13612 MB)
@  2465s  (total 11 workers using 13430 MB)
@  2476s  (total 11 workers using 13434 MB)
@  2488s  (total 11 workers using 13439 MB)
@  2500s  (total 11 workers using 13450 MB)
@  2511s  (total 11 workers using 13453 MB)
@  2523s  (total 11 workers using 13458 MB)
@  2535s  (total 11 workers using 13847 MB)
@  2546s  (total 11 workers using 13769 MB)
@  2558s  (total 11 workers using 13918 MB)
@  2569s  (total 11 workers using 13930 MB)
@  2581s  (total 11 workers using 13920 MB)
@  2593s  (total 11 workers using 13949 MB)
@  2604s  (total 11 workers using 13951 MB)
@  2616s  (total 11 workers using 13975 MB)
@  2628s  (total 11 workers using 14003 MB)
@  2639s  (total 11 workers using 14004 MB)
@  2651s  (total 11 workers using 13927 MB)
@  2662s  (total 11 workers using 13681 MB)
@  2674s  (total 11 workers using 13681 MB)
@  2685s  (total 11 workers using 13682 MB)
@  2697s  (total 11 workers using 13684 MB)
@  2708s  (total 11 workers using 13661 MB)
@  2720s  (total 11 workers using 13685 MB)
@  2732s  (total 11 workers using 13703 MB)
@  2743s  (total 11 workers using 13777 MB)
@  2755s  (total 11 workers using 14055 MB)
@  2767s  (total 11 workers using 14006 MB)
@  2778s  (total 11 workers using 14042 MB)
@  2790s  (total 11 workers using 14180 MB)
@  2801s  (total 11 workers using 14206 MB)
@  2813s  (total 11 workers using 14209 MB)
@  2825s  (total 11 workers using 14212 MB)
@  2836s  (total 11 workers using 14151 MB)
@  2848s  (total 11 workers using 14067 MB)
@  2860s  (total 11 workers using 14068 MB)
@  2871s  (total 11 workers using 14077 MB)
@  2883s  (total 11 workers using 14088 MB)
@  2894s  (total 11 workers using 14092 MB)
@  2906s  (total 11 workers using 14094 MB)
@  2918s  (total 11 workers using 14095 MB)
@  2929s  (total 11 workers using 14169 MB)
@  2941s  (total 11 workers using 14111 MB)
@  2953s  (total 11 workers using 14126 MB)
@  2964s  (total 11 workers using 14142 MB)
@  2976s  (total 11 workers using 14150 MB)
@  2987s  (total 11 workers using 14213 MB)
@  2999s  (total 11 workers using 14216 MB)
@  3010s  (total 11 workers using 14222 MB)
@  3022s  (total 11 workers using 14231 MB)
@  3034s  (total 11 workers using 14326 MB)
@  3045s  (total 11 workers using 14440 MB)
@  3057s  (total 11 workers using 14476 MB)
@  3069s  (total 11 workers using 14534 MB)
@  3080s  (total 11 workers using 14431 MB)
@  3092s  (total 11 workers using 14368 MB)
@  3103s  (total 11 workers using 14446 MB)
@  3115s  (total 11 workers using 14452 MB)
@  3126s  (total 11 workers using 14987 MB)
@  3138s  (total 11 workers using 14926 MB)
@  3150s  (total 11 workers using 14984 MB)
@  3161s  (total 11 workers using 15048 MB)
@  3173s  (total 11 workers using 15051 MB)
@  3185s  (total 11 workers using 15084 MB)
@  3196s  (total 11 workers using 15095 MB)
@  3208s  (total 11 workers using 15092 MB)
@  3219s  (total 11 workers using 15100 MB)
@  3231s  (total 11 workers using 15104 MB)
@  3242s  (total 11 workers using 15134 MB)
@  3254s  (total 11 workers using 15105 MB)
@  3266s  (total 11 workers using 15116 MB)
@  3277s  (total 11 workers using 15247 MB)
@  3289s  (total 11 workers using 15242 MB)
@  3301s  (total 11 workers using 15244 MB)
@  3312s  (total 11 workers using 15254 MB)
@  3324s  (total 11 workers using 15293 MB)
@  3335s  (total 11 workers using 15214 MB)
@  3347s  (total 11 workers using 14865 MB)
@  3358s  (total 11 workers using 14855 MB)
@  3370s  (total 11 workers using 14859 MB)
@  3382s  (total 11 workers using 14862 MB)
@  3393s  (total 11 workers using 14904 MB)
@  3405s  (total 11 workers using 14934 MB)
@  3417s  (total 11 workers using 14938 MB)
@  3428s  (total 11 workers using 14940 MB)
@  3440s  (total 11 workers using 15420 MB)
@  3451s  (total 11 workers using 15420 MB)
@  3463s  (total 11 workers using 15457 MB)
@  3474s  (total 11 workers using 15461 MB)
@  3486s  (total 11 workers using 15416 MB)
@  3498s  (total 11 workers using 15418 MB)
@  3510s  (total 11 workers using 15458 MB)
@  3521s  (total 11 workers using 15468 MB)
@  3533s  (total 11 workers using 15449 MB)
@  3544s  (total 11 workers using 15452 MB)
@  3556s  (total 11 workers using 15523 MB)
@  3567s  (total 11 workers using 15458 MB)
@  3574s  (stopping all workers)
@  3574s  (worker 0 finished with result unknown) python3 avr.py -a sa
@  3574s  (worker 2 finished with result unknown) python3 avr.py
@  3574s  (worker 4 finished with result unknown) python3 avr.py -b bin_y2 --bmc
@  3574s  (worker 6 finished with result unknown) python3 avr.py -a sa --interpol 1 -f 1
@  3574s  (worker 8 finished with result unknown) python3 avr.py -l 5 -g 3 -a sa8 --interpol 1 -f 1
@  3574s  (worker 10 finished with result unknown) python3 avr.py --bmc
@  3575s  (worker 1 finished with result unknown) python3 avr.py -b bin_bt_cadical -s --bmc
@  3575s  (worker 5 finished with result unknown) python3 avr.py -b bin_bt_cadical -g 3 -l 0 -a sa32
@  3575s  (worker 9 finished with result unknown) python3 avr.py -b bin_y2 -s -a sa4 --interpol 1 -f 1
@  3575s  (worker 3 finished with result unknown) python3 avr.py -b bin_y2 -s
@  3575s  (worker 7 finished with result unknown) python3 avr.py -s -l 0
@  3575s  (copied results from worker 0 in /scratch/network/hongcez/hwmcc/avr-log/btor2/bv/mann/data-integrity/unsafe/pr_arbitrated_top_n4_w64_d128_e0)
@  3575s  [0;30;47m(proof race finished with answer unknown in 3574.88 seconds)[m
