AVR -- Proof Race 
copyright (c) 2019  Aman Goel and Karem Sakallah, University of Michigan
@     0s  (starting avr proof race)
@     0s  (output dir: /scratch/network/hongcez/hwmcc/avr-log/btor2/bv/mann/data-integrity/unsafe/pr_arbitrated_top_n2_w8_d128_e0)
@     0s  (max 11 workers)
@     0s  (started worker 0 with pid 226463)
@     0s  (started worker 1 with pid 226464)
@     0s  (started worker 2 with pid 226465)
@     0s  (started worker 3 with pid 226466)
@     0s  (started worker 4 with pid 226467)
@     0s  (spawned 5 workers)
@     0s  (total 5 workers using 0 MB)
@     1s  (started worker 5 with pid 226589)
@     1s  (spawned 1 workers)
@     1s  (total 6 workers using 272 MB)
@     2s  (started worker 6 with pid 226640)
@     2s  (spawned 1 workers)
@     2s  (total 7 workers using 358 MB)
@     4s  (started worker 7 with pid 226683)
@     4s  (spawned 1 workers)
@     4s  (total 8 workers using 497 MB)
@     6s  (started worker 8 with pid 226757)
@     6s  (spawned 1 workers)
@     6s  (total 9 workers using 575 MB)
@    10s  (started worker 9 with pid 226832)
@    10s  (spawned 1 workers)
@    10s  (total 10 workers using 662 MB)
@    14s  (started worker 10 with pid 226894)
@    14s  (spawned 1 workers)
@    14s  (total 11 workers using 780 MB)
@    26s  (total 11 workers using 1134 MB)
@    42s  (total 11 workers using 1313 MB)
@    60s  (total 11 workers using 1461 MB)
@    74s  (total 11 workers using 1551 MB)
@    88s  (total 11 workers using 1640 MB)
@   105s  (total 11 workers using 1786 MB)
@   118s  (total 11 workers using 1932 MB)
@   132s  (total 11 workers using 2065 MB)
@   146s  (total 11 workers using 2266 MB)
@   161s  (total 11 workers using 2383 MB)
@   174s  (total 11 workers using 2442 MB)
@   189s  (total 11 workers using 2495 MB)
@   203s  (total 11 workers using 2588 MB)
@   218s  (total 11 workers using 2657 MB)
@   231s  (total 11 workers using 2701 MB)
@   245s  (total 11 workers using 2807 MB)
@   259s  (total 11 workers using 2861 MB)
@   273s  (total 11 workers using 2934 MB)
@   285s  (total 11 workers using 2993 MB)
@   300s  (total 11 workers using 3064 MB)
@   313s  (total 11 workers using 3143 MB)
@   327s  (total 11 workers using 3167 MB)
@   340s  (total 11 workers using 3206 MB)
@   354s  (total 11 workers using 3259 MB)
@   367s  (total 11 workers using 3336 MB)
@   382s  (total 11 workers using 3417 MB)
@   394s  (total 11 workers using 3411 MB)
@   409s  (total 11 workers using 3454 MB)
@   422s  (total 11 workers using 3520 MB)
@   435s  (total 11 workers using 3711 MB)
@   449s  (total 11 workers using 3850 MB)
@   464s  (total 11 workers using 3897 MB)
@   477s  (total 11 workers using 3930 MB)
@   492s  (total 11 workers using 3973 MB)
@   506s  (total 11 workers using 3992 MB)
@   520s  (total 11 workers using 4023 MB)
@   534s  (total 11 workers using 4041 MB)
@   548s  (total 11 workers using 4085 MB)
@   561s  (total 11 workers using 4107 MB)
@   576s  (total 11 workers using 4188 MB)
@   589s  (total 11 workers using 4213 MB)
@   603s  (total 11 workers using 4239 MB)
@   616s  (total 11 workers using 4262 MB)
@   631s  (total 11 workers using 4336 MB)
@   644s  (total 11 workers using 4386 MB)
@   659s  (total 11 workers using 4429 MB)
@   672s  (total 11 workers using 4457 MB)
@   686s  (total 11 workers using 4482 MB)
@   699s  (total 11 workers using 4540 MB)
@   714s  (total 11 workers using 4624 MB)
@   727s  (total 11 workers using 4813 MB)
@   741s  (total 11 workers using 4856 MB)
@   754s  (total 11 workers using 5167 MB)
@   768s  (total 11 workers using 5217 MB)
@   782s  (total 11 workers using 5233 MB)
@   797s  (total 11 workers using 5253 MB)
@   810s  (total 11 workers using 5245 MB)
@   825s  (total 11 workers using 5313 MB)
@   838s  (total 11 workers using 5435 MB)
@   850s  (total 11 workers using 5572 MB)
@   863s  (total 11 workers using 5613 MB)
@   878s  (total 11 workers using 5758 MB)
@   891s  (total 11 workers using 5766 MB)
@   904s  (total 11 workers using 5777 MB)
@   917s  (total 11 workers using 5788 MB)
@   931s  (total 11 workers using 5847 MB)
@   944s  (total 11 workers using 5856 MB)
@   959s  (total 11 workers using 5879 MB)
@   972s  (total 11 workers using 5871 MB)
@   986s  (total 11 workers using 5890 MB)
@   999s  (total 11 workers using 5924 MB)
@  1014s  (total 11 workers using 5975 MB)
@  1027s  (total 11 workers using 5949 MB)
@  1042s  (total 11 workers using 6020 MB)
@  1055s  (total 11 workers using 6038 MB)
@  1069s  (total 11 workers using 6049 MB)
@  1082s  (total 11 workers using 6076 MB)
@  1097s  (total 11 workers using 6048 MB)
@  1110s  (total 11 workers using 6086 MB)
@  1124s  (total 11 workers using 6103 MB)
@  1137s  (total 11 workers using 6105 MB)
@  1151s  (total 11 workers using 6229 MB)
@  1164s  (total 11 workers using 6288 MB)
@  1178s  (total 11 workers using 6308 MB)
@  1191s  (total 11 workers using 6290 MB)
@  1205s  (total 11 workers using 6298 MB)
@  1219s  (total 11 workers using 6307 MB)
@  1233s  (total 11 workers using 6310 MB)
@  1246s  (total 11 workers using 6340 MB)
@  1261s  (total 11 workers using 6378 MB)
@  1274s  (total 11 workers using 6414 MB)
@  1288s  (total 11 workers using 6469 MB)
@  1300s  (total 11 workers using 6646 MB)
@  1314s  (total 11 workers using 6671 MB)
@  1328s  (total 11 workers using 6724 MB)
@  1342s  (total 11 workers using 6745 MB)
@  1355s  (total 11 workers using 6828 MB)
@  1368s  (total 11 workers using 6836 MB)
@  1382s  (total 11 workers using 6843 MB)
@  1396s  (total 11 workers using 6925 MB)
@  1409s  (total 11 workers using 6955 MB)
@  1423s  (total 11 workers using 6968 MB)
@  1436s  (total 11 workers using 7014 MB)
@  1450s  (total 11 workers using 7081 MB)
@  1464s  (total 11 workers using 7094 MB)
@  1478s  (total 11 workers using 7154 MB)
@  1492s  (total 11 workers using 7165 MB)
@  1505s  (total 11 workers using 7238 MB)
@  1519s  (total 11 workers using 7317 MB)
@  1534s  (total 11 workers using 7335 MB)
@  1547s  (total 11 workers using 7372 MB)
@  1561s  (total 11 workers using 7426 MB)
@  1575s  (total 11 workers using 7477 MB)
@  1590s  (total 11 workers using 7409 MB)
@  1602s  (total 11 workers using 7423 MB)
@  1616s  (total 11 workers using 7462 MB)
@  1630s  (total 11 workers using 7476 MB)
@  1645s  (total 11 workers using 7476 MB)
@  1658s  (total 11 workers using 7507 MB)
@  1672s  (total 11 workers using 7510 MB)
@  1685s  (total 11 workers using 7534 MB)
@  1700s  (total 11 workers using 7543 MB)
@  1713s  (total 11 workers using 7557 MB)
@  1728s  (total 11 workers using 7533 MB)
@  1741s  (total 11 workers using 7542 MB)
@  1757s  (total 11 workers using 7542 MB)
@  1770s  (total 11 workers using 7550 MB)
@  1785s  (total 11 workers using 7681 MB)
@  1798s  (total 11 workers using 7823 MB)
@  1813s  (total 11 workers using 7834 MB)
@  1826s  (total 11 workers using 7977 MB)
@  1840s  (total 11 workers using 8110 MB)
@  1854s  (total 11 workers using 8136 MB)
@  1868s  (total 11 workers using 8172 MB)
@  1882s  (total 11 workers using 8242 MB)
@  1897s  (total 11 workers using 8310 MB)
@  1910s  (total 11 workers using 8349 MB)
@  1924s  (total 11 workers using 8428 MB)
@  1938s  (total 11 workers using 8490 MB)
@  1952s  (total 11 workers using 8500 MB)
@  1966s  (total 11 workers using 8681 MB)
@  1980s  (total 11 workers using 8814 MB)
@  1994s  (total 11 workers using 8893 MB)
@  2008s  (total 11 workers using 8867 MB)
@  2022s  (total 11 workers using 8921 MB)
@  2036s  (total 11 workers using 8921 MB)
@  2050s  (total 11 workers using 8913 MB)
@  2064s  (total 11 workers using 8942 MB)
@  2078s  (total 11 workers using 8942 MB)
@  2092s  (total 11 workers using 8894 MB)
@  2106s  (total 11 workers using 8922 MB)
@  2120s  (total 11 workers using 8945 MB)
@  2134s  (total 11 workers using 8952 MB)
@  2148s  (total 11 workers using 9010 MB)
@  2162s  (total 11 workers using 9098 MB)
@  2176s  (total 11 workers using 9104 MB)
@  2189s  (total 11 workers using 9120 MB)
@  2204s  (total 11 workers using 9117 MB)
@  2217s  (total 11 workers using 9123 MB)
@  2232s  (total 11 workers using 9084 MB)
@  2245s  (total 11 workers using 9090 MB)
@  2260s  (total 11 workers using 9096 MB)
@  2273s  (total 11 workers using 9214 MB)
@  2288s  (total 11 workers using 9219 MB)
@  2300s  (total 11 workers using 9247 MB)
@  2313s  (total 11 workers using 9252 MB)
@  2325s  (total 11 workers using 9255 MB)
@  2337s  (total 11 workers using 9260 MB)
@  2349s  (total 11 workers using 9267 MB)
@  2361s  (total 11 workers using 9271 MB)
@  2373s  (total 11 workers using 9222 MB)
@  2385s  (total 11 workers using 9240 MB)
@  2397s  (total 11 workers using 9253 MB)
@  2409s  (total 11 workers using 9259 MB)
@  2421s  (total 11 workers using 9273 MB)
@  2433s  (total 11 workers using 9316 MB)
@  2445s  (total 11 workers using 9325 MB)
@  2457s  (total 11 workers using 9279 MB)
@  2469s  (total 11 workers using 9287 MB)
@  2482s  (total 11 workers using 9347 MB)
@  2494s  (total 11 workers using 9355 MB)
@  2506s  (total 11 workers using 9366 MB)
@  2518s  (total 11 workers using 9375 MB)
@  2530s  (total 11 workers using 9415 MB)
@  2542s  (total 11 workers using 9515 MB)
@  2555s  (total 11 workers using 9552 MB)
@  2567s  (total 11 workers using 9835 MB)
@  2579s  (total 11 workers using 9813 MB)
@  2591s  (total 11 workers using 9831 MB)
@  2603s  (total 11 workers using 9861 MB)
@  2615s  (total 11 workers using 9954 MB)
@  2628s  (total 11 workers using 9958 MB)
@  2639s  (total 11 workers using 9956 MB)
@  2652s  (total 11 workers using 9960 MB)
@  2664s  (total 11 workers using 10372 MB)
@  2676s  (total 11 workers using 10524 MB)
@  2688s  (total 11 workers using 10557 MB)
@  2700s  (total 11 workers using 10619 MB)
@  2712s  (total 11 workers using 10631 MB)
@  2725s  (total 11 workers using 10652 MB)
@  2737s  (total 11 workers using 10700 MB)
@  2749s  (total 11 workers using 10720 MB)
@  2761s  (total 11 workers using 10793 MB)
@  2773s  (total 11 workers using 10800 MB)
@  2785s  (total 11 workers using 10844 MB)
@  2796s  (total 11 workers using 10851 MB)
@  2808s  (total 11 workers using 10851 MB)
@  2820s  (total 11 workers using 10852 MB)
@  2831s  (total 11 workers using 10934 MB)
@  2843s  (total 11 workers using 10935 MB)
@  2855s  (total 11 workers using 10886 MB)
@  2867s  (total 11 workers using 10919 MB)
@  2878s  (total 11 workers using 11003 MB)
@  2890s  (total 11 workers using 11035 MB)
@  2901s  (total 11 workers using 11038 MB)
@  2913s  (total 11 workers using 11038 MB)
@  2924s  (total 11 workers using 11042 MB)
@  2936s  (total 11 workers using 11044 MB)
@  2948s  (total 11 workers using 11045 MB)
@  2959s  (total 11 workers using 11046 MB)
@  2971s  (total 11 workers using 11046 MB)
@  2983s  (total 11 workers using 11047 MB)
@  2994s  (total 11 workers using 11047 MB)
@  3006s  (total 11 workers using 11048 MB)
@  3017s  (total 11 workers using 11049 MB)
@  3029s  (total 11 workers using 11087 MB)
@  3040s  (total 11 workers using 11092 MB)
@  3052s  (total 11 workers using 11099 MB)
@  3064s  (total 11 workers using 11069 MB)
@  3075s  (total 11 workers using 11073 MB)
@  3087s  (total 11 workers using 11082 MB)
@  3098s  (total 11 workers using 11082 MB)
@  3110s  (total 11 workers using 11082 MB)
@  3121s  (total 11 workers using 11082 MB)
@  3133s  (total 11 workers using 11082 MB)
@  3144s  (total 11 workers using 11083 MB)
@  3156s  (total 11 workers using 11091 MB)
@  3167s  (total 11 workers using 11050 MB)
@  3179s  (total 11 workers using 11046 MB)
@  3190s  (total 11 workers using 11046 MB)
@  3202s  (total 11 workers using 11046 MB)
@  3213s  (total 11 workers using 11042 MB)
@  3225s  (total 11 workers using 10998 MB)
@  3236s  (total 11 workers using 11023 MB)
@  3247s  (total 11 workers using 11025 MB)
@  3259s  (total 11 workers using 11025 MB)
@  3270s  (total 11 workers using 11033 MB)
@  3282s  (total 11 workers using 11054 MB)
@  3293s  (total 11 workers using 11054 MB)
@  3305s  (total 11 workers using 11054 MB)
@  3316s  (total 11 workers using 11057 MB)
@  3328s  (total 11 workers using 11057 MB)
@  3339s  (total 11 workers using 11088 MB)
@  3351s  (total 11 workers using 11078 MB)
@  3362s  (total 11 workers using 11104 MB)
@  3374s  (total 11 workers using 11104 MB)
@  3385s  (total 11 workers using 11104 MB)
@  3396s  (total 11 workers using 11174 MB)
@  3408s  (total 11 workers using 11192 MB)
@  3419s  (total 11 workers using 11254 MB)
@  3431s  (total 11 workers using 11254 MB)
@  3442s  (total 11 workers using 11254 MB)
@  3454s  (total 11 workers using 11256 MB)
@  3465s  (total 11 workers using 11257 MB)
@  3477s  (total 11 workers using 11257 MB)
@  3488s  (total 11 workers using 11258 MB)
@  3500s  (total 11 workers using 11259 MB)
@  3511s  (total 11 workers using 11259 MB)
@  3522s  (total 11 workers using 11223 MB)
@  3534s  (total 11 workers using 11224 MB)
@  3545s  (total 11 workers using 11219 MB)
@  3557s  (total 11 workers using 11219 MB)
@  3568s  (total 11 workers using 11219 MB)
@  3575s  (stopping all workers)
@  3575s  (worker 0 finished with result unknown) python3 avr.py -a sa
@  3575s  (worker 2 finished with result unknown) python3 avr.py
@  3575s  (worker 4 finished with result unknown) python3 avr.py -b bin_y2 --bmc
@  3575s  (worker 6 finished with result unknown) python3 avr.py -a sa --interpol 1 -f 1
@  3575s  (worker 8 finished with result unknown) python3 avr.py -l 5 -g 3 -a sa8 --interpol 1 -f 1
@  3575s  (worker 10 finished with result unknown) python3 avr.py --bmc
@  3575s  (worker 1 finished with result unknown) python3 avr.py -b bin_bt_cadical -s --bmc
@  3575s  (worker 5 finished with result unknown) python3 avr.py -b bin_bt_cadical -g 3 -l 0 -a sa32
@  3575s  (worker 9 finished with result unknown) python3 avr.py -b bin_y2 -s -a sa4 --interpol 1 -f 1
@  3575s  (worker 3 finished with result unknown) python3 avr.py -b bin_y2 -s
@  3575s  (worker 7 finished with result unknown) python3 avr.py -s -l 0
@  3576s  (copied results from worker 0 in /scratch/network/hongcez/hwmcc/avr-log/btor2/bv/mann/data-integrity/unsafe/pr_arbitrated_top_n2_w8_d128_e0)
@  3576s  [0;30;47m(proof race finished with answer unknown in 3575.60 seconds)[m
