AVR -- Proof Race 
copyright (c) 2019  Aman Goel and Karem Sakallah, University of Michigan
@     0s  (starting avr proof race)
@     0s  (output dir: /scratch/network/hongcez/hwmcc/avr-log/btor2/bv/mann/data-integrity/unsafe/pr_arbitrated_top_n2_w128_d64_e0)
@     0s  (max 11 workers)
@     0s  (started worker 0 with pid 34448)
@     0s  (started worker 1 with pid 34449)
@     0s  (started worker 2 with pid 34450)
@     0s  (started worker 3 with pid 34451)
@     0s  (started worker 4 with pid 34452)
@     0s  (spawned 5 workers)
@     0s  (total 5 workers using 0 MB)
@     1s  (started worker 5 with pid 34568)
@     1s  (spawned 1 workers)
@     1s  (total 6 workers using 323 MB)
@     2s  (started worker 6 with pid 34608)
@     2s  (spawned 1 workers)
@     2s  (total 7 workers using 515 MB)
@     3s  (started worker 7 with pid 34656)
@     3s  (spawned 1 workers)
@     3s  (total 8 workers using 595 MB)
@     5s  (started worker 8 with pid 34710)
@     5s  (spawned 1 workers)
@     5s  (total 9 workers using 1027 MB)
@     9s  (started worker 9 with pid 34780)
@     9s  (spawned 1 workers)
@     9s  (total 10 workers using 1168 MB)
@    12s  (started worker 10 with pid 34843)
@    12s  (spawned 1 workers)
@    12s  (total 11 workers using 1425 MB)
@    24s  (total 11 workers using 2377 MB)
@    40s  (total 11 workers using 2623 MB)
@    57s  (total 11 workers using 2796 MB)
@    71s  (total 11 workers using 2904 MB)
@    85s  (total 11 workers using 2941 MB)
@   101s  (total 11 workers using 3215 MB)
@   114s  (total 11 workers using 3288 MB)
@   129s  (total 11 workers using 3460 MB)
@   142s  (total 11 workers using 3416 MB)
@   156s  (total 11 workers using 3451 MB)
@   169s  (total 11 workers using 3494 MB)
@   184s  (total 11 workers using 3539 MB)
@   197s  (total 11 workers using 3798 MB)
@   211s  (total 11 workers using 3721 MB)
@   224s  (total 11 workers using 3711 MB)
@   239s  (total 11 workers using 3840 MB)
@   252s  (total 11 workers using 3906 MB)
@   266s  (total 11 workers using 3971 MB)
@   280s  (total 11 workers using 4007 MB)
@   294s  (total 11 workers using 4022 MB)
@   307s  (total 11 workers using 4038 MB)
@   321s  (total 11 workers using 4042 MB)
@   334s  (total 11 workers using 4175 MB)
@   349s  (total 11 workers using 4275 MB)
@   362s  (total 11 workers using 4332 MB)
@   376s  (total 11 workers using 4471 MB)
@   389s  (total 11 workers using 4519 MB)
@   403s  (total 11 workers using 4804 MB)
@   417s  (total 11 workers using 4877 MB)
@   431s  (total 11 workers using 5006 MB)
@   444s  (total 11 workers using 4980 MB)
@   458s  (total 11 workers using 5008 MB)
@   472s  (total 11 workers using 4972 MB)
@   486s  (total 11 workers using 4974 MB)
@   499s  (total 11 workers using 5002 MB)
@   513s  (total 11 workers using 5012 MB)
@   526s  (total 11 workers using 5050 MB)
@   540s  (total 11 workers using 5133 MB)
@   553s  (total 11 workers using 5162 MB)
@   567s  (total 11 workers using 5283 MB)
@   581s  (total 11 workers using 5321 MB)
@   595s  (total 11 workers using 5336 MB)
@   608s  (total 11 workers using 5424 MB)
@   622s  (total 11 workers using 5408 MB)
@   635s  (total 11 workers using 5456 MB)
@   649s  (total 11 workers using 5634 MB)
@   663s  (total 11 workers using 5828 MB)
@   677s  (total 11 workers using 5858 MB)
@   690s  (total 11 workers using 5966 MB)
@   704s  (total 11 workers using 6026 MB)
@   717s  (total 11 workers using 6208 MB)
@   731s  (total 11 workers using 6330 MB)
@   744s  (total 11 workers using 6462 MB)
@   758s  (total 11 workers using 6463 MB)
@   772s  (total 11 workers using 6478 MB)
@   786s  (total 11 workers using 6517 MB)
@   799s  (total 11 workers using 6542 MB)
@   813s  (total 11 workers using 6605 MB)
@   826s  (total 11 workers using 6638 MB)
@   841s  (total 11 workers using 6778 MB)
@   854s  (total 11 workers using 6875 MB)
@   868s  (total 11 workers using 6921 MB)
@   881s  (total 11 workers using 6920 MB)
@   895s  (total 11 workers using 6971 MB)
@   909s  (total 11 workers using 6956 MB)
@   923s  (total 11 workers using 6976 MB)
@   936s  (total 11 workers using 7103 MB)
@   951s  (total 11 workers using 7135 MB)
@   964s  (total 11 workers using 7298 MB)
@   978s  (total 11 workers using 7369 MB)
@   991s  (total 11 workers using 7535 MB)
@  1006s  (total 11 workers using 7542 MB)
@  1019s  (total 11 workers using 7635 MB)
@  1033s  (total 11 workers using 7689 MB)
@  1046s  (total 11 workers using 7861 MB)
@  1061s  (total 11 workers using 8046 MB)
@  1074s  (total 11 workers using 7922 MB)
@  1088s  (total 11 workers using 8178 MB)
@  1101s  (total 11 workers using 8203 MB)
@  1116s  (total 11 workers using 8214 MB)
@  1129s  (total 11 workers using 8096 MB)
@  1143s  (total 11 workers using 8238 MB)
@  1156s  (total 11 workers using 8306 MB)
@  1170s  (total 11 workers using 8203 MB)
@  1184s  (total 11 workers using 8289 MB)
@  1198s  (total 11 workers using 8201 MB)
@  1211s  (total 11 workers using 8317 MB)
@  1225s  (total 11 workers using 8317 MB)
@  1236s  (total 11 workers using 8338 MB)
@  1248s  (total 11 workers using 8383 MB)
@  1260s  (total 11 workers using 8530 MB)
@  1271s  (total 11 workers using 8535 MB)
@  1283s  (total 11 workers using 8574 MB)
@  1294s  (total 11 workers using 8656 MB)
@  1306s  (total 11 workers using 8578 MB)
@  1317s  (total 11 workers using 8551 MB)
@  1329s  (total 11 workers using 8551 MB)
@  1340s  (total 11 workers using 8604 MB)
@  1352s  (total 11 workers using 8621 MB)
@  1364s  (total 11 workers using 8638 MB)
@  1375s  (total 11 workers using 8702 MB)
@  1387s  (total 11 workers using 8764 MB)
@  1398s  (total 11 workers using 9124 MB)
@  1410s  (total 11 workers using 9279 MB)
@  1421s  (total 11 workers using 9249 MB)
@  1433s  (total 11 workers using 9329 MB)
@  1444s  (total 11 workers using 9573 MB)
@  1456s  (total 11 workers using 9590 MB)
@  1467s  (total 11 workers using 9611 MB)
@  1479s  (total 11 workers using 9527 MB)
@  1490s  (total 11 workers using 9570 MB)
@  1502s  (total 11 workers using 9552 MB)
@  1513s  (total 11 workers using 9625 MB)
@  1525s  (total 11 workers using 9608 MB)
@  1536s  (total 11 workers using 9808 MB)
@  1548s  (total 11 workers using 9729 MB)
@  1559s  (total 11 workers using 9732 MB)
@  1571s  (total 11 workers using 9729 MB)
@  1582s  (total 11 workers using 9732 MB)
@  1594s  (total 11 workers using 9683 MB)
@  1605s  (total 11 workers using 9689 MB)
@  1617s  (total 11 workers using 9705 MB)
@  1628s  (total 11 workers using 9765 MB)
@  1640s  (total 11 workers using 9788 MB)
@  1651s  (total 11 workers using 9884 MB)
@  1663s  (total 11 workers using 9819 MB)
@  1674s  (total 11 workers using 9834 MB)
@  1686s  (total 11 workers using 9854 MB)
@  1698s  (total 11 workers using 9920 MB)
@  1709s  (total 11 workers using 9901 MB)
@  1721s  (total 11 workers using 9910 MB)
@  1732s  (total 11 workers using 9910 MB)
@  1744s  (total 11 workers using 9919 MB)
@  1756s  (total 11 workers using 9921 MB)
@  1767s  (total 11 workers using 9921 MB)
@  1779s  (total 11 workers using 9921 MB)
@  1790s  (total 11 workers using 9800 MB)
@  1802s  (total 11 workers using 9837 MB)
@  1813s  (total 11 workers using 9940 MB)
@  1825s  (total 11 workers using 9948 MB)
@  1836s  (total 11 workers using 9971 MB)
@  1848s  (total 11 workers using 10005 MB)
@  1859s  (total 11 workers using 10004 MB)
@  1871s  (total 11 workers using 10035 MB)
@  1882s  (total 11 workers using 10075 MB)
@  1894s  (total 11 workers using 10192 MB)
@  1905s  (total 11 workers using 10239 MB)
@  1917s  (total 11 workers using 10328 MB)
@  1928s  (total 11 workers using 10263 MB)
@  1940s  (total 11 workers using 10264 MB)
@  1951s  (total 11 workers using 10293 MB)
@  1963s  (total 11 workers using 10258 MB)
@  1974s  (total 11 workers using 10257 MB)
@  1986s  (total 11 workers using 10232 MB)
@  1997s  (total 11 workers using 10264 MB)
@  2009s  (total 11 workers using 10300 MB)
@  2020s  (total 11 workers using 10299 MB)
@  2032s  (total 11 workers using 10304 MB)
@  2044s  (total 11 workers using 10304 MB)
@  2055s  (total 11 workers using 10322 MB)
@  2066s  (total 11 workers using 10334 MB)
@  2078s  (total 11 workers using 10421 MB)
@  2090s  (total 11 workers using 10456 MB)
@  2101s  (total 11 workers using 10377 MB)
@  2113s  (total 11 workers using 10482 MB)
@  2124s  (total 11 workers using 10480 MB)
@  2136s  (total 11 workers using 10480 MB)
@  2147s  (total 11 workers using 10480 MB)
@  2159s  (total 11 workers using 10504 MB)
@  2170s  (total 11 workers using 10496 MB)
@  2182s  (total 11 workers using 10614 MB)
@  2194s  (total 11 workers using 10809 MB)
@  2205s  (total 11 workers using 10783 MB)
@  2217s  (total 11 workers using 10818 MB)
@  2228s  (total 11 workers using 10793 MB)
@  2240s  (total 11 workers using 10800 MB)
@  2251s  (total 11 workers using 10802 MB)
@  2263s  (total 11 workers using 10812 MB)
@  2274s  (total 11 workers using 10820 MB)
@  2286s  (total 11 workers using 10826 MB)
@  2297s  (total 11 workers using 10841 MB)
@  2309s  (total 11 workers using 10843 MB)
@  2320s  (total 11 workers using 10745 MB)
@  2332s  (total 11 workers using 10745 MB)
@  2343s  (total 11 workers using 10748 MB)
@  2355s  (total 11 workers using 10750 MB)
@  2366s  (total 11 workers using 10751 MB)
@  2378s  (total 11 workers using 10758 MB)
@  2389s  (total 11 workers using 10761 MB)
@  2401s  (total 11 workers using 10762 MB)
@  2412s  (total 11 workers using 10883 MB)
@  2424s  (total 11 workers using 10898 MB)
@  2435s  (total 11 workers using 10917 MB)
@  2447s  (total 11 workers using 10908 MB)
@  2458s  (total 11 workers using 10901 MB)
@  2470s  (total 11 workers using 10910 MB)
@  2481s  (total 11 workers using 10946 MB)
@  2493s  (total 11 workers using 10949 MB)
@  2504s  (total 11 workers using 10949 MB)
@  2515s  (total 11 workers using 10917 MB)
@  2527s  (total 11 workers using 10917 MB)
@  2538s  (total 11 workers using 10917 MB)
@  2549s  (total 11 workers using 10958 MB)
@  2561s  (total 11 workers using 10947 MB)
@  2572s  (total 11 workers using 10967 MB)
@  2583s  (total 11 workers using 10989 MB)
@  2595s  (total 11 workers using 10984 MB)
@  2606s  (total 11 workers using 11001 MB)
@  2617s  (total 11 workers using 11001 MB)
@  2629s  (total 11 workers using 11022 MB)
@  2640s  (total 11 workers using 11093 MB)
@  2651s  (total 11 workers using 11227 MB)
@  2662s  (total 11 workers using 11143 MB)
@  2674s  (total 11 workers using 11134 MB)
@  2685s  (total 11 workers using 11134 MB)
@  2697s  (total 11 workers using 11191 MB)
@  2708s  (total 11 workers using 11239 MB)
@  2719s  (total 11 workers using 11403 MB)
@  2730s  (total 11 workers using 11659 MB)
@  2742s  (total 11 workers using 11678 MB)
@  2753s  (total 11 workers using 11693 MB)
@  2764s  (total 11 workers using 11714 MB)
@  2776s  (total 11 workers using 11730 MB)
@  2787s  (total 11 workers using 11787 MB)
@  2798s  (total 11 workers using 11817 MB)
@  2810s  (total 11 workers using 11858 MB)
@  2821s  (total 11 workers using 11923 MB)
@  2832s  (total 11 workers using 12009 MB)
@  2843s  (total 11 workers using 12066 MB)
@  2855s  (total 11 workers using 12068 MB)
@  2866s  (total 11 workers using 12047 MB)
@  2878s  (total 11 workers using 12018 MB)
@  2889s  (total 11 workers using 12065 MB)
@  2900s  (total 11 workers using 12120 MB)
@  2911s  (total 11 workers using 12188 MB)
@  2923s  (total 11 workers using 12161 MB)
@  2934s  (total 11 workers using 12181 MB)
@  2945s  (total 11 workers using 12239 MB)
@  2957s  (total 11 workers using 12257 MB)
@  2968s  (total 11 workers using 12271 MB)
@  2979s  (total 11 workers using 12316 MB)
@  2991s  (total 11 workers using 12329 MB)
@  3002s  (total 11 workers using 12340 MB)
@  3013s  (total 11 workers using 12360 MB)
@  3024s  (total 11 workers using 12376 MB)
@  3036s  (total 11 workers using 12357 MB)
@  3047s  (total 11 workers using 12182 MB)
@  3059s  (total 11 workers using 12197 MB)
@  3070s  (total 11 workers using 12215 MB)
@  3081s  (total 11 workers using 12230 MB)
@  3092s  (total 11 workers using 12243 MB)
@  3104s  (total 11 workers using 12258 MB)
@  3115s  (total 11 workers using 12600 MB)
@  3126s  (total 11 workers using 12652 MB)
@  3138s  (total 11 workers using 12707 MB)
@  3149s  (total 11 workers using 12669 MB)
@  3160s  (total 11 workers using 12673 MB)
@  3172s  (total 11 workers using 13162 MB)
@  3183s  (total 11 workers using 13164 MB)
@  3194s  (total 11 workers using 13228 MB)
@  3205s  (total 11 workers using 13278 MB)
@  3217s  (total 11 workers using 13634 MB)
@  3228s  (total 11 workers using 14147 MB)
@  3240s  (total 11 workers using 14150 MB)
@  3251s  (total 11 workers using 14155 MB)
@  3262s  (total 11 workers using 14161 MB)
@  3273s  (total 11 workers using 14218 MB)
@  3285s  (total 11 workers using 14223 MB)
@  3296s  (total 11 workers using 14223 MB)
@  3307s  (total 11 workers using 14223 MB)
@  3319s  (total 11 workers using 14228 MB)
@  3330s  (total 11 workers using 14228 MB)
@  3341s  (total 11 workers using 14228 MB)
@  3353s  (total 11 workers using 14223 MB)
@  3364s  (total 11 workers using 14263 MB)
@  3375s  (total 11 workers using 14002 MB)
@  3386s  (total 11 workers using 14007 MB)
@  3398s  (total 11 workers using 13999 MB)
@  3409s  (total 11 workers using 13993 MB)
@  3421s  (total 11 workers using 13993 MB)
@  3432s  (total 11 workers using 13993 MB)
@  3443s  (total 11 workers using 13993 MB)
@  3454s  (total 11 workers using 13995 MB)
@  3466s  (total 11 workers using 13995 MB)
@  3477s  (total 11 workers using 14234 MB)
@  3488s  (total 11 workers using 14233 MB)
@  3500s  (total 11 workers using 14233 MB)
@  3511s  (total 11 workers using 14233 MB)
@  3522s  (total 11 workers using 14235 MB)
@  3534s  (total 11 workers using 14201 MB)
@  3545s  (total 11 workers using 14166 MB)
@  3556s  (total 11 workers using 14170 MB)
@  3567s  (total 11 workers using 14185 MB)
@  3574s  (stopping all workers)
@  3574s  (worker 0 finished with result unknown) python3 avr.py -a sa
@  3574s  (worker 2 finished with result unknown) python3 avr.py
@  3574s  (worker 4 finished with result unknown) python3 avr.py -b bin_y2 --bmc
@  3574s  (worker 6 finished with result unknown) python3 avr.py -a sa --interpol 1 -f 1
@  3574s  (worker 8 finished with result unknown) python3 avr.py -l 5 -g 3 -a sa8 --interpol 1 -f 1
@  3574s  (worker 10 finished with result unknown) python3 avr.py --bmc
@  3574s  (worker 1 finished with result unknown) python3 avr.py -b bin_bt_cadical -s --bmc
@  3574s  (worker 5 finished with result unknown) python3 avr.py -b bin_bt_cadical -g 3 -l 0 -a sa32
@  3574s  (worker 9 finished with result unknown) python3 avr.py -b bin_y2 -s -a sa4 --interpol 1 -f 1
@  3574s  (worker 3 finished with result unknown) python3 avr.py -b bin_y2 -s
@  3574s  (worker 7 finished with result unknown) python3 avr.py -s -l 0
@  3574s  (copied results from worker 0 in /scratch/network/hongcez/hwmcc/avr-log/btor2/bv/mann/data-integrity/unsafe/pr_arbitrated_top_n2_w128_d64_e0)
@  3574s  [0;30;47m(proof race finished with answer unknown in 3574.49 seconds)[m
