	(output dir: /scratch/network/hongcez/hwmcc/avr-log/btor2/bv/mann/data-integrity/unsafe/pr_arbitrated_top_n5_w8_d32_e0/work_w1)
	(frontend: btor2)
	(property: all (1 assertions))
	(1 / 1418 flops initialized)
	(abstraction: sa+uf)
	(bmc: safe till step 0)
	(bmc: safe till step 10)
	(bmc: safe till step 20)
	(bmc: safe till step 30)
	(bmc: found cex at step 34)
   0	: 0	: 0 s: 0    576s                  

AVR -- Proof Race 
copyright (c) 2019  Aman Goel and Karem Sakallah, University of Michigan
@     0s  (starting avr proof race)
@     0s  (output dir: /scratch/network/hongcez/hwmcc/avr-log/btor2/bv/mann/data-integrity/unsafe/pr_arbitrated_top_n5_w8_d32_e0)
@     0s  (max 11 workers)
@     0s  (started worker 0 with pid 156283)
@     0s  (started worker 1 with pid 156284)
@     0s  (started worker 2 with pid 156285)
@     0s  (started worker 3 with pid 156286)
@     0s  (started worker 4 with pid 156287)
@     0s  (spawned 5 workers)
@     0s  (total 5 workers using 0 MB)
@     1s  (started worker 5 with pid 156412)
@     1s  (spawned 1 workers)
@     1s  (total 6 workers using 199 MB)
@     2s  (started worker 6 with pid 156456)
@     2s  (spawned 1 workers)
@     2s  (total 7 workers using 300 MB)
@     3s  (started worker 7 with pid 156500)
@     3s  (spawned 1 workers)
@     3s  (total 8 workers using 375 MB)
@     5s  (started worker 8 with pid 156578)
@     5s  (spawned 1 workers)
@     5s  (total 9 workers using 454 MB)
@     9s  (started worker 9 with pid 156649)
@     9s  (spawned 1 workers)
@     9s  (total 10 workers using 543 MB)
@    12s  (started worker 10 with pid 156720)
@    12s  (spawned 1 workers)
@    12s  (total 11 workers using 616 MB)
@    25s  (total 11 workers using 942 MB)
@    41s  (total 11 workers using 1293 MB)
@    58s  (total 11 workers using 1607 MB)
@    72s  (total 11 workers using 1847 MB)
@    86s  (total 11 workers using 2077 MB)
@   102s  (total 11 workers using 2238 MB)
@   115s  (total 11 workers using 2378 MB)
@   129s  (total 11 workers using 2577 MB)
@   143s  (total 11 workers using 2694 MB)
@   157s  (total 11 workers using 2890 MB)
@   170s  (total 11 workers using 3047 MB)
@   185s  (total 11 workers using 3156 MB)
@   198s  (total 11 workers using 3212 MB)
@   212s  (total 11 workers using 3293 MB)
@   226s  (total 11 workers using 3329 MB)
@   240s  (total 11 workers using 3360 MB)
@   253s  (total 11 workers using 3387 MB)
@   267s  (total 11 workers using 3562 MB)
@   281s  (total 11 workers using 3647 MB)
@   295s  (total 11 workers using 3701 MB)
@   308s  (total 11 workers using 3860 MB)
@   322s  (total 11 workers using 3894 MB)
@   335s  (total 11 workers using 3961 MB)
@   349s  (total 11 workers using 3989 MB)
@   363s  (total 11 workers using 4012 MB)
@   377s  (total 11 workers using 4061 MB)
@   390s  (total 11 workers using 4100 MB)
@   405s  (total 11 workers using 4155 MB)
@   418s  (total 11 workers using 4181 MB)
@   432s  (total 11 workers using 4306 MB)
@   445s  (total 11 workers using 4380 MB)
@   460s  (total 11 workers using 4433 MB)
@   473s  (total 11 workers using 4522 MB)
@   487s  (total 11 workers using 4579 MB)
@   500s  (total 11 workers using 4617 MB)
@   514s  (total 11 workers using 4716 MB)
@   528s  (total 11 workers using 4761 MB)
@   542s  (total 11 workers using 4826 MB)
@   555s  (total 11 workers using 4871 MB)
@   569s  (total 11 workers using 4903 MB)
@   582s  (total 11 workers using 4936 MB)
@   597s  (total 11 workers using 4956 MB)
@   610s  (total 11 workers using 5098 MB)
@   624s  (total 11 workers using 5313 MB)
@   637s  (total 11 workers using 5490 MB)
@   651s  (total 11 workers using 5525 MB)
@   665s  (total 11 workers using 5534 MB)
@   679s  (total 11 workers using 5641 MB)
@   681s  (worker 1 finished with result unsafe) python3 avr.py -b bin_bt_cadical -s --bmc
@   681s  (worker 1 output)
@   681s  (stopping all workers)
@   682s  (copied results from worker 1 in /scratch/network/hongcez/hwmcc/avr-log/btor2/bv/mann/data-integrity/unsafe/pr_arbitrated_top_n5_w8_d32_e0)
@   682s  [0;30;47m(proof race finished with answer unsafe in 681.51 seconds)[m
