	(output dir: /scratch/network/hongcez/hwmcc/avr-log/btor2/bv/mann/data-integrity/unsafe/pr_arbitrated_top_n2_w128_d32_e0/work_w1)
	(frontend: btor2)
	(property: all (1 assertions))
	(1 / 8378 flops initialized)
	(abstraction: sa+uf)
	(bmc: safe till step 0)
	(bmc: safe till step 10)
	(bmc: safe till step 20)
	(bmc: safe till step 30)
	(bmc: found cex at step 34)
   0	: 0	: 0 s: 0    512s                  

AVR -- Proof Race 
copyright (c) 2019  Aman Goel and Karem Sakallah, University of Michigan
@     0s  (starting avr proof race)
@     0s  (output dir: /scratch/network/hongcez/hwmcc/avr-log/btor2/bv/mann/data-integrity/unsafe/pr_arbitrated_top_n2_w128_d32_e0)
@     0s  (max 11 workers)
@     0s  (started worker 0 with pid 259049)
@     0s  (started worker 1 with pid 259050)
@     0s  (started worker 2 with pid 259051)
@     0s  (started worker 3 with pid 259052)
@     0s  (started worker 4 with pid 259053)
@     0s  (spawned 5 workers)
@     0s  (total 5 workers using 0 MB)
@     1s  (started worker 5 with pid 259169)
@     1s  (spawned 1 workers)
@     1s  (total 6 workers using 209 MB)
@     2s  (started worker 6 with pid 259208)
@     2s  (spawned 1 workers)
@     2s  (total 7 workers using 429 MB)
@     3s  (started worker 7 with pid 259252)
@     3s  (spawned 1 workers)
@     3s  (total 8 workers using 477 MB)
@     6s  (started worker 8 with pid 259300)
@     6s  (spawned 1 workers)
@     6s  (total 9 workers using 705 MB)
@    10s  (started worker 9 with pid 259358)
@    10s  (spawned 1 workers)
@    10s  (total 10 workers using 792 MB)
@    13s  (started worker 10 with pid 259410)
@    13s  (spawned 1 workers)
@    13s  (total 11 workers using 892 MB)
@    25s  (total 11 workers using 1453 MB)
@    42s  (total 11 workers using 1779 MB)
@    59s  (total 11 workers using 1957 MB)
@    74s  (total 11 workers using 2150 MB)
@    88s  (total 11 workers using 2209 MB)
@   104s  (total 11 workers using 2252 MB)
@   118s  (total 11 workers using 2463 MB)
@   133s  (total 11 workers using 2561 MB)
@   146s  (total 11 workers using 2784 MB)
@   161s  (total 11 workers using 3005 MB)
@   174s  (total 11 workers using 3131 MB)
@   189s  (total 11 workers using 3236 MB)
@   203s  (total 11 workers using 3348 MB)
@   217s  (total 11 workers using 3424 MB)
@   231s  (total 11 workers using 3549 MB)
@   245s  (total 11 workers using 3566 MB)
@   259s  (total 11 workers using 3608 MB)
@   273s  (total 11 workers using 3668 MB)
@   287s  (total 11 workers using 3810 MB)
@   302s  (total 11 workers using 3877 MB)
@   315s  (total 11 workers using 3907 MB)
@   330s  (total 11 workers using 3944 MB)
@   343s  (total 11 workers using 4035 MB)
@   358s  (total 11 workers using 4086 MB)
@   371s  (total 11 workers using 4277 MB)
@   386s  (total 11 workers using 4420 MB)
@   399s  (total 11 workers using 4484 MB)
@   414s  (total 11 workers using 4578 MB)
@   428s  (total 11 workers using 4631 MB)
@   443s  (total 11 workers using 4612 MB)
@   456s  (total 11 workers using 4690 MB)
@   471s  (total 11 workers using 4988 MB)
@   485s  (total 11 workers using 5066 MB)
@   500s  (total 11 workers using 5085 MB)
@   513s  (total 11 workers using 5242 MB)
@   529s  (total 11 workers using 5459 MB)
@   543s  (total 11 workers using 5504 MB)
@   549s  (worker 7 finished with result unknown) python3 avr.py -s -l 0
@   557s  (total 10 workers using 5090 MB)
@   570s  (total 10 workers using 5171 MB)
@   584s  (total 10 workers using 5213 MB)
@   598s  (total 10 workers using 5261 MB)
@   612s  (total 10 workers using 5293 MB)
@   622s  (worker 1 finished with result unsafe) python3 avr.py -b bin_bt_cadical -s --bmc
@   622s  (worker 1 output)
@   622s  (stopping all workers)
@   622s  (copied results from worker 1 in /scratch/network/hongcez/hwmcc/avr-log/btor2/bv/mann/data-integrity/unsafe/pr_arbitrated_top_n2_w128_d32_e0)
@   622s  [0;30;47m(proof race finished with answer unsafe in 621.78 seconds)[m
