AVR -- Proof Race 
copyright (c) 2019  Aman Goel and Karem Sakallah, University of Michigan
@     0s  (starting avr proof race)
@     0s  (output dir: /scratch/network/hongcez/hwmcc/avr-log/btor2/bv/mann/data-integrity/unsafe/pr_arbitrated_top_n3_w8_d128_e0)
@     0s  (max 11 workers)
@     0s  (started worker 0 with pid 187473)
@     0s  (started worker 1 with pid 187474)
@     0s  (started worker 2 with pid 187475)
@     0s  (started worker 3 with pid 187476)
@     0s  (started worker 4 with pid 187477)
@     0s  (spawned 5 workers)
@     0s  (total 5 workers using 0 MB)
@     1s  (started worker 5 with pid 187600)
@     1s  (spawned 1 workers)
@     1s  (total 6 workers using 352 MB)
@     2s  (started worker 6 with pid 187647)
@     2s  (spawned 1 workers)
@     2s  (total 7 workers using 525 MB)
@     3s  (started worker 7 with pid 187699)
@     3s  (spawned 1 workers)
@     3s  (total 8 workers using 611 MB)
@     5s  (started worker 8 with pid 187753)
@     5s  (spawned 1 workers)
@     5s  (total 9 workers using 772 MB)
@     9s  (started worker 9 with pid 187832)
@     9s  (spawned 1 workers)
@     9s  (total 10 workers using 883 MB)
@    12s  (started worker 10 with pid 187904)
@    12s  (spawned 1 workers)
@    12s  (total 11 workers using 1039 MB)
@    25s  (total 11 workers using 1444 MB)
@    41s  (total 11 workers using 1632 MB)
@    58s  (total 11 workers using 1769 MB)
@    72s  (total 11 workers using 1942 MB)
@    86s  (total 11 workers using 2094 MB)
@   102s  (total 11 workers using 2273 MB)
@   115s  (total 11 workers using 2418 MB)
@   130s  (total 11 workers using 2588 MB)
@   143s  (total 11 workers using 2654 MB)
@   158s  (total 11 workers using 2745 MB)
@   171s  (total 11 workers using 2847 MB)
@   185s  (total 11 workers using 3012 MB)
@   198s  (total 11 workers using 3161 MB)
@   213s  (total 11 workers using 3267 MB)
@   226s  (total 11 workers using 3290 MB)
@   240s  (total 11 workers using 3373 MB)
@   253s  (total 11 workers using 3391 MB)
@   268s  (total 11 workers using 3442 MB)
@   281s  (total 11 workers using 3461 MB)
@   295s  (total 11 workers using 3522 MB)
@   309s  (total 11 workers using 3605 MB)
@   323s  (total 11 workers using 3644 MB)
@   336s  (total 11 workers using 3813 MB)
@   350s  (total 11 workers using 3960 MB)
@   364s  (total 11 workers using 4065 MB)
@   378s  (total 11 workers using 4187 MB)
@   391s  (total 11 workers using 4308 MB)
@   405s  (total 11 workers using 4348 MB)
@   418s  (total 11 workers using 4420 MB)
@   433s  (total 11 workers using 4534 MB)
@   446s  (total 11 workers using 4558 MB)
@   460s  (total 11 workers using 4618 MB)
@   473s  (total 11 workers using 4624 MB)
@   487s  (total 11 workers using 4687 MB)
@   501s  (total 11 workers using 4726 MB)
@   515s  (total 11 workers using 4740 MB)
@   528s  (total 11 workers using 4786 MB)
@   542s  (total 11 workers using 4876 MB)
@   555s  (total 11 workers using 4928 MB)
@   570s  (total 11 workers using 4949 MB)
@   583s  (total 11 workers using 4959 MB)
@   597s  (total 11 workers using 4996 MB)
@   610s  (total 11 workers using 5054 MB)
@   624s  (total 11 workers using 5046 MB)
@   638s  (total 11 workers using 5083 MB)
@   652s  (total 11 workers using 5139 MB)
@   665s  (total 11 workers using 5184 MB)
@   679s  (total 11 workers using 5234 MB)
@   693s  (total 11 workers using 5277 MB)
@   707s  (total 11 workers using 5313 MB)
@   720s  (total 11 workers using 5345 MB)
@   734s  (total 11 workers using 5363 MB)
@   747s  (total 11 workers using 5419 MB)
@   762s  (total 11 workers using 5478 MB)
@   775s  (total 11 workers using 5568 MB)
@   789s  (total 11 workers using 5899 MB)
@   802s  (total 11 workers using 5940 MB)
@   817s  (total 11 workers using 5991 MB)
@   830s  (total 11 workers using 6053 MB)
@   844s  (total 11 workers using 6172 MB)
@   857s  (total 11 workers using 6252 MB)
@   871s  (total 11 workers using 6245 MB)
@   885s  (total 11 workers using 6250 MB)
@   899s  (total 11 workers using 6270 MB)
@   912s  (total 11 workers using 6302 MB)
@   926s  (total 11 workers using 6369 MB)
@   939s  (total 11 workers using 6396 MB)
@   953s  (total 11 workers using 6434 MB)
@   967s  (total 11 workers using 6490 MB)
@   981s  (total 11 workers using 6564 MB)
@   994s  (total 11 workers using 6564 MB)
@  1008s  (total 11 workers using 6625 MB)
@  1021s  (total 11 workers using 6691 MB)
@  1036s  (total 11 workers using 7201 MB)
@  1049s  (total 11 workers using 7340 MB)
@  1063s  (total 11 workers using 7648 MB)
@  1077s  (total 11 workers using 7761 MB)
@  1091s  (total 11 workers using 7783 MB)
@  1104s  (total 11 workers using 7801 MB)
@  1118s  (total 11 workers using 7969 MB)
@  1132s  (total 11 workers using 7912 MB)
@  1146s  (total 11 workers using 8078 MB)
@  1159s  (total 11 workers using 8216 MB)
@  1174s  (total 11 workers using 8134 MB)
@  1187s  (total 11 workers using 8201 MB)
@  1201s  (total 11 workers using 8209 MB)
@  1214s  (total 11 workers using 8249 MB)
@  1228s  (total 11 workers using 8217 MB)
@  1242s  (total 11 workers using 8405 MB)
@  1256s  (total 11 workers using 8592 MB)
@  1269s  (total 11 workers using 8630 MB)
@  1283s  (total 11 workers using 8695 MB)
@  1296s  (total 11 workers using 8750 MB)
@  1311s  (total 11 workers using 8788 MB)
@  1324s  (total 11 workers using 8848 MB)
@  1338s  (total 11 workers using 8885 MB)
@  1351s  (total 11 workers using 8917 MB)
@  1365s  (total 11 workers using 9275 MB)
@  1379s  (total 11 workers using 9287 MB)
@  1393s  (total 11 workers using 9439 MB)
@  1406s  (total 11 workers using 9743 MB)
@  1420s  (total 11 workers using 9696 MB)
@  1434s  (total 11 workers using 9719 MB)
@  1448s  (total 11 workers using 9732 MB)
@  1461s  (total 11 workers using 9775 MB)
@  1475s  (total 11 workers using 9800 MB)
@  1489s  (total 11 workers using 9622 MB)
@  1503s  (total 11 workers using 9903 MB)
@  1516s  (total 11 workers using 9911 MB)
@  1530s  (total 11 workers using 9911 MB)
@  1543s  (total 11 workers using 9895 MB)
@  1557s  (total 11 workers using 9767 MB)
@  1571s  (total 11 workers using 9963 MB)
@  1585s  (total 11 workers using 10006 MB)
@  1598s  (total 11 workers using 10012 MB)
@  1612s  (total 11 workers using 10098 MB)
@  1625s  (total 11 workers using 10164 MB)
@  1640s  (total 11 workers using 10229 MB)
@  1653s  (total 11 workers using 10270 MB)
@  1667s  (total 11 workers using 10312 MB)
@  1680s  (total 11 workers using 10403 MB)
@  1695s  (total 11 workers using 10414 MB)
@  1708s  (total 11 workers using 10442 MB)
@  1722s  (total 11 workers using 10452 MB)
@  1736s  (total 11 workers using 10479 MB)
@  1750s  (total 11 workers using 10489 MB)
@  1763s  (total 11 workers using 10572 MB)
@  1777s  (total 11 workers using 10494 MB)
@  1791s  (total 11 workers using 10497 MB)
@  1805s  (total 11 workers using 10546 MB)
@  1818s  (total 11 workers using 10557 MB)
@  1832s  (total 11 workers using 10648 MB)
@  1846s  (total 11 workers using 10700 MB)
@  1860s  (total 11 workers using 10680 MB)
@  1873s  (total 11 workers using 10694 MB)
@  1888s  (total 11 workers using 10709 MB)
@  1901s  (total 11 workers using 10774 MB)
@  1916s  (total 11 workers using 10792 MB)
@  1929s  (total 11 workers using 10852 MB)
@  1943s  (total 11 workers using 10876 MB)
@  1956s  (total 11 workers using 10855 MB)
@  1971s  (total 11 workers using 10854 MB)
@  1984s  (total 11 workers using 10895 MB)
@  1998s  (total 11 workers using 10915 MB)
@  2011s  (total 11 workers using 10928 MB)
@  2026s  (total 11 workers using 10953 MB)
@  2039s  (total 11 workers using 10971 MB)
@  2053s  (total 11 workers using 10979 MB)
@  2066s  (total 11 workers using 10797 MB)
@  2081s  (total 11 workers using 11053 MB)
@  2094s  (total 11 workers using 11092 MB)
@  2108s  (total 11 workers using 10906 MB)
@  2122s  (total 11 workers using 11020 MB)
@  2136s  (total 11 workers using 11316 MB)
@  2149s  (total 11 workers using 11310 MB)
@  2163s  (total 11 workers using 11364 MB)
@  2177s  (total 11 workers using 11330 MB)
@  2191s  (total 11 workers using 11589 MB)
@  2204s  (total 11 workers using 11755 MB)
@  2218s  (total 11 workers using 11795 MB)
@  2231s  (total 11 workers using 12136 MB)
@  2246s  (total 11 workers using 12153 MB)
@  2259s  (total 11 workers using 12154 MB)
@  2273s  (total 11 workers using 12184 MB)
@  2286s  (total 11 workers using 12091 MB)
@  2300s  (total 11 workers using 12587 MB)
@  2314s  (total 11 workers using 12439 MB)
@  2328s  (total 11 workers using 12423 MB)
@  2341s  (total 11 workers using 12482 MB)
@  2355s  (total 11 workers using 12510 MB)
@  2368s  (total 11 workers using 12535 MB)
@  2383s  (total 11 workers using 12562 MB)
@  2396s  (total 11 workers using 12491 MB)
@  2408s  (total 11 workers using 12518 MB)
@  2419s  (total 11 workers using 12543 MB)
@  2431s  (total 11 workers using 12544 MB)
@  2442s  (total 11 workers using 12645 MB)
@  2454s  (total 11 workers using 12654 MB)
@  2465s  (total 11 workers using 12953 MB)
@  2477s  (total 11 workers using 13056 MB)
@  2488s  (total 11 workers using 12845 MB)
@  2500s  (total 11 workers using 13301 MB)
@  2512s  (total 11 workers using 13464 MB)
@  2523s  (total 11 workers using 13143 MB)
@  2535s  (total 11 workers using 13183 MB)
@  2546s  (total 11 workers using 13202 MB)
@  2558s  (total 11 workers using 13226 MB)
@  2570s  (total 11 workers using 13420 MB)
@  2581s  (total 11 workers using 13646 MB)
@  2593s  (total 11 workers using 13670 MB)
@  2604s  (total 11 workers using 13689 MB)
@  2616s  (total 11 workers using 14050 MB)
@  2627s  (total 11 workers using 14073 MB)
@  2639s  (total 11 workers using 14063 MB)
@  2650s  (total 11 workers using 14091 MB)
@  2662s  (total 11 workers using 14131 MB)
@  2674s  (total 11 workers using 14154 MB)
@  2685s  (total 11 workers using 13887 MB)
@  2697s  (total 11 workers using 14352 MB)
@  2709s  (total 11 workers using 14110 MB)
@  2720s  (total 11 workers using 14190 MB)
@  2732s  (total 11 workers using 13874 MB)
@  2743s  (total 11 workers using 13874 MB)
@  2755s  (total 11 workers using 14342 MB)
@  2766s  (total 11 workers using 13883 MB)
@  2778s  (total 11 workers using 14296 MB)
@  2789s  (total 11 workers using 14354 MB)
@  2801s  (total 11 workers using 14372 MB)
@  2813s  (total 11 workers using 14373 MB)
@  2824s  (total 11 workers using 14424 MB)
@  2836s  (total 11 workers using 14213 MB)
@  2848s  (total 11 workers using 14493 MB)
@  2859s  (total 11 workers using 14256 MB)
@  2871s  (total 11 workers using 14742 MB)
@  2882s  (total 11 workers using 14310 MB)
@  2894s  (total 11 workers using 14516 MB)
@  2905s  (total 11 workers using 14649 MB)
@  2917s  (total 11 workers using 14982 MB)
@  2928s  (total 11 workers using 15002 MB)
@  2940s  (total 11 workers using 15040 MB)
@  2951s  (total 11 workers using 15212 MB)
@  2963s  (total 11 workers using 15338 MB)
@  2975s  (total 11 workers using 15368 MB)
@  2986s  (total 11 workers using 15348 MB)
@  2998s  (total 11 workers using 15348 MB)
@  3010s  (total 11 workers using 15348 MB)
@  3021s  (total 11 workers using 15385 MB)
@  3033s  (total 11 workers using 15414 MB)
@  3044s  (total 11 workers using 15423 MB)
@  3055s  (total 11 workers using 15388 MB)
@  3067s  (total 11 workers using 15388 MB)
@  3078s  (total 11 workers using 15388 MB)
@  3089s  (total 11 workers using 15424 MB)
@  3101s  (total 11 workers using 15388 MB)
@  3112s  (total 11 workers using 15388 MB)
@  3124s  (total 11 workers using 15388 MB)
@  3135s  (total 11 workers using 15388 MB)
@  3146s  (total 11 workers using 15388 MB)
@  3158s  (total 11 workers using 15389 MB)
@  3169s  (total 11 workers using 15396 MB)
@  3180s  (total 11 workers using 15408 MB)
@  3192s  (total 11 workers using 15408 MB)
@  3203s  (total 11 workers using 15408 MB)
@  3214s  (total 11 workers using 15408 MB)
@  3226s  (total 11 workers using 15408 MB)
@  3237s  (total 11 workers using 15425 MB)
@  3248s  (total 11 workers using 15490 MB)
@  3260s  (total 11 workers using 15492 MB)
@  3271s  (total 11 workers using 15507 MB)
@  3283s  (total 11 workers using 15631 MB)
@  3294s  (total 11 workers using 15646 MB)
@  3305s  (total 11 workers using 15741 MB)
@  3317s  (total 11 workers using 15872 MB)
@  3328s  (total 11 workers using 15969 MB)
@  3339s  (total 11 workers using 15985 MB)
@  3351s  (total 11 workers using 15989 MB)
@  3362s  (total 11 workers using 15935 MB)
@  3374s  (total 11 workers using 15944 MB)
@  3385s  (total 11 workers using 15787 MB)
@  3396s  (total 11 workers using 15979 MB)
@  3408s  (total 11 workers using 15707 MB)
@  3419s  (total 11 workers using 16142 MB)
@  3430s  (total 11 workers using 16146 MB)
@  3442s  (total 11 workers using 16148 MB)
@  3453s  (total 11 workers using 16154 MB)
@  3465s  (total 11 workers using 16162 MB)
@  3476s  (total 11 workers using 16162 MB)
@  3487s  (total 11 workers using 16144 MB)
@  3499s  (total 11 workers using 16138 MB)
@  3510s  (total 11 workers using 16156 MB)
@  3521s  (total 11 workers using 15907 MB)
@  3533s  (total 11 workers using 15836 MB)
@  3544s  (total 11 workers using 16233 MB)
@  3555s  (total 11 workers using 16088 MB)
@  3567s  (total 11 workers using 16232 MB)
@  3573s  (stopping all workers)
@  3573s  (worker 0 finished with result unknown) python3 avr.py -a sa
@  3573s  (worker 2 finished with result unknown) python3 avr.py
@  3573s  (worker 4 finished with result unknown) python3 avr.py -b bin_y2 --bmc
@  3573s  (worker 6 finished with result unknown) python3 avr.py -a sa --interpol 1 -f 1
@  3573s  (worker 8 finished with result unknown) python3 avr.py -l 5 -g 3 -a sa8 --interpol 1 -f 1
@  3573s  (worker 10 finished with result unknown) python3 avr.py --bmc
@  3574s  (worker 1 finished with result unknown) python3 avr.py -b bin_bt_cadical -s --bmc
@  3574s  (worker 5 finished with result unknown) python3 avr.py -b bin_bt_cadical -g 3 -l 0 -a sa32
@  3574s  (worker 9 finished with result unknown) python3 avr.py -b bin_y2 -s -a sa4 --interpol 1 -f 1
@  3574s  (worker 3 finished with result unknown) python3 avr.py -b bin_y2 -s
@  3574s  (worker 7 finished with result unknown) python3 avr.py -s -l 0
@  3574s  (copied results from worker 0 in /scratch/network/hongcez/hwmcc/avr-log/btor2/bv/mann/data-integrity/unsafe/pr_arbitrated_top_n3_w8_d128_e0)
@  3574s  [0;30;47m(proof race finished with answer unknown in 3573.87 seconds)[m
