	(output dir: /scratch/network/hongcez/hwmcc/avr-log/btor2/bv/mann/data-integrity/unsafe/pr_circular_pointer_top_w16_d32_e0/work_w1)
	(frontend: btor2)
	(property: all (1 assertions))
	(1 / 575 flops initialized)
	(abstraction: sa+uf)
	(bmc: safe till step 0)
	(bmc: safe till step 10)
	(bmc: safe till step 20)
	(bmc: safe till step 30)
	(bmc: found cex at step 35)
   0	: 0	: 0 s: 0    1303s                  

AVR -- Proof Race 
copyright (c) 2019  Aman Goel and Karem Sakallah, University of Michigan
@     0s  (starting avr proof race)
@     0s  (output dir: /scratch/network/hongcez/hwmcc/avr-log/btor2/bv/mann/data-integrity/unsafe/pr_circular_pointer_top_w16_d32_e0)
@     0s  (max 11 workers)
@     0s  (started worker 0 with pid 212754)
@     0s  (started worker 1 with pid 212755)
@     0s  (started worker 2 with pid 212756)
@     0s  (started worker 3 with pid 212757)
@     0s  (started worker 4 with pid 212758)
@     0s  (spawned 5 workers)
@     0s  (total 5 workers using 0 MB)
@     1s  (started worker 5 with pid 212872)
@     1s  (spawned 1 workers)
@     1s  (total 6 workers using 120 MB)
@     2s  (started worker 6 with pid 212922)
@     2s  (spawned 1 workers)
@     2s  (total 7 workers using 168 MB)
@     3s  (started worker 7 with pid 212966)
@     3s  (spawned 1 workers)
@     3s  (total 8 workers using 224 MB)
@     6s  (started worker 8 with pid 213042)
@     6s  (spawned 1 workers)
@     6s  (total 9 workers using 292 MB)
@     9s  (started worker 9 with pid 213120)
@     9s  (spawned 1 workers)
@     9s  (total 10 workers using 372 MB)
@    10s  (worker 8 finished with result unknown) python3 avr.py -l 5 -g 3 -a sa8 --interpol 1 -f 1
@    12s  (started worker 10 with pid 213189)
@    12s  (spawned 1 workers)
@    12s  (total 10 workers using 460 MB)
@    24s  (total 10 workers using 728 MB)
@    29s  (worker 9 finished with result unknown) python3 avr.py -b bin_y2 -s -a sa4 --interpol 1 -f 1
@    39s  (total 9 workers using 891 MB)
@    54s  (total 9 workers using 1100 MB)
@    68s  (total 9 workers using 1258 MB)
@    81s  (total 9 workers using 1435 MB)
@    96s  (total 9 workers using 1577 MB)
@   108s  (total 9 workers using 1704 MB)
@   122s  (total 9 workers using 1824 MB)
@   134s  (total 9 workers using 1982 MB)
@   148s  (total 9 workers using 2146 MB)
@   161s  (total 9 workers using 2267 MB)
@   174s  (total 9 workers using 2357 MB)
@   187s  (total 9 workers using 2461 MB)
@   200s  (total 9 workers using 2559 MB)
@   213s  (total 9 workers using 2646 MB)
@   227s  (total 9 workers using 2753 MB)
@   239s  (total 9 workers using 2834 MB)
@   253s  (total 9 workers using 2836 MB)
@   265s  (total 9 workers using 2936 MB)
@   279s  (total 9 workers using 2995 MB)
@   291s  (total 9 workers using 3109 MB)
@   305s  (total 9 workers using 3206 MB)
@   318s  (total 9 workers using 3254 MB)
@   331s  (total 9 workers using 3392 MB)
@   344s  (total 9 workers using 3496 MB)
@   358s  (total 9 workers using 3502 MB)
@   370s  (total 9 workers using 3618 MB)
@   384s  (total 9 workers using 3664 MB)
@   396s  (total 9 workers using 3721 MB)
@   410s  (total 9 workers using 3899 MB)
@   423s  (total 9 workers using 3997 MB)
@   436s  (total 9 workers using 4101 MB)
@   449s  (total 9 workers using 4121 MB)
@   462s  (total 9 workers using 4266 MB)
@   475s  (total 9 workers using 4456 MB)
@   488s  (total 9 workers using 4403 MB)
@   501s  (total 9 workers using 4406 MB)
@   515s  (total 9 workers using 4452 MB)
@   528s  (total 9 workers using 4443 MB)
@   541s  (total 9 workers using 4520 MB)
@   554s  (total 9 workers using 4626 MB)
@   567s  (total 9 workers using 4673 MB)
@   580s  (total 9 workers using 4748 MB)
@   594s  (total 9 workers using 4751 MB)
@   606s  (total 9 workers using 4855 MB)
@   620s  (total 9 workers using 5058 MB)
@   632s  (total 9 workers using 5107 MB)
@   646s  (total 9 workers using 5154 MB)
@   659s  (total 9 workers using 5281 MB)
@   671s  (total 9 workers using 5287 MB)
@   682s  (total 9 workers using 5343 MB)
@   694s  (total 9 workers using 5394 MB)
@   705s  (total 9 workers using 5476 MB)
@   716s  (total 9 workers using 5491 MB)
@   728s  (total 9 workers using 5536 MB)
@   739s  (total 9 workers using 5495 MB)
@   750s  (total 9 workers using 5605 MB)
@   762s  (total 9 workers using 5585 MB)
@   773s  (total 9 workers using 5619 MB)
@   784s  (total 9 workers using 5666 MB)
@   795s  (total 9 workers using 5681 MB)
@   807s  (total 9 workers using 5735 MB)
@   818s  (total 9 workers using 5700 MB)
@   829s  (total 9 workers using 5889 MB)
@   840s  (total 9 workers using 5840 MB)
@   851s  (total 9 workers using 5850 MB)
@   862s  (total 9 workers using 5867 MB)
@   874s  (total 9 workers using 6080 MB)
@   885s  (total 9 workers using 6130 MB)
@   896s  (total 9 workers using 6138 MB)
@   907s  (total 9 workers using 6113 MB)
@   918s  (total 9 workers using 6123 MB)
@   929s  (total 9 workers using 6125 MB)
@   941s  (total 9 workers using 6166 MB)
@   952s  (total 9 workers using 6224 MB)
@   963s  (total 9 workers using 6224 MB)
@   974s  (total 9 workers using 6224 MB)
@   985s  (total 9 workers using 6250 MB)
@   996s  (total 9 workers using 6264 MB)
@  1007s  (total 9 workers using 6258 MB)
@  1018s  (total 9 workers using 6262 MB)
@  1030s  (total 9 workers using 6262 MB)
@  1041s  (total 9 workers using 6259 MB)
@  1052s  (total 9 workers using 6264 MB)
@  1063s  (total 9 workers using 6309 MB)
@  1074s  (total 9 workers using 6314 MB)
@  1085s  (total 9 workers using 6289 MB)
@  1097s  (total 9 workers using 6290 MB)
@  1108s  (total 9 workers using 6323 MB)
@  1119s  (total 9 workers using 6324 MB)
@  1130s  (total 9 workers using 6324 MB)
@  1141s  (total 9 workers using 6333 MB)
@  1152s  (total 9 workers using 6336 MB)
@  1163s  (total 9 workers using 6336 MB)
@  1174s  (total 9 workers using 6370 MB)
@  1186s  (total 9 workers using 6377 MB)
@  1197s  (total 9 workers using 6385 MB)
@  1208s  (total 9 workers using 6382 MB)
@  1219s  (total 9 workers using 6384 MB)
@  1230s  (total 9 workers using 6415 MB)
@  1241s  (total 9 workers using 6416 MB)
@  1252s  (total 9 workers using 6417 MB)
@  1263s  (total 9 workers using 6422 MB)
@  1275s  (total 9 workers using 6499 MB)
@  1286s  (total 9 workers using 6521 MB)
@  1297s  (total 9 workers using 6521 MB)
@  1308s  (total 9 workers using 6542 MB)
@  1319s  (total 9 workers using 6538 MB)
@  1330s  (total 9 workers using 6539 MB)
@  1332s  (worker 1 finished with result unsafe) python3 avr.py -b bin_bt_cadical -s --bmc
@  1332s  (worker 1 output)
@  1332s  (stopping all workers)
@  1332s  (copied results from worker 1 in /scratch/network/hongcez/hwmcc/avr-log/btor2/bv/mann/data-integrity/unsafe/pr_circular_pointer_top_w16_d32_e0)
@  1332s  [0;30;47m(proof race finished with answer unsafe in 1332.30 seconds)[m
