AVR -- Proof Race 
copyright (c) 2019  Aman Goel and Karem Sakallah, University of Michigan
@     0s  (starting avr proof race)
@     0s  (output dir: /scratch/network/hongcez/hwmcc/avr-log/btor2/bv/mann/data-integrity/unsafe/pr_circular_pointer_top_w16_d64_e0)
@     0s  (max 11 workers)
@     0s  (started worker 0 with pid 188866)
@     0s  (started worker 1 with pid 188867)
@     0s  (started worker 2 with pid 188868)
@     0s  (started worker 3 with pid 188869)
@     0s  (started worker 4 with pid 188870)
@     0s  (spawned 5 workers)
@     0s  (total 5 workers using 0 MB)
@     1s  (started worker 5 with pid 188992)
@     1s  (spawned 1 workers)
@     1s  (total 6 workers using 144 MB)
@     2s  (started worker 6 with pid 189036)
@     2s  (spawned 1 workers)
@     2s  (total 7 workers using 207 MB)
@     4s  (started worker 7 with pid 189110)
@     4s  (spawned 1 workers)
@     4s  (total 8 workers using 292 MB)
@     6s  (started worker 8 with pid 189170)
@     6s  (spawned 1 workers)
@     6s  (total 9 workers using 389 MB)
@    10s  (started worker 9 with pid 189243)
@    10s  (spawned 1 workers)
@    10s  (total 10 workers using 494 MB)
@    13s  (started worker 10 with pid 189303)
@    13s  (spawned 1 workers)
@    13s  (total 11 workers using 594 MB)
@    26s  (total 11 workers using 856 MB)
@    42s  (total 11 workers using 1176 MB)
@    59s  (total 11 workers using 1510 MB)
@    62s  (worker 5 finished with result unknown) python3 avr.py -b bin_bt_cadical -g 3 -l 0 -a sa32
@    73s  (total 10 workers using 1695 MB)
@    87s  (total 10 workers using 1922 MB)
@   102s  (total 10 workers using 2119 MB)
@   114s  (worker 9 finished with result unknown) python3 avr.py -b bin_y2 -s -a sa4 --interpol 1 -f 1
@   115s  (total 9 workers using 1937 MB)
@   128s  (total 9 workers using 2093 MB)
@   141s  (total 9 workers using 2251 MB)
@   154s  (total 9 workers using 2342 MB)
@   166s  (total 9 workers using 2406 MB)
@   179s  (total 9 workers using 2442 MB)
@   192s  (total 9 workers using 2628 MB)
@   205s  (total 9 workers using 2695 MB)
@   218s  (total 9 workers using 2828 MB)
@   231s  (total 9 workers using 2882 MB)
@   244s  (total 9 workers using 2912 MB)
@   258s  (total 9 workers using 3015 MB)
@   270s  (total 9 workers using 3099 MB)
@   284s  (total 9 workers using 3165 MB)
@   297s  (total 9 workers using 3285 MB)
@   310s  (total 9 workers using 3393 MB)
@   323s  (total 9 workers using 3551 MB)
@   336s  (total 9 workers using 3606 MB)
@   349s  (total 9 workers using 3681 MB)
@   362s  (total 9 workers using 3796 MB)
@   375s  (total 9 workers using 3785 MB)
@   389s  (total 9 workers using 3963 MB)
@   401s  (total 9 workers using 3992 MB)
@   415s  (total 9 workers using 4032 MB)
@   428s  (total 9 workers using 4115 MB)
@   441s  (total 9 workers using 4176 MB)
@   454s  (total 9 workers using 4200 MB)
@   467s  (total 9 workers using 4281 MB)
@   480s  (total 9 workers using 4341 MB)
@   493s  (total 9 workers using 4463 MB)
@   506s  (total 9 workers using 4545 MB)
@   519s  (total 9 workers using 4620 MB)
@   532s  (total 9 workers using 4688 MB)
@   546s  (total 9 workers using 4800 MB)
@   558s  (total 9 workers using 4850 MB)
@   571s  (total 9 workers using 4854 MB)
@   584s  (total 9 workers using 4933 MB)
@   597s  (total 9 workers using 5026 MB)
@   609s  (total 9 workers using 5052 MB)
@   621s  (total 9 workers using 5071 MB)
@   632s  (total 9 workers using 5084 MB)
@   644s  (total 9 workers using 5144 MB)
@   655s  (total 9 workers using 5183 MB)
@   668s  (total 9 workers using 5251 MB)
@   679s  (total 9 workers using 5296 MB)
@   692s  (total 9 workers using 5408 MB)
@   704s  (total 9 workers using 5508 MB)
@   716s  (total 9 workers using 5528 MB)
@   729s  (total 9 workers using 5572 MB)
@   740s  (total 9 workers using 5624 MB)
@   752s  (total 9 workers using 5701 MB)
@   765s  (total 9 workers using 5738 MB)
@   776s  (total 9 workers using 5802 MB)
@   788s  (total 9 workers using 5905 MB)
@   799s  (total 9 workers using 5932 MB)
@   811s  (total 9 workers using 5970 MB)
@   822s  (total 9 workers using 6060 MB)
@   834s  (total 9 workers using 6089 MB)
@   846s  (total 9 workers using 6147 MB)
@   858s  (total 9 workers using 6241 MB)
@   869s  (total 9 workers using 6289 MB)
@   881s  (total 9 workers using 6332 MB)
@   892s  (total 9 workers using 6344 MB)
@   904s  (total 9 workers using 6393 MB)
@   915s  (total 9 workers using 6413 MB)
@   927s  (total 9 workers using 6510 MB)
@   938s  (total 9 workers using 6549 MB)
@   950s  (total 9 workers using 6757 MB)
@   962s  (total 9 workers using 6775 MB)
@   973s  (total 9 workers using 6802 MB)
@   985s  (total 9 workers using 6835 MB)
@   997s  (total 9 workers using 6843 MB)
@  1008s  (total 9 workers using 7009 MB)
@  1020s  (total 9 workers using 7086 MB)
@  1031s  (total 9 workers using 7098 MB)
@  1043s  (total 9 workers using 7284 MB)
@  1054s  (total 9 workers using 7304 MB)
@  1066s  (total 9 workers using 7331 MB)
@  1077s  (total 9 workers using 7374 MB)
@  1088s  (total 9 workers using 7402 MB)
@  1099s  (total 9 workers using 7401 MB)
@  1110s  (total 9 workers using 7403 MB)
@  1121s  (total 9 workers using 7408 MB)
@  1133s  (total 9 workers using 7415 MB)
@  1144s  (total 9 workers using 7424 MB)
@  1155s  (total 9 workers using 7486 MB)
@  1166s  (total 9 workers using 7530 MB)
@  1177s  (total 9 workers using 7555 MB)
@  1188s  (total 9 workers using 7728 MB)
@  1200s  (total 9 workers using 7713 MB)
@  1211s  (total 9 workers using 7772 MB)
@  1222s  (total 9 workers using 7793 MB)
@  1233s  (total 9 workers using 7793 MB)
@  1245s  (total 9 workers using 7817 MB)
@  1256s  (total 9 workers using 7842 MB)
@  1267s  (total 9 workers using 7903 MB)
@  1278s  (total 9 workers using 8056 MB)
@  1290s  (total 9 workers using 8075 MB)
@  1301s  (total 9 workers using 8136 MB)
@  1312s  (total 9 workers using 8178 MB)
@  1323s  (total 9 workers using 8249 MB)
@  1335s  (total 9 workers using 8288 MB)
@  1346s  (total 9 workers using 8320 MB)
@  1357s  (total 9 workers using 8344 MB)
@  1368s  (total 9 workers using 8385 MB)
@  1380s  (total 9 workers using 8395 MB)
@  1391s  (total 9 workers using 8471 MB)
@  1402s  (total 9 workers using 8500 MB)
@  1413s  (total 9 workers using 8523 MB)
@  1425s  (total 9 workers using 8566 MB)
@  1436s  (total 9 workers using 8601 MB)
@  1447s  (total 9 workers using 8611 MB)
@  1458s  (total 9 workers using 8629 MB)
@  1470s  (total 9 workers using 8695 MB)
@  1481s  (total 9 workers using 8733 MB)
@  1492s  (total 9 workers using 8761 MB)
@  1503s  (total 9 workers using 8786 MB)
@  1515s  (total 9 workers using 8882 MB)
@  1526s  (total 9 workers using 8868 MB)
@  1537s  (total 9 workers using 8917 MB)
@  1548s  (total 9 workers using 8997 MB)
@  1560s  (total 9 workers using 9045 MB)
@  1571s  (total 9 workers using 8972 MB)
@  1582s  (total 9 workers using 8991 MB)
@  1593s  (total 9 workers using 9037 MB)
@  1605s  (total 9 workers using 9095 MB)
@  1616s  (total 9 workers using 9174 MB)
@  1627s  (total 9 workers using 9201 MB)
@  1638s  (total 9 workers using 9230 MB)
@  1650s  (total 9 workers using 9311 MB)
@  1661s  (total 9 workers using 9308 MB)
@  1672s  (total 9 workers using 9299 MB)
@  1683s  (total 9 workers using 9319 MB)
@  1695s  (total 9 workers using 9347 MB)
@  1706s  (total 9 workers using 9349 MB)
@  1717s  (total 9 workers using 9377 MB)
@  1728s  (total 9 workers using 9433 MB)
@  1740s  (total 9 workers using 9501 MB)
@  1751s  (total 9 workers using 9517 MB)
@  1762s  (total 9 workers using 9549 MB)
@  1773s  (total 9 workers using 9581 MB)
@  1784s  (total 9 workers using 9596 MB)
@  1796s  (total 9 workers using 9632 MB)
@  1807s  (total 9 workers using 9659 MB)
@  1818s  (total 9 workers using 9590 MB)
@  1830s  (total 9 workers using 9689 MB)
@  1841s  (total 9 workers using 9685 MB)
@  1852s  (total 9 workers using 9673 MB)
@  1863s  (total 9 workers using 9710 MB)
@  1875s  (total 9 workers using 9827 MB)
@  1886s  (total 9 workers using 9850 MB)
@  1897s  (total 9 workers using 9901 MB)
@  1909s  (total 9 workers using 9921 MB)
@  1920s  (total 9 workers using 9943 MB)
@  1931s  (total 9 workers using 9993 MB)
@  1942s  (total 9 workers using 10049 MB)
@  1954s  (total 9 workers using 10082 MB)
@  1965s  (total 9 workers using 10106 MB)
@  1976s  (total 9 workers using 10129 MB)
@  1987s  (total 9 workers using 10159 MB)
@  1998s  (total 9 workers using 10191 MB)
@  2010s  (total 9 workers using 10217 MB)
@  2021s  (total 9 workers using 10258 MB)
@  2032s  (total 9 workers using 10306 MB)
@  2043s  (total 9 workers using 10319 MB)
@  2055s  (total 9 workers using 10341 MB)
@  2066s  (total 9 workers using 10375 MB)
@  2077s  (total 9 workers using 10419 MB)
@  2088s  (total 9 workers using 10454 MB)
@  2100s  (total 9 workers using 10491 MB)
@  2111s  (total 9 workers using 10676 MB)
@  2122s  (total 9 workers using 10711 MB)
@  2134s  (total 9 workers using 10756 MB)
@  2145s  (total 9 workers using 10730 MB)
@  2156s  (total 9 workers using 10747 MB)
@  2168s  (total 9 workers using 10792 MB)
@  2179s  (total 9 workers using 10863 MB)
@  2190s  (total 9 workers using 10904 MB)
@  2201s  (total 9 workers using 11007 MB)
@  2213s  (total 9 workers using 11115 MB)
@  2224s  (total 9 workers using 11117 MB)
@  2235s  (total 9 workers using 11203 MB)
@  2246s  (total 9 workers using 11241 MB)
@  2258s  (total 9 workers using 11241 MB)
@  2269s  (total 9 workers using 11241 MB)
@  2280s  (total 9 workers using 11262 MB)
@  2292s  (total 9 workers using 11271 MB)
@  2303s  (total 9 workers using 11330 MB)
@  2314s  (total 9 workers using 11379 MB)
@  2326s  (total 9 workers using 11410 MB)
@  2337s  (total 9 workers using 11443 MB)
@  2348s  (total 9 workers using 11417 MB)
@  2359s  (total 9 workers using 11446 MB)
@  2371s  (total 9 workers using 11485 MB)
@  2382s  (total 9 workers using 11531 MB)
@  2393s  (total 9 workers using 11582 MB)
@  2404s  (total 9 workers using 11616 MB)
@  2415s  (total 9 workers using 11646 MB)
@  2427s  (total 9 workers using 11679 MB)
@  2438s  (total 9 workers using 11719 MB)
@  2449s  (total 9 workers using 11838 MB)
@  2461s  (total 9 workers using 11867 MB)
@  2472s  (total 9 workers using 11872 MB)
@  2483s  (total 9 workers using 11903 MB)
@  2494s  (total 9 workers using 11968 MB)
@  2506s  (total 9 workers using 12050 MB)
@  2517s  (total 9 workers using 12101 MB)
@  2528s  (total 9 workers using 12132 MB)
@  2539s  (total 9 workers using 12323 MB)
@  2551s  (total 9 workers using 12353 MB)
@  2562s  (total 9 workers using 12334 MB)
@  2573s  (total 9 workers using 12334 MB)
@  2584s  (total 9 workers using 12334 MB)
@  2596s  (total 9 workers using 12335 MB)
@  2607s  (total 9 workers using 12381 MB)
@  2618s  (total 9 workers using 12384 MB)
@  2629s  (total 9 workers using 12392 MB)
@  2641s  (total 9 workers using 12398 MB)
@  2652s  (total 9 workers using 12486 MB)
@  2663s  (total 9 workers using 12501 MB)
@  2674s  (total 9 workers using 12511 MB)
@  2686s  (total 9 workers using 12513 MB)
@  2697s  (total 9 workers using 12543 MB)
@  2708s  (total 9 workers using 12584 MB)
@  2719s  (total 9 workers using 12605 MB)
@  2731s  (total 9 workers using 12681 MB)
@  2742s  (total 9 workers using 12626 MB)
@  2753s  (total 9 workers using 12639 MB)
@  2765s  (total 9 workers using 12883 MB)
@  2776s  (total 9 workers using 12936 MB)
@  2787s  (total 9 workers using 12959 MB)
@  2799s  (total 9 workers using 12982 MB)
@  2810s  (total 9 workers using 13013 MB)
@  2821s  (total 9 workers using 13050 MB)
@  2832s  (total 9 workers using 13069 MB)
@  2844s  (total 9 workers using 13228 MB)
@  2855s  (total 9 workers using 13238 MB)
@  2866s  (total 9 workers using 13144 MB)
@  2877s  (total 9 workers using 13169 MB)
@  2889s  (total 9 workers using 13171 MB)
@  2900s  (total 9 workers using 13202 MB)
@  2911s  (total 9 workers using 13231 MB)
@  2922s  (total 9 workers using 13261 MB)
@  2934s  (total 9 workers using 13298 MB)
@  2945s  (total 9 workers using 13302 MB)
@  2956s  (total 9 workers using 13321 MB)
@  2967s  (total 9 workers using 13357 MB)
@  2979s  (total 9 workers using 13415 MB)
@  2990s  (total 9 workers using 13460 MB)
@  3001s  (total 9 workers using 13478 MB)
@  3012s  (total 9 workers using 13526 MB)
@  3024s  (total 9 workers using 13530 MB)
@  3035s  (total 9 workers using 13723 MB)
@  3046s  (total 9 workers using 13762 MB)
@  3057s  (total 9 workers using 13727 MB)
@  3069s  (total 9 workers using 13818 MB)
@  3080s  (total 9 workers using 13854 MB)
@  3091s  (total 9 workers using 13870 MB)
@  3102s  (total 9 workers using 13906 MB)
@  3114s  (total 9 workers using 13945 MB)
@  3125s  (total 9 workers using 13957 MB)
@  3136s  (total 9 workers using 14033 MB)
@  3147s  (total 9 workers using 14051 MB)
@  3159s  (total 9 workers using 14159 MB)
@  3170s  (total 9 workers using 14134 MB)
@  3182s  (total 9 workers using 14155 MB)
@  3193s  (total 9 workers using 14189 MB)
@  3204s  (total 9 workers using 14216 MB)
@  3215s  (total 9 workers using 14249 MB)
@  3227s  (total 9 workers using 14294 MB)
@  3238s  (total 9 workers using 14295 MB)
@  3249s  (total 9 workers using 14358 MB)
@  3260s  (total 9 workers using 14384 MB)
@  3271s  (total 9 workers using 14418 MB)
@  3283s  (total 9 workers using 14476 MB)
@  3294s  (total 9 workers using 14505 MB)
@  3305s  (total 9 workers using 14546 MB)
@  3316s  (total 9 workers using 14512 MB)
@  3328s  (total 9 workers using 14506 MB)
@  3339s  (total 9 workers using 14714 MB)
@  3350s  (total 9 workers using 14714 MB)
@  3361s  (total 9 workers using 14716 MB)
@  3373s  (total 9 workers using 14716 MB)
@  3384s  (total 9 workers using 14716 MB)
@  3395s  (total 9 workers using 14716 MB)
@  3406s  (total 9 workers using 14744 MB)
@  3418s  (total 9 workers using 14779 MB)
@  3429s  (total 9 workers using 14760 MB)
@  3440s  (total 9 workers using 14760 MB)
@  3451s  (total 9 workers using 14760 MB)
@  3463s  (total 9 workers using 14778 MB)
@  3474s  (total 9 workers using 14699 MB)
@  3485s  (total 9 workers using 14700 MB)
@  3496s  (total 9 workers using 14723 MB)
@  3507s  (total 9 workers using 14735 MB)
@  3518s  (total 9 workers using 14770 MB)
@  3529s  (total 9 workers using 14770 MB)
@  3541s  (total 9 workers using 14770 MB)
@  3552s  (total 9 workers using 14804 MB)
@  3560s  (worker 1 finished with result unknown) python3 avr.py -b bin_bt_cadical -s --bmc
@  3563s  (total 8 workers using 14508 MB)
@  3574s  (total 8 workers using 14508 MB)
@  3576s  (stopping all workers)
@  3576s  (worker 0 finished with result unknown) python3 avr.py -a sa
@  3576s  (worker 3 finished with result unknown) python3 avr.py -b bin_y2 -s
@  3576s  (worker 6 finished with result unknown) python3 avr.py -a sa --interpol 1 -f 1
@  3576s  (worker 8 finished with result unknown) python3 avr.py -l 5 -g 3 -a sa8 --interpol 1 -f 1
@  3576s  (worker 2 finished with result unknown) python3 avr.py
@  3576s  (worker 7 finished with result unknown) python3 avr.py -s -l 0
@  3576s  (worker 4 finished with result unknown) python3 avr.py -b bin_y2 --bmc
@  3576s  (worker 10 finished with result unknown) python3 avr.py --bmc
@  3577s  (copied results from worker 0 in /scratch/network/hongcez/hwmcc/avr-log/btor2/bv/mann/data-integrity/unsafe/pr_circular_pointer_top_w16_d64_e0)
@  3577s  [0;30;47m(proof race finished with answer unknown in 3576.55 seconds)[m
