AVR -- Proof Race 
copyright (c) 2019  Aman Goel and Karem Sakallah, University of Michigan
@     0s  (starting avr proof race)
@     0s  (output dir: /scratch/network/hongcez/hwmcc/avr-log/btor2/bv/mann/data-integrity/unsafe/pr_circular_pointer_top_w128_d128_e0)
@     0s  (max 11 workers)
@     0s  (started worker 0 with pid 130473)
@     0s  (started worker 1 with pid 130474)
@     0s  (started worker 2 with pid 130475)
@     0s  (started worker 3 with pid 130476)
@     0s  (started worker 4 with pid 130477)
@     0s  (spawned 5 workers)
@     0s  (total 5 workers using 0 MB)
@     1s  (started worker 5 with pid 130593)
@     1s  (spawned 1 workers)
@     1s  (total 6 workers using 290 MB)
@     2s  (started worker 6 with pid 130633)
@     2s  (spawned 1 workers)
@     2s  (total 7 workers using 588 MB)
@     3s  (started worker 7 with pid 130676)
@     3s  (spawned 1 workers)
@     3s  (total 8 workers using 664 MB)
@     5s  (started worker 8 with pid 130723)
@     5s  (spawned 1 workers)
@     5s  (total 9 workers using 1066 MB)
@     9s  (started worker 9 with pid 130782)
@     9s  (spawned 1 workers)
@     9s  (total 10 workers using 1316 MB)
@    12s  (started worker 10 with pid 130835)
@    12s  (spawned 1 workers)
@    12s  (total 11 workers using 1498 MB)
@    25s  (total 11 workers using 2371 MB)
@    42s  (total 11 workers using 2657 MB)
@    58s  (total 11 workers using 2999 MB)
@    72s  (total 11 workers using 3165 MB)
@    87s  (total 11 workers using 3201 MB)
@   103s  (total 11 workers using 3362 MB)
@   116s  (total 11 workers using 3475 MB)
@   130s  (total 11 workers using 3628 MB)
@   144s  (total 11 workers using 3777 MB)
@   158s  (total 11 workers using 3888 MB)
@   172s  (total 11 workers using 4034 MB)
@   186s  (total 11 workers using 4070 MB)
@   200s  (total 11 workers using 4133 MB)
@   214s  (total 11 workers using 4286 MB)
@   228s  (total 11 workers using 4239 MB)
@   242s  (total 11 workers using 4322 MB)
@   255s  (total 11 workers using 4350 MB)
@   270s  (total 11 workers using 4520 MB)
@   284s  (total 11 workers using 4649 MB)
@   298s  (total 11 workers using 4697 MB)
@   312s  (total 11 workers using 4737 MB)
@   326s  (total 11 workers using 5042 MB)
@   340s  (total 11 workers using 5180 MB)
@   354s  (total 11 workers using 5176 MB)
@   367s  (total 11 workers using 5245 MB)
@   381s  (total 11 workers using 5280 MB)
@   395s  (total 11 workers using 5291 MB)
@   410s  (total 11 workers using 5292 MB)
@   423s  (total 11 workers using 5392 MB)
@   437s  (total 11 workers using 5424 MB)
@   451s  (total 11 workers using 5517 MB)
@   465s  (total 11 workers using 5595 MB)
@   479s  (total 11 workers using 5862 MB)
@   493s  (total 11 workers using 5932 MB)
@   507s  (total 11 workers using 5932 MB)
@   521s  (total 11 workers using 5835 MB)
@   535s  (total 11 workers using 5843 MB)
@   549s  (total 11 workers using 5960 MB)
@   562s  (total 11 workers using 6126 MB)
@   577s  (total 11 workers using 6317 MB)
@   590s  (total 11 workers using 6398 MB)
@   604s  (total 11 workers using 6514 MB)
@   618s  (total 11 workers using 6758 MB)
@   632s  (total 11 workers using 6989 MB)
@   646s  (total 11 workers using 7057 MB)
@   660s  (total 11 workers using 7063 MB)
@   674s  (total 11 workers using 7098 MB)
@   688s  (total 11 workers using 7195 MB)
@   702s  (total 11 workers using 7223 MB)
@   717s  (total 11 workers using 7432 MB)
@   730s  (total 11 workers using 7433 MB)
@   745s  (total 11 workers using 7525 MB)
@   758s  (total 11 workers using 7587 MB)
@   773s  (total 11 workers using 7602 MB)
@   786s  (total 11 workers using 7731 MB)
@   801s  (total 11 workers using 7732 MB)
@   814s  (total 11 workers using 7758 MB)
@   829s  (total 11 workers using 7779 MB)
@   842s  (total 11 workers using 7899 MB)
@   857s  (total 11 workers using 7952 MB)
@   870s  (total 11 workers using 8028 MB)
@   885s  (total 11 workers using 7968 MB)
@   898s  (total 11 workers using 8198 MB)
@   912s  (total 11 workers using 8323 MB)
@   926s  (total 11 workers using 8460 MB)
@   940s  (total 11 workers using 8460 MB)
@   954s  (total 11 workers using 8652 MB)
@   968s  (total 11 workers using 8596 MB)
@   982s  (total 11 workers using 8670 MB)
@   996s  (total 11 workers using 8702 MB)
@  1010s  (total 11 workers using 8806 MB)
@  1024s  (total 11 workers using 8910 MB)
@  1038s  (total 11 workers using 8902 MB)
@  1053s  (total 11 workers using 8975 MB)
@  1066s  (total 11 workers using 9074 MB)
@  1081s  (total 11 workers using 9162 MB)
@  1094s  (total 11 workers using 9205 MB)
@  1109s  (total 11 workers using 9161 MB)
@  1122s  (total 11 workers using 9179 MB)
@  1137s  (total 11 workers using 9157 MB)
@  1149s  (total 11 workers using 9327 MB)
@  1161s  (total 11 workers using 9321 MB)
@  1172s  (total 11 workers using 9321 MB)
@  1184s  (total 11 workers using 9370 MB)
@  1196s  (total 11 workers using 9457 MB)
@  1207s  (total 11 workers using 9293 MB)
@  1219s  (total 11 workers using 9310 MB)
@  1230s  (total 11 workers using 9345 MB)
@  1241s  (total 11 workers using 9416 MB)
@  1253s  (total 11 workers using 9440 MB)
@  1264s  (total 11 workers using 9447 MB)
@  1276s  (total 11 workers using 9423 MB)
@  1288s  (total 11 workers using 9327 MB)
@  1299s  (total 11 workers using 9356 MB)
@  1311s  (total 11 workers using 9484 MB)
@  1322s  (total 11 workers using 9419 MB)
@  1333s  (total 11 workers using 9460 MB)
@  1345s  (total 11 workers using 9742 MB)
@  1356s  (total 11 workers using 9568 MB)
@  1367s  (total 11 workers using 9565 MB)
@  1378s  (total 11 workers using 9629 MB)
@  1390s  (total 11 workers using 9639 MB)
@  1401s  (total 11 workers using 9668 MB)
@  1412s  (total 11 workers using 9668 MB)
@  1423s  (total 11 workers using 9668 MB)
@  1435s  (total 11 workers using 9687 MB)
@  1446s  (total 11 workers using 9823 MB)
@  1457s  (total 11 workers using 9842 MB)
@  1468s  (total 11 workers using 9780 MB)
@  1480s  (total 11 workers using 9808 MB)
@  1491s  (total 11 workers using 9835 MB)
@  1502s  (total 11 workers using 9908 MB)
@  1513s  (total 11 workers using 9971 MB)
@  1525s  (total 11 workers using 10043 MB)
@  1536s  (total 11 workers using 10019 MB)
@  1547s  (total 11 workers using 10061 MB)
@  1559s  (total 11 workers using 10059 MB)
@  1570s  (total 11 workers using 10111 MB)
@  1581s  (total 11 workers using 10117 MB)
@  1592s  (total 11 workers using 10246 MB)
@  1604s  (total 11 workers using 10223 MB)
@  1615s  (total 11 workers using 10263 MB)
@  1626s  (total 11 workers using 10273 MB)
@  1638s  (total 11 workers using 10303 MB)
@  1649s  (total 11 workers using 10322 MB)
@  1660s  (total 11 workers using 10348 MB)
@  1671s  (total 11 workers using 10389 MB)
@  1683s  (total 11 workers using 10435 MB)
@  1694s  (total 11 workers using 10438 MB)
@  1705s  (total 11 workers using 10498 MB)
@  1716s  (total 11 workers using 10535 MB)
@  1728s  (total 11 workers using 10620 MB)
@  1739s  (total 11 workers using 10591 MB)
@  1750s  (total 11 workers using 10607 MB)
@  1761s  (total 11 workers using 10647 MB)
@  1773s  (total 11 workers using 10677 MB)
@  1784s  (total 11 workers using 10802 MB)
@  1795s  (total 11 workers using 10857 MB)
@  1806s  (total 11 workers using 10892 MB)
@  1818s  (total 11 workers using 11142 MB)
@  1829s  (total 11 workers using 11166 MB)
@  1840s  (total 11 workers using 11286 MB)
@  1851s  (total 11 workers using 11231 MB)
@  1863s  (total 11 workers using 11274 MB)
@  1874s  (total 11 workers using 11280 MB)
@  1885s  (total 11 workers using 11343 MB)
@  1896s  (total 11 workers using 11361 MB)
@  1908s  (total 11 workers using 11361 MB)
@  1919s  (total 11 workers using 11374 MB)
@  1930s  (total 11 workers using 11374 MB)
@  1941s  (total 11 workers using 11401 MB)
@  1953s  (total 11 workers using 11405 MB)
@  1964s  (total 11 workers using 11363 MB)
@  1975s  (total 11 workers using 11361 MB)
@  1987s  (total 11 workers using 11361 MB)
@  1998s  (total 11 workers using 11396 MB)
@  2009s  (total 11 workers using 11371 MB)
@  2020s  (total 11 workers using 11372 MB)
@  2032s  (total 11 workers using 11370 MB)
@  2043s  (total 11 workers using 11405 MB)
@  2054s  (total 11 workers using 11435 MB)
@  2065s  (total 11 workers using 11435 MB)
@  2077s  (total 11 workers using 11308 MB)
@  2088s  (total 11 workers using 11308 MB)
@  2099s  (total 11 workers using 11291 MB)
@  2111s  (total 11 workers using 11299 MB)
@  2122s  (total 11 workers using 11331 MB)
@  2133s  (total 11 workers using 11331 MB)
@  2144s  (total 11 workers using 11299 MB)
@  2156s  (total 11 workers using 11267 MB)
@  2167s  (total 11 workers using 11267 MB)
@  2178s  (total 11 workers using 11295 MB)
@  2189s  (total 11 workers using 11295 MB)
@  2201s  (total 11 workers using 11295 MB)
@  2212s  (total 11 workers using 11296 MB)
@  2223s  (total 11 workers using 11296 MB)
@  2234s  (total 11 workers using 11296 MB)
@  2246s  (total 11 workers using 11296 MB)
@  2257s  (total 11 workers using 11330 MB)
@  2268s  (total 11 workers using 11293 MB)
@  2279s  (total 11 workers using 11298 MB)
@  2291s  (total 11 workers using 11308 MB)
@  2302s  (total 11 workers using 11356 MB)
@  2313s  (total 11 workers using 11379 MB)
@  2324s  (total 11 workers using 11380 MB)
@  2336s  (total 11 workers using 11377 MB)
@  2347s  (total 11 workers using 11524 MB)
@  2358s  (total 11 workers using 11524 MB)
@  2369s  (total 11 workers using 11524 MB)
@  2381s  (total 11 workers using 11530 MB)
@  2392s  (total 11 workers using 11528 MB)
@  2403s  (total 11 workers using 11528 MB)
@  2414s  (total 11 workers using 11528 MB)
@  2426s  (total 11 workers using 11528 MB)
@  2437s  (total 11 workers using 11528 MB)
@  2448s  (total 11 workers using 11544 MB)
@  2459s  (total 11 workers using 11608 MB)
@  2471s  (total 11 workers using 11608 MB)
@  2482s  (total 11 workers using 11604 MB)
@  2493s  (total 11 workers using 11604 MB)
@  2504s  (total 11 workers using 11570 MB)
@  2516s  (total 11 workers using 11598 MB)
@  2527s  (total 11 workers using 11571 MB)
@  2538s  (total 11 workers using 11611 MB)
@  2549s  (total 11 workers using 11610 MB)
@  2561s  (total 11 workers using 11611 MB)
@  2572s  (total 11 workers using 11611 MB)
@  2584s  (total 11 workers using 11646 MB)
@  2595s  (total 11 workers using 11606 MB)
@  2607s  (total 11 workers using 11449 MB)
@  2618s  (total 11 workers using 11538 MB)
@  2629s  (total 11 workers using 11570 MB)
@  2641s  (total 11 workers using 11574 MB)
@  2652s  (total 11 workers using 11580 MB)
@  2663s  (total 11 workers using 11525 MB)
@  2675s  (total 11 workers using 11525 MB)
@  2686s  (total 11 workers using 11525 MB)
@  2698s  (total 11 workers using 11592 MB)
@  2709s  (total 11 workers using 11465 MB)
@  2721s  (total 11 workers using 11465 MB)
@  2732s  (total 11 workers using 11465 MB)
@  2743s  (total 11 workers using 11465 MB)
@  2755s  (total 11 workers using 11501 MB)
@  2766s  (total 11 workers using 11501 MB)
@  2777s  (total 11 workers using 11501 MB)
@  2789s  (total 11 workers using 11501 MB)
@  2800s  (total 11 workers using 11501 MB)
@  2812s  (total 11 workers using 11501 MB)
@  2823s  (total 11 workers using 11506 MB)
@  2834s  (total 11 workers using 11506 MB)
@  2846s  (total 11 workers using 11542 MB)
@  2857s  (total 11 workers using 11541 MB)
@  2868s  (total 11 workers using 11542 MB)
@  2880s  (total 11 workers using 11545 MB)
@  2891s  (total 11 workers using 11545 MB)
@  2903s  (total 11 workers using 11545 MB)
@  2914s  (total 11 workers using 11680 MB)
@  2926s  (total 11 workers using 11680 MB)
@  2937s  (total 11 workers using 11680 MB)
@  2948s  (total 11 workers using 11700 MB)
@  2960s  (total 11 workers using 11704 MB)
@  2971s  (total 11 workers using 11704 MB)
@  2982s  (total 11 workers using 11704 MB)
@  2994s  (total 11 workers using 11704 MB)
@  3005s  (total 11 workers using 11709 MB)
@  3017s  (total 11 workers using 11709 MB)
@  3028s  (total 11 workers using 11740 MB)
@  3040s  (total 11 workers using 11782 MB)
@  3051s  (total 11 workers using 11791 MB)
@  3062s  (total 11 workers using 11791 MB)
@  3074s  (total 11 workers using 11791 MB)
@  3085s  (total 11 workers using 11798 MB)
@  3096s  (total 11 workers using 11765 MB)
@  3108s  (total 11 workers using 11797 MB)
@  3119s  (total 11 workers using 11774 MB)
@  3131s  (total 11 workers using 11815 MB)
@  3142s  (total 11 workers using 11841 MB)
@  3153s  (total 11 workers using 11840 MB)
@  3165s  (total 11 workers using 11870 MB)
@  3176s  (total 11 workers using 11812 MB)
@  3187s  (total 11 workers using 11812 MB)
@  3199s  (total 11 workers using 11673 MB)
@  3210s  (total 11 workers using 11673 MB)
@  3222s  (total 11 workers using 11674 MB)
@  3233s  (total 11 workers using 11674 MB)
@  3244s  (total 11 workers using 11674 MB)
@  3256s  (total 11 workers using 11674 MB)
@  3267s  (total 11 workers using 11674 MB)
@  3278s  (total 11 workers using 11725 MB)
@  3290s  (total 11 workers using 11725 MB)
@  3301s  (total 11 workers using 11769 MB)
@  3313s  (total 11 workers using 11769 MB)
@  3324s  (total 11 workers using 11744 MB)
@  3335s  (total 11 workers using 11744 MB)
@  3347s  (total 11 workers using 11740 MB)
@  3358s  (total 11 workers using 11740 MB)
@  3369s  (total 11 workers using 11740 MB)
@  3381s  (total 11 workers using 11654 MB)
@  3392s  (total 11 workers using 11615 MB)
@  3404s  (total 11 workers using 11615 MB)
@  3415s  (total 11 workers using 11615 MB)
@  3426s  (total 11 workers using 11615 MB)
@  3438s  (total 11 workers using 11652 MB)
@  3449s  (total 11 workers using 11652 MB)
@  3460s  (total 11 workers using 11652 MB)
@  3472s  (total 11 workers using 11652 MB)
@  3483s  (total 11 workers using 11652 MB)
@  3495s  (total 11 workers using 11653 MB)
@  3506s  (total 11 workers using 11655 MB)
@  3518s  (total 11 workers using 11823 MB)
@  3529s  (total 11 workers using 11822 MB)
@  3540s  (total 11 workers using 11748 MB)
@  3551s  (total 11 workers using 11764 MB)
@  3563s  (total 11 workers using 11828 MB)
@  3574s  (total 11 workers using 11769 MB)
@  3577s  (stopping all workers)
@  3577s  (worker 0 finished with result unknown) python3 avr.py -a sa
@  3577s  (worker 2 finished with result unknown) python3 avr.py
@  3577s  (worker 4 finished with result unknown) python3 avr.py -b bin_y2 --bmc
@  3577s  (worker 6 finished with result unknown) python3 avr.py -a sa --interpol 1 -f 1
@  3577s  (worker 8 finished with result unknown) python3 avr.py -l 5 -g 3 -a sa8 --interpol 1 -f 1
@  3577s  (worker 10 finished with result unknown) python3 avr.py --bmc
@  3577s  (worker 1 finished with result unknown) python3 avr.py -b bin_bt_cadical -s --bmc
@  3577s  (worker 5 finished with result unknown) python3 avr.py -b bin_bt_cadical -g 3 -l 0 -a sa32
@  3577s  (worker 9 finished with result unknown) python3 avr.py -b bin_y2 -s -a sa4 --interpol 1 -f 1
@  3577s  (worker 3 finished with result unknown) python3 avr.py -b bin_y2 -s
@  3577s  (worker 7 finished with result unknown) python3 avr.py -s -l 0
@  3577s  (copied results from worker 0 in /scratch/network/hongcez/hwmcc/avr-log/btor2/bv/mann/data-integrity/unsafe/pr_circular_pointer_top_w128_d128_e0)
@  3577s  [0;30;47m(proof race finished with answer unknown in 3577.16 seconds)[m
