	(output dir: /scratch/network/hongcez/hwmcc/avr-log/btor2/bv/mann/data-integrity/unsafe/pr_circular_pointer_top_w32_d16_e0/work_w1)
	(frontend: btor2)
	(property: all (1 assertions))
	(1 / 603 flops initialized)
	(abstraction: sa+uf)
	(bmc: safe till step 0)
	(bmc: safe till step 10)
	(bmc: found cex at step 19)
   0	: 0	: 0 s: 0    18s                  

AVR -- Proof Race 
copyright (c) 2019  Aman Goel and Karem Sakallah, University of Michigan
@     0s  (starting avr proof race)
@     0s  (output dir: /scratch/network/hongcez/hwmcc/avr-log/btor2/bv/mann/data-integrity/unsafe/pr_circular_pointer_top_w32_d16_e0)
@     0s  (max 11 workers)
@     0s  (started worker 0 with pid 65169)
@     0s  (started worker 1 with pid 65170)
@     0s  (started worker 2 with pid 65171)
@     0s  (started worker 3 with pid 65172)
@     0s  (started worker 4 with pid 65173)
@     0s  (spawned 5 workers)
@     0s  (total 5 workers using 0 MB)
@     1s  (started worker 5 with pid 65298)
@     1s  (spawned 1 workers)
@     1s  (total 6 workers using 109 MB)
@     2s  (started worker 6 with pid 65345)
@     2s  (spawned 1 workers)
@     2s  (total 7 workers using 149 MB)
@     3s  (started worker 7 with pid 65389)
@     3s  (spawned 1 workers)
@     3s  (total 8 workers using 194 MB)
@     5s  (started worker 8 with pid 65437)
@     5s  (spawned 1 workers)
@     5s  (total 9 workers using 272 MB)
@     9s  (started worker 9 with pid 65506)
@     9s  (spawned 1 workers)
@     9s  (total 10 workers using 375 MB)
@    10s  (worker 8 finished with result unknown) python3 avr.py -l 5 -g 3 -a sa8 --interpol 1 -f 1
@    12s  (started worker 10 with pid 65572)
@    12s  (spawned 1 workers)
@    12s  (total 10 workers using 415 MB)
@    22s  (worker 1 finished with result unsafe) python3 avr.py -b bin_bt_cadical -s --bmc
@    22s  (worker 1 output)
@    22s  (stopping all workers)
@    22s  (copied results from worker 1 in /scratch/network/hongcez/hwmcc/avr-log/btor2/bv/mann/data-integrity/unsafe/pr_circular_pointer_top_w32_d16_e0)
@    22s  [0;30;47m(proof race finished with answer unsafe in 21.78 seconds)[m
