AVR -- Proof Race 
copyright (c) 2019  Aman Goel and Karem Sakallah, University of Michigan
@     0s  (starting avr proof race)
@     0s  (output dir: /scratch/network/hongcez/hwmcc/avr-log/btor2/bv/mann/data-integrity/unsafe/pr_circular_pointer_top_w32_d128_e0)
@     0s  (max 11 workers)
@     0s  (started worker 0 with pid 5179)
@     0s  (started worker 1 with pid 5180)
@     0s  (started worker 2 with pid 5181)
@     0s  (started worker 3 with pid 5182)
@     0s  (started worker 4 with pid 5183)
@     0s  (spawned 5 workers)
@     0s  (total 5 workers using 0 MB)
@     1s  (started worker 5 with pid 5297)
@     1s  (spawned 1 workers)
@     1s  (total 6 workers using 219 MB)
@     2s  (started worker 6 with pid 5337)
@     2s  (spawned 1 workers)
@     2s  (total 7 workers using 351 MB)
@     3s  (started worker 7 with pid 5379)
@     3s  (spawned 1 workers)
@     3s  (total 8 workers using 438 MB)
@     5s  (started worker 8 with pid 5426)
@     5s  (spawned 1 workers)
@     5s  (total 9 workers using 594 MB)
@     8s  (started worker 9 with pid 5485)
@     8s  (spawned 1 workers)
@     8s  (total 10 workers using 693 MB)
@    10s  (started worker 10 with pid 5530)
@    10s  (spawned 1 workers)
@    10s  (total 11 workers using 771 MB)
@    21s  (total 11 workers using 1214 MB)
@    37s  (total 11 workers using 1447 MB)
@    52s  (total 11 workers using 1587 MB)
@    66s  (total 11 workers using 1780 MB)
@    80s  (total 11 workers using 1935 MB)
@    94s  (total 11 workers using 2184 MB)
@   107s  (total 11 workers using 2294 MB)
@   121s  (total 11 workers using 2398 MB)
@   133s  (total 11 workers using 2610 MB)
@   147s  (total 11 workers using 2902 MB)
@   160s  (total 11 workers using 3152 MB)
@   174s  (total 11 workers using 3387 MB)
@   186s  (total 11 workers using 3543 MB)
@   200s  (total 11 workers using 3629 MB)
@   213s  (total 11 workers using 3724 MB)
@   226s  (total 11 workers using 3775 MB)
@   239s  (total 11 workers using 3788 MB)
@   253s  (total 11 workers using 3867 MB)
@   266s  (total 11 workers using 3951 MB)
@   279s  (total 11 workers using 4029 MB)
@   292s  (total 11 workers using 4074 MB)
@   306s  (total 11 workers using 4131 MB)
@   319s  (total 11 workers using 4239 MB)
@   333s  (total 11 workers using 4378 MB)
@   345s  (total 11 workers using 4384 MB)
@   359s  (total 11 workers using 4419 MB)
@   372s  (total 11 workers using 4487 MB)
@   386s  (total 11 workers using 4468 MB)
@   399s  (total 11 workers using 4515 MB)
@   412s  (total 11 workers using 4534 MB)
@   425s  (total 11 workers using 4612 MB)
@   439s  (total 11 workers using 4734 MB)
@   452s  (total 11 workers using 4825 MB)
@   466s  (total 11 workers using 4944 MB)
@   479s  (total 11 workers using 5000 MB)
@   492s  (total 11 workers using 4990 MB)
@   505s  (total 11 workers using 5052 MB)
@   519s  (total 11 workers using 5214 MB)
@   532s  (total 11 workers using 5268 MB)
@   545s  (total 11 workers using 5343 MB)
@   558s  (total 11 workers using 5420 MB)
@   572s  (total 11 workers using 5481 MB)
@   584s  (total 11 workers using 5526 MB)
@   598s  (total 11 workers using 5552 MB)
@   611s  (total 11 workers using 5567 MB)
@   624s  (total 11 workers using 5573 MB)
@   637s  (total 11 workers using 5640 MB)
@   651s  (total 11 workers using 5674 MB)
@   664s  (total 11 workers using 5843 MB)
@   678s  (total 11 workers using 5846 MB)
@   690s  (total 11 workers using 5857 MB)
@   704s  (total 11 workers using 5879 MB)
@   717s  (total 11 workers using 5809 MB)
@   731s  (total 11 workers using 5883 MB)
@   743s  (total 11 workers using 5885 MB)
@   758s  (total 11 workers using 5936 MB)
@   770s  (total 11 workers using 6003 MB)
@   784s  (total 11 workers using 6027 MB)
@   797s  (total 11 workers using 6065 MB)
@   811s  (total 11 workers using 6123 MB)
@   824s  (total 11 workers using 6157 MB)
@   837s  (total 11 workers using 6195 MB)
@   850s  (total 11 workers using 6203 MB)
@   864s  (total 11 workers using 6260 MB)
@   877s  (total 11 workers using 6250 MB)
@   891s  (total 11 workers using 6266 MB)
@   903s  (total 11 workers using 6334 MB)
@   917s  (total 11 workers using 6397 MB)
@   930s  (total 11 workers using 6433 MB)
@   944s  (total 11 workers using 6511 MB)
@   957s  (total 11 workers using 6491 MB)
@   970s  (total 11 workers using 6454 MB)
@   983s  (total 11 workers using 6433 MB)
@   997s  (total 11 workers using 6512 MB)
@  1010s  (total 11 workers using 6595 MB)
@  1024s  (total 11 workers using 6709 MB)
@  1036s  (total 11 workers using 6729 MB)
@  1050s  (total 11 workers using 6782 MB)
@  1063s  (total 11 workers using 6845 MB)
@  1077s  (total 11 workers using 6860 MB)
@  1089s  (total 11 workers using 6865 MB)
@  1103s  (total 11 workers using 6907 MB)
@  1116s  (total 11 workers using 6910 MB)
@  1130s  (total 11 workers using 6925 MB)
@  1143s  (total 11 workers using 6993 MB)
@  1157s  (total 11 workers using 7047 MB)
@  1169s  (total 11 workers using 7053 MB)
@  1183s  (total 11 workers using 7066 MB)
@  1196s  (total 11 workers using 7103 MB)
@  1210s  (total 11 workers using 7113 MB)
@  1223s  (total 11 workers using 7134 MB)
@  1236s  (total 11 workers using 7205 MB)
@  1249s  (total 11 workers using 7207 MB)
@  1263s  (total 11 workers using 7213 MB)
@  1276s  (total 11 workers using 7216 MB)
@  1290s  (total 11 workers using 7254 MB)
@  1302s  (total 11 workers using 7354 MB)
@  1316s  (total 11 workers using 7289 MB)
@  1329s  (total 11 workers using 7355 MB)
@  1343s  (total 11 workers using 7399 MB)
@  1355s  (total 11 workers using 7403 MB)
@  1369s  (total 11 workers using 7513 MB)
@  1382s  (total 11 workers using 7515 MB)
@  1396s  (total 11 workers using 7520 MB)
@  1409s  (total 11 workers using 7548 MB)
@  1423s  (total 11 workers using 7515 MB)
@  1435s  (total 11 workers using 7518 MB)
@  1448s  (total 11 workers using 7520 MB)
@  1459s  (total 11 workers using 7520 MB)
@  1470s  (total 11 workers using 7520 MB)
@  1481s  (total 11 workers using 7520 MB)
@  1492s  (total 11 workers using 7520 MB)
@  1504s  (total 11 workers using 7526 MB)
@  1515s  (total 11 workers using 7526 MB)
@  1526s  (total 11 workers using 7527 MB)
@  1537s  (total 11 workers using 7584 MB)
@  1548s  (total 11 workers using 7605 MB)
@  1560s  (total 11 workers using 7598 MB)
@  1571s  (total 11 workers using 7655 MB)
@  1582s  (total 11 workers using 7666 MB)
@  1593s  (total 11 workers using 7666 MB)
@  1605s  (total 11 workers using 7667 MB)
@  1616s  (total 11 workers using 7692 MB)
@  1627s  (total 11 workers using 7708 MB)
@  1638s  (total 11 workers using 7750 MB)
@  1649s  (total 11 workers using 7694 MB)
@  1661s  (total 11 workers using 7718 MB)
@  1672s  (total 11 workers using 7782 MB)
@  1683s  (total 11 workers using 7808 MB)
@  1694s  (total 11 workers using 7809 MB)
@  1706s  (total 11 workers using 7769 MB)
@  1717s  (total 11 workers using 7768 MB)
@  1728s  (total 11 workers using 7770 MB)
@  1739s  (total 11 workers using 7770 MB)
@  1751s  (total 11 workers using 7770 MB)
@  1762s  (total 11 workers using 7790 MB)
@  1773s  (total 11 workers using 7790 MB)
@  1785s  (total 11 workers using 7790 MB)
@  1796s  (total 11 workers using 7790 MB)
@  1807s  (total 11 workers using 7819 MB)
@  1818s  (total 11 workers using 7915 MB)
@  1829s  (total 11 workers using 7985 MB)
@  1841s  (total 11 workers using 7994 MB)
@  1852s  (total 11 workers using 7994 MB)
@  1863s  (total 11 workers using 7985 MB)
@  1874s  (total 11 workers using 8017 MB)
@  1886s  (total 11 workers using 8021 MB)
@  1897s  (total 11 workers using 8093 MB)
@  1908s  (total 11 workers using 8098 MB)
@  1919s  (total 11 workers using 8105 MB)
@  1931s  (total 11 workers using 8172 MB)
@  1942s  (total 11 workers using 8170 MB)
@  1953s  (total 11 workers using 8170 MB)
@  1964s  (total 11 workers using 8175 MB)
@  1975s  (total 11 workers using 8190 MB)
@  1987s  (total 11 workers using 8191 MB)
@  1998s  (total 11 workers using 8193 MB)
@  2009s  (total 11 workers using 8193 MB)
@  2020s  (total 11 workers using 8134 MB)
@  2032s  (total 11 workers using 8155 MB)
@  2043s  (total 11 workers using 8165 MB)
@  2054s  (total 11 workers using 8165 MB)
@  2065s  (total 11 workers using 8165 MB)
@  2077s  (total 11 workers using 8206 MB)
@  2088s  (total 11 workers using 8266 MB)
@  2099s  (total 11 workers using 8264 MB)
@  2110s  (total 11 workers using 8265 MB)
@  2122s  (total 11 workers using 8266 MB)
@  2133s  (total 11 workers using 8265 MB)
@  2144s  (total 11 workers using 8266 MB)
@  2155s  (total 11 workers using 8283 MB)
@  2166s  (total 11 workers using 8337 MB)
@  2177s  (total 11 workers using 8345 MB)
@  2189s  (total 11 workers using 8344 MB)
@  2200s  (total 11 workers using 8344 MB)
@  2211s  (total 11 workers using 8344 MB)
@  2222s  (total 11 workers using 8353 MB)
@  2234s  (total 11 workers using 8344 MB)
@  2245s  (total 11 workers using 8361 MB)
@  2256s  (total 11 workers using 8361 MB)
@  2267s  (total 11 workers using 8361 MB)
@  2278s  (total 11 workers using 8361 MB)
@  2289s  (total 11 workers using 8353 MB)
@  2301s  (total 11 workers using 8353 MB)
@  2312s  (total 11 workers using 8354 MB)
@  2323s  (total 11 workers using 8354 MB)
@  2334s  (total 11 workers using 8354 MB)
@  2345s  (total 11 workers using 8363 MB)
@  2356s  (total 11 workers using 8363 MB)
@  2368s  (total 11 workers using 8374 MB)
@  2379s  (total 11 workers using 8316 MB)
@  2390s  (total 11 workers using 8316 MB)
@  2401s  (total 11 workers using 8318 MB)
@  2412s  (total 11 workers using 8318 MB)
@  2423s  (total 11 workers using 8318 MB)
@  2435s  (total 11 workers using 8386 MB)
@  2446s  (total 11 workers using 8394 MB)
@  2457s  (total 11 workers using 8399 MB)
@  2468s  (total 11 workers using 8399 MB)
@  2479s  (total 11 workers using 8420 MB)
@  2490s  (total 11 workers using 8458 MB)
@  2501s  (total 11 workers using 8442 MB)
@  2512s  (total 11 workers using 8518 MB)
@  2524s  (total 11 workers using 8657 MB)
@  2535s  (total 11 workers using 8657 MB)
@  2546s  (total 11 workers using 8662 MB)
@  2557s  (total 11 workers using 8614 MB)
@  2568s  (total 11 workers using 8724 MB)
@  2579s  (total 11 workers using 8754 MB)
@  2591s  (total 11 workers using 8754 MB)
@  2602s  (total 11 workers using 8756 MB)
@  2613s  (total 11 workers using 8756 MB)
@  2624s  (total 11 workers using 8852 MB)
@  2635s  (total 11 workers using 8853 MB)
@  2646s  (total 11 workers using 8853 MB)
@  2658s  (total 11 workers using 8853 MB)
@  2669s  (total 11 workers using 8853 MB)
@  2680s  (total 11 workers using 8853 MB)
@  2691s  (total 11 workers using 8853 MB)
@  2702s  (total 11 workers using 8854 MB)
@  2713s  (total 11 workers using 8854 MB)
@  2725s  (total 11 workers using 8854 MB)
@  2736s  (total 11 workers using 8854 MB)
@  2747s  (total 11 workers using 8898 MB)
@  2758s  (total 11 workers using 8792 MB)
@  2769s  (total 11 workers using 8792 MB)
@  2780s  (total 11 workers using 8815 MB)
@  2791s  (total 11 workers using 8847 MB)
@  2802s  (total 11 workers using 8847 MB)
@  2814s  (total 11 workers using 8879 MB)
@  2825s  (total 11 workers using 8879 MB)
@  2836s  (total 11 workers using 8847 MB)
@  2847s  (total 11 workers using 8847 MB)
@  2858s  (total 11 workers using 8883 MB)
@  2869s  (total 11 workers using 8883 MB)
@  2881s  (total 11 workers using 8940 MB)
@  2892s  (total 11 workers using 8929 MB)
@  2903s  (total 11 workers using 8985 MB)
@  2914s  (total 11 workers using 9045 MB)
@  2925s  (total 11 workers using 9065 MB)
@  2936s  (total 11 workers using 9025 MB)
@  2948s  (total 11 workers using 9024 MB)
@  2959s  (total 11 workers using 9060 MB)
@  2970s  (total 11 workers using 9061 MB)
@  2981s  (total 11 workers using 9068 MB)
@  2992s  (total 11 workers using 9115 MB)
@  3003s  (total 11 workers using 9115 MB)
@  3014s  (total 11 workers using 9115 MB)
@  3025s  (total 11 workers using 9123 MB)
@  3037s  (total 11 workers using 9125 MB)
@  3048s  (total 11 workers using 9121 MB)
@  3059s  (total 11 workers using 9164 MB)
@  3070s  (total 11 workers using 9171 MB)
@  3081s  (total 11 workers using 9171 MB)
@  3092s  (total 11 workers using 9165 MB)
@  3104s  (total 11 workers using 9165 MB)
@  3115s  (total 11 workers using 9139 MB)
@  3126s  (total 11 workers using 9139 MB)
@  3137s  (total 11 workers using 9134 MB)
@  3148s  (total 11 workers using 9143 MB)
@  3159s  (total 11 workers using 9143 MB)
@  3171s  (total 11 workers using 9143 MB)
@  3182s  (total 11 workers using 9128 MB)
@  3193s  (total 11 workers using 9137 MB)
@  3204s  (total 11 workers using 9111 MB)
@  3215s  (total 11 workers using 9111 MB)
@  3226s  (total 11 workers using 9081 MB)
@  3237s  (total 11 workers using 9081 MB)
@  3248s  (total 11 workers using 9081 MB)
@  3260s  (total 11 workers using 9103 MB)
@  3271s  (total 11 workers using 9103 MB)
@  3282s  (total 11 workers using 9146 MB)
@  3293s  (total 11 workers using 9161 MB)
@  3304s  (total 11 workers using 9161 MB)
@  3315s  (total 11 workers using 9161 MB)
@  3327s  (total 11 workers using 9161 MB)
@  3338s  (total 11 workers using 9194 MB)
@  3349s  (total 11 workers using 9194 MB)
@  3360s  (total 11 workers using 9272 MB)
@  3371s  (total 11 workers using 9294 MB)
@  3382s  (total 11 workers using 9331 MB)
@  3394s  (total 11 workers using 9229 MB)
@  3405s  (total 11 workers using 9230 MB)
@  3416s  (total 11 workers using 9230 MB)
@  3427s  (total 11 workers using 9203 MB)
@  3438s  (total 11 workers using 9230 MB)
@  3449s  (total 11 workers using 9296 MB)
@  3461s  (total 11 workers using 9411 MB)
@  3472s  (total 11 workers using 9320 MB)
@  3483s  (total 11 workers using 9326 MB)
@  3494s  (total 11 workers using 9326 MB)
@  3505s  (total 11 workers using 9336 MB)
@  3516s  (total 11 workers using 9369 MB)
@  3527s  (total 11 workers using 9369 MB)
@  3538s  (total 11 workers using 9369 MB)
@  3550s  (total 11 workers using 9381 MB)
@  3561s  (total 11 workers using 9386 MB)
@  3572s  (total 11 workers using 9386 MB)
@  3576s  (stopping all workers)
@  3576s  (worker 0 finished with result unknown) python3 avr.py -a sa
@  3576s  (worker 2 finished with result unknown) python3 avr.py
@  3576s  (worker 4 finished with result unknown) python3 avr.py -b bin_y2 --bmc
@  3576s  (worker 6 finished with result unknown) python3 avr.py -a sa --interpol 1 -f 1
@  3576s  (worker 8 finished with result unknown) python3 avr.py -l 5 -g 3 -a sa8 --interpol 1 -f 1
@  3577s  (worker 10 finished with result unknown) python3 avr.py --bmc
@  3577s  (worker 1 finished with result unknown) python3 avr.py -b bin_bt_cadical -s --bmc
@  3577s  (worker 5 finished with result unknown) python3 avr.py -b bin_bt_cadical -g 3 -l 0 -a sa32
@  3577s  (worker 9 finished with result unknown) python3 avr.py -b bin_y2 -s -a sa4 --interpol 1 -f 1
@  3577s  (worker 3 finished with result unknown) python3 avr.py -b bin_y2 -s
@  3577s  (worker 7 finished with result unknown) python3 avr.py -s -l 0
@  3577s  (copied results from worker 0 in /scratch/network/hongcez/hwmcc/avr-log/btor2/bv/mann/data-integrity/unsafe/pr_circular_pointer_top_w32_d128_e0)
@  3577s  [0;30;47m(proof race finished with answer unknown in 3576.91 seconds)[m
