AVR -- Proof Race 
copyright (c) 2019  Aman Goel and Karem Sakallah, University of Michigan
@     0s  (starting avr proof race)
@     0s  (output dir: /scratch/network/hongcez/hwmcc/avr-log/btor2/bv/mann/data-integrity/unsafe/pr_shift_register_top_w64_d64_e0)
@     0s  (max 11 workers)
@     0s  (started worker 0 with pid 201416)
@     0s  (started worker 1 with pid 201417)
@     0s  (started worker 2 with pid 201418)
@     0s  (started worker 3 with pid 201419)
@     0s  (started worker 4 with pid 201420)
@     0s  (spawned 5 workers)
@     0s  (total 5 workers using 0 MB)
@     1s  (started worker 5 with pid 201540)
@     1s  (spawned 1 workers)
@     1s  (total 6 workers using 238 MB)
@     2s  (started worker 6 with pid 201589)
@     2s  (spawned 1 workers)
@     2s  (total 7 workers using 303 MB)
@     3s  (started worker 7 with pid 201632)
@     3s  (spawned 1 workers)
@     3s  (total 8 workers using 427 MB)
@     5s  (started worker 8 with pid 201699)
@     5s  (spawned 1 workers)
@     5s  (total 9 workers using 567 MB)
@     9s  (started worker 9 with pid 201778)
@     9s  (spawned 1 workers)
@     9s  (total 10 workers using 705 MB)
@    12s  (started worker 10 with pid 201850)
@    12s  (spawned 1 workers)
@    12s  (total 11 workers using 886 MB)
@    24s  (total 11 workers using 1394 MB)
@    41s  (total 11 workers using 1749 MB)
@    57s  (total 11 workers using 1979 MB)
@    71s  (total 11 workers using 2235 MB)
@    85s  (total 11 workers using 2508 MB)
@   100s  (total 11 workers using 2731 MB)
@   113s  (total 11 workers using 2825 MB)
@   127s  (total 11 workers using 3122 MB)
@   141s  (total 11 workers using 3359 MB)
@   155s  (total 11 workers using 3506 MB)
@   168s  (total 11 workers using 3661 MB)
@   182s  (total 11 workers using 3909 MB)
@   195s  (total 11 workers using 3970 MB)
@   209s  (total 11 workers using 4117 MB)
@   223s  (total 11 workers using 4348 MB)
@   237s  (total 11 workers using 4439 MB)
@   250s  (total 11 workers using 4551 MB)
@   264s  (total 11 workers using 4747 MB)
@   277s  (total 11 workers using 4973 MB)
@   292s  (total 11 workers using 5117 MB)
@   305s  (total 11 workers using 5154 MB)
@   319s  (total 11 workers using 5223 MB)
@   332s  (total 11 workers using 5266 MB)
@   347s  (total 11 workers using 5625 MB)
@   360s  (total 11 workers using 5718 MB)
@   374s  (total 11 workers using 5756 MB)
@   388s  (total 11 workers using 5910 MB)
@   402s  (total 11 workers using 6201 MB)
@   415s  (total 11 workers using 6236 MB)
@   430s  (total 11 workers using 6654 MB)
@   443s  (total 11 workers using 6730 MB)
@   457s  (total 11 workers using 6893 MB)
@   470s  (total 11 workers using 6991 MB)
@   485s  (total 11 workers using 7307 MB)
@   498s  (total 11 workers using 7488 MB)
@   512s  (total 11 workers using 7694 MB)
@   526s  (total 11 workers using 7766 MB)
@   540s  (total 11 workers using 8149 MB)
@   553s  (total 11 workers using 8225 MB)
@   567s  (total 11 workers using 8398 MB)
@   580s  (total 11 workers using 8393 MB)
@   595s  (total 11 workers using 8499 MB)
@   608s  (total 11 workers using 8568 MB)
@   622s  (total 11 workers using 8672 MB)
@   635s  (total 11 workers using 8872 MB)
@   650s  (total 11 workers using 8895 MB)
@   663s  (total 11 workers using 9016 MB)
@   677s  (total 11 workers using 9069 MB)
@   690s  (total 11 workers using 9186 MB)
@   704s  (total 11 workers using 9576 MB)
@   718s  (total 11 workers using 9579 MB)
@   732s  (total 11 workers using 9684 MB)
@   745s  (total 11 workers using 9786 MB)
@   759s  (total 11 workers using 9867 MB)
@   772s  (total 11 workers using 9914 MB)
@   787s  (total 11 workers using 10074 MB)
@   800s  (total 11 workers using 10126 MB)
@   814s  (total 11 workers using 10186 MB)
@   827s  (total 11 workers using 10333 MB)
@   841s  (total 11 workers using 10489 MB)
@   855s  (total 11 workers using 10634 MB)
@   869s  (total 11 workers using 10819 MB)
@   882s  (total 11 workers using 11333 MB)
@   897s  (total 11 workers using 11522 MB)
@   910s  (total 11 workers using 11690 MB)
@   924s  (total 11 workers using 11766 MB)
@   937s  (total 11 workers using 11840 MB)
@   951s  (total 11 workers using 12135 MB)
@   964s  (total 11 workers using 12175 MB)
@   979s  (total 11 workers using 12228 MB)
@   992s  (total 11 workers using 12337 MB)
@  1006s  (total 11 workers using 12538 MB)
@  1019s  (total 11 workers using 13217 MB)
@  1034s  (total 11 workers using 13317 MB)
@  1047s  (total 11 workers using 13345 MB)
@  1061s  (total 11 workers using 13416 MB)
@  1074s  (total 11 workers using 13493 MB)
@  1088s  (total 11 workers using 13580 MB)
@  1102s  (total 11 workers using 13810 MB)
@  1116s  (total 11 workers using 13979 MB)
@  1129s  (total 11 workers using 14128 MB)
@  1143s  (total 11 workers using 14259 MB)
@  1156s  (total 11 workers using 14312 MB)
@  1170s  (total 11 workers using 14556 MB)
@  1184s  (total 11 workers using 14663 MB)
@  1198s  (total 11 workers using 14732 MB)
@  1212s  (total 11 workers using 15090 MB)
@  1226s  (total 11 workers using 15495 MB)
@  1239s  (total 11 workers using 15549 MB)
@  1253s  (total 11 workers using 15645 MB)
@  1266s  (total 11 workers using 15684 MB)
@  1281s  (total 11 workers using 15725 MB)
@  1294s  (total 11 workers using 15799 MB)
@  1308s  (total 11 workers using 16071 MB)
@  1322s  (total 11 workers using 16104 MB)
@  1336s  (total 11 workers using 16131 MB)
@  1349s  (total 11 workers using 16277 MB)
@  1363s  (total 11 workers using 16585 MB)
@  1376s  (total 11 workers using 16699 MB)
@  1391s  (total 11 workers using 16717 MB)
@  1404s  (total 11 workers using 16816 MB)
@  1418s  (total 11 workers using 17142 MB)
@  1432s  (total 11 workers using 17328 MB)
@  1446s  (total 11 workers using 17389 MB)
@  1459s  (total 11 workers using 17496 MB)
@  1474s  (total 11 workers using 17822 MB)
@  1487s  (total 11 workers using 18053 MB)
@  1501s  (total 11 workers using 18105 MB)
@  1515s  (total 11 workers using 18226 MB)
@  1529s  (total 11 workers using 18238 MB)
@  1542s  (total 11 workers using 18258 MB)
@  1556s  (total 11 workers using 18237 MB)
@  1569s  (total 11 workers using 18139 MB)
@  1583s  (total 11 workers using 18227 MB)
@  1597s  (total 11 workers using 18399 MB)
@  1611s  (total 11 workers using 18551 MB)
@  1624s  (total 11 workers using 18750 MB)
@  1638s  (total 11 workers using 18935 MB)
@  1651s  (total 11 workers using 19048 MB)
@  1665s  (total 11 workers using 19291 MB)
@  1679s  (total 11 workers using 19486 MB)
@  1693s  (total 11 workers using 20007 MB)
@  1706s  (total 11 workers using 20141 MB)
@  1720s  (total 11 workers using 20296 MB)
@  1733s  (total 11 workers using 20481 MB)
@  1748s  (total 11 workers using 20657 MB)
@  1761s  (total 11 workers using 20755 MB)
@  1775s  (total 11 workers using 20817 MB)
@  1788s  (total 11 workers using 20895 MB)
@  1803s  (total 11 workers using 21100 MB)
@  1816s  (total 11 workers using 21204 MB)
@  1830s  (total 11 workers using 21376 MB)
@  1843s  (total 11 workers using 21578 MB)
@  1857s  (total 11 workers using 21733 MB)
@  1870s  (total 11 workers using 21864 MB)
@  1885s  (total 11 workers using 21961 MB)
@  1898s  (total 11 workers using 21993 MB)
@  1912s  (total 11 workers using 22118 MB)
@  1926s  (total 11 workers using 22242 MB)
@  1940s  (total 11 workers using 22392 MB)
@  1953s  (total 11 workers using 22453 MB)
@  1967s  (total 11 workers using 22506 MB)
@  1980s  (total 11 workers using 22615 MB)
@  1995s  (total 11 workers using 22863 MB)
@  2008s  (total 11 workers using 22937 MB)
@  2022s  (total 11 workers using 22853 MB)
@  2035s  (total 11 workers using 23028 MB)
@  2050s  (total 11 workers using 23142 MB)
@  2063s  (total 11 workers using 23238 MB)
@  2077s  (total 11 workers using 23383 MB)
@  2090s  (total 11 workers using 23463 MB)
@  2105s  (total 11 workers using 23556 MB)
@  2118s  (total 11 workers using 23706 MB)
@  2132s  (total 11 workers using 23906 MB)
@  2146s  (total 11 workers using 23997 MB)
@  2160s  (total 11 workers using 24101 MB)
@  2173s  (total 11 workers using 24214 MB)
@  2187s  (total 11 workers using 24392 MB)
@  2200s  (total 11 workers using 24523 MB)
@  2214s  (total 11 workers using 24836 MB)
@  2228s  (total 11 workers using 24888 MB)
@  2242s  (total 11 workers using 25033 MB)
@  2255s  (total 11 workers using 25095 MB)
@  2269s  (total 11 workers using 25188 MB)
@  2282s  (total 11 workers using 25249 MB)
@  2296s  (total 11 workers using 25307 MB)
@  2307s  (worker 9 finished with result unknown) python3 avr.py -b bin_y2 -s -a sa4 --interpol 1 -f 1
@  2309s  (total 10 workers using 16228 MB)
@  2323s  (total 10 workers using 16231 MB)
@  2336s  (total 10 workers using 16358 MB)
@  2350s  (total 10 workers using 16405 MB)
@  2363s  (total 10 workers using 16435 MB)
@  2377s  (total 10 workers using 16466 MB)
@  2390s  (total 10 workers using 16497 MB)
@  2404s  (total 10 workers using 16512 MB)
@  2416s  (total 10 workers using 16581 MB)
@  2430s  (total 10 workers using 16672 MB)
@  2443s  (total 10 workers using 16740 MB)
@  2457s  (total 10 workers using 16787 MB)
@  2470s  (total 10 workers using 16849 MB)
@  2484s  (total 10 workers using 16925 MB)
@  2497s  (total 10 workers using 16973 MB)
@  2511s  (total 10 workers using 17027 MB)
@  2524s  (total 10 workers using 17119 MB)
@  2538s  (total 10 workers using 17167 MB)
@  2551s  (total 10 workers using 17225 MB)
@  2565s  (total 10 workers using 17307 MB)
@  2578s  (total 10 workers using 17360 MB)
@  2592s  (total 10 workers using 17471 MB)
@  2605s  (total 10 workers using 17562 MB)
@  2619s  (total 10 workers using 17644 MB)
@  2632s  (total 10 workers using 17691 MB)
@  2646s  (total 10 workers using 17741 MB)
@  2659s  (total 10 workers using 17806 MB)
@  2673s  (total 10 workers using 17887 MB)
@  2686s  (total 10 workers using 17931 MB)
@  2700s  (total 10 workers using 18008 MB)
@  2713s  (total 10 workers using 18090 MB)
@  2727s  (total 10 workers using 18104 MB)
@  2740s  (total 10 workers using 18170 MB)
@  2754s  (total 10 workers using 18273 MB)
@  2767s  (total 10 workers using 18290 MB)
@  2781s  (total 10 workers using 18424 MB)
@  2794s  (total 10 workers using 18376 MB)
@  2807s  (total 10 workers using 18399 MB)
@  2820s  (total 10 workers using 18416 MB)
@  2834s  (total 10 workers using 18362 MB)
@  2847s  (total 10 workers using 18488 MB)
@  2861s  (total 10 workers using 18517 MB)
@  2874s  (total 10 workers using 18608 MB)
@  2888s  (total 10 workers using 18676 MB)
@  2901s  (total 10 workers using 18707 MB)
@  2915s  (total 10 workers using 18797 MB)
@  2928s  (total 10 workers using 18876 MB)
@  2942s  (total 10 workers using 18979 MB)
@  2955s  (total 10 workers using 19041 MB)
@  2969s  (total 10 workers using 19029 MB)
@  2982s  (total 10 workers using 19084 MB)
@  2996s  (total 10 workers using 19209 MB)
@  3009s  (total 10 workers using 19246 MB)
@  3023s  (total 10 workers using 19273 MB)
@  3036s  (total 10 workers using 19347 MB)
@  3050s  (total 10 workers using 19385 MB)
@  3063s  (total 10 workers using 19415 MB)
@  3077s  (total 10 workers using 19443 MB)
@  3090s  (total 10 workers using 19411 MB)
@  3104s  (total 10 workers using 19486 MB)
@  3117s  (total 10 workers using 19569 MB)
@  3131s  (total 10 workers using 19628 MB)
@  3144s  (total 10 workers using 19659 MB)
@  3157s  (total 10 workers using 19725 MB)
@  3170s  (total 10 workers using 19708 MB)
@  3184s  (total 10 workers using 19808 MB)
@  3197s  (total 10 workers using 19808 MB)
@  3211s  (total 10 workers using 19953 MB)
@  3224s  (total 10 workers using 19995 MB)
@  3237s  (total 10 workers using 20078 MB)
@  3250s  (total 10 workers using 20061 MB)
@  3264s  (total 10 workers using 20124 MB)
@  3276s  (total 10 workers using 20168 MB)
@  3290s  (total 10 workers using 20253 MB)
@  3303s  (total 10 workers using 20392 MB)
@  3316s  (total 10 workers using 20422 MB)
@  3329s  (total 10 workers using 20569 MB)
@  3342s  (total 10 workers using 20628 MB)
@  3355s  (total 10 workers using 20667 MB)
@  3369s  (total 10 workers using 20679 MB)
@  3382s  (total 10 workers using 20892 MB)
@  3396s  (total 10 workers using 20833 MB)
@  3408s  (total 10 workers using 20893 MB)
@  3422s  (total 10 workers using 20930 MB)
@  3435s  (total 10 workers using 21074 MB)
@  3449s  (total 10 workers using 21118 MB)
@  3461s  (total 10 workers using 21194 MB)
@  3475s  (total 10 workers using 21205 MB)
@  3488s  (total 10 workers using 21267 MB)
@  3501s  (total 10 workers using 21304 MB)
@  3514s  (total 10 workers using 21338 MB)
@  3527s  (total 10 workers using 21385 MB)
@  3540s  (total 10 workers using 21469 MB)
@  3554s  (total 10 workers using 21477 MB)
@  3566s  (total 10 workers using 21500 MB)
@  3574s  (stopping all workers)
@  3574s  (worker 0 finished with result unknown) python3 avr.py -a sa
@  3574s  (worker 2 finished with result unknown) python3 avr.py
@  3574s  (worker 4 finished with result unknown) python3 avr.py -b bin_y2 --bmc
@  3574s  (worker 6 finished with result unknown) python3 avr.py -a sa --interpol 1 -f 1
@  3574s  (worker 8 finished with result unknown) python3 avr.py -l 5 -g 3 -a sa8 --interpol 1 -f 1
@  3574s  (worker 1 finished with result unknown) python3 avr.py -b bin_bt_cadical -s --bmc
@  3574s  (worker 5 finished with result unknown) python3 avr.py -b bin_bt_cadical -g 3 -l 0 -a sa32
@  3574s  (worker 10 finished with result unknown) python3 avr.py --bmc
@  3574s  (worker 3 finished with result unknown) python3 avr.py -b bin_y2 -s
@  3574s  (worker 7 finished with result unknown) python3 avr.py -s -l 0
@  3575s  (copied results from worker 0 in /scratch/network/hongcez/hwmcc/avr-log/btor2/bv/mann/data-integrity/unsafe/pr_shift_register_top_w64_d64_e0)
@  3575s  [0;30;47m(proof race finished with answer unknown in 3574.52 seconds)[m
