AVR -- Proof Race 
copyright (c) 2019  Aman Goel and Karem Sakallah, University of Michigan
@     0s  (starting avr proof race)
@     0s  (output dir: /scratch/network/hongcez/hwmcc/avr-log/btor2/bv/mann/data-integrity/unsafe/pr_shift_register_top_w8_d64_e0)
@     0s  (max 11 workers)
@     0s  (started worker 0 with pid 135508)
@     0s  (started worker 1 with pid 135509)
@     0s  (started worker 2 with pid 135510)
@     0s  (started worker 3 with pid 135511)
@     0s  (started worker 4 with pid 135512)
@     0s  (spawned 5 workers)
@     0s  (total 5 workers using 0 MB)
@     1s  (started worker 5 with pid 135627)
@     1s  (spawned 1 workers)
@     1s  (total 6 workers using 158 MB)
@     2s  (started worker 6 with pid 135666)
@     2s  (spawned 1 workers)
@     2s  (total 7 workers using 221 MB)
@     3s  (started worker 7 with pid 135710)
@     3s  (spawned 1 workers)
@     3s  (total 8 workers using 294 MB)
@     5s  (started worker 8 with pid 135768)
@     5s  (spawned 1 workers)
@     5s  (total 9 workers using 392 MB)
@     9s  (started worker 9 with pid 135838)
@     9s  (spawned 1 workers)
@     9s  (total 10 workers using 512 MB)
@    12s  (started worker 10 with pid 135902)
@    12s  (spawned 1 workers)
@    12s  (total 11 workers using 644 MB)
@    23s  (total 11 workers using 989 MB)
@    39s  (total 11 workers using 1329 MB)
@    55s  (total 11 workers using 1662 MB)
@    69s  (total 11 workers using 1875 MB)
@    83s  (total 11 workers using 2114 MB)
@    98s  (total 11 workers using 2275 MB)
@   111s  (total 11 workers using 2525 MB)
@   124s  (total 11 workers using 2818 MB)
@   138s  (total 11 workers using 2905 MB)
@   152s  (total 11 workers using 3048 MB)
@   165s  (total 11 workers using 3356 MB)
@   179s  (total 11 workers using 3470 MB)
@   192s  (total 11 workers using 3602 MB)
@   206s  (total 11 workers using 3737 MB)
@   218s  (total 11 workers using 3965 MB)
@   232s  (total 11 workers using 4163 MB)
@   245s  (total 11 workers using 4412 MB)
@   259s  (total 11 workers using 4447 MB)
@   272s  (total 11 workers using 4526 MB)
@   286s  (total 11 workers using 4911 MB)
@   299s  (total 11 workers using 4937 MB)
@   313s  (total 11 workers using 5210 MB)
@   326s  (total 11 workers using 5293 MB)
@   340s  (total 11 workers using 5572 MB)
@   353s  (total 11 workers using 5769 MB)
@   367s  (total 11 workers using 5816 MB)
@   380s  (total 11 workers using 6125 MB)
@   394s  (total 11 workers using 6374 MB)
@   406s  (total 11 workers using 6445 MB)
@   421s  (total 11 workers using 6513 MB)
@   433s  (total 11 workers using 6724 MB)
@   447s  (total 11 workers using 7080 MB)
@   460s  (total 11 workers using 7183 MB)
@   474s  (total 11 workers using 7419 MB)
@   487s  (total 11 workers using 7481 MB)
@   501s  (total 11 workers using 7621 MB)
@   514s  (total 11 workers using 7701 MB)
@   528s  (total 11 workers using 7883 MB)
@   541s  (total 11 workers using 8219 MB)
@   555s  (total 11 workers using 8367 MB)
@   568s  (total 11 workers using 8429 MB)
@   582s  (total 11 workers using 8545 MB)
@   595s  (total 11 workers using 8583 MB)
@   609s  (total 11 workers using 8644 MB)
@   621s  (total 11 workers using 8760 MB)
@   636s  (total 11 workers using 8893 MB)
@   648s  (total 11 workers using 9041 MB)
@   662s  (total 11 workers using 9392 MB)
@   675s  (total 11 workers using 9565 MB)
@   689s  (total 11 workers using 9734 MB)
@   702s  (total 11 workers using 9790 MB)
@   716s  (total 11 workers using 9820 MB)
@   729s  (total 11 workers using 9868 MB)
@   743s  (total 11 workers using 9905 MB)
@   756s  (total 11 workers using 10037 MB)
@   770s  (total 11 workers using 10231 MB)
@   782s  (total 11 workers using 10888 MB)
@   796s  (total 11 workers using 10993 MB)
@   810s  (total 11 workers using 11034 MB)
@   823s  (total 11 workers using 11081 MB)
@   836s  (total 11 workers using 11396 MB)
@   850s  (total 11 workers using 11403 MB)
@   863s  (total 11 workers using 11452 MB)
@   877s  (total 11 workers using 11600 MB)
@   890s  (total 11 workers using 11715 MB)
@   904s  (total 11 workers using 11819 MB)
@   917s  (total 11 workers using 11934 MB)
@   931s  (total 11 workers using 12034 MB)
@   944s  (total 11 workers using 12153 MB)
@   957s  (total 11 workers using 12223 MB)
@   970s  (total 11 workers using 12382 MB)
@   984s  (total 11 workers using 12915 MB)
@   998s  (total 11 workers using 13005 MB)
@  1011s  (total 11 workers using 13115 MB)
@  1024s  (total 11 workers using 13175 MB)
@  1038s  (total 11 workers using 13208 MB)
@  1051s  (total 11 workers using 13444 MB)
@  1065s  (total 11 workers using 13479 MB)
@  1078s  (total 11 workers using 13749 MB)
@  1092s  (total 11 workers using 13961 MB)
@  1105s  (total 11 workers using 14213 MB)
@  1119s  (total 11 workers using 14269 MB)
@  1132s  (total 11 workers using 14394 MB)
@  1146s  (total 11 workers using 14447 MB)
@  1158s  (total 11 workers using 14531 MB)
@  1172s  (total 11 workers using 14625 MB)
@  1185s  (total 11 workers using 14737 MB)
@  1199s  (total 11 workers using 14827 MB)
@  1212s  (total 11 workers using 14976 MB)
@  1226s  (total 11 workers using 15115 MB)
@  1239s  (total 11 workers using 15335 MB)
@  1253s  (total 11 workers using 15438 MB)
@  1266s  (total 11 workers using 15493 MB)
@  1280s  (total 11 workers using 15476 MB)
@  1293s  (total 11 workers using 15560 MB)
@  1307s  (total 11 workers using 15659 MB)
@  1320s  (total 11 workers using 15704 MB)
@  1334s  (total 11 workers using 15777 MB)
@  1347s  (total 11 workers using 15872 MB)
@  1362s  (total 11 workers using 15999 MB)
@  1375s  (total 11 workers using 16141 MB)
@  1389s  (total 11 workers using 16214 MB)
@  1403s  (total 11 workers using 16296 MB)
@  1417s  (total 11 workers using 16296 MB)
@  1430s  (total 11 workers using 16421 MB)
@  1444s  (total 11 workers using 16520 MB)
@  1458s  (total 11 workers using 16682 MB)
@  1472s  (total 11 workers using 16754 MB)
@  1486s  (total 11 workers using 16876 MB)
@  1500s  (total 11 workers using 17148 MB)
@  1513s  (total 11 workers using 17289 MB)
@  1527s  (total 11 workers using 17324 MB)
@  1541s  (total 11 workers using 17398 MB)
@  1555s  (total 11 workers using 17488 MB)
@  1568s  (total 11 workers using 17496 MB)
@  1583s  (total 11 workers using 17617 MB)
@  1596s  (total 11 workers using 17676 MB)
@  1610s  (total 11 workers using 17864 MB)
@  1624s  (total 11 workers using 17940 MB)
@  1638s  (total 11 workers using 18091 MB)
@  1652s  (total 11 workers using 18250 MB)
@  1666s  (total 11 workers using 18435 MB)
@  1679s  (total 11 workers using 18562 MB)
@  1694s  (total 11 workers using 18645 MB)
@  1707s  (total 11 workers using 18678 MB)
@  1721s  (total 11 workers using 18838 MB)
@  1735s  (total 11 workers using 18904 MB)
@  1749s  (total 11 workers using 19356 MB)
@  1762s  (total 11 workers using 19458 MB)
@  1777s  (total 11 workers using 19569 MB)
@  1790s  (total 11 workers using 19669 MB)
@  1805s  (total 11 workers using 19688 MB)
@  1818s  (total 11 workers using 19836 MB)
@  1832s  (total 11 workers using 19888 MB)
@  1846s  (total 11 workers using 20037 MB)
@  1860s  (total 11 workers using 20087 MB)
@  1873s  (total 11 workers using 20186 MB)
@  1888s  (total 11 workers using 20281 MB)
@  1901s  (total 11 workers using 20326 MB)
@  1915s  (total 11 workers using 20441 MB)
@  1928s  (total 11 workers using 20572 MB)
@  1943s  (total 11 workers using 20641 MB)
@  1956s  (total 11 workers using 11552 MB)
@  1957s  (worker 9 finished with result unknown) python3 avr.py -b bin_y2 -s -a sa4 --interpol 1 -f 1
@  1970s  (total 10 workers using 11584 MB)
@  1983s  (total 10 workers using 11594 MB)
@  1997s  (total 10 workers using 11685 MB)
@  2009s  (total 10 workers using 11734 MB)
@  2024s  (total 10 workers using 11759 MB)
@  2037s  (total 10 workers using 11721 MB)
@  2050s  (total 10 workers using 11814 MB)
@  2063s  (total 10 workers using 11845 MB)
@  2077s  (total 10 workers using 11878 MB)
@  2090s  (total 10 workers using 11961 MB)
@  2104s  (total 10 workers using 11934 MB)
@  2117s  (total 10 workers using 12000 MB)
@  2131s  (total 10 workers using 12114 MB)
@  2144s  (total 10 workers using 12214 MB)
@  2158s  (total 10 workers using 12242 MB)
@  2171s  (total 10 workers using 12232 MB)
@  2185s  (total 10 workers using 12505 MB)
@  2198s  (total 10 workers using 12562 MB)
@  2212s  (total 10 workers using 12627 MB)
@  2225s  (total 10 workers using 12652 MB)
@  2239s  (total 10 workers using 12719 MB)
@  2252s  (total 10 workers using 12752 MB)
@  2266s  (total 10 workers using 12689 MB)
@  2278s  (total 10 workers using 12794 MB)
@  2292s  (total 10 workers using 12799 MB)
@  2305s  (total 10 workers using 12796 MB)
@  2319s  (total 10 workers using 12884 MB)
@  2332s  (total 10 workers using 12954 MB)
@  2347s  (total 10 workers using 12980 MB)
@  2360s  (total 10 workers using 13064 MB)
@  2373s  (total 10 workers using 13113 MB)
@  2386s  (total 10 workers using 13124 MB)
@  2400s  (total 10 workers using 13127 MB)
@  2413s  (total 10 workers using 13129 MB)
@  2427s  (total 10 workers using 13137 MB)
@  2440s  (total 10 workers using 13138 MB)
@  2454s  (total 10 workers using 13223 MB)
@  2467s  (total 10 workers using 13201 MB)
@  2481s  (total 10 workers using 13251 MB)
@  2494s  (total 10 workers using 13269 MB)
@  2509s  (total 10 workers using 13278 MB)
@  2522s  (total 10 workers using 13293 MB)
@  2536s  (total 10 workers using 13294 MB)
@  2549s  (total 10 workers using 13356 MB)
@  2563s  (total 10 workers using 13385 MB)
@  2576s  (total 10 workers using 13431 MB)
@  2590s  (total 10 workers using 13386 MB)
@  2603s  (total 10 workers using 13355 MB)
@  2617s  (total 10 workers using 13428 MB)
@  2630s  (total 10 workers using 13510 MB)
@  2644s  (total 10 workers using 13539 MB)
@  2657s  (total 10 workers using 13538 MB)
@  2671s  (total 10 workers using 13596 MB)
@  2684s  (total 10 workers using 13647 MB)
@  2698s  (total 10 workers using 13629 MB)
@  2711s  (total 10 workers using 13585 MB)
@  2725s  (total 10 workers using 13612 MB)
@  2738s  (total 10 workers using 13620 MB)
@  2752s  (total 10 workers using 13694 MB)
@  2765s  (total 10 workers using 13689 MB)
@  2779s  (total 10 workers using 13692 MB)
@  2792s  (total 10 workers using 13721 MB)
@  2806s  (total 10 workers using 13752 MB)
@  2819s  (total 10 workers using 13720 MB)
@  2833s  (total 10 workers using 13776 MB)
@  2846s  (total 10 workers using 13816 MB)
@  2860s  (total 10 workers using 13790 MB)
@  2873s  (total 10 workers using 13790 MB)
@  2887s  (total 10 workers using 13844 MB)
@  2900s  (total 10 workers using 13807 MB)
@  2914s  (total 10 workers using 13886 MB)
@  2927s  (total 10 workers using 13981 MB)
@  2941s  (total 10 workers using 14028 MB)
@  2953s  (total 10 workers using 14026 MB)
@  2967s  (total 10 workers using 14078 MB)
@  2981s  (total 10 workers using 14212 MB)
@  2994s  (total 10 workers using 14193 MB)
@  3007s  (total 10 workers using 14175 MB)
@  3021s  (total 10 workers using 14244 MB)
@  3034s  (total 10 workers using 14245 MB)
@  3048s  (total 10 workers using 14245 MB)
@  3061s  (total 10 workers using 14245 MB)
@  3075s  (total 10 workers using 14246 MB)
@  3088s  (total 10 workers using 14270 MB)
@  3103s  (total 10 workers using 14282 MB)
@  3116s  (total 10 workers using 14282 MB)
@  3130s  (total 10 workers using 14234 MB)
@  3143s  (total 10 workers using 14239 MB)
@  3157s  (total 10 workers using 14304 MB)
@  3170s  (total 10 workers using 14316 MB)
@  3184s  (total 10 workers using 14333 MB)
@  3197s  (total 10 workers using 14365 MB)
@  3211s  (total 10 workers using 14431 MB)
@  3224s  (total 10 workers using 14431 MB)
@  3238s  (total 10 workers using 14446 MB)
@  3251s  (total 10 workers using 14519 MB)
@  3265s  (total 10 workers using 14547 MB)
@  3278s  (total 10 workers using 14513 MB)
@  3293s  (total 10 workers using 14509 MB)
@  3306s  (total 10 workers using 14476 MB)
@  3320s  (total 10 workers using 14483 MB)
@  3333s  (total 10 workers using 14526 MB)
@  3347s  (total 10 workers using 14471 MB)
@  3360s  (total 10 workers using 14470 MB)
@  3373s  (total 10 workers using 14510 MB)
@  3386s  (total 10 workers using 14495 MB)
@  3400s  (total 10 workers using 14545 MB)
@  3413s  (total 10 workers using 14521 MB)
@  3427s  (total 10 workers using 14580 MB)
@  3440s  (total 10 workers using 14659 MB)
@  3454s  (total 10 workers using 14656 MB)
@  3467s  (total 10 workers using 14639 MB)
@  3481s  (total 10 workers using 14665 MB)
@  3494s  (total 10 workers using 14666 MB)
@  3508s  (total 10 workers using 14638 MB)
@  3521s  (total 10 workers using 14667 MB)
@  3535s  (total 10 workers using 14727 MB)
@  3548s  (total 10 workers using 14786 MB)
@  3562s  (total 10 workers using 14804 MB)
@  3572s  (stopping all workers)
@  3572s  (worker 0 finished with result unknown) python3 avr.py -a sa
@  3572s  (worker 2 finished with result unknown) python3 avr.py
@  3572s  (worker 4 finished with result unknown) python3 avr.py -b bin_y2 --bmc
@  3572s  (worker 6 finished with result unknown) python3 avr.py -a sa --interpol 1 -f 1
@  3572s  (worker 8 finished with result unknown) python3 avr.py -l 5 -g 3 -a sa8 --interpol 1 -f 1
@  3572s  (worker 1 finished with result unknown) python3 avr.py -b bin_bt_cadical -s --bmc
@  3572s  (worker 5 finished with result unknown) python3 avr.py -b bin_bt_cadical -g 3 -l 0 -a sa32
@  3572s  (worker 10 finished with result unknown) python3 avr.py --bmc
@  3573s  (worker 3 finished with result unknown) python3 avr.py -b bin_y2 -s
@  3573s  (worker 7 finished with result unknown) python3 avr.py -s -l 0
@  3573s  (copied results from worker 0 in /scratch/network/hongcez/hwmcc/avr-log/btor2/bv/mann/data-integrity/unsafe/pr_shift_register_top_w8_d64_e0)
@  3573s  [0;30;47m(proof race finished with answer unknown in 3572.78 seconds)[m
