AVR -- Proof Race 
copyright (c) 2019  Aman Goel and Karem Sakallah, University of Michigan
@     0s  (starting avr proof race)
@     0s  (output dir: /scratch/network/hongcez/hwmcc/avr-log/btor2/bv/mann/data-integrity/unsafe/pr_shift_register_top_w128_d32_e0)
@     0s  (max 11 workers)
@     0s  (started worker 0 with pid 153268)
@     0s  (started worker 1 with pid 153269)
@     0s  (started worker 2 with pid 153270)
@     0s  (started worker 3 with pid 153271)
@     0s  (started worker 4 with pid 153272)
@     0s  (spawned 5 workers)
@     0s  (total 5 workers using 0 MB)
@     1s  (started worker 5 with pid 153388)
@     1s  (spawned 1 workers)
@     1s  (total 6 workers using 187 MB)
@     3s  (started worker 6 with pid 153447)
@     3s  (spawned 1 workers)
@     3s  (total 7 workers using 255 MB)
@     5s  (started worker 7 with pid 153491)
@     5s  (spawned 1 workers)
@     5s  (total 8 workers using 400 MB)
@     7s  (started worker 8 with pid 153540)
@     7s  (spawned 1 workers)
@     7s  (total 9 workers using 516 MB)
@    11s  (started worker 9 with pid 153628)
@    11s  (spawned 1 workers)
@    11s  (total 10 workers using 669 MB)
@    14s  (started worker 10 with pid 153709)
@    14s  (spawned 1 workers)
@    14s  (total 11 workers using 862 MB)
@    27s  (total 11 workers using 1259 MB)
@    45s  (total 11 workers using 1566 MB)
@    62s  (total 11 workers using 1819 MB)
@    76s  (total 11 workers using 1953 MB)
@    91s  (total 11 workers using 2148 MB)
@   106s  (total 11 workers using 2345 MB)
@   119s  (total 11 workers using 2555 MB)
@   134s  (total 11 workers using 2733 MB)
@   147s  (total 11 workers using 2911 MB)
@   161s  (total 11 workers using 3049 MB)
@   174s  (total 11 workers using 3253 MB)
@   189s  (total 11 workers using 3348 MB)
@   203s  (total 11 workers using 3505 MB)
@   217s  (total 11 workers using 3683 MB)
@   230s  (total 11 workers using 3742 MB)
@   245s  (total 11 workers using 3928 MB)
@   258s  (total 11 workers using 4047 MB)
@   272s  (total 11 workers using 4230 MB)
@   286s  (total 11 workers using 4289 MB)
@   300s  (total 11 workers using 4399 MB)
@   314s  (total 11 workers using 4648 MB)
@   328s  (total 11 workers using 4826 MB)
@   341s  (total 11 workers using 4970 MB)
@   355s  (total 11 workers using 5105 MB)
@   369s  (total 11 workers using 5246 MB)
@   384s  (total 11 workers using 5392 MB)
@   398s  (total 11 workers using 5419 MB)
@   413s  (total 11 workers using 5564 MB)
@   427s  (total 11 workers using 5653 MB)
@   442s  (total 11 workers using 6079 MB)
@   456s  (total 11 workers using 6177 MB)
@   471s  (total 11 workers using 6289 MB)
@   484s  (total 11 workers using 6375 MB)
@   499s  (total 11 workers using 6557 MB)
@   512s  (total 11 workers using 6702 MB)
@   526s  (total 11 workers using 6805 MB)
@   540s  (total 11 workers using 7127 MB)
@   555s  (total 11 workers using 7266 MB)
@   568s  (total 11 workers using 7375 MB)
@   583s  (total 11 workers using 7694 MB)
@   596s  (total 11 workers using 7881 MB)
@   611s  (total 11 workers using 7997 MB)
@   624s  (total 11 workers using 8136 MB)
@   638s  (total 11 workers using 8291 MB)
@   652s  (total 11 workers using 8432 MB)
@   666s  (total 11 workers using 8586 MB)
@   680s  (total 11 workers using 8821 MB)
@   694s  (total 11 workers using 8920 MB)
@   707s  (total 11 workers using 9105 MB)
@   722s  (total 11 workers using 9487 MB)
@   735s  (total 11 workers using 9750 MB)
@   750s  (total 11 workers using 9688 MB)
@   763s  (total 11 workers using 9722 MB)
@   778s  (total 11 workers using 9776 MB)
@   791s  (total 11 workers using 9889 MB)
@   806s  (total 11 workers using 9939 MB)
@   819s  (total 11 workers using 10120 MB)
@   833s  (total 11 workers using 10452 MB)
@   846s  (total 11 workers using 10817 MB)
@   861s  (total 11 workers using 10879 MB)
@   874s  (total 11 workers using 10956 MB)
@   889s  (total 11 workers using 11054 MB)
@   902s  (total 11 workers using 11571 MB)
@   917s  (total 11 workers using 11623 MB)
@   930s  (total 11 workers using 11746 MB)
@   945s  (total 11 workers using 11825 MB)
@   958s  (total 11 workers using 11921 MB)
@   973s  (total 11 workers using 12091 MB)
@   986s  (total 11 workers using 12369 MB)
@  1001s  (total 11 workers using 12957 MB)
@  1014s  (total 11 workers using 13038 MB)
@  1029s  (total 11 workers using 13279 MB)
@  1042s  (total 11 workers using 13322 MB)
@  1057s  (total 11 workers using 13403 MB)
@  1070s  (total 11 workers using 13530 MB)
@  1084s  (total 11 workers using 13650 MB)
@  1098s  (total 11 workers using 13779 MB)
@  1112s  (total 11 workers using 13926 MB)
@  1125s  (total 11 workers using 14098 MB)
@  1140s  (total 11 workers using 14389 MB)
@  1153s  (total 11 workers using 14454 MB)
@  1167s  (total 11 workers using 14783 MB)
@  1180s  (total 11 workers using 14984 MB)
@  1195s  (total 11 workers using 15061 MB)
@  1208s  (total 11 workers using 15167 MB)
@  1223s  (total 11 workers using 15301 MB)
@  1236s  (total 11 workers using 15383 MB)
@  1250s  (total 11 workers using 16067 MB)
@  1264s  (total 11 workers using 16135 MB)
@  1278s  (total 11 workers using 16214 MB)
@  1292s  (total 11 workers using 16343 MB)
@  1306s  (total 11 workers using 16607 MB)
@  1320s  (total 11 workers using 16768 MB)
@  1334s  (total 11 workers using 16873 MB)
@  1348s  (total 11 workers using 17008 MB)
@  1357s  (worker 9 finished with result unknown) python3 avr.py -b bin_y2 -s -a sa4 --interpol 1 -f 1
@  1362s  (total 10 workers using 11372 MB)
@  1375s  (total 10 workers using 11469 MB)
@  1389s  (total 10 workers using 11535 MB)
@  1402s  (total 10 workers using 11594 MB)
@  1416s  (total 10 workers using 11746 MB)
@  1429s  (total 10 workers using 11762 MB)
@  1443s  (total 10 workers using 11894 MB)
@  1457s  (total 10 workers using 11934 MB)
@  1470s  (total 10 workers using 11979 MB)
@  1483s  (total 10 workers using 12016 MB)
@  1497s  (total 10 workers using 12061 MB)
@  1510s  (total 10 workers using 12161 MB)
@  1523s  (total 10 workers using 12217 MB)
@  1536s  (total 10 workers using 12275 MB)
@  1550s  (total 10 workers using 12313 MB)
@  1563s  (total 10 workers using 12443 MB)
@  1577s  (total 10 workers using 12545 MB)
@  1590s  (total 10 workers using 12624 MB)
@  1603s  (total 10 workers using 12665 MB)
@  1616s  (total 10 workers using 12750 MB)
@  1630s  (total 10 workers using 12839 MB)
@  1643s  (total 10 workers using 12950 MB)
@  1657s  (total 10 workers using 12986 MB)
@  1670s  (total 10 workers using 13068 MB)
@  1683s  (total 10 workers using 13176 MB)
@  1696s  (total 10 workers using 13242 MB)
@  1710s  (total 10 workers using 13327 MB)
@  1723s  (total 10 workers using 13456 MB)
@  1737s  (total 10 workers using 13499 MB)
@  1749s  (total 10 workers using 13583 MB)
@  1763s  (total 10 workers using 13635 MB)
@  1776s  (total 10 workers using 13683 MB)
@  1790s  (total 10 workers using 13823 MB)
@  1803s  (total 10 workers using 13892 MB)
@  1816s  (total 10 workers using 13999 MB)
@  1829s  (total 10 workers using 14033 MB)
@  1843s  (total 10 workers using 14128 MB)
@  1855s  (total 10 workers using 14230 MB)
@  1869s  (total 10 workers using 14320 MB)
@  1882s  (total 10 workers using 14396 MB)
@  1895s  (total 10 workers using 14418 MB)
@  1907s  (total 10 workers using 14472 MB)
@  1921s  (total 10 workers using 14565 MB)
@  1934s  (total 10 workers using 14603 MB)
@  1948s  (total 10 workers using 14606 MB)
@  1961s  (total 10 workers using 14630 MB)
@  1974s  (total 10 workers using 14653 MB)
@  1987s  (total 10 workers using 14672 MB)
@  2001s  (total 10 workers using 14686 MB)
@  2014s  (total 10 workers using 14806 MB)
@  2028s  (total 10 workers using 14927 MB)
@  2041s  (total 10 workers using 14976 MB)
@  2054s  (total 10 workers using 15022 MB)
@  2066s  (total 10 workers using 15127 MB)
@  2080s  (total 10 workers using 15201 MB)
@  2093s  (total 10 workers using 15260 MB)
@  2107s  (total 10 workers using 15341 MB)
@  2119s  (total 10 workers using 15366 MB)
@  2133s  (total 10 workers using 15536 MB)
@  2145s  (total 10 workers using 15627 MB)
@  2159s  (total 10 workers using 15692 MB)
@  2172s  (total 10 workers using 15761 MB)
@  2186s  (total 10 workers using 15741 MB)
@  2199s  (total 10 workers using 15826 MB)
@  2213s  (total 10 workers using 15955 MB)
@  2225s  (total 10 workers using 16007 MB)
@  2240s  (total 10 workers using 16066 MB)
@  2252s  (total 10 workers using 16112 MB)
@  2266s  (total 10 workers using 16194 MB)
@  2279s  (total 10 workers using 16240 MB)
@  2293s  (total 10 workers using 16299 MB)
@  2306s  (total 10 workers using 16300 MB)
@  2319s  (total 10 workers using 16309 MB)
@  2332s  (total 10 workers using 16371 MB)
@  2346s  (total 10 workers using 16430 MB)
@  2359s  (total 10 workers using 16487 MB)
@  2373s  (total 10 workers using 16558 MB)
@  2386s  (total 10 workers using 16583 MB)
@  2400s  (total 10 workers using 16659 MB)
@  2412s  (total 10 workers using 16684 MB)
@  2426s  (total 10 workers using 16658 MB)
@  2439s  (total 10 workers using 16704 MB)
@  2453s  (total 10 workers using 16710 MB)
@  2466s  (total 10 workers using 16731 MB)
@  2480s  (total 10 workers using 16753 MB)
@  2493s  (total 10 workers using 16791 MB)
@  2507s  (total 10 workers using 16900 MB)
@  2519s  (total 10 workers using 17005 MB)
@  2533s  (total 10 workers using 17056 MB)
@  2546s  (total 10 workers using 17139 MB)
@  2559s  (total 10 workers using 17182 MB)
@  2572s  (total 10 workers using 17278 MB)
@  2586s  (total 10 workers using 17335 MB)
@  2599s  (total 10 workers using 17406 MB)
@  2613s  (total 10 workers using 17501 MB)
@  2626s  (total 10 workers using 17648 MB)
@  2639s  (total 10 workers using 17750 MB)
@  2652s  (total 10 workers using 17818 MB)
@  2666s  (total 10 workers using 17863 MB)
@  2679s  (total 10 workers using 17946 MB)
@  2693s  (total 10 workers using 18040 MB)
@  2706s  (total 10 workers using 18088 MB)
@  2719s  (total 10 workers using 18159 MB)
@  2732s  (total 10 workers using 18229 MB)
@  2746s  (total 10 workers using 18260 MB)
@  2759s  (total 10 workers using 18314 MB)
@  2773s  (total 10 workers using 18379 MB)
@  2785s  (total 10 workers using 18512 MB)
@  2799s  (total 10 workers using 18600 MB)
@  2812s  (total 10 workers using 18687 MB)
@  2826s  (total 10 workers using 18752 MB)
@  2839s  (total 10 workers using 18846 MB)
@  2853s  (total 10 workers using 18938 MB)
@  2866s  (total 10 workers using 19055 MB)
@  2879s  (total 10 workers using 19153 MB)
@  2892s  (total 10 workers using 19266 MB)
@  2907s  (total 10 workers using 19347 MB)
@  2919s  (total 10 workers using 19381 MB)
@  2933s  (total 10 workers using 19450 MB)
@  2946s  (total 10 workers using 19481 MB)
@  2960s  (total 10 workers using 19609 MB)
@  2973s  (total 10 workers using 19557 MB)
@  2986s  (total 10 workers using 19558 MB)
@  2999s  (total 10 workers using 19628 MB)
@  3013s  (total 10 workers using 19652 MB)
@  3026s  (total 10 workers using 19715 MB)
@  3040s  (total 10 workers using 19825 MB)
@  3052s  (total 10 workers using 19841 MB)
@  3066s  (total 10 workers using 19916 MB)
@  3079s  (total 10 workers using 19972 MB)
@  3093s  (total 10 workers using 20016 MB)
@  3106s  (total 10 workers using 20018 MB)
@  3120s  (total 10 workers using 20018 MB)
@  3133s  (total 10 workers using 20018 MB)
@  3147s  (total 10 workers using 20055 MB)
@  3159s  (total 10 workers using 20097 MB)
@  3173s  (total 10 workers using 20097 MB)
@  3186s  (total 10 workers using 20033 MB)
@  3200s  (total 10 workers using 20089 MB)
@  3213s  (total 10 workers using 20027 MB)
@  3227s  (total 10 workers using 20117 MB)
@  3239s  (total 10 workers using 20202 MB)
@  3253s  (total 10 workers using 20188 MB)
@  3266s  (total 10 workers using 20210 MB)
@  3280s  (total 10 workers using 20318 MB)
@  3292s  (total 10 workers using 20378 MB)
@  3306s  (total 10 workers using 20397 MB)
@  3319s  (total 10 workers using 20388 MB)
@  3333s  (total 10 workers using 20399 MB)
@  3346s  (total 10 workers using 20436 MB)
@  3359s  (total 10 workers using 20492 MB)
@  3372s  (total 10 workers using 20597 MB)
@  3386s  (total 10 workers using 20663 MB)
@  3399s  (total 10 workers using 20693 MB)
@  3413s  (total 10 workers using 20753 MB)
@  3426s  (total 10 workers using 20765 MB)
@  3440s  (total 10 workers using 20824 MB)
@  3452s  (total 10 workers using 20861 MB)
@  3466s  (total 10 workers using 20801 MB)
@  3479s  (total 10 workers using 20837 MB)
@  3493s  (total 10 workers using 20838 MB)
@  3505s  (total 10 workers using 20905 MB)
@  3519s  (total 10 workers using 20906 MB)
@  3532s  (total 10 workers using 20906 MB)
@  3546s  (total 10 workers using 20856 MB)
@  3559s  (total 10 workers using 20880 MB)
@  3573s  (stopping all workers)
@  3573s  (total 10 workers using 0 MB)
@  3573s  (worker 0 finished with result unknown) python3 avr.py -a sa
@  3573s  (worker 2 finished with result unknown) python3 avr.py
@  3573s  (worker 4 finished with result unknown) python3 avr.py -b bin_y2 --bmc
@  3573s  (worker 6 finished with result unknown) python3 avr.py -a sa --interpol 1 -f 1
@  3573s  (worker 8 finished with result unknown) python3 avr.py -l 5 -g 3 -a sa8 --interpol 1 -f 1
@  3573s  (worker 1 finished with result unknown) python3 avr.py -b bin_bt_cadical -s --bmc
@  3573s  (worker 5 finished with result unknown) python3 avr.py -b bin_bt_cadical -g 3 -l 0 -a sa32
@  3573s  (worker 10 finished with result unknown) python3 avr.py --bmc
@  3573s  (worker 3 finished with result unknown) python3 avr.py -b bin_y2 -s
@  3573s  (worker 7 finished with result unknown) python3 avr.py -s -l 0
@  3573s  (copied results from worker 0 in /scratch/network/hongcez/hwmcc/avr-log/btor2/bv/mann/data-integrity/unsafe/pr_shift_register_top_w128_d32_e0)
@  3573s  [0;30;47m(proof race finished with answer unknown in 3573.02 seconds)[m
