AVR -- Proof Race 
copyright (c) 2019  Aman Goel and Karem Sakallah, University of Michigan
@     0s  (starting avr proof race)
@     0s  (output dir: /scratch/network/hongcez/hwmcc/avr-log/btor2/bv/mann/data-integrity/unsafe/pr_shift_register_top_w64_d128_e0)
@     0s  (max 11 workers)
@     0s  (started worker 0 with pid 20348)
@     0s  (started worker 1 with pid 20349)
@     0s  (started worker 2 with pid 20350)
@     0s  (started worker 3 with pid 20351)
@     0s  (started worker 4 with pid 20352)
@     0s  (spawned 5 workers)
@     0s  (total 5 workers using 0 MB)
@     1s  (started worker 5 with pid 20468)
@     1s  (spawned 1 workers)
@     1s  (total 6 workers using 405 MB)
@     2s  (started worker 6 with pid 20507)
@     2s  (spawned 1 workers)
@     2s  (total 7 workers using 457 MB)
@     3s  (started worker 7 with pid 20552)
@     3s  (spawned 1 workers)
@     3s  (total 8 workers using 581 MB)
@     5s  (started worker 8 with pid 20599)
@     5s  (spawned 1 workers)
@     5s  (total 9 workers using 848 MB)
@     8s  (started worker 9 with pid 20658)
@     8s  (spawned 1 workers)
@     8s  (total 10 workers using 1018 MB)
@    11s  (started worker 10 with pid 20710)
@    11s  (spawned 1 workers)
@    11s  (total 11 workers using 1243 MB)
@    22s  (total 11 workers using 1828 MB)
@    37s  (total 11 workers using 2241 MB)
@    53s  (total 11 workers using 2497 MB)
@    67s  (total 11 workers using 2757 MB)
@    80s  (total 11 workers using 3017 MB)
@    95s  (total 11 workers using 3382 MB)
@   108s  (total 11 workers using 3633 MB)
@   121s  (total 11 workers using 3807 MB)
@   134s  (total 11 workers using 4042 MB)
@   148s  (total 11 workers using 4155 MB)
@   161s  (total 11 workers using 4313 MB)
@   174s  (total 11 workers using 4619 MB)
@   187s  (total 11 workers using 4658 MB)
@   201s  (total 11 workers using 4926 MB)
@   214s  (total 11 workers using 5090 MB)
@   228s  (total 11 workers using 5176 MB)
@   240s  (total 11 workers using 5638 MB)
@   254s  (total 11 workers using 5781 MB)
@   267s  (total 11 workers using 5851 MB)
@   281s  (total 11 workers using 5923 MB)
@   293s  (total 11 workers using 6076 MB)
@   307s  (total 11 workers using 6424 MB)
@   319s  (total 11 workers using 6544 MB)
@   333s  (total 11 workers using 6875 MB)
@   346s  (total 11 workers using 7164 MB)
@   360s  (total 11 workers using 7318 MB)
@   373s  (total 11 workers using 7488 MB)
@   387s  (total 11 workers using 7542 MB)
@   399s  (total 11 workers using 7757 MB)
@   413s  (total 11 workers using 8175 MB)
@   426s  (total 11 workers using 8462 MB)
@   440s  (total 11 workers using 8548 MB)
@   453s  (total 11 workers using 8606 MB)
@   466s  (total 11 workers using 8735 MB)
@   479s  (total 11 workers using 8783 MB)
@   493s  (total 11 workers using 8928 MB)
@   506s  (total 11 workers using 8980 MB)
@   515s  (worker 6 finished with result unknown) python3 avr.py -a sa --interpol 1 -f 1
@   520s  (total 10 workers using 8177 MB)
@   532s  (total 10 workers using 8343 MB)
@   546s  (total 10 workers using 8374 MB)
@   558s  (total 10 workers using 8429 MB)
@   572s  (total 10 workers using 8606 MB)
@   584s  (total 10 workers using 8660 MB)
@   598s  (total 10 workers using 9045 MB)
@   610s  (total 10 workers using 9255 MB)
@   624s  (total 10 workers using 9306 MB)
@   637s  (total 10 workers using 9383 MB)
@   650s  (total 10 workers using 9804 MB)
@   663s  (total 10 workers using 9848 MB)
@   676s  (total 10 workers using 10022 MB)
@   688s  (total 10 workers using 10042 MB)
@   702s  (total 10 workers using 10102 MB)
@   714s  (total 10 workers using 10140 MB)
@   728s  (total 10 workers using 10291 MB)
@   741s  (total 10 workers using 10398 MB)
@   754s  (total 10 workers using 10551 MB)
@   767s  (total 10 workers using 10654 MB)
@   780s  (total 10 workers using 10951 MB)
@   793s  (total 10 workers using 10985 MB)
@   806s  (total 10 workers using 11027 MB)
@   819s  (total 10 workers using 11243 MB)
@   832s  (total 10 workers using 11811 MB)
@   845s  (total 10 workers using 11750 MB)
@   858s  (total 10 workers using 11763 MB)
@   871s  (total 10 workers using 11816 MB)
@   885s  (total 10 workers using 11826 MB)
@   897s  (total 10 workers using 11887 MB)
@   911s  (total 10 workers using 11892 MB)
@   923s  (total 10 workers using 12029 MB)
@   937s  (total 10 workers using 12140 MB)
@   949s  (total 10 workers using 12160 MB)
@   963s  (total 10 workers using 12383 MB)
@   975s  (total 10 workers using 12913 MB)
@   989s  (total 10 workers using 12933 MB)
@  1001s  (total 10 workers using 12995 MB)
@  1014s  (total 10 workers using 13123 MB)
@  1026s  (total 10 workers using 13205 MB)
@  1040s  (total 10 workers using 13660 MB)
@  1052s  (total 10 workers using 13766 MB)
@  1066s  (total 10 workers using 13928 MB)
@  1079s  (total 10 workers using 14092 MB)
@  1092s  (total 10 workers using 14429 MB)
@  1105s  (total 10 workers using 14440 MB)
@  1118s  (total 10 workers using 14487 MB)
@  1131s  (total 10 workers using 14584 MB)
@  1144s  (total 10 workers using 15239 MB)
@  1157s  (total 10 workers using 15272 MB)
@  1170s  (total 10 workers using 15347 MB)
@  1183s  (total 10 workers using 15528 MB)
@  1196s  (total 10 workers using 15582 MB)
@  1209s  (total 10 workers using 15634 MB)
@  1222s  (total 10 workers using 15697 MB)
@  1235s  (total 10 workers using 15780 MB)
@  1248s  (total 10 workers using 15828 MB)
@  1260s  (total 10 workers using 15901 MB)
@  1273s  (total 10 workers using 15984 MB)
@  1286s  (total 10 workers using 16037 MB)
@  1299s  (total 10 workers using 16068 MB)
@  1312s  (total 10 workers using 16263 MB)
@  1325s  (total 10 workers using 16426 MB)
@  1337s  (total 10 workers using 17107 MB)
@  1350s  (total 10 workers using 17184 MB)
@  1363s  (total 10 workers using 17223 MB)
@  1376s  (total 10 workers using 17274 MB)
@  1388s  (total 10 workers using 17374 MB)
@  1402s  (total 10 workers using 17559 MB)
@  1414s  (total 10 workers using 17773 MB)
@  1428s  (total 10 workers using 17849 MB)
@  1440s  (total 10 workers using 18024 MB)
@  1454s  (total 10 workers using 18078 MB)
@  1466s  (total 10 workers using 18169 MB)
@  1479s  (total 10 workers using 18275 MB)
@  1492s  (total 10 workers using 18318 MB)
@  1505s  (total 10 workers using 18757 MB)
@  1516s  (worker 9 finished with result unknown) python3 avr.py -b bin_y2 -s -a sa4 --interpol 1 -f 1
@  1518s  (total 9 workers using 11741 MB)
@  1531s  (total 9 workers using 11722 MB)
@  1543s  (total 9 workers using 11791 MB)
@  1556s  (total 9 workers using 11860 MB)
@  1568s  (total 9 workers using 11961 MB)
@  1581s  (total 9 workers using 12331 MB)
@  1594s  (total 9 workers using 12471 MB)
@  1607s  (total 9 workers using 12426 MB)
@  1619s  (total 9 workers using 12536 MB)
@  1632s  (total 9 workers using 12570 MB)
@  1644s  (total 9 workers using 12588 MB)
@  1658s  (total 9 workers using 12630 MB)
@  1670s  (total 9 workers using 12784 MB)
@  1683s  (total 9 workers using 12825 MB)
@  1695s  (total 9 workers using 12998 MB)
@  1708s  (total 9 workers using 13159 MB)
@  1720s  (total 9 workers using 13282 MB)
@  1734s  (total 9 workers using 13351 MB)
@  1746s  (total 9 workers using 13380 MB)
@  1759s  (total 9 workers using 13417 MB)
@  1771s  (total 9 workers using 13493 MB)
@  1784s  (total 9 workers using 13876 MB)
@  1797s  (total 9 workers using 13931 MB)
@  1810s  (total 9 workers using 13984 MB)
@  1822s  (total 9 workers using 14033 MB)
@  1835s  (total 9 workers using 14064 MB)
@  1847s  (total 9 workers using 14145 MB)
@  1860s  (total 9 workers using 14168 MB)
@  1873s  (total 9 workers using 14242 MB)
@  1886s  (total 9 workers using 14327 MB)
@  1898s  (total 9 workers using 14385 MB)
@  1911s  (total 9 workers using 14529 MB)
@  1923s  (total 9 workers using 14586 MB)
@  1936s  (total 9 workers using 14644 MB)
@  1948s  (total 9 workers using 15153 MB)
@  1962s  (total 9 workers using 15184 MB)
@  1974s  (total 9 workers using 15230 MB)
@  1987s  (total 9 workers using 15199 MB)
@  1999s  (total 9 workers using 15231 MB)
@  2012s  (total 9 workers using 15195 MB)
@  2025s  (total 9 workers using 15251 MB)
@  2038s  (total 9 workers using 15293 MB)
@  2050s  (total 9 workers using 15439 MB)
@  2063s  (total 9 workers using 15496 MB)
@  2075s  (total 9 workers using 15561 MB)
@  2088s  (total 9 workers using 15663 MB)
@  2100s  (total 9 workers using 15712 MB)
@  2112s  (total 9 workers using 15766 MB)
@  2124s  (total 9 workers using 16050 MB)
@  2137s  (total 9 workers using 16102 MB)
@  2149s  (total 9 workers using 16226 MB)
@  2162s  (total 9 workers using 16361 MB)
@  2174s  (total 9 workers using 16493 MB)
@  2187s  (total 9 workers using 16521 MB)
@  2199s  (total 9 workers using 16554 MB)
@  2211s  (total 9 workers using 16594 MB)
@  2224s  (total 9 workers using 16661 MB)
@  2237s  (total 9 workers using 16735 MB)
@  2249s  (total 9 workers using 16806 MB)
@  2262s  (total 9 workers using 16890 MB)
@  2273s  (total 9 workers using 16811 MB)
@  2286s  (total 9 workers using 16953 MB)
@  2299s  (total 9 workers using 17009 MB)
@  2312s  (total 9 workers using 17116 MB)
@  2324s  (total 9 workers using 17217 MB)
@  2337s  (total 9 workers using 17272 MB)
@  2349s  (total 9 workers using 17375 MB)
@  2362s  (total 9 workers using 17436 MB)
@  2375s  (total 9 workers using 17522 MB)
@  2388s  (total 9 workers using 17583 MB)
@  2400s  (total 9 workers using 17682 MB)
@  2413s  (total 9 workers using 17826 MB)
@  2425s  (total 9 workers using 17912 MB)
@  2438s  (total 9 workers using 17946 MB)
@  2451s  (total 9 workers using 17960 MB)
@  2464s  (total 9 workers using 17969 MB)
@  2476s  (total 9 workers using 17975 MB)
@  2489s  (total 9 workers using 18044 MB)
@  2502s  (total 9 workers using 18100 MB)
@  2515s  (total 9 workers using 18178 MB)
@  2527s  (total 9 workers using 18282 MB)
@  2540s  (total 9 workers using 18267 MB)
@  2552s  (total 9 workers using 18316 MB)
@  2565s  (total 9 workers using 18467 MB)
@  2578s  (total 9 workers using 18505 MB)
@  2591s  (total 9 workers using 18545 MB)
@  2603s  (total 9 workers using 18425 MB)
@  2616s  (total 9 workers using 18542 MB)
@  2628s  (total 9 workers using 18575 MB)
@  2641s  (total 9 workers using 18568 MB)
@  2654s  (total 9 workers using 18580 MB)
@  2667s  (total 9 workers using 18662 MB)
@  2679s  (total 9 workers using 18726 MB)
@  2692s  (total 9 workers using 18810 MB)
@  2704s  (total 9 workers using 18829 MB)
@  2718s  (total 9 workers using 18854 MB)
@  2730s  (total 9 workers using 18885 MB)
@  2743s  (total 9 workers using 18941 MB)
@  2755s  (total 9 workers using 18956 MB)
@  2768s  (total 9 workers using 18969 MB)
@  2781s  (total 9 workers using 19035 MB)
@  2794s  (total 9 workers using 19118 MB)
@  2806s  (total 9 workers using 19151 MB)
@  2819s  (total 9 workers using 19222 MB)
@  2831s  (total 9 workers using 19323 MB)
@  2844s  (total 9 workers using 19325 MB)
@  2856s  (total 9 workers using 19401 MB)
@  2869s  (total 9 workers using 19547 MB)
@  2882s  (total 9 workers using 19639 MB)
@  2895s  (total 9 workers using 19682 MB)
@  2907s  (total 9 workers using 19756 MB)
@  2920s  (total 9 workers using 19817 MB)
@  2932s  (total 9 workers using 19840 MB)
@  2945s  (total 9 workers using 19879 MB)
@  2958s  (total 9 workers using 19920 MB)
@  2971s  (total 9 workers using 20145 MB)
@  2983s  (total 9 workers using 20280 MB)
@  2996s  (total 9 workers using 20405 MB)
@  3008s  (total 9 workers using 20450 MB)
@  3021s  (total 9 workers using 20523 MB)
@  3033s  (total 9 workers using 20587 MB)
@  3046s  (total 9 workers using 20590 MB)
@  3059s  (total 9 workers using 20640 MB)
@  3072s  (total 9 workers using 20662 MB)
@  3084s  (total 9 workers using 20634 MB)
@  3097s  (total 9 workers using 20678 MB)
@  3109s  (total 9 workers using 20708 MB)
@  3122s  (total 9 workers using 20731 MB)
@  3135s  (total 9 workers using 20814 MB)
@  3148s  (total 9 workers using 20856 MB)
@  3160s  (total 9 workers using 20907 MB)
@  3173s  (total 9 workers using 20963 MB)
@  3184s  (total 9 workers using 21000 MB)
@  3197s  (total 9 workers using 21020 MB)
@  3210s  (total 9 workers using 21075 MB)
@  3222s  (total 9 workers using 21062 MB)
@  3234s  (total 9 workers using 21152 MB)
@  3247s  (total 9 workers using 21162 MB)
@  3260s  (total 9 workers using 21234 MB)
@  3273s  (total 9 workers using 21235 MB)
@  3285s  (total 9 workers using 21301 MB)
@  3298s  (total 9 workers using 21263 MB)
@  3310s  (total 9 workers using 21298 MB)
@  3323s  (total 9 workers using 21361 MB)
@  3336s  (total 9 workers using 21430 MB)
@  3349s  (total 9 workers using 21508 MB)
@  3361s  (total 9 workers using 21549 MB)
@  3374s  (total 9 workers using 21617 MB)
@  3386s  (total 9 workers using 21663 MB)
@  3399s  (total 9 workers using 21713 MB)
@  3412s  (total 9 workers using 21760 MB)
@  3425s  (total 9 workers using 21830 MB)
@  3437s  (total 9 workers using 21872 MB)
@  3450s  (total 9 workers using 21912 MB)
@  3462s  (total 9 workers using 21860 MB)
@  3475s  (total 9 workers using 21848 MB)
@  3487s  (total 9 workers using 21897 MB)
@  3500s  (total 9 workers using 21892 MB)
@  3512s  (total 9 workers using 21896 MB)
@  3525s  (total 9 workers using 21937 MB)
@  3537s  (total 9 workers using 21989 MB)
@  3550s  (total 9 workers using 22106 MB)
@  3563s  (total 9 workers using 22118 MB)
@  3575s  (stopping all workers)
@  3575s  (total 9 workers using 0 MB)
@  3575s  (worker 0 finished with result unknown) python3 avr.py -a sa
@  3575s  (worker 2 finished with result unknown) python3 avr.py
@  3575s  (worker 4 finished with result unknown) python3 avr.py -b bin_y2 --bmc
@  3575s  (worker 7 finished with result unknown) python3 avr.py -s -l 0
@  3575s  (worker 10 finished with result unknown) python3 avr.py --bmc
@  3575s  (worker 1 finished with result unknown) python3 avr.py -b bin_bt_cadical -s --bmc
@  3575s  (worker 5 finished with result unknown) python3 avr.py -b bin_bt_cadical -g 3 -l 0 -a sa32
@  3576s  (worker 3 finished with result unknown) python3 avr.py -b bin_y2 -s
@  3576s  (worker 8 finished with result unknown) python3 avr.py -l 5 -g 3 -a sa8 --interpol 1 -f 1
@  3576s  (copied results from worker 0 in /scratch/network/hongcez/hwmcc/avr-log/btor2/bv/mann/data-integrity/unsafe/pr_shift_register_top_w64_d128_e0)
@  3576s  [0;30;47m(proof race finished with answer unknown in 3575.77 seconds)[m
