AVR -- Proof Race 
copyright (c) 2019  Aman Goel and Karem Sakallah, University of Michigan
@     0s  (starting avr proof race)
@     0s  (output dir: /scratch/network/hongcez/hwmcc/avr-log/btor2/bv/mann/data-integrity/unsafe/pr_shift_register_top_w64_d32_e0)
@     0s  (max 11 workers)
@     0s  (started worker 0 with pid 14988)
@     0s  (started worker 1 with pid 14989)
@     0s  (started worker 2 with pid 14990)
@     0s  (started worker 3 with pid 14991)
@     0s  (started worker 4 with pid 14992)
@     0s  (spawned 5 workers)
@     0s  (total 5 workers using 0 MB)
@     1s  (started worker 5 with pid 15109)
@     1s  (spawned 1 workers)
@     1s  (total 6 workers using 130 MB)
@     2s  (started worker 6 with pid 15148)
@     2s  (spawned 1 workers)
@     2s  (total 7 workers using 197 MB)
@     3s  (started worker 7 with pid 15192)
@     3s  (spawned 1 workers)
@     3s  (total 8 workers using 315 MB)
@     5s  (started worker 8 with pid 15239)
@     5s  (spawned 1 workers)
@     5s  (total 9 workers using 421 MB)
@    10s  (started worker 9 with pid 15299)
@    10s  (spawned 1 workers)
@    10s  (total 10 workers using 560 MB)
@    13s  (started worker 10 with pid 15350)
@    13s  (spawned 1 workers)
@    13s  (total 11 workers using 687 MB)
@    26s  (total 11 workers using 1075 MB)
@    42s  (total 11 workers using 1460 MB)
@    59s  (total 11 workers using 1675 MB)
@    74s  (total 11 workers using 1921 MB)
@    88s  (total 11 workers using 2158 MB)
@   104s  (total 11 workers using 2341 MB)
@   117s  (total 11 workers using 2541 MB)
@   131s  (total 11 workers using 2747 MB)
@   145s  (total 11 workers using 2893 MB)
@   159s  (total 11 workers using 3162 MB)
@   173s  (total 11 workers using 3273 MB)
@   188s  (total 11 workers using 3413 MB)
@   201s  (total 11 workers using 3579 MB)
@   216s  (total 11 workers using 3894 MB)
@   229s  (total 11 workers using 4039 MB)
@   244s  (total 11 workers using 4166 MB)
@   257s  (total 11 workers using 4271 MB)
@   272s  (total 11 workers using 4469 MB)
@   285s  (total 11 workers using 4524 MB)
@   300s  (total 11 workers using 4783 MB)
@   314s  (total 11 workers using 4883 MB)
@   329s  (total 11 workers using 4954 MB)
@   342s  (total 11 workers using 5042 MB)
@   357s  (total 11 workers using 5133 MB)
@   371s  (total 11 workers using 5415 MB)
@   386s  (total 11 workers using 5500 MB)
@   399s  (total 11 workers using 5656 MB)
@   414s  (total 11 workers using 5780 MB)
@   428s  (total 11 workers using 6074 MB)
@   443s  (total 11 workers using 6134 MB)
@   457s  (total 11 workers using 6190 MB)
@   472s  (total 11 workers using 6285 MB)
@   485s  (total 11 workers using 6439 MB)
@   501s  (total 11 workers using 6636 MB)
@   515s  (total 11 workers using 6705 MB)
@   530s  (total 11 workers using 6745 MB)
@   543s  (total 11 workers using 6904 MB)
@   559s  (total 11 workers using 6943 MB)
@   572s  (total 11 workers using 7065 MB)
@   587s  (total 11 workers using 7131 MB)
@   601s  (total 11 workers using 7430 MB)
@   616s  (total 11 workers using 7569 MB)
@   629s  (total 11 workers using 7600 MB)
@   644s  (total 11 workers using 7689 MB)
@   658s  (total 11 workers using 7774 MB)
@   673s  (total 11 workers using 7808 MB)
@   687s  (total 11 workers using 7854 MB)
@   701s  (total 11 workers using 7887 MB)
@   715s  (total 11 workers using 7908 MB)
@   730s  (total 11 workers using 7971 MB)
@   744s  (total 11 workers using 8028 MB)
@   758s  (total 11 workers using 8068 MB)
@   772s  (total 11 workers using 8102 MB)
@   787s  (total 11 workers using 8119 MB)
@   801s  (total 11 workers using 8254 MB)
@   816s  (total 11 workers using 8346 MB)
@   830s  (total 11 workers using 8415 MB)
@   845s  (total 11 workers using 8536 MB)
@   859s  (total 11 workers using 8660 MB)
@   874s  (total 11 workers using 8969 MB)
@   888s  (total 11 workers using 8998 MB)
@   903s  (total 11 workers using 9079 MB)
@   916s  (total 11 workers using 9126 MB)
@   931s  (total 11 workers using 9206 MB)
@   945s  (total 11 workers using 9253 MB)
@   960s  (total 11 workers using 9267 MB)
@   974s  (total 11 workers using 9309 MB)
@   989s  (total 11 workers using 9583 MB)
@  1002s  (total 11 workers using 9711 MB)
@  1017s  (total 11 workers using 9800 MB)
@  1031s  (total 11 workers using 9809 MB)
@  1046s  (total 11 workers using 9899 MB)
@  1060s  (total 11 workers using 9941 MB)
@  1075s  (total 11 workers using 9965 MB)
@  1088s  (total 11 workers using 10005 MB)
@  1104s  (total 11 workers using 10098 MB)
@  1117s  (total 11 workers using 10143 MB)
@  1132s  (total 11 workers using 10195 MB)
@  1146s  (total 11 workers using 10295 MB)
@  1161s  (total 11 workers using 10412 MB)
@  1174s  (total 11 workers using 10559 MB)
@  1190s  (total 11 workers using 10609 MB)
@  1203s  (total 11 workers using 10643 MB)
@  1218s  (total 11 workers using 10705 MB)
@  1232s  (total 11 workers using 10796 MB)
@  1247s  (total 11 workers using 10821 MB)
@  1261s  (total 11 workers using 11139 MB)
@  1276s  (total 11 workers using 11260 MB)
@  1289s  (total 11 workers using 11285 MB)
@  1304s  (total 11 workers using 11575 MB)
@  1318s  (total 11 workers using 11660 MB)
@  1333s  (total 11 workers using 11704 MB)
@  1347s  (total 11 workers using 11780 MB)
@  1362s  (total 11 workers using 11830 MB)
@  1376s  (total 11 workers using 11893 MB)
@  1391s  (total 11 workers using 11936 MB)
@  1404s  (total 11 workers using 12015 MB)
@  1419s  (total 11 workers using 12038 MB)
@  1433s  (total 11 workers using 12083 MB)
@  1448s  (total 11 workers using 12195 MB)
@  1461s  (total 11 workers using 12242 MB)
@  1476s  (total 11 workers using 12360 MB)
@  1490s  (total 11 workers using 12364 MB)
@  1505s  (total 11 workers using 12380 MB)
@  1518s  (total 11 workers using 12407 MB)
@  1533s  (total 11 workers using 12498 MB)
@  1547s  (total 11 workers using 12527 MB)
@  1562s  (total 11 workers using 12507 MB)
@  1576s  (total 11 workers using 12556 MB)
@  1591s  (total 11 workers using 12611 MB)
@  1604s  (total 11 workers using 12668 MB)
@  1620s  (total 11 workers using 12744 MB)
@  1633s  (total 11 workers using 12791 MB)
@  1648s  (total 11 workers using 12847 MB)
@  1662s  (total 11 workers using 12951 MB)
@  1677s  (total 11 workers using 13010 MB)
@  1691s  (total 11 workers using 13110 MB)
@  1706s  (total 11 workers using 13246 MB)
@  1719s  (total 11 workers using 13310 MB)
@  1735s  (total 11 workers using 13397 MB)
@  1748s  (total 11 workers using 13442 MB)
@  1763s  (total 11 workers using 13522 MB)
@  1777s  (total 11 workers using 13634 MB)
@  1792s  (total 11 workers using 13711 MB)
@  1806s  (total 11 workers using 13775 MB)
@  1821s  (total 11 workers using 13872 MB)
@  1835s  (total 11 workers using 13952 MB)
@  1850s  (total 11 workers using 14108 MB)
@  1864s  (total 11 workers using 14297 MB)
@  1878s  (total 11 workers using 14337 MB)
@  1892s  (total 11 workers using 14485 MB)
@  1907s  (total 11 workers using 14532 MB)
@  1921s  (total 11 workers using 14580 MB)
@  1936s  (total 11 workers using 14673 MB)
@  1949s  (total 11 workers using 14708 MB)
@  1964s  (total 11 workers using 14816 MB)
@  1978s  (total 11 workers using 14885 MB)
@  1993s  (total 11 workers using 14953 MB)
@  2007s  (total 11 workers using 14991 MB)
@  2022s  (total 11 workers using 15122 MB)
@  2035s  (total 11 workers using 15424 MB)
@  2051s  (total 11 workers using 15676 MB)
@  2064s  (total 11 workers using 15756 MB)
@  2079s  (total 11 workers using 15816 MB)
@  2093s  (total 11 workers using 15900 MB)
@  2108s  (total 11 workers using 15975 MB)
@  2121s  (total 11 workers using 16081 MB)
@  2136s  (total 11 workers using 16162 MB)
@  2150s  (total 11 workers using 16178 MB)
@  2165s  (total 11 workers using 16240 MB)
@  2178s  (total 11 workers using 16300 MB)
@  2193s  (total 11 workers using 16390 MB)
@  2207s  (total 11 workers using 16448 MB)
@  2221s  (total 11 workers using 16507 MB)
@  2235s  (total 11 workers using 16617 MB)
@  2250s  (total 11 workers using 16662 MB)
@  2264s  (total 11 workers using 16708 MB)
@  2278s  (total 11 workers using 16788 MB)
@  2292s  (total 11 workers using 16865 MB)
@  2307s  (total 11 workers using 17106 MB)
@  2321s  (total 11 workers using 17122 MB)
@  2336s  (total 11 workers using 17158 MB)
@  2349s  (total 11 workers using 17181 MB)
@  2365s  (total 11 workers using 17247 MB)
@  2378s  (total 11 workers using 17293 MB)
@  2393s  (total 11 workers using 17380 MB)
@  2407s  (total 11 workers using 17439 MB)
@  2422s  (total 11 workers using 17843 MB)
@  2428s  (worker 9 finished with result unknown) python3 avr.py -b bin_y2 -s -a sa4 --interpol 1 -f 1
@  2435s  (total 10 workers using 11923 MB)
@  2449s  (total 10 workers using 11936 MB)
@  2463s  (total 10 workers using 11975 MB)
@  2477s  (total 10 workers using 12012 MB)
@  2491s  (total 10 workers using 12088 MB)
@  2505s  (total 10 workers using 12120 MB)
@  2519s  (total 10 workers using 12144 MB)
@  2533s  (total 10 workers using 12182 MB)
@  2546s  (total 10 workers using 12246 MB)
@  2561s  (total 10 workers using 12274 MB)
@  2574s  (total 10 workers using 12296 MB)
@  2589s  (total 10 workers using 12412 MB)
@  2603s  (total 10 workers using 12445 MB)
@  2617s  (total 10 workers using 12461 MB)
@  2630s  (total 10 workers using 12512 MB)
@  2645s  (total 10 workers using 12530 MB)
@  2658s  (total 10 workers using 12564 MB)
@  2673s  (total 10 workers using 12597 MB)
@  2686s  (total 10 workers using 12609 MB)
@  2701s  (total 10 workers using 12611 MB)
@  2714s  (total 10 workers using 12669 MB)
@  2729s  (total 10 workers using 12698 MB)
@  2742s  (total 10 workers using 12728 MB)
@  2757s  (total 10 workers using 12748 MB)
@  2770s  (total 10 workers using 12863 MB)
@  2785s  (total 10 workers using 12926 MB)
@  2798s  (total 10 workers using 12986 MB)
@  2813s  (total 10 workers using 12983 MB)
@  2826s  (total 10 workers using 13034 MB)
@  2841s  (total 10 workers using 13128 MB)
@  2854s  (total 10 workers using 13191 MB)
@  2869s  (total 10 workers using 13161 MB)
@  2882s  (total 10 workers using 13217 MB)
@  2896s  (total 10 workers using 13266 MB)
@  2910s  (total 10 workers using 13315 MB)
@  2925s  (total 10 workers using 13393 MB)
@  2938s  (total 10 workers using 13503 MB)
@  2952s  (total 10 workers using 13578 MB)
@  2966s  (total 10 workers using 13600 MB)
@  2981s  (total 10 workers using 13659 MB)
@  2994s  (total 10 workers using 13709 MB)
@  3009s  (total 10 workers using 13740 MB)
@  3022s  (total 10 workers using 13814 MB)
@  3037s  (total 10 workers using 13838 MB)
@  3050s  (total 10 workers using 13849 MB)
@  3065s  (total 10 workers using 13854 MB)
@  3078s  (total 10 workers using 13854 MB)
@  3092s  (total 10 workers using 13881 MB)
@  3106s  (total 10 workers using 13895 MB)
@  3120s  (total 10 workers using 13891 MB)
@  3133s  (total 10 workers using 13895 MB)
@  3147s  (total 10 workers using 13891 MB)
@  3160s  (total 10 workers using 13941 MB)
@  3174s  (total 10 workers using 13955 MB)
@  3187s  (total 10 workers using 13985 MB)
@  3201s  (total 10 workers using 14007 MB)
@  3215s  (total 10 workers using 14021 MB)
@  3229s  (total 10 workers using 14035 MB)
@  3242s  (total 10 workers using 14040 MB)
@  3255s  (total 10 workers using 14051 MB)
@  3268s  (total 10 workers using 13984 MB)
@  3283s  (total 10 workers using 14020 MB)
@  3296s  (total 10 workers using 14039 MB)
@  3310s  (total 10 workers using 14111 MB)
@  3323s  (total 10 workers using 14111 MB)
@  3337s  (total 10 workers using 14123 MB)
@  3350s  (total 10 workers using 14146 MB)
@  3364s  (total 10 workers using 14169 MB)
@  3377s  (total 10 workers using 14206 MB)
@  3391s  (total 10 workers using 14199 MB)
@  3404s  (total 10 workers using 14227 MB)
@  3419s  (total 10 workers using 14221 MB)
@  3432s  (total 10 workers using 14250 MB)
@  3446s  (total 10 workers using 14285 MB)
@  3459s  (total 10 workers using 14279 MB)
@  3473s  (total 10 workers using 14203 MB)
@  3487s  (total 10 workers using 14311 MB)
@  3501s  (total 10 workers using 14344 MB)
@  3514s  (total 10 workers using 14374 MB)
@  3529s  (total 10 workers using 14445 MB)
@  3542s  (total 10 workers using 14448 MB)
@  3555s  (total 10 workers using 14450 MB)
@  3569s  (total 10 workers using 14457 MB)
@  3577s  (stopping all workers)
@  3577s  (worker 0 finished with result unknown) python3 avr.py -a sa
@  3577s  (worker 2 finished with result unknown) python3 avr.py
@  3577s  (worker 4 finished with result unknown) python3 avr.py -b bin_y2 --bmc
@  3577s  (worker 6 finished with result unknown) python3 avr.py -a sa --interpol 1 -f 1
@  3577s  (worker 8 finished with result unknown) python3 avr.py -l 5 -g 3 -a sa8 --interpol 1 -f 1
@  3577s  (worker 1 finished with result unknown) python3 avr.py -b bin_bt_cadical -s --bmc
@  3577s  (worker 5 finished with result unknown) python3 avr.py -b bin_bt_cadical -g 3 -l 0 -a sa32
@  3577s  (worker 10 finished with result unknown) python3 avr.py --bmc
@  3577s  (worker 3 finished with result unknown) python3 avr.py -b bin_y2 -s
@  3577s  (worker 7 finished with result unknown) python3 avr.py -s -l 0
@  3577s  (copied results from worker 0 in /scratch/network/hongcez/hwmcc/avr-log/btor2/bv/mann/data-integrity/unsafe/pr_shift_register_top_w64_d32_e0)
@  3577s  [0;30;47m(proof race finished with answer unknown in 3577.21 seconds)[m
