AVR -- Proof Race 
copyright (c) 2019  Aman Goel and Karem Sakallah, University of Michigan
@     0s  (starting avr proof race)
@     0s  (output dir: /scratch/network/hongcez/hwmcc/avr-log/btor2/bv/mann/data-integrity/unsafe/pr_shift_register_top_w32_d128_e0)
@     0s  (max 11 workers)
@     0s  (started worker 0 with pid 162977)
@     0s  (started worker 1 with pid 162978)
@     0s  (started worker 2 with pid 162979)
@     0s  (started worker 3 with pid 162980)
@     0s  (started worker 4 with pid 162981)
@     0s  (spawned 5 workers)
@     0s  (total 5 workers using 0 MB)
@     1s  (started worker 5 with pid 163096)
@     1s  (spawned 1 workers)
@     1s  (total 6 workers using 259 MB)
@     2s  (started worker 6 with pid 163146)
@     2s  (spawned 1 workers)
@     2s  (total 7 workers using 335 MB)
@     3s  (started worker 7 with pid 163190)
@     3s  (spawned 1 workers)
@     3s  (total 8 workers using 439 MB)
@     5s  (started worker 8 with pid 163248)
@     5s  (spawned 1 workers)
@     5s  (total 9 workers using 665 MB)
@     9s  (started worker 9 with pid 163319)
@     9s  (spawned 1 workers)
@     9s  (total 10 workers using 826 MB)
@    12s  (started worker 10 with pid 163403)
@    12s  (spawned 1 workers)
@    12s  (total 11 workers using 1074 MB)
@    25s  (total 11 workers using 1626 MB)
@    41s  (total 11 workers using 2014 MB)
@    58s  (total 11 workers using 2258 MB)
@    72s  (total 11 workers using 2582 MB)
@    86s  (total 11 workers using 2748 MB)
@   101s  (total 11 workers using 2955 MB)
@   115s  (total 11 workers using 3168 MB)
@   129s  (total 11 workers using 3403 MB)
@   142s  (total 11 workers using 3620 MB)
@   156s  (total 11 workers using 3857 MB)
@   170s  (total 11 workers using 4110 MB)
@   184s  (total 11 workers using 4426 MB)
@   197s  (total 11 workers using 4507 MB)
@   211s  (total 11 workers using 4803 MB)
@   224s  (total 11 workers using 5070 MB)
@   239s  (total 11 workers using 5292 MB)
@   252s  (total 11 workers using 5490 MB)
@   266s  (total 11 workers using 5650 MB)
@   279s  (total 11 workers using 5762 MB)
@   294s  (total 11 workers using 6104 MB)
@   307s  (total 11 workers using 6306 MB)
@   322s  (total 11 workers using 6444 MB)
@   335s  (total 11 workers using 6562 MB)
@   349s  (total 11 workers using 6567 MB)
@   363s  (total 11 workers using 6786 MB)
@   377s  (total 11 workers using 7204 MB)
@   390s  (total 11 workers using 7252 MB)
@   405s  (total 11 workers using 7407 MB)
@   418s  (total 11 workers using 7451 MB)
@   432s  (total 11 workers using 7688 MB)
@   446s  (total 11 workers using 7803 MB)
@   460s  (total 11 workers using 7892 MB)
@   473s  (total 11 workers using 7963 MB)
@   487s  (total 11 workers using 7945 MB)
@   501s  (total 11 workers using 8331 MB)
@   515s  (total 11 workers using 8435 MB)
@   528s  (total 11 workers using 8675 MB)
@   543s  (total 11 workers using 8726 MB)
@   556s  (total 11 workers using 8871 MB)
@   570s  (total 11 workers using 8962 MB)
@   584s  (total 11 workers using 8991 MB)
@   598s  (total 11 workers using 9134 MB)
@   611s  (total 11 workers using 9132 MB)
@   626s  (total 11 workers using 9645 MB)
@   639s  (total 11 workers using 9819 MB)
@   654s  (total 11 workers using 9947 MB)
@   667s  (total 11 workers using 10079 MB)
@   681s  (total 11 workers using 10110 MB)
@   695s  (total 11 workers using 10160 MB)
@   709s  (total 11 workers using 10198 MB)
@   723s  (total 11 workers using 10237 MB)
@   737s  (total 11 workers using 10203 MB)
@   751s  (total 11 workers using 10287 MB)
@   765s  (total 11 workers using 10692 MB)
@   778s  (total 11 workers using 11010 MB)
@   793s  (total 11 workers using 11141 MB)
@   806s  (total 11 workers using 11171 MB)
@   821s  (total 11 workers using 11262 MB)
@   834s  (total 11 workers using 11280 MB)
@   848s  (total 11 workers using 11464 MB)
@   862s  (total 11 workers using 11526 MB)
@   876s  (total 11 workers using 11796 MB)
@   889s  (total 11 workers using 12147 MB)
@   903s  (total 11 workers using 12192 MB)
@   917s  (total 11 workers using 12341 MB)
@   931s  (total 11 workers using 12500 MB)
@   945s  (total 11 workers using 12499 MB)
@   959s  (total 11 workers using 12512 MB)
@   972s  (total 11 workers using 12540 MB)
@   987s  (total 11 workers using 12603 MB)
@  1000s  (total 11 workers using 12688 MB)
@  1014s  (total 11 workers using 12739 MB)
@  1028s  (total 11 workers using 12890 MB)
@  1042s  (total 11 workers using 12939 MB)
@  1055s  (total 11 workers using 13615 MB)
@  1070s  (total 11 workers using 13887 MB)
@  1083s  (total 11 workers using 13888 MB)
@  1097s  (total 11 workers using 13869 MB)
@  1111s  (total 11 workers using 13904 MB)
@  1125s  (total 11 workers using 13940 MB)
@  1138s  (total 11 workers using 13989 MB)
@  1153s  (total 11 workers using 14132 MB)
@  1166s  (total 11 workers using 14159 MB)
@  1181s  (total 11 workers using 14215 MB)
@  1194s  (total 11 workers using 14288 MB)
@  1208s  (total 11 workers using 14365 MB)
@  1221s  (total 11 workers using 14730 MB)
@  1236s  (total 11 workers using 14996 MB)
@  1249s  (total 11 workers using 15024 MB)
@  1264s  (total 11 workers using 15225 MB)
@  1277s  (total 11 workers using 15359 MB)
@  1291s  (total 11 workers using 15399 MB)
@  1304s  (total 11 workers using 15442 MB)
@  1319s  (total 11 workers using 15450 MB)
@  1332s  (total 11 workers using 15480 MB)
@  1346s  (total 11 workers using 15532 MB)
@  1360s  (total 11 workers using 15603 MB)
@  1374s  (total 11 workers using 15659 MB)
@  1388s  (total 11 workers using 15811 MB)
@  1402s  (total 11 workers using 15860 MB)
@  1415s  (total 11 workers using 15922 MB)
@  1430s  (total 11 workers using 15951 MB)
@  1443s  (total 11 workers using 16019 MB)
@  1457s  (total 11 workers using 16137 MB)
@  1471s  (total 11 workers using 16338 MB)
@  1485s  (total 11 workers using 16448 MB)
@  1498s  (total 11 workers using 16457 MB)
@  1513s  (total 11 workers using 16526 MB)
@  1526s  (total 11 workers using 16754 MB)
@  1541s  (total 11 workers using 16768 MB)
@  1554s  (total 11 workers using 16774 MB)
@  1568s  (total 11 workers using 16780 MB)
@  1582s  (total 11 workers using 16764 MB)
@  1596s  (total 11 workers using 16787 MB)
@  1609s  (total 11 workers using 16885 MB)
@  1624s  (total 11 workers using 16994 MB)
@  1637s  (total 11 workers using 16998 MB)
@  1651s  (total 11 workers using 17066 MB)
@  1665s  (total 11 workers using 17184 MB)
@  1679s  (total 11 workers using 17248 MB)
@  1692s  (total 11 workers using 17402 MB)
@  1706s  (total 11 workers using 17425 MB)
@  1720s  (total 11 workers using 17508 MB)
@  1734s  (total 11 workers using 18485 MB)
@  1747s  (total 11 workers using 18538 MB)
@  1762s  (total 11 workers using 18595 MB)
@  1775s  (total 11 workers using 18625 MB)
@  1789s  (total 11 workers using 18705 MB)
@  1803s  (total 11 workers using 18711 MB)
@  1817s  (total 11 workers using 18759 MB)
@  1830s  (total 11 workers using 18787 MB)
@  1845s  (total 11 workers using 18845 MB)
@  1858s  (total 11 workers using 18955 MB)
@  1873s  (total 11 workers using 19243 MB)
@  1886s  (total 11 workers using 19269 MB)
@  1900s  (total 11 workers using 19320 MB)
@  1913s  (total 11 workers using 19427 MB)
@  1928s  (total 11 workers using 19535 MB)
@  1941s  (total 11 workers using 19711 MB)
@  1955s  (total 11 workers using 19824 MB)
@  1969s  (total 11 workers using 19905 MB)
@  1983s  (total 11 workers using 20179 MB)
@  1996s  (total 11 workers using 20184 MB)
@  2011s  (total 11 workers using 20240 MB)
@  2024s  (total 11 workers using 20302 MB)
@  2038s  (total 11 workers using 20372 MB)
@  2052s  (total 11 workers using 20500 MB)
@  2066s  (total 11 workers using 20635 MB)
@  2079s  (total 11 workers using 20814 MB)
@  2094s  (total 11 workers using 20868 MB)
@  2107s  (total 11 workers using 20993 MB)
@  2121s  (total 11 workers using 21201 MB)
@  2135s  (total 11 workers using 21347 MB)
@  2149s  (total 11 workers using 21390 MB)
@  2162s  (total 11 workers using 21868 MB)
@  2177s  (total 11 workers using 21847 MB)
@  2190s  (total 11 workers using 21944 MB)
@  2204s  (total 11 workers using 22017 MB)
@  2218s  (total 11 workers using 22013 MB)
@  2232s  (total 11 workers using 22058 MB)
@  2245s  (total 11 workers using 22105 MB)
@  2260s  (total 11 workers using 22125 MB)
@  2273s  (total 11 workers using 22227 MB)
@  2287s  (total 11 workers using 22317 MB)
@  2301s  (total 11 workers using 22450 MB)
@  2315s  (total 11 workers using 22488 MB)
@  2328s  (total 11 workers using 22569 MB)
@  2343s  (total 11 workers using 22631 MB)
@  2356s  (total 11 workers using 22692 MB)
@  2370s  (total 11 workers using 22739 MB)
@  2383s  (total 11 workers using 22768 MB)
@  2398s  (total 11 workers using 22916 MB)
@  2411s  (total 11 workers using 22996 MB)
@  2425s  (total 11 workers using 23304 MB)
@  2439s  (total 11 workers using 23450 MB)
@  2453s  (total 11 workers using 23515 MB)
@  2466s  (total 11 workers using 23619 MB)
@  2481s  (total 11 workers using 23635 MB)
@  2494s  (total 11 workers using 23658 MB)
@  2508s  (total 11 workers using 23730 MB)
@  2522s  (total 11 workers using 23740 MB)
@  2536s  (total 11 workers using 23845 MB)
@  2549s  (total 11 workers using 23882 MB)
@  2564s  (total 11 workers using 23878 MB)
@  2577s  (total 11 workers using 23853 MB)
@  2591s  (total 11 workers using 23912 MB)
@  2604s  (total 11 workers using 23964 MB)
@  2619s  (total 11 workers using 24120 MB)
@  2632s  (total 11 workers using 24231 MB)
@  2646s  (total 11 workers using 24322 MB)
@  2660s  (total 11 workers using 24389 MB)
@  2674s  (total 11 workers using 24500 MB)
@  2687s  (total 11 workers using 24670 MB)
@  2702s  (total 11 workers using 24997 MB)
@  2715s  (total 11 workers using 25018 MB)
@  2729s  (total 11 workers using 25002 MB)
@  2743s  (total 11 workers using 25008 MB)
@  2757s  (total 11 workers using 25090 MB)
@  2770s  (total 11 workers using 25105 MB)
@  2784s  (total 11 workers using 25218 MB)
@  2798s  (total 11 workers using 25316 MB)
@  2812s  (total 11 workers using 25403 MB)
@  2825s  (total 11 workers using 25456 MB)
@  2840s  (total 11 workers using 25497 MB)
@  2853s  (total 11 workers using 25564 MB)
@  2867s  (total 11 workers using 25629 MB)
@  2881s  (total 11 workers using 25697 MB)
@  2895s  (total 11 workers using 25693 MB)
@  2909s  (total 11 workers using 25754 MB)
@  2923s  (total 11 workers using 25876 MB)
@  2936s  (total 11 workers using 25955 MB)
@  2950s  (total 11 workers using 26338 MB)
@  2964s  (total 11 workers using 26535 MB)
@  2978s  (total 11 workers using 26577 MB)
@  2991s  (total 11 workers using 26613 MB)
@  3006s  (total 11 workers using 26614 MB)
@  3019s  (total 11 workers using 26648 MB)
@  3033s  (total 11 workers using 26655 MB)
@  3046s  (total 11 workers using 26660 MB)
@  3061s  (total 11 workers using 27101 MB)
@  3074s  (total 11 workers using 27135 MB)
@  3089s  (total 11 workers using 27156 MB)
@  3102s  (total 11 workers using 27175 MB)
@  3116s  (total 11 workers using 27117 MB)
@  3130s  (total 11 workers using 27181 MB)
@  3144s  (total 11 workers using 27225 MB)
@  3157s  (total 11 workers using 27267 MB)
@  3172s  (total 11 workers using 27401 MB)
@  3185s  (total 11 workers using 27524 MB)
@  3199s  (total 11 workers using 27508 MB)
@  3213s  (total 11 workers using 27533 MB)
@  3227s  (total 11 workers using 27716 MB)
@  3240s  (total 11 workers using 27748 MB)
@  3255s  (total 11 workers using 27777 MB)
@  3268s  (total 11 workers using 27790 MB)
@  3282s  (total 11 workers using 27774 MB)
@  3296s  (total 11 workers using 27774 MB)
@  3310s  (total 11 workers using 27824 MB)
@  3323s  (total 11 workers using 27874 MB)
@  3338s  (total 11 workers using 27970 MB)
@  3351s  (total 11 workers using 28007 MB)
@  3365s  (total 11 workers using 28101 MB)
@  3379s  (total 11 workers using 28135 MB)
@  3393s  (total 11 workers using 28280 MB)
@  3406s  (total 11 workers using 28318 MB)
@  3421s  (total 11 workers using 28459 MB)
@  3434s  (total 11 workers using 28484 MB)
@  3449s  (total 11 workers using 29122 MB)
@  3462s  (total 11 workers using 29115 MB)
@  3476s  (total 11 workers using 29142 MB)
@  3489s  (total 11 workers using 29403 MB)
@  3504s  (total 11 workers using 29413 MB)
@  3517s  (total 11 workers using 29347 MB)
@  3532s  (total 11 workers using 29373 MB)
@  3545s  (total 11 workers using 29399 MB)
@  3559s  (total 11 workers using 29422 MB)
@  3573s  (total 11 workers using 29422 MB)
@  3576s  (stopping all workers)
@  3576s  (worker 0 finished with result unknown) python3 avr.py -a sa
@  3576s  (worker 2 finished with result unknown) python3 avr.py
@  3576s  (worker 4 finished with result unknown) python3 avr.py -b bin_y2 --bmc
@  3576s  (worker 6 finished with result unknown) python3 avr.py -a sa --interpol 1 -f 1
@  3576s  (worker 8 finished with result unknown) python3 avr.py -l 5 -g 3 -a sa8 --interpol 1 -f 1
@  3576s  (worker 10 finished with result unknown) python3 avr.py --bmc
@  3576s  (worker 1 finished with result unknown) python3 avr.py -b bin_bt_cadical -s --bmc
@  3576s  (worker 5 finished with result unknown) python3 avr.py -b bin_bt_cadical -g 3 -l 0 -a sa32
@  3576s  (worker 9 finished with result unknown) python3 avr.py -b bin_y2 -s -a sa4 --interpol 1 -f 1
@  3576s  (worker 3 finished with result unknown) python3 avr.py -b bin_y2 -s
@  3576s  (worker 7 finished with result unknown) python3 avr.py -s -l 0
@  3576s  (copied results from worker 0 in /scratch/network/hongcez/hwmcc/avr-log/btor2/bv/mann/data-integrity/unsafe/pr_shift_register_top_w32_d128_e0)
@  3576s  [0;30;47m(proof race finished with answer unknown in 3576.37 seconds)[m
