sat
b0
#0
0 0 i_rx_phy.rx_valid@0
1 0 i_rx_phy.rx_active@0
2 000 i_rx_phy.bit_cnt@0
3 0 i_rx_phy.rxdp_s1r@0
4 0 i_rx_phy.rxdp_s1@0
5 0 i_rx_phy.rxdn_s1r@0
6 0 i_rx_phy.rxdn_s1@0
7 01 i_rx_phy.dpll_state@0
8 000 i_rx_phy.one_cnt@0
9 0 i_rx_phy.fs_ce@0
10 0 i_rx_phy.fs_ce_d@0
11 0 i_rx_phy.fs_ce_r1@0
12 0 i_rx_phy.fs_ce_r2@0
13 0 i_rx_phy.fs_ce_r3@0
14 000 i_rx_phy.fs_state@0
15 0 i_rx_phy.rxdp_s@0
16 0 i_rx_phy.rxdn_s@0
17 0 usb_rst@0
18 0 i_rx_phy.rx_en@0
19 0 i_rx_phy.rx_valid1@0
20 0 i_rx_phy.rx_valid_r@0
21 0 i_rx_phy.rxd_s@0
22 0 i_rx_phy.rxd_s1@0
23 0 i_rx_phy.rxd_t1@0
24 0 i_rx_phy.rxdn_t1@0
25 0 i_rx_phy.rxdp_t1@0
26 0 i_rx_phy.sd_nrzi@0
27 0 i_rx_phy.sd_r@0
28 0 i_rx_phy.shift_en@0
29 0 i_rx_phy.synced_d@0
30 0 i_tx_phy.append_eop@0
31 0 i_tx_phy.append_eop_sync1@0
32 0 i_tx_phy.append_eop_sync2@0
33 0 i_tx_phy.append_eop_sync3@0
34 000 i_tx_phy.bit_cnt@0
35 0 i_tx_phy.data_done@0
36 000 i_tx_phy.one_cnt@0
37 00000000 i_tx_phy.hold_reg@0
38 0 i_tx_phy.ld_data@0
39 0 i_tx_phy.ld_data_d@0
40 0 i_tx_phy.ld_eop_d@0
41 0 i_tx_phy.ld_sop_d@0
42 0 i_tx_phy.sd_raw_o@0
43 0 i_tx_phy.sft_done@0
44 0 i_tx_phy.sft_done_r@0
45 000 i_tx_phy.state@0
46 0 i_tx_phy.tx_ip@0
47 0 i_tx_phy.tx_ip_sync@0
48 1 i_tx_phy.txoe@0
49 0 i_tx_phy.txoe_r1@0
50 0 i_tx_phy.txoe_r2@0
51 00000 rst_cnt@0
@0
0 00000000 DataOut_i@0
1 0 TxValid_i@0
2 0 clk@0
3 0 phy_tx_mode@0
4 1 rst@0
5 0 rxd@0
6 0 rxdn@0
7 0 rxdp@0
8 00000000 input67@0
9 0 input112@0
10 0 input141@0
11 0 input143@0
12 0 input160@0
13 0 input162@0
14 0 input164@0
15 0 input166@0
16 0 input185@0
17 0 input188@0
18 0 input192@0
19 000 input201@0
20 000 input204@0
21 000 input208@0
22 00 input216@0
23 00 input222@0
24 00 input225@0
25 00 input232@0
26 00 input236@0
27 00 input241@0
28 00 input243@0
29 00 input246@0
30 00 input253@0
31 000 input257@0
32 000 input263@0
33 000 input266@0
34 000 input270@0
35 000 input272@0
36 000 input275@0
37 0 input287@0
38 000 input294@0
39 000 input295@0
40 000 input296@0
41 000 input302@0
42 000 input305@0
43 000 input306@0
44 000 input313@0
45 000 input317@0
46 000 input318@0
47 000 input325@0
48 000 input327@0
49 000 input328@0
50 000 input335@0
51 000 input342@0
52 000 input343@0
53 000 input350@0
54 000 input352@0
55 000 input353@0
56 000 input354@0
57 000 input355@0
58 000 input359@0
59 000 input365@0
60 000 input371@0
61 000 input375@0
62 000 input376@0
63 000 input382@0
64 000 input395@0
65 000 input398@0
66 0 input412@0
67 0 input418@0
68 0 input422@0
69 0 input427@0
70 0 input440@0
71 0 input450@0
72 0 input460@0
73 0 input461@0
74 0 input466@0
75 0 input479@0
76 0 input482@0
77 0 input487@0
78 0 input489@0
79 0 input493@0
80 0 input498@0
81 0 input504@0
82 0 input510@0
83 000 input519@0
84 000 input522@0
85 000 input526@0
86 0 input532@0
87 0 input536@0
88 0 input540@0
89 000 input544@0
90 000 input550@0
91 000 input553@0
92 000 input557@0
93 000 input559@0
94 000 input562@0
95 00000000 input567@0
96 0 input573@0
97 0 input577@0
98 0 input582@0
99 0 input587@0
100 0 input591@0
101 0 input595@0
102 0 input601@0
103 0 input605@0
104 0 input609@0
105 0 input613@0
106 0 input617@0
107 0 input648@0
108 000 input658@0
109 000 input662@0
110 000 input666@0
111 000 input670@0
112 000 input672@0
113 000 input676@0
114 000 input683@0
115 000 input687@0
116 000 input689@0
117 000 input695@0
118 000 input699@0
119 000 input703@0
120 000 input712@0
121 0 input717@0
122 0 input719@0
123 0 input723@0
124 0 input728@0
125 0 input736@0
126 0 input742@0
127 0 input748@0
128 00000 input758@0
129 00000 input762@0
130 00000 input766@0
@1
0 00000000 DataOut_i@1
1 0 TxValid_i@1
2 0 clk@1
3 0 phy_tx_mode@1
4 0 rst@1
5 0 rxd@1
6 1 rxdn@1
7 0 rxdp@1
8 00000000 input67@1
9 0 input112@1
10 0 input141@1
11 0 input143@1
12 0 input160@1
13 0 input162@1
14 0 input164@1
15 0 input166@1
16 0 input185@1
17 0 input188@1
18 0 input192@1
19 000 input201@1
20 000 input204@1
21 000 input208@1
22 00 input216@1
23 00 input222@1
24 10 input225@1
25 11 input232@1
26 00 input236@1
27 11 input241@1
28 00 input243@1
29 00 input246@1
30 00 input253@1
31 000 input257@1
32 000 input263@1
33 000 input266@1
34 000 input270@1
35 000 input272@1
36 000 input275@1
37 0 input287@1
38 000 input294@1
39 000 input295@1
40 000 input296@1
41 000 input302@1
42 000 input305@1
43 000 input306@1
44 000 input313@1
45 000 input317@1
46 000 input318@1
47 000 input325@1
48 000 input327@1
49 000 input328@1
50 000 input335@1
51 000 input342@1
52 000 input343@1
53 000 input350@1
54 000 input352@1
55 000 input353@1
56 000 input354@1
57 000 input355@1
58 000 input359@1
59 000 input365@1
60 000 input371@1
61 000 input375@1
62 000 input376@1
63 000 input382@1
64 000 input395@1
65 000 input398@1
66 0 input412@1
67 0 input418@1
68 0 input422@1
69 0 input427@1
70 0 input440@1
71 0 input450@1
72 0 input460@1
73 0 input461@1
74 0 input466@1
75 0 input479@1
76 0 input482@1
77 0 input487@1
78 0 input489@1
79 0 input493@1
80 0 input498@1
81 0 input504@1
82 0 input510@1
83 000 input519@1
84 000 input522@1
85 000 input526@1
86 0 input532@1
87 1 input536@1
88 0 input540@1
89 000 input544@1
90 000 input550@1
91 000 input553@1
92 000 input557@1
93 000 input559@1
94 000 input562@1
95 00000000 input567@1
96 0 input573@1
97 0 input577@1
98 0 input582@1
99 0 input587@1
100 0 input591@1
101 0 input595@1
102 0 input601@1
103 0 input605@1
104 0 input609@1
105 0 input613@1
106 0 input617@1
107 0 input648@1
108 000 input658@1
109 110 input662@1
110 001 input666@1
111 111 input670@1
112 000 input672@1
113 000 input676@1
114 000 input683@1
115 000 input687@1
116 000 input689@1
117 000 input695@1
118 000 input699@1
119 000 input703@1
120 000 input712@1
121 0 input717@1
122 1 input719@1
123 0 input723@1
124 0 input728@1
125 0 input736@1
126 0 input742@1
127 0 input748@1
128 00000 input758@1
129 00000 input762@1
130 00000 input766@1
@2
0 00000000 DataOut_i@2
1 0 TxValid_i@2
2 0 clk@2
3 0 phy_tx_mode@2
4 0 rst@2
5 0 rxd@2
6 1 rxdn@2
7 0 rxdp@2
8 00000000 input67@2
9 0 input112@2
10 0 input141@2
11 0 input143@2
12 0 input160@2
13 0 input162@2
14 0 input164@2
15 0 input166@2
16 0 input185@2
17 0 input188@2
18 0 input192@2
19 000 input201@2
20 000 input204@2
21 000 input208@2
22 01 input216@2
23 11 input222@2
24 00 input225@2
25 10 input232@2
26 11 input236@2
27 11 input241@2
28 00 input243@2
29 11 input246@2
30 00 input253@2
31 000 input257@2
32 000 input263@2
33 000 input266@2
34 000 input270@2
35 000 input272@2
36 000 input275@2
37 0 input287@2
38 000 input294@2
39 000 input295@2
40 000 input296@2
41 000 input302@2
42 000 input305@2
43 000 input306@2
44 000 input313@2
45 000 input317@2
46 000 input318@2
47 000 input325@2
48 000 input327@2
49 000 input328@2
50 000 input335@2
51 000 input342@2
52 000 input343@2
53 000 input350@2
54 000 input352@2
55 000 input353@2
56 000 input354@2
57 000 input355@2
58 000 input359@2
59 000 input365@2
60 000 input371@2
61 000 input375@2
62 000 input376@2
63 000 input382@2
64 000 input395@2
65 000 input398@2
66 0 input412@2
67 0 input418@2
68 0 input422@2
69 0 input427@2
70 0 input440@2
71 0 input450@2
72 0 input460@2
73 0 input461@2
74 0 input466@2
75 0 input479@2
76 0 input482@2
77 0 input487@2
78 0 input489@2
79 0 input493@2
80 0 input498@2
81 0 input504@2
82 0 input510@2
83 000 input519@2
84 000 input522@2
85 000 input526@2
86 0 input532@2
87 1 input536@2
88 0 input540@2
89 000 input544@2
90 000 input550@2
91 000 input553@2
92 000 input557@2
93 000 input559@2
94 000 input562@2
95 00000000 input567@2
96 0 input573@2
97 0 input577@2
98 0 input582@2
99 0 input587@2
100 0 input591@2
101 0 input595@2
102 0 input601@2
103 0 input605@2
104 0 input609@2
105 0 input613@2
106 0 input617@2
107 0 input648@2
108 000 input658@2
109 000 input662@2
110 111 input666@2
111 111 input670@2
112 111 input672@2
113 111 input676@2
114 110 input683@2
115 111 input687@2
116 111 input689@2
117 111 input695@2
118 110 input699@2
119 111 input703@2
120 000 input712@2
121 0 input717@2
122 1 input719@2
123 0 input723@2
124 0 input728@2
125 0 input736@2
126 0 input742@2
127 0 input748@2
128 00000 input758@2
129 01111 input762@2
130 00000 input766@2
@3
0 00000000 DataOut_i@3
1 0 TxValid_i@3
2 0 clk@3
3 0 phy_tx_mode@3
4 1 rst@3
5 0 rxd@3
6 0 rxdn@3
7 1 rxdp@3
8 00000000 input67@3
9 0 input112@3
10 0 input141@3
11 0 input143@3
12 0 input160@3
13 0 input162@3
14 0 input164@3
15 0 input166@3
16 0 input185@3
17 0 input188@3
18 0 input192@3
19 000 input201@3
20 000 input204@3
21 000 input208@3
22 11 input216@3
23 00 input222@3
24 00 input225@3
25 00 input232@3
26 11 input236@3
27 00 input241@3
28 11 input243@3
29 00 input246@3
30 00 input253@3
31 000 input257@3
32 000 input263@3
33 000 input266@3
34 000 input270@3
35 000 input272@3
36 000 input275@3
37 0 input287@3
38 000 input294@3
39 000 input295@3
40 000 input296@3
41 000 input302@3
42 000 input305@3
43 000 input306@3
44 000 input313@3
45 000 input317@3
46 000 input318@3
47 000 input325@3
48 000 input327@3
49 000 input328@3
50 000 input335@3
51 000 input342@3
52 000 input343@3
53 000 input350@3
54 000 input352@3
55 000 input353@3
56 000 input354@3
57 000 input355@3
58 000 input359@3
59 000 input365@3
60 000 input371@3
61 000 input375@3
62 000 input376@3
63 000 input382@3
64 000 input395@3
65 000 input398@3
66 0 input412@3
67 0 input418@3
68 0 input422@3
69 0 input427@3
70 0 input440@3
71 0 input450@3
72 0 input460@3
73 0 input461@3
74 0 input466@3
75 0 input479@3
76 0 input482@3
77 0 input487@3
78 0 input489@3
79 0 input493@3
80 0 input498@3
81 0 input504@3
82 0 input510@3
83 000 input519@3
84 000 input522@3
85 000 input526@3
86 0 input532@3
87 0 input536@3
88 0 input540@3
89 000 input544@3
90 000 input550@3
91 000 input553@3
92 000 input557@3
93 000 input559@3
94 000 input562@3
95 00000000 input567@3
96 0 input573@3
97 0 input577@3
98 0 input582@3
99 0 input587@3
100 0 input591@3
101 0 input595@3
102 0 input601@3
103 0 input605@3
104 0 input609@3
105 0 input613@3
106 0 input617@3
107 0 input648@3
108 000 input658@3
109 000 input662@3
110 111 input666@3
111 000 input670@3
112 111 input672@3
113 000 input676@3
114 111 input683@3
115 000 input687@3
116 111 input689@3
117 000 input695@3
118 111 input699@3
119 000 input703@3
120 000 input712@3
121 0 input717@3
122 0 input719@3
123 0 input723@3
124 0 input728@3
125 0 input736@3
126 0 input742@3
127 0 input748@3
128 11111 input758@3
129 00000 input762@3
130 00000 input766@3
@4
0 00000000 DataOut_i@4
1 0 TxValid_i@4
2 0 clk@4
3 0 phy_tx_mode@4
4 0 rst@4
5 0 rxd@4
6 1 rxdn@4
7 0 rxdp@4
8 00000000 input67@4
9 0 input112@4
10 0 input141@4
11 0 input143@4
12 0 input160@4
13 0 input162@4
14 0 input164@4
15 0 input166@4
16 0 input185@4
17 0 input188@4
18 0 input192@4
19 000 input201@4
20 000 input204@4
21 000 input208@4
22 01 input216@4
23 11 input222@4
24 11 input225@4
25 11 input232@4
26 11 input236@4
27 11 input241@4
28 00 input243@4
29 01 input246@4
30 00 input253@4
31 000 input257@4
32 000 input263@4
33 000 input266@4
34 000 input270@4
35 000 input272@4
36 000 input275@4
37 0 input287@4
38 000 input294@4
39 000 input295@4
40 000 input296@4
41 000 input302@4
42 000 input305@4
43 000 input306@4
44 000 input313@4
45 000 input317@4
46 000 input318@4
47 000 input325@4
48 000 input327@4
49 000 input328@4
50 000 input335@4
51 000 input342@4
52 000 input343@4
53 000 input350@4
54 000 input352@4
55 000 input353@4
56 000 input354@4
57 000 input355@4
58 000 input359@4
59 000 input365@4
60 000 input371@4
61 000 input375@4
62 000 input376@4
63 000 input382@4
64 000 input395@4
65 000 input398@4
66 0 input412@4
67 0 input418@4
68 0 input422@4
69 0 input427@4
70 0 input440@4
71 0 input450@4
72 0 input460@4
73 0 input461@4
74 0 input466@4
75 0 input479@4
76 0 input482@4
77 0 input487@4
78 1 input489@4
79 0 input493@4
80 0 input498@4
81 0 input504@4
82 0 input510@4
83 000 input519@4
84 000 input522@4
85 000 input526@4
86 0 input532@4
87 1 input536@4
88 0 input540@4
89 000 input544@4
90 000 input550@4
91 000 input553@4
92 000 input557@4
93 000 input559@4
94 000 input562@4
95 00000000 input567@4
96 0 input573@4
97 0 input577@4
98 0 input582@4
99 0 input587@4
100 0 input591@4
101 0 input595@4
102 0 input601@4
103 0 input605@4
104 0 input609@4
105 0 input613@4
106 0 input617@4
107 0 input648@4
108 000 input658@4
109 000 input662@4
110 111 input666@4
111 111 input670@4
112 111 input672@4
113 111 input676@4
114 110 input683@4
115 111 input687@4
116 111 input689@4
117 111 input695@4
118 110 input699@4
119 111 input703@4
120 000 input712@4
121 0 input717@4
122 1 input719@4
123 0 input723@4
124 0 input728@4
125 0 input736@4
126 0 input742@4
127 0 input748@4
128 11111 input758@4
129 11111 input762@4
130 00000 input766@4
@5
0 00000000 DataOut_i@5
1 0 TxValid_i@5
2 0 clk@5
3 0 phy_tx_mode@5
4 1 rst@5
5 0 rxd@5
6 0 rxdn@5
7 1 rxdp@5
8 00000000 input67@5
9 0 input112@5
10 0 input141@5
11 0 input143@5
12 0 input160@5
13 0 input162@5
14 0 input164@5
15 0 input166@5
16 0 input185@5
17 0 input188@5
18 0 input192@5
19 000 input201@5
20 000 input204@5
21 000 input208@5
22 11 input216@5
23 00 input222@5
24 00 input225@5
25 00 input232@5
26 11 input236@5
27 00 input241@5
28 11 input243@5
29 00 input246@5
30 00 input253@5
31 000 input257@5
32 000 input263@5
33 000 input266@5
34 000 input270@5
35 000 input272@5
36 000 input275@5
37 0 input287@5
38 000 input294@5
39 000 input295@5
40 000 input296@5
41 000 input302@5
42 000 input305@5
43 000 input306@5
44 000 input313@5
45 000 input317@5
46 000 input318@5
47 000 input325@5
48 000 input327@5
49 000 input328@5
50 000 input335@5
51 000 input342@5
52 000 input343@5
53 000 input350@5
54 000 input352@5
55 000 input353@5
56 000 input354@5
57 000 input355@5
58 000 input359@5
59 000 input365@5
60 000 input371@5
61 000 input375@5
62 000 input376@5
63 000 input382@5
64 000 input395@5
65 000 input398@5
66 0 input412@5
67 0 input418@5
68 0 input422@5
69 0 input427@5
70 0 input440@5
71 0 input450@5
72 0 input460@5
73 0 input461@5
74 0 input466@5
75 0 input479@5
76 0 input482@5
77 0 input487@5
78 0 input489@5
79 0 input493@5
80 0 input498@5
81 0 input504@5
82 0 input510@5
83 000 input519@5
84 000 input522@5
85 000 input526@5
86 0 input532@5
87 0 input536@5
88 0 input540@5
89 000 input544@5
90 000 input550@5
91 000 input553@5
92 000 input557@5
93 000 input559@5
94 000 input562@5
95 00000000 input567@5
96 0 input573@5
97 0 input577@5
98 0 input582@5
99 0 input587@5
100 0 input591@5
101 0 input595@5
102 0 input601@5
103 0 input605@5
104 0 input609@5
105 0 input613@5
106 0 input617@5
107 0 input648@5
108 000 input658@5
109 000 input662@5
110 111 input666@5
111 000 input670@5
112 111 input672@5
113 000 input676@5
114 111 input683@5
115 000 input687@5
116 111 input689@5
117 000 input695@5
118 111 input699@5
119 000 input703@5
120 000 input712@5
121 0 input717@5
122 0 input719@5
123 0 input723@5
124 0 input728@5
125 0 input736@5
126 0 input742@5
127 0 input748@5
128 11111 input758@5
129 00000 input762@5
130 00000 input766@5
@6
0 00000000 DataOut_i@6
1 0 TxValid_i@6
2 0 clk@6
3 0 phy_tx_mode@6
4 1 rst@6
5 0 rxd@6
6 1 rxdn@6
7 0 rxdp@6
8 00000000 input67@6
9 0 input112@6
10 0 input141@6
11 0 input143@6
12 0 input160@6
13 0 input162@6
14 0 input164@6
15 0 input166@6
16 0 input185@6
17 0 input188@6
18 0 input192@6
19 000 input201@6
20 000 input204@6
21 000 input208@6
22 11 input216@6
23 00 input222@6
24 11 input225@6
25 00 input232@6
26 11 input236@6
27 00 input241@6
28 00 input243@6
29 00 input246@6
30 00 input253@6
31 000 input257@6
32 000 input263@6
33 000 input266@6
34 000 input270@6
35 000 input272@6
36 000 input275@6
37 0 input287@6
38 000 input294@6
39 000 input295@6
40 111 input296@6
41 000 input302@6
42 000 input305@6
43 000 input306@6
44 000 input313@6
45 000 input317@6
46 111 input318@6
47 000 input325@6
48 000 input327@6
49 111 input328@6
50 000 input335@6
51 000 input342@6
52 111 input343@6
53 000 input350@6
54 000 input352@6
55 111 input353@6
56 000 input354@6
57 111 input355@6
58 111 input359@6
59 000 input365@6
60 000 input371@6
61 000 input375@6
62 000 input376@6
63 000 input382@6
64 000 input395@6
65 000 input398@6
66 0 input412@6
67 0 input418@6
68 0 input422@6
69 0 input427@6
70 0 input440@6
71 0 input450@6
72 0 input460@6
73 0 input461@6
74 0 input466@6
75 0 input479@6
76 0 input482@6
77 0 input487@6
78 0 input489@6
79 0 input493@6
80 0 input498@6
81 0 input504@6
82 0 input510@6
83 001 input519@6
84 000 input522@6
85 000 input526@6
86 0 input532@6
87 0 input536@6
88 0 input540@6
89 000 input544@6
90 000 input550@6
91 000 input553@6
92 111 input557@6
93 000 input559@6
94 000 input562@6
95 00000000 input567@6
96 0 input573@6
97 0 input577@6
98 0 input582@6
99 0 input587@6
100 0 input591@6
101 0 input595@6
102 0 input601@6
103 0 input605@6
104 0 input609@6
105 0 input613@6
106 0 input617@6
107 0 input648@6
108 000 input658@6
109 000 input662@6
110 111 input666@6
111 000 input670@6
112 111 input672@6
113 000 input676@6
114 111 input683@6
115 000 input687@6
116 111 input689@6
117 000 input695@6
118 111 input699@6
119 000 input703@6
120 000 input712@6
121 0 input717@6
122 0 input719@6
123 0 input723@6
124 0 input728@6
125 0 input736@6
126 0 input742@6
127 0 input748@6
128 11111 input758@6
129 00000 input762@6
130 00000 input766@6
@7
0 00000000 DataOut_i@7
1 0 TxValid_i@7
2 0 clk@7
3 0 phy_tx_mode@7
4 1 rst@7
5 1 rxd@7
6 1 rxdn@7
7 0 rxdp@7
8 00000000 input67@7
9 0 input112@7
10 0 input141@7
11 0 input143@7
12 0 input160@7
13 0 input162@7
14 0 input164@7
15 0 input166@7
16 0 input185@7
17 0 input188@7
18 0 input192@7
19 010 input201@7
20 000 input204@7
21 000 input208@7
22 00 input216@7
23 00 input222@7
24 11 input225@7
25 00 input232@7
26 11 input236@7
27 00 input241@7
28 11 input243@7
29 00 input246@7
30 00 input253@7
31 000 input257@7
32 000 input263@7
33 000 input266@7
34 001 input270@7
35 000 input272@7
36 000 input275@7
37 0 input287@7
38 000 input294@7
39 000 input295@7
40 111 input296@7
41 000 input302@7
42 000 input305@7
43 111 input306@7
44 000 input313@7
45 000 input317@7
46 000 input318@7
47 000 input325@7
48 000 input327@7
49 111 input328@7
50 000 input335@7
51 000 input342@7
52 101 input343@7
53 000 input350@7
54 000 input352@7
55 111 input353@7
56 000 input354@7
57 110 input355@7
58 000 input359@7
59 000 input365@7
60 000 input371@7
61 000 input375@7
62 000 input376@7
63 000 input382@7
64 000 input395@7
65 000 input398@7
66 0 input412@7
67 0 input418@7
68 0 input422@7
69 0 input427@7
70 0 input440@7
71 0 input450@7
72 0 input460@7
73 0 input461@7
74 0 input466@7
75 0 input479@7
76 0 input482@7
77 0 input487@7
78 0 input489@7
79 0 input493@7
80 0 input498@7
81 0 input504@7
82 0 input510@7
83 000 input519@7
84 000 input522@7
85 000 input526@7
86 0 input532@7
87 0 input536@7
88 0 input540@7
89 000 input544@7
90 111 input550@7
91 000 input553@7
92 110 input557@7
93 000 input559@7
94 000 input562@7
95 00000000 input567@7
96 0 input573@7
97 0 input577@7
98 0 input582@7
99 0 input587@7
100 0 input591@7
101 0 input595@7
102 0 input601@7
103 0 input605@7
104 0 input609@7
105 0 input613@7
106 0 input617@7
107 0 input648@7
108 000 input658@7
109 000 input662@7
110 111 input666@7
111 000 input670@7
112 111 input672@7
113 000 input676@7
114 111 input683@7
115 000 input687@7
116 111 input689@7
117 000 input695@7
118 111 input699@7
119 000 input703@7
120 000 input712@7
121 0 input717@7
122 0 input719@7
123 0 input723@7
124 0 input728@7
125 0 input736@7
126 0 input742@7
127 0 input748@7
128 11101 input758@7
129 00000 input762@7
130 00000 input766@7
@8
0 00000000 DataOut_i@8
1 0 TxValid_i@8
2 0 clk@8
3 0 phy_tx_mode@8
4 1 rst@8
5 0 rxd@8
6 1 rxdn@8
7 0 rxdp@8
8 00000000 input67@8
9 0 input112@8
10 0 input141@8
11 0 input143@8
12 0 input160@8
13 0 input162@8
14 0 input164@8
15 0 input166@8
16 0 input185@8
17 0 input188@8
18 0 input192@8
19 010 input201@8
20 000 input204@8
21 000 input208@8
22 00 input216@8
23 00 input222@8
24 11 input225@8
25 00 input232@8
26 11 input236@8
27 00 input241@8
28 11 input243@8
29 00 input246@8
30 00 input253@8
31 000 input257@8
32 111 input263@8
33 000 input266@8
34 001 input270@8
35 000 input272@8
36 000 input275@8
37 0 input287@8
38 000 input294@8
39 000 input295@8
40 111 input296@8
41 000 input302@8
42 000 input305@8
43 111 input306@8
44 000 input313@8
45 000 input317@8
46 111 input318@8
47 000 input325@8
48 000 input327@8
49 000 input328@8
50 000 input335@8
51 000 input342@8
52 111 input343@8
53 000 input350@8
54 000 input352@8
55 111 input353@8
56 000 input354@8
57 111 input355@8
58 111 input359@8
59 000 input365@8
60 000 input371@8
61 000 input375@8
62 000 input376@8
63 000 input382@8
64 000 input395@8
65 000 input398@8
66 0 input412@8
67 0 input418@8
68 0 input422@8
69 0 input427@8
70 0 input440@8
71 0 input450@8
72 0 input460@8
73 0 input461@8
74 0 input466@8
75 0 input479@8
76 0 input482@8
77 0 input487@8
78 0 input489@8
79 0 input493@8
80 0 input498@8
81 0 input504@8
82 0 input510@8
83 000 input519@8
84 000 input522@8
85 000 input526@8
86 0 input532@8
87 0 input536@8
88 0 input540@8
89 000 input544@8
90 111 input550@8
91 000 input553@8
92 110 input557@8
93 000 input559@8
94 000 input562@8
95 00000000 input567@8
96 1 input573@8
97 0 input577@8
98 1 input582@8
99 0 input587@8
100 0 input591@8
101 1 input595@8
102 0 input601@8
103 0 input605@8
104 0 input609@8
105 0 input613@8
106 0 input617@8
107 0 input648@8
108 000 input658@8
109 000 input662@8
110 111 input666@8
111 000 input670@8
112 111 input672@8
113 000 input676@8
114 111 input683@8
115 000 input687@8
116 111 input689@8
117 000 input695@8
118 111 input699@8
119 000 input703@8
120 000 input712@8
121 0 input717@8
122 0 input719@8
123 0 input723@8
124 0 input728@8
125 0 input736@8
126 0 input742@8
127 0 input748@8
128 00001 input758@8
129 00000 input762@8
130 00000 input766@8
@9
0 00000000 DataOut_i@9
1 0 TxValid_i@9
2 0 clk@9
3 0 phy_tx_mode@9
4 1 rst@9
5 0 rxd@9
6 1 rxdn@9
7 1 rxdp@9
8 00000000 input67@9
9 0 input112@9
10 0 input141@9
11 0 input143@9
12 0 input160@9
13 0 input162@9
14 0 input164@9
15 0 input166@9
16 0 input185@9
17 0 input188@9
18 0 input192@9
19 010 input201@9
20 000 input204@9
21 000 input208@9
22 00 input216@9
23 00 input222@9
24 11 input225@9
25 00 input232@9
26 11 input236@9
27 00 input241@9
28 11 input243@9
29 00 input246@9
30 00 input253@9
31 000 input257@9
32 111 input263@9
33 000 input266@9
34 001 input270@9
35 000 input272@9
36 000 input275@9
37 0 input287@9
38 000 input294@9
39 000 input295@9
40 111 input296@9
41 000 input302@9
42 000 input305@9
43 111 input306@9
44 000 input313@9
45 000 input317@9
46 111 input318@9
47 000 input325@9
48 000 input327@9
49 111 input328@9
50 000 input335@9
51 000 input342@9
52 000 input343@9
53 000 input350@9
54 000 input352@9
55 111 input353@9
56 000 input354@9
57 110 input355@9
58 000 input359@9
59 000 input365@9
60 000 input371@9
61 000 input375@9
62 000 input376@9
63 000 input382@9
64 000 input395@9
65 000 input398@9
66 0 input412@9
67 0 input418@9
68 0 input422@9
69 0 input427@9
70 0 input440@9
71 0 input450@9
72 0 input460@9
73 0 input461@9
74 0 input466@9
75 0 input479@9
76 0 input482@9
77 0 input487@9
78 0 input489@9
79 0 input493@9
80 0 input498@9
81 0 input504@9
82 0 input510@9
83 001 input519@9
84 000 input522@9
85 000 input526@9
86 0 input532@9
87 0 input536@9
88 0 input540@9
89 000 input544@9
90 111 input550@9
91 000 input553@9
92 000 input557@9
93 000 input559@9
94 000 input562@9
95 00000000 input567@9
96 1 input573@9
97 0 input577@9
98 1 input582@9
99 0 input587@9
100 0 input591@9
101 1 input595@9
102 0 input601@9
103 0 input605@9
104 0 input609@9
105 0 input613@9
106 0 input617@9
107 0 input648@9
108 000 input658@9
109 000 input662@9
110 111 input666@9
111 000 input670@9
112 111 input672@9
113 000 input676@9
114 111 input683@9
115 000 input687@9
116 111 input689@9
117 000 input695@9
118 111 input699@9
119 000 input703@9
120 000 input712@9
121 0 input717@9
122 0 input719@9
123 0 input723@9
124 0 input728@9
125 0 input736@9
126 0 input742@9
127 0 input748@9
128 00010 input758@9
129 00000 input762@9
130 00000 input766@9
@10
0 00000000 DataOut_i@10
1 0 TxValid_i@10
2 0 clk@10
3 0 phy_tx_mode@10
4 1 rst@10
5 0 rxd@10
6 0 rxdn@10
7 0 rxdp@10
8 00000000 input67@10
9 0 input112@10
10 0 input141@10
11 0 input143@10
12 0 input160@10
13 0 input162@10
14 0 input164@10
15 0 input166@10
16 0 input185@10
17 0 input188@10
18 0 input192@10
19 011 input201@10
20 000 input204@10
21 000 input208@10
22 11 input216@10
23 00 input222@10
24 00 input225@10
25 00 input232@10
26 11 input236@10
27 00 input241@10
28 11 input243@10
29 00 input246@10
30 00 input253@10
31 000 input257@10
32 111 input263@10
33 000 input266@10
34 001 input270@10
35 000 input272@10
36 000 input275@10
37 0 input287@10
38 000 input294@10
39 000 input295@10
40 111 input296@10
41 000 input302@10
42 000 input305@10
43 111 input306@10
44 000 input313@10
45 000 input317@10
46 111 input318@10
47 000 input325@10
48 000 input327@10
49 111 input328@10
50 000 input335@10
51 000 input342@10
52 111 input343@10
53 000 input350@10
54 000 input352@10
55 000 input353@10
56 000 input354@10
57 000 input355@10
58 000 input359@10
59 000 input365@10
60 000 input371@10
61 000 input375@10
62 000 input376@10
63 000 input382@10
64 000 input395@10
65 000 input398@10
66 0 input412@10
67 0 input418@10
68 0 input422@10
69 0 input427@10
70 0 input440@10
71 0 input450@10
72 0 input460@10
73 1 input461@10
74 0 input466@10
75 0 input479@10
76 0 input482@10
77 0 input487@10
78 0 input489@10
79 0 input493@10
80 0 input498@10
81 0 input504@10
82 0 input510@10
83 101 input519@10
84 000 input522@10
85 000 input526@10
86 0 input532@10
87 0 input536@10
88 0 input540@10
89 000 input544@10
90 111 input550@10
91 000 input553@10
92 110 input557@10
93 000 input559@10
94 000 input562@10
95 00000000 input567@10
96 1 input573@10
97 0 input577@10
98 1 input582@10
99 0 input587@10
100 0 input591@10
101 1 input595@10
102 0 input601@10
103 0 input605@10
104 0 input609@10
105 0 input613@10
106 0 input617@10
107 0 input648@10
108 000 input658@10
109 000 input662@10
110 111 input666@10
111 000 input670@10
112 111 input672@10
113 000 input676@10
114 111 input683@10
115 000 input687@10
116 111 input689@10
117 000 input695@10
118 111 input699@10
119 000 input703@10
120 000 input712@10
121 0 input717@10
122 0 input719@10
123 0 input723@10
124 0 input728@10
125 0 input736@10
126 0 input742@10
127 0 input748@10
128 00011 input758@10
129 00000 input762@10
130 00000 input766@10
@11
0 00000000 DataOut_i@11
1 0 TxValid_i@11
2 0 clk@11
3 0 phy_tx_mode@11
4 1 rst@11
5 0 rxd@11
6 1 rxdn@11
7 0 rxdp@11
8 00000000 input67@11
9 0 input112@11
10 0 input141@11
11 0 input143@11
12 0 input160@11
13 0 input162@11
14 0 input164@11
15 0 input166@11
16 0 input185@11
17 0 input188@11
18 0 input192@11
19 011 input201@11
20 000 input204@11
21 000 input208@11
22 11 input216@11
23 00 input222@11
24 11 input225@11
25 00 input232@11
26 00 input236@11
27 00 input241@11
28 11 input243@11
29 00 input246@11
30 00 input253@11
31 111 input257@11
32 111 input263@11
33 000 input266@11
34 001 input270@11
35 000 input272@11
36 000 input275@11
37 0 input287@11
38 111 input294@11
39 111 input295@11
40 111 input296@11
41 000 input302@11
42 111 input305@11
43 010 input306@11
44 000 input313@11
45 111 input317@11
46 011 input318@11
47 000 input325@11
48 111 input327@11
49 100 input328@11
50 000 input335@11
51 111 input342@11
52 101 input343@11
53 000 input350@11
54 111 input352@11
55 111 input353@11
56 110 input354@11
57 111 input355@11
58 000 input359@11
59 000 input365@11
60 000 input371@11
61 111 input375@11
62 111 input376@11
63 000 input382@11
64 000 input395@11
65 000 input398@11
66 0 input412@11
67 0 input418@11
68 0 input422@11
69 0 input427@11
70 0 input440@11
71 1 input450@11
72 0 input460@11
73 0 input461@11
74 0 input466@11
75 0 input479@11
76 0 input482@11
77 0 input487@11
78 0 input489@11
79 0 input493@11
80 0 input498@11
81 0 input504@11
82 0 input510@11
83 111 input519@11
84 000 input522@11
85 000 input526@11
86 0 input532@11
87 0 input536@11
88 0 input540@11
89 111 input544@11
90 111 input550@11
91 000 input553@11
92 000 input557@11
93 000 input559@11
94 000 input562@11
95 00000000 input567@11
96 1 input573@11
97 0 input577@11
98 1 input582@11
99 0 input587@11
100 0 input591@11
101 1 input595@11
102 0 input601@11
103 0 input605@11
104 0 input609@11
105 0 input613@11
106 0 input617@11
107 0 input648@11
108 000 input658@11
109 000 input662@11
110 111 input666@11
111 000 input670@11
112 111 input672@11
113 000 input676@11
114 111 input683@11
115 000 input687@11
116 111 input689@11
117 000 input695@11
118 111 input699@11
119 000 input703@11
120 000 input712@11
121 0 input717@11
122 0 input719@11
123 0 input723@11
124 0 input728@11
125 0 input736@11
126 0 input742@11
127 0 input748@11
128 11111 input758@11
129 00000 input762@11
130 00000 input766@11
@12
0 00000000 DataOut_i@12
1 0 TxValid_i@12
2 0 clk@12
3 0 phy_tx_mode@12
4 1 rst@12
5 0 rxd@12
6 1 rxdn@12
7 0 rxdp@12
8 00000000 input67@12
9 0 input112@12
10 0 input141@12
11 0 input143@12
12 0 input160@12
13 0 input162@12
14 0 input164@12
15 0 input166@12
16 0 input185@12
17 0 input188@12
18 0 input192@12
19 101 input201@12
20 000 input204@12
21 000 input208@12
22 00 input216@12
23 00 input222@12
24 11 input225@12
25 00 input232@12
26 11 input236@12
27 00 input241@12
28 11 input243@12
29 00 input246@12
30 00 input253@12
31 111 input257@12
32 111 input263@12
33 000 input266@12
34 111 input270@12
35 000 input272@12
36 000 input275@12
37 0 input287@12
38 111 input294@12
39 111 input295@12
40 111 input296@12
41 000 input302@12
42 111 input305@12
43 010 input306@12
44 000 input313@12
45 111 input317@12
46 011 input318@12
47 000 input325@12
48 111 input327@12
49 100 input328@12
50 000 input335@12
51 111 input342@12
52 101 input343@12
53 000 input350@12
54 111 input352@12
55 111 input353@12
56 110 input354@12
57 111 input355@12
58 000 input359@12
59 000 input365@12
60 000 input371@12
61 111 input375@12
62 111 input376@12
63 000 input382@12
64 000 input395@12
65 000 input398@12
66 0 input412@12
67 0 input418@12
68 0 input422@12
69 0 input427@12
70 0 input440@12
71 1 input450@12
72 0 input460@12
73 0 input461@12
74 0 input466@12
75 0 input479@12
76 0 input482@12
77 0 input487@12
78 0 input489@12
79 0 input493@12
80 0 input498@12
81 0 input504@12
82 0 input510@12
83 111 input519@12
84 000 input522@12
85 000 input526@12
86 0 input532@12
87 0 input536@12
88 0 input540@12
89 111 input544@12
90 111 input550@12
91 000 input553@12
92 110 input557@12
93 000 input559@12
94 000 input562@12
95 00000000 input567@12
96 1 input573@12
97 0 input577@12
98 1 input582@12
99 0 input587@12
100 0 input591@12
101 1 input595@12
102 0 input601@12
103 0 input605@12
104 0 input609@12
105 0 input613@12
106 0 input617@12
107 0 input648@12
108 000 input658@12
109 000 input662@12
110 111 input666@12
111 000 input670@12
112 111 input672@12
113 000 input676@12
114 111 input683@12
115 000 input687@12
116 111 input689@12
117 000 input695@12
118 111 input699@12
119 000 input703@12
120 000 input712@12
121 0 input717@12
122 0 input719@12
123 0 input723@12
124 0 input728@12
125 0 input736@12
126 0 input742@12
127 0 input748@12
128 00000 input758@12
129 00000 input762@12
130 00000 input766@12
@13
0 00000000 DataOut_i@13
1 0 TxValid_i@13
2 0 clk@13
3 0 phy_tx_mode@13
4 1 rst@13
5 1 rxd@13
6 1 rxdn@13
7 1 rxdp@13
8 00000000 input67@13
9 0 input112@13
10 0 input141@13
11 0 input143@13
12 0 input160@13
13 0 input162@13
14 0 input164@13
15 0 input166@13
16 0 input185@13
17 0 input188@13
18 0 input192@13
19 001 input201@13
20 000 input204@13
21 000 input208@13
22 00 input216@13
23 00 input222@13
24 11 input225@13
25 00 input232@13
26 11 input236@13
27 00 input241@13
28 11 input243@13
29 00 input246@13
30 00 input253@13
31 111 input257@13
32 111 input263@13
33 000 input266@13
34 000 input270@13
35 000 input272@13
36 000 input275@13
37 0 input287@13
38 111 input294@13
39 111 input295@13
40 111 input296@13
41 000 input302@13
42 111 input305@13
43 010 input306@13
44 000 input313@13
45 111 input317@13
46 011 input318@13
47 000 input325@13
48 111 input327@13
49 100 input328@13
50 000 input335@13
51 111 input342@13
52 101 input343@13
53 000 input350@13
54 111 input352@13
55 111 input353@13
56 110 input354@13
57 111 input355@13
58 000 input359@13
59 000 input365@13
60 000 input371@13
61 111 input375@13
62 111 input376@13
63 000 input382@13
64 000 input395@13
65 000 input398@13
66 0 input412@13
67 0 input418@13
68 0 input422@13
69 0 input427@13
70 0 input440@13
71 1 input450@13
72 0 input460@13
73 0 input461@13
74 0 input466@13
75 0 input479@13
76 0 input482@13
77 0 input487@13
78 0 input489@13
79 0 input493@13
80 0 input498@13
81 0 input504@13
82 0 input510@13
83 111 input519@13
84 000 input522@13
85 000 input526@13
86 0 input532@13
87 0 input536@13
88 0 input540@13
89 111 input544@13
90 111 input550@13
91 000 input553@13
92 110 input557@13
93 000 input559@13
94 000 input562@13
95 00000000 input567@13
96 1 input573@13
97 0 input577@13
98 1 input582@13
99 0 input587@13
100 0 input591@13
101 1 input595@13
102 0 input601@13
103 0 input605@13
104 0 input609@13
105 0 input613@13
106 0 input617@13
107 0 input648@13
108 000 input658@13
109 000 input662@13
110 111 input666@13
111 000 input670@13
112 111 input672@13
113 000 input676@13
114 111 input683@13
115 000 input687@13
116 111 input689@13
117 000 input695@13
118 111 input699@13
119 000 input703@13
120 000 input712@13
121 0 input717@13
122 0 input719@13
123 0 input723@13
124 0 input728@13
125 0 input736@13
126 0 input742@13
127 0 input748@13
128 00000 input758@13
129 00000 input762@13
130 00000 input766@13
@14
0 00000000 DataOut_i@14
1 0 TxValid_i@14
2 0 clk@14
3 0 phy_tx_mode@14
4 1 rst@14
5 1 rxd@14
6 1 rxdn@14
7 1 rxdp@14
8 00000000 input67@14
9 0 input112@14
10 0 input141@14
11 0 input143@14
12 0 input160@14
13 0 input162@14
14 0 input164@14
15 0 input166@14
16 0 input185@14
17 0 input188@14
18 0 input192@14
19 111 input201@14
20 000 input204@14
21 000 input208@14
22 00 input216@14
23 00 input222@14
24 11 input225@14
25 00 input232@14
26 11 input236@14
27 00 input241@14
28 11 input243@14
29 00 input246@14
30 00 input253@14
31 111 input257@14
32 111 input263@14
33 000 input266@14
34 000 input270@14
35 000 input272@14
36 000 input275@14
37 0 input287@14
38 111 input294@14
39 111 input295@14
40 111 input296@14
41 000 input302@14
42 111 input305@14
43 010 input306@14
44 000 input313@14
45 111 input317@14
46 011 input318@14
47 000 input325@14
48 111 input327@14
49 100 input328@14
50 000 input335@14
51 111 input342@14
52 101 input343@14
53 000 input350@14
54 111 input352@14
55 111 input353@14
56 110 input354@14
57 111 input355@14
58 000 input359@14
59 000 input365@14
60 000 input371@14
61 111 input375@14
62 111 input376@14
63 000 input382@14
64 000 input395@14
65 000 input398@14
66 0 input412@14
67 0 input418@14
68 0 input422@14
69 0 input427@14
70 0 input440@14
71 1 input450@14
72 0 input460@14
73 0 input461@14
74 0 input466@14
75 0 input479@14
76 0 input482@14
77 0 input487@14
78 0 input489@14
79 0 input493@14
80 0 input498@14
81 0 input504@14
82 0 input510@14
83 110 input519@14
84 000 input522@14
85 000 input526@14
86 0 input532@14
87 0 input536@14
88 0 input540@14
89 111 input544@14
90 111 input550@14
91 000 input553@14
92 110 input557@14
93 000 input559@14
94 000 input562@14
95 00000000 input567@14
96 1 input573@14
97 0 input577@14
98 1 input582@14
99 0 input587@14
100 0 input591@14
101 1 input595@14
102 0 input601@14
103 0 input605@14
104 0 input609@14
105 0 input613@14
106 0 input617@14
107 0 input648@14
108 000 input658@14
109 000 input662@14
110 111 input666@14
111 000 input670@14
112 111 input672@14
113 000 input676@14
114 111 input683@14
115 000 input687@14
116 111 input689@14
117 000 input695@14
118 111 input699@14
119 000 input703@14
120 000 input712@14
121 0 input717@14
122 0 input719@14
123 0 input723@14
124 0 input728@14
125 0 input736@14
126 0 input742@14
127 0 input748@14
128 00000 input758@14
129 00000 input762@14
130 00000 input766@14
@15
0 00000000 DataOut_i@15
1 0 TxValid_i@15
2 0 clk@15
3 0 phy_tx_mode@15
4 1 rst@15
5 1 rxd@15
6 1 rxdn@15
7 1 rxdp@15
8 00000000 input67@15
9 0 input112@15
10 0 input141@15
11 0 input143@15
12 0 input160@15
13 0 input162@15
14 0 input164@15
15 0 input166@15
16 0 input185@15
17 0 input188@15
18 0 input192@15
19 001 input201@15
20 000 input204@15
21 000 input208@15
22 11 input216@15
23 00 input222@15
24 00 input225@15
25 00 input232@15
26 11 input236@15
27 00 input241@15
28 11 input243@15
29 00 input246@15
30 00 input253@15
31 000 input257@15
32 111 input263@15
33 000 input266@15
34 000 input270@15
35 000 input272@15
36 000 input275@15
37 0 input287@15
38 000 input294@15
39 000 input295@15
40 111 input296@15
41 000 input302@15
42 000 input305@15
43 111 input306@15
44 000 input313@15
45 000 input317@15
46 111 input318@15
47 000 input325@15
48 000 input327@15
49 111 input328@15
50 000 input335@15
51 000 input342@15
52 111 input343@15
53 000 input350@15
54 000 input352@15
55 111 input353@15
56 000 input354@15
57 110 input355@15
58 000 input359@15
59 000 input365@15
60 000 input371@15
61 000 input375@15
62 111 input376@15
63 000 input382@15
64 000 input395@15
65 000 input398@15
66 0 input412@15
67 0 input418@15
68 0 input422@15
69 0 input427@15
70 0 input440@15
71 0 input450@15
72 0 input460@15
73 0 input461@15
74 0 input466@15
75 0 input479@15
76 0 input482@15
77 0 input487@15
78 0 input489@15
79 0 input493@15
80 0 input498@15
81 0 input504@15
82 0 input510@15
83 111 input519@15
84 000 input522@15
85 000 input526@15
86 0 input532@15
87 0 input536@15
88 0 input540@15
89 000 input544@15
90 111 input550@15
91 000 input553@15
92 000 input557@15
93 000 input559@15
94 000 input562@15
95 00000000 input567@15
96 1 input573@15
97 0 input577@15
98 1 input582@15
99 0 input587@15
100 0 input591@15
101 1 input595@15
102 0 input601@15
103 0 input605@15
104 0 input609@15
105 0 input613@15
106 0 input617@15
107 0 input648@15
108 000 input658@15
109 000 input662@15
110 111 input666@15
111 000 input670@15
112 111 input672@15
113 000 input676@15
114 111 input683@15
115 000 input687@15
116 111 input689@15
117 000 input695@15
118 111 input699@15
119 000 input703@15
120 000 input712@15
121 0 input717@15
122 0 input719@15
123 0 input723@15
124 0 input728@15
125 0 input736@15
126 0 input742@15
127 0 input748@15
128 00001 input758@15
129 00000 input762@15
130 00000 input766@15
@16
0 00000000 DataOut_i@16
1 0 TxValid_i@16
2 0 clk@16
3 0 phy_tx_mode@16
4 0 rst@16
5 1 rxd@16
6 1 rxdn@16
7 0 rxdp@16
8 00000000 input67@16
9 0 input112@16
10 0 input141@16
11 0 input143@16
12 0 input160@16
13 0 input162@16
14 0 input164@16
15 0 input166@16
16 0 input185@16
17 0 input188@16
18 0 input192@16
19 111 input201@16
20 001 input204@16
21 000 input208@16
22 01 input216@16
23 11 input222@16
24 11 input225@16
25 11 input232@16
26 11 input236@16
27 11 input241@16
28 00 input243@16
29 10 input246@16
30 00 input253@16
31 111 input257@16
32 111 input263@16
33 111 input266@16
34 111 input270@16
35 000 input272@16
36 000 input275@16
37 0 input287@16
38 111 input294@16
39 111 input295@16
40 000 input296@16
41 111 input302@16
42 111 input305@16
43 010 input306@16
44 111 input313@16
45 111 input317@16
46 011 input318@16
47 111 input325@16
48 111 input327@16
49 100 input328@16
50 111 input335@16
51 111 input342@16
52 101 input343@16
53 111 input350@16
54 111 input352@16
55 111 input353@16
56 111 input354@16
57 111 input355@16
58 000 input359@16
59 110 input365@16
60 111 input371@16
61 111 input375@16
62 111 input376@16
63 000 input382@16
64 111 input395@16
65 000 input398@16
66 0 input412@16
67 1 input418@16
68 0 input422@16
69 0 input427@16
70 0 input440@16
71 0 input450@16
72 0 input460@16
73 0 input461@16
74 0 input466@16
75 0 input479@16
76 0 input482@16
77 0 input487@16
78 1 input489@16
79 0 input493@16
80 0 input498@16
81 0 input504@16
82 0 input510@16
83 111 input519@16
84 111 input522@16
85 000 input526@16
86 0 input532@16
87 1 input536@16
88 0 input540@16
89 111 input544@16
90 111 input550@16
91 111 input553@16
92 111 input557@16
93 110 input559@16
94 000 input562@16
95 00000000 input567@16
96 0 input573@16
97 0 input577@16
98 0 input582@16
99 0 input587@16
100 0 input591@16
101 0 input595@16
102 0 input601@16
103 0 input605@16
104 0 input609@16
105 0 input613@16
106 0 input617@16
107 0 input648@16
108 000 input658@16
109 001 input662@16
110 111 input666@16
111 111 input670@16
112 111 input672@16
113 111 input676@16
114 111 input683@16
115 111 input687@16
116 111 input689@16
117 111 input695@16
118 111 input699@16
119 111 input703@16
120 000 input712@16
121 0 input717@16
122 1 input719@16
123 0 input723@16
124 0 input728@16
125 0 input736@16
126 0 input742@16
127 0 input748@16
128 11111 input758@16
129 00001 input762@16
130 00000 input766@16
@17
0 00000000 DataOut_i@17
1 0 TxValid_i@17
2 0 clk@17
3 0 phy_tx_mode@17
4 0 rst@17
5 1 rxd@17
6 1 rxdn@17
7 0 rxdp@17
8 00000000 input67@17
9 0 input112@17
10 0 input141@17
11 0 input143@17
12 0 input160@17
13 0 input162@17
14 0 input164@17
15 0 input166@17
16 0 input185@17
17 0 input188@17
18 0 input192@17
19 111 input201@17
20 001 input204@17
21 000 input208@17
22 01 input216@17
23 11 input222@17
24 00 input225@17
25 11 input232@17
26 11 input236@17
27 11 input241@17
28 00 input243@17
29 11 input246@17
30 00 input253@17
31 111 input257@17
32 111 input263@17
33 111 input266@17
34 111 input270@17
35 000 input272@17
36 000 input275@17
37 0 input287@17
38 111 input294@17
39 111 input295@17
40 000 input296@17
41 111 input302@17
42 111 input305@17
43 010 input306@17
44 111 input313@17
45 111 input317@17
46 011 input318@17
47 111 input325@17
48 111 input327@17
49 100 input328@17
50 111 input335@17
51 111 input342@17
52 101 input343@17
53 111 input350@17
54 111 input352@17
55 111 input353@17
56 111 input354@17
57 111 input355@17
58 000 input359@17
59 110 input365@17
60 111 input371@17
61 111 input375@17
62 111 input376@17
63 000 input382@17
64 111 input395@17
65 000 input398@17
66 0 input412@17
67 1 input418@17
68 0 input422@17
69 0 input427@17
70 0 input440@17
71 0 input450@17
72 0 input460@17
73 0 input461@17
74 0 input466@17
75 0 input479@17
76 0 input482@17
77 0 input487@17
78 1 input489@17
79 0 input493@17
80 0 input498@17
81 0 input504@17
82 0 input510@17
83 111 input519@17
84 101 input522@17
85 000 input526@17
86 0 input532@17
87 1 input536@17
88 0 input540@17
89 111 input544@17
90 111 input550@17
91 111 input553@17
92 111 input557@17
93 000 input559@17
94 000 input562@17
95 00000000 input567@17
96 0 input573@17
97 0 input577@17
98 0 input582@17
99 0 input587@17
100 0 input591@17
101 0 input595@17
102 0 input601@17
103 0 input605@17
104 0 input609@17
105 0 input613@17
106 0 input617@17
107 0 input648@17
108 000 input658@17
109 000 input662@17
110 111 input666@17
111 111 input670@17
112 111 input672@17
113 111 input676@17
114 111 input683@17
115 111 input687@17
116 111 input689@17
117 111 input695@17
118 111 input699@17
119 111 input703@17
120 000 input712@17
121 0 input717@17
122 1 input719@17
123 0 input723@17
124 0 input728@17
125 0 input736@17
126 0 input742@17
127 0 input748@17
128 11111 input758@17
129 11111 input762@17
130 00000 input766@17
@18
0 00000000 DataOut_i@18
1 0 TxValid_i@18
2 0 clk@18
3 0 phy_tx_mode@18
4 0 rst@18
5 0 rxd@18
6 1 rxdn@18
7 0 rxdp@18
8 00000000 input67@18
9 0 input112@18
10 0 input141@18
11 0 input143@18
12 0 input160@18
13 0 input162@18
14 0 input164@18
15 0 input166@18
16 0 input185@18
17 0 input188@18
18 0 input192@18
19 111 input201@18
20 101 input204@18
21 000 input208@18
22 01 input216@18
23 11 input222@18
24 00 input225@18
25 10 input232@18
26 11 input236@18
27 11 input241@18
28 00 input243@18
29 11 input246@18
30 00 input253@18
31 111 input257@18
32 111 input263@18
33 111 input266@18
34 111 input270@18
35 000 input272@18
36 000 input275@18
37 0 input287@18
38 111 input294@18
39 111 input295@18
40 000 input296@18
41 111 input302@18
42 111 input305@18
43 010 input306@18
44 111 input313@18
45 111 input317@18
46 011 input318@18
47 111 input325@18
48 111 input327@18
49 100 input328@18
50 111 input335@18
51 111 input342@18
52 101 input343@18
53 111 input350@18
54 111 input352@18
55 111 input353@18
56 111 input354@18
57 111 input355@18
58 000 input359@18
59 110 input365@18
60 111 input371@18
61 111 input375@18
62 111 input376@18
63 000 input382@18
64 111 input395@18
65 000 input398@18
66 0 input412@18
67 1 input418@18
68 0 input422@18
69 0 input427@18
70 0 input440@18
71 0 input450@18
72 0 input460@18
73 0 input461@18
74 0 input466@18
75 0 input479@18
76 0 input482@18
77 0 input487@18
78 1 input489@18
79 0 input493@18
80 0 input498@18
81 0 input504@18
82 0 input510@18
83 111 input519@18
84 110 input522@18
85 000 input526@18
86 0 input532@18
87 1 input536@18
88 0 input540@18
89 111 input544@18
90 111 input550@18
91 111 input553@18
92 111 input557@18
93 000 input559@18
94 000 input562@18
95 00000000 input567@18
96 0 input573@18
97 0 input577@18
98 0 input582@18
99 0 input587@18
100 0 input591@18
101 0 input595@18
102 0 input601@18
103 0 input605@18
104 0 input609@18
105 0 input613@18
106 0 input617@18
107 0 input648@18
108 000 input658@18
109 000 input662@18
110 111 input666@18
111 111 input670@18
112 111 input672@18
113 111 input676@18
114 111 input683@18
115 111 input687@18
116 111 input689@18
117 111 input695@18
118 111 input699@18
119 111 input703@18
120 000 input712@18
121 0 input717@18
122 1 input719@18
123 0 input723@18
124 0 input728@18
125 0 input736@18
126 0 input742@18
127 0 input748@18
128 11111 input758@18
129 00000 input762@18
130 00000 input766@18
@19
0 00000000 DataOut_i@19
1 0 TxValid_i@19
2 0 clk@19
3 0 phy_tx_mode@19
4 0 rst@19
5 1 rxd@19
6 0 rxdn@19
7 1 rxdp@19
8 00000000 input67@19
9 0 input112@19
10 0 input141@19
11 0 input143@19
12 0 input160@19
13 0 input162@19
14 0 input164@19
15 0 input166@19
16 0 input185@19
17 0 input188@19
18 0 input192@19
19 111 input201@19
20 010 input204@19
21 000 input208@19
22 01 input216@19
23 11 input222@19
24 00 input225@19
25 01 input232@19
26 11 input236@19
27 11 input241@19
28 00 input243@19
29 11 input246@19
30 00 input253@19
31 111 input257@19
32 111 input263@19
33 111 input266@19
34 111 input270@19
35 000 input272@19
36 000 input275@19
37 0 input287@19
38 111 input294@19
39 111 input295@19
40 000 input296@19
41 111 input302@19
42 111 input305@19
43 010 input306@19
44 111 input313@19
45 111 input317@19
46 011 input318@19
47 111 input325@19
48 111 input327@19
49 100 input328@19
50 111 input335@19
51 111 input342@19
52 101 input343@19
53 111 input350@19
54 111 input352@19
55 111 input353@19
56 111 input354@19
57 111 input355@19
58 000 input359@19
59 110 input365@19
60 111 input371@19
61 111 input375@19
62 111 input376@19
63 000 input382@19
64 111 input395@19
65 000 input398@19
66 0 input412@19
67 1 input418@19
68 0 input422@19
69 0 input427@19
70 0 input440@19
71 0 input450@19
72 0 input460@19
73 0 input461@19
74 0 input466@19
75 0 input479@19
76 0 input482@19
77 0 input487@19
78 1 input489@19
79 0 input493@19
80 0 input498@19
81 0 input504@19
82 0 input510@19
83 111 input519@19
84 110 input522@19
85 000 input526@19
86 0 input532@19
87 1 input536@19
88 0 input540@19
89 111 input544@19
90 111 input550@19
91 111 input553@19
92 111 input557@19
93 100 input559@19
94 000 input562@19
95 00000000 input567@19
96 0 input573@19
97 0 input577@19
98 0 input582@19
99 0 input587@19
100 0 input591@19
101 0 input595@19
102 0 input601@19
103 0 input605@19
104 0 input609@19
105 0 input613@19
106 0 input617@19
107 0 input648@19
108 000 input658@19
109 000 input662@19
110 111 input666@19
111 111 input670@19
112 111 input672@19
113 111 input676@19
114 111 input683@19
115 111 input687@19
116 111 input689@19
117 111 input695@19
118 111 input699@19
119 111 input703@19
120 000 input712@19
121 0 input717@19
122 1 input719@19
123 0 input723@19
124 0 input728@19
125 0 input736@19
126 0 input742@19
127 0 input748@19
128 11111 input758@19
129 00000 input762@19
130 00000 input766@19
@20
0 00000000 DataOut_i@20
1 0 TxValid_i@20
2 0 clk@20
3 0 phy_tx_mode@20
4 0 rst@20
5 0 rxd@20
6 0 rxdn@20
7 1 rxdp@20
8 00000000 input67@20
9 0 input112@20
10 0 input141@20
11 0 input143@20
12 0 input160@20
13 0 input162@20
14 0 input164@20
15 0 input166@20
16 0 input185@20
17 0 input188@20
18 0 input192@20
19 111 input201@20
20 001 input204@20
21 000 input208@20
22 01 input216@20
23 11 input222@20
24 00 input225@20
25 10 input232@20
26 11 input236@20
27 11 input241@20
28 00 input243@20
29 11 input246@20
30 00 input253@20
31 000 input257@20
32 111 input263@20
33 111 input266@20
34 111 input270@20
35 000 input272@20
36 000 input275@20
37 0 input287@20
38 000 input294@20
39 000 input295@20
40 000 input296@20
41 111 input302@20
42 000 input305@20
43 111 input306@20
44 111 input313@20
45 000 input317@20
46 111 input318@20
47 111 input325@20
48 000 input327@20
49 111 input328@20
50 111 input335@20
51 000 input342@20
52 111 input343@20
53 111 input350@20
54 000 input352@20
55 111 input353@20
56 000 input354@20
57 111 input355@20
58 000 input359@20
59 110 input365@20
60 111 input371@20
61 000 input375@20
62 111 input376@20
63 000 input382@20
64 000 input395@20
65 000 input398@20
66 0 input412@20
67 1 input418@20
68 0 input422@20
69 0 input427@20
70 0 input440@20
71 0 input450@20
72 0 input460@20
73 1 input461@20
74 0 input466@20
75 0 input479@20
76 0 input482@20
77 0 input487@20
78 1 input489@20
79 0 input493@20
80 0 input498@20
81 0 input504@20
82 0 input510@20
83 111 input519@20
84 110 input522@20
85 000 input526@20
86 0 input532@20
87 1 input536@20
88 0 input540@20
89 000 input544@20
90 111 input550@20
91 111 input553@20
92 111 input557@20
93 110 input559@20
94 000 input562@20
95 00000000 input567@20
96 0 input573@20
97 0 input577@20
98 0 input582@20
99 0 input587@20
100 0 input591@20
101 0 input595@20
102 0 input601@20
103 0 input605@20
104 0 input609@20
105 0 input613@20
106 0 input617@20
107 0 input648@20
108 000 input658@20
109 000 input662@20
110 111 input666@20
111 111 input670@20
112 111 input672@20
113 111 input676@20
114 111 input683@20
115 111 input687@20
116 111 input689@20
117 111 input695@20
118 111 input699@20
119 111 input703@20
120 000 input712@20
121 0 input717@20
122 1 input719@20
123 0 input723@20
124 0 input728@20
125 0 input736@20
126 0 input742@20
127 0 input748@20
128 11111 input758@20
129 00000 input762@20
130 00000 input766@20
@21
0 00000000 DataOut_i@21
1 0 TxValid_i@21
2 0 clk@21
3 0 phy_tx_mode@21
4 1 rst@21
5 1 rxd@21
6 0 rxdn@21
7 1 rxdp@21
8 00000000 input67@21
9 0 input112@21
10 0 input141@21
11 0 input143@21
12 0 input160@21
13 0 input162@21
14 0 input164@21
15 0 input166@21
16 1 input185@21
17 0 input188@21
18 0 input192@21
19 000 input201@21
20 000 input204@21
21 000 input208@21
22 11 input216@21
23 00 input222@21
24 00 input225@21
25 00 input232@21
26 11 input236@21
27 00 input241@21
28 11 input243@21
29 00 input246@21
30 00 input253@21
31 000 input257@21
32 000 input263@21
33 000 input266@21
34 000 input270@21
35 000 input272@21
36 000 input275@21
37 0 input287@21
38 000 input294@21
39 000 input295@21
40 000 input296@21
41 000 input302@21
42 000 input305@21
43 111 input306@21
44 000 input313@21
45 000 input317@21
46 111 input318@21
47 000 input325@21
48 000 input327@21
49 111 input328@21
50 000 input335@21
51 000 input342@21
52 111 input343@21
53 000 input350@21
54 000 input352@21
55 111 input353@21
56 000 input354@21
57 110 input355@21
58 000 input359@21
59 000 input365@21
60 000 input371@21
61 000 input375@21
62 000 input376@21
63 000 input382@21
64 000 input395@21
65 000 input398@21
66 0 input412@21
67 0 input418@21
68 0 input422@21
69 0 input427@21
70 0 input440@21
71 0 input450@21
72 0 input460@21
73 1 input461@21
74 0 input466@21
75 0 input479@21
76 0 input482@21
77 0 input487@21
78 0 input489@21
79 0 input493@21
80 0 input498@21
81 0 input504@21
82 0 input510@21
83 111 input519@21
84 000 input522@21
85 000 input526@21
86 0 input532@21
87 0 input536@21
88 0 input540@21
89 000 input544@21
90 111 input550@21
91 000 input553@21
92 110 input557@21
93 000 input559@21
94 000 input562@21
95 00000000 input567@21
96 1 input573@21
97 0 input577@21
98 1 input582@21
99 0 input587@21
100 0 input591@21
101 1 input595@21
102 0 input601@21
103 0 input605@21
104 0 input609@21
105 0 input613@21
106 0 input617@21
107 0 input648@21
108 000 input658@21
109 000 input662@21
110 111 input666@21
111 000 input670@21
112 111 input672@21
113 000 input676@21
114 111 input683@21
115 000 input687@21
116 111 input689@21
117 000 input695@21
118 111 input699@21
119 000 input703@21
120 000 input712@21
121 0 input717@21
122 0 input719@21
123 0 input723@21
124 0 input728@21
125 0 input736@21
126 0 input742@21
127 0 input748@21
128 00001 input758@21
129 00000 input762@21
130 00000 input766@21
@22
0 00000000 DataOut_i@22
1 0 TxValid_i@22
2 0 clk@22
3 0 phy_tx_mode@22
4 1 rst@22
5 0 rxd@22
6 0 rxdn@22
7 0 rxdp@22
8 00000000 input67@22
9 0 input112@22
10 0 input141@22
11 0 input143@22
12 0 input160@22
13 0 input162@22
14 0 input164@22
15 0 input166@22
16 0 input185@22
17 0 input188@22
18 0 input192@22
19 000 input201@22
20 000 input204@22
21 000 input208@22
22 11 input216@22
23 00 input222@22
24 11 input225@22
25 00 input232@22
26 11 input236@22
27 00 input241@22
28 00 input243@22
29 00 input246@22
30 00 input253@22
31 000 input257@22
32 000 input263@22
33 000 input266@22
34 000 input270@22
35 000 input272@22
36 000 input275@22
37 0 input287@22
38 000 input294@22
39 000 input295@22
40 111 input296@22
41 000 input302@22
42 000 input305@22
43 000 input306@22
44 000 input313@22
45 000 input317@22
46 111 input318@22
47 000 input325@22
48 000 input327@22
49 111 input328@22
50 000 input335@22
51 000 input342@22
52 111 input343@22
53 000 input350@22
54 000 input352@22
55 111 input353@22
56 000 input354@22
57 111 input355@22
58 111 input359@22
59 000 input365@22
60 000 input371@22
61 000 input375@22
62 000 input376@22
63 000 input382@22
64 000 input395@22
65 000 input398@22
66 0 input412@22
67 0 input418@22
68 0 input422@22
69 0 input427@22
70 0 input440@22
71 0 input450@22
72 0 input460@22
73 1 input461@22
74 0 input466@22
75 0 input479@22
76 0 input482@22
77 0 input487@22
78 0 input489@22
79 0 input493@22
80 0 input498@22
81 0 input504@22
82 0 input510@22
83 000 input519@22
84 000 input522@22
85 000 input526@22
86 0 input532@22
87 0 input536@22
88 0 input540@22
89 000 input544@22
90 111 input550@22
91 000 input553@22
92 000 input557@22
93 000 input559@22
94 000 input562@22
95 00000000 input567@22
96 1 input573@22
97 1 input577@22
98 1 input582@22
99 1 input587@22
100 1 input591@22
101 1 input595@22
102 0 input601@22
103 0 input605@22
104 0 input609@22
105 0 input613@22
106 0 input617@22
107 0 input648@22
108 000 input658@22
109 000 input662@22
110 111 input666@22
111 000 input670@22
112 111 input672@22
113 000 input676@22
114 111 input683@22
115 000 input687@22
116 111 input689@22
117 000 input695@22
118 111 input699@22
119 000 input703@22
120 000 input712@22
121 0 input717@22
122 0 input719@22
123 0 input723@22
124 0 input728@22
125 0 input736@22
126 0 input742@22
127 0 input748@22
128 00001 input758@22
129 00000 input762@22
130 00000 input766@22
@23
0 00000000 DataOut_i@23
1 0 TxValid_i@23
2 0 clk@23
3 0 phy_tx_mode@23
4 1 rst@23
5 1 rxd@23
6 1 rxdn@23
7 0 rxdp@23
8 00000000 input67@23
9 0 input112@23
10 0 input141@23
11 0 input143@23
12 0 input160@23
13 0 input162@23
14 0 input164@23
15 0 input166@23
16 0 input185@23
17 0 input188@23
18 0 input192@23
19 000 input201@23
20 000 input204@23
21 000 input208@23
22 00 input216@23
23 00 input222@23
24 11 input225@23
25 00 input232@23
26 11 input236@23
27 00 input241@23
28 11 input243@23
29 00 input246@23
30 00 input253@23
31 000 input257@23
32 000 input263@23
33 000 input266@23
34 000 input270@23
35 000 input272@23
36 000 input275@23
37 0 input287@23
38 000 input294@23
39 000 input295@23
40 111 input296@23
41 000 input302@23
42 000 input305@23
43 111 input306@23
44 000 input313@23
45 000 input317@23
46 000 input318@23
47 000 input325@23
48 000 input327@23
49 111 input328@23
50 000 input335@23
51 000 input342@23
52 111 input343@23
53 000 input350@23
54 000 input352@23
55 111 input353@23
56 000 input354@23
57 111 input355@23
58 111 input359@23
59 000 input365@23
60 000 input371@23
61 000 input375@23
62 000 input376@23
63 000 input382@23
64 000 input395@23
65 000 input398@23
66 0 input412@23
67 0 input418@23
68 0 input422@23
69 0 input427@23
70 0 input440@23
71 0 input450@23
72 0 input460@23
73 1 input461@23
74 0 input466@23
75 0 input479@23
76 0 input482@23
77 0 input487@23
78 0 input489@23
79 0 input493@23
80 0 input498@23
81 0 input504@23
82 0 input510@23
83 010 input519@23
84 000 input522@23
85 000 input526@23
86 0 input532@23
87 0 input536@23
88 0 input540@23
89 000 input544@23
90 111 input550@23
91 000 input553@23
92 000 input557@23
93 000 input559@23
94 000 input562@23
95 00000000 input567@23
96 0 input573@23
97 0 input577@23
98 0 input582@23
99 0 input587@23
100 0 input591@23
101 1 input595@23
102 0 input601@23
103 0 input605@23
104 0 input609@23
105 0 input613@23
106 0 input617@23
107 0 input648@23
108 000 input658@23
109 000 input662@23
110 111 input666@23
111 000 input670@23
112 111 input672@23
113 000 input676@23
114 111 input683@23
115 000 input687@23
116 111 input689@23
117 000 input695@23
118 111 input699@23
119 000 input703@23
120 000 input712@23
121 0 input717@23
122 0 input719@23
123 0 input723@23
124 0 input728@23
125 0 input736@23
126 0 input742@23
127 0 input748@23
128 00010 input758@23
129 00000 input762@23
130 00000 input766@23
@24
0 11111111 DataOut_i@24
1 0 TxValid_i@24
2 0 clk@24
3 0 phy_tx_mode@24
4 1 rst@24
5 0 rxd@24
6 1 rxdn@24
7 0 rxdp@24
8 00000000 input67@24
9 0 input112@24
10 0 input141@24
11 0 input143@24
12 0 input160@24
13 0 input162@24
14 0 input164@24
15 0 input166@24
16 0 input185@24
17 0 input188@24
18 0 input192@24
19 000 input201@24
20 000 input204@24
21 000 input208@24
22 11 input216@24
23 00 input222@24
24 00 input225@24
25 00 input232@24
26 11 input236@24
27 00 input241@24
28 11 input243@24
29 00 input246@24
30 00 input253@24
31 000 input257@24
32 000 input263@24
33 000 input266@24
34 000 input270@24
35 000 input272@24
36 000 input275@24
37 0 input287@24
38 000 input294@24
39 000 input295@24
40 000 input296@24
41 000 input302@24
42 000 input305@24
43 111 input306@24
44 000 input313@24
45 000 input317@24
46 111 input318@24
47 000 input325@24
48 000 input327@24
49 111 input328@24
50 000 input335@24
51 000 input342@24
52 111 input343@24
53 000 input350@24
54 000 input352@24
55 111 input353@24
56 000 input354@24
57 111 input355@24
58 111 input359@24
59 000 input365@24
60 000 input371@24
61 000 input375@24
62 000 input376@24
63 000 input382@24
64 000 input395@24
65 000 input398@24
66 0 input412@24
67 0 input418@24
68 0 input422@24
69 0 input427@24
70 0 input440@24
71 0 input450@24
72 0 input460@24
73 1 input461@24
74 0 input466@24
75 0 input479@24
76 0 input482@24
77 0 input487@24
78 0 input489@24
79 0 input493@24
80 0 input498@24
81 0 input504@24
82 0 input510@24
83 100 input519@24
84 000 input522@24
85 000 input526@24
86 0 input532@24
87 0 input536@24
88 0 input540@24
89 000 input544@24
90 111 input550@24
91 000 input553@24
92 110 input557@24
93 000 input559@24
94 000 input562@24
95 00000000 input567@24
96 0 input573@24
97 0 input577@24
98 0 input582@24
99 0 input587@24
100 0 input591@24
101 1 input595@24
102 0 input601@24
103 0 input605@24
104 0 input609@24
105 0 input613@24
106 0 input617@24
107 0 input648@24
108 000 input658@24
109 000 input662@24
110 111 input666@24
111 000 input670@24
112 111 input672@24
113 000 input676@24
114 111 input683@24
115 000 input687@24
116 111 input689@24
117 000 input695@24
118 111 input699@24
119 000 input703@24
120 000 input712@24
121 0 input717@24
122 0 input719@24
123 0 input723@24
124 0 input728@24
125 0 input736@24
126 0 input742@24
127 0 input748@24
128 00000 input758@24
129 00000 input762@24
130 00000 input766@24
@25
0 00000000 DataOut_i@25
1 0 TxValid_i@25
2 0 clk@25
3 0 phy_tx_mode@25
4 1 rst@25
5 1 rxd@25
6 1 rxdn@25
7 0 rxdp@25
8 00000000 input67@25
9 0 input112@25
10 0 input141@25
11 0 input143@25
12 0 input160@25
13 0 input162@25
14 0 input164@25
15 0 input166@25
16 0 input185@25
17 0 input188@25
18 0 input192@25
19 000 input201@25
20 000 input204@25
21 000 input208@25
22 11 input216@25
23 00 input222@25
24 11 input225@25
25 00 input232@25
26 11 input236@25
27 00 input241@25
28 00 input243@25
29 00 input246@25
30 00 input253@25
31 000 input257@25
32 000 input263@25
33 000 input266@25
34 000 input270@25
35 000 input272@25
36 000 input275@25
37 0 input287@25
38 000 input294@25
39 000 input295@25
40 000 input296@25
41 000 input302@25
42 000 input305@25
43 111 input306@25
44 000 input313@25
45 000 input317@25
46 111 input318@25
47 000 input325@25
48 000 input327@25
49 111 input328@25
50 000 input335@25
51 000 input342@25
52 111 input343@25
53 000 input350@25
54 000 input352@25
55 111 input353@25
56 000 input354@25
57 110 input355@25
58 000 input359@25
59 000 input365@25
60 000 input371@25
61 000 input375@25
62 000 input376@25
63 000 input382@25
64 000 input395@25
65 000 input398@25
66 0 input412@25
67 0 input418@25
68 0 input422@25
69 0 input427@25
70 0 input440@25
71 0 input450@25
72 0 input460@25
73 1 input461@25
74 0 input466@25
75 0 input479@25
76 0 input482@25
77 0 input487@25
78 0 input489@25
79 0 input493@25
80 0 input498@25
81 0 input504@25
82 0 input510@25
83 111 input519@25
84 000 input522@25
85 000 input526@25
86 0 input532@25
87 0 input536@25
88 0 input540@25
89 000 input544@25
90 000 input550@25
91 000 input553@25
92 110 input557@25
93 000 input559@25
94 000 input562@25
95 00000000 input567@25
96 0 input573@25
97 0 input577@25
98 0 input582@25
99 0 input587@25
100 0 input591@25
101 1 input595@25
102 1 input601@25
103 1 input605@25
104 0 input609@25
105 0 input613@25
106 0 input617@25
107 1 input648@25
108 000 input658@25
109 000 input662@25
110 111 input666@25
111 000 input670@25
112 111 input672@25
113 000 input676@25
114 111 input683@25
115 000 input687@25
116 111 input689@25
117 000 input695@25
118 111 input699@25
119 000 input703@25
120 000 input712@25
121 0 input717@25
122 0 input719@25
123 0 input723@25
124 0 input728@25
125 0 input736@25
126 0 input742@25
127 0 input748@25
128 00000 input758@25
129 00000 input762@25
130 00000 input766@25
@26
0 00000000 DataOut_i@26
1 0 TxValid_i@26
2 0 clk@26
3 0 phy_tx_mode@26
4 1 rst@26
5 0 rxd@26
6 1 rxdn@26
7 1 rxdp@26
8 00000000 input67@26
9 0 input112@26
10 0 input141@26
11 0 input143@26
12 0 input160@26
13 0 input162@26
14 0 input164@26
15 0 input166@26
16 0 input185@26
17 0 input188@26
18 0 input192@26
19 000 input201@26
20 000 input204@26
21 000 input208@26
22 00 input216@26
23 00 input222@26
24 11 input225@26
25 00 input232@26
26 11 input236@26
27 00 input241@26
28 11 input243@26
29 00 input246@26
30 00 input253@26
31 000 input257@26
32 000 input263@26
33 000 input266@26
34 000 input270@26
35 000 input272@26
36 000 input275@26
37 0 input287@26
38 000 input294@26
39 000 input295@26
40 000 input296@26
41 000 input302@26
42 000 input305@26
43 111 input306@26
44 000 input313@26
45 000 input317@26
46 111 input318@26
47 000 input325@26
48 000 input327@26
49 111 input328@26
50 000 input335@26
51 000 input342@26
52 111 input343@26
53 000 input350@26
54 000 input352@26
55 111 input353@26
56 000 input354@26
57 110 input355@26
58 000 input359@26
59 000 input365@26
60 000 input371@26
61 000 input375@26
62 000 input376@26
63 000 input382@26
64 000 input395@26
65 000 input398@26
66 0 input412@26
67 0 input418@26
68 0 input422@26
69 0 input427@26
70 0 input440@26
71 0 input450@26
72 0 input460@26
73 1 input461@26
74 0 input466@26
75 0 input479@26
76 0 input482@26
77 1 input487@26
78 1 input489@26
79 1 input493@26
80 0 input498@26
81 0 input504@26
82 0 input510@26
83 111 input519@26
84 111 input522@26
85 000 input526@26
86 0 input532@26
87 0 input536@26
88 0 input540@26
89 111 input544@26
90 000 input550@26
91 111 input553@26
92 110 input557@26
93 111 input559@26
94 000 input562@26
95 00000000 input567@26
96 0 input573@26
97 0 input577@26
98 0 input582@26
99 0 input587@26
100 0 input591@26
101 0 input595@26
102 0 input601@26
103 0 input605@26
104 0 input609@26
105 0 input613@26
106 0 input617@26
107 0 input648@26
108 000 input658@26
109 000 input662@26
110 111 input666@26
111 000 input670@26
112 111 input672@26
113 000 input676@26
114 111 input683@26
115 000 input687@26
116 111 input689@26
117 000 input695@26
118 111 input699@26
119 000 input703@26
120 000 input712@26
121 0 input717@26
122 0 input719@26
123 0 input723@26
124 0 input728@26
125 0 input736@26
126 0 input742@26
127 0 input748@26
128 00001 input758@26
129 00000 input762@26
130 00000 input766@26
@27
0 00000000 DataOut_i@27
1 0 TxValid_i@27
2 0 clk@27
3 0 phy_tx_mode@27
4 1 rst@27
5 1 rxd@27
6 1 rxdn@27
7 1 rxdp@27
8 00000000 input67@27
9 0 input112@27
10 0 input141@27
11 0 input143@27
12 0 input160@27
13 0 input162@27
14 0 input164@27
15 0 input166@27
16 0 input185@27
17 0 input188@27
18 0 input192@27
19 000 input201@27
20 000 input204@27
21 000 input208@27
22 11 input216@27
23 00 input222@27
24 00 input225@27
25 00 input232@27
26 11 input236@27
27 00 input241@27
28 11 input243@27
29 00 input246@27
30 00 input253@27
31 111 input257@27
32 000 input263@27
33 000 input266@27
34 000 input270@27
35 000 input272@27
36 000 input275@27
37 0 input287@27
38 111 input294@27
39 111 input295@27
40 111 input296@27
41 000 input302@27
42 111 input305@27
43 000 input306@27
44 000 input313@27
45 111 input317@27
46 011 input318@27
47 000 input325@27
48 111 input327@27
49 100 input328@27
50 000 input335@27
51 111 input342@27
52 101 input343@27
53 000 input350@27
54 111 input352@27
55 111 input353@27
56 110 input354@27
57 111 input355@27
58 000 input359@27
59 000 input365@27
60 000 input371@27
61 000 input375@27
62 111 input376@27
63 000 input382@27
64 000 input395@27
65 000 input398@27
66 0 input412@27
67 0 input418@27
68 0 input422@27
69 0 input427@27
70 0 input440@27
71 1 input450@27
72 1 input460@27
73 0 input461@27
74 0 input466@27
75 0 input479@27
76 0 input482@27
77 0 input487@27
78 0 input489@27
79 0 input493@27
80 1 input498@27
81 0 input504@27
82 0 input510@27
83 000 input519@27
84 000 input522@27
85 000 input526@27
86 1 input532@27
87 1 input536@27
88 1 input540@27
89 000 input544@27
90 000 input550@27
91 000 input553@27
92 000 input557@27
93 000 input559@27
94 000 input562@27
95 00000000 input567@27
96 0 input573@27
97 0 input577@27
98 0 input582@27
99 0 input587@27
100 0 input591@27
101 0 input595@27
102 0 input601@27
103 0 input605@27
104 0 input609@27
105 0 input613@27
106 0 input617@27
107 0 input648@27
108 000 input658@27
109 000 input662@27
110 110 input666@27
111 000 input670@27
112 111 input672@27
113 000 input676@27
114 000 input683@27
115 000 input687@27
116 111 input689@27
117 000 input695@27
118 111 input699@27
119 000 input703@27
120 000 input712@27
121 0 input717@27
122 0 input719@27
123 0 input723@27
124 0 input728@27
125 0 input736@27
126 0 input742@27
127 0 input748@27
128 00000 input758@27
129 00000 input762@27
130 00000 input766@27
@28
0 00000000 DataOut_i@28
1 1 TxValid_i@28
2 0 clk@28
3 0 phy_tx_mode@28
4 1 rst@28
5 1 rxd@28
6 1 rxdn@28
7 0 rxdp@28
8 00000000 input67@28
9 0 input112@28
10 0 input141@28
11 0 input143@28
12 0 input160@28
13 0 input162@28
14 0 input164@28
15 0 input166@28
16 0 input185@28
17 0 input188@28
18 0 input192@28
19 000 input201@28
20 000 input204@28
21 000 input208@28
22 11 input216@28
23 00 input222@28
24 11 input225@28
25 00 input232@28
26 00 input236@28
27 00 input241@28
28 11 input243@28
29 00 input246@28
30 00 input253@28
31 111 input257@28
32 000 input263@28
33 000 input266@28
34 000 input270@28
35 000 input272@28
36 000 input275@28
37 0 input287@28
38 111 input294@28
39 111 input295@28
40 111 input296@28
41 000 input302@28
42 111 input305@28
43 000 input306@28
44 000 input313@28
45 111 input317@28
46 011 input318@28
47 000 input325@28
48 111 input327@28
49 100 input328@28
50 000 input335@28
51 111 input342@28
52 101 input343@28
53 000 input350@28
54 111 input352@28
55 111 input353@28
56 110 input354@28
57 111 input355@28
58 000 input359@28
59 000 input365@28
60 000 input371@28
61 000 input375@28
62 111 input376@28
63 000 input382@28
64 000 input395@28
65 000 input398@28
66 0 input412@28
67 0 input418@28
68 0 input422@28
69 0 input427@28
70 0 input440@28
71 1 input450@28
72 1 input460@28
73 0 input461@28
74 0 input466@28
75 0 input479@28
76 0 input482@28
77 0 input487@28
78 0 input489@28
79 0 input493@28
80 0 input498@28
81 1 input504@28
82 0 input510@28
83 000 input519@28
84 000 input522@28
85 000 input526@28
86 0 input532@28
87 0 input536@28
88 0 input540@28
89 000 input544@28
90 000 input550@28
91 000 input553@28
92 000 input557@28
93 000 input559@28
94 000 input562@28
95 00000000 input567@28
96 0 input573@28
97 0 input577@28
98 0 input582@28
99 0 input587@28
100 0 input591@28
101 0 input595@28
102 0 input601@28
103 0 input605@28
104 0 input609@28
105 0 input613@28
106 0 input617@28
107 0 input648@28
108 111 input658@28
109 111 input662@28
110 000 input666@28
111 111 input670@28
112 000 input672@28
113 111 input676@28
114 000 input683@28
115 111 input687@28
116 000 input689@28
117 111 input695@28
118 000 input699@28
119 111 input703@28
120 000 input712@28
121 0 input717@28
122 0 input719@28
123 0 input723@28
124 0 input728@28
125 0 input736@28
126 0 input742@28
127 0 input748@28
128 11101 input758@28
129 00000 input762@28
130 00000 input766@28
@29
0 00000000 DataOut_i@29
1 1 TxValid_i@29
2 0 clk@29
3 0 phy_tx_mode@29
4 1 rst@29
5 1 rxd@29
6 1 rxdn@29
7 1 rxdp@29
8 00000000 input67@29
9 0 input112@29
10 0 input141@29
11 0 input143@29
12 0 input160@29
13 0 input162@29
14 0 input164@29
15 0 input166@29
16 0 input185@29
17 0 input188@29
18 0 input192@29
19 000 input201@29
20 000 input204@29
21 000 input208@29
22 11 input216@29
23 11 input222@29
24 10 input225@29
25 11 input232@29
26 00 input236@29
27 11 input241@29
28 00 input243@29
29 11 input246@29
30 00 input253@29
31 000 input257@29
32 000 input263@29
33 000 input266@29
34 000 input270@29
35 000 input272@29
36 000 input275@29
37 0 input287@29
38 000 input294@29
39 000 input295@29
40 111 input296@29
41 000 input302@29
42 000 input305@29
43 000 input306@29
44 000 input313@29
45 000 input317@29
46 111 input318@29
47 000 input325@29
48 000 input327@29
49 111 input328@29
50 000 input335@29
51 000 input342@29
52 111 input343@29
53 000 input350@29
54 000 input352@29
55 111 input353@29
56 000 input354@29
57 110 input355@29
58 000 input359@29
59 000 input365@29
60 000 input371@29
61 000 input375@29
62 000 input376@29
63 000 input382@29
64 000 input395@29
65 000 input398@29
66 0 input412@29
67 0 input418@29
68 0 input422@29
69 0 input427@29
70 0 input440@29
71 0 input450@29
72 0 input460@29
73 1 input461@29
74 0 input466@29
75 0 input479@29
76 0 input482@29
77 0 input487@29
78 0 input489@29
79 0 input493@29
80 0 input498@29
81 0 input504@29
82 1 input510@29
83 000 input519@29
84 000 input522@29
85 000 input526@29
86 0 input532@29
87 0 input536@29
88 0 input540@29
89 000 input544@29
90 000 input550@29
91 000 input553@29
92 000 input557@29
93 000 input559@29
94 000 input562@29
95 00000000 input567@29
96 0 input573@29
97 0 input577@29
98 0 input582@29
99 0 input587@29
100 0 input591@29
101 0 input595@29
102 0 input601@29
103 0 input605@29
104 1 input609@29
105 1 input613@29
106 1 input617@29
107 0 input648@29
108 000 input658@29
109 000 input662@29
110 000 input666@29
111 000 input670@29
112 000 input672@29
113 000 input676@29
114 000 input683@29
115 000 input687@29
116 000 input689@29
117 000 input695@29
118 000 input699@29
119 000 input703@29
120 000 input712@29
121 1 input717@29
122 0 input719@29
123 0 input723@29
124 0 input728@29
125 0 input736@29
126 0 input742@29
127 0 input748@29
128 00001 input758@29
129 00000 input762@29
130 00000 input766@29
@30
0 00000000 DataOut_i@30
1 0 TxValid_i@30
2 0 clk@30
3 0 phy_tx_mode@30
4 1 rst@30
5 0 rxd@30
6 1 rxdn@30
7 1 rxdp@30
8 00000000 input67@30
9 0 input112@30
10 0 input141@30
11 0 input143@30
12 0 input160@30
13 0 input162@30
14 0 input164@30
15 0 input166@30
16 0 input185@30
17 0 input188@30
18 0 input192@30
19 000 input201@30
20 000 input204@30
21 000 input208@30
22 00 input216@30
23 00 input222@30
24 00 input225@30
25 00 input232@30
26 00 input236@30
27 00 input241@30
28 00 input243@30
29 00 input246@30
30 00 input253@30
31 111 input257@30
32 000 input263@30
33 000 input266@30
34 000 input270@30
35 000 input272@30
36 000 input275@30
37 1 input287@30
38 111 input294@30
39 111 input295@30
40 000 input296@30
41 000 input302@30
42 111 input305@30
43 010 input306@30
44 000 input313@30
45 111 input317@30
46 011 input318@30
47 000 input325@30
48 111 input327@30
49 100 input328@30
50 000 input335@30
51 111 input342@30
52 101 input343@30
53 000 input350@30
54 111 input352@30
55 111 input353@30
56 110 input354@30
57 111 input355@30
58 000 input359@30
59 000 input365@30
60 000 input371@30
61 000 input375@30
62 111 input376@30
63 000 input382@30
64 000 input395@30
65 000 input398@30
66 0 input412@30
67 0 input418@30
68 0 input422@30
69 0 input427@30
70 0 input440@30
71 1 input450@30
72 1 input460@30
73 0 input461@30
74 0 input466@30
75 0 input479@30
76 0 input482@30
77 0 input487@30
78 0 input489@30
79 0 input493@30
80 0 input498@30
81 0 input504@30
82 0 input510@30
83 000 input519@30
84 000 input522@30
85 000 input526@30
86 0 input532@30
87 0 input536@30
88 0 input540@30
89 000 input544@30
90 000 input550@30
91 000 input553@30
92 000 input557@30
93 000 input559@30
94 000 input562@30
95 00000000 input567@30
96 0 input573@30
97 0 input577@30
98 0 input582@30
99 0 input587@30
100 0 input591@30
101 0 input595@30
102 0 input601@30
103 0 input605@30
104 0 input609@30
105 0 input613@30
106 0 input617@30
107 0 input648@30
108 000 input658@30
109 000 input662@30
110 000 input666@30
111 000 input670@30
112 000 input672@30
113 000 input676@30
114 000 input683@30
115 000 input687@30
116 000 input689@30
117 000 input695@30
118 000 input699@30
119 000 input703@30
120 000 input712@30
121 1 input717@30
122 1 input719@30
123 1 input723@30
124 0 input728@30
125 0 input736@30
126 0 input742@30
127 0 input748@30
128 11101 input758@30
129 00000 input762@30
130 00000 input766@30
@31
0 00000000 DataOut_i@31
1 0 TxValid_i@31
2 0 clk@31
3 0 phy_tx_mode@31
4 1 rst@31
5 0 rxd@31
6 1 rxdn@31
7 0 rxdp@31
8 00000000 input67@31
9 0 input112@31
10 0 input141@31
11 0 input143@31
12 0 input160@31
13 0 input162@31
14 0 input164@31
15 0 input166@31
16 0 input185@31
17 0 input188@31
18 0 input192@31
19 000 input201@31
20 000 input204@31
21 000 input208@31
22 00 input216@31
23 00 input222@31
24 00 input225@31
25 00 input232@31
26 00 input236@31
27 00 input241@31
28 00 input243@31
29 00 input246@31
30 00 input253@31
31 111 input257@31
32 000 input263@31
33 000 input266@31
34 000 input270@31
35 000 input272@31
36 000 input275@31
37 0 input287@31
38 111 input294@31
39 111 input295@31
40 000 input296@31
41 000 input302@31
42 111 input305@31
43 010 input306@31
44 000 input313@31
45 111 input317@31
46 011 input318@31
47 000 input325@31
48 111 input327@31
49 100 input328@31
50 000 input335@31
51 111 input342@31
52 101 input343@31
53 000 input350@31
54 111 input352@31
55 111 input353@31
56 110 input354@31
57 111 input355@31
58 000 input359@31
59 000 input365@31
60 000 input371@31
61 000 input375@31
62 111 input376@31
63 000 input382@31
64 000 input395@31
65 000 input398@31
66 0 input412@31
67 0 input418@31
68 0 input422@31
69 0 input427@31
70 0 input440@31
71 1 input450@31
72 1 input460@31
73 0 input461@31
74 0 input466@31
75 0 input479@31
76 0 input482@31
77 0 input487@31
78 0 input489@31
79 0 input493@31
80 0 input498@31
81 0 input504@31
82 0 input510@31
83 000 input519@31
84 000 input522@31
85 000 input526@31
86 0 input532@31
87 0 input536@31
88 0 input540@31
89 000 input544@31
90 000 input550@31
91 000 input553@31
92 000 input557@31
93 000 input559@31
94 000 input562@31
95 00000000 input567@31
96 0 input573@31
97 0 input577@31
98 0 input582@31
99 0 input587@31
100 0 input591@31
101 0 input595@31
102 0 input601@31
103 0 input605@31
104 0 input609@31
105 0 input613@31
106 0 input617@31
107 0 input648@31
108 000 input658@31
109 000 input662@31
110 000 input666@31
111 000 input670@31
112 000 input672@31
113 000 input676@31
114 000 input683@31
115 000 input687@31
116 000 input689@31
117 000 input695@31
118 000 input699@31
119 000 input703@31
120 000 input712@31
121 0 input717@31
122 0 input719@31
123 0 input723@31
124 1 input728@31
125 0 input736@31
126 0 input742@31
127 0 input748@31
128 11111 input758@31
129 00000 input762@31
130 00000 input766@31
@32
0 00000000 DataOut_i@32
1 0 TxValid_i@32
2 0 clk@32
3 0 phy_tx_mode@32
4 1 rst@32
5 0 rxd@32
6 0 rxdn@32
7 0 rxdp@32
8 00000000 input67@32
9 0 input112@32
10 0 input141@32
11 0 input143@32
12 0 input160@32
13 0 input162@32
14 0 input164@32
15 0 input166@32
16 0 input185@32
17 0 input188@32
18 0 input192@32
19 000 input201@32
20 000 input204@32
21 000 input208@32
22 00 input216@32
23 00 input222@32
24 00 input225@32
25 00 input232@32
26 00 input236@32
27 00 input241@32
28 00 input243@32
29 00 input246@32
30 00 input253@32
31 000 input257@32
32 000 input263@32
33 000 input266@32
34 000 input270@32
35 000 input272@32
36 000 input275@32
37 0 input287@32
38 000 input294@32
39 000 input295@32
40 000 input296@32
41 000 input302@32
42 000 input305@32
43 111 input306@32
44 000 input313@32
45 000 input317@32
46 111 input318@32
47 000 input325@32
48 000 input327@32
49 111 input328@32
50 000 input335@32
51 000 input342@32
52 000 input343@32
53 000 input350@32
54 000 input352@32
55 111 input353@32
56 000 input354@32
57 110 input355@32
58 000 input359@32
59 000 input365@32
60 000 input371@32
61 000 input375@32
62 000 input376@32
63 000 input382@32
64 000 input395@32
65 000 input398@32
66 1 input412@32
67 0 input418@32
68 0 input422@32
69 0 input427@32
70 0 input440@32
71 0 input450@32
72 0 input460@32
73 1 input461@32
74 0 input466@32
75 0 input479@32
76 0 input482@32
77 0 input487@32
78 0 input489@32
79 0 input493@32
80 0 input498@32
81 0 input504@32
82 0 input510@32
83 000 input519@32
84 000 input522@32
85 000 input526@32
86 0 input532@32
87 0 input536@32
88 0 input540@32
89 000 input544@32
90 000 input550@32
91 000 input553@32
92 000 input557@32
93 000 input559@32
94 000 input562@32
95 00000000 input567@32
96 0 input573@32
97 0 input577@32
98 0 input582@32
99 0 input587@32
100 0 input591@32
101 0 input595@32
102 0 input601@32
103 0 input605@32
104 0 input609@32
105 0 input613@32
106 0 input617@32
107 0 input648@32
108 000 input658@32
109 000 input662@32
110 000 input666@32
111 000 input670@32
112 000 input672@32
113 000 input676@32
114 000 input683@32
115 000 input687@32
116 000 input689@32
117 000 input695@32
118 000 input699@32
119 000 input703@32
120 000 input712@32
121 0 input717@32
122 0 input719@32
123 0 input723@32
124 0 input728@32
125 0 input736@32
126 1 input742@32
127 1 input748@32
128 00000 input758@32
129 00000 input762@32
130 00000 input766@32
@33
0 00000000 DataOut_i@33
1 0 TxValid_i@33
2 0 clk@33
3 0 phy_tx_mode@33
4 1 rst@33
5 0 rxd@33
6 0 rxdn@33
7 0 rxdp@33
8 00000000 input67@33
9 0 input112@33
10 0 input141@33
11 0 input143@33
12 0 input160@33
13 0 input162@33
14 0 input164@33
15 0 input166@33
16 0 input185@33
17 0 input188@33
18 0 input192@33
19 111 input201@33
20 111 input204@33
21 000 input208@33
22 00 input216@33
23 00 input222@33
24 00 input225@33
25 00 input232@33
26 00 input236@33
27 00 input241@33
28 00 input243@33
29 00 input246@33
30 00 input253@33
31 111 input257@33
32 000 input263@33
33 000 input266@33
34 000 input270@33
35 000 input272@33
36 000 input275@33
37 0 input287@33
38 000 input294@33
39 000 input295@33
40 111 input296@33
41 111 input302@33
42 000 input305@33
43 000 input306@33
44 111 input313@33
45 000 input317@33
46 100 input318@33
47 111 input325@33
48 000 input327@33
49 011 input328@33
50 111 input335@33
51 000 input342@33
52 010 input343@33
53 111 input350@33
54 000 input352@33
55 000 input353@33
56 001 input354@33
57 000 input355@33
58 111 input359@33
59 111 input365@33
60 111 input371@33
61 111 input375@33
62 000 input376@33
63 111 input382@33
64 111 input395@33
65 000 input398@33
66 0 input412@33
67 0 input418@33
68 0 input422@33
69 0 input427@33
70 1 input440@33
71 0 input450@33
72 1 input460@33
73 1 input461@33
74 0 input466@33
75 0 input479@33
76 0 input482@33
77 0 input487@33
78 0 input489@33
79 0 input493@33
80 0 input498@33
81 0 input504@33
82 0 input510@33
83 000 input519@33
84 000 input522@33
85 000 input526@33
86 0 input532@33
87 0 input536@33
88 0 input540@33
89 000 input544@33
90 000 input550@33
91 000 input553@33
92 000 input557@33
93 000 input559@33
94 000 input562@33
95 00000000 input567@33
96 0 input573@33
97 0 input577@33
98 0 input582@33
99 0 input587@33
100 0 input591@33
101 0 input595@33
102 0 input601@33
103 0 input605@33
104 0 input609@33
105 0 input613@33
106 0 input617@33
107 0 input648@33
108 000 input658@33
109 000 input662@33
110 000 input666@33
111 000 input670@33
112 000 input672@33
113 000 input676@33
114 000 input683@33
115 000 input687@33
116 000 input689@33
117 000 input695@33
118 000 input699@33
119 000 input703@33
120 000 input712@33
121 0 input717@33
122 0 input719@33
123 0 input723@33
124 0 input728@33
125 1 input736@33
126 0 input742@33
127 0 input748@33
128 11111 input758@33
129 11111 input762@33
130 00000 input766@33
@34
0 00000000 DataOut_i@34
1 0 TxValid_i@34
2 0 clk@34
3 0 phy_tx_mode@34
4 1 rst@34
5 0 rxd@34
6 0 rxdn@34
7 0 rxdp@34
8 00000000 input67@34
9 0 input112@34
10 0 input141@34
11 0 input143@34
12 0 input160@34
13 0 input162@34
14 0 input164@34
15 0 input166@34
16 0 input185@34
17 0 input188@34
18 0 input192@34
19 000 input201@34
20 000 input204@34
21 000 input208@34
22 00 input216@34
23 00 input222@34
24 00 input225@34
25 00 input232@34
26 00 input236@34
27 00 input241@34
28 00 input243@34
29 00 input246@34
30 00 input253@34
31 000 input257@34
32 111 input263@34
33 111 input266@34
34 111 input270@34
35 111 input272@34
36 000 input275@34
37 0 input287@34
38 000 input294@34
39 000 input295@34
40 000 input296@34
41 000 input302@34
42 000 input305@34
43 000 input306@34
44 000 input313@34
45 000 input317@34
46 000 input318@34
47 000 input325@34
48 000 input327@34
49 000 input328@34
50 000 input335@34
51 000 input342@34
52 000 input343@34
53 000 input350@34
54 000 input352@34
55 000 input353@34
56 000 input354@34
57 000 input355@34
58 000 input359@34
59 000 input365@34
60 000 input371@34
61 000 input375@34
62 000 input376@34
63 000 input382@34
64 000 input395@34
65 000 input398@34
66 1 input412@34
67 1 input418@34
68 1 input422@34
69 1 input427@34
70 0 input440@34
71 1 input450@34
72 1 input460@34
73 1 input461@34
74 1 input466@34
75 1 input479@34
76 1 input482@34
77 0 input487@34
78 0 input489@34
79 0 input493@34
80 0 input498@34
81 0 input504@34
82 0 input510@34
83 000 input519@34
84 000 input522@34
85 000 input526@34
86 0 input532@34
87 0 input536@34
88 0 input540@34
89 000 input544@34
90 000 input550@34
91 000 input553@34
92 000 input557@34
93 000 input559@34
94 000 input562@34
95 00000000 input567@34
96 0 input573@34
97 0 input577@34
98 0 input582@34
99 0 input587@34
100 0 input591@34
101 0 input595@34
102 0 input601@34
103 0 input605@34
104 0 input609@34
105 0 input613@34
106 0 input617@34
107 0 input648@34
108 000 input658@34
109 000 input662@34
110 000 input666@34
111 000 input670@34
112 000 input672@34
113 000 input676@34
114 000 input683@34
115 000 input687@34
116 000 input689@34
117 000 input695@34
118 000 input699@34
119 000 input703@34
120 000 input712@34
121 0 input717@34
122 0 input719@34
123 0 input723@34
124 0 input728@34
125 0 input736@34
126 0 input742@34
127 0 input748@34
128 00000 input758@34
129 00000 input762@34
130 00000 input766@34
@35
0 00000000 DataOut_i@35
1 0 TxValid_i@35
2 0 clk@35
3 0 phy_tx_mode@35
4 0 rst@35
5 0 rxd@35
6 0 rxdn@35
7 0 rxdp@35
8 00000000 input67@35
9 0 input112@35
10 0 input141@35
11 0 input143@35
12 0 input160@35
13 0 input162@35
14 0 input164@35
15 0 input166@35
16 1 input185@35
17 0 input188@35
18 1 input192@35
19 000 input201@35
20 000 input204@35
21 000 input208@35
22 00 input216@35
23 00 input222@35
24 00 input225@35
25 00 input232@35
26 00 input236@35
27 00 input241@35
28 00 input243@35
29 00 input246@35
30 00 input253@35
31 000 input257@35
32 000 input263@35
33 000 input266@35
34 000 input270@35
35 000 input272@35
36 000 input275@35
37 0 input287@35
38 000 input294@35
39 000 input295@35
40 000 input296@35
41 000 input302@35
42 000 input305@35
43 000 input306@35
44 000 input313@35
45 000 input317@35
46 000 input318@35
47 000 input325@35
48 000 input327@35
49 000 input328@35
50 000 input335@35
51 000 input342@35
52 000 input343@35
53 000 input350@35
54 000 input352@35
55 000 input353@35
56 000 input354@35
57 000 input355@35
58 000 input359@35
59 000 input365@35
60 000 input371@35
61 000 input375@35
62 000 input376@35
63 000 input382@35
64 000 input395@35
65 000 input398@35
66 0 input412@35
67 0 input418@35
68 0 input422@35
69 0 input427@35
70 0 input440@35
71 0 input450@35
72 0 input460@35
73 0 input461@35
74 0 input466@35
75 0 input479@35
76 0 input482@35
77 0 input487@35
78 0 input489@35
79 0 input493@35
80 0 input498@35
81 0 input504@35
82 0 input510@35
83 000 input519@35
84 000 input522@35
85 000 input526@35
86 0 input532@35
87 0 input536@35
88 0 input540@35
89 000 input544@35
90 000 input550@35
91 000 input553@35
92 000 input557@35
93 000 input559@35
94 000 input562@35
95 00000000 input567@35
96 0 input573@35
97 0 input577@35
98 0 input582@35
99 0 input587@35
100 0 input591@35
101 0 input595@35
102 0 input601@35
103 0 input605@35
104 0 input609@35
105 0 input613@35
106 0 input617@35
107 0 input648@35
108 000 input658@35
109 000 input662@35
110 000 input666@35
111 000 input670@35
112 000 input672@35
113 000 input676@35
114 000 input683@35
115 000 input687@35
116 000 input689@35
117 000 input695@35
118 000 input699@35
119 000 input703@35
120 000 input712@35
121 0 input717@35
122 0 input719@35
123 0 input723@35
124 0 input728@35
125 0 input736@35
126 0 input742@35
127 0 input748@35
128 00000 input758@35
129 00000 input762@35
130 00000 input766@35
@36
0 00000000 DataOut_i@36
1 0 TxValid_i@36
2 0 clk@36
3 0 phy_tx_mode@36
4 0 rst@36
5 0 rxd@36
6 0 rxdn@36
7 0 rxdp@36
8 00000000 input67@36
9 0 input112@36
10 0 input141@36
11 0 input143@36
12 0 input160@36
13 0 input162@36
14 0 input164@36
15 0 input166@36
16 0 input185@36
17 0 input188@36
18 0 input192@36
19 000 input201@36
20 000 input204@36
21 000 input208@36
22 00 input216@36
23 00 input222@36
24 00 input225@36
25 00 input232@36
26 00 input236@36
27 00 input241@36
28 00 input243@36
29 00 input246@36
30 00 input253@36
31 000 input257@36
32 000 input263@36
33 000 input266@36
34 000 input270@36
35 000 input272@36
36 000 input275@36
37 0 input287@36
38 000 input294@36
39 000 input295@36
40 000 input296@36
41 000 input302@36
42 000 input305@36
43 000 input306@36
44 000 input313@36
45 000 input317@36
46 000 input318@36
47 000 input325@36
48 000 input327@36
49 000 input328@36
50 000 input335@36
51 000 input342@36
52 000 input343@36
53 000 input350@36
54 000 input352@36
55 000 input353@36
56 000 input354@36
57 000 input355@36
58 000 input359@36
59 000 input365@36
60 000 input371@36
61 000 input375@36
62 000 input376@36
63 000 input382@36
64 000 input395@36
65 000 input398@36
66 0 input412@36
67 0 input418@36
68 0 input422@36
69 0 input427@36
70 0 input440@36
71 0 input450@36
72 0 input460@36
73 0 input461@36
74 0 input466@36
75 0 input479@36
76 0 input482@36
77 0 input487@36
78 0 input489@36
79 0 input493@36
80 0 input498@36
81 0 input504@36
82 0 input510@36
83 000 input519@36
84 000 input522@36
85 000 input526@36
86 0 input532@36
87 0 input536@36
88 0 input540@36
89 000 input544@36
90 000 input550@36
91 000 input553@36
92 000 input557@36
93 000 input559@36
94 000 input562@36
95 00000000 input567@36
96 0 input573@36
97 0 input577@36
98 0 input582@36
99 0 input587@36
100 0 input591@36
101 0 input595@36
102 0 input601@36
103 0 input605@36
104 0 input609@36
105 0 input613@36
106 0 input617@36
107 0 input648@36
108 000 input658@36
109 000 input662@36
110 000 input666@36
111 000 input670@36
112 000 input672@36
113 000 input676@36
114 000 input683@36
115 000 input687@36
116 000 input689@36
117 000 input695@36
118 000 input699@36
119 000 input703@36
120 000 input712@36
121 0 input717@36
122 0 input719@36
123 0 input723@36
124 0 input728@36
125 0 input736@36
126 0 input742@36
127 0 input748@36
128 00000 input758@36
129 00000 input762@36
130 00000 input766@36
.

