	(output dir: /scratch/network/hongcez/hwmcc/avr-log/btor2/bv/mann/unsafe/pr_intersymbol_analog_estimation_convergence/work_w1)
	(frontend: btor2)
	(property: all (1 assertions))
	(16 / 91 flops initialized)
	(abstraction: sa+uf)
	(bmc: safe till step 0)
	(bmc: safe till step 10)
	(bmc: found cex at step 16)
   0	: 0	: 0 s: 0    32s                  

AVR -- Proof Race 
copyright (c) 2019  Aman Goel and Karem Sakallah, University of Michigan
@     0s  (starting avr proof race)
@     0s  (output dir: /scratch/network/hongcez/hwmcc/avr-log/btor2/bv/mann/unsafe/pr_intersymbol_analog_estimation_convergence)
@     0s  (max 11 workers)
@     0s  (started worker 0 with pid 261852)
@     0s  (started worker 1 with pid 261853)
@     0s  (started worker 2 with pid 261855)
@     0s  (started worker 3 with pid 261857)
@     0s  (started worker 4 with pid 261859)
@     0s  (spawned 5 workers)
@     0s  (total 5 workers using 0 MB)
@     1s  (started worker 5 with pid 262082)
@     1s  (spawned 1 workers)
@     1s  (total 6 workers using 108 MB)
@     2s  (started worker 6 with pid 326)
@     2s  (spawned 1 workers)
@     2s  (total 7 workers using 180 MB)
@     4s  (started worker 7 with pid 411)
@     4s  (spawned 1 workers)
@     4s  (total 8 workers using 264 MB)
@     6s  (started worker 8 with pid 548)
@     6s  (spawned 1 workers)
@     6s  (total 9 workers using 376 MB)
@     9s  (started worker 9 with pid 678)
@     9s  (spawned 1 workers)
@     9s  (total 10 workers using 516 MB)
@    12s  (started worker 10 with pid 775)
@    12s  (spawned 1 workers)
@    12s  (total 11 workers using 660 MB)
@    24s  (total 11 workers using 1281 MB)
@    37s  (worker 6 finished with result unknown) python3 avr.py -a sa --interpol 1 -f 1
@    40s  (total 10 workers using 1246 MB)
@    47s  (worker 1 finished with result unsafe) python3 avr.py -b bin_bt_cadical -s --bmc
@    47s  (worker 1 output)
@    47s  (stopping all workers)
@    47s  (copied results from worker 1 in /scratch/network/hongcez/hwmcc/avr-log/btor2/bv/mann/unsafe/pr_intersymbol_analog_estimation_convergence)
@    47s  [0;30;47m(proof race finished with answer unsafe in 46.89 seconds)[m
